[1.136s] Invoking command in '/home/harry/post_process/src/pdf_generator': PYTHONPATH=/home/harry/post_process/build/pdf_generator/prefix_override:/home/harry/post_process/install/pdf_generator/lib/python3.10/site-packages:${PYTHONPATH} /usr/bin/python3 setup.py egg_info --egg-base ../../build/pdf_generator build --build-base /home/harry/post_process/build/pdf_generator/build install --record /home/harry/post_process/build/pdf_generator/install.log --single-version-externally-managed
[1.356s] running egg_info
[1.357s] writing ../../build/pdf_generator/pdf_generator.egg-info/PKG-INFO
[1.358s] writing dependency_links to ../../build/pdf_generator/pdf_generator.egg-info/dependency_links.txt
[1.359s] writing entry points to ../../build/pdf_generator/pdf_generator.egg-info/entry_points.txt
[1.359s] writing requirements to ../../build/pdf_generator/pdf_generator.egg-info/requires.txt
[1.359s] writing top-level names to ../../build/pdf_generator/pdf_generator.egg-info/top_level.txt
[1.361s] reading manifest file '../../build/pdf_generator/pdf_generator.egg-info/SOURCES.txt'
[1.362s] writing manifest file '../../build/pdf_generator/pdf_generator.egg-info/SOURCES.txt'
[1.362s] running build
[1.362s] running build_py
[1.365s] copying pdf_generator/pdf_gen_node.py -> /home/harry/post_process/build/pdf_generator/build/lib/pdf_generator
[1.366s] running install
[1.366s] running install_lib
[1.368s] copying /home/harry/post_process/build/pdf_generator/build/lib/pdf_generator/pdf_gen_node.py -> /home/harry/post_process/install/pdf_generator/lib/python3.10/site-packages/pdf_generator
[1.370s] byte-compiling /home/harry/post_process/install/pdf_generator/lib/python3.10/site-packages/pdf_generator/pdf_gen_node.py to pdf_gen_node.cpython-310.pyc
[1.371s] running install_data
[1.373s] running install_egg_info
[1.375s] removing '/home/harry/post_process/install/pdf_generator/lib/python3.10/site-packages/pdf_generator-0.0.0-py3.10.egg-info' (and everything under it)
[1.376s] Copying ../../build/pdf_generator/pdf_generator.egg-info to /home/harry/post_process/install/pdf_generator/lib/python3.10/site-packages/pdf_generator-0.0.0-py3.10.egg-info
[1.379s] running install_scripts
[1.395s] Installing pg_node script to /home/harry/post_process/install/pdf_generator/lib/pdf_generator
[1.397s] writing list of installed files to '/home/harry/post_process/build/pdf_generator/install.log'
[1.426s] Invoked command in '/home/harry/post_process/src/pdf_generator' returned '0': PYTHONPATH=/home/harry/post_process/build/pdf_generator/prefix_override:/home/harry/post_process/install/pdf_generator/lib/python3.10/site-packages:${PYTHONPATH} /usr/bin/python3 setup.py egg_info --egg-base ../../build/pdf_generator build --build-base /home/harry/post_process/build/pdf_generator/build install --record /home/harry/post_process/build/pdf_generator/install.log --single-version-externally-managed
