[1.591s] DEBUG:colcon:Command line arguments: ['/usr/bin/colcon', 'build']
[1.591s] DEBUG:colcon:Parsed command line arguments: Namespace(log_base=None, log_level=None, verb_name='build', build_base='build', install_base='install', merge_install=False, symlink_install=False, test_result_base=None, continue_on_error=False, executor='parallel', parallel_workers=4, event_handlers=None, ignore_user_meta=False, metas=['./colcon.meta'], base_paths=['.'], packages_ignore=None, packages_ignore_regex=None, paths=None, packages_up_to=None, packages_up_to_regex=None, packages_above=None, packages_above_and_dependencies=None, packages_above_depth=None, packages_select_by_dep=None, packages_skip_by_dep=None, packages_skip_up_to=None, packages_select_build_failed=False, packages_skip_build_finished=False, packages_select_test_failures=False, packages_skip_test_passed=False, packages_select=None, packages_skip=None, packages_select_regex=None, packages_skip_regex=None, packages_start=None, packages_end=None, allow_overriding=[], cmake_args=None, cmake_target=None, cmake_target_skip_unavailable=False, cmake_clean_cache=False, cmake_clean_first=False, cmake_force_configure=False, ament_cmake_args=None, catkin_cmake_args=None, catkin_skip_building_tests=False, verb_parser=<colcon_defaults.argument_parser.defaults.DefaultArgumentsDecorator object at 0x7fcd94483640>, verb_extension=<colcon_core.verb.build.BuildVerb object at 0x7fcd952c8d30>, main=<bound method BuildVerb.main of <colcon_core.verb.build.BuildVerb object at 0x7fcd952c8d30>>)
[1.665s] Level 1:colcon.colcon_core.package_discovery:discover_packages(colcon_meta) check parameters
[1.665s] Level 1:colcon.colcon_core.package_discovery:discover_packages(recursive) check parameters
[1.666s] Level 1:colcon.colcon_core.package_discovery:discover_packages(ignore) check parameters
[1.666s] Level 1:colcon.colcon_core.package_discovery:discover_packages(path) check parameters
[1.666s] Level 1:colcon.colcon_core.package_discovery:discover_packages(colcon_meta) discover
[1.666s] Level 1:colcon.colcon_core.package_discovery:discover_packages(recursive) discover
[1.666s] INFO:colcon.colcon_core.package_discovery:Crawling recursively for packages in '/home/msc-robot/Documents/Team4_ros_ws/src/High_Vis/Thermal_Images'
[1.666s] Level 1:colcon.colcon_core.package_identification:_identify(.) by extensions ['ignore', 'ignore_ament_install']
[1.666s] Level 1:colcon.colcon_core.package_identification:_identify(.) by extension 'ignore'
[1.666s] Level 1:colcon.colcon_core.package_identification:_identify(.) by extension 'ignore_ament_install'
[1.666s] Level 1:colcon.colcon_core.package_identification:_identify(.) by extensions ['colcon_pkg']
[1.666s] Level 1:colcon.colcon_core.package_identification:_identify(.) by extension 'colcon_pkg'
[1.666s] Level 1:colcon.colcon_core.package_identification:_identify(.) by extensions ['colcon_meta']
[1.666s] Level 1:colcon.colcon_core.package_identification:_identify(.) by extension 'colcon_meta'
[1.666s] Level 1:colcon.colcon_core.package_identification:_identify(.) by extensions ['ros']
[1.666s] Level 1:colcon.colcon_core.package_identification:_identify(.) by extension 'ros'
[1.682s] Level 1:colcon.colcon_core.package_identification:_identify(.) by extensions ['cmake', 'python']
[1.682s] Level 1:colcon.colcon_core.package_identification:_identify(.) by extension 'cmake'
[1.682s] Level 1:colcon.colcon_core.package_identification:_identify(.) by extension 'python'
[1.682s] Level 1:colcon.colcon_core.package_identification:_identify(.) by extensions ['python_setup_py']
[1.682s] Level 1:colcon.colcon_core.package_identification:_identify(.) by extension 'python_setup_py'
[1.682s] Level 1:colcon.colcon_core.package_identification:_identify(build) by extensions ['ignore', 'ignore_ament_install']
[1.683s] Level 1:colcon.colcon_core.package_identification:_identify(build) by extension 'ignore'
[1.683s] Level 1:colcon.colcon_core.package_identification:_identify(build) ignored
[1.683s] Level 1:colcon.colcon_core.package_identification:_identify(install) by extensions ['ignore', 'ignore_ament_install']
[1.683s] Level 1:colcon.colcon_core.package_identification:_identify(install) by extension 'ignore'
[1.683s] Level 1:colcon.colcon_core.package_identification:_identify(install) ignored
[1.683s] Level 1:colcon.colcon_core.package_identification:_identify(log) by extensions ['ignore', 'ignore_ament_install']
[1.683s] Level 1:colcon.colcon_core.package_identification:_identify(log) by extension 'ignore'
[1.683s] Level 1:colcon.colcon_core.package_identification:_identify(log) ignored
[1.684s] Level 1:colcon.colcon_core.package_identification:_identify(src) by extensions ['ignore', 'ignore_ament_install']
[1.684s] Level 1:colcon.colcon_core.package_identification:_identify(src) by extension 'ignore'
[1.684s] Level 1:colcon.colcon_core.package_identification:_identify(src) by extension 'ignore_ament_install'
[1.684s] Level 1:colcon.colcon_core.package_identification:_identify(src) by extensions ['colcon_pkg']
[1.684s] Level 1:colcon.colcon_core.package_identification:_identify(src) by extension 'colcon_pkg'
[1.684s] Level 1:colcon.colcon_core.package_identification:_identify(src) by extensions ['colcon_meta']
[1.684s] Level 1:colcon.colcon_core.package_identification:_identify(src) by extension 'colcon_meta'
[1.684s] Level 1:colcon.colcon_core.package_identification:_identify(src) by extensions ['ros']
[1.684s] Level 1:colcon.colcon_core.package_identification:_identify(src) by extension 'ros'
[1.684s] Level 1:colcon.colcon_core.package_identification:_identify(src) by extensions ['cmake', 'python']
[1.684s] Level 1:colcon.colcon_core.package_identification:_identify(src) by extension 'cmake'
[1.684s] Level 1:colcon.colcon_core.package_identification:_identify(src) by extension 'python'
[1.684s] Level 1:colcon.colcon_core.package_identification:_identify(src) by extensions ['python_setup_py']
[1.684s] Level 1:colcon.colcon_core.package_identification:_identify(src) by extension 'python_setup_py'
[1.684s] Level 1:colcon.colcon_core.package_identification:_identify(src/TI_Save_Folder) by extensions ['ignore', 'ignore_ament_install']
[1.684s] Level 1:colcon.colcon_core.package_identification:_identify(src/TI_Save_Folder) by extension 'ignore'
[1.685s] Level 1:colcon.colcon_core.package_identification:_identify(src/TI_Save_Folder) by extension 'ignore_ament_install'
[1.685s] Level 1:colcon.colcon_core.package_identification:_identify(src/TI_Save_Folder) by extensions ['colcon_pkg']
[1.685s] Level 1:colcon.colcon_core.package_identification:_identify(src/TI_Save_Folder) by extension 'colcon_pkg'
[1.685s] Level 1:colcon.colcon_core.package_identification:_identify(src/TI_Save_Folder) by extensions ['colcon_meta']
[1.685s] Level 1:colcon.colcon_core.package_identification:_identify(src/TI_Save_Folder) by extension 'colcon_meta'
[1.685s] Level 1:colcon.colcon_core.package_identification:_identify(src/TI_Save_Folder) by extensions ['ros']
[1.685s] Level 1:colcon.colcon_core.package_identification:_identify(src/TI_Save_Folder) by extension 'ros'
[1.685s] Level 1:colcon.colcon_core.package_identification:_identify(src/TI_Save_Folder) by extensions ['cmake', 'python']
[1.685s] Level 1:colcon.colcon_core.package_identification:_identify(src/TI_Save_Folder) by extension 'cmake'
[1.685s] Level 1:colcon.colcon_core.package_identification:_identify(src/TI_Save_Folder) by extension 'python'
[1.685s] Level 1:colcon.colcon_core.package_identification:_identify(src/TI_Save_Folder) by extensions ['python_setup_py']
[1.685s] Level 1:colcon.colcon_core.package_identification:_identify(src/TI_Save_Folder) by extension 'python_setup_py'
[1.685s] Level 1:colcon.colcon_core.package_identification:_identify(src/Thermal_Image_Save) by extensions ['ignore', 'ignore_ament_install']
[1.685s] Level 1:colcon.colcon_core.package_identification:_identify(src/Thermal_Image_Save) by extension 'ignore'
[1.685s] Level 1:colcon.colcon_core.package_identification:_identify(src/Thermal_Image_Save) by extension 'ignore_ament_install'
[1.686s] Level 1:colcon.colcon_core.package_identification:_identify(src/Thermal_Image_Save) by extensions ['colcon_pkg']
[1.686s] Level 1:colcon.colcon_core.package_identification:_identify(src/Thermal_Image_Save) by extension 'colcon_pkg'
[1.686s] Level 1:colcon.colcon_core.package_identification:_identify(src/Thermal_Image_Save) by extensions ['colcon_meta']
[1.686s] Level 1:colcon.colcon_core.package_identification:_identify(src/Thermal_Image_Save) by extension 'colcon_meta'
[1.686s] Level 1:colcon.colcon_core.package_identification:_identify(src/Thermal_Image_Save) by extensions ['ros']
[1.686s] Level 1:colcon.colcon_core.package_identification:_identify(src/Thermal_Image_Save) by extension 'ros'
[1.689s] DEBUG:colcon.colcon_core.package_identification:Package 'src/Thermal_Image_Save' with type 'ros.ament_python' and name 'Thermal_Image_Save'
[1.689s] Level 1:colcon.colcon_core.package_discovery:discover_packages(recursive) using defaults
[1.689s] Level 1:colcon.colcon_core.package_discovery:discover_packages(ignore) discover
[1.689s] Level 1:colcon.colcon_core.package_discovery:discover_packages(ignore) using defaults
[1.689s] Level 1:colcon.colcon_core.package_discovery:discover_packages(path) discover
[1.689s] Level 1:colcon.colcon_core.package_discovery:discover_packages(path) using defaults
[1.840s] Level 1:colcon.colcon_core.package_discovery:discover_packages(prefix_path) check parameters
[1.840s] Level 1:colcon.colcon_core.package_discovery:discover_packages(prefix_path) discover
[1.889s] DEBUG:colcon.colcon_installed_package_information.package_discovery:Found 1 installed packages in /home/msc-robot/Documents/Team4_ros_ws/src/High_Vis/Thermal_Images/install
[1.912s] DEBUG:colcon.colcon_installed_package_information.package_discovery:Found 2 installed packages in /home/msc-robot/Documents/Team4_ros_ws/src/High_Vis/post_process/install
[1.935s] DEBUG:colcon.colcon_installed_package_information.package_discovery:Found 11 installed packages in /home/msc-robot/Documents/Team4_ros_ws/src/Thermal/install
[1.958s] DEBUG:colcon.colcon_installed_package_information.package_discovery:Found 28 installed packages in /home/msc-robot/Documents/Team4_ros_ws/install
[1.995s] DEBUG:colcon.colcon_installed_package_information.package_discovery:Found 373 installed packages in /opt/ros/humble
[1.998s] Level 1:colcon.colcon_core.package_discovery:discover_packages(prefix_path) using defaults
[2.151s] Level 5:colcon.colcon_core.verb:set package 'Thermal_Image_Save' build argument 'cmake_args' from command line to 'None'
[2.151s] Level 5:colcon.colcon_core.verb:set package 'Thermal_Image_Save' build argument 'cmake_target' from command line to 'None'
[2.151s] Level 5:colcon.colcon_core.verb:set package 'Thermal_Image_Save' build argument 'cmake_target_skip_unavailable' from command line to 'False'
[2.151s] Level 5:colcon.colcon_core.verb:set package 'Thermal_Image_Save' build argument 'cmake_clean_cache' from command line to 'False'
[2.151s] Level 5:colcon.colcon_core.verb:set package 'Thermal_Image_Save' build argument 'cmake_clean_first' from command line to 'False'
[2.152s] Level 5:colcon.colcon_core.verb:set package 'Thermal_Image_Save' build argument 'cmake_force_configure' from command line to 'False'
[2.152s] Level 5:colcon.colcon_core.verb:set package 'Thermal_Image_Save' build argument 'ament_cmake_args' from command line to 'None'
[2.152s] Level 5:colcon.colcon_core.verb:set package 'Thermal_Image_Save' build argument 'catkin_cmake_args' from command line to 'None'
[2.152s] Level 5:colcon.colcon_core.verb:set package 'Thermal_Image_Save' build argument 'catkin_skip_building_tests' from command line to 'False'
[2.152s] DEBUG:colcon.colcon_core.verb:Building package 'Thermal_Image_Save' with the following arguments: {'ament_cmake_args': None, 'build_base': '/home/msc-robot/Documents/Team4_ros_ws/src/High_Vis/Thermal_Images/build/Thermal_Image_Save', 'catkin_cmake_args': None, 'catkin_skip_building_tests': False, 'cmake_args': None, 'cmake_clean_cache': False, 'cmake_clean_first': False, 'cmake_force_configure': False, 'cmake_target': None, 'cmake_target_skip_unavailable': False, 'install_base': '/home/msc-robot/Documents/Team4_ros_ws/src/High_Vis/Thermal_Images/install/Thermal_Image_Save', 'merge_install': False, 'path': '/home/msc-robot/Documents/Team4_ros_ws/src/High_Vis/Thermal_Images/src/Thermal_Image_Save', 'symlink_install': False, 'test_result_base': None}
[2.174s] INFO:colcon.colcon_core.executor:Executing jobs using 'parallel' executor
[2.198s] DEBUG:colcon.colcon_parallel_executor.executor.parallel:run_until_complete
[2.198s] INFO:colcon.colcon_ros.task.ament_python.build:Building ROS package in '/home/msc-robot/Documents/Team4_ros_ws/src/High_Vis/Thermal_Images/src/Thermal_Image_Save' with build type 'ament_python'
[2.198s] Level 1:colcon.colcon_core.shell:create_environment_hook('Thermal_Image_Save', 'ament_prefix_path')
[2.225s] INFO:colcon.colcon_core.plugin_system:Skipping extension 'colcon_core.shell.bat': Not used on non-Windows systems
[2.225s] INFO:colcon.colcon_core.shell:Creating environment hook '/home/msc-robot/Documents/Team4_ros_ws/src/High_Vis/Thermal_Images/install/Thermal_Image_Save/share/Thermal_Image_Save/hook/ament_prefix_path.ps1'
[2.227s] INFO:colcon.colcon_core.shell:Creating environment descriptor '/home/msc-robot/Documents/Team4_ros_ws/src/High_Vis/Thermal_Images/install/Thermal_Image_Save/share/Thermal_Image_Save/hook/ament_prefix_path.dsv'
[2.228s] INFO:colcon.colcon_core.shell:Creating environment hook '/home/msc-robot/Documents/Team4_ros_ws/src/High_Vis/Thermal_Images/install/Thermal_Image_Save/share/Thermal_Image_Save/hook/ament_prefix_path.sh'
[2.253s] INFO:colcon.colcon_core.shell:Skip shell extension 'powershell' for command environment: Not usable outside of PowerShell
[2.253s] DEBUG:colcon.colcon_core.shell:Skip shell extension 'dsv' for command environment
[2.867s] DEBUG:colcon.colcon_parallel_executor.executor.parallel:closing loop
[2.867s] DEBUG:colcon.colcon_parallel_executor.executor.parallel:loop closed
[2.868s] DEBUG:colcon.colcon_parallel_executor.executor.parallel:run_until_complete finished with 'Command '['/usr/bin/python3', '-c', 'import sys;from contextlib import suppress;exec("with suppress(ImportError):    from setuptools.extern.packaging.specifiers    import SpecifierSet");exec("with suppress(ImportError):    from packaging.specifiers import SpecifierSet");from distutils.core import run_setup;dist = run_setup(    \'setup.py\', script_args=(\'--dry-run\',), stop_after=\'config\');skip_keys = (\'cmdclass\', \'distclass\', \'ext_modules\', \'metadata\');data = {    key: value for key, value in dist.__dict__.items()     if (        not key.startswith(\'_\') and         not callable(value) and         key not in skip_keys and         key not in dist.display_option_names    )};data[\'metadata\'] = {    k: v for k, v in dist.metadata.__dict__.items()     if k not in (\'license_files\', \'provides_extras\')};sys.stdout.buffer.write(repr(data).encode(\'utf-8\'))']' returned non-zero exit status 1.'
[2.868s] DEBUG:colcon.colcon_core.event_reactor:joining thread
[2.900s] INFO:colcon.colcon_core.plugin_system:Skipping extension 'colcon_notification.desktop_notification.terminal_notifier': Not used on non-Darwin systems
[2.900s] INFO:colcon.colcon_core.plugin_system:Skipping extension 'colcon_notification.desktop_notification.win32': Not used on non-Windows systems
[2.900s] INFO:colcon.colcon_notification.desktop_notification:Sending desktop notification using 'notify2'
[2.916s] DEBUG:colcon.colcon_core.event_reactor:joined thread
[2.954s] INFO:colcon.colcon_core.shell:Creating prefix script '/home/msc-robot/Documents/Team4_ros_ws/src/High_Vis/Thermal_Images/install/local_setup.ps1'
[2.955s] INFO:colcon.colcon_core.shell:Creating prefix util module '/home/msc-robot/Documents/Team4_ros_ws/src/High_Vis/Thermal_Images/install/_local_setup_util_ps1.py'
[2.957s] INFO:colcon.colcon_core.shell:Creating prefix chain script '/home/msc-robot/Documents/Team4_ros_ws/src/High_Vis/Thermal_Images/install/setup.ps1'
[2.986s] INFO:colcon.colcon_core.shell:Creating prefix script '/home/msc-robot/Documents/Team4_ros_ws/src/High_Vis/Thermal_Images/install/local_setup.sh'
[2.987s] INFO:colcon.colcon_core.shell:Creating prefix util module '/home/msc-robot/Documents/Team4_ros_ws/src/High_Vis/Thermal_Images/install/_local_setup_util_sh.py'
[2.987s] INFO:colcon.colcon_core.shell:Creating prefix chain script '/home/msc-robot/Documents/Team4_ros_ws/src/High_Vis/Thermal_Images/install/setup.sh'
[3.017s] INFO:colcon.colcon_core.shell:Creating prefix script '/home/msc-robot/Documents/Team4_ros_ws/src/High_Vis/Thermal_Images/install/local_setup.bash'
[3.018s] INFO:colcon.colcon_core.shell:Creating prefix chain script '/home/msc-robot/Documents/Team4_ros_ws/src/High_Vis/Thermal_Images/install/setup.bash'
[3.045s] INFO:colcon.colcon_core.shell:Creating prefix script '/home/msc-robot/Documents/Team4_ros_ws/src/High_Vis/Thermal_Images/install/local_setup.zsh'
[3.046s] INFO:colcon.colcon_core.shell:Creating prefix chain script '/home/msc-robot/Documents/Team4_ros_ws/src/High_Vis/Thermal_Images/install/setup.zsh'
