[0.349s] Invoking command in '/home/harry/High_Vis/Thermal_Images/build/usb_cam': CMAKE_PREFIX_PATH=/home/harry/High_Vis/post_process/install/pdf_generator:/home/harry/High_Vis/post_process/install/hotspot_detection:/opt/ros/humble /usr/bin/cmake /home/harry/High_Vis/Thermal_Images/src/usb_cam -DCMAKE_INSTALL_PREFIX=/home/harry/High_Vis/Thermal_Images/install/usb_cam
[0.643s] -- The C compiler identification is GNU 11.4.0
[1.127s] -- The CXX compiler identification is GNU 11.4.0
[1.518s] -- Detecting C compiler ABI info
[1.648s] -- Detecting C compiler ABI info - done
[1.655s] -- Check for working C compiler: /usr/bin/cc - skipped
[1.656s] -- Detecting C compile features
[1.657s] -- Detecting C compile features - done
[1.660s] -- Detecting CXX compiler ABI info
[1.796s] -- Detecting CXX compiler ABI info - done
[1.803s] -- Check for working CXX compiler: /usr/bin/c++ - skipped
[1.804s] -- Detecting CXX compile features
[1.804s] -- Detecting CXX compile features - done
[1.810s] -- Found ament_cmake_auto: 1.3.6 (/opt/ros/humble/share/ament_cmake_auto/cmake)
[1.969s] -- Found Python3: /usr/bin/python3.10 (found version "3.10.12") found components: Interpreter 
[2.338s] -- Found rosidl_generator_c: 3.1.5 (/opt/ros/humble/share/rosidl_generator_c/cmake)
[2.345s] -- Found rosidl_adapter: 3.1.5 (/opt/ros/humble/share/rosidl_adapter/cmake)
[2.355s] -- Found rosidl_generator_cpp: 3.1.5 (/opt/ros/humble/share/rosidl_generator_cpp/cmake)
[2.370s] -- Using all available rosidl_typesupport_c: rosidl_typesupport_fastrtps_c;rosidl_typesupport_introspection_c
[2.391s] -- Using all available rosidl_typesupport_cpp: rosidl_typesupport_fastrtps_cpp;rosidl_typesupport_introspection_cpp
[2.472s] -- Found rmw_implementation_cmake: 6.1.1 (/opt/ros/humble/share/rmw_implementation_cmake/cmake)
[2.475s] -- Found rmw_fastrtps_cpp: 6.2.5 (/opt/ros/humble/share/rmw_fastrtps_cpp/cmake)
[3.796s] -- Found OpenSSL: /usr/lib/x86_64-linux-gnu/libcrypto.so (found version "3.0.2")  
[5.164s] -- Found FastRTPS: /opt/ros/humble/include  
[7.872s] -- Using RMW implementation 'rmw_fastrtps_cpp' as default
[7.884s] -- Looking for pthread.h
[8.023s] -- Looking for pthread.h - found
[8.023s] -- Performing Test CMAKE_HAVE_LIBC_PTHREAD
[8.164s] -- Performing Test CMAKE_HAVE_LIBC_PTHREAD - Success
[8.165s] -- Found Threads: TRUE  
[12.484s] -- Found OpenCV: /usr (found version "4.5.4") 
[12.488s] -- Found PkgConfig: /usr/bin/pkg-config (found version "0.29.2") 
[12.489s] -- Checking for module 'libavcodec'
[12.500s] --   Found libavcodec, version 58.134.100
[12.523s] -- Checking for module 'libavutil'
[12.532s] --   Found libavutil, version 56.70.100
[12.554s] -- Checking for module 'libswscale'
[12.562s] --   Found libswscale, version 5.9.100
[12.594s] -- Found ament_lint_auto: 0.12.9 (/opt/ros/humble/share/ament_lint_auto/cmake)
[12.615s] -- Found gtest sources under '/opt/ros/humble/src/gtest_vendor': C++ tests using 'Google Test' will be built
[12.626s] -- Added test 'copyright' to check source files copyright and LICENSE
[12.630s] -- Added test 'cppcheck' to perform static code analysis on C / C++ code
[12.630s] -- Configured cppcheck include dirs: /home/harry/High_Vis/Thermal_Images/src/usb_cam/include
[12.630s] -- Configured cppcheck exclude dirs and/or files: 
[12.635s] -- Added test 'cpplint' to check C / C++ code against the Google style
[12.635s] -- Configured cpplint exclude dirs and/or files: 
[12.636s] -- Added test 'flake8' to check Python code syntax and style conventions
[12.638s] -- Added test 'lint_cmake' to check CMake code style
[12.639s] -- Added test 'pep257' to check Python code against some of the docstring style conventions in PEP 257
[12.641s] -- Added test 'uncrustify' to check C / C++ code style
[12.642s] -- Configured uncrustify additional arguments: 
[12.642s] -- Added test 'xmllint' to check XML markup files
[12.646s] -- Configuring done
[12.678s] -- Generating done
[12.681s] -- Build files have been written to: /home/harry/High_Vis/Thermal_Images/build/usb_cam
[12.693s] Invoked command in '/home/harry/High_Vis/Thermal_Images/build/usb_cam' returned '0': CMAKE_PREFIX_PATH=/home/harry/High_Vis/post_process/install/pdf_generator:/home/harry/High_Vis/post_process/install/hotspot_detection:/opt/ros/humble /usr/bin/cmake /home/harry/High_Vis/Thermal_Images/src/usb_cam -DCMAKE_INSTALL_PREFIX=/home/harry/High_Vis/Thermal_Images/install/usb_cam
[12.696s] Invoking command in '/home/harry/High_Vis/Thermal_Images/build/usb_cam': CMAKE_PREFIX_PATH=/home/harry/High_Vis/post_process/install/pdf_generator:/home/harry/High_Vis/post_process/install/hotspot_detection:/opt/ros/humble /usr/bin/cmake --build /home/harry/High_Vis/Thermal_Images/build/usb_cam -- -j8 -l8
[12.734s] [ 21%] [32mBuilding CXX object CMakeFiles/usb_cam.dir/src/usb_cam.cpp.o[0m
[12.734s] [ 21%] [32mBuilding CXX object gtest/CMakeFiles/gtest.dir/src/gtest-all.cc.o[0m
[12.734s] [ 21%] [32mBuilding CXX object CMakeFiles/usb_cam_node_exe.dir/rclcpp_components/node_main_usb_cam_node_exe.cpp.o[0m
[12.736s] [ 28%] [32mBuilding CXX object gtest/CMakeFiles/gtest_main.dir/src/gtest_main.cc.o[0m
[13.651s] [ 35%] [32m[1mLinking CXX static library libgtest_main.a[0m
[13.692s] [ 35%] Built target gtest_main
[14.974s] [ 42%] [32m[1mLinking CXX shared library libusb_cam.so[0m
[15.319s] [ 42%] Built target usb_cam
[15.340s] [ 50%] [32mBuilding CXX object CMakeFiles/usb_cam_node.dir/src/ros2/usb_cam_node.cpp.o[0m
[16.468s] [ 57%] [32m[1mLinking CXX static library libgtest.a[0m
[16.522s] [ 57%] Built target gtest
[16.541s] [ 64%] [32mBuilding CXX object CMakeFiles/test_usb_cam_utils.dir/test/test_usb_cam_utils.cpp.o[0m
[16.543s] [ 71%] [32mBuilding CXX object CMakeFiles/test_pixel_formats.dir/test/test_pixel_formats.cpp.o[0m
[16.910s] [ 78%] [32m[1mLinking CXX executable usb_cam_node_exe[0m
[17.281s] [ 78%] Built target usb_cam_node_exe
[17.564s] [ 85%] [32m[1mLinking CXX executable test_usb_cam_utils[0m
[17.841s] [ 85%] Built target test_usb_cam_utils
[17.865s] [ 92%] [32m[1mLinking CXX executable test_pixel_formats[0m
[18.115s] [ 92%] Built target test_pixel_formats
[23.136s] [100%] [32m[1mLinking CXX shared library libusb_cam_node.so[0m
[23.740s] [100%] Built target usb_cam_node
[23.749s] Invoked command in '/home/harry/High_Vis/Thermal_Images/build/usb_cam' returned '0': CMAKE_PREFIX_PATH=/home/harry/High_Vis/post_process/install/pdf_generator:/home/harry/High_Vis/post_process/install/hotspot_detection:/opt/ros/humble /usr/bin/cmake --build /home/harry/High_Vis/Thermal_Images/build/usb_cam -- -j8 -l8
[23.798s] Invoking command in '/home/harry/High_Vis/Thermal_Images/build/usb_cam': CMAKE_PREFIX_PATH=/home/harry/High_Vis/post_process/install/pdf_generator:/home/harry/High_Vis/post_process/install/hotspot_detection:/opt/ros/humble /usr/bin/cmake --install /home/harry/High_Vis/Thermal_Images/build/usb_cam
[23.805s] -- Install configuration: ""
[23.809s] -- Installing: /home/harry/High_Vis/Thermal_Images/install/usb_cam/share/usb_cam/environment/library_path.sh
[23.809s] -- Installing: /home/harry/High_Vis/Thermal_Images/install/usb_cam/share/usb_cam/environment/library_path.dsv
[23.810s] -- Installing: /home/harry/High_Vis/Thermal_Images/install/usb_cam/lib/usb_cam/usb_cam_node_exe
[23.811s] -- Set runtime path of "/home/harry/High_Vis/Thermal_Images/install/usb_cam/lib/usb_cam/usb_cam_node_exe" to ""
[23.811s] -- Installing: /home/harry/High_Vis/Thermal_Images/install/usb_cam/lib/usb_cam/show_image.py
[23.812s] -- Installing: /home/harry/High_Vis/Thermal_Images/install/usb_cam/lib/libusb_cam.so
[23.813s] -- Installing: /home/harry/High_Vis/Thermal_Images/install/usb_cam/lib/libusb_cam_node.so
[23.817s] -- Set runtime path of "/home/harry/High_Vis/Thermal_Images/install/usb_cam/lib/libusb_cam_node.so" to ""
[23.817s] -- Installing: /home/harry/High_Vis/Thermal_Images/install/usb_cam/include
[23.818s] -- Installing: /home/harry/High_Vis/Thermal_Images/install/usb_cam/include/usb_cam
[23.818s] -- Installing: /home/harry/High_Vis/Thermal_Images/install/usb_cam/include/usb_cam/constants.hpp
[23.818s] -- Installing: /home/harry/High_Vis/Thermal_Images/install/usb_cam/include/usb_cam/conversions.hpp
[23.818s] -- Installing: /home/harry/High_Vis/Thermal_Images/install/usb_cam/include/usb_cam/formats
[23.818s] -- Installing: /home/harry/High_Vis/Thermal_Images/install/usb_cam/include/usb_cam/formats/rgb.hpp
[23.819s] -- Installing: /home/harry/High_Vis/Thermal_Images/install/usb_cam/include/usb_cam/formats/yuyv.hpp
[23.819s] -- Installing: /home/harry/High_Vis/Thermal_Images/install/usb_cam/include/usb_cam/formats/m420.hpp
[23.819s] -- Installing: /home/harry/High_Vis/Thermal_Images/install/usb_cam/include/usb_cam/formats/pixel_format_base.hpp
[23.819s] -- Installing: /home/harry/High_Vis/Thermal_Images/install/usb_cam/include/usb_cam/formats/mjpeg.hpp
[23.819s] -- Installing: /home/harry/High_Vis/Thermal_Images/install/usb_cam/include/usb_cam/formats/uyvy.hpp
[23.820s] -- Installing: /home/harry/High_Vis/Thermal_Images/install/usb_cam/include/usb_cam/formats/utils.hpp
[23.820s] -- Installing: /home/harry/High_Vis/Thermal_Images/install/usb_cam/include/usb_cam/formats/mono.hpp
[23.820s] -- Installing: /home/harry/High_Vis/Thermal_Images/install/usb_cam/include/usb_cam/formats/av_pixel_format_helper.hpp
[23.820s] -- Installing: /home/harry/High_Vis/Thermal_Images/install/usb_cam/include/usb_cam/usb_cam_node.hpp
[23.821s] -- Installing: /home/harry/High_Vis/Thermal_Images/install/usb_cam/include/usb_cam/utils.hpp
[23.821s] -- Installing: /home/harry/High_Vis/Thermal_Images/install/usb_cam/include/usb_cam/usb_cam.hpp
[23.821s] -- Up-to-date: /home/harry/High_Vis/Thermal_Images/install/usb_cam/lib/libusb_cam_node.so
[23.821s] -- Installing: /home/harry/High_Vis/Thermal_Images/install/usb_cam/share/usb_cam/launch
[23.821s] -- Installing: /home/harry/High_Vis/Thermal_Images/install/usb_cam/share/usb_cam/launch/camera.launch.py
[23.822s] -- Installing: /home/harry/High_Vis/Thermal_Images/install/usb_cam/share/usb_cam/launch/camera_config.py
[23.822s] -- Installing: /home/harry/High_Vis/Thermal_Images/install/usb_cam/share/usb_cam/launch/__init__.py
[23.822s] -- Installing: /home/harry/High_Vis/Thermal_Images/install/usb_cam/share/usb_cam/config
[23.822s] -- Installing: /home/harry/High_Vis/Thermal_Images/install/usb_cam/share/usb_cam/config/camera_info.yaml
[23.823s] -- Installing: /home/harry/High_Vis/Thermal_Images/install/usb_cam/share/usb_cam/config/params_1.yaml
[23.823s] -- Installing: /home/harry/High_Vis/Thermal_Images/install/usb_cam/share/usb_cam/config/params_2.yaml
[23.823s] -- Installing: /home/harry/High_Vis/Thermal_Images/install/usb_cam/share/ament_index/resource_index/package_run_dependencies/usb_cam
[23.823s] -- Installing: /home/harry/High_Vis/Thermal_Images/install/usb_cam/share/ament_index/resource_index/parent_prefix_path/usb_cam
[23.823s] -- Installing: /home/harry/High_Vis/Thermal_Images/install/usb_cam/share/usb_cam/environment/ament_prefix_path.sh
[23.823s] -- Installing: /home/harry/High_Vis/Thermal_Images/install/usb_cam/share/usb_cam/environment/ament_prefix_path.dsv
[23.823s] -- Installing: /home/harry/High_Vis/Thermal_Images/install/usb_cam/share/usb_cam/environment/path.sh
[23.823s] -- Installing: /home/harry/High_Vis/Thermal_Images/install/usb_cam/share/usb_cam/environment/path.dsv
[23.823s] -- Installing: /home/harry/High_Vis/Thermal_Images/install/usb_cam/share/usb_cam/local_setup.bash
[23.823s] -- Installing: /home/harry/High_Vis/Thermal_Images/install/usb_cam/share/usb_cam/local_setup.sh
[23.823s] -- Installing: /home/harry/High_Vis/Thermal_Images/install/usb_cam/share/usb_cam/local_setup.zsh
[23.824s] -- Installing: /home/harry/High_Vis/Thermal_Images/install/usb_cam/share/usb_cam/local_setup.dsv
[23.824s] -- Installing: /home/harry/High_Vis/Thermal_Images/install/usb_cam/share/usb_cam/package.dsv
[23.824s] -- Installing: /home/harry/High_Vis/Thermal_Images/install/usb_cam/share/ament_index/resource_index/packages/usb_cam
[23.825s] -- Installing: /home/harry/High_Vis/Thermal_Images/install/usb_cam/share/ament_index/resource_index/rclcpp_components/usb_cam
[23.825s] -- Installing: /home/harry/High_Vis/Thermal_Images/install/usb_cam/share/usb_cam/cmake/ament_cmake_export_libraries-extras.cmake
[23.826s] -- Installing: /home/harry/High_Vis/Thermal_Images/install/usb_cam/share/usb_cam/cmake/ament_cmake_export_dependencies-extras.cmake
[23.826s] -- Installing: /home/harry/High_Vis/Thermal_Images/install/usb_cam/share/usb_cam/cmake/ament_cmake_export_include_directories-extras.cmake
[23.826s] -- Installing: /home/harry/High_Vis/Thermal_Images/install/usb_cam/share/usb_cam/cmake/usb_camConfig.cmake
[23.826s] -- Installing: /home/harry/High_Vis/Thermal_Images/install/usb_cam/share/usb_cam/cmake/usb_camConfig-version.cmake
[23.827s] -- Installing: /home/harry/High_Vis/Thermal_Images/install/usb_cam/share/usb_cam/package.xml
[23.829s] Invoked command in '/home/harry/High_Vis/Thermal_Images/build/usb_cam' returned '0': CMAKE_PREFIX_PATH=/home/harry/High_Vis/post_process/install/pdf_generator:/home/harry/High_Vis/post_process/install/hotspot_detection:/opt/ros/humble /usr/bin/cmake --install /home/harry/High_Vis/Thermal_Images/build/usb_cam
