[0.651s] Invoking command in '/home/kacper/action_server_ws/src/actions_py': CMAKE_PREFIX_PATH=/home/kacper/action_server_ws/install/my_robot_interfaces:/home/kacper/action_server_ws/install/tutorial_crash_course:/home/kacper/project_ws/install/pointcloud_to_laserscan:/home/kacper/project_ws/install/clearpath_simulator:/home/kacper/project_ws/install/clearpath_gz:/home/kacper/project_ws/install/clearpath_generator_gz:/home/kacper/project_ws/install/clearpath_common:/home/kacper/project_ws/install/clearpath_generator_common:/home/kacper/project_ws/install/clearpath_description:/home/kacper/project_ws/install/clearpath_sensors_description:/home/kacper/project_ws/install/clearpath_platform:/home/kacper/project_ws/install/clearpath_msgs:/home/kacper/project_ws/install/clearpath_platform_msgs:/home/kacper/project_ws/install/clearpath_platform_description:/home/kacper/project_ws/install/clearpath_nav2:/home/kacper/project_ws/install/clearpath_mounts_description:/home/kacper/project_ws/install/clearpath_control:/home/kacper/clearpath_ws4/install/clearpath_simulator:/home/kacper/clearpath_ws4/install/clearpath_gz:/home/kacper/clearpath_ws4/install/clearpath_generator_gz:/home/kacper/robotis_ws/install/dynamixel_sdk_examples:/home/kacper/robotis_ws/install/dynamixel_sdk_custom_interfaces:/home/kacper/robotis_ws/install/dynamixel_sdk LD_LIBRARY_PATH=/home/kacper/action_server_ws/install/my_robot_interfaces/lib:/home/kacper/action_server_ws/install/tutorial_crash_course/lib:/home/kacper/project_ws/install/pointcloud_to_laserscan/lib:/home/kacper/project_ws/install/clearpath_platform/lib:/home/kacper/project_ws/install/clearpath_platform_msgs/lib:/home/kacper/robotis_ws/install/dynamixel_sdk_custom_interfaces/lib:/home/kacper/robotis_ws/install/dynamixel_sdk/lib:/usr/lib/x86_64-linux-gnu/gazebo-11/plugins:/opt/ros/humble/opt/rviz_ogre_vendor/lib:/opt/ros/humble/lib/x86_64-linux-gnu:/opt/ros/humble/lib PYTHONPATH=/home/kacper/action_server_ws/build/actions_py/prefix_override:/home/kacper/action_server_ws/install/actions_py/lib/python3.10/site-packages:${PYTHONPATH} /usr/bin/python3 -W ignore:setup.py install is deprecated setup.py egg_info --egg-base ../../build/actions_py build --build-base /home/kacper/action_server_ws/build/actions_py/build install --record /home/kacper/action_server_ws/build/actions_py/install.log --single-version-externally-managed install_data
[0.829s] running egg_info
[0.829s] creating ../../build/actions_py/actions_py.egg-info
[0.829s] writing ../../build/actions_py/actions_py.egg-info/PKG-INFO
[0.829s] writing dependency_links to ../../build/actions_py/actions_py.egg-info/dependency_links.txt
[0.829s] writing entry points to ../../build/actions_py/actions_py.egg-info/entry_points.txt
[0.829s] writing requirements to ../../build/actions_py/actions_py.egg-info/requires.txt
[0.830s] writing top-level names to ../../build/actions_py/actions_py.egg-info/top_level.txt
[0.830s] writing manifest file '../../build/actions_py/actions_py.egg-info/SOURCES.txt'
[0.831s] reading manifest file '../../build/actions_py/actions_py.egg-info/SOURCES.txt'
[0.831s] writing manifest file '../../build/actions_py/actions_py.egg-info/SOURCES.txt'
[0.831s] running build
[0.831s] running build_py
[0.831s] creating /home/kacper/action_server_ws/build/actions_py/build
[0.832s] creating /home/kacper/action_server_ws/build/actions_py/build/lib
[0.832s] creating /home/kacper/action_server_ws/build/actions_py/build/lib/actions_py
[0.832s] copying actions_py/count_until_server.py -> /home/kacper/action_server_ws/build/actions_py/build/lib/actions_py
[0.832s] copying actions_py/__init__.py -> /home/kacper/action_server_ws/build/actions_py/build/lib/actions_py
[0.832s] running install
[0.832s] running install_lib
[0.832s] creating /home/kacper/action_server_ws/install/actions_py/lib/python3.10/site-packages/actions_py
[0.833s] copying /home/kacper/action_server_ws/build/actions_py/build/lib/actions_py/count_until_server.py -> /home/kacper/action_server_ws/install/actions_py/lib/python3.10/site-packages/actions_py
[0.833s] copying /home/kacper/action_server_ws/build/actions_py/build/lib/actions_py/__init__.py -> /home/kacper/action_server_ws/install/actions_py/lib/python3.10/site-packages/actions_py
[0.833s] byte-compiling /home/kacper/action_server_ws/install/actions_py/lib/python3.10/site-packages/actions_py/count_until_server.py to count_until_server.cpython-310.pyc
[0.834s] byte-compiling /home/kacper/action_server_ws/install/actions_py/lib/python3.10/site-packages/actions_py/__init__.py to __init__.cpython-310.pyc
[0.834s] running install_data
[0.834s] creating /home/kacper/action_server_ws/install/actions_py/share/ament_index
[0.834s] creating /home/kacper/action_server_ws/install/actions_py/share/ament_index/resource_index
[0.834s] creating /home/kacper/action_server_ws/install/actions_py/share/ament_index/resource_index/packages
[0.834s] copying resource/actions_py -> /home/kacper/action_server_ws/install/actions_py/share/ament_index/resource_index/packages
[0.834s] copying package.xml -> /home/kacper/action_server_ws/install/actions_py/share/actions_py
[0.834s] running install_egg_info
[0.835s] Copying ../../build/actions_py/actions_py.egg-info to /home/kacper/action_server_ws/install/actions_py/lib/python3.10/site-packages/actions_py-0.0.0-py3.10.egg-info
[0.836s] running install_scripts
[0.849s] writing list of installed files to '/home/kacper/action_server_ws/build/actions_py/install.log'
[0.866s] Invoked command in '/home/kacper/action_server_ws/src/actions_py' returned '0': CMAKE_PREFIX_PATH=/home/kacper/action_server_ws/install/my_robot_interfaces:/home/kacper/action_server_ws/install/tutorial_crash_course:/home/kacper/project_ws/install/pointcloud_to_laserscan:/home/kacper/project_ws/install/clearpath_simulator:/home/kacper/project_ws/install/clearpath_gz:/home/kacper/project_ws/install/clearpath_generator_gz:/home/kacper/project_ws/install/clearpath_common:/home/kacper/project_ws/install/clearpath_generator_common:/home/kacper/project_ws/install/clearpath_description:/home/kacper/project_ws/install/clearpath_sensors_description:/home/kacper/project_ws/install/clearpath_platform:/home/kacper/project_ws/install/clearpath_msgs:/home/kacper/project_ws/install/clearpath_platform_msgs:/home/kacper/project_ws/install/clearpath_platform_description:/home/kacper/project_ws/install/clearpath_nav2:/home/kacper/project_ws/install/clearpath_mounts_description:/home/kacper/project_ws/install/clearpath_control:/home/kacper/clearpath_ws4/install/clearpath_simulator:/home/kacper/clearpath_ws4/install/clearpath_gz:/home/kacper/clearpath_ws4/install/clearpath_generator_gz:/home/kacper/robotis_ws/install/dynamixel_sdk_examples:/home/kacper/robotis_ws/install/dynamixel_sdk_custom_interfaces:/home/kacper/robotis_ws/install/dynamixel_sdk LD_LIBRARY_PATH=/home/kacper/action_server_ws/install/my_robot_interfaces/lib:/home/kacper/action_server_ws/install/tutorial_crash_course/lib:/home/kacper/project_ws/install/pointcloud_to_laserscan/lib:/home/kacper/project_ws/install/clearpath_platform/lib:/home/kacper/project_ws/install/clearpath_platform_msgs/lib:/home/kacper/robotis_ws/install/dynamixel_sdk_custom_interfaces/lib:/home/kacper/robotis_ws/install/dynamixel_sdk/lib:/usr/lib/x86_64-linux-gnu/gazebo-11/plugins:/opt/ros/humble/opt/rviz_ogre_vendor/lib:/opt/ros/humble/lib/x86_64-linux-gnu:/opt/ros/humble/lib PYTHONPATH=/home/kacper/action_server_ws/build/actions_py/prefix_override:/home/kacper/action_server_ws/install/actions_py/lib/python3.10/site-packages:${PYTHONPATH} /usr/bin/python3 -W ignore:setup.py install is deprecated setup.py egg_info --egg-base ../../build/actions_py build --build-base /home/kacper/action_server_ws/build/actions_py/build install --record /home/kacper/action_server_ws/build/actions_py/install.log --single-version-externally-managed install_data
