running egg_info
creating ../../build/Thermal_Image_Save/Thermal_Image_Save.egg-info
writing ../../build/Thermal_Image_Save/Thermal_Image_Save.egg-info/PKG-INFO
writing dependency_links to ../../build/Thermal_Image_Save/Thermal_Image_Save.egg-info/dependency_links.txt
writing entry points to ../../build/Thermal_Image_Save/Thermal_Image_Save.egg-info/entry_points.txt
writing requirements to ../../build/Thermal_Image_Save/Thermal_Image_Save.egg-info/requires.txt
writing top-level names to ../../build/Thermal_Image_Save/Thermal_Image_Save.egg-info/top_level.txt
writing manifest file '../../build/Thermal_Image_Save/Thermal_Image_Save.egg-info/SOURCES.txt'
reading manifest file '../../build/Thermal_Image_Save/Thermal_Image_Save.egg-info/SOURCES.txt'
writing manifest file '../../build/Thermal_Image_Save/Thermal_Image_Save.egg-info/SOURCES.txt'
running build
running build_py
creating /home/harry/High_Vis/Thermal_Images/build/Thermal_Image_Save/build
creating /home/harry/High_Vis/Thermal_Images/build/Thermal_Image_Save/build/lib
creating /home/harry/High_Vis/Thermal_Images/build/Thermal_Image_Save/build/lib/Thermal_Image_Save
copying Thermal_Image_Save/Launch_thermal.py -> /home/harry/High_Vis/Thermal_Images/build/Thermal_Image_Save/build/lib/Thermal_Image_Save
copying Thermal_Image_Save/__init__.py -> /home/harry/High_Vis/Thermal_Images/build/Thermal_Image_Save/build/lib/Thermal_Image_Save
running install
running install_lib
creating /home/harry/High_Vis/Thermal_Images/install/Thermal_Image_Save/lib/python3.10/site-packages/Thermal_Image_Save
copying /home/harry/High_Vis/Thermal_Images/build/Thermal_Image_Save/build/lib/Thermal_Image_Save/Launch_thermal.py -> /home/harry/High_Vis/Thermal_Images/install/Thermal_Image_Save/lib/python3.10/site-packages/Thermal_Image_Save
copying /home/harry/High_Vis/Thermal_Images/build/Thermal_Image_Save/build/lib/Thermal_Image_Save/__init__.py -> /home/harry/High_Vis/Thermal_Images/install/Thermal_Image_Save/lib/python3.10/site-packages/Thermal_Image_Save
byte-compiling /home/harry/High_Vis/Thermal_Images/install/Thermal_Image_Save/lib/python3.10/site-packages/Thermal_Image_Save/Launch_thermal.py to Launch_thermal.cpython-310.pyc
byte-compiling /home/harry/High_Vis/Thermal_Images/install/Thermal_Image_Save/lib/python3.10/site-packages/Thermal_Image_Save/__init__.py to __init__.cpython-310.pyc
running install_data
creating /home/harry/High_Vis/Thermal_Images/install/Thermal_Image_Save/share/ament_index
creating /home/harry/High_Vis/Thermal_Images/install/Thermal_Image_Save/share/ament_index/resource_index
creating /home/harry/High_Vis/Thermal_Images/install/Thermal_Image_Save/share/ament_index/resource_index/packages
copying resource/Thermal_Image_Save -> /home/harry/High_Vis/Thermal_Images/install/Thermal_Image_Save/share/ament_index/resource_index/packages
creating /home/harry/High_Vis/Thermal_Images/install/Thermal_Image_Save/share/Thermal_Image_Save/launch
copying package.xml -> /home/harry/High_Vis/Thermal_Images/install/Thermal_Image_Save/share/Thermal_Image_Save
running install_egg_info
Copying ../../build/Thermal_Image_Save/Thermal_Image_Save.egg-info to /home/harry/High_Vis/Thermal_Images/install/Thermal_Image_Save/lib/python3.10/site-packages/Thermal_Image_Save-0.0.0-py3.10.egg-info
running install_scripts
writing list of installed files to '/home/harry/High_Vis/Thermal_Images/build/Thermal_Image_Save/install.log'
