[0.798s] Invoking command in '/home/harry/High_Vis/Thermal_Images/src/Thermal_Image_Save': PYTHONPATH=/home/harry/High_Vis/Thermal_Images/build/Thermal_Image_Save/prefix_override:/home/harry/High_Vis/Thermal_Images/install/Thermal_Image_Save/lib/python3.10/site-packages:${PYTHONPATH} /usr/bin/python3 setup.py egg_info --egg-base ../../build/Thermal_Image_Save build --build-base /home/harry/High_Vis/Thermal_Images/build/Thermal_Image_Save/build install --record /home/harry/High_Vis/Thermal_Images/build/Thermal_Image_Save/install.log --single-version-externally-managed
[1.046s] running egg_info
[1.047s] creating ../../build/Thermal_Image_Save/Thermal_Image_Save.egg-info
[1.047s] writing ../../build/Thermal_Image_Save/Thermal_Image_Save.egg-info/PKG-INFO
[1.048s] writing dependency_links to ../../build/Thermal_Image_Save/Thermal_Image_Save.egg-info/dependency_links.txt
[1.048s] writing entry points to ../../build/Thermal_Image_Save/Thermal_Image_Save.egg-info/entry_points.txt
[1.048s] writing requirements to ../../build/Thermal_Image_Save/Thermal_Image_Save.egg-info/requires.txt
[1.048s] writing top-level names to ../../build/Thermal_Image_Save/Thermal_Image_Save.egg-info/top_level.txt
[1.048s] writing manifest file '../../build/Thermal_Image_Save/Thermal_Image_Save.egg-info/SOURCES.txt'
[1.050s] reading manifest file '../../build/Thermal_Image_Save/Thermal_Image_Save.egg-info/SOURCES.txt'
[1.051s] writing manifest file '../../build/Thermal_Image_Save/Thermal_Image_Save.egg-info/SOURCES.txt'
[1.051s] running build
[1.051s] running build_py
[1.051s] creating /home/harry/High_Vis/Thermal_Images/build/Thermal_Image_Save/build
[1.051s] creating /home/harry/High_Vis/Thermal_Images/build/Thermal_Image_Save/build/lib
[1.052s] creating /home/harry/High_Vis/Thermal_Images/build/Thermal_Image_Save/build/lib/Thermal_Image_Save
[1.053s] copying Thermal_Image_Save/Launch_thermal.py -> /home/harry/High_Vis/Thermal_Images/build/Thermal_Image_Save/build/lib/Thermal_Image_Save
[1.053s] copying Thermal_Image_Save/__init__.py -> /home/harry/High_Vis/Thermal_Images/build/Thermal_Image_Save/build/lib/Thermal_Image_Save
[1.053s] running install
[1.053s] running install_lib
[1.054s] creating /home/harry/High_Vis/Thermal_Images/install/Thermal_Image_Save/lib/python3.10/site-packages/Thermal_Image_Save
[1.055s] copying /home/harry/High_Vis/Thermal_Images/build/Thermal_Image_Save/build/lib/Thermal_Image_Save/Launch_thermal.py -> /home/harry/High_Vis/Thermal_Images/install/Thermal_Image_Save/lib/python3.10/site-packages/Thermal_Image_Save
[1.055s] copying /home/harry/High_Vis/Thermal_Images/build/Thermal_Image_Save/build/lib/Thermal_Image_Save/__init__.py -> /home/harry/High_Vis/Thermal_Images/install/Thermal_Image_Save/lib/python3.10/site-packages/Thermal_Image_Save
[1.055s] byte-compiling /home/harry/High_Vis/Thermal_Images/install/Thermal_Image_Save/lib/python3.10/site-packages/Thermal_Image_Save/Launch_thermal.py to Launch_thermal.cpython-310.pyc
[1.056s] byte-compiling /home/harry/High_Vis/Thermal_Images/install/Thermal_Image_Save/lib/python3.10/site-packages/Thermal_Image_Save/__init__.py to __init__.cpython-310.pyc
[1.056s] running install_data
[1.057s] creating /home/harry/High_Vis/Thermal_Images/install/Thermal_Image_Save/share/ament_index
[1.058s] creating /home/harry/High_Vis/Thermal_Images/install/Thermal_Image_Save/share/ament_index/resource_index
[1.058s] creating /home/harry/High_Vis/Thermal_Images/install/Thermal_Image_Save/share/ament_index/resource_index/packages
[1.058s] copying resource/Thermal_Image_Save -> /home/harry/High_Vis/Thermal_Images/install/Thermal_Image_Save/share/ament_index/resource_index/packages
[1.059s] creating /home/harry/High_Vis/Thermal_Images/install/Thermal_Image_Save/share/Thermal_Image_Save/launch
[1.060s] copying package.xml -> /home/harry/High_Vis/Thermal_Images/install/Thermal_Image_Save/share/Thermal_Image_Save
[1.060s] running install_egg_info
[1.063s] Copying ../../build/Thermal_Image_Save/Thermal_Image_Save.egg-info to /home/harry/High_Vis/Thermal_Images/install/Thermal_Image_Save/lib/python3.10/site-packages/Thermal_Image_Save-0.0.0-py3.10.egg-info
[1.065s] running install_scripts
[1.093s] writing list of installed files to '/home/harry/High_Vis/Thermal_Images/build/Thermal_Image_Save/install.log'
[1.131s] Invoked command in '/home/harry/High_Vis/Thermal_Images/src/Thermal_Image_Save' returned '0': PYTHONPATH=/home/harry/High_Vis/Thermal_Images/build/Thermal_Image_Save/prefix_override:/home/harry/High_Vis/Thermal_Images/install/Thermal_Image_Save/lib/python3.10/site-packages:${PYTHONPATH} /usr/bin/python3 setup.py egg_info --egg-base ../../build/Thermal_Image_Save build --build-base /home/harry/High_Vis/Thermal_Images/build/Thermal_Image_Save/build install --record /home/harry/High_Vis/Thermal_Images/build/Thermal_Image_Save/install.log --single-version-externally-managed
