[0.823s] Invoking command in '/home/msc-robot/Documents/Team4_ros_ws/src/High_Vis/Thermal_Images/build/image_publisher': CMAKE_PREFIX_PATH=${CMAKE_PREFIX_PATH}:/home/msc-robot/Documents/Team4_ros_ws/src/High_Vis/Thermal_Images/install/camera_calibration:/home/msc-robot/Documents/Team4_ros_ws/src/High_Vis/Thermal_Images/install/Thermal_Image_Save:/home/msc-robot/Documents/Team4_ros_ws/src/High_Vis/post_process/install/pdf_generator:/home/msc-robot/Documents/Team4_ros_ws/src/High_Vis/post_process/install/hotspot_detection:/home/msc-robot/Documents/Team4_ros_ws/src/Thermal/install/camera_calibration:/home/msc-robot/Documents/Team4_ros_ws/src/Thermal/install/Thermal_save:/home/msc-robot/Documents/Team4_ros_ws/install/launch_robotnav:/home/msc-robot/Documents/Team4_ros_ws/install/clearpath_generator_gz:/home/msc-robot/Documents/Team4_ros_ws/install/clearpath_config:/home/msc-robot/Documents/Team4_ros_ws/install/camera_calibration:/home/msc-robot/Documents/Team4_ros_ws/install/Thermal_save:/opt/ros/humble /usr/bin/cmake /home/msc-robot/Documents/Team4_ros_ws/src/High_Vis/Thermal_Images/src/image_pipeline/image_publisher -DAMENT_CMAKE_SYMLINK_INSTALL=1 -DCMAKE_INSTALL_PREFIX=/home/msc-robot/Documents/Team4_ros_ws/src/High_Vis/Thermal_Images/install/image_publisher
[0.977s] -- The C compiler identification is GNU 11.4.0
[1.117s] -- The CXX compiler identification is GNU 11.4.0
[1.136s] -- Detecting C compiler ABI info
[1.322s] -- Detecting C compiler ABI info - done
[1.344s] -- Check for working C compiler: /usr/bin/cc - skipped
[1.344s] -- Detecting C compile features
[1.345s] -- Detecting C compile features - done
[1.352s] -- Detecting CXX compiler ABI info
[1.572s] -- Detecting CXX compiler ABI info - done
[1.598s] -- Check for working CXX compiler: /usr/bin/c++ - skipped
[1.599s] -- Detecting CXX compile features
[1.601s] -- Detecting CXX compile features - done
[1.620s] -- Found ament_cmake_auto: 1.3.8 (/opt/ros/humble/share/ament_cmake_auto/cmake)
[2.078s] -- Found Python3: /usr/bin/python3 (found version "3.10.12") found components: Interpreter 
[2.254s] -- Override CMake install command with custom implementation using symlinks instead of copying resources
[2.499s] -- Found camera_info_manager: 3.1.8 (/opt/ros/humble/share/camera_info_manager/cmake)
[2.852s] -- Found rosidl_generator_c: 3.1.5 (/opt/ros/humble/share/rosidl_generator_c/cmake)
[2.893s] -- Found rosidl_adapter: 3.1.5 (/opt/ros/humble/share/rosidl_adapter/cmake)
[2.950s] -- Found rosidl_generator_cpp: 3.1.5 (/opt/ros/humble/share/rosidl_generator_cpp/cmake)
[3.034s] -- Using all available rosidl_typesupport_c: rosidl_typesupport_fastrtps_c;rosidl_typesupport_introspection_c
[3.145s] -- Using all available rosidl_typesupport_cpp: rosidl_typesupport_fastrtps_cpp;rosidl_typesupport_introspection_cpp
[3.403s] -- Found rmw_implementation_cmake: 6.1.1 (/opt/ros/humble/share/rmw_implementation_cmake/cmake)
[3.427s] -- Found rmw_fastrtps_cpp: 6.2.6 (/opt/ros/humble/share/rmw_fastrtps_cpp/cmake)
[3.794s] -- Found OpenSSL: /usr/lib/x86_64-linux-gnu/libcrypto.so (found version "3.0.2")  
[3.895s] -- Found FastRTPS: /opt/ros/humble/include  
[4.072s] -- Using RMW implementation 'rmw_fastrtps_cpp' as default
[4.146s] -- Looking for pthread.h
[4.361s] -- Looking for pthread.h - found
[4.362s] -- Performing Test CMAKE_HAVE_LIBC_PTHREAD
[4.570s] -- Performing Test CMAKE_HAVE_LIBC_PTHREAD - Success
[4.571s] -- Found Threads: TRUE  
[6.342s] -- Found OpenCV: /usr (found version "4.5.4") found components: core imgcodecs videoio 
[6.342s] -- opencv version 4.5.4
[6.408s] -- Found ament_lint_auto: 0.12.10 (/opt/ros/humble/share/ament_lint_auto/cmake)
[6.571s] -- Added test 'copyright' to check source files copyright and LICENSE
[6.577s] -- Added test 'cppcheck' to perform static code analysis on C / C++ code
[6.578s] -- Configured cppcheck include dirs: /home/msc-robot/Documents/Team4_ros_ws/src/High_Vis/Thermal_Images/src/image_pipeline/image_publisher/include
[6.578s] -- Configured cppcheck exclude dirs and/or files: 
[6.584s] -- Added test 'cpplint' to check C / C++ code against the Google style
[6.584s] -- Configured cpplint exclude dirs and/or files: 
[6.588s] -- Added test 'flake8' to check Python code syntax and style conventions
[6.592s] -- Added test 'lint_cmake' to check CMake code style
[6.596s] -- Added test 'pep257' to check Python code against some of the docstring style conventions in PEP 257
[6.603s] -- Added test 'uncrustify' to check C / C++ code style
[6.603s] -- Configured uncrustify additional arguments: 
[6.607s] -- Added test 'xmllint' to check XML markup files
[6.619s] -- Configuring done
[6.679s] -- Generating done
[6.684s] -- Build files have been written to: /home/msc-robot/Documents/Team4_ros_ws/src/High_Vis/Thermal_Images/build/image_publisher
[6.706s] Invoked command in '/home/msc-robot/Documents/Team4_ros_ws/src/High_Vis/Thermal_Images/build/image_publisher' returned '0': CMAKE_PREFIX_PATH=${CMAKE_PREFIX_PATH}:/home/msc-robot/Documents/Team4_ros_ws/src/High_Vis/Thermal_Images/install/camera_calibration:/home/msc-robot/Documents/Team4_ros_ws/src/High_Vis/Thermal_Images/install/Thermal_Image_Save:/home/msc-robot/Documents/Team4_ros_ws/src/High_Vis/post_process/install/pdf_generator:/home/msc-robot/Documents/Team4_ros_ws/src/High_Vis/post_process/install/hotspot_detection:/home/msc-robot/Documents/Team4_ros_ws/src/Thermal/install/camera_calibration:/home/msc-robot/Documents/Team4_ros_ws/src/Thermal/install/Thermal_save:/home/msc-robot/Documents/Team4_ros_ws/install/launch_robotnav:/home/msc-robot/Documents/Team4_ros_ws/install/clearpath_generator_gz:/home/msc-robot/Documents/Team4_ros_ws/install/clearpath_config:/home/msc-robot/Documents/Team4_ros_ws/install/camera_calibration:/home/msc-robot/Documents/Team4_ros_ws/install/Thermal_save:/opt/ros/humble /usr/bin/cmake /home/msc-robot/Documents/Team4_ros_ws/src/High_Vis/Thermal_Images/src/image_pipeline/image_publisher -DAMENT_CMAKE_SYMLINK_INSTALL=1 -DCMAKE_INSTALL_PREFIX=/home/msc-robot/Documents/Team4_ros_ws/src/High_Vis/Thermal_Images/install/image_publisher
[6.707s] Invoking command in '/home/msc-robot/Documents/Team4_ros_ws/src/High_Vis/Thermal_Images/build/image_publisher': CMAKE_PREFIX_PATH=${CMAKE_PREFIX_PATH}:/home/msc-robot/Documents/Team4_ros_ws/src/High_Vis/Thermal_Images/install/camera_calibration:/home/msc-robot/Documents/Team4_ros_ws/src/High_Vis/Thermal_Images/install/Thermal_Image_Save:/home/msc-robot/Documents/Team4_ros_ws/src/High_Vis/post_process/install/pdf_generator:/home/msc-robot/Documents/Team4_ros_ws/src/High_Vis/post_process/install/hotspot_detection:/home/msc-robot/Documents/Team4_ros_ws/src/Thermal/install/camera_calibration:/home/msc-robot/Documents/Team4_ros_ws/src/Thermal/install/Thermal_save:/home/msc-robot/Documents/Team4_ros_ws/install/launch_robotnav:/home/msc-robot/Documents/Team4_ros_ws/install/clearpath_generator_gz:/home/msc-robot/Documents/Team4_ros_ws/install/clearpath_config:/home/msc-robot/Documents/Team4_ros_ws/install/camera_calibration:/home/msc-robot/Documents/Team4_ros_ws/install/Thermal_save:/opt/ros/humble /usr/bin/cmake --build /home/msc-robot/Documents/Team4_ros_ws/src/High_Vis/Thermal_Images/build/image_publisher -- -j4 -l4
[6.857s] [ 25%] [32mBuilding CXX object CMakeFiles/image_publisher.dir/src/image_publisher.cpp.o[0m
[23.848s] [ 50%] [32m[1mLinking CXX shared library libimage_publisher.so[0m
[25.394s] [ 50%] Built target image_publisher
[25.616s] [ 75%] [32mBuilding CXX object CMakeFiles/image_publisher_node.dir/src/image_publisher_node.cpp.o[0m
[43.819s] [100%] [32m[1mLinking CXX executable image_publisher_node[0m
[45.924s] [100%] Built target image_publisher_node
[45.986s] Invoked command in '/home/msc-robot/Documents/Team4_ros_ws/src/High_Vis/Thermal_Images/build/image_publisher' returned '0': CMAKE_PREFIX_PATH=${CMAKE_PREFIX_PATH}:/home/msc-robot/Documents/Team4_ros_ws/src/High_Vis/Thermal_Images/install/camera_calibration:/home/msc-robot/Documents/Team4_ros_ws/src/High_Vis/Thermal_Images/install/Thermal_Image_Save:/home/msc-robot/Documents/Team4_ros_ws/src/High_Vis/post_process/install/pdf_generator:/home/msc-robot/Documents/Team4_ros_ws/src/High_Vis/post_process/install/hotspot_detection:/home/msc-robot/Documents/Team4_ros_ws/src/Thermal/install/camera_calibration:/home/msc-robot/Documents/Team4_ros_ws/src/Thermal/install/Thermal_save:/home/msc-robot/Documents/Team4_ros_ws/install/launch_robotnav:/home/msc-robot/Documents/Team4_ros_ws/install/clearpath_generator_gz:/home/msc-robot/Documents/Team4_ros_ws/install/clearpath_config:/home/msc-robot/Documents/Team4_ros_ws/install/camera_calibration:/home/msc-robot/Documents/Team4_ros_ws/install/Thermal_save:/opt/ros/humble /usr/bin/cmake --build /home/msc-robot/Documents/Team4_ros_ws/src/High_Vis/Thermal_Images/build/image_publisher -- -j4 -l4
[46.347s] Invoking command in '/home/msc-robot/Documents/Team4_ros_ws/src/High_Vis/Thermal_Images/build/image_publisher': CMAKE_PREFIX_PATH=${CMAKE_PREFIX_PATH}:/home/msc-robot/Documents/Team4_ros_ws/src/High_Vis/Thermal_Images/install/camera_calibration:/home/msc-robot/Documents/Team4_ros_ws/src/High_Vis/Thermal_Images/install/Thermal_Image_Save:/home/msc-robot/Documents/Team4_ros_ws/src/High_Vis/post_process/install/pdf_generator:/home/msc-robot/Documents/Team4_ros_ws/src/High_Vis/post_process/install/hotspot_detection:/home/msc-robot/Documents/Team4_ros_ws/src/Thermal/install/camera_calibration:/home/msc-robot/Documents/Team4_ros_ws/src/Thermal/install/Thermal_save:/home/msc-robot/Documents/Team4_ros_ws/install/launch_robotnav:/home/msc-robot/Documents/Team4_ros_ws/install/clearpath_generator_gz:/home/msc-robot/Documents/Team4_ros_ws/install/clearpath_config:/home/msc-robot/Documents/Team4_ros_ws/install/camera_calibration:/home/msc-robot/Documents/Team4_ros_ws/install/Thermal_save:/opt/ros/humble /usr/bin/cmake --install /home/msc-robot/Documents/Team4_ros_ws/src/High_Vis/Thermal_Images/build/image_publisher
[46.369s] -- Install configuration: ""
[46.370s] -- Execute custom install script
[46.371s] -- Symlinking: /home/msc-robot/Documents/Team4_ros_ws/src/High_Vis/Thermal_Images/install/image_publisher/include/image_publisher/image_publisher.hpp
[46.395s] -- Symlinking: /home/msc-robot/Documents/Team4_ros_ws/src/High_Vis/Thermal_Images/install/image_publisher/include/image_publisher/visibility.h
[46.419s] -- Symlinking: /home/msc-robot/Documents/Team4_ros_ws/src/High_Vis/Thermal_Images/install/image_publisher/share/image_publisher/environment/library_path.sh
[46.445s] -- Symlinking: /home/msc-robot/Documents/Team4_ros_ws/src/High_Vis/Thermal_Images/install/image_publisher/share/image_publisher/environment/library_path.dsv
[46.470s] -- Symlinking: /home/msc-robot/Documents/Team4_ros_ws/src/High_Vis/Thermal_Images/install/image_publisher/lib/libimage_publisher.so
[46.496s] -- Symlinking: /home/msc-robot/Documents/Team4_ros_ws/src/High_Vis/Thermal_Images/install/image_publisher/lib/image_publisher/image_publisher_node
[46.522s] -- Symlinking: /home/msc-robot/Documents/Team4_ros_ws/src/High_Vis/Thermal_Images/install/image_publisher/share/image_publisher/launch/image_publisher_file.launch.py
[46.548s] -- Symlinking: /home/msc-robot/Documents/Team4_ros_ws/src/High_Vis/Thermal_Images/install/image_publisher/share/image_publisher/launch/image_publisher_mono.launch.py
[46.573s] -- Symlinking: /home/msc-robot/Documents/Team4_ros_ws/src/High_Vis/Thermal_Images/install/image_publisher/share/image_publisher/launch/image_publisher_stereo.launch.py
[46.598s] -- Symlinking: /home/msc-robot/Documents/Team4_ros_ws/src/High_Vis/Thermal_Images/install/image_publisher/share/image_publisher/launch/splash.png
[46.623s] -- Symlinking: /home/msc-robot/Documents/Team4_ros_ws/src/High_Vis/Thermal_Images/install/image_publisher/share/ament_index/resource_index/package_run_dependencies/image_publisher
[46.649s] -- Symlinking: /home/msc-robot/Documents/Team4_ros_ws/src/High_Vis/Thermal_Images/install/image_publisher/share/ament_index/resource_index/parent_prefix_path/image_publisher
[46.674s] -- Symlinking: /home/msc-robot/Documents/Team4_ros_ws/src/High_Vis/Thermal_Images/install/image_publisher/share/image_publisher/environment/ament_prefix_path.sh
[46.699s] -- Symlinking: /home/msc-robot/Documents/Team4_ros_ws/src/High_Vis/Thermal_Images/install/image_publisher/share/image_publisher/environment/ament_prefix_path.dsv
[46.724s] -- Symlinking: /home/msc-robot/Documents/Team4_ros_ws/src/High_Vis/Thermal_Images/install/image_publisher/share/image_publisher/environment/path.sh
[46.750s] -- Symlinking: /home/msc-robot/Documents/Team4_ros_ws/src/High_Vis/Thermal_Images/install/image_publisher/share/image_publisher/environment/path.dsv
[46.775s] -- Symlinking: /home/msc-robot/Documents/Team4_ros_ws/src/High_Vis/Thermal_Images/install/image_publisher/share/image_publisher/local_setup.bash
[46.800s] -- Symlinking: /home/msc-robot/Documents/Team4_ros_ws/src/High_Vis/Thermal_Images/install/image_publisher/share/image_publisher/local_setup.sh
[46.826s] -- Symlinking: /home/msc-robot/Documents/Team4_ros_ws/src/High_Vis/Thermal_Images/install/image_publisher/share/image_publisher/local_setup.zsh
[46.852s] -- Symlinking: /home/msc-robot/Documents/Team4_ros_ws/src/High_Vis/Thermal_Images/install/image_publisher/share/image_publisher/local_setup.dsv
[46.876s] -- Symlinking: /home/msc-robot/Documents/Team4_ros_ws/src/High_Vis/Thermal_Images/install/image_publisher/share/image_publisher/package.dsv
[46.902s] -- Symlinking: /home/msc-robot/Documents/Team4_ros_ws/src/High_Vis/Thermal_Images/install/image_publisher/share/ament_index/resource_index/packages/image_publisher
[46.927s] -- Symlinking: /home/msc-robot/Documents/Team4_ros_ws/src/High_Vis/Thermal_Images/install/image_publisher/share/ament_index/resource_index/rclcpp_components/image_publisher
[46.954s] -- Symlinking: /home/msc-robot/Documents/Team4_ros_ws/src/High_Vis/Thermal_Images/install/image_publisher/share/image_publisher/cmake/ament_cmake_export_dependencies-extras.cmake
[46.978s] -- Symlinking: /home/msc-robot/Documents/Team4_ros_ws/src/High_Vis/Thermal_Images/install/image_publisher/share/image_publisher/cmake/ament_cmake_export_include_directories-extras.cmake
[47.003s] -- Symlinking: /home/msc-robot/Documents/Team4_ros_ws/src/High_Vis/Thermal_Images/install/image_publisher/share/image_publisher/cmake/ament_cmake_export_libraries-extras.cmake
[47.030s] -- Symlinking: /home/msc-robot/Documents/Team4_ros_ws/src/High_Vis/Thermal_Images/install/image_publisher/share/image_publisher/cmake/image_publisherConfig.cmake
[47.054s] -- Symlinking: /home/msc-robot/Documents/Team4_ros_ws/src/High_Vis/Thermal_Images/install/image_publisher/share/image_publisher/cmake/image_publisherConfig-version.cmake
[47.077s] -- Symlinking: /home/msc-robot/Documents/Team4_ros_ws/src/High_Vis/Thermal_Images/install/image_publisher/share/image_publisher/package.xml
[47.110s] Invoked command in '/home/msc-robot/Documents/Team4_ros_ws/src/High_Vis/Thermal_Images/build/image_publisher' returned '0': CMAKE_PREFIX_PATH=${CMAKE_PREFIX_PATH}:/home/msc-robot/Documents/Team4_ros_ws/src/High_Vis/Thermal_Images/install/camera_calibration:/home/msc-robot/Documents/Team4_ros_ws/src/High_Vis/Thermal_Images/install/Thermal_Image_Save:/home/msc-robot/Documents/Team4_ros_ws/src/High_Vis/post_process/install/pdf_generator:/home/msc-robot/Documents/Team4_ros_ws/src/High_Vis/post_process/install/hotspot_detection:/home/msc-robot/Documents/Team4_ros_ws/src/Thermal/install/camera_calibration:/home/msc-robot/Documents/Team4_ros_ws/src/Thermal/install/Thermal_save:/home/msc-robot/Documents/Team4_ros_ws/install/launch_robotnav:/home/msc-robot/Documents/Team4_ros_ws/install/clearpath_generator_gz:/home/msc-robot/Documents/Team4_ros_ws/install/clearpath_config:/home/msc-robot/Documents/Team4_ros_ws/install/camera_calibration:/home/msc-robot/Documents/Team4_ros_ws/install/Thermal_save:/opt/ros/humble /usr/bin/cmake --install /home/msc-robot/Documents/Team4_ros_ws/src/High_Vis/Thermal_Images/build/image_publisher
