running develop
running egg_info
creating cam_topic.egg-info
writing cam_topic.egg-info/PKG-INFO
writing dependency_links to cam_topic.egg-info/dependency_links.txt
writing entry points to cam_topic.egg-info/entry_points.txt
writing requirements to cam_topic.egg-info/requires.txt
writing top-level names to cam_topic.egg-info/top_level.txt
writing manifest file 'cam_topic.egg-info/SOURCES.txt'
reading manifest file 'cam_topic.egg-info/SOURCES.txt'
writing manifest file 'cam_topic.egg-info/SOURCES.txt'
running build_ext
Creating /home/msc-robot/Documents/Team4_ros_ws/src/High_Vis/hs_rep/install/cam_topic/lib/python3.10/site-packages/cam-topic.egg-link (link to .)
Installing cam_top_pub script to /home/msc-robot/Documents/Team4_ros_ws/src/High_Vis/hs_rep/install/cam_topic/lib/cam_topic
Installing cam_top_sub script to /home/msc-robot/Documents/Team4_ros_ws/src/High_Vis/hs_rep/install/cam_topic/lib/cam_topic

Installed /home/msc-robot/Documents/Team4_ros_ws/src/High_Vis/hs_rep/build/cam_topic
running symlink_data
creating /home/msc-robot/Documents/Team4_ros_ws/src/High_Vis/hs_rep/install/cam_topic/share/ament_index
creating /home/msc-robot/Documents/Team4_ros_ws/src/High_Vis/hs_rep/install/cam_topic/share/ament_index/resource_index
creating /home/msc-robot/Documents/Team4_ros_ws/src/High_Vis/hs_rep/install/cam_topic/share/ament_index/resource_index/packages
symbolically linking /home/msc-robot/Documents/Team4_ros_ws/src/High_Vis/hs_rep/build/cam_topic/resource/cam_topic -> /home/msc-robot/Documents/Team4_ros_ws/src/High_Vis/hs_rep/install/cam_topic/share/ament_index/resource_index/packages
symbolically linking /home/msc-robot/Documents/Team4_ros_ws/src/High_Vis/hs_rep/build/cam_topic/package.xml -> /home/msc-robot/Documents/Team4_ros_ws/src/High_Vis/hs_rep/install/cam_topic/share/cam_topic
