running develop
/usr/local/lib/python3.10/dist-packages/setuptools/command/develop.py:40: EasyInstallDeprecationWarning: easy_install command is deprecated.
!!

        ********************************************************************************
        Please avoid running ``setup.py`` and ``easy_install``.
        Instead, use pypa/build, pypa/installer or other
        standards-based tools.

        See https://github.com/pypa/setuptools/issues/917 for details.
        ********************************************************************************

!!
  easy_install.initialize_options(self)
running egg_info
creating cam_topic.egg-info
writing cam_topic.egg-info/PKG-INFO
writing dependency_links to cam_topic.egg-info/dependency_links.txt
writing entry points to cam_topic.egg-info/entry_points.txt
writing requirements to cam_topic.egg-info/requires.txt
writing top-level names to cam_topic.egg-info/top_level.txt
writing manifest file 'cam_topic.egg-info/SOURCES.txt'
reading manifest file 'cam_topic.egg-info/SOURCES.txt'
writing manifest file 'cam_topic.egg-info/SOURCES.txt'
running build_ext
Creating /home/msc-robot/Documents/Team4_ros_ws/src/High_Vis/hs_rep/install/cam_topic/lib/python3.10/site-packages/cam-topic.egg-link (link to .)
Installing cam_top_pub script to /home/msc-robot/Documents/Team4_ros_ws/src/High_Vis/hs_rep/install/cam_topic/lib/cam_topic
Installing cam_top_sub script to /home/msc-robot/Documents/Team4_ros_ws/src/High_Vis/hs_rep/install/cam_topic/lib/cam_topic

Installed /home/msc-robot/Documents/Team4_ros_ws/src/High_Vis/hs_rep/build/cam_topic
running symlink_data
creating /home/msc-robot/Documents/Team4_ros_ws/src/High_Vis/hs_rep/install/cam_topic/share/ament_index
creating /home/msc-robot/Documents/Team4_ros_ws/src/High_Vis/hs_rep/install/cam_topic/share/ament_index/resource_index
creating /home/msc-robot/Documents/Team4_ros_ws/src/High_Vis/hs_rep/install/cam_topic/share/ament_index/resource_index/packages
symbolically linking /home/msc-robot/Documents/Team4_ros_ws/src/High_Vis/hs_rep/build/cam_topic/resource/cam_topic -> /home/msc-robot/Documents/Team4_ros_ws/src/High_Vis/hs_rep/install/cam_topic/share/ament_index/resource_index/packages
symbolically linking /home/msc-robot/Documents/Team4_ros_ws/src/High_Vis/hs_rep/build/cam_topic/package.xml -> /home/msc-robot/Documents/Team4_ros_ws/src/High_Vis/hs_rep/install/cam_topic/share/cam_topic
