[2.302s] Invoking command in '/home/msc-robot/Documents/Team4_ros_ws/src/High_Vis/hs_rep/build/cam_topic': PYTHONPATH=/home/msc-robot/Documents/Team4_ros_ws/src/High_Vis/hs_rep/build/cam_topic/prefix_override:/home/msc-robot/Documents/Team4_ros_ws/src/High_Vis/hs_rep/install/cam_topic/lib/python3.10/site-packages:${PYTHONPATH} /usr/bin/python3 -W ignore:setup.py install is deprecated setup.py develop --editable --build-directory /home/msc-robot/Documents/Team4_ros_ws/src/High_Vis/hs_rep/build/cam_topic/build --no-deps symlink_data
[3.152s] running develop
[3.153s] /usr/local/lib/python3.10/dist-packages/setuptools/command/develop.py:40: EasyInstallDeprecationWarning: easy_install command is deprecated.
[3.153s] !!
[3.153s] 
[3.153s]         ********************************************************************************
[3.154s]         Please avoid running ``setup.py`` and ``easy_install``.
[3.154s]         Instead, use pypa/build, pypa/installer or other
[3.154s]         standards-based tools.
[3.154s] 
[3.157s]         See https://github.com/pypa/setuptools/issues/917 for details.
[3.158s]         ********************************************************************************
[3.158s] 
[3.158s] !!
[3.158s]   easy_install.initialize_options(self)
[3.573s] running egg_info
[3.573s] creating cam_topic.egg-info
[3.599s] writing cam_topic.egg-info/PKG-INFO
[3.600s] writing dependency_links to cam_topic.egg-info/dependency_links.txt
[3.600s] writing entry points to cam_topic.egg-info/entry_points.txt
[3.601s] writing requirements to cam_topic.egg-info/requires.txt
[3.601s] writing top-level names to cam_topic.egg-info/top_level.txt
[3.601s] writing manifest file 'cam_topic.egg-info/SOURCES.txt'
[3.670s] reading manifest file 'cam_topic.egg-info/SOURCES.txt'
[3.672s] writing manifest file 'cam_topic.egg-info/SOURCES.txt'
[3.703s] running build_ext
[3.703s] Creating /home/msc-robot/Documents/Team4_ros_ws/src/High_Vis/hs_rep/install/cam_topic/lib/python3.10/site-packages/cam-topic.egg-link (link to .)
[3.704s] Installing cam_top_pub script to /home/msc-robot/Documents/Team4_ros_ws/src/High_Vis/hs_rep/install/cam_topic/lib/cam_topic
[3.705s] Installing cam_top_sub script to /home/msc-robot/Documents/Team4_ros_ws/src/High_Vis/hs_rep/install/cam_topic/lib/cam_topic
[3.705s] 
[3.705s] Installed /home/msc-robot/Documents/Team4_ros_ws/src/High_Vis/hs_rep/build/cam_topic
[3.705s] running symlink_data
[3.706s] creating /home/msc-robot/Documents/Team4_ros_ws/src/High_Vis/hs_rep/install/cam_topic/share/ament_index
[3.706s] creating /home/msc-robot/Documents/Team4_ros_ws/src/High_Vis/hs_rep/install/cam_topic/share/ament_index/resource_index
[3.706s] creating /home/msc-robot/Documents/Team4_ros_ws/src/High_Vis/hs_rep/install/cam_topic/share/ament_index/resource_index/packages
[3.706s] symbolically linking /home/msc-robot/Documents/Team4_ros_ws/src/High_Vis/hs_rep/build/cam_topic/resource/cam_topic -> /home/msc-robot/Documents/Team4_ros_ws/src/High_Vis/hs_rep/install/cam_topic/share/ament_index/resource_index/packages
[3.707s] symbolically linking /home/msc-robot/Documents/Team4_ros_ws/src/High_Vis/hs_rep/build/cam_topic/package.xml -> /home/msc-robot/Documents/Team4_ros_ws/src/High_Vis/hs_rep/install/cam_topic/share/cam_topic
[3.769s] Invoked command in '/home/msc-robot/Documents/Team4_ros_ws/src/High_Vis/hs_rep/build/cam_topic' returned '0': PYTHONPATH=/home/msc-robot/Documents/Team4_ros_ws/src/High_Vis/hs_rep/build/cam_topic/prefix_override:/home/msc-robot/Documents/Team4_ros_ws/src/High_Vis/hs_rep/install/cam_topic/lib/python3.10/site-packages:${PYTHONPATH} /usr/bin/python3 -W ignore:setup.py install is deprecated setup.py develop --editable --build-directory /home/msc-robot/Documents/Team4_ros_ws/src/High_Vis/hs_rep/build/cam_topic/build --no-deps symlink_data
