running develop
/usr/lib/python3/dist-packages/setuptools/command/easy_install.py:158: EasyInstallDeprecationWarning: easy_install command is deprecated. Use build and pip and other standards-based tools.
  warnings.warn(
/usr/lib/python3/dist-packages/setuptools/command/install.py:34: SetuptoolsDeprecationWarning: setup.py install is deprecated. Use build and pip and other standards-based tools.
  warnings.warn(
running egg_info
creating Thermal_Image_Save.egg-info
writing Thermal_Image_Save.egg-info/PKG-INFO
writing dependency_links to Thermal_Image_Save.egg-info/dependency_links.txt
writing entry points to Thermal_Image_Save.egg-info/entry_points.txt
writing requirements to Thermal_Image_Save.egg-info/requires.txt
writing top-level names to Thermal_Image_Save.egg-info/top_level.txt
writing manifest file 'Thermal_Image_Save.egg-info/SOURCES.txt'
reading manifest file 'Thermal_Image_Save.egg-info/SOURCES.txt'
writing manifest file 'Thermal_Image_Save.egg-info/SOURCES.txt'
running build_ext
Creating /home/msc-robot/Documents/Team4_ros_ws/src/High_Vis/Thermal_Images/install/Thermal_Image_Save/lib/python3.10/site-packages/Thermal-Image-Save.egg-link (link to .)

Installed /home/msc-robot/Documents/Team4_ros_ws/src/High_Vis/Thermal_Images/build/Thermal_Image_Save
running install_data
creating /home/msc-robot/Documents/Team4_ros_ws/src/High_Vis/Thermal_Images/install/Thermal_Image_Save/share/ament_index
creating /home/msc-robot/Documents/Team4_ros_ws/src/High_Vis/Thermal_Images/install/Thermal_Image_Save/share/ament_index/resource_index
creating /home/msc-robot/Documents/Team4_ros_ws/src/High_Vis/Thermal_Images/install/Thermal_Image_Save/share/ament_index/resource_index/packages
copying resource/Thermal_Image_Save -> /home/msc-robot/Documents/Team4_ros_ws/src/High_Vis/Thermal_Images/install/Thermal_Image_Save/share/ament_index/resource_index/packages
creating /home/msc-robot/Documents/Team4_ros_ws/src/High_Vis/Thermal_Images/install/Thermal_Image_Save/share/Thermal_Image_Save/launch
copying package.xml -> /home/msc-robot/Documents/Team4_ros_ws/src/High_Vis/Thermal_Images/install/Thermal_Image_Save/share/Thermal_Image_Save
