[2.478s] Invoking command in '/home/msc-robot/Documents/Team4_ros_ws/src/High_Vis/Thermal_Images/build/Thermal_Image_Save': PYTHONPATH=/home/msc-robot/Documents/Team4_ros_ws/src/High_Vis/Thermal_Images/build/Thermal_Image_Save/prefix_override:/home/msc-robot/Documents/Team4_ros_ws/src/High_Vis/Thermal_Images/install/Thermal_Image_Save/lib/python3.10/site-packages:${PYTHONPATH} /usr/bin/python3 setup.py develop --editable --build-directory /home/msc-robot/Documents/Team4_ros_ws/src/High_Vis/Thermal_Images/build/Thermal_Image_Save/build --no-deps install_data
[3.333s] running develop
[3.335s] /usr/lib/python3/dist-packages/setuptools/command/easy_install.py:158: EasyInstallDeprecationWarning: easy_install command is deprecated. Use build and pip and other standards-based tools.
[3.335s]   warnings.warn(
[3.339s] /usr/lib/python3/dist-packages/setuptools/command/install.py:34: SetuptoolsDeprecationWarning: setup.py install is deprecated. Use build and pip and other standards-based tools.
[3.339s]   warnings.warn(
[3.856s] running egg_info
[3.856s] creating Thermal_Image_Save.egg-info
[3.857s] writing Thermal_Image_Save.egg-info/PKG-INFO
[3.858s] writing dependency_links to Thermal_Image_Save.egg-info/dependency_links.txt
[3.859s] writing entry points to Thermal_Image_Save.egg-info/entry_points.txt
[3.860s] writing requirements to Thermal_Image_Save.egg-info/requires.txt
[3.860s] writing top-level names to Thermal_Image_Save.egg-info/top_level.txt
[3.861s] writing manifest file 'Thermal_Image_Save.egg-info/SOURCES.txt'
[3.865s] reading manifest file 'Thermal_Image_Save.egg-info/SOURCES.txt'
[3.867s] writing manifest file 'Thermal_Image_Save.egg-info/SOURCES.txt'
[3.871s] running build_ext
[3.872s] Creating /home/msc-robot/Documents/Team4_ros_ws/src/High_Vis/Thermal_Images/install/Thermal_Image_Save/lib/python3.10/site-packages/Thermal-Image-Save.egg-link (link to .)
[3.874s] 
[3.875s] Installed /home/msc-robot/Documents/Team4_ros_ws/src/High_Vis/Thermal_Images/build/Thermal_Image_Save
[3.875s] running install_data
[3.876s] creating /home/msc-robot/Documents/Team4_ros_ws/src/High_Vis/Thermal_Images/install/Thermal_Image_Save/share/ament_index
[3.876s] creating /home/msc-robot/Documents/Team4_ros_ws/src/High_Vis/Thermal_Images/install/Thermal_Image_Save/share/ament_index/resource_index
[3.877s] creating /home/msc-robot/Documents/Team4_ros_ws/src/High_Vis/Thermal_Images/install/Thermal_Image_Save/share/ament_index/resource_index/packages
[3.877s] copying resource/Thermal_Image_Save -> /home/msc-robot/Documents/Team4_ros_ws/src/High_Vis/Thermal_Images/install/Thermal_Image_Save/share/ament_index/resource_index/packages
[3.878s] creating /home/msc-robot/Documents/Team4_ros_ws/src/High_Vis/Thermal_Images/install/Thermal_Image_Save/share/Thermal_Image_Save/launch
[3.879s] copying package.xml -> /home/msc-robot/Documents/Team4_ros_ws/src/High_Vis/Thermal_Images/install/Thermal_Image_Save/share/Thermal_Image_Save
[3.949s] Invoked command in '/home/msc-robot/Documents/Team4_ros_ws/src/High_Vis/Thermal_Images/build/Thermal_Image_Save' returned '0': PYTHONPATH=/home/msc-robot/Documents/Team4_ros_ws/src/High_Vis/Thermal_Images/build/Thermal_Image_Save/prefix_override:/home/msc-robot/Documents/Team4_ros_ws/src/High_Vis/Thermal_Images/install/Thermal_Image_Save/lib/python3.10/site-packages:${PYTHONPATH} /usr/bin/python3 setup.py develop --editable --build-directory /home/msc-robot/Documents/Team4_ros_ws/src/High_Vis/Thermal_Images/build/Thermal_Image_Save/build --no-deps install_data
