[1.099s] Invoking command in '/home/harry/High_Vis/post_process/src/pdf_generator': PYTHONPATH=/home/harry/High_Vis/post_process/build/pdf_generator/prefix_override:/home/harry/High_Vis/post_process/install/pdf_generator/lib/python3.10/site-packages:${PYTHONPATH} /usr/bin/python3 setup.py egg_info --egg-base ../../build/pdf_generator build --build-base /home/harry/High_Vis/post_process/build/pdf_generator/build install --record /home/harry/High_Vis/post_process/build/pdf_generator/install.log --single-version-externally-managed
[1.353s] running egg_info
[1.354s] writing ../../build/pdf_generator/pdf_generator.egg-info/PKG-INFO
[1.355s] writing dependency_links to ../../build/pdf_generator/pdf_generator.egg-info/dependency_links.txt
[1.355s] writing entry points to ../../build/pdf_generator/pdf_generator.egg-info/entry_points.txt
[1.355s] writing requirements to ../../build/pdf_generator/pdf_generator.egg-info/requires.txt
[1.355s] writing top-level names to ../../build/pdf_generator/pdf_generator.egg-info/top_level.txt
[1.357s] reading manifest file '../../build/pdf_generator/pdf_generator.egg-info/SOURCES.txt'
[1.359s] writing manifest file '../../build/pdf_generator/pdf_generator.egg-info/SOURCES.txt'
[1.359s] running build
[1.359s] running build_py
[1.359s] running install
[1.359s] running install_lib
[1.361s] running install_data
[1.361s] running install_egg_info
[1.363s] removing '/home/harry/High_Vis/post_process/install/pdf_generator/lib/python3.10/site-packages/pdf_generator-0.0.0-py3.10.egg-info' (and everything under it)
[1.363s] Copying ../../build/pdf_generator/pdf_generator.egg-info to /home/harry/High_Vis/post_process/install/pdf_generator/lib/python3.10/site-packages/pdf_generator-0.0.0-py3.10.egg-info
[1.365s] running install_scripts
[1.386s] Installing pg_node script to /home/harry/High_Vis/post_process/install/pdf_generator/lib/pdf_generator
[1.386s] writing list of installed files to '/home/harry/High_Vis/post_process/build/pdf_generator/install.log'
[1.460s] Invoked command in '/home/harry/High_Vis/post_process/src/pdf_generator' returned '0': PYTHONPATH=/home/harry/High_Vis/post_process/build/pdf_generator/prefix_override:/home/harry/High_Vis/post_process/install/pdf_generator/lib/python3.10/site-packages:${PYTHONPATH} /usr/bin/python3 setup.py egg_info --egg-base ../../build/pdf_generator build --build-base /home/harry/High_Vis/post_process/build/pdf_generator/build install --record /home/harry/High_Vis/post_process/build/pdf_generator/install.log --single-version-externally-managed
