running egg_info
creating ../../build/hotspot_detection/hotspot_detection.egg-info
writing ../../build/hotspot_detection/hotspot_detection.egg-info/PKG-INFO
writing dependency_links to ../../build/hotspot_detection/hotspot_detection.egg-info/dependency_links.txt
writing entry points to ../../build/hotspot_detection/hotspot_detection.egg-info/entry_points.txt
writing requirements to ../../build/hotspot_detection/hotspot_detection.egg-info/requires.txt
writing top-level names to ../../build/hotspot_detection/hotspot_detection.egg-info/top_level.txt
writing manifest file '../../build/hotspot_detection/hotspot_detection.egg-info/SOURCES.txt'
reading manifest file '../../build/hotspot_detection/hotspot_detection.egg-info/SOURCES.txt'
writing manifest file '../../build/hotspot_detection/hotspot_detection.egg-info/SOURCES.txt'
running build
running build_py
creating /home/msc-robot/Documents/Team4_ros_ws/src/High_Vis/post_process/build/hotspot_detection/build
creating /home/msc-robot/Documents/Team4_ros_ws/src/High_Vis/post_process/build/hotspot_detection/build/lib
creating /home/msc-robot/Documents/Team4_ros_ws/src/High_Vis/post_process/build/hotspot_detection/build/lib/hotspot_detection
copying hotspot_detection/hs_detect_node.py -> /home/msc-robot/Documents/Team4_ros_ws/src/High_Vis/post_process/build/hotspot_detection/build/lib/hotspot_detection
copying hotspot_detection/__init__.py -> /home/msc-robot/Documents/Team4_ros_ws/src/High_Vis/post_process/build/hotspot_detection/build/lib/hotspot_detection
running install
/usr/lib/python3/dist-packages/setuptools/command/install.py:34: SetuptoolsDeprecationWarning: setup.py install is deprecated. Use build and pip and other standards-based tools.
  warnings.warn(
running install_lib
creating /home/msc-robot/Documents/Team4_ros_ws/src/High_Vis/post_process/install/hotspot_detection/lib/python3.10/site-packages/hotspot_detection
copying /home/msc-robot/Documents/Team4_ros_ws/src/High_Vis/post_process/build/hotspot_detection/build/lib/hotspot_detection/hs_detect_node.py -> /home/msc-robot/Documents/Team4_ros_ws/src/High_Vis/post_process/install/hotspot_detection/lib/python3.10/site-packages/hotspot_detection
copying /home/msc-robot/Documents/Team4_ros_ws/src/High_Vis/post_process/build/hotspot_detection/build/lib/hotspot_detection/__init__.py -> /home/msc-robot/Documents/Team4_ros_ws/src/High_Vis/post_process/install/hotspot_detection/lib/python3.10/site-packages/hotspot_detection
byte-compiling /home/msc-robot/Documents/Team4_ros_ws/src/High_Vis/post_process/install/hotspot_detection/lib/python3.10/site-packages/hotspot_detection/hs_detect_node.py to hs_detect_node.cpython-310.pyc
byte-compiling /home/msc-robot/Documents/Team4_ros_ws/src/High_Vis/post_process/install/hotspot_detection/lib/python3.10/site-packages/hotspot_detection/__init__.py to __init__.cpython-310.pyc
running install_data
creating /home/msc-robot/Documents/Team4_ros_ws/src/High_Vis/post_process/install/hotspot_detection/share/ament_index
creating /home/msc-robot/Documents/Team4_ros_ws/src/High_Vis/post_process/install/hotspot_detection/share/ament_index/resource_index
creating /home/msc-robot/Documents/Team4_ros_ws/src/High_Vis/post_process/install/hotspot_detection/share/ament_index/resource_index/packages
copying resource/hotspot_detection -> /home/msc-robot/Documents/Team4_ros_ws/src/High_Vis/post_process/install/hotspot_detection/share/ament_index/resource_index/packages
copying package.xml -> /home/msc-robot/Documents/Team4_ros_ws/src/High_Vis/post_process/install/hotspot_detection/share/hotspot_detection
running install_egg_info
Copying ../../build/hotspot_detection/hotspot_detection.egg-info to /home/msc-robot/Documents/Team4_ros_ws/src/High_Vis/post_process/install/hotspot_detection/lib/python3.10/site-packages/hotspot_detection-0.0.0-py3.10.egg-info
running install_scripts
Installing hs_node script to /home/msc-robot/Documents/Team4_ros_ws/src/High_Vis/post_process/install/hotspot_detection/lib/hotspot_detection
writing list of installed files to '/home/msc-robot/Documents/Team4_ros_ws/src/High_Vis/post_process/build/hotspot_detection/install.log'
