[1.910s] Invoking command in '/home/msc-robot/Documents/Team4_ros_ws/src/High_Vis/post_process/src/hotspot_detection': PYTHONPATH=/home/msc-robot/Documents/Team4_ros_ws/src/High_Vis/post_process/build/hotspot_detection/prefix_override:/home/msc-robot/Documents/Team4_ros_ws/src/High_Vis/post_process/install/hotspot_detection/lib/python3.10/site-packages:${PYTHONPATH} /usr/bin/python3 setup.py egg_info --egg-base ../../build/hotspot_detection build --build-base /home/msc-robot/Documents/Team4_ros_ws/src/High_Vis/post_process/build/hotspot_detection/build install --record /home/msc-robot/Documents/Team4_ros_ws/src/High_Vis/post_process/build/hotspot_detection/install.log --single-version-externally-managed
[2.291s] running egg_info
[2.291s] creating ../../build/hotspot_detection/hotspot_detection.egg-info
[2.292s] writing ../../build/hotspot_detection/hotspot_detection.egg-info/PKG-INFO
[2.292s] writing dependency_links to ../../build/hotspot_detection/hotspot_detection.egg-info/dependency_links.txt
[2.292s] writing entry points to ../../build/hotspot_detection/hotspot_detection.egg-info/entry_points.txt
[2.293s] writing requirements to ../../build/hotspot_detection/hotspot_detection.egg-info/requires.txt
[2.293s] writing top-level names to ../../build/hotspot_detection/hotspot_detection.egg-info/top_level.txt
[2.293s] writing manifest file '../../build/hotspot_detection/hotspot_detection.egg-info/SOURCES.txt'
[2.296s] reading manifest file '../../build/hotspot_detection/hotspot_detection.egg-info/SOURCES.txt'
[2.298s] writing manifest file '../../build/hotspot_detection/hotspot_detection.egg-info/SOURCES.txt'
[2.298s] running build
[2.298s] running build_py
[2.298s] creating /home/msc-robot/Documents/Team4_ros_ws/src/High_Vis/post_process/build/hotspot_detection/build
[2.299s] creating /home/msc-robot/Documents/Team4_ros_ws/src/High_Vis/post_process/build/hotspot_detection/build/lib
[2.299s] creating /home/msc-robot/Documents/Team4_ros_ws/src/High_Vis/post_process/build/hotspot_detection/build/lib/hotspot_detection
[2.299s] copying hotspot_detection/hs_detect_node.py -> /home/msc-robot/Documents/Team4_ros_ws/src/High_Vis/post_process/build/hotspot_detection/build/lib/hotspot_detection
[2.301s] copying hotspot_detection/__init__.py -> /home/msc-robot/Documents/Team4_ros_ws/src/High_Vis/post_process/build/hotspot_detection/build/lib/hotspot_detection
[2.302s] running install
[2.302s] /usr/lib/python3/dist-packages/setuptools/command/install.py:34: SetuptoolsDeprecationWarning: setup.py install is deprecated. Use build and pip and other standards-based tools.
[2.302s]   warnings.warn(
[2.303s] running install_lib
[2.304s] creating /home/msc-robot/Documents/Team4_ros_ws/src/High_Vis/post_process/install/hotspot_detection/lib/python3.10/site-packages/hotspot_detection
[2.304s] copying /home/msc-robot/Documents/Team4_ros_ws/src/High_Vis/post_process/build/hotspot_detection/build/lib/hotspot_detection/hs_detect_node.py -> /home/msc-robot/Documents/Team4_ros_ws/src/High_Vis/post_process/install/hotspot_detection/lib/python3.10/site-packages/hotspot_detection
[2.304s] copying /home/msc-robot/Documents/Team4_ros_ws/src/High_Vis/post_process/build/hotspot_detection/build/lib/hotspot_detection/__init__.py -> /home/msc-robot/Documents/Team4_ros_ws/src/High_Vis/post_process/install/hotspot_detection/lib/python3.10/site-packages/hotspot_detection
[2.305s] byte-compiling /home/msc-robot/Documents/Team4_ros_ws/src/High_Vis/post_process/install/hotspot_detection/lib/python3.10/site-packages/hotspot_detection/hs_detect_node.py to hs_detect_node.cpython-310.pyc
[2.307s] byte-compiling /home/msc-robot/Documents/Team4_ros_ws/src/High_Vis/post_process/install/hotspot_detection/lib/python3.10/site-packages/hotspot_detection/__init__.py to __init__.cpython-310.pyc
[2.308s] running install_data
[2.309s] creating /home/msc-robot/Documents/Team4_ros_ws/src/High_Vis/post_process/install/hotspot_detection/share/ament_index
[2.309s] creating /home/msc-robot/Documents/Team4_ros_ws/src/High_Vis/post_process/install/hotspot_detection/share/ament_index/resource_index
[2.309s] creating /home/msc-robot/Documents/Team4_ros_ws/src/High_Vis/post_process/install/hotspot_detection/share/ament_index/resource_index/packages
[2.310s] copying resource/hotspot_detection -> /home/msc-robot/Documents/Team4_ros_ws/src/High_Vis/post_process/install/hotspot_detection/share/ament_index/resource_index/packages
[2.310s] copying package.xml -> /home/msc-robot/Documents/Team4_ros_ws/src/High_Vis/post_process/install/hotspot_detection/share/hotspot_detection
[2.310s] running install_egg_info
[2.315s] Copying ../../build/hotspot_detection/hotspot_detection.egg-info to /home/msc-robot/Documents/Team4_ros_ws/src/High_Vis/post_process/install/hotspot_detection/lib/python3.10/site-packages/hotspot_detection-0.0.0-py3.10.egg-info
[2.316s] running install_scripts
[2.348s] Installing hs_node script to /home/msc-robot/Documents/Team4_ros_ws/src/High_Vis/post_process/install/hotspot_detection/lib/hotspot_detection
[2.349s] writing list of installed files to '/home/msc-robot/Documents/Team4_ros_ws/src/High_Vis/post_process/build/hotspot_detection/install.log'
[2.393s] Invoked command in '/home/msc-robot/Documents/Team4_ros_ws/src/High_Vis/post_process/src/hotspot_detection' returned '0': PYTHONPATH=/home/msc-robot/Documents/Team4_ros_ws/src/High_Vis/post_process/build/hotspot_detection/prefix_override:/home/msc-robot/Documents/Team4_ros_ws/src/High_Vis/post_process/install/hotspot_detection/lib/python3.10/site-packages:${PYTHONPATH} /usr/bin/python3 setup.py egg_info --egg-base ../../build/hotspot_detection build --build-base /home/msc-robot/Documents/Team4_ros_ws/src/High_Vis/post_process/build/hotspot_detection/build install --record /home/msc-robot/Documents/Team4_ros_ws/src/High_Vis/post_process/build/hotspot_detection/install.log --single-version-externally-managed
