[11.639s] DEBUG:colcon:Command line arguments: ['/usr/bin/colcon', 'list', '-p', '--base-paths', '/home/harry/ros2_ws/src/High_Vis/hs_rep']
[11.643s] DEBUG:colcon:Parsed command line arguments: Namespace(log_base=None, log_level=None, verb_name='list', build_base='build', ignore_user_meta=False, metas=['./colcon.meta'], base_paths=['/home/harry/ros2_ws/src/High_Vis/hs_rep'], packages_ignore=None, packages_ignore_regex=None, paths=None, packages_up_to=None, packages_up_to_regex=None, packages_above=None, packages_above_and_dependencies=None, packages_above_depth=None, packages_select_by_dep=None, packages_skip_by_dep=None, packages_skip_up_to=None, packages_select_build_failed=False, packages_skip_build_finished=False, packages_select_test_failures=False, packages_skip_test_passed=False, packages_select=None, packages_skip=None, packages_select_regex=None, packages_skip_regex=None, packages_start=None, packages_end=None, allow_overriding=[], topological_order=False, names_only=False, paths_only=True, topological_graph=False, topological_graph_dot=False, topological_graph_density=False, topological_graph_legend=False, topological_graph_dot_cluster=False, topological_graph_dot_include_skipped=False, verb_parser=<colcon_defaults.argument_parser.defaults.DefaultArgumentsDecorator object at 0x7f662fa058d0>, verb_extension=<colcon_package_information.verb.list.ListVerb object at 0x7f662fa056f0>, main=<bound method ListVerb.main of <colcon_package_information.verb.list.ListVerb object at 0x7f662fa056f0>>)
[12.066s] Level 1:colcon.colcon_core.package_discovery:discover_packages(colcon_meta) check parameters
[12.066s] Level 1:colcon.colcon_core.package_discovery:discover_packages(recursive) check parameters
[12.066s] Level 1:colcon.colcon_core.package_discovery:discover_packages(ignore) check parameters
[12.066s] Level 1:colcon.colcon_core.package_discovery:discover_packages(path) check parameters
[12.066s] Level 1:colcon.colcon_core.package_discovery:discover_packages(recursive) discover
[12.067s] INFO:colcon.colcon_core.package_discovery:Crawling recursively for packages in '/home/harry/ros2_ws/src/High_Vis/hs_rep'
[12.067s] Level 1:colcon.colcon_core.package_identification:_identify(/home/harry/ros2_ws/src/High_Vis/hs_rep) by extensions ['ignore', 'ignore_ament_install']
[12.067s] Level 1:colcon.colcon_core.package_identification:_identify(/home/harry/ros2_ws/src/High_Vis/hs_rep) by extension 'ignore'
[12.067s] Level 1:colcon.colcon_core.package_identification:_identify(/home/harry/ros2_ws/src/High_Vis/hs_rep) by extension 'ignore_ament_install'
[12.068s] Level 1:colcon.colcon_core.package_identification:_identify(/home/harry/ros2_ws/src/High_Vis/hs_rep) by extensions ['colcon_pkg']
[12.068s] Level 1:colcon.colcon_core.package_identification:_identify(/home/harry/ros2_ws/src/High_Vis/hs_rep) by extension 'colcon_pkg'
[12.068s] Level 1:colcon.colcon_core.package_identification:_identify(/home/harry/ros2_ws/src/High_Vis/hs_rep) by extensions ['colcon_meta']
[12.068s] Level 1:colcon.colcon_core.package_identification:_identify(/home/harry/ros2_ws/src/High_Vis/hs_rep) by extension 'colcon_meta'
[12.068s] Level 1:colcon.colcon_core.package_identification:_identify(/home/harry/ros2_ws/src/High_Vis/hs_rep) by extensions ['ros']
[12.068s] Level 1:colcon.colcon_core.package_identification:_identify(/home/harry/ros2_ws/src/High_Vis/hs_rep) by extension 'ros'
[12.155s] Level 1:colcon.colcon_core.package_identification:_identify(/home/harry/ros2_ws/src/High_Vis/hs_rep) by extensions ['cmake', 'python']
[12.155s] Level 1:colcon.colcon_core.package_identification:_identify(/home/harry/ros2_ws/src/High_Vis/hs_rep) by extension 'cmake'
[12.155s] Level 1:colcon.colcon_core.package_identification:_identify(/home/harry/ros2_ws/src/High_Vis/hs_rep) by extension 'python'
[12.156s] Level 1:colcon.colcon_core.package_identification:_identify(/home/harry/ros2_ws/src/High_Vis/hs_rep) by extensions ['python_setup_py']
[12.156s] Level 1:colcon.colcon_core.package_identification:_identify(/home/harry/ros2_ws/src/High_Vis/hs_rep) by extension 'python_setup_py'
[12.156s] Level 1:colcon.colcon_core.package_identification:_identify(/home/harry/ros2_ws/src/High_Vis/hs_rep/build) by extensions ['ignore', 'ignore_ament_install']
[12.156s] Level 1:colcon.colcon_core.package_identification:_identify(/home/harry/ros2_ws/src/High_Vis/hs_rep/build) by extension 'ignore'
[12.157s] Level 1:colcon.colcon_core.package_identification:_identify(/home/harry/ros2_ws/src/High_Vis/hs_rep/build) ignored
[12.157s] Level 1:colcon.colcon_core.package_identification:_identify(/home/harry/ros2_ws/src/High_Vis/hs_rep/hotspot photos) by extensions ['ignore', 'ignore_ament_install']
[12.157s] Level 1:colcon.colcon_core.package_identification:_identify(/home/harry/ros2_ws/src/High_Vis/hs_rep/hotspot photos) by extension 'ignore'
[12.157s] Level 1:colcon.colcon_core.package_identification:_identify(/home/harry/ros2_ws/src/High_Vis/hs_rep/hotspot photos) by extension 'ignore_ament_install'
[12.158s] Level 1:colcon.colcon_core.package_identification:_identify(/home/harry/ros2_ws/src/High_Vis/hs_rep/hotspot photos) by extensions ['colcon_pkg']
[12.158s] Level 1:colcon.colcon_core.package_identification:_identify(/home/harry/ros2_ws/src/High_Vis/hs_rep/hotspot photos) by extension 'colcon_pkg'
[12.158s] Level 1:colcon.colcon_core.package_identification:_identify(/home/harry/ros2_ws/src/High_Vis/hs_rep/hotspot photos) by extensions ['colcon_meta']
[12.158s] Level 1:colcon.colcon_core.package_identification:_identify(/home/harry/ros2_ws/src/High_Vis/hs_rep/hotspot photos) by extension 'colcon_meta'
[12.158s] Level 1:colcon.colcon_core.package_identification:_identify(/home/harry/ros2_ws/src/High_Vis/hs_rep/hotspot photos) by extensions ['ros']
[12.158s] Level 1:colcon.colcon_core.package_identification:_identify(/home/harry/ros2_ws/src/High_Vis/hs_rep/hotspot photos) by extension 'ros'
[12.158s] Level 1:colcon.colcon_core.package_identification:_identify(/home/harry/ros2_ws/src/High_Vis/hs_rep/hotspot photos) by extensions ['cmake', 'python']
[12.158s] Level 1:colcon.colcon_core.package_identification:_identify(/home/harry/ros2_ws/src/High_Vis/hs_rep/hotspot photos) by extension 'cmake'
[12.159s] Level 1:colcon.colcon_core.package_identification:_identify(/home/harry/ros2_ws/src/High_Vis/hs_rep/hotspot photos) by extension 'python'
[12.159s] Level 1:colcon.colcon_core.package_identification:_identify(/home/harry/ros2_ws/src/High_Vis/hs_rep/hotspot photos) by extensions ['python_setup_py']
[12.159s] Level 1:colcon.colcon_core.package_identification:_identify(/home/harry/ros2_ws/src/High_Vis/hs_rep/hotspot photos) by extension 'python_setup_py'
[12.160s] Level 1:colcon.colcon_core.package_identification:_identify(/home/harry/ros2_ws/src/High_Vis/hs_rep/install) by extensions ['ignore', 'ignore_ament_install']
[12.160s] Level 1:colcon.colcon_core.package_identification:_identify(/home/harry/ros2_ws/src/High_Vis/hs_rep/install) by extension 'ignore'
[12.161s] Level 1:colcon.colcon_core.package_identification:_identify(/home/harry/ros2_ws/src/High_Vis/hs_rep/install) ignored
[12.161s] Level 1:colcon.colcon_core.package_identification:_identify(/home/harry/ros2_ws/src/High_Vis/hs_rep/log) by extensions ['ignore', 'ignore_ament_install']
[12.162s] Level 1:colcon.colcon_core.package_identification:_identify(/home/harry/ros2_ws/src/High_Vis/hs_rep/log) by extension 'ignore'
[12.162s] Level 1:colcon.colcon_core.package_identification:_identify(/home/harry/ros2_ws/src/High_Vis/hs_rep/log) ignored
[12.162s] Level 1:colcon.colcon_core.package_identification:_identify(/home/harry/ros2_ws/src/High_Vis/hs_rep/mp_1) by extensions ['ignore', 'ignore_ament_install']
[12.162s] Level 1:colcon.colcon_core.package_identification:_identify(/home/harry/ros2_ws/src/High_Vis/hs_rep/mp_1) by extension 'ignore'
[12.162s] Level 1:colcon.colcon_core.package_identification:_identify(/home/harry/ros2_ws/src/High_Vis/hs_rep/mp_1) by extension 'ignore_ament_install'
[12.163s] Level 1:colcon.colcon_core.package_identification:_identify(/home/harry/ros2_ws/src/High_Vis/hs_rep/mp_1) by extensions ['colcon_pkg']
[12.163s] Level 1:colcon.colcon_core.package_identification:_identify(/home/harry/ros2_ws/src/High_Vis/hs_rep/mp_1) by extension 'colcon_pkg'
[12.163s] Level 1:colcon.colcon_core.package_identification:_identify(/home/harry/ros2_ws/src/High_Vis/hs_rep/mp_1) by extensions ['colcon_meta']
[12.163s] Level 1:colcon.colcon_core.package_identification:_identify(/home/harry/ros2_ws/src/High_Vis/hs_rep/mp_1) by extension 'colcon_meta'
[12.163s] Level 1:colcon.colcon_core.package_identification:_identify(/home/harry/ros2_ws/src/High_Vis/hs_rep/mp_1) by extensions ['ros']
[12.164s] Level 1:colcon.colcon_core.package_identification:_identify(/home/harry/ros2_ws/src/High_Vis/hs_rep/mp_1) by extension 'ros'
[12.164s] Level 1:colcon.colcon_core.package_identification:_identify(/home/harry/ros2_ws/src/High_Vis/hs_rep/mp_1) by extensions ['cmake', 'python']
[12.164s] Level 1:colcon.colcon_core.package_identification:_identify(/home/harry/ros2_ws/src/High_Vis/hs_rep/mp_1) by extension 'cmake'
[12.164s] Level 1:colcon.colcon_core.package_identification:_identify(/home/harry/ros2_ws/src/High_Vis/hs_rep/mp_1) by extension 'python'
[12.164s] Level 1:colcon.colcon_core.package_identification:_identify(/home/harry/ros2_ws/src/High_Vis/hs_rep/mp_1) by extensions ['python_setup_py']
[12.164s] Level 1:colcon.colcon_core.package_identification:_identify(/home/harry/ros2_ws/src/High_Vis/hs_rep/mp_1) by extension 'python_setup_py'
[12.167s] Level 1:colcon.colcon_core.package_identification:_identify(/home/harry/ros2_ws/src/High_Vis/hs_rep/mp_1/acoustic) by extensions ['ignore', 'ignore_ament_install']
[12.168s] Level 1:colcon.colcon_core.package_identification:_identify(/home/harry/ros2_ws/src/High_Vis/hs_rep/mp_1/acoustic) by extension 'ignore'
[12.168s] Level 1:colcon.colcon_core.package_identification:_identify(/home/harry/ros2_ws/src/High_Vis/hs_rep/mp_1/acoustic) by extension 'ignore_ament_install'
[12.169s] Level 1:colcon.colcon_core.package_identification:_identify(/home/harry/ros2_ws/src/High_Vis/hs_rep/mp_1/acoustic) by extensions ['colcon_pkg']
[12.169s] Level 1:colcon.colcon_core.package_identification:_identify(/home/harry/ros2_ws/src/High_Vis/hs_rep/mp_1/acoustic) by extension 'colcon_pkg'
[12.169s] Level 1:colcon.colcon_core.package_identification:_identify(/home/harry/ros2_ws/src/High_Vis/hs_rep/mp_1/acoustic) by extensions ['colcon_meta']
[12.169s] Level 1:colcon.colcon_core.package_identification:_identify(/home/harry/ros2_ws/src/High_Vis/hs_rep/mp_1/acoustic) by extension 'colcon_meta'
[12.169s] Level 1:colcon.colcon_core.package_identification:_identify(/home/harry/ros2_ws/src/High_Vis/hs_rep/mp_1/acoustic) by extensions ['ros']
[12.169s] Level 1:colcon.colcon_core.package_identification:_identify(/home/harry/ros2_ws/src/High_Vis/hs_rep/mp_1/acoustic) by extension 'ros'
[12.169s] Level 1:colcon.colcon_core.package_identification:_identify(/home/harry/ros2_ws/src/High_Vis/hs_rep/mp_1/acoustic) by extensions ['cmake', 'python']
[12.169s] Level 1:colcon.colcon_core.package_identification:_identify(/home/harry/ros2_ws/src/High_Vis/hs_rep/mp_1/acoustic) by extension 'cmake'
[12.169s] Level 1:colcon.colcon_core.package_identification:_identify(/home/harry/ros2_ws/src/High_Vis/hs_rep/mp_1/acoustic) by extension 'python'
[12.169s] Level 1:colcon.colcon_core.package_identification:_identify(/home/harry/ros2_ws/src/High_Vis/hs_rep/mp_1/acoustic) by extensions ['python_setup_py']
[12.169s] Level 1:colcon.colcon_core.package_identification:_identify(/home/harry/ros2_ws/src/High_Vis/hs_rep/mp_1/acoustic) by extension 'python_setup_py'
[12.170s] Level 1:colcon.colcon_core.package_identification:_identify(/home/harry/ros2_ws/src/High_Vis/hs_rep/mp_1/thermal) by extensions ['ignore', 'ignore_ament_install']
[12.170s] Level 1:colcon.colcon_core.package_identification:_identify(/home/harry/ros2_ws/src/High_Vis/hs_rep/mp_1/thermal) by extension 'ignore'
[12.170s] Level 1:colcon.colcon_core.package_identification:_identify(/home/harry/ros2_ws/src/High_Vis/hs_rep/mp_1/thermal) by extension 'ignore_ament_install'
[12.170s] Level 1:colcon.colcon_core.package_identification:_identify(/home/harry/ros2_ws/src/High_Vis/hs_rep/mp_1/thermal) by extensions ['colcon_pkg']
[12.171s] Level 1:colcon.colcon_core.package_identification:_identify(/home/harry/ros2_ws/src/High_Vis/hs_rep/mp_1/thermal) by extension 'colcon_pkg'
[12.171s] Level 1:colcon.colcon_core.package_identification:_identify(/home/harry/ros2_ws/src/High_Vis/hs_rep/mp_1/thermal) by extensions ['colcon_meta']
[12.171s] Level 1:colcon.colcon_core.package_identification:_identify(/home/harry/ros2_ws/src/High_Vis/hs_rep/mp_1/thermal) by extension 'colcon_meta'
[12.171s] Level 1:colcon.colcon_core.package_identification:_identify(/home/harry/ros2_ws/src/High_Vis/hs_rep/mp_1/thermal) by extensions ['ros']
[12.171s] Level 1:colcon.colcon_core.package_identification:_identify(/home/harry/ros2_ws/src/High_Vis/hs_rep/mp_1/thermal) by extension 'ros'
[12.171s] Level 1:colcon.colcon_core.package_identification:_identify(/home/harry/ros2_ws/src/High_Vis/hs_rep/mp_1/thermal) by extensions ['cmake', 'python']
[12.171s] Level 1:colcon.colcon_core.package_identification:_identify(/home/harry/ros2_ws/src/High_Vis/hs_rep/mp_1/thermal) by extension 'cmake'
[12.171s] Level 1:colcon.colcon_core.package_identification:_identify(/home/harry/ros2_ws/src/High_Vis/hs_rep/mp_1/thermal) by extension 'python'
[12.172s] Level 1:colcon.colcon_core.package_identification:_identify(/home/harry/ros2_ws/src/High_Vis/hs_rep/mp_1/thermal) by extensions ['python_setup_py']
[12.172s] Level 1:colcon.colcon_core.package_identification:_identify(/home/harry/ros2_ws/src/High_Vis/hs_rep/mp_1/thermal) by extension 'python_setup_py'
[12.172s] Level 1:colcon.colcon_core.package_identification:_identify(/home/harry/ros2_ws/src/High_Vis/hs_rep/mp_2) by extensions ['ignore', 'ignore_ament_install']
[12.172s] Level 1:colcon.colcon_core.package_identification:_identify(/home/harry/ros2_ws/src/High_Vis/hs_rep/mp_2) by extension 'ignore'
[12.172s] Level 1:colcon.colcon_core.package_identification:_identify(/home/harry/ros2_ws/src/High_Vis/hs_rep/mp_2) by extension 'ignore_ament_install'
[12.172s] Level 1:colcon.colcon_core.package_identification:_identify(/home/harry/ros2_ws/src/High_Vis/hs_rep/mp_2) by extensions ['colcon_pkg']
[12.172s] Level 1:colcon.colcon_core.package_identification:_identify(/home/harry/ros2_ws/src/High_Vis/hs_rep/mp_2) by extension 'colcon_pkg'
[12.172s] Level 1:colcon.colcon_core.package_identification:_identify(/home/harry/ros2_ws/src/High_Vis/hs_rep/mp_2) by extensions ['colcon_meta']
[12.172s] Level 1:colcon.colcon_core.package_identification:_identify(/home/harry/ros2_ws/src/High_Vis/hs_rep/mp_2) by extension 'colcon_meta'
[12.173s] Level 1:colcon.colcon_core.package_identification:_identify(/home/harry/ros2_ws/src/High_Vis/hs_rep/mp_2) by extensions ['ros']
[12.173s] Level 1:colcon.colcon_core.package_identification:_identify(/home/harry/ros2_ws/src/High_Vis/hs_rep/mp_2) by extension 'ros'
[12.173s] Level 1:colcon.colcon_core.package_identification:_identify(/home/harry/ros2_ws/src/High_Vis/hs_rep/mp_2) by extensions ['cmake', 'python']
[12.173s] Level 1:colcon.colcon_core.package_identification:_identify(/home/harry/ros2_ws/src/High_Vis/hs_rep/mp_2) by extension 'cmake'
[12.173s] Level 1:colcon.colcon_core.package_identification:_identify(/home/harry/ros2_ws/src/High_Vis/hs_rep/mp_2) by extension 'python'
[12.173s] Level 1:colcon.colcon_core.package_identification:_identify(/home/harry/ros2_ws/src/High_Vis/hs_rep/mp_2) by extensions ['python_setup_py']
[12.173s] Level 1:colcon.colcon_core.package_identification:_identify(/home/harry/ros2_ws/src/High_Vis/hs_rep/mp_2) by extension 'python_setup_py'
[12.174s] Level 1:colcon.colcon_core.package_identification:_identify(/home/harry/ros2_ws/src/High_Vis/hs_rep/mp_3) by extensions ['ignore', 'ignore_ament_install']
[12.174s] Level 1:colcon.colcon_core.package_identification:_identify(/home/harry/ros2_ws/src/High_Vis/hs_rep/mp_3) by extension 'ignore'
[12.174s] Level 1:colcon.colcon_core.package_identification:_identify(/home/harry/ros2_ws/src/High_Vis/hs_rep/mp_3) by extension 'ignore_ament_install'
[12.174s] Level 1:colcon.colcon_core.package_identification:_identify(/home/harry/ros2_ws/src/High_Vis/hs_rep/mp_3) by extensions ['colcon_pkg']
[12.175s] Level 1:colcon.colcon_core.package_identification:_identify(/home/harry/ros2_ws/src/High_Vis/hs_rep/mp_3) by extension 'colcon_pkg'
[12.176s] Level 1:colcon.colcon_core.package_identification:_identify(/home/harry/ros2_ws/src/High_Vis/hs_rep/mp_3) by extensions ['colcon_meta']
[12.176s] Level 1:colcon.colcon_core.package_identification:_identify(/home/harry/ros2_ws/src/High_Vis/hs_rep/mp_3) by extension 'colcon_meta'
[12.176s] Level 1:colcon.colcon_core.package_identification:_identify(/home/harry/ros2_ws/src/High_Vis/hs_rep/mp_3) by extensions ['ros']
[12.176s] Level 1:colcon.colcon_core.package_identification:_identify(/home/harry/ros2_ws/src/High_Vis/hs_rep/mp_3) by extension 'ros'
[12.176s] Level 1:colcon.colcon_core.package_identification:_identify(/home/harry/ros2_ws/src/High_Vis/hs_rep/mp_3) by extensions ['cmake', 'python']
[12.176s] Level 1:colcon.colcon_core.package_identification:_identify(/home/harry/ros2_ws/src/High_Vis/hs_rep/mp_3) by extension 'cmake'
[12.177s] Level 1:colcon.colcon_core.package_identification:_identify(/home/harry/ros2_ws/src/High_Vis/hs_rep/mp_3) by extension 'python'
[12.177s] Level 1:colcon.colcon_core.package_identification:_identify(/home/harry/ros2_ws/src/High_Vis/hs_rep/mp_3) by extensions ['python_setup_py']
[12.177s] Level 1:colcon.colcon_core.package_identification:_identify(/home/harry/ros2_ws/src/High_Vis/hs_rep/mp_3) by extension 'python_setup_py'
[12.177s] Level 1:colcon.colcon_core.package_identification:_identify(/home/harry/ros2_ws/src/High_Vis/hs_rep/src) by extensions ['ignore', 'ignore_ament_install']
[12.177s] Level 1:colcon.colcon_core.package_identification:_identify(/home/harry/ros2_ws/src/High_Vis/hs_rep/src) by extension 'ignore'
[12.177s] Level 1:colcon.colcon_core.package_identification:_identify(/home/harry/ros2_ws/src/High_Vis/hs_rep/src) by extension 'ignore_ament_install'
[12.179s] Level 1:colcon.colcon_core.package_identification:_identify(/home/harry/ros2_ws/src/High_Vis/hs_rep/src) by extensions ['colcon_pkg']
[12.180s] Level 1:colcon.colcon_core.package_identification:_identify(/home/harry/ros2_ws/src/High_Vis/hs_rep/src) by extension 'colcon_pkg'
[12.180s] Level 1:colcon.colcon_core.package_identification:_identify(/home/harry/ros2_ws/src/High_Vis/hs_rep/src) by extensions ['colcon_meta']
[12.181s] Level 1:colcon.colcon_core.package_identification:_identify(/home/harry/ros2_ws/src/High_Vis/hs_rep/src) by extension 'colcon_meta'
[12.181s] Level 1:colcon.colcon_core.package_identification:_identify(/home/harry/ros2_ws/src/High_Vis/hs_rep/src) by extensions ['ros']
[12.181s] Level 1:colcon.colcon_core.package_identification:_identify(/home/harry/ros2_ws/src/High_Vis/hs_rep/src) by extension 'ros'
[12.181s] Level 1:colcon.colcon_core.package_identification:_identify(/home/harry/ros2_ws/src/High_Vis/hs_rep/src) by extensions ['cmake', 'python']
[12.182s] Level 1:colcon.colcon_core.package_identification:_identify(/home/harry/ros2_ws/src/High_Vis/hs_rep/src) by extension 'cmake'
[12.184s] Level 1:colcon.colcon_core.package_identification:_identify(/home/harry/ros2_ws/src/High_Vis/hs_rep/src) by extension 'python'
[12.184s] Level 1:colcon.colcon_core.package_identification:_identify(/home/harry/ros2_ws/src/High_Vis/hs_rep/src) by extensions ['python_setup_py']
[12.186s] Level 1:colcon.colcon_core.package_identification:_identify(/home/harry/ros2_ws/src/High_Vis/hs_rep/src) by extension 'python_setup_py'
[12.187s] Level 1:colcon.colcon_core.package_identification:_identify(/home/harry/ros2_ws/src/High_Vis/hs_rep/src/cam_topic) by extensions ['ignore', 'ignore_ament_install']
[12.188s] Level 1:colcon.colcon_core.package_identification:_identify(/home/harry/ros2_ws/src/High_Vis/hs_rep/src/cam_topic) by extension 'ignore'
[12.188s] Level 1:colcon.colcon_core.package_identification:_identify(/home/harry/ros2_ws/src/High_Vis/hs_rep/src/cam_topic) by extension 'ignore_ament_install'
[12.188s] Level 1:colcon.colcon_core.package_identification:_identify(/home/harry/ros2_ws/src/High_Vis/hs_rep/src/cam_topic) by extensions ['colcon_pkg']
[12.188s] Level 1:colcon.colcon_core.package_identification:_identify(/home/harry/ros2_ws/src/High_Vis/hs_rep/src/cam_topic) by extension 'colcon_pkg'
[12.188s] Level 1:colcon.colcon_core.package_identification:_identify(/home/harry/ros2_ws/src/High_Vis/hs_rep/src/cam_topic) by extensions ['colcon_meta']
[12.188s] Level 1:colcon.colcon_core.package_identification:_identify(/home/harry/ros2_ws/src/High_Vis/hs_rep/src/cam_topic) by extension 'colcon_meta'
[12.189s] Level 1:colcon.colcon_core.package_identification:_identify(/home/harry/ros2_ws/src/High_Vis/hs_rep/src/cam_topic) by extensions ['ros']
[12.189s] Level 1:colcon.colcon_core.package_identification:_identify(/home/harry/ros2_ws/src/High_Vis/hs_rep/src/cam_topic) by extension 'ros'
[12.198s] DEBUG:colcon.colcon_core.package_identification:Package '/home/harry/ros2_ws/src/High_Vis/hs_rep/src/cam_topic' with type 'ros.ament_python' and name 'cam_topic'
[12.199s] Level 1:colcon.colcon_core.package_identification:_identify(/home/harry/ros2_ws/src/High_Vis/hs_rep/src/hotspot_detection) by extensions ['ignore', 'ignore_ament_install']
[12.199s] Level 1:colcon.colcon_core.package_identification:_identify(/home/harry/ros2_ws/src/High_Vis/hs_rep/src/hotspot_detection) by extension 'ignore'
[12.199s] Level 1:colcon.colcon_core.package_identification:_identify(/home/harry/ros2_ws/src/High_Vis/hs_rep/src/hotspot_detection) by extension 'ignore_ament_install'
[12.199s] Level 1:colcon.colcon_core.package_identification:_identify(/home/harry/ros2_ws/src/High_Vis/hs_rep/src/hotspot_detection) by extensions ['colcon_pkg']
[12.199s] Level 1:colcon.colcon_core.package_identification:_identify(/home/harry/ros2_ws/src/High_Vis/hs_rep/src/hotspot_detection) by extension 'colcon_pkg'
[12.199s] Level 1:colcon.colcon_core.package_identification:_identify(/home/harry/ros2_ws/src/High_Vis/hs_rep/src/hotspot_detection) by extensions ['colcon_meta']
[12.199s] Level 1:colcon.colcon_core.package_identification:_identify(/home/harry/ros2_ws/src/High_Vis/hs_rep/src/hotspot_detection) by extension 'colcon_meta'
[12.199s] Level 1:colcon.colcon_core.package_identification:_identify(/home/harry/ros2_ws/src/High_Vis/hs_rep/src/hotspot_detection) by extensions ['ros']
[12.200s] Level 1:colcon.colcon_core.package_identification:_identify(/home/harry/ros2_ws/src/High_Vis/hs_rep/src/hotspot_detection) by extension 'ros'
[12.226s] DEBUG:colcon.colcon_core.package_identification:Package '/home/harry/ros2_ws/src/High_Vis/hs_rep/src/hotspot_detection' with type 'ros.ament_python' and name 'hotspot_detection'
[12.226s] Level 1:colcon.colcon_core.package_identification:_identify(/home/harry/ros2_ws/src/High_Vis/hs_rep/src/pdf_generator) by extensions ['ignore', 'ignore_ament_install']
[12.226s] Level 1:colcon.colcon_core.package_identification:_identify(/home/harry/ros2_ws/src/High_Vis/hs_rep/src/pdf_generator) by extension 'ignore'
[12.227s] Level 1:colcon.colcon_core.package_identification:_identify(/home/harry/ros2_ws/src/High_Vis/hs_rep/src/pdf_generator) by extension 'ignore_ament_install'
[12.227s] Level 1:colcon.colcon_core.package_identification:_identify(/home/harry/ros2_ws/src/High_Vis/hs_rep/src/pdf_generator) by extensions ['colcon_pkg']
[12.227s] Level 1:colcon.colcon_core.package_identification:_identify(/home/harry/ros2_ws/src/High_Vis/hs_rep/src/pdf_generator) by extension 'colcon_pkg'
[12.227s] Level 1:colcon.colcon_core.package_identification:_identify(/home/harry/ros2_ws/src/High_Vis/hs_rep/src/pdf_generator) by extensions ['colcon_meta']
[12.227s] Level 1:colcon.colcon_core.package_identification:_identify(/home/harry/ros2_ws/src/High_Vis/hs_rep/src/pdf_generator) by extension 'colcon_meta'
[12.227s] Level 1:colcon.colcon_core.package_identification:_identify(/home/harry/ros2_ws/src/High_Vis/hs_rep/src/pdf_generator) by extensions ['ros']
[12.227s] Level 1:colcon.colcon_core.package_identification:_identify(/home/harry/ros2_ws/src/High_Vis/hs_rep/src/pdf_generator) by extension 'ros'
[12.229s] DEBUG:colcon.colcon_core.package_identification:Package '/home/harry/ros2_ws/src/High_Vis/hs_rep/src/pdf_generator' with type 'ros.ament_python' and name 'pdf_generator'
[12.229s] Level 1:colcon.colcon_core.package_discovery:discover_packages(recursive) using defaults
