[1.174s] Invoking command in '/home/harry/High_Vis/post_process/src/hotspot_detection': PYTHONPATH=/home/harry/High_Vis/post_process/build/hotspot_detection/prefix_override:/home/harry/High_Vis/post_process/install/hotspot_detection/lib/python3.10/site-packages:${PYTHONPATH} /usr/bin/python3 setup.py egg_info --egg-base ../../build/hotspot_detection build --build-base /home/harry/High_Vis/post_process/build/hotspot_detection/build install --record /home/harry/High_Vis/post_process/build/hotspot_detection/install.log --single-version-externally-managed
[1.417s] running egg_info
[1.418s] writing ../../build/hotspot_detection/hotspot_detection.egg-info/PKG-INFO
[1.419s] writing dependency_links to ../../build/hotspot_detection/hotspot_detection.egg-info/dependency_links.txt
[1.419s] writing entry points to ../../build/hotspot_detection/hotspot_detection.egg-info/entry_points.txt
[1.419s] writing requirements to ../../build/hotspot_detection/hotspot_detection.egg-info/requires.txt
[1.419s] writing top-level names to ../../build/hotspot_detection/hotspot_detection.egg-info/top_level.txt
[1.421s] reading manifest file '../../build/hotspot_detection/hotspot_detection.egg-info/SOURCES.txt'
[1.423s] writing manifest file '../../build/hotspot_detection/hotspot_detection.egg-info/SOURCES.txt'
[1.423s] running build
[1.423s] running build_py
[1.423s] copying hotspot_detection/hs_detect_node.py -> /home/harry/High_Vis/post_process/build/hotspot_detection/build/lib/hotspot_detection
[1.423s] running install
[1.424s] running install_lib
[1.424s] copying /home/harry/High_Vis/post_process/build/hotspot_detection/build/lib/hotspot_detection/hs_detect_node.py -> /home/harry/High_Vis/post_process/install/hotspot_detection/lib/python3.10/site-packages/hotspot_detection
[1.425s] byte-compiling /home/harry/High_Vis/post_process/install/hotspot_detection/lib/python3.10/site-packages/hotspot_detection/hs_detect_node.py to hs_detect_node.cpython-310.pyc
[1.426s] running install_data
[1.426s] running install_egg_info
[1.428s] removing '/home/harry/High_Vis/post_process/install/hotspot_detection/lib/python3.10/site-packages/hotspot_detection-0.0.0-py3.10.egg-info' (and everything under it)
[1.428s] Copying ../../build/hotspot_detection/hotspot_detection.egg-info to /home/harry/High_Vis/post_process/install/hotspot_detection/lib/python3.10/site-packages/hotspot_detection-0.0.0-py3.10.egg-info
[1.430s] running install_scripts
[1.449s] Installing hs_node script to /home/harry/High_Vis/post_process/install/hotspot_detection/lib/hotspot_detection
[1.449s] writing list of installed files to '/home/harry/High_Vis/post_process/build/hotspot_detection/install.log'
[1.481s] Invoked command in '/home/harry/High_Vis/post_process/src/hotspot_detection' returned '0': PYTHONPATH=/home/harry/High_Vis/post_process/build/hotspot_detection/prefix_override:/home/harry/High_Vis/post_process/install/hotspot_detection/lib/python3.10/site-packages:${PYTHONPATH} /usr/bin/python3 setup.py egg_info --egg-base ../../build/hotspot_detection build --build-base /home/harry/High_Vis/post_process/build/hotspot_detection/build install --record /home/harry/High_Vis/post_process/build/hotspot_detection/install.log --single-version-externally-managed
