[0.875s] Invoking command in '/home/harry/High_Vis/Thermal_Images/src/Thermal_Image_Save': PYTHONPATH=/home/harry/High_Vis/Thermal_Images/build/Thermal_Image_Save/prefix_override:/home/harry/High_Vis/Thermal_Images/install/Thermal_Image_Save/lib/python3.10/site-packages:${PYTHONPATH} /usr/bin/python3 setup.py egg_info --egg-base ../../build/Thermal_Image_Save build --build-base /home/harry/High_Vis/Thermal_Images/build/Thermal_Image_Save/build install --record /home/harry/High_Vis/Thermal_Images/build/Thermal_Image_Save/install.log --single-version-externally-managed
[1.105s] running egg_info
[1.106s] writing ../../build/Thermal_Image_Save/Thermal_Image_Save.egg-info/PKG-INFO
[1.107s] writing dependency_links to ../../build/Thermal_Image_Save/Thermal_Image_Save.egg-info/dependency_links.txt
[1.107s] writing entry points to ../../build/Thermal_Image_Save/Thermal_Image_Save.egg-info/entry_points.txt
[1.107s] writing requirements to ../../build/Thermal_Image_Save/Thermal_Image_Save.egg-info/requires.txt
[1.107s] writing top-level names to ../../build/Thermal_Image_Save/Thermal_Image_Save.egg-info/top_level.txt
[1.110s] reading manifest file '../../build/Thermal_Image_Save/Thermal_Image_Save.egg-info/SOURCES.txt'
[1.111s] writing manifest file '../../build/Thermal_Image_Save/Thermal_Image_Save.egg-info/SOURCES.txt'
[1.111s] running build
[1.112s] running build_py
[1.112s] running install
[1.112s] running install_lib
[1.114s] running install_data
[1.115s] running install_egg_info
[1.120s] removing '/home/harry/High_Vis/Thermal_Images/install/Thermal_Image_Save/lib/python3.10/site-packages/Thermal_Image_Save-0.0.0-py3.10.egg-info' (and everything under it)
[1.121s] Copying ../../build/Thermal_Image_Save/Thermal_Image_Save.egg-info to /home/harry/High_Vis/Thermal_Images/install/Thermal_Image_Save/lib/python3.10/site-packages/Thermal_Image_Save-0.0.0-py3.10.egg-info
[1.123s] running install_scripts
[1.173s] writing list of installed files to '/home/harry/High_Vis/Thermal_Images/build/Thermal_Image_Save/install.log'
[1.202s] Invoked command in '/home/harry/High_Vis/Thermal_Images/src/Thermal_Image_Save' returned '0': PYTHONPATH=/home/harry/High_Vis/Thermal_Images/build/Thermal_Image_Save/prefix_override:/home/harry/High_Vis/Thermal_Images/install/Thermal_Image_Save/lib/python3.10/site-packages:${PYTHONPATH} /usr/bin/python3 setup.py egg_info --egg-base ../../build/Thermal_Image_Save build --build-base /home/harry/High_Vis/Thermal_Images/build/Thermal_Image_Save/build install --record /home/harry/High_Vis/Thermal_Images/build/Thermal_Image_Save/install.log --single-version-externally-managed
