[0.086s] Invoking command in '/home/harry/ros2_ws/src/High_Vis/actions/build/hotspot_action': CMAKE_PREFIX_PATH=/opt/ros/humble /usr/bin/cmake --build /home/harry/ros2_ws/src/High_Vis/actions/build/hotspot_action -- -j8 -l8
[0.408s] -- Found ament_cmake: 1.3.6 (/opt/ros/humble/share/ament_cmake/cmake)
[0.576s] -- Override CMake install command with custom implementation using symlinks instead of copying resources
[0.612s] -- Found rosidl_default_generators: 1.2.0 (/opt/ros/humble/share/rosidl_default_generators/cmake)
[0.620s] -- Using all available rosidl_typesupport_c: rosidl_typesupport_fastrtps_c;rosidl_typesupport_introspection_c
[0.628s] -- Found rosidl_adapter: 3.1.5 (/opt/ros/humble/share/rosidl_adapter/cmake)
[0.792s] -- Using all available rosidl_typesupport_cpp: rosidl_typesupport_fastrtps_cpp;rosidl_typesupport_introspection_cpp
[1.264s] -- Found ament_cmake_ros: 0.10.0 (/opt/ros/humble/share/ament_cmake_ros/cmake)
[1.462s] -- Using all available rosidl_typesupport_c: rosidl_typesupport_fastrtps_c;rosidl_typesupport_introspection_c
[1.699s] -- Using all available rosidl_typesupport_cpp: rosidl_typesupport_fastrtps_cpp;rosidl_typesupport_introspection_cpp
[1.723s] -- Found python_cmake_module: 0.10.0 (/opt/ros/humble/share/python_cmake_module/cmake)
[1.747s] -- Using PYTHON_EXECUTABLE: /usr/bin/python3
[1.747s] -- Using PYTHON_INCLUDE_DIRS: /usr/include/python3.10
[1.747s] -- Using PYTHON_LIBRARIES: /usr/lib/x86_64-linux-gnu/libpython3.10.so
[1.802s] -- Configuring done
[1.901s] -- Generating done
[1.914s] -- Build files have been written to: /home/harry/ros2_ws/src/High_Vis/actions/build/hotspot_action
[1.948s] [35m[1mConsolidate compiler generated dependencies of target hotspot_action__rosidl_generator_c[0m
[1.955s] [  3%] Built target hotspot_action__cpp
[1.963s] [  3%] Built target ament_cmake_python_symlink_hotspot_action
[1.964s] [35m[1mConsolidate compiler generated dependencies of target hotspot_action__rosidl_typesupport_cpp[0m
[1.965s] [35m[1mConsolidate compiler generated dependencies of target hotspot_action__rosidl_typesupport_fastrtps_cpp[0m
[1.966s] [35m[1mConsolidate compiler generated dependencies of target hotspot_action__rosidl_typesupport_introspection_cpp[0m
[1.969s] [ 12%] Built target hotspot_action__rosidl_generator_c
[1.980s] [35m[1mConsolidate compiler generated dependencies of target hotspot_action__rosidl_typesupport_introspection_c[0m
[1.980s] [35m[1mConsolidate compiler generated dependencies of target hotspot_action__rosidl_typesupport_fastrtps_c[0m
[1.985s] [35m[1mConsolidate compiler generated dependencies of target hotspot_action__rosidl_typesupport_c[0m
[1.988s] [ 22%] Built target hotspot_action__rosidl_typesupport_cpp
[1.991s] [ 32%] Built target hotspot_action__rosidl_typesupport_introspection_cpp
[1.994s] [ 41%] Built target hotspot_action__rosidl_typesupport_fastrtps_cpp
[1.996s] [ 51%] Built target hotspot_action__rosidl_typesupport_introspection_c
[1.999s] [ 61%] Built target hotspot_action__rosidl_typesupport_fastrtps_c
[2.000s] [ 70%] Built target hotspot_action__rosidl_typesupport_c
[2.018s] [ 70%] Built target hotspot_action
[2.034s] [ 74%] Built target hotspot_action__py
[2.044s] [35m[1mConsolidate compiler generated dependencies of target hotspot_action__rosidl_generator_py[0m
[2.062s] [ 80%] Built target hotspot_action__rosidl_generator_py
[2.072s] [35m[1mConsolidate compiler generated dependencies of target hotspot_action__rosidl_typesupport_c__pyext[0m
[2.072s] [35m[1mConsolidate compiler generated dependencies of target hotspot_action__rosidl_typesupport_fastrtps_c__pyext[0m
[2.073s] [35m[1mConsolidate compiler generated dependencies of target hotspot_action__rosidl_typesupport_introspection_c__pyext[0m
[2.087s] [ 87%] Built target hotspot_action__rosidl_typesupport_c__pyext
[2.087s] [ 93%] Built target hotspot_action__rosidl_typesupport_introspection_c__pyext
[2.091s] [100%] Built target hotspot_action__rosidl_typesupport_fastrtps_c__pyext
[2.270s] running egg_info
[2.271s] writing hotspot_action.egg-info/PKG-INFO
[2.272s] writing dependency_links to hotspot_action.egg-info/dependency_links.txt
[2.272s] writing top-level names to hotspot_action.egg-info/top_level.txt
[2.276s] reading manifest file 'hotspot_action.egg-info/SOURCES.txt'
[2.277s] writing manifest file 'hotspot_action.egg-info/SOURCES.txt'
[2.302s] [100%] Built target ament_cmake_python_build_hotspot_action_egg
[2.312s] Invoked command in '/home/harry/ros2_ws/src/High_Vis/actions/build/hotspot_action' returned '0': CMAKE_PREFIX_PATH=/opt/ros/humble /usr/bin/cmake --build /home/harry/ros2_ws/src/High_Vis/actions/build/hotspot_action -- -j8 -l8
[2.374s] Invoking command in '/home/harry/ros2_ws/src/High_Vis/actions/build/hotspot_action': CMAKE_PREFIX_PATH=/opt/ros/humble /usr/bin/cmake --install /home/harry/ros2_ws/src/High_Vis/actions/build/hotspot_action
[2.380s] -- Install configuration: ""
[2.380s] -- Execute custom install script
[2.381s] -- Up-to-date symlink: /home/harry/ros2_ws/src/High_Vis/actions/install/hotspot_action/share/ament_index/resource_index/rosidl_interfaces/hotspot_action
[2.381s] -- Up-to-date symlink: /home/harry/ros2_ws/src/High_Vis/actions/install/hotspot_action/include/hotspot_action/hotspot_action/action/detail/hotspot__functions.h
[2.381s] -- Up-to-date symlink: /home/harry/ros2_ws/src/High_Vis/actions/install/hotspot_action/include/hotspot_action/hotspot_action/action/detail/hotspot__struct.h
[2.381s] -- Up-to-date symlink: /home/harry/ros2_ws/src/High_Vis/actions/install/hotspot_action/include/hotspot_action/hotspot_action/action/detail/hotspot__type_support.h
[2.382s] -- Up-to-date symlink: /home/harry/ros2_ws/src/High_Vis/actions/install/hotspot_action/include/hotspot_action/hotspot_action/action/hotspot.h
[2.382s] -- Up-to-date symlink: /home/harry/ros2_ws/src/High_Vis/actions/install/hotspot_action/include/hotspot_action/hotspot_action/msg/rosidl_generator_c__visibility_control.h
[2.382s] -- Up-to-date symlink: /home/harry/ros2_ws/src/High_Vis/actions/install/hotspot_action/share/hotspot_action/environment/library_path.sh
[2.382s] -- Up-to-date symlink: /home/harry/ros2_ws/src/High_Vis/actions/install/hotspot_action/share/hotspot_action/environment/library_path.dsv
[2.382s] -- Up-to-date symlink: /home/harry/ros2_ws/src/High_Vis/actions/install/hotspot_action/include/hotspot_action/hotspot_action/action/detail/hotspot__rosidl_typesupport_fastrtps_c.h
[2.383s] -- Up-to-date symlink: /home/harry/ros2_ws/src/High_Vis/actions/install/hotspot_action/include/hotspot_action/hotspot_action/msg/rosidl_typesupport_fastrtps_c__visibility_control.h
[2.383s] -- Up-to-date symlink: /home/harry/ros2_ws/src/High_Vis/actions/install/hotspot_action/include/hotspot_action/hotspot_action/action/detail/hotspot__rosidl_typesupport_introspection_c.h
[2.383s] -- Up-to-date symlink: /home/harry/ros2_ws/src/High_Vis/actions/install/hotspot_action/include/hotspot_action/hotspot_action/msg/rosidl_typesupport_introspection_c__visibility_control.h
[2.383s] -- Up-to-date symlink: /home/harry/ros2_ws/src/High_Vis/actions/install/hotspot_action/include/hotspot_action/hotspot_action/action/detail/hotspot__builder.hpp
[2.384s] -- Up-to-date symlink: /home/harry/ros2_ws/src/High_Vis/actions/install/hotspot_action/include/hotspot_action/hotspot_action/action/detail/hotspot__struct.hpp
[2.384s] -- Up-to-date symlink: /home/harry/ros2_ws/src/High_Vis/actions/install/hotspot_action/include/hotspot_action/hotspot_action/action/detail/hotspot__traits.hpp
[2.384s] -- Up-to-date symlink: /home/harry/ros2_ws/src/High_Vis/actions/install/hotspot_action/include/hotspot_action/hotspot_action/action/hotspot.hpp
[2.384s] -- Up-to-date symlink: /home/harry/ros2_ws/src/High_Vis/actions/install/hotspot_action/include/hotspot_action/hotspot_action/action/detail/hotspot__rosidl_typesupport_fastrtps_cpp.hpp
[2.384s] -- Up-to-date symlink: /home/harry/ros2_ws/src/High_Vis/actions/install/hotspot_action/include/hotspot_action/hotspot_action/msg/rosidl_typesupport_fastrtps_cpp__visibility_control.h
[2.385s] -- Up-to-date symlink: /home/harry/ros2_ws/src/High_Vis/actions/install/hotspot_action/include/hotspot_action/hotspot_action/action/detail/hotspot__rosidl_typesupport_introspection_cpp.hpp
[2.385s] -- Up-to-date symlink: /home/harry/ros2_ws/src/High_Vis/actions/install/hotspot_action/share/hotspot_action/environment/pythonpath.sh
[2.385s] -- Up-to-date symlink: /home/harry/ros2_ws/src/High_Vis/actions/install/hotspot_action/share/hotspot_action/environment/pythonpath.dsv
[2.385s] -- Up-to-date symlink: /home/harry/ros2_ws/src/High_Vis/actions/install/hotspot_action/local/lib/python3.10/dist-packages/hotspot_action-0.0.0-py3.10.egg-info/PKG-INFO
[2.385s] -- Up-to-date symlink: /home/harry/ros2_ws/src/High_Vis/actions/install/hotspot_action/local/lib/python3.10/dist-packages/hotspot_action-0.0.0-py3.10.egg-info/SOURCES.txt
[2.385s] -- Up-to-date symlink: /home/harry/ros2_ws/src/High_Vis/actions/install/hotspot_action/local/lib/python3.10/dist-packages/hotspot_action-0.0.0-py3.10.egg-info/dependency_links.txt
[2.386s] -- Up-to-date symlink: /home/harry/ros2_ws/src/High_Vis/actions/install/hotspot_action/local/lib/python3.10/dist-packages/hotspot_action-0.0.0-py3.10.egg-info/top_level.txt
[2.386s] -- Up-to-date symlink: /home/harry/ros2_ws/src/High_Vis/actions/install/hotspot_action/local/lib/python3.10/dist-packages/hotspot_action/__init__.py
[2.386s] -- Up-to-date symlink: /home/harry/ros2_ws/src/High_Vis/actions/install/hotspot_action/local/lib/python3.10/dist-packages/hotspot_action/_hotspot_action_s.ep.rosidl_typesupport_c.c
[2.386s] -- Up-to-date symlink: /home/harry/ros2_ws/src/High_Vis/actions/install/hotspot_action/local/lib/python3.10/dist-packages/hotspot_action/_hotspot_action_s.ep.rosidl_typesupport_fastrtps_c.c
[2.386s] -- Up-to-date symlink: /home/harry/ros2_ws/src/High_Vis/actions/install/hotspot_action/local/lib/python3.10/dist-packages/hotspot_action/_hotspot_action_s.ep.rosidl_typesupport_introspection_c.c
[2.387s] -- Up-to-date symlink: /home/harry/ros2_ws/src/High_Vis/actions/install/hotspot_action/local/lib/python3.10/dist-packages/hotspot_action/action/__init__.py
[2.387s] -- Up-to-date symlink: /home/harry/ros2_ws/src/High_Vis/actions/install/hotspot_action/local/lib/python3.10/dist-packages/hotspot_action/action/_hotspot.py
[2.387s] -- Up-to-date symlink: /home/harry/ros2_ws/src/High_Vis/actions/install/hotspot_action/local/lib/python3.10/dist-packages/hotspot_action/action/_hotspot_s.c
[2.387s] -- Up-to-date symlink: /home/harry/ros2_ws/src/High_Vis/actions/install/hotspot_action/local/lib/python3.10/dist-packages/hotspot_action/hotspot_action_s__rosidl_typesupport_c.cpython-310-x86_64-linux-gnu.so
[2.387s] -- Up-to-date symlink: /home/harry/ros2_ws/src/High_Vis/actions/install/hotspot_action/local/lib/python3.10/dist-packages/hotspot_action/hotspot_action_s__rosidl_typesupport_fastrtps_c.cpython-310-x86_64-linux-gnu.so
[2.387s] -- Up-to-date symlink: /home/harry/ros2_ws/src/High_Vis/actions/install/hotspot_action/local/lib/python3.10/dist-packages/hotspot_action/hotspot_action_s__rosidl_typesupport_introspection_c.cpython-310-x86_64-linux-gnu.so
[2.388s] -- Up-to-date symlink: /home/harry/ros2_ws/src/High_Vis/actions/install/hotspot_action/local/lib/python3.10/dist-packages/hotspot_action/libhotspot_action__rosidl_generator_py.so
[2.388s] -- Up-to-date symlink: /home/harry/ros2_ws/src/High_Vis/actions/install/hotspot_action/local/lib/python3.10/dist-packages/hotspot_action/hotspot_action_s__rosidl_typesupport_fastrtps_c.cpython-310-x86_64-linux-gnu.so
[2.388s] -- Up-to-date symlink: /home/harry/ros2_ws/src/High_Vis/actions/install/hotspot_action/local/lib/python3.10/dist-packages/hotspot_action/hotspot_action_s__rosidl_typesupport_introspection_c.cpython-310-x86_64-linux-gnu.so
[2.389s] -- Up-to-date symlink: /home/harry/ros2_ws/src/High_Vis/actions/install/hotspot_action/local/lib/python3.10/dist-packages/hotspot_action/hotspot_action_s__rosidl_typesupport_c.cpython-310-x86_64-linux-gnu.so
[2.389s] -- Up-to-date symlink: /home/harry/ros2_ws/src/High_Vis/actions/install/hotspot_action/share/hotspot_action/action/Hotspot.idl
[2.390s] -- Up-to-date symlink: /home/harry/ros2_ws/src/High_Vis/actions/install/hotspot_action/share/hotspot_action/action/Hotspot.action
[2.390s] -- Up-to-date symlink: /home/harry/ros2_ws/src/High_Vis/actions/install/hotspot_action/share/ament_index/resource_index/package_run_dependencies/hotspot_action
[2.390s] -- Up-to-date symlink: /home/harry/ros2_ws/src/High_Vis/actions/install/hotspot_action/share/ament_index/resource_index/parent_prefix_path/hotspot_action
[2.390s] -- Up-to-date symlink: /home/harry/ros2_ws/src/High_Vis/actions/install/hotspot_action/share/hotspot_action/environment/ament_prefix_path.sh
[2.391s] -- Up-to-date symlink: /home/harry/ros2_ws/src/High_Vis/actions/install/hotspot_action/share/hotspot_action/environment/ament_prefix_path.dsv
[2.391s] -- Up-to-date symlink: /home/harry/ros2_ws/src/High_Vis/actions/install/hotspot_action/share/hotspot_action/environment/path.sh
[2.391s] -- Up-to-date symlink: /home/harry/ros2_ws/src/High_Vis/actions/install/hotspot_action/share/hotspot_action/environment/path.dsv
[2.391s] -- Up-to-date symlink: /home/harry/ros2_ws/src/High_Vis/actions/install/hotspot_action/share/hotspot_action/local_setup.bash
[2.391s] -- Up-to-date symlink: /home/harry/ros2_ws/src/High_Vis/actions/install/hotspot_action/share/hotspot_action/local_setup.sh
[2.391s] -- Up-to-date symlink: /home/harry/ros2_ws/src/High_Vis/actions/install/hotspot_action/share/hotspot_action/local_setup.zsh
[2.391s] -- Up-to-date symlink: /home/harry/ros2_ws/src/High_Vis/actions/install/hotspot_action/share/hotspot_action/local_setup.dsv
[2.391s] -- Symlinking: /home/harry/ros2_ws/src/High_Vis/actions/install/hotspot_action/share/hotspot_action/package.dsv
[2.400s] -- Up-to-date symlink: /home/harry/ros2_ws/src/High_Vis/actions/install/hotspot_action/share/ament_index/resource_index/packages/hotspot_action
[2.401s] -- Up-to-date symlink: /home/harry/ros2_ws/src/High_Vis/actions/install/hotspot_action/share/hotspot_action/cmake/rosidl_cmake-extras.cmake
[2.401s] -- Up-to-date symlink: /home/harry/ros2_ws/src/High_Vis/actions/install/hotspot_action/share/hotspot_action/cmake/ament_cmake_export_dependencies-extras.cmake
[2.402s] -- Up-to-date symlink: /home/harry/ros2_ws/src/High_Vis/actions/install/hotspot_action/share/hotspot_action/cmake/ament_cmake_export_include_directories-extras.cmake
[2.402s] -- Up-to-date symlink: /home/harry/ros2_ws/src/High_Vis/actions/install/hotspot_action/share/hotspot_action/cmake/ament_cmake_export_libraries-extras.cmake
[2.403s] -- Up-to-date symlink: /home/harry/ros2_ws/src/High_Vis/actions/install/hotspot_action/share/hotspot_action/cmake/ament_cmake_export_targets-extras.cmake
[2.403s] -- Up-to-date symlink: /home/harry/ros2_ws/src/High_Vis/actions/install/hotspot_action/share/hotspot_action/cmake/rosidl_cmake_export_typesupport_targets-extras.cmake
[2.404s] -- Up-to-date symlink: /home/harry/ros2_ws/src/High_Vis/actions/install/hotspot_action/share/hotspot_action/cmake/rosidl_cmake_export_typesupport_libraries-extras.cmake
[2.404s] -- Up-to-date symlink: /home/harry/ros2_ws/src/High_Vis/actions/install/hotspot_action/share/hotspot_action/cmake/hotspot_actionConfig.cmake
[2.405s] -- Up-to-date symlink: /home/harry/ros2_ws/src/High_Vis/actions/install/hotspot_action/share/hotspot_action/cmake/hotspot_actionConfig-version.cmake
[2.405s] -- Up-to-date symlink: /home/harry/ros2_ws/src/High_Vis/actions/install/hotspot_action/share/hotspot_action/package.xml
[2.406s] -- Up-to-date: /home/harry/ros2_ws/src/High_Vis/actions/install/hotspot_action/lib/libhotspot_action__rosidl_generator_c.so
[2.408s] -- Up-to-date: /home/harry/ros2_ws/src/High_Vis/actions/install/hotspot_action/lib/libhotspot_action__rosidl_typesupport_fastrtps_c.so
[2.409s] -- Up-to-date: /home/harry/ros2_ws/src/High_Vis/actions/install/hotspot_action/lib/libhotspot_action__rosidl_typesupport_introspection_c.so
[2.410s] -- Up-to-date: /home/harry/ros2_ws/src/High_Vis/actions/install/hotspot_action/lib/libhotspot_action__rosidl_typesupport_c.so
[2.412s] -- Up-to-date: /home/harry/ros2_ws/src/High_Vis/actions/install/hotspot_action/lib/libhotspot_action__rosidl_typesupport_fastrtps_cpp.so
[2.413s] -- Up-to-date: /home/harry/ros2_ws/src/High_Vis/actions/install/hotspot_action/lib/libhotspot_action__rosidl_typesupport_introspection_cpp.so
[2.414s] -- Up-to-date: /home/harry/ros2_ws/src/High_Vis/actions/install/hotspot_action/lib/libhotspot_action__rosidl_typesupport_cpp.so
[2.452s] Listing '/home/harry/ros2_ws/src/High_Vis/actions/install/hotspot_action/local/lib/python3.10/dist-packages/hotspot_action'...
[2.452s] Compiling '/home/harry/ros2_ws/src/High_Vis/actions/install/hotspot_action/local/lib/python3.10/dist-packages/hotspot_action/__init__.py'...
[2.452s] Listing '/home/harry/ros2_ws/src/High_Vis/actions/install/hotspot_action/local/lib/python3.10/dist-packages/hotspot_action/action'...
[2.460s] -- Up-to-date: /home/harry/ros2_ws/src/High_Vis/actions/install/hotspot_action/lib/libhotspot_action__rosidl_generator_py.so
[2.463s] -- Up-to-date: /home/harry/ros2_ws/src/High_Vis/actions/install/hotspot_action/share/hotspot_action/cmake/export_hotspot_action__rosidl_generator_cExport.cmake
[2.463s] -- Up-to-date: /home/harry/ros2_ws/src/High_Vis/actions/install/hotspot_action/share/hotspot_action/cmake/export_hotspot_action__rosidl_generator_cExport-noconfig.cmake
[2.463s] -- Up-to-date: /home/harry/ros2_ws/src/High_Vis/actions/install/hotspot_action/share/hotspot_action/cmake/export_hotspot_action__rosidl_typesupport_fastrtps_cExport.cmake
[2.464s] -- Up-to-date: /home/harry/ros2_ws/src/High_Vis/actions/install/hotspot_action/share/hotspot_action/cmake/export_hotspot_action__rosidl_typesupport_fastrtps_cExport-noconfig.cmake
[2.465s] -- Up-to-date: /home/harry/ros2_ws/src/High_Vis/actions/install/hotspot_action/share/hotspot_action/cmake/hotspot_action__rosidl_typesupport_introspection_cExport.cmake
[2.465s] -- Up-to-date: /home/harry/ros2_ws/src/High_Vis/actions/install/hotspot_action/share/hotspot_action/cmake/hotspot_action__rosidl_typesupport_introspection_cExport-noconfig.cmake
[2.465s] -- Up-to-date: /home/harry/ros2_ws/src/High_Vis/actions/install/hotspot_action/share/hotspot_action/cmake/hotspot_action__rosidl_typesupport_cExport.cmake
[2.465s] -- Up-to-date: /home/harry/ros2_ws/src/High_Vis/actions/install/hotspot_action/share/hotspot_action/cmake/hotspot_action__rosidl_typesupport_cExport-noconfig.cmake
[2.466s] -- Up-to-date: /home/harry/ros2_ws/src/High_Vis/actions/install/hotspot_action/share/hotspot_action/cmake/export_hotspot_action__rosidl_generator_cppExport.cmake
[2.467s] -- Up-to-date: /home/harry/ros2_ws/src/High_Vis/actions/install/hotspot_action/share/hotspot_action/cmake/export_hotspot_action__rosidl_typesupport_fastrtps_cppExport.cmake
[2.467s] -- Up-to-date: /home/harry/ros2_ws/src/High_Vis/actions/install/hotspot_action/share/hotspot_action/cmake/export_hotspot_action__rosidl_typesupport_fastrtps_cppExport-noconfig.cmake
[2.467s] -- Up-to-date: /home/harry/ros2_ws/src/High_Vis/actions/install/hotspot_action/share/hotspot_action/cmake/hotspot_action__rosidl_typesupport_introspection_cppExport.cmake
[2.468s] -- Up-to-date: /home/harry/ros2_ws/src/High_Vis/actions/install/hotspot_action/share/hotspot_action/cmake/hotspot_action__rosidl_typesupport_introspection_cppExport-noconfig.cmake
[2.468s] -- Up-to-date: /home/harry/ros2_ws/src/High_Vis/actions/install/hotspot_action/share/hotspot_action/cmake/hotspot_action__rosidl_typesupport_cppExport.cmake
[2.468s] -- Up-to-date: /home/harry/ros2_ws/src/High_Vis/actions/install/hotspot_action/share/hotspot_action/cmake/hotspot_action__rosidl_typesupport_cppExport-noconfig.cmake
[2.468s] -- Up-to-date: /home/harry/ros2_ws/src/High_Vis/actions/install/hotspot_action/share/hotspot_action/cmake/export_hotspot_action__rosidl_generator_pyExport.cmake
[2.469s] -- Up-to-date: /home/harry/ros2_ws/src/High_Vis/actions/install/hotspot_action/share/hotspot_action/cmake/export_hotspot_action__rosidl_generator_pyExport-noconfig.cmake
[2.471s] Invoked command in '/home/harry/ros2_ws/src/High_Vis/actions/build/hotspot_action' returned '0': CMAKE_PREFIX_PATH=/opt/ros/humble /usr/bin/cmake --install /home/harry/ros2_ws/src/High_Vis/actions/build/hotspot_action
