running develop
/usr/lib/python3/dist-packages/setuptools/command/easy_install.py:158: EasyInstallDeprecationWarning: easy_install command is deprecated. Use build and pip and other standards-based tools.
  warnings.warn(
/usr/lib/python3/dist-packages/setuptools/command/install.py:34: SetuptoolsDeprecationWarning: setup.py install is deprecated. Use build and pip and other standards-based tools.
  warnings.warn(
running egg_info
creating cam_topic.egg-info
writing cam_topic.egg-info/PKG-INFO
writing dependency_links to cam_topic.egg-info/dependency_links.txt
writing entry points to cam_topic.egg-info/entry_points.txt
writing requirements to cam_topic.egg-info/requires.txt
writing top-level names to cam_topic.egg-info/top_level.txt
writing manifest file 'cam_topic.egg-info/SOURCES.txt'
reading manifest file 'cam_topic.egg-info/SOURCES.txt'
writing manifest file 'cam_topic.egg-info/SOURCES.txt'
running build_ext
Creating /home/msc-robot/Documents/Team4_ros_ws/src/High_Vis/Thermal_Images/install/cam_topic/lib/python3.10/site-packages/cam-topic.egg-link (link to .)
Installing cam_top_pub script to /home/msc-robot/Documents/Team4_ros_ws/src/High_Vis/Thermal_Images/install/cam_topic/lib/cam_topic
Installing cam_top_sub script to /home/msc-robot/Documents/Team4_ros_ws/src/High_Vis/Thermal_Images/install/cam_topic/lib/cam_topic

Installed /home/msc-robot/Documents/Team4_ros_ws/src/High_Vis/Thermal_Images/build/cam_topic
running install_data
creating /home/msc-robot/Documents/Team4_ros_ws/src/High_Vis/Thermal_Images/install/cam_topic/share/ament_index
creating /home/msc-robot/Documents/Team4_ros_ws/src/High_Vis/Thermal_Images/install/cam_topic/share/ament_index/resource_index
creating /home/msc-robot/Documents/Team4_ros_ws/src/High_Vis/Thermal_Images/install/cam_topic/share/ament_index/resource_index/packages
copying resource/cam_topic -> /home/msc-robot/Documents/Team4_ros_ws/src/High_Vis/Thermal_Images/install/cam_topic/share/ament_index/resource_index/packages
copying package.xml -> /home/msc-robot/Documents/Team4_ros_ws/src/High_Vis/Thermal_Images/install/cam_topic/share/cam_topic
