[2.353s] Invoking command in '/home/msc-robot/Documents/Team4_ros_ws/src/High_Vis/Thermal_Images/build/cam_topic': PYTHONPATH=/home/msc-robot/Documents/Team4_ros_ws/src/High_Vis/Thermal_Images/build/cam_topic/prefix_override:/home/msc-robot/Documents/Team4_ros_ws/src/High_Vis/Thermal_Images/install/cam_topic/lib/python3.10/site-packages:${PYTHONPATH} /usr/bin/python3 setup.py develop --editable --build-directory /home/msc-robot/Documents/Team4_ros_ws/src/High_Vis/Thermal_Images/build/cam_topic/build --no-deps install_data
[3.075s] running develop
[3.077s] /usr/lib/python3/dist-packages/setuptools/command/easy_install.py:158: EasyInstallDeprecationWarning: easy_install command is deprecated. Use build and pip and other standards-based tools.
[3.077s]   warnings.warn(
[3.080s] /usr/lib/python3/dist-packages/setuptools/command/install.py:34: SetuptoolsDeprecationWarning: setup.py install is deprecated. Use build and pip and other standards-based tools.
[3.081s]   warnings.warn(
[3.521s] running egg_info
[3.521s] creating cam_topic.egg-info
[3.522s] writing cam_topic.egg-info/PKG-INFO
[3.523s] writing dependency_links to cam_topic.egg-info/dependency_links.txt
[3.524s] writing entry points to cam_topic.egg-info/entry_points.txt
[3.525s] writing requirements to cam_topic.egg-info/requires.txt
[3.525s] writing top-level names to cam_topic.egg-info/top_level.txt
[3.526s] writing manifest file 'cam_topic.egg-info/SOURCES.txt'
[3.529s] reading manifest file 'cam_topic.egg-info/SOURCES.txt'
[3.531s] writing manifest file 'cam_topic.egg-info/SOURCES.txt'
[3.534s] running build_ext
[3.535s] Creating /home/msc-robot/Documents/Team4_ros_ws/src/High_Vis/Thermal_Images/install/cam_topic/lib/python3.10/site-packages/cam-topic.egg-link (link to .)
[3.537s] Installing cam_top_pub script to /home/msc-robot/Documents/Team4_ros_ws/src/High_Vis/Thermal_Images/install/cam_topic/lib/cam_topic
[3.538s] Installing cam_top_sub script to /home/msc-robot/Documents/Team4_ros_ws/src/High_Vis/Thermal_Images/install/cam_topic/lib/cam_topic
[3.539s] 
[3.539s] Installed /home/msc-robot/Documents/Team4_ros_ws/src/High_Vis/Thermal_Images/build/cam_topic
[3.539s] running install_data
[3.540s] creating /home/msc-robot/Documents/Team4_ros_ws/src/High_Vis/Thermal_Images/install/cam_topic/share/ament_index
[3.540s] creating /home/msc-robot/Documents/Team4_ros_ws/src/High_Vis/Thermal_Images/install/cam_topic/share/ament_index/resource_index
[3.541s] creating /home/msc-robot/Documents/Team4_ros_ws/src/High_Vis/Thermal_Images/install/cam_topic/share/ament_index/resource_index/packages
[3.541s] copying resource/cam_topic -> /home/msc-robot/Documents/Team4_ros_ws/src/High_Vis/Thermal_Images/install/cam_topic/share/ament_index/resource_index/packages
[3.542s] copying package.xml -> /home/msc-robot/Documents/Team4_ros_ws/src/High_Vis/Thermal_Images/install/cam_topic/share/cam_topic
[3.612s] Invoked command in '/home/msc-robot/Documents/Team4_ros_ws/src/High_Vis/Thermal_Images/build/cam_topic' returned '0': PYTHONPATH=/home/msc-robot/Documents/Team4_ros_ws/src/High_Vis/Thermal_Images/build/cam_topic/prefix_override:/home/msc-robot/Documents/Team4_ros_ws/src/High_Vis/Thermal_Images/install/cam_topic/lib/python3.10/site-packages:${PYTHONPATH} /usr/bin/python3 setup.py develop --editable --build-directory /home/msc-robot/Documents/Team4_ros_ws/src/High_Vis/Thermal_Images/build/cam_topic/build --no-deps install_data
