[0.920s] DEBUG:colcon:Command line arguments: ['/usr/bin/colcon', 'build']
[0.920s] DEBUG:colcon:Parsed command line arguments: Namespace(log_base=None, log_level=None, verb_name='build', build_base='build', install_base='install', merge_install=False, symlink_install=False, test_result_base=None, continue_on_error=False, executor='parallel', parallel_workers=8, event_handlers=None, ignore_user_meta=False, metas=['./colcon.meta'], base_paths=['.'], packages_ignore=None, packages_ignore_regex=None, paths=None, packages_up_to=None, packages_up_to_regex=None, packages_above=None, packages_above_and_dependencies=None, packages_above_depth=None, packages_select_by_dep=None, packages_skip_by_dep=None, packages_skip_up_to=None, packages_select_build_failed=False, packages_skip_build_finished=False, packages_select_test_failures=False, packages_skip_test_passed=False, packages_select=None, packages_skip=None, packages_select_regex=None, packages_skip_regex=None, packages_start=None, packages_end=None, allow_overriding=[], cmake_args=None, cmake_target=None, cmake_target_skip_unavailable=False, cmake_clean_cache=False, cmake_clean_first=False, cmake_force_configure=False, ament_cmake_args=None, catkin_cmake_args=None, catkin_skip_building_tests=False, verb_parser=<colcon_defaults.argument_parser.defaults.DefaultArgumentsDecorator object at 0x7f873c95a5f0>, verb_extension=<colcon_core.verb.build.BuildVerb object at 0x7f873cc179a0>, main=<bound method BuildVerb.main of <colcon_core.verb.build.BuildVerb object at 0x7f873cc179a0>>)
[0.971s] Level 1:colcon.colcon_core.package_discovery:discover_packages(colcon_meta) check parameters
[0.972s] Level 1:colcon.colcon_core.package_discovery:discover_packages(recursive) check parameters
[0.972s] Level 1:colcon.colcon_core.package_discovery:discover_packages(ignore) check parameters
[0.972s] Level 1:colcon.colcon_core.package_discovery:discover_packages(path) check parameters
[0.972s] Level 1:colcon.colcon_core.package_discovery:discover_packages(colcon_meta) discover
[0.972s] Level 1:colcon.colcon_core.package_discovery:discover_packages(recursive) discover
[0.972s] INFO:colcon.colcon_core.package_discovery:Crawling recursively for packages in '/home/harry/High_Vis/Thermal_Images/src/camera_pub'
[0.972s] Level 1:colcon.colcon_core.package_identification:_identify(.) by extensions ['ignore', 'ignore_ament_install']
[0.972s] Level 1:colcon.colcon_core.package_identification:_identify(.) by extension 'ignore'
[0.973s] Level 1:colcon.colcon_core.package_identification:_identify(.) by extension 'ignore_ament_install'
[0.973s] Level 1:colcon.colcon_core.package_identification:_identify(.) by extensions ['colcon_pkg']
[0.973s] Level 1:colcon.colcon_core.package_identification:_identify(.) by extension 'colcon_pkg'
[0.973s] Level 1:colcon.colcon_core.package_identification:_identify(.) by extensions ['colcon_meta']
[0.973s] Level 1:colcon.colcon_core.package_identification:_identify(.) by extension 'colcon_meta'
[0.973s] Level 1:colcon.colcon_core.package_identification:_identify(.) by extensions ['ros']
[0.973s] Level 1:colcon.colcon_core.package_identification:_identify(.) by extension 'ros'
[0.984s] Level 1:colcon.colcon_core.package_identification:_identify(.) by extensions ['cmake', 'python']
[0.985s] Level 1:colcon.colcon_core.package_identification:_identify(.) by extension 'cmake'
[0.985s] Level 1:colcon.colcon_core.package_identification:_identify(.) by extension 'python'
[0.985s] Level 1:colcon.colcon_core.package_identification:_identify(.) by extensions ['python_setup_py']
[0.985s] Level 1:colcon.colcon_core.package_identification:_identify(.) by extension 'python_setup_py'
[0.985s] Level 1:colcon.colcon_core.package_identification:_identify(build) by extensions ['ignore', 'ignore_ament_install']
[0.985s] Level 1:colcon.colcon_core.package_identification:_identify(build) by extension 'ignore'
[0.985s] Level 1:colcon.colcon_core.package_identification:_identify(build) ignored
[0.985s] Level 1:colcon.colcon_core.package_identification:_identify(install) by extensions ['ignore', 'ignore_ament_install']
[0.985s] Level 1:colcon.colcon_core.package_identification:_identify(install) by extension 'ignore'
[0.985s] Level 1:colcon.colcon_core.package_identification:_identify(install) ignored
[0.985s] Level 1:colcon.colcon_core.package_identification:_identify(log) by extensions ['ignore', 'ignore_ament_install']
[0.985s] Level 1:colcon.colcon_core.package_identification:_identify(log) by extension 'ignore'
[0.985s] Level 1:colcon.colcon_core.package_identification:_identify(log) ignored
[0.985s] Level 1:colcon.colcon_core.package_identification:_identify(src) by extensions ['ignore', 'ignore_ament_install']
[0.986s] Level 1:colcon.colcon_core.package_identification:_identify(src) by extension 'ignore'
[0.986s] Level 1:colcon.colcon_core.package_identification:_identify(src) by extension 'ignore_ament_install'
[0.986s] Level 1:colcon.colcon_core.package_identification:_identify(src) by extensions ['colcon_pkg']
[0.986s] Level 1:colcon.colcon_core.package_identification:_identify(src) by extension 'colcon_pkg'
[0.986s] Level 1:colcon.colcon_core.package_identification:_identify(src) by extensions ['colcon_meta']
[0.986s] Level 1:colcon.colcon_core.package_identification:_identify(src) by extension 'colcon_meta'
[0.986s] Level 1:colcon.colcon_core.package_identification:_identify(src) by extensions ['ros']
[0.986s] Level 1:colcon.colcon_core.package_identification:_identify(src) by extension 'ros'
[0.986s] Level 1:colcon.colcon_core.package_identification:_identify(src) by extensions ['cmake', 'python']
[0.986s] Level 1:colcon.colcon_core.package_identification:_identify(src) by extension 'cmake'
[0.986s] Level 1:colcon.colcon_core.package_identification:_identify(src) by extension 'python'
[0.986s] Level 1:colcon.colcon_core.package_identification:_identify(src) by extensions ['python_setup_py']
[0.986s] Level 1:colcon.colcon_core.package_identification:_identify(src) by extension 'python_setup_py'
[0.986s] Level 1:colcon.colcon_core.package_identification:_identify(src/cam_topic) by extensions ['ignore', 'ignore_ament_install']
[0.986s] Level 1:colcon.colcon_core.package_identification:_identify(src/cam_topic) by extension 'ignore'
[0.986s] Level 1:colcon.colcon_core.package_identification:_identify(src/cam_topic) by extension 'ignore_ament_install'
[0.986s] Level 1:colcon.colcon_core.package_identification:_identify(src/cam_topic) by extensions ['colcon_pkg']
[0.986s] Level 1:colcon.colcon_core.package_identification:_identify(src/cam_topic) by extension 'colcon_pkg'
[0.986s] Level 1:colcon.colcon_core.package_identification:_identify(src/cam_topic) by extensions ['colcon_meta']
[0.986s] Level 1:colcon.colcon_core.package_identification:_identify(src/cam_topic) by extension 'colcon_meta'
[0.986s] Level 1:colcon.colcon_core.package_identification:_identify(src/cam_topic) by extensions ['ros']
[0.986s] Level 1:colcon.colcon_core.package_identification:_identify(src/cam_topic) by extension 'ros'
[0.989s] DEBUG:colcon.colcon_core.package_identification:Package 'src/cam_topic' with type 'ros.ament_python' and name 'cam_topic'
[0.989s] Level 1:colcon.colcon_core.package_discovery:discover_packages(recursive) using defaults
[0.989s] Level 1:colcon.colcon_core.package_discovery:discover_packages(ignore) discover
[0.989s] Level 1:colcon.colcon_core.package_discovery:discover_packages(ignore) using defaults
[0.989s] Level 1:colcon.colcon_core.package_discovery:discover_packages(path) discover
[0.989s] Level 1:colcon.colcon_core.package_discovery:discover_packages(path) using defaults
[1.073s] Level 1:colcon.colcon_core.package_discovery:discover_packages(prefix_path) check parameters
[1.073s] Level 1:colcon.colcon_core.package_discovery:discover_packages(prefix_path) discover
[1.099s] DEBUG:colcon.colcon_installed_package_information.package_discovery:Found 1 installed packages in /home/harry/High_Vis/Thermal_Images/src/camera_pub/install
[1.113s] DEBUG:colcon.colcon_installed_package_information.package_discovery:Found 2 installed packages in /home/harry/High_Vis/post_process/install
[1.126s] DEBUG:colcon.colcon_installed_package_information.package_discovery:Found 376 installed packages in /opt/ros/humble
[1.128s] Level 1:colcon.colcon_core.package_discovery:discover_packages(prefix_path) using defaults
[1.222s] Level 5:colcon.colcon_core.verb:set package 'cam_topic' build argument 'cmake_args' from command line to 'None'
[1.222s] Level 5:colcon.colcon_core.verb:set package 'cam_topic' build argument 'cmake_target' from command line to 'None'
[1.222s] Level 5:colcon.colcon_core.verb:set package 'cam_topic' build argument 'cmake_target_skip_unavailable' from command line to 'False'
[1.222s] Level 5:colcon.colcon_core.verb:set package 'cam_topic' build argument 'cmake_clean_cache' from command line to 'False'
[1.222s] Level 5:colcon.colcon_core.verb:set package 'cam_topic' build argument 'cmake_clean_first' from command line to 'False'
[1.222s] Level 5:colcon.colcon_core.verb:set package 'cam_topic' build argument 'cmake_force_configure' from command line to 'False'
[1.222s] Level 5:colcon.colcon_core.verb:set package 'cam_topic' build argument 'ament_cmake_args' from command line to 'None'
[1.222s] Level 5:colcon.colcon_core.verb:set package 'cam_topic' build argument 'catkin_cmake_args' from command line to 'None'
[1.222s] Level 5:colcon.colcon_core.verb:set package 'cam_topic' build argument 'catkin_skip_building_tests' from command line to 'False'
[1.223s] DEBUG:colcon.colcon_core.verb:Building package 'cam_topic' with the following arguments: {'ament_cmake_args': None, 'build_base': '/home/harry/High_Vis/Thermal_Images/src/camera_pub/build/cam_topic', 'catkin_cmake_args': None, 'catkin_skip_building_tests': False, 'cmake_args': None, 'cmake_clean_cache': False, 'cmake_clean_first': False, 'cmake_force_configure': False, 'cmake_target': None, 'cmake_target_skip_unavailable': False, 'install_base': '/home/harry/High_Vis/Thermal_Images/src/camera_pub/install/cam_topic', 'merge_install': False, 'path': '/home/harry/High_Vis/Thermal_Images/src/camera_pub/src/cam_topic', 'symlink_install': False, 'test_result_base': None}
[1.234s] INFO:colcon.colcon_core.executor:Executing jobs using 'parallel' executor
[1.248s] DEBUG:colcon.colcon_parallel_executor.executor.parallel:run_until_complete
[1.248s] INFO:colcon.colcon_ros.task.ament_python.build:Building ROS package in '/home/harry/High_Vis/Thermal_Images/src/camera_pub/src/cam_topic' with build type 'ament_python'
[1.249s] Level 1:colcon.colcon_core.shell:create_environment_hook('cam_topic', 'ament_prefix_path')
[1.264s] INFO:colcon.colcon_core.plugin_system:Skipping extension 'colcon_core.shell.bat': Not used on non-Windows systems
[1.264s] INFO:colcon.colcon_core.shell:Creating environment hook '/home/harry/High_Vis/Thermal_Images/src/camera_pub/install/cam_topic/share/cam_topic/hook/ament_prefix_path.ps1'
[1.265s] INFO:colcon.colcon_core.shell:Creating environment descriptor '/home/harry/High_Vis/Thermal_Images/src/camera_pub/install/cam_topic/share/cam_topic/hook/ament_prefix_path.dsv'
[1.265s] INFO:colcon.colcon_core.shell:Creating environment hook '/home/harry/High_Vis/Thermal_Images/src/camera_pub/install/cam_topic/share/cam_topic/hook/ament_prefix_path.sh'
[1.279s] INFO:colcon.colcon_core.shell:Skip shell extension 'powershell' for command environment: Not usable outside of PowerShell
[1.279s] DEBUG:colcon.colcon_core.shell:Skip shell extension 'dsv' for command environment
[1.573s] INFO:colcon.colcon_core.task.python.build:Building Python package in '/home/harry/High_Vis/Thermal_Images/src/camera_pub/src/cam_topic'
[1.585s] INFO:colcon.colcon_core.shell:Skip shell extension 'powershell' for command environment: Not usable outside of PowerShell
[1.585s] DEBUG:colcon.colcon_core.shell:Skip shell extension 'dsv' for command environment
[1.974s] DEBUG:colcon.colcon_core.event_handler.log_command:Invoking command in '/home/harry/High_Vis/Thermal_Images/src/camera_pub/build/cam_topic': PYTHONPATH=/home/harry/High_Vis/Thermal_Images/src/camera_pub/build/cam_topic/prefix_override:/home/harry/High_Vis/Thermal_Images/src/camera_pub/install/cam_topic/lib/python3.10/site-packages:${PYTHONPATH} /usr/bin/python3 setup.py develop --uninstall --editable --build-directory /home/harry/High_Vis/Thermal_Images/src/camera_pub/build/cam_topic/build
[2.353s] DEBUG:colcon.colcon_core.event_handler.log_command:Invoked command in '/home/harry/High_Vis/Thermal_Images/src/camera_pub/build/cam_topic' returned '0': PYTHONPATH=/home/harry/High_Vis/Thermal_Images/src/camera_pub/build/cam_topic/prefix_override:/home/harry/High_Vis/Thermal_Images/src/camera_pub/install/cam_topic/lib/python3.10/site-packages:${PYTHONPATH} /usr/bin/python3 setup.py develop --uninstall --editable --build-directory /home/harry/High_Vis/Thermal_Images/src/camera_pub/build/cam_topic/build
[2.357s] DEBUG:colcon.colcon_core.event_handler.log_command:Invoking command in '/home/harry/High_Vis/Thermal_Images/src/camera_pub/src/cam_topic': PYTHONPATH=/home/harry/High_Vis/Thermal_Images/src/camera_pub/build/cam_topic/prefix_override:/home/harry/High_Vis/Thermal_Images/src/camera_pub/install/cam_topic/lib/python3.10/site-packages:${PYTHONPATH} /usr/bin/python3 setup.py egg_info --egg-base ../../build/cam_topic build --build-base /home/harry/High_Vis/Thermal_Images/src/camera_pub/build/cam_topic/build install --record /home/harry/High_Vis/Thermal_Images/src/camera_pub/build/cam_topic/install.log --single-version-externally-managed
[2.629s] DEBUG:colcon.colcon_core.event_handler.log_command:Invoked command in '/home/harry/High_Vis/Thermal_Images/src/camera_pub/src/cam_topic' returned '0': PYTHONPATH=/home/harry/High_Vis/Thermal_Images/src/camera_pub/build/cam_topic/prefix_override:/home/harry/High_Vis/Thermal_Images/src/camera_pub/install/cam_topic/lib/python3.10/site-packages:${PYTHONPATH} /usr/bin/python3 setup.py egg_info --egg-base ../../build/cam_topic build --build-base /home/harry/High_Vis/Thermal_Images/src/camera_pub/build/cam_topic/build install --record /home/harry/High_Vis/Thermal_Images/src/camera_pub/build/cam_topic/install.log --single-version-externally-managed
[2.642s] Level 1:colcon.colcon_core.environment:checking '/home/harry/High_Vis/Thermal_Images/src/camera_pub/install/cam_topic' for CMake module files
[2.642s] Level 1:colcon.colcon_core.environment:checking '/home/harry/High_Vis/Thermal_Images/src/camera_pub/install/cam_topic' for CMake config files
[2.642s] Level 1:colcon.colcon_core.environment:checking '/home/harry/High_Vis/Thermal_Images/src/camera_pub/install/cam_topic/lib'
[2.642s] Level 1:colcon.colcon_core.environment:checking '/home/harry/High_Vis/Thermal_Images/src/camera_pub/install/cam_topic/bin'
[2.643s] Level 1:colcon.colcon_core.environment:checking '/home/harry/High_Vis/Thermal_Images/src/camera_pub/install/cam_topic/lib/pkgconfig/cam_topic.pc'
[2.643s] Level 1:colcon.colcon_core.environment:checking '/home/harry/High_Vis/Thermal_Images/src/camera_pub/install/cam_topic/lib/python3.10/site-packages'
[2.643s] Level 1:colcon.colcon_core.shell:create_environment_hook('cam_topic', 'pythonpath')
[2.657s] INFO:colcon.colcon_core.shell:Creating environment hook '/home/harry/High_Vis/Thermal_Images/src/camera_pub/install/cam_topic/share/cam_topic/hook/pythonpath.ps1'
[2.657s] INFO:colcon.colcon_core.shell:Creating environment descriptor '/home/harry/High_Vis/Thermal_Images/src/camera_pub/install/cam_topic/share/cam_topic/hook/pythonpath.dsv'
[2.658s] INFO:colcon.colcon_core.shell:Creating environment hook '/home/harry/High_Vis/Thermal_Images/src/camera_pub/install/cam_topic/share/cam_topic/hook/pythonpath.sh'
[2.658s] Level 1:colcon.colcon_core.environment:checking '/home/harry/High_Vis/Thermal_Images/src/camera_pub/install/cam_topic/bin'
[2.658s] Level 1:colcon.colcon_core.environment:create_environment_scripts_only(cam_topic)
[2.670s] INFO:colcon.colcon_core.shell:Creating package script '/home/harry/High_Vis/Thermal_Images/src/camera_pub/install/cam_topic/share/cam_topic/package.ps1'
[2.671s] INFO:colcon.colcon_core.shell:Creating package descriptor '/home/harry/High_Vis/Thermal_Images/src/camera_pub/install/cam_topic/share/cam_topic/package.dsv'
[2.672s] INFO:colcon.colcon_core.shell:Creating package script '/home/harry/High_Vis/Thermal_Images/src/camera_pub/install/cam_topic/share/cam_topic/package.sh'
[2.673s] INFO:colcon.colcon_core.shell:Creating package script '/home/harry/High_Vis/Thermal_Images/src/camera_pub/install/cam_topic/share/cam_topic/package.bash'
[2.674s] INFO:colcon.colcon_core.shell:Creating package script '/home/harry/High_Vis/Thermal_Images/src/camera_pub/install/cam_topic/share/cam_topic/package.zsh'
[2.675s] Level 1:colcon.colcon_core.environment:create_file_with_runtime_dependencies(/home/harry/High_Vis/Thermal_Images/src/camera_pub/install/cam_topic/share/colcon-core/packages/cam_topic)
[2.675s] DEBUG:colcon.colcon_parallel_executor.executor.parallel:closing loop
[2.676s] DEBUG:colcon.colcon_parallel_executor.executor.parallel:loop closed
[2.676s] DEBUG:colcon.colcon_parallel_executor.executor.parallel:run_until_complete finished with '0'
[2.676s] DEBUG:colcon.colcon_core.event_reactor:joining thread
[2.746s] INFO:colcon.colcon_core.plugin_system:Skipping extension 'colcon_notification.desktop_notification.notify_send': Could not find 'notify-send'
[2.746s] INFO:colcon.colcon_core.plugin_system:Skipping extension 'colcon_notification.desktop_notification.terminal_notifier': Not used on non-Darwin systems
[2.746s] INFO:colcon.colcon_core.plugin_system:Skipping extension 'colcon_notification.desktop_notification.win32': Not used on non-Windows systems
[2.746s] INFO:colcon.colcon_notification.desktop_notification:Sending desktop notification using 'notify2'
[2.746s] DEBUG:colcon.colcon_notification.desktop_notification.notify2:Failed to initialize notify2: org.freedesktop.DBus.Error.FileNotFound: Failed to connect to socket /run/user/1000/bus: No such file or directory
[2.747s] DEBUG:colcon.colcon_core.event_reactor:joined thread
[2.759s] INFO:colcon.colcon_core.shell:Creating prefix script '/home/harry/High_Vis/Thermal_Images/src/camera_pub/install/local_setup.ps1'
[2.760s] INFO:colcon.colcon_core.shell:Creating prefix util module '/home/harry/High_Vis/Thermal_Images/src/camera_pub/install/_local_setup_util_ps1.py'
[2.761s] INFO:colcon.colcon_core.shell:Creating prefix chain script '/home/harry/High_Vis/Thermal_Images/src/camera_pub/install/setup.ps1'
[2.773s] INFO:colcon.colcon_core.shell:Creating prefix script '/home/harry/High_Vis/Thermal_Images/src/camera_pub/install/local_setup.sh'
[2.773s] INFO:colcon.colcon_core.shell:Creating prefix util module '/home/harry/High_Vis/Thermal_Images/src/camera_pub/install/_local_setup_util_sh.py'
[2.774s] INFO:colcon.colcon_core.shell:Creating prefix chain script '/home/harry/High_Vis/Thermal_Images/src/camera_pub/install/setup.sh'
[2.786s] INFO:colcon.colcon_core.shell:Creating prefix script '/home/harry/High_Vis/Thermal_Images/src/camera_pub/install/local_setup.bash'
[2.786s] INFO:colcon.colcon_core.shell:Creating prefix chain script '/home/harry/High_Vis/Thermal_Images/src/camera_pub/install/setup.bash'
[2.799s] INFO:colcon.colcon_core.shell:Creating prefix script '/home/harry/High_Vis/Thermal_Images/src/camera_pub/install/local_setup.zsh'
[2.800s] INFO:colcon.colcon_core.shell:Creating prefix chain script '/home/harry/High_Vis/Thermal_Images/src/camera_pub/install/setup.zsh'
