running develop
/usr/local/lib/python3.10/dist-packages/setuptools/command/develop.py:40: EasyInstallDeprecationWarning: easy_install command is deprecated.
!!

        ********************************************************************************
        Please avoid running ``setup.py`` and ``easy_install``.
        Instead, use pypa/build, pypa/installer or other
        standards-based tools.

        See https://github.com/pypa/setuptools/issues/917 for details.
        ********************************************************************************

!!
  easy_install.initialize_options(self)
running egg_info
creating pdf_generator.egg-info
writing pdf_generator.egg-info/PKG-INFO
writing dependency_links to pdf_generator.egg-info/dependency_links.txt
writing entry points to pdf_generator.egg-info/entry_points.txt
writing requirements to pdf_generator.egg-info/requires.txt
writing top-level names to pdf_generator.egg-info/top_level.txt
writing manifest file 'pdf_generator.egg-info/SOURCES.txt'
reading manifest file 'pdf_generator.egg-info/SOURCES.txt'
writing manifest file 'pdf_generator.egg-info/SOURCES.txt'
running build_ext
Creating /home/msc-robot/Documents/Team4_ros_ws/src/High_Vis/hs_rep/install/pdf_generator/lib/python3.10/site-packages/pdf-generator.egg-link (link to .)
Installing pg_node script to /home/msc-robot/Documents/Team4_ros_ws/src/High_Vis/hs_rep/install/pdf_generator/lib/pdf_generator

Installed /home/msc-robot/Documents/Team4_ros_ws/src/High_Vis/hs_rep/build/pdf_generator
running symlink_data
creating /home/msc-robot/Documents/Team4_ros_ws/src/High_Vis/hs_rep/install/pdf_generator/share/ament_index
creating /home/msc-robot/Documents/Team4_ros_ws/src/High_Vis/hs_rep/install/pdf_generator/share/ament_index/resource_index
creating /home/msc-robot/Documents/Team4_ros_ws/src/High_Vis/hs_rep/install/pdf_generator/share/ament_index/resource_index/packages
symbolically linking /home/msc-robot/Documents/Team4_ros_ws/src/High_Vis/hs_rep/build/pdf_generator/resource/pdf_generator -> /home/msc-robot/Documents/Team4_ros_ws/src/High_Vis/hs_rep/install/pdf_generator/share/ament_index/resource_index/packages
symbolically linking /home/msc-robot/Documents/Team4_ros_ws/src/High_Vis/hs_rep/build/pdf_generator/package.xml -> /home/msc-robot/Documents/Team4_ros_ws/src/High_Vis/hs_rep/install/pdf_generator/share/pdf_generator
