[2.451s] Invoking command in '/home/msc-robot/Documents/Team4_ros_ws/src/High_Vis/hs_rep/build/pdf_generator': PYTHONPATH=/home/msc-robot/Documents/Team4_ros_ws/src/High_Vis/hs_rep/build/pdf_generator/prefix_override:/home/msc-robot/Documents/Team4_ros_ws/src/High_Vis/hs_rep/install/pdf_generator/lib/python3.10/site-packages:${PYTHONPATH} /usr/bin/python3 -W ignore:setup.py install is deprecated setup.py develop --editable --build-directory /home/msc-robot/Documents/Team4_ros_ws/src/High_Vis/hs_rep/build/pdf_generator/build --no-deps symlink_data
[3.311s] running develop
[3.311s] /usr/local/lib/python3.10/dist-packages/setuptools/command/develop.py:40: EasyInstallDeprecationWarning: easy_install command is deprecated.
[3.312s] !!
[3.312s] 
[3.312s]         ********************************************************************************
[3.312s]         Please avoid running ``setup.py`` and ``easy_install``.
[3.312s]         Instead, use pypa/build, pypa/installer or other
[3.312s]         standards-based tools.
[3.312s] 
[3.313s]         See https://github.com/pypa/setuptools/issues/917 for details.
[3.313s]         ********************************************************************************
[3.313s] 
[3.313s] !!
[3.313s]   easy_install.initialize_options(self)
[3.811s] running egg_info
[3.811s] creating pdf_generator.egg-info
[3.838s] writing pdf_generator.egg-info/PKG-INFO
[3.839s] writing dependency_links to pdf_generator.egg-info/dependency_links.txt
[3.839s] writing entry points to pdf_generator.egg-info/entry_points.txt
[3.840s] writing requirements to pdf_generator.egg-info/requires.txt
[3.840s] writing top-level names to pdf_generator.egg-info/top_level.txt
[3.840s] writing manifest file 'pdf_generator.egg-info/SOURCES.txt'
[3.892s] reading manifest file 'pdf_generator.egg-info/SOURCES.txt'
[3.893s] writing manifest file 'pdf_generator.egg-info/SOURCES.txt'
[3.919s] running build_ext
[3.919s] Creating /home/msc-robot/Documents/Team4_ros_ws/src/High_Vis/hs_rep/install/pdf_generator/lib/python3.10/site-packages/pdf-generator.egg-link (link to .)
[3.922s] Installing pg_node script to /home/msc-robot/Documents/Team4_ros_ws/src/High_Vis/hs_rep/install/pdf_generator/lib/pdf_generator
[3.922s] 
[3.923s] Installed /home/msc-robot/Documents/Team4_ros_ws/src/High_Vis/hs_rep/build/pdf_generator
[3.923s] running symlink_data
[3.923s] creating /home/msc-robot/Documents/Team4_ros_ws/src/High_Vis/hs_rep/install/pdf_generator/share/ament_index
[3.923s] creating /home/msc-robot/Documents/Team4_ros_ws/src/High_Vis/hs_rep/install/pdf_generator/share/ament_index/resource_index
[3.924s] creating /home/msc-robot/Documents/Team4_ros_ws/src/High_Vis/hs_rep/install/pdf_generator/share/ament_index/resource_index/packages
[3.924s] symbolically linking /home/msc-robot/Documents/Team4_ros_ws/src/High_Vis/hs_rep/build/pdf_generator/resource/pdf_generator -> /home/msc-robot/Documents/Team4_ros_ws/src/High_Vis/hs_rep/install/pdf_generator/share/ament_index/resource_index/packages
[3.924s] symbolically linking /home/msc-robot/Documents/Team4_ros_ws/src/High_Vis/hs_rep/build/pdf_generator/package.xml -> /home/msc-robot/Documents/Team4_ros_ws/src/High_Vis/hs_rep/install/pdf_generator/share/pdf_generator
[3.972s] Invoked command in '/home/msc-robot/Documents/Team4_ros_ws/src/High_Vis/hs_rep/build/pdf_generator' returned '0': PYTHONPATH=/home/msc-robot/Documents/Team4_ros_ws/src/High_Vis/hs_rep/build/pdf_generator/prefix_override:/home/msc-robot/Documents/Team4_ros_ws/src/High_Vis/hs_rep/install/pdf_generator/lib/python3.10/site-packages:${PYTHONPATH} /usr/bin/python3 -W ignore:setup.py install is deprecated setup.py develop --editable --build-directory /home/msc-robot/Documents/Team4_ros_ws/src/High_Vis/hs_rep/build/pdf_generator/build --no-deps symlink_data
