[1.310s] Invoking command in '/home/msc-robot/Documents/Team4_ros_ws/src/High_Vis/Thermal_Images/build/Thermal_Image_Save': PYTHONPATH=/home/msc-robot/Documents/Team4_ros_ws/src/High_Vis/Thermal_Images/build/Thermal_Image_Save/prefix_override:/home/msc-robot/Documents/Team4_ros_ws/src/High_Vis/Thermal_Images/install/Thermal_Image_Save/lib/python3.10/site-packages:${PYTHONPATH} /usr/bin/python3 setup.py develop --editable --build-directory /home/msc-robot/Documents/Team4_ros_ws/src/High_Vis/Thermal_Images/build/Thermal_Image_Save/build --no-deps install_data
[1.701s] running develop
[1.701s] /usr/lib/python3/dist-packages/setuptools/command/easy_install.py:158: EasyInstallDeprecationWarning: easy_install command is deprecated. Use build and pip and other standards-based tools.
[1.701s]   warnings.warn(
[1.703s] /usr/lib/python3/dist-packages/setuptools/command/install.py:34: SetuptoolsDeprecationWarning: setup.py install is deprecated. Use build and pip and other standards-based tools.
[1.704s]   warnings.warn(
[1.947s] running egg_info
[1.948s] writing Thermal_Image_Save.egg-info/PKG-INFO
[1.948s] writing dependency_links to Thermal_Image_Save.egg-info/dependency_links.txt
[1.948s] writing entry points to Thermal_Image_Save.egg-info/entry_points.txt
[1.949s] writing requirements to Thermal_Image_Save.egg-info/requires.txt
[1.949s] writing top-level names to Thermal_Image_Save.egg-info/top_level.txt
[1.951s] reading manifest file 'Thermal_Image_Save.egg-info/SOURCES.txt'
[1.953s] writing manifest file 'Thermal_Image_Save.egg-info/SOURCES.txt'
[1.955s] running build_ext
[1.956s] Creating /home/msc-robot/Documents/Team4_ros_ws/src/High_Vis/Thermal_Images/install/Thermal_Image_Save/lib/python3.10/site-packages/Thermal-Image-Save.egg-link (link to .)
[1.957s] Installing TI_save script to /home/msc-robot/Documents/Team4_ros_ws/src/High_Vis/Thermal_Images/install/Thermal_Image_Save/lib/Thermal_Image_Save
[1.957s] 
[1.958s] Installed /home/msc-robot/Documents/Team4_ros_ws/src/High_Vis/Thermal_Images/build/Thermal_Image_Save
[1.958s] running install_data
[1.994s] Invoked command in '/home/msc-robot/Documents/Team4_ros_ws/src/High_Vis/Thermal_Images/build/Thermal_Image_Save' returned '0': PYTHONPATH=/home/msc-robot/Documents/Team4_ros_ws/src/High_Vis/Thermal_Images/build/Thermal_Image_Save/prefix_override:/home/msc-robot/Documents/Team4_ros_ws/src/High_Vis/Thermal_Images/install/Thermal_Image_Save/lib/python3.10/site-packages:${PYTHONPATH} /usr/bin/python3 setup.py develop --editable --build-directory /home/msc-robot/Documents/Team4_ros_ws/src/High_Vis/Thermal_Images/build/Thermal_Image_Save/build --no-deps install_data
