running develop
Removing /home/harry/High_Vis/post_process/install/hotspot_detection/lib/python3.10/site-packages/hotspot-detection.egg-link (link to .)
running egg_info
writing ../../build/hotspot_detection/hotspot_detection.egg-info/PKG-INFO
writing dependency_links to ../../build/hotspot_detection/hotspot_detection.egg-info/dependency_links.txt
writing entry points to ../../build/hotspot_detection/hotspot_detection.egg-info/entry_points.txt
writing requirements to ../../build/hotspot_detection/hotspot_detection.egg-info/requires.txt
writing top-level names to ../../build/hotspot_detection/hotspot_detection.egg-info/top_level.txt
reading manifest file '../../build/hotspot_detection/hotspot_detection.egg-info/SOURCES.txt'
writing manifest file '../../build/hotspot_detection/hotspot_detection.egg-info/SOURCES.txt'
running build
running build_py
copying hotspot_detection/hs_detect_node.py -> /home/harry/High_Vis/post_process/build/hotspot_detection/build/lib/hotspot_detection
running install
running install_lib
creating /home/harry/High_Vis/post_process/install/hotspot_detection/lib/python3.10/site-packages/hotspot_detection
copying /home/harry/High_Vis/post_process/build/hotspot_detection/build/lib/hotspot_detection/hs_detect_node.py -> /home/harry/High_Vis/post_process/install/hotspot_detection/lib/python3.10/site-packages/hotspot_detection
copying /home/harry/High_Vis/post_process/build/hotspot_detection/build/lib/hotspot_detection/__init__.py -> /home/harry/High_Vis/post_process/install/hotspot_detection/lib/python3.10/site-packages/hotspot_detection
byte-compiling /home/harry/High_Vis/post_process/install/hotspot_detection/lib/python3.10/site-packages/hotspot_detection/hs_detect_node.py to hs_detect_node.cpython-310.pyc
byte-compiling /home/harry/High_Vis/post_process/install/hotspot_detection/lib/python3.10/site-packages/hotspot_detection/__init__.py to __init__.cpython-310.pyc
running install_data
running install_egg_info
Copying ../../build/hotspot_detection/hotspot_detection.egg-info to /home/harry/High_Vis/post_process/install/hotspot_detection/lib/python3.10/site-packages/hotspot_detection-0.0.0-py3.10.egg-info
running install_scripts
Installing hs_node script to /home/harry/High_Vis/post_process/install/hotspot_detection/lib/hotspot_detection
writing list of installed files to '/home/harry/High_Vis/post_process/build/hotspot_detection/install.log'
