[1.270s] Invoking command in '/home/harry/High_Vis/post_process/build/hotspot_detection': PYTHONPATH=/home/harry/High_Vis/post_process/build/hotspot_detection/prefix_override:/home/harry/High_Vis/post_process/install/hotspot_detection/lib/python3.10/site-packages:${PYTHONPATH} /usr/bin/python3 setup.py develop --uninstall --editable --build-directory /home/harry/High_Vis/post_process/build/hotspot_detection/build
[1.515s] running develop
[1.655s] Removing /home/harry/High_Vis/post_process/install/hotspot_detection/lib/python3.10/site-packages/hotspot-detection.egg-link (link to .)
[1.701s] Invoked command in '/home/harry/High_Vis/post_process/build/hotspot_detection' returned '0': PYTHONPATH=/home/harry/High_Vis/post_process/build/hotspot_detection/prefix_override:/home/harry/High_Vis/post_process/install/hotspot_detection/lib/python3.10/site-packages:${PYTHONPATH} /usr/bin/python3 setup.py develop --uninstall --editable --build-directory /home/harry/High_Vis/post_process/build/hotspot_detection/build
[1.704s] Invoking command in '/home/harry/High_Vis/post_process/src/hotspot_detection': PYTHONPATH=/home/harry/High_Vis/post_process/build/hotspot_detection/prefix_override:/home/harry/High_Vis/post_process/install/hotspot_detection/lib/python3.10/site-packages:${PYTHONPATH} /usr/bin/python3 setup.py egg_info --egg-base ../../build/hotspot_detection build --build-base /home/harry/High_Vis/post_process/build/hotspot_detection/build install --record /home/harry/High_Vis/post_process/build/hotspot_detection/install.log --single-version-externally-managed
[1.947s] running egg_info
[1.949s] writing ../../build/hotspot_detection/hotspot_detection.egg-info/PKG-INFO
[1.949s] writing dependency_links to ../../build/hotspot_detection/hotspot_detection.egg-info/dependency_links.txt
[1.950s] writing entry points to ../../build/hotspot_detection/hotspot_detection.egg-info/entry_points.txt
[1.950s] writing requirements to ../../build/hotspot_detection/hotspot_detection.egg-info/requires.txt
[1.951s] writing top-level names to ../../build/hotspot_detection/hotspot_detection.egg-info/top_level.txt
[1.952s] reading manifest file '../../build/hotspot_detection/hotspot_detection.egg-info/SOURCES.txt'
[1.953s] writing manifest file '../../build/hotspot_detection/hotspot_detection.egg-info/SOURCES.txt'
[1.953s] running build
[1.953s] running build_py
[1.954s] copying hotspot_detection/hs_detect_node.py -> /home/harry/High_Vis/post_process/build/hotspot_detection/build/lib/hotspot_detection
[1.954s] running install
[1.955s] running install_lib
[1.955s] creating /home/harry/High_Vis/post_process/install/hotspot_detection/lib/python3.10/site-packages/hotspot_detection
[1.956s] copying /home/harry/High_Vis/post_process/build/hotspot_detection/build/lib/hotspot_detection/hs_detect_node.py -> /home/harry/High_Vis/post_process/install/hotspot_detection/lib/python3.10/site-packages/hotspot_detection
[1.956s] copying /home/harry/High_Vis/post_process/build/hotspot_detection/build/lib/hotspot_detection/__init__.py -> /home/harry/High_Vis/post_process/install/hotspot_detection/lib/python3.10/site-packages/hotspot_detection
[1.957s] byte-compiling /home/harry/High_Vis/post_process/install/hotspot_detection/lib/python3.10/site-packages/hotspot_detection/hs_detect_node.py to hs_detect_node.cpython-310.pyc
[1.959s] byte-compiling /home/harry/High_Vis/post_process/install/hotspot_detection/lib/python3.10/site-packages/hotspot_detection/__init__.py to __init__.cpython-310.pyc
[1.959s] running install_data
[1.960s] running install_egg_info
[1.962s] Copying ../../build/hotspot_detection/hotspot_detection.egg-info to /home/harry/High_Vis/post_process/install/hotspot_detection/lib/python3.10/site-packages/hotspot_detection-0.0.0-py3.10.egg-info
[1.964s] running install_scripts
[1.984s] Installing hs_node script to /home/harry/High_Vis/post_process/install/hotspot_detection/lib/hotspot_detection
[1.984s] writing list of installed files to '/home/harry/High_Vis/post_process/build/hotspot_detection/install.log'
[2.067s] Invoked command in '/home/harry/High_Vis/post_process/src/hotspot_detection' returned '0': PYTHONPATH=/home/harry/High_Vis/post_process/build/hotspot_detection/prefix_override:/home/harry/High_Vis/post_process/install/hotspot_detection/lib/python3.10/site-packages:${PYTHONPATH} /usr/bin/python3 setup.py egg_info --egg-base ../../build/hotspot_detection build --build-base /home/harry/High_Vis/post_process/build/hotspot_detection/build install --record /home/harry/High_Vis/post_process/build/hotspot_detection/install.log --single-version-externally-managed
