[1.212s] DEBUG:colcon:Command line arguments: ['/usr/bin/colcon', 'build', '--symlink-install']
[1.212s] DEBUG:colcon:Parsed command line arguments: Namespace(log_base=None, log_level=None, verb_name='build', build_base='build', install_base='install', merge_install=False, symlink_install=True, test_result_base=None, continue_on_error=False, executor='parallel', parallel_workers=8, event_handlers=None, ignore_user_meta=False, metas=['./colcon.meta'], base_paths=['.'], packages_ignore=None, packages_ignore_regex=None, paths=None, packages_up_to=None, packages_up_to_regex=None, packages_above=None, packages_above_and_dependencies=None, packages_above_depth=None, packages_select_by_dep=None, packages_skip_by_dep=None, packages_skip_up_to=None, packages_select_build_failed=False, packages_skip_build_finished=False, packages_select_test_failures=False, packages_skip_test_passed=False, packages_select=None, packages_skip=None, packages_select_regex=None, packages_skip_regex=None, packages_start=None, packages_end=None, allow_overriding=[], cmake_args=None, cmake_target=None, cmake_target_skip_unavailable=False, cmake_clean_cache=False, cmake_clean_first=False, cmake_force_configure=False, ament_cmake_args=None, catkin_cmake_args=None, catkin_skip_building_tests=False, verb_parser=<colcon_defaults.argument_parser.defaults.DefaultArgumentsDecorator object at 0x7f34d813a650>, verb_extension=<colcon_core.verb.build.BuildVerb object at 0x7f34d83e0130>, main=<bound method BuildVerb.main of <colcon_core.verb.build.BuildVerb object at 0x7f34d83e0130>>)
[1.285s] Level 1:colcon.colcon_core.package_discovery:discover_packages(colcon_meta) check parameters
[1.285s] Level 1:colcon.colcon_core.package_discovery:discover_packages(recursive) check parameters
[1.285s] Level 1:colcon.colcon_core.package_discovery:discover_packages(ignore) check parameters
[1.285s] Level 1:colcon.colcon_core.package_discovery:discover_packages(path) check parameters
[1.285s] Level 1:colcon.colcon_core.package_discovery:discover_packages(colcon_meta) discover
[1.285s] Level 1:colcon.colcon_core.package_discovery:discover_packages(recursive) discover
[1.285s] INFO:colcon.colcon_core.package_discovery:Crawling recursively for packages in '/home/harry/ros2_ws/src/High_Vis/actions'
[1.285s] Level 1:colcon.colcon_core.package_identification:_identify(.) by extensions ['ignore', 'ignore_ament_install']
[1.286s] Level 1:colcon.colcon_core.package_identification:_identify(.) by extension 'ignore'
[1.286s] Level 1:colcon.colcon_core.package_identification:_identify(.) by extension 'ignore_ament_install'
[1.286s] Level 1:colcon.colcon_core.package_identification:_identify(.) by extensions ['colcon_pkg']
[1.286s] Level 1:colcon.colcon_core.package_identification:_identify(.) by extension 'colcon_pkg'
[1.286s] Level 1:colcon.colcon_core.package_identification:_identify(.) by extensions ['colcon_meta']
[1.286s] Level 1:colcon.colcon_core.package_identification:_identify(.) by extension 'colcon_meta'
[1.286s] Level 1:colcon.colcon_core.package_identification:_identify(.) by extensions ['ros']
[1.286s] Level 1:colcon.colcon_core.package_identification:_identify(.) by extension 'ros'
[1.311s] Level 1:colcon.colcon_core.package_identification:_identify(.) by extensions ['cmake', 'python']
[1.311s] Level 1:colcon.colcon_core.package_identification:_identify(.) by extension 'cmake'
[1.311s] Level 1:colcon.colcon_core.package_identification:_identify(.) by extension 'python'
[1.311s] Level 1:colcon.colcon_core.package_identification:_identify(.) by extensions ['python_setup_py']
[1.311s] Level 1:colcon.colcon_core.package_identification:_identify(.) by extension 'python_setup_py'
[1.312s] Level 1:colcon.colcon_core.package_identification:_identify(build) by extensions ['ignore', 'ignore_ament_install']
[1.312s] Level 1:colcon.colcon_core.package_identification:_identify(build) by extension 'ignore'
[1.312s] Level 1:colcon.colcon_core.package_identification:_identify(build) ignored
[1.312s] Level 1:colcon.colcon_core.package_identification:_identify(install) by extensions ['ignore', 'ignore_ament_install']
[1.312s] Level 1:colcon.colcon_core.package_identification:_identify(install) by extension 'ignore'
[1.312s] Level 1:colcon.colcon_core.package_identification:_identify(install) ignored
[1.312s] Level 1:colcon.colcon_core.package_identification:_identify(log) by extensions ['ignore', 'ignore_ament_install']
[1.313s] Level 1:colcon.colcon_core.package_identification:_identify(log) by extension 'ignore'
[1.313s] Level 1:colcon.colcon_core.package_identification:_identify(log) ignored
[1.313s] Level 1:colcon.colcon_core.package_identification:_identify(mp_13) by extensions ['ignore', 'ignore_ament_install']
[1.313s] Level 1:colcon.colcon_core.package_identification:_identify(mp_13) by extension 'ignore'
[1.313s] Level 1:colcon.colcon_core.package_identification:_identify(mp_13) by extension 'ignore_ament_install'
[1.313s] Level 1:colcon.colcon_core.package_identification:_identify(mp_13) by extensions ['colcon_pkg']
[1.313s] Level 1:colcon.colcon_core.package_identification:_identify(mp_13) by extension 'colcon_pkg'
[1.313s] Level 1:colcon.colcon_core.package_identification:_identify(mp_13) by extensions ['colcon_meta']
[1.313s] Level 1:colcon.colcon_core.package_identification:_identify(mp_13) by extension 'colcon_meta'
[1.313s] Level 1:colcon.colcon_core.package_identification:_identify(mp_13) by extensions ['ros']
[1.313s] Level 1:colcon.colcon_core.package_identification:_identify(mp_13) by extension 'ros'
[1.313s] Level 1:colcon.colcon_core.package_identification:_identify(mp_13) by extensions ['cmake', 'python']
[1.313s] Level 1:colcon.colcon_core.package_identification:_identify(mp_13) by extension 'cmake'
[1.313s] Level 1:colcon.colcon_core.package_identification:_identify(mp_13) by extension 'python'
[1.313s] Level 1:colcon.colcon_core.package_identification:_identify(mp_13) by extensions ['python_setup_py']
[1.313s] Level 1:colcon.colcon_core.package_identification:_identify(mp_13) by extension 'python_setup_py'
[1.314s] Level 1:colcon.colcon_core.package_identification:_identify(src) by extensions ['ignore', 'ignore_ament_install']
[1.314s] Level 1:colcon.colcon_core.package_identification:_identify(src) by extension 'ignore'
[1.314s] Level 1:colcon.colcon_core.package_identification:_identify(src) by extension 'ignore_ament_install'
[1.314s] Level 1:colcon.colcon_core.package_identification:_identify(src) by extensions ['colcon_pkg']
[1.314s] Level 1:colcon.colcon_core.package_identification:_identify(src) by extension 'colcon_pkg'
[1.314s] Level 1:colcon.colcon_core.package_identification:_identify(src) by extensions ['colcon_meta']
[1.314s] Level 1:colcon.colcon_core.package_identification:_identify(src) by extension 'colcon_meta'
[1.314s] Level 1:colcon.colcon_core.package_identification:_identify(src) by extensions ['ros']
[1.314s] Level 1:colcon.colcon_core.package_identification:_identify(src) by extension 'ros'
[1.314s] Level 1:colcon.colcon_core.package_identification:_identify(src) by extensions ['cmake', 'python']
[1.314s] Level 1:colcon.colcon_core.package_identification:_identify(src) by extension 'cmake'
[1.314s] Level 1:colcon.colcon_core.package_identification:_identify(src) by extension 'python'
[1.314s] Level 1:colcon.colcon_core.package_identification:_identify(src) by extensions ['python_setup_py']
[1.314s] Level 1:colcon.colcon_core.package_identification:_identify(src) by extension 'python_setup_py'
[1.314s] Level 1:colcon.colcon_core.package_identification:_identify(src/actions_py) by extensions ['ignore', 'ignore_ament_install']
[1.314s] Level 1:colcon.colcon_core.package_identification:_identify(src/actions_py) by extension 'ignore'
[1.315s] Level 1:colcon.colcon_core.package_identification:_identify(src/actions_py) by extension 'ignore_ament_install'
[1.315s] Level 1:colcon.colcon_core.package_identification:_identify(src/actions_py) by extensions ['colcon_pkg']
[1.315s] Level 1:colcon.colcon_core.package_identification:_identify(src/actions_py) by extension 'colcon_pkg'
[1.315s] Level 1:colcon.colcon_core.package_identification:_identify(src/actions_py) by extensions ['colcon_meta']
[1.315s] Level 1:colcon.colcon_core.package_identification:_identify(src/actions_py) by extension 'colcon_meta'
[1.315s] Level 1:colcon.colcon_core.package_identification:_identify(src/actions_py) by extensions ['ros']
[1.315s] Level 1:colcon.colcon_core.package_identification:_identify(src/actions_py) by extension 'ros'
[1.321s] DEBUG:colcon.colcon_core.package_identification:Package 'src/actions_py' with type 'ros.ament_python' and name 'actions_py'
[1.321s] Level 1:colcon.colcon_core.package_identification:_identify(src/hotspot_action) by extensions ['ignore', 'ignore_ament_install']
[1.321s] Level 1:colcon.colcon_core.package_identification:_identify(src/hotspot_action) by extension 'ignore'
[1.321s] Level 1:colcon.colcon_core.package_identification:_identify(src/hotspot_action) by extension 'ignore_ament_install'
[1.322s] Level 1:colcon.colcon_core.package_identification:_identify(src/hotspot_action) by extensions ['colcon_pkg']
[1.322s] Level 1:colcon.colcon_core.package_identification:_identify(src/hotspot_action) by extension 'colcon_pkg'
[1.322s] Level 1:colcon.colcon_core.package_identification:_identify(src/hotspot_action) by extensions ['colcon_meta']
[1.322s] Level 1:colcon.colcon_core.package_identification:_identify(src/hotspot_action) by extension 'colcon_meta'
[1.322s] Level 1:colcon.colcon_core.package_identification:_identify(src/hotspot_action) by extensions ['ros']
[1.322s] Level 1:colcon.colcon_core.package_identification:_identify(src/hotspot_action) by extension 'ros'
[1.323s] DEBUG:colcon.colcon_core.package_identification:Package 'src/hotspot_action' with type 'ros.ament_cmake' and name 'hotspot_action'
[1.323s] Level 1:colcon.colcon_core.package_discovery:discover_packages(recursive) using defaults
[1.323s] Level 1:colcon.colcon_core.package_discovery:discover_packages(ignore) discover
[1.323s] Level 1:colcon.colcon_core.package_discovery:discover_packages(ignore) using defaults
[1.323s] Level 1:colcon.colcon_core.package_discovery:discover_packages(path) discover
[1.323s] Level 1:colcon.colcon_core.package_discovery:discover_packages(path) using defaults
[1.433s] Level 1:colcon.colcon_core.package_discovery:discover_packages(prefix_path) check parameters
[1.433s] Level 1:colcon.colcon_core.package_discovery:discover_packages(prefix_path) discover
[1.464s] DEBUG:colcon.colcon_installed_package_information.package_discovery:Found 2 installed packages in /home/harry/ros2_ws/src/High_Vis/actions/install
[1.478s] DEBUG:colcon.colcon_installed_package_information.package_discovery:Found 376 installed packages in /opt/ros/humble
[1.480s] Level 1:colcon.colcon_core.package_discovery:discover_packages(prefix_path) using defaults
[1.660s] Level 5:colcon.colcon_core.verb:set package 'hotspot_action' build argument 'cmake_args' from command line to 'None'
[1.660s] Level 5:colcon.colcon_core.verb:set package 'hotspot_action' build argument 'cmake_target' from command line to 'None'
[1.660s] Level 5:colcon.colcon_core.verb:set package 'hotspot_action' build argument 'cmake_target_skip_unavailable' from command line to 'False'
[1.660s] Level 5:colcon.colcon_core.verb:set package 'hotspot_action' build argument 'cmake_clean_cache' from command line to 'False'
[1.660s] Level 5:colcon.colcon_core.verb:set package 'hotspot_action' build argument 'cmake_clean_first' from command line to 'False'
[1.661s] Level 5:colcon.colcon_core.verb:set package 'hotspot_action' build argument 'cmake_force_configure' from command line to 'False'
[1.661s] Level 5:colcon.colcon_core.verb:set package 'hotspot_action' build argument 'ament_cmake_args' from command line to 'None'
[1.661s] Level 5:colcon.colcon_core.verb:set package 'hotspot_action' build argument 'catkin_cmake_args' from command line to 'None'
[1.661s] Level 5:colcon.colcon_core.verb:set package 'hotspot_action' build argument 'catkin_skip_building_tests' from command line to 'False'
[1.661s] DEBUG:colcon.colcon_core.verb:Building package 'hotspot_action' with the following arguments: {'ament_cmake_args': None, 'build_base': '/home/harry/ros2_ws/src/High_Vis/actions/build/hotspot_action', 'catkin_cmake_args': None, 'catkin_skip_building_tests': False, 'cmake_args': None, 'cmake_clean_cache': False, 'cmake_clean_first': False, 'cmake_force_configure': False, 'cmake_target': None, 'cmake_target_skip_unavailable': False, 'install_base': '/home/harry/ros2_ws/src/High_Vis/actions/install/hotspot_action', 'merge_install': False, 'path': '/home/harry/ros2_ws/src/High_Vis/actions/src/hotspot_action', 'symlink_install': True, 'test_result_base': None}
[1.673s] Level 5:colcon.colcon_core.verb:set package 'actions_py' build argument 'cmake_args' from command line to 'None'
[1.674s] Level 5:colcon.colcon_core.verb:set package 'actions_py' build argument 'cmake_target' from command line to 'None'
[1.674s] Level 5:colcon.colcon_core.verb:set package 'actions_py' build argument 'cmake_target_skip_unavailable' from command line to 'False'
[1.674s] Level 5:colcon.colcon_core.verb:set package 'actions_py' build argument 'cmake_clean_cache' from command line to 'False'
[1.674s] Level 5:colcon.colcon_core.verb:set package 'actions_py' build argument 'cmake_clean_first' from command line to 'False'
[1.674s] Level 5:colcon.colcon_core.verb:set package 'actions_py' build argument 'cmake_force_configure' from command line to 'False'
[1.674s] Level 5:colcon.colcon_core.verb:set package 'actions_py' build argument 'ament_cmake_args' from command line to 'None'
[1.674s] Level 5:colcon.colcon_core.verb:set package 'actions_py' build argument 'catkin_cmake_args' from command line to 'None'
[1.674s] Level 5:colcon.colcon_core.verb:set package 'actions_py' build argument 'catkin_skip_building_tests' from command line to 'False'
[1.674s] DEBUG:colcon.colcon_core.verb:Building package 'actions_py' with the following arguments: {'ament_cmake_args': None, 'build_base': '/home/harry/ros2_ws/src/High_Vis/actions/build/actions_py', 'catkin_cmake_args': None, 'catkin_skip_building_tests': False, 'cmake_args': None, 'cmake_clean_cache': False, 'cmake_clean_first': False, 'cmake_force_configure': False, 'cmake_target': None, 'cmake_target_skip_unavailable': False, 'install_base': '/home/harry/ros2_ws/src/High_Vis/actions/install/actions_py', 'merge_install': False, 'path': '/home/harry/ros2_ws/src/High_Vis/actions/src/actions_py', 'symlink_install': True, 'test_result_base': None}
[1.686s] INFO:colcon.colcon_core.executor:Executing jobs using 'parallel' executor
[1.702s] DEBUG:colcon.colcon_parallel_executor.executor.parallel:run_until_complete
[1.703s] INFO:colcon.colcon_ros.task.ament_cmake.build:Building ROS package in '/home/harry/ros2_ws/src/High_Vis/actions/src/hotspot_action' with build type 'ament_cmake'
[1.703s] INFO:colcon.colcon_cmake.task.cmake.build:Building CMake package in '/home/harry/ros2_ws/src/High_Vis/actions/src/hotspot_action'
[1.726s] INFO:colcon.colcon_core.plugin_system:Skipping extension 'colcon_core.shell.bat': Not used on non-Windows systems
[1.726s] INFO:colcon.colcon_core.shell:Skip shell extension 'powershell' for command environment: Not usable outside of PowerShell
[1.727s] DEBUG:colcon.colcon_core.shell:Skip shell extension 'dsv' for command environment
[1.788s] DEBUG:colcon.colcon_core.event_handler.log_command:Invoking command in '/home/harry/ros2_ws/src/High_Vis/actions/build/hotspot_action': CMAKE_PREFIX_PATH=${CMAKE_PREFIX_PATH}:/home/harry/ros2_ws/src/High_Vis/actions/install/actions_py:/opt/ros/humble /usr/bin/cmake --build /home/harry/ros2_ws/src/High_Vis/actions/build/hotspot_action -- -j8 -l8
[9.321s] DEBUG:colcon.colcon_core.event_handler.log_command:Invoked command in '/home/harry/ros2_ws/src/High_Vis/actions/build/hotspot_action' returned '0': CMAKE_PREFIX_PATH=${CMAKE_PREFIX_PATH}:/home/harry/ros2_ws/src/High_Vis/actions/install/actions_py:/opt/ros/humble /usr/bin/cmake --build /home/harry/ros2_ws/src/High_Vis/actions/build/hotspot_action -- -j8 -l8
[9.408s] DEBUG:colcon.colcon_core.event_handler.log_command:Invoking command in '/home/harry/ros2_ws/src/High_Vis/actions/build/hotspot_action': CMAKE_PREFIX_PATH=${CMAKE_PREFIX_PATH}:/home/harry/ros2_ws/src/High_Vis/actions/install/actions_py:/opt/ros/humble /usr/bin/cmake --install /home/harry/ros2_ws/src/High_Vis/actions/build/hotspot_action
[9.515s] Level 1:colcon.colcon_core.environment:create_environment_scripts_only(hotspot_action)
[9.517s] DEBUG:colcon.colcon_core.event_handler.log_command:Invoked command in '/home/harry/ros2_ws/src/High_Vis/actions/build/hotspot_action' returned '0': CMAKE_PREFIX_PATH=${CMAKE_PREFIX_PATH}:/home/harry/ros2_ws/src/High_Vis/actions/install/actions_py:/opt/ros/humble /usr/bin/cmake --install /home/harry/ros2_ws/src/High_Vis/actions/build/hotspot_action
[9.548s] Level 1:colcon.colcon_core.environment:checking '/home/harry/ros2_ws/src/High_Vis/actions/install/hotspot_action' for CMake module files
[9.549s] Level 1:colcon.colcon_core.environment:checking '/home/harry/ros2_ws/src/High_Vis/actions/install/hotspot_action' for CMake config files
[9.550s] Level 1:colcon.colcon_core.shell:create_environment_hook('hotspot_action', 'cmake_prefix_path')
[9.575s] INFO:colcon.colcon_core.shell:Creating environment hook '/home/harry/ros2_ws/src/High_Vis/actions/install/hotspot_action/share/hotspot_action/hook/cmake_prefix_path.ps1'
[9.578s] INFO:colcon.colcon_core.shell:Creating environment descriptor '/home/harry/ros2_ws/src/High_Vis/actions/install/hotspot_action/share/hotspot_action/hook/cmake_prefix_path.dsv'
[9.578s] INFO:colcon.colcon_core.shell:Creating environment hook '/home/harry/ros2_ws/src/High_Vis/actions/install/hotspot_action/share/hotspot_action/hook/cmake_prefix_path.sh'
[9.580s] Level 1:colcon.colcon_core.environment:checking '/home/harry/ros2_ws/src/High_Vis/actions/install/hotspot_action/lib'
[9.580s] Level 1:colcon.colcon_core.shell:create_environment_hook('hotspot_action', 'ld_library_path_lib')
[9.599s] INFO:colcon.colcon_core.shell:Creating environment hook '/home/harry/ros2_ws/src/High_Vis/actions/install/hotspot_action/share/hotspot_action/hook/ld_library_path_lib.ps1'
[9.600s] INFO:colcon.colcon_core.shell:Creating environment descriptor '/home/harry/ros2_ws/src/High_Vis/actions/install/hotspot_action/share/hotspot_action/hook/ld_library_path_lib.dsv'
[9.600s] INFO:colcon.colcon_core.shell:Creating environment hook '/home/harry/ros2_ws/src/High_Vis/actions/install/hotspot_action/share/hotspot_action/hook/ld_library_path_lib.sh'
[9.601s] Level 1:colcon.colcon_core.environment:checking '/home/harry/ros2_ws/src/High_Vis/actions/install/hotspot_action/bin'
[9.601s] Level 1:colcon.colcon_core.environment:checking '/home/harry/ros2_ws/src/High_Vis/actions/install/hotspot_action/lib/pkgconfig/hotspot_action.pc'
[9.601s] Level 1:colcon.colcon_core.environment:checking '/home/harry/ros2_ws/src/High_Vis/actions/install/hotspot_action/lib/python3.10/site-packages'
[9.602s] Level 1:colcon.colcon_core.environment:checking '/home/harry/ros2_ws/src/High_Vis/actions/install/hotspot_action/bin'
[9.618s] INFO:colcon.colcon_core.shell:Creating package script '/home/harry/ros2_ws/src/High_Vis/actions/install/hotspot_action/share/hotspot_action/package.ps1'
[9.620s] INFO:colcon.colcon_core.shell:Creating package descriptor '/home/harry/ros2_ws/src/High_Vis/actions/install/hotspot_action/share/hotspot_action/package.dsv'
[9.621s] INFO:colcon.colcon_core.shell:Creating package script '/home/harry/ros2_ws/src/High_Vis/actions/install/hotspot_action/share/hotspot_action/package.sh'
[9.622s] INFO:colcon.colcon_core.shell:Creating package script '/home/harry/ros2_ws/src/High_Vis/actions/install/hotspot_action/share/hotspot_action/package.bash'
[9.624s] INFO:colcon.colcon_core.shell:Creating package script '/home/harry/ros2_ws/src/High_Vis/actions/install/hotspot_action/share/hotspot_action/package.zsh'
[9.626s] Level 1:colcon.colcon_core.environment:create_file_with_runtime_dependencies(/home/harry/ros2_ws/src/High_Vis/actions/install/hotspot_action/share/colcon-core/packages/hotspot_action)
[9.705s] Level 1:colcon.colcon_core.environment:create_environment_scripts_only(hotspot_action)
[9.723s] Level 1:colcon.colcon_core.environment:checking '/home/harry/ros2_ws/src/High_Vis/actions/install/hotspot_action' for CMake module files
[9.724s] Level 1:colcon.colcon_core.environment:checking '/home/harry/ros2_ws/src/High_Vis/actions/install/hotspot_action' for CMake config files
[9.725s] Level 1:colcon.colcon_core.shell:create_environment_hook('hotspot_action', 'cmake_prefix_path')
[9.748s] INFO:colcon.colcon_core.shell:Creating environment hook '/home/harry/ros2_ws/src/High_Vis/actions/install/hotspot_action/share/hotspot_action/hook/cmake_prefix_path.ps1'
[9.749s] INFO:colcon.colcon_core.shell:Creating environment descriptor '/home/harry/ros2_ws/src/High_Vis/actions/install/hotspot_action/share/hotspot_action/hook/cmake_prefix_path.dsv'
[9.749s] INFO:colcon.colcon_core.shell:Creating environment hook '/home/harry/ros2_ws/src/High_Vis/actions/install/hotspot_action/share/hotspot_action/hook/cmake_prefix_path.sh'
[9.750s] Level 1:colcon.colcon_core.environment:checking '/home/harry/ros2_ws/src/High_Vis/actions/install/hotspot_action/lib'
[9.750s] Level 1:colcon.colcon_core.shell:create_environment_hook('hotspot_action', 'ld_library_path_lib')
[9.776s] INFO:colcon.colcon_core.shell:Creating environment hook '/home/harry/ros2_ws/src/High_Vis/actions/install/hotspot_action/share/hotspot_action/hook/ld_library_path_lib.ps1'
[9.777s] INFO:colcon.colcon_core.shell:Creating environment descriptor '/home/harry/ros2_ws/src/High_Vis/actions/install/hotspot_action/share/hotspot_action/hook/ld_library_path_lib.dsv'
[9.778s] INFO:colcon.colcon_core.shell:Creating environment hook '/home/harry/ros2_ws/src/High_Vis/actions/install/hotspot_action/share/hotspot_action/hook/ld_library_path_lib.sh'
[9.778s] Level 1:colcon.colcon_core.environment:checking '/home/harry/ros2_ws/src/High_Vis/actions/install/hotspot_action/bin'
[9.779s] Level 1:colcon.colcon_core.environment:checking '/home/harry/ros2_ws/src/High_Vis/actions/install/hotspot_action/lib/pkgconfig/hotspot_action.pc'
[9.779s] Level 1:colcon.colcon_core.environment:checking '/home/harry/ros2_ws/src/High_Vis/actions/install/hotspot_action/lib/python3.10/site-packages'
[9.779s] Level 1:colcon.colcon_core.environment:checking '/home/harry/ros2_ws/src/High_Vis/actions/install/hotspot_action/bin'
[9.800s] INFO:colcon.colcon_core.shell:Creating package script '/home/harry/ros2_ws/src/High_Vis/actions/install/hotspot_action/share/hotspot_action/package.ps1'
[9.801s] INFO:colcon.colcon_core.shell:Creating package descriptor '/home/harry/ros2_ws/src/High_Vis/actions/install/hotspot_action/share/hotspot_action/package.dsv'
[9.803s] INFO:colcon.colcon_core.shell:Creating package script '/home/harry/ros2_ws/src/High_Vis/actions/install/hotspot_action/share/hotspot_action/package.sh'
[9.804s] INFO:colcon.colcon_core.shell:Creating package script '/home/harry/ros2_ws/src/High_Vis/actions/install/hotspot_action/share/hotspot_action/package.bash'
[9.805s] INFO:colcon.colcon_core.shell:Creating package script '/home/harry/ros2_ws/src/High_Vis/actions/install/hotspot_action/share/hotspot_action/package.zsh'
[9.806s] Level 1:colcon.colcon_core.environment:create_file_with_runtime_dependencies(/home/harry/ros2_ws/src/High_Vis/actions/install/hotspot_action/share/colcon-core/packages/hotspot_action)
[9.807s] INFO:colcon.colcon_ros.task.ament_python.build:Building ROS package in '/home/harry/ros2_ws/src/High_Vis/actions/src/actions_py' with build type 'ament_python'
[9.807s] Level 1:colcon.colcon_core.shell:create_environment_hook('actions_py', 'ament_prefix_path')
[9.833s] INFO:colcon.colcon_core.shell:Creating environment hook '/home/harry/ros2_ws/src/High_Vis/actions/install/actions_py/share/actions_py/hook/ament_prefix_path.ps1'
[9.835s] INFO:colcon.colcon_core.shell:Creating environment descriptor '/home/harry/ros2_ws/src/High_Vis/actions/install/actions_py/share/actions_py/hook/ament_prefix_path.dsv'
[9.837s] INFO:colcon.colcon_core.shell:Creating environment hook '/home/harry/ros2_ws/src/High_Vis/actions/install/actions_py/share/actions_py/hook/ament_prefix_path.sh'
[9.859s] INFO:colcon.colcon_core.shell:Skip shell extension 'powershell' for command environment: Not usable outside of PowerShell
[9.859s] DEBUG:colcon.colcon_core.shell:Skip shell extension 'dsv' for command environment
[10.251s] INFO:colcon.colcon_core.task.python.build:Building Python package in '/home/harry/ros2_ws/src/High_Vis/actions/src/actions_py'
[10.264s] INFO:colcon.colcon_core.shell:Skip shell extension 'powershell' for command environment: Not usable outside of PowerShell
[10.264s] DEBUG:colcon.colcon_core.shell:Skip shell extension 'dsv' for command environment
[10.905s] DEBUG:colcon.colcon_core.event_handler.log_command:Invoking command in '/home/harry/ros2_ws/src/High_Vis/actions/build/actions_py': PYTHONPATH=/home/harry/ros2_ws/src/High_Vis/actions/build/actions_py/prefix_override:/home/harry/ros2_ws/src/High_Vis/actions/install/actions_py/lib/python3.10/site-packages:${PYTHONPATH} /usr/bin/python3 setup.py develop --editable --build-directory /home/harry/ros2_ws/src/High_Vis/actions/build/actions_py/build --no-deps install_data
[11.359s] Level 1:colcon.colcon_core.shell:create_environment_hook('actions_py', 'pythonpath_develop')
[11.362s] DEBUG:colcon.colcon_core.event_handler.log_command:Invoked command in '/home/harry/ros2_ws/src/High_Vis/actions/build/actions_py' returned '0': PYTHONPATH=/home/harry/ros2_ws/src/High_Vis/actions/build/actions_py/prefix_override:/home/harry/ros2_ws/src/High_Vis/actions/install/actions_py/lib/python3.10/site-packages:${PYTHONPATH} /usr/bin/python3 setup.py develop --editable --build-directory /home/harry/ros2_ws/src/High_Vis/actions/build/actions_py/build --no-deps install_data
[11.376s] INFO:colcon.colcon_core.shell:Creating environment hook '/home/harry/ros2_ws/src/High_Vis/actions/build/actions_py/share/actions_py/hook/pythonpath_develop.ps1'
[11.376s] INFO:colcon.colcon_core.shell:Creating environment descriptor '/home/harry/ros2_ws/src/High_Vis/actions/build/actions_py/share/actions_py/hook/pythonpath_develop.dsv'
[11.377s] INFO:colcon.colcon_core.shell:Creating environment hook '/home/harry/ros2_ws/src/High_Vis/actions/build/actions_py/share/actions_py/hook/pythonpath_develop.sh'
[11.390s] Level 1:colcon.colcon_core.environment:checking '/home/harry/ros2_ws/src/High_Vis/actions/install/actions_py' for CMake module files
[11.391s] Level 1:colcon.colcon_core.environment:checking '/home/harry/ros2_ws/src/High_Vis/actions/install/actions_py' for CMake config files
[11.391s] Level 1:colcon.colcon_core.environment:checking '/home/harry/ros2_ws/src/High_Vis/actions/install/actions_py/lib'
[11.391s] Level 1:colcon.colcon_core.environment:checking '/home/harry/ros2_ws/src/High_Vis/actions/install/actions_py/bin'
[11.391s] Level 1:colcon.colcon_core.environment:checking '/home/harry/ros2_ws/src/High_Vis/actions/install/actions_py/lib/pkgconfig/actions_py.pc'
[11.391s] Level 1:colcon.colcon_core.environment:checking '/home/harry/ros2_ws/src/High_Vis/actions/install/actions_py/lib/python3.10/site-packages'
[11.392s] Level 1:colcon.colcon_core.shell:create_environment_hook('actions_py', 'pythonpath')
[11.405s] INFO:colcon.colcon_core.shell:Creating environment hook '/home/harry/ros2_ws/src/High_Vis/actions/install/actions_py/share/actions_py/hook/pythonpath.ps1'
[11.405s] INFO:colcon.colcon_core.shell:Creating environment descriptor '/home/harry/ros2_ws/src/High_Vis/actions/install/actions_py/share/actions_py/hook/pythonpath.dsv'
[11.406s] INFO:colcon.colcon_core.shell:Creating environment hook '/home/harry/ros2_ws/src/High_Vis/actions/install/actions_py/share/actions_py/hook/pythonpath.sh'
[11.406s] Level 1:colcon.colcon_core.environment:checking '/home/harry/ros2_ws/src/High_Vis/actions/install/actions_py/bin'
[11.406s] Level 1:colcon.colcon_core.environment:create_environment_scripts_only(actions_py)
[11.420s] INFO:colcon.colcon_core.shell:Creating package script '/home/harry/ros2_ws/src/High_Vis/actions/install/actions_py/share/actions_py/package.ps1'
[11.421s] INFO:colcon.colcon_core.shell:Creating package descriptor '/home/harry/ros2_ws/src/High_Vis/actions/install/actions_py/share/actions_py/package.dsv'
[11.422s] INFO:colcon.colcon_core.shell:Creating package script '/home/harry/ros2_ws/src/High_Vis/actions/install/actions_py/share/actions_py/package.sh'
[11.422s] INFO:colcon.colcon_core.shell:Creating package script '/home/harry/ros2_ws/src/High_Vis/actions/install/actions_py/share/actions_py/package.bash'
[11.422s] INFO:colcon.colcon_core.shell:Creating package script '/home/harry/ros2_ws/src/High_Vis/actions/install/actions_py/share/actions_py/package.zsh'
[11.423s] Level 1:colcon.colcon_core.environment:create_file_with_runtime_dependencies(/home/harry/ros2_ws/src/High_Vis/actions/install/actions_py/share/colcon-core/packages/actions_py)
[11.423s] DEBUG:colcon.colcon_parallel_executor.executor.parallel:closing loop
[11.424s] DEBUG:colcon.colcon_parallel_executor.executor.parallel:loop closed
[11.424s] DEBUG:colcon.colcon_parallel_executor.executor.parallel:run_until_complete finished with '0'
[11.425s] DEBUG:colcon.colcon_core.event_reactor:joining thread
[11.491s] INFO:colcon.colcon_core.plugin_system:Skipping extension 'colcon_notification.desktop_notification.notify_send': Could not find 'notify-send'
[11.491s] INFO:colcon.colcon_core.plugin_system:Skipping extension 'colcon_notification.desktop_notification.terminal_notifier': Not used on non-Darwin systems
[11.491s] INFO:colcon.colcon_core.plugin_system:Skipping extension 'colcon_notification.desktop_notification.win32': Not used on non-Windows systems
[11.491s] INFO:colcon.colcon_notification.desktop_notification:Sending desktop notification using 'notify2'
[11.494s] DEBUG:colcon.colcon_notification.desktop_notification.notify2:Failed to initialize notify2: org.freedesktop.DBus.Error.FileNotFound: Failed to connect to socket /run/user/1000/bus: No such file or directory
[11.494s] DEBUG:colcon.colcon_core.event_reactor:joined thread
[11.507s] INFO:colcon.colcon_core.shell:Creating prefix script '/home/harry/ros2_ws/src/High_Vis/actions/install/local_setup.ps1'
[11.508s] INFO:colcon.colcon_core.shell:Creating prefix util module '/home/harry/ros2_ws/src/High_Vis/actions/install/_local_setup_util_ps1.py'
[11.510s] INFO:colcon.colcon_core.shell:Creating prefix chain script '/home/harry/ros2_ws/src/High_Vis/actions/install/setup.ps1'
[11.524s] INFO:colcon.colcon_core.shell:Creating prefix script '/home/harry/ros2_ws/src/High_Vis/actions/install/local_setup.sh'
[11.525s] INFO:colcon.colcon_core.shell:Creating prefix util module '/home/harry/ros2_ws/src/High_Vis/actions/install/_local_setup_util_sh.py'
[11.526s] INFO:colcon.colcon_core.shell:Creating prefix chain script '/home/harry/ros2_ws/src/High_Vis/actions/install/setup.sh'
[11.541s] INFO:colcon.colcon_core.shell:Creating prefix script '/home/harry/ros2_ws/src/High_Vis/actions/install/local_setup.bash'
[11.542s] INFO:colcon.colcon_core.shell:Creating prefix chain script '/home/harry/ros2_ws/src/High_Vis/actions/install/setup.bash'
[11.556s] INFO:colcon.colcon_core.shell:Creating prefix script '/home/harry/ros2_ws/src/High_Vis/actions/install/local_setup.zsh'
[11.558s] INFO:colcon.colcon_core.shell:Creating prefix chain script '/home/harry/ros2_ws/src/High_Vis/actions/install/setup.zsh'
