[0.632s] Invoking command in '/home/kacper/action_server_ws/build/actions_py': CMAKE_PREFIX_PATH=/home/kacper/action_server_ws/install/my_robot_interfaces:/home/kacper/action_server_ws/install/tutorial_crash_course:/home/kacper/project_ws/install/pointcloud_to_laserscan:/home/kacper/project_ws/install/clearpath_simulator:/home/kacper/project_ws/install/clearpath_gz:/home/kacper/project_ws/install/clearpath_generator_gz:/home/kacper/project_ws/install/clearpath_common:/home/kacper/project_ws/install/clearpath_generator_common:/home/kacper/project_ws/install/clearpath_description:/home/kacper/project_ws/install/clearpath_sensors_description:/home/kacper/project_ws/install/clearpath_platform:/home/kacper/project_ws/install/clearpath_msgs:/home/kacper/project_ws/install/clearpath_platform_msgs:/home/kacper/project_ws/install/clearpath_platform_description:/home/kacper/project_ws/install/clearpath_nav2:/home/kacper/project_ws/install/clearpath_mounts_description:/home/kacper/project_ws/install/clearpath_control:/home/kacper/clearpath_ws4/install/clearpath_simulator:/home/kacper/clearpath_ws4/install/clearpath_gz:/home/kacper/clearpath_ws4/install/clearpath_generator_gz:/home/kacper/robotis_ws/install/dynamixel_sdk_examples:/home/kacper/robotis_ws/install/dynamixel_sdk_custom_interfaces:/home/kacper/robotis_ws/install/dynamixel_sdk LD_LIBRARY_PATH=/home/kacper/action_server_ws/install/my_robot_interfaces/lib:/home/kacper/action_server_ws/install/tutorial_crash_course/lib:/home/kacper/project_ws/install/pointcloud_to_laserscan/lib:/home/kacper/project_ws/install/clearpath_platform/lib:/home/kacper/project_ws/install/clearpath_platform_msgs/lib:/home/kacper/robotis_ws/install/dynamixel_sdk_custom_interfaces/lib:/home/kacper/robotis_ws/install/dynamixel_sdk/lib:/usr/lib/x86_64-linux-gnu/gazebo-11/plugins:/opt/ros/humble/opt/rviz_ogre_vendor/lib:/opt/ros/humble/lib/x86_64-linux-gnu:/opt/ros/humble/lib PYTHONPATH=/home/kacper/action_server_ws/build/actions_py/prefix_override:/home/kacper/action_server_ws/install/actions_py/lib/python3.10/site-packages:${PYTHONPATH} /usr/bin/python3 -W ignore:setup.py install is deprecated setup.py develop --editable --build-directory /home/kacper/action_server_ws/build/actions_py/build --no-deps symlink_data --force
[0.860s] running develop
[1.005s] running egg_info
[1.005s] writing actions_py.egg-info/PKG-INFO
[1.005s] writing dependency_links to actions_py.egg-info/dependency_links.txt
[1.005s] writing entry points to actions_py.egg-info/entry_points.txt
[1.005s] writing requirements to actions_py.egg-info/requires.txt
[1.005s] writing top-level names to actions_py.egg-info/top_level.txt
[1.007s] reading manifest file 'actions_py.egg-info/SOURCES.txt'
[1.007s] writing manifest file 'actions_py.egg-info/SOURCES.txt'
[1.009s] running build_ext
[1.009s] Creating /home/kacper/action_server_ws/install/actions_py/lib/python3.10/site-packages/actions-py.egg-link (link to .)
[1.010s] Installing count_until_client script to /home/kacper/action_server_ws/install/actions_py/lib/actions_py
[1.011s] Installing count_until_server script to /home/kacper/action_server_ws/install/actions_py/lib/actions_py
[1.011s] 
[1.011s] Installed /home/kacper/action_server_ws/build/actions_py
[1.011s] running symlink_data
[1.011s] symbolically linking /home/kacper/action_server_ws/build/actions_py/resource/actions_py -> /home/kacper/action_server_ws/install/actions_py/share/ament_index/resource_index/packages
[1.011s] symbolically linking /home/kacper/action_server_ws/build/actions_py/package.xml -> /home/kacper/action_server_ws/install/actions_py/share/actions_py
[1.041s] Invoked command in '/home/kacper/action_server_ws/build/actions_py' returned '0': CMAKE_PREFIX_PATH=/home/kacper/action_server_ws/install/my_robot_interfaces:/home/kacper/action_server_ws/install/tutorial_crash_course:/home/kacper/project_ws/install/pointcloud_to_laserscan:/home/kacper/project_ws/install/clearpath_simulator:/home/kacper/project_ws/install/clearpath_gz:/home/kacper/project_ws/install/clearpath_generator_gz:/home/kacper/project_ws/install/clearpath_common:/home/kacper/project_ws/install/clearpath_generator_common:/home/kacper/project_ws/install/clearpath_description:/home/kacper/project_ws/install/clearpath_sensors_description:/home/kacper/project_ws/install/clearpath_platform:/home/kacper/project_ws/install/clearpath_msgs:/home/kacper/project_ws/install/clearpath_platform_msgs:/home/kacper/project_ws/install/clearpath_platform_description:/home/kacper/project_ws/install/clearpath_nav2:/home/kacper/project_ws/install/clearpath_mounts_description:/home/kacper/project_ws/install/clearpath_control:/home/kacper/clearpath_ws4/install/clearpath_simulator:/home/kacper/clearpath_ws4/install/clearpath_gz:/home/kacper/clearpath_ws4/install/clearpath_generator_gz:/home/kacper/robotis_ws/install/dynamixel_sdk_examples:/home/kacper/robotis_ws/install/dynamixel_sdk_custom_interfaces:/home/kacper/robotis_ws/install/dynamixel_sdk LD_LIBRARY_PATH=/home/kacper/action_server_ws/install/my_robot_interfaces/lib:/home/kacper/action_server_ws/install/tutorial_crash_course/lib:/home/kacper/project_ws/install/pointcloud_to_laserscan/lib:/home/kacper/project_ws/install/clearpath_platform/lib:/home/kacper/project_ws/install/clearpath_platform_msgs/lib:/home/kacper/robotis_ws/install/dynamixel_sdk_custom_interfaces/lib:/home/kacper/robotis_ws/install/dynamixel_sdk/lib:/usr/lib/x86_64-linux-gnu/gazebo-11/plugins:/opt/ros/humble/opt/rviz_ogre_vendor/lib:/opt/ros/humble/lib/x86_64-linux-gnu:/opt/ros/humble/lib PYTHONPATH=/home/kacper/action_server_ws/build/actions_py/prefix_override:/home/kacper/action_server_ws/install/actions_py/lib/python3.10/site-packages:${PYTHONPATH} /usr/bin/python3 -W ignore:setup.py install is deprecated setup.py develop --editable --build-directory /home/kacper/action_server_ws/build/actions_py/build --no-deps symlink_data --force
