[0.065s] Invoking command in '/home/harry/ros2_ws/src/High_Vis/actions/build/hotspot_action': CMAKE_PREFIX_PATH=${CMAKE_PREFIX_PATH}:/home/harry/ros2_ws/src/High_Vis/actions/install/actions_py:/opt/ros/humble /usr/bin/cmake --build /home/harry/ros2_ws/src/High_Vis/actions/build/hotspot_action -- -j8 -l8
[0.098s] [35m[1mConsolidate compiler generated dependencies of target hotspot_action__rosidl_generator_c[0m
[0.109s] [  2%] Built target hotspot_action__cpp
[0.111s] [ 12%] Built target hotspot_action__rosidl_generator_c
[0.116s] [ 12%] Built target ament_cmake_python_symlink_hotspot_action
[0.123s] [35m[1mConsolidate compiler generated dependencies of target hotspot_action__rosidl_typesupport_cpp[0m
[0.124s] [35m[1mConsolidate compiler generated dependencies of target hotspot_action__rosidl_typesupport_fastrtps_cpp[0m
[0.124s] [35m[1mConsolidate compiler generated dependencies of target hotspot_action__rosidl_typesupport_introspection_cpp[0m
[0.124s] [35m[1mConsolidate compiler generated dependencies of target hotspot_action__rosidl_typesupport_introspection_c[0m
[0.126s] [35m[1mConsolidate compiler generated dependencies of target hotspot_action__rosidl_typesupport_fastrtps_c[0m
[0.126s] [35m[1mConsolidate compiler generated dependencies of target hotspot_action__rosidl_typesupport_c[0m
[0.139s] [ 23%] Built target hotspot_action__rosidl_typesupport_introspection_c
[0.141s] [ 34%] Built target hotspot_action__rosidl_typesupport_c
[0.146s] [ 70%] Built target hotspot_action__rosidl_typesupport_fastrtps_cpp
[0.146s] [ 76%] Built target hotspot_action__rosidl_typesupport_introspection_cpp
[0.146s] [ 76%] Built target hotspot_action__rosidl_typesupport_cpp
[0.147s] [ 76%] Built target hotspot_action__rosidl_typesupport_fastrtps_c
[0.164s] [ 76%] Built target hotspot_action
[0.181s] [ 78%] Built target hotspot_action__py
[0.192s] [35m[1mConsolidate compiler generated dependencies of target hotspot_action__rosidl_generator_py[0m
[0.208s] [ 87%] Built target hotspot_action__rosidl_generator_py
[0.222s] [35m[1mConsolidate compiler generated dependencies of target hotspot_action__rosidl_typesupport_fastrtps_c__pyext[0m
[0.223s] [35m[1mConsolidate compiler generated dependencies of target hotspot_action__rosidl_typesupport_c__pyext[0m
[0.223s] [35m[1mConsolidate compiler generated dependencies of target hotspot_action__rosidl_typesupport_introspection_c__pyext[0m
[0.236s] [ 95%] Built target hotspot_action__rosidl_typesupport_fastrtps_c__pyext
[0.236s] [ 95%] Built target hotspot_action__rosidl_typesupport_introspection_c__pyext
[0.240s] [100%] Built target hotspot_action__rosidl_typesupport_c__pyext
[0.388s] running egg_info
[0.388s] writing hotspot_action.egg-info/PKG-INFO
[0.388s] writing dependency_links to hotspot_action.egg-info/dependency_links.txt
[0.389s] writing top-level names to hotspot_action.egg-info/top_level.txt
[0.391s] reading manifest file 'hotspot_action.egg-info/SOURCES.txt'
[0.391s] writing manifest file 'hotspot_action.egg-info/SOURCES.txt'
[0.420s] [100%] Built target ament_cmake_python_build_hotspot_action_egg
[0.430s] Invoked command in '/home/harry/ros2_ws/src/High_Vis/actions/build/hotspot_action' returned '0': CMAKE_PREFIX_PATH=${CMAKE_PREFIX_PATH}:/home/harry/ros2_ws/src/High_Vis/actions/install/actions_py:/opt/ros/humble /usr/bin/cmake --build /home/harry/ros2_ws/src/High_Vis/actions/build/hotspot_action -- -j8 -l8
[0.527s] Invoking command in '/home/harry/ros2_ws/src/High_Vis/actions/build/hotspot_action': CMAKE_PREFIX_PATH=${CMAKE_PREFIX_PATH}:/home/harry/ros2_ws/src/High_Vis/actions/install/actions_py:/opt/ros/humble /usr/bin/cmake --install /home/harry/ros2_ws/src/High_Vis/actions/build/hotspot_action
[0.533s] -- Install configuration: ""
[0.533s] -- Execute custom install script
[0.533s] -- Up-to-date symlink: /home/harry/ros2_ws/src/High_Vis/actions/install/hotspot_action/share/ament_index/resource_index/rosidl_interfaces/hotspot_action
[0.534s] -- Up-to-date symlink: /home/harry/ros2_ws/src/High_Vis/actions/install/hotspot_action/include/hotspot_action/hotspot_action/action/detail/hotspot__functions.h
[0.535s] -- Up-to-date symlink: /home/harry/ros2_ws/src/High_Vis/actions/install/hotspot_action/include/hotspot_action/hotspot_action/action/detail/hotspot__struct.h
[0.535s] -- Up-to-date symlink: /home/harry/ros2_ws/src/High_Vis/actions/install/hotspot_action/include/hotspot_action/hotspot_action/action/detail/hotspot__type_support.h
[0.536s] -- Up-to-date symlink: /home/harry/ros2_ws/src/High_Vis/actions/install/hotspot_action/include/hotspot_action/hotspot_action/action/detail/nav__functions.h
[0.537s] -- Up-to-date symlink: /home/harry/ros2_ws/src/High_Vis/actions/install/hotspot_action/include/hotspot_action/hotspot_action/action/detail/nav__struct.h
[0.537s] -- Up-to-date symlink: /home/harry/ros2_ws/src/High_Vis/actions/install/hotspot_action/include/hotspot_action/hotspot_action/action/detail/nav__type_support.h
[0.537s] -- Up-to-date symlink: /home/harry/ros2_ws/src/High_Vis/actions/install/hotspot_action/include/hotspot_action/hotspot_action/action/detail/pan_and_tilt__functions.h
[0.537s] -- Up-to-date symlink: /home/harry/ros2_ws/src/High_Vis/actions/install/hotspot_action/include/hotspot_action/hotspot_action/action/detail/pan_and_tilt__struct.h
[0.538s] -- Up-to-date symlink: /home/harry/ros2_ws/src/High_Vis/actions/install/hotspot_action/include/hotspot_action/hotspot_action/action/detail/pan_and_tilt__type_support.h
[0.538s] -- Up-to-date symlink: /home/harry/ros2_ws/src/High_Vis/actions/install/hotspot_action/include/hotspot_action/hotspot_action/action/hotspot.h
[0.538s] -- Up-to-date symlink: /home/harry/ros2_ws/src/High_Vis/actions/install/hotspot_action/include/hotspot_action/hotspot_action/action/nav.h
[0.538s] -- Up-to-date symlink: /home/harry/ros2_ws/src/High_Vis/actions/install/hotspot_action/include/hotspot_action/hotspot_action/action/pan_and_tilt.h
[0.538s] -- Up-to-date symlink: /home/harry/ros2_ws/src/High_Vis/actions/install/hotspot_action/include/hotspot_action/hotspot_action/msg/rosidl_generator_c__visibility_control.h
[0.538s] -- Up-to-date symlink: /home/harry/ros2_ws/src/High_Vis/actions/install/hotspot_action/share/hotspot_action/environment/library_path.sh
[0.539s] -- Up-to-date symlink: /home/harry/ros2_ws/src/High_Vis/actions/install/hotspot_action/share/hotspot_action/environment/library_path.dsv
[0.539s] -- Up-to-date symlink: /home/harry/ros2_ws/src/High_Vis/actions/install/hotspot_action/include/hotspot_action/hotspot_action/action/detail/hotspot__rosidl_typesupport_fastrtps_c.h
[0.539s] -- Up-to-date symlink: /home/harry/ros2_ws/src/High_Vis/actions/install/hotspot_action/include/hotspot_action/hotspot_action/action/detail/nav__rosidl_typesupport_fastrtps_c.h
[0.539s] -- Up-to-date symlink: /home/harry/ros2_ws/src/High_Vis/actions/install/hotspot_action/include/hotspot_action/hotspot_action/action/detail/pan_and_tilt__rosidl_typesupport_fastrtps_c.h
[0.540s] -- Up-to-date symlink: /home/harry/ros2_ws/src/High_Vis/actions/install/hotspot_action/include/hotspot_action/hotspot_action/msg/rosidl_typesupport_fastrtps_c__visibility_control.h
[0.540s] -- Up-to-date symlink: /home/harry/ros2_ws/src/High_Vis/actions/install/hotspot_action/include/hotspot_action/hotspot_action/action/detail/hotspot__rosidl_typesupport_introspection_c.h
[0.540s] -- Up-to-date symlink: /home/harry/ros2_ws/src/High_Vis/actions/install/hotspot_action/include/hotspot_action/hotspot_action/action/detail/nav__rosidl_typesupport_introspection_c.h
[0.540s] -- Up-to-date symlink: /home/harry/ros2_ws/src/High_Vis/actions/install/hotspot_action/include/hotspot_action/hotspot_action/action/detail/pan_and_tilt__rosidl_typesupport_introspection_c.h
[0.540s] -- Up-to-date symlink: /home/harry/ros2_ws/src/High_Vis/actions/install/hotspot_action/include/hotspot_action/hotspot_action/msg/rosidl_typesupport_introspection_c__visibility_control.h
[0.541s] -- Up-to-date symlink: /home/harry/ros2_ws/src/High_Vis/actions/install/hotspot_action/include/hotspot_action/hotspot_action/action/detail/hotspot__builder.hpp
[0.541s] -- Up-to-date symlink: /home/harry/ros2_ws/src/High_Vis/actions/install/hotspot_action/include/hotspot_action/hotspot_action/action/detail/hotspot__struct.hpp
[0.541s] -- Up-to-date symlink: /home/harry/ros2_ws/src/High_Vis/actions/install/hotspot_action/include/hotspot_action/hotspot_action/action/detail/hotspot__traits.hpp
[0.541s] -- Up-to-date symlink: /home/harry/ros2_ws/src/High_Vis/actions/install/hotspot_action/include/hotspot_action/hotspot_action/action/detail/nav__builder.hpp
[0.541s] -- Up-to-date symlink: /home/harry/ros2_ws/src/High_Vis/actions/install/hotspot_action/include/hotspot_action/hotspot_action/action/detail/nav__struct.hpp
[0.542s] -- Up-to-date symlink: /home/harry/ros2_ws/src/High_Vis/actions/install/hotspot_action/include/hotspot_action/hotspot_action/action/detail/nav__traits.hpp
[0.542s] -- Up-to-date symlink: /home/harry/ros2_ws/src/High_Vis/actions/install/hotspot_action/include/hotspot_action/hotspot_action/action/detail/pan_and_tilt__builder.hpp
[0.542s] -- Up-to-date symlink: /home/harry/ros2_ws/src/High_Vis/actions/install/hotspot_action/include/hotspot_action/hotspot_action/action/detail/pan_and_tilt__struct.hpp
[0.542s] -- Up-to-date symlink: /home/harry/ros2_ws/src/High_Vis/actions/install/hotspot_action/include/hotspot_action/hotspot_action/action/detail/pan_and_tilt__traits.hpp
[0.542s] -- Up-to-date symlink: /home/harry/ros2_ws/src/High_Vis/actions/install/hotspot_action/include/hotspot_action/hotspot_action/action/hotspot.hpp
[0.543s] -- Up-to-date symlink: /home/harry/ros2_ws/src/High_Vis/actions/install/hotspot_action/include/hotspot_action/hotspot_action/action/nav.hpp
[0.543s] -- Up-to-date symlink: /home/harry/ros2_ws/src/High_Vis/actions/install/hotspot_action/include/hotspot_action/hotspot_action/action/pan_and_tilt.hpp
[0.543s] -- Up-to-date symlink: /home/harry/ros2_ws/src/High_Vis/actions/install/hotspot_action/include/hotspot_action/hotspot_action/action/detail/hotspot__rosidl_typesupport_fastrtps_cpp.hpp
[0.543s] -- Up-to-date symlink: /home/harry/ros2_ws/src/High_Vis/actions/install/hotspot_action/include/hotspot_action/hotspot_action/action/detail/nav__rosidl_typesupport_fastrtps_cpp.hpp
[0.543s] -- Up-to-date symlink: /home/harry/ros2_ws/src/High_Vis/actions/install/hotspot_action/include/hotspot_action/hotspot_action/action/detail/pan_and_tilt__rosidl_typesupport_fastrtps_cpp.hpp
[0.544s] -- Up-to-date symlink: /home/harry/ros2_ws/src/High_Vis/actions/install/hotspot_action/include/hotspot_action/hotspot_action/msg/rosidl_typesupport_fastrtps_cpp__visibility_control.h
[0.544s] -- Up-to-date symlink: /home/harry/ros2_ws/src/High_Vis/actions/install/hotspot_action/include/hotspot_action/hotspot_action/action/detail/hotspot__rosidl_typesupport_introspection_cpp.hpp
[0.544s] -- Up-to-date symlink: /home/harry/ros2_ws/src/High_Vis/actions/install/hotspot_action/include/hotspot_action/hotspot_action/action/detail/nav__rosidl_typesupport_introspection_cpp.hpp
[0.544s] -- Up-to-date symlink: /home/harry/ros2_ws/src/High_Vis/actions/install/hotspot_action/include/hotspot_action/hotspot_action/action/detail/pan_and_tilt__rosidl_typesupport_introspection_cpp.hpp
[0.544s] -- Up-to-date symlink: /home/harry/ros2_ws/src/High_Vis/actions/install/hotspot_action/share/hotspot_action/environment/pythonpath.sh
[0.545s] -- Up-to-date symlink: /home/harry/ros2_ws/src/High_Vis/actions/install/hotspot_action/share/hotspot_action/environment/pythonpath.dsv
[0.545s] -- Up-to-date symlink: /home/harry/ros2_ws/src/High_Vis/actions/install/hotspot_action/local/lib/python3.10/dist-packages/hotspot_action-0.0.0-py3.10.egg-info/PKG-INFO
[0.545s] -- Up-to-date symlink: /home/harry/ros2_ws/src/High_Vis/actions/install/hotspot_action/local/lib/python3.10/dist-packages/hotspot_action-0.0.0-py3.10.egg-info/SOURCES.txt
[0.545s] -- Up-to-date symlink: /home/harry/ros2_ws/src/High_Vis/actions/install/hotspot_action/local/lib/python3.10/dist-packages/hotspot_action-0.0.0-py3.10.egg-info/dependency_links.txt
[0.545s] -- Up-to-date symlink: /home/harry/ros2_ws/src/High_Vis/actions/install/hotspot_action/local/lib/python3.10/dist-packages/hotspot_action-0.0.0-py3.10.egg-info/top_level.txt
[0.545s] -- Up-to-date symlink: /home/harry/ros2_ws/src/High_Vis/actions/install/hotspot_action/local/lib/python3.10/dist-packages/hotspot_action/__init__.py
[0.545s] -- Up-to-date symlink: /home/harry/ros2_ws/src/High_Vis/actions/install/hotspot_action/local/lib/python3.10/dist-packages/hotspot_action/_hotspot_action_s.ep.rosidl_typesupport_c.c
[0.546s] -- Up-to-date symlink: /home/harry/ros2_ws/src/High_Vis/actions/install/hotspot_action/local/lib/python3.10/dist-packages/hotspot_action/_hotspot_action_s.ep.rosidl_typesupport_fastrtps_c.c
[0.546s] -- Up-to-date symlink: /home/harry/ros2_ws/src/High_Vis/actions/install/hotspot_action/local/lib/python3.10/dist-packages/hotspot_action/_hotspot_action_s.ep.rosidl_typesupport_introspection_c.c
[0.546s] -- Up-to-date symlink: /home/harry/ros2_ws/src/High_Vis/actions/install/hotspot_action/local/lib/python3.10/dist-packages/hotspot_action/action/__init__.py
[0.546s] -- Up-to-date symlink: /home/harry/ros2_ws/src/High_Vis/actions/install/hotspot_action/local/lib/python3.10/dist-packages/hotspot_action/action/_hotspot.py
[0.546s] -- Up-to-date symlink: /home/harry/ros2_ws/src/High_Vis/actions/install/hotspot_action/local/lib/python3.10/dist-packages/hotspot_action/action/_hotspot_s.c
[0.547s] -- Up-to-date symlink: /home/harry/ros2_ws/src/High_Vis/actions/install/hotspot_action/local/lib/python3.10/dist-packages/hotspot_action/action/_nav.py
[0.547s] -- Up-to-date symlink: /home/harry/ros2_ws/src/High_Vis/actions/install/hotspot_action/local/lib/python3.10/dist-packages/hotspot_action/action/_nav_s.c
[0.547s] -- Up-to-date symlink: /home/harry/ros2_ws/src/High_Vis/actions/install/hotspot_action/local/lib/python3.10/dist-packages/hotspot_action/action/_pan_and_tilt.py
[0.547s] -- Up-to-date symlink: /home/harry/ros2_ws/src/High_Vis/actions/install/hotspot_action/local/lib/python3.10/dist-packages/hotspot_action/action/_pan_and_tilt_s.c
[0.547s] -- Up-to-date symlink: /home/harry/ros2_ws/src/High_Vis/actions/install/hotspot_action/local/lib/python3.10/dist-packages/hotspot_action/hotspot_action_s__rosidl_typesupport_c.cpython-310-x86_64-linux-gnu.so
[0.548s] -- Up-to-date symlink: /home/harry/ros2_ws/src/High_Vis/actions/install/hotspot_action/local/lib/python3.10/dist-packages/hotspot_action/hotspot_action_s__rosidl_typesupport_fastrtps_c.cpython-310-x86_64-linux-gnu.so
[0.548s] -- Up-to-date symlink: /home/harry/ros2_ws/src/High_Vis/actions/install/hotspot_action/local/lib/python3.10/dist-packages/hotspot_action/hotspot_action_s__rosidl_typesupport_introspection_c.cpython-310-x86_64-linux-gnu.so
[0.548s] -- Up-to-date symlink: /home/harry/ros2_ws/src/High_Vis/actions/install/hotspot_action/local/lib/python3.10/dist-packages/hotspot_action/libhotspot_action__rosidl_generator_py.so
[0.548s] -- Up-to-date symlink: /home/harry/ros2_ws/src/High_Vis/actions/install/hotspot_action/local/lib/python3.10/dist-packages/hotspot_action/hotspot_action_s__rosidl_typesupport_fastrtps_c.cpython-310-x86_64-linux-gnu.so
[0.549s] -- Up-to-date symlink: /home/harry/ros2_ws/src/High_Vis/actions/install/hotspot_action/local/lib/python3.10/dist-packages/hotspot_action/hotspot_action_s__rosidl_typesupport_introspection_c.cpython-310-x86_64-linux-gnu.so
[0.549s] -- Up-to-date symlink: /home/harry/ros2_ws/src/High_Vis/actions/install/hotspot_action/local/lib/python3.10/dist-packages/hotspot_action/hotspot_action_s__rosidl_typesupport_c.cpython-310-x86_64-linux-gnu.so
[0.549s] -- Up-to-date symlink: /home/harry/ros2_ws/src/High_Vis/actions/install/hotspot_action/share/hotspot_action/action/Hotspot.idl
[0.550s] -- Up-to-date symlink: /home/harry/ros2_ws/src/High_Vis/actions/install/hotspot_action/share/hotspot_action/action/Nav.idl
[0.550s] -- Up-to-date symlink: /home/harry/ros2_ws/src/High_Vis/actions/install/hotspot_action/share/hotspot_action/action/PanAndTilt.idl
[0.550s] -- Up-to-date symlink: /home/harry/ros2_ws/src/High_Vis/actions/install/hotspot_action/share/hotspot_action/action/Hotspot.action
[0.550s] -- Up-to-date symlink: /home/harry/ros2_ws/src/High_Vis/actions/install/hotspot_action/share/hotspot_action/action/Nav.action
[0.551s] -- Up-to-date symlink: /home/harry/ros2_ws/src/High_Vis/actions/install/hotspot_action/share/hotspot_action/action/PanAndTilt.action
[0.551s] -- Up-to-date symlink: /home/harry/ros2_ws/src/High_Vis/actions/install/hotspot_action/share/ament_index/resource_index/package_run_dependencies/hotspot_action
[0.552s] -- Up-to-date symlink: /home/harry/ros2_ws/src/High_Vis/actions/install/hotspot_action/share/ament_index/resource_index/parent_prefix_path/hotspot_action
[0.552s] -- Up-to-date symlink: /home/harry/ros2_ws/src/High_Vis/actions/install/hotspot_action/share/hotspot_action/environment/ament_prefix_path.sh
[0.552s] -- Up-to-date symlink: /home/harry/ros2_ws/src/High_Vis/actions/install/hotspot_action/share/hotspot_action/environment/ament_prefix_path.dsv
[0.553s] -- Up-to-date symlink: /home/harry/ros2_ws/src/High_Vis/actions/install/hotspot_action/share/hotspot_action/environment/path.sh
[0.553s] -- Up-to-date symlink: /home/harry/ros2_ws/src/High_Vis/actions/install/hotspot_action/share/hotspot_action/environment/path.dsv
[0.554s] -- Up-to-date symlink: /home/harry/ros2_ws/src/High_Vis/actions/install/hotspot_action/share/hotspot_action/local_setup.bash
[0.554s] -- Up-to-date symlink: /home/harry/ros2_ws/src/High_Vis/actions/install/hotspot_action/share/hotspot_action/local_setup.sh
[0.554s] -- Up-to-date symlink: /home/harry/ros2_ws/src/High_Vis/actions/install/hotspot_action/share/hotspot_action/local_setup.zsh
[0.554s] -- Up-to-date symlink: /home/harry/ros2_ws/src/High_Vis/actions/install/hotspot_action/share/hotspot_action/local_setup.dsv
[0.554s] -- Symlinking: /home/harry/ros2_ws/src/High_Vis/actions/install/hotspot_action/share/hotspot_action/package.dsv
[0.561s] -- Up-to-date symlink: /home/harry/ros2_ws/src/High_Vis/actions/install/hotspot_action/share/ament_index/resource_index/packages/hotspot_action
[0.561s] -- Up-to-date symlink: /home/harry/ros2_ws/src/High_Vis/actions/install/hotspot_action/share/hotspot_action/cmake/rosidl_cmake-extras.cmake
[0.561s] -- Up-to-date symlink: /home/harry/ros2_ws/src/High_Vis/actions/install/hotspot_action/share/hotspot_action/cmake/ament_cmake_export_dependencies-extras.cmake
[0.561s] -- Up-to-date symlink: /home/harry/ros2_ws/src/High_Vis/actions/install/hotspot_action/share/hotspot_action/cmake/ament_cmake_export_include_directories-extras.cmake
[0.562s] -- Up-to-date symlink: /home/harry/ros2_ws/src/High_Vis/actions/install/hotspot_action/share/hotspot_action/cmake/ament_cmake_export_libraries-extras.cmake
[0.562s] -- Up-to-date symlink: /home/harry/ros2_ws/src/High_Vis/actions/install/hotspot_action/share/hotspot_action/cmake/ament_cmake_export_targets-extras.cmake
[0.562s] -- Up-to-date symlink: /home/harry/ros2_ws/src/High_Vis/actions/install/hotspot_action/share/hotspot_action/cmake/rosidl_cmake_export_typesupport_targets-extras.cmake
[0.562s] -- Up-to-date symlink: /home/harry/ros2_ws/src/High_Vis/actions/install/hotspot_action/share/hotspot_action/cmake/rosidl_cmake_export_typesupport_libraries-extras.cmake
[0.563s] -- Up-to-date symlink: /home/harry/ros2_ws/src/High_Vis/actions/install/hotspot_action/share/hotspot_action/cmake/hotspot_actionConfig.cmake
[0.563s] -- Up-to-date symlink: /home/harry/ros2_ws/src/High_Vis/actions/install/hotspot_action/share/hotspot_action/cmake/hotspot_actionConfig-version.cmake
[0.563s] -- Up-to-date symlink: /home/harry/ros2_ws/src/High_Vis/actions/install/hotspot_action/share/hotspot_action/package.xml
[0.563s] -- Up-to-date: /home/harry/ros2_ws/src/High_Vis/actions/install/hotspot_action/lib/libhotspot_action__rosidl_generator_c.so
[0.563s] -- Up-to-date: /home/harry/ros2_ws/src/High_Vis/actions/install/hotspot_action/lib/libhotspot_action__rosidl_typesupport_fastrtps_c.so
[0.563s] -- Up-to-date: /home/harry/ros2_ws/src/High_Vis/actions/install/hotspot_action/lib/libhotspot_action__rosidl_typesupport_introspection_c.so
[0.564s] -- Up-to-date: /home/harry/ros2_ws/src/High_Vis/actions/install/hotspot_action/lib/libhotspot_action__rosidl_typesupport_c.so
[0.564s] -- Up-to-date: /home/harry/ros2_ws/src/High_Vis/actions/install/hotspot_action/lib/libhotspot_action__rosidl_typesupport_fastrtps_cpp.so
[0.564s] -- Up-to-date: /home/harry/ros2_ws/src/High_Vis/actions/install/hotspot_action/lib/libhotspot_action__rosidl_typesupport_introspection_cpp.so
[0.564s] -- Up-to-date: /home/harry/ros2_ws/src/High_Vis/actions/install/hotspot_action/lib/libhotspot_action__rosidl_typesupport_cpp.so
[0.599s] Listing '/home/harry/ros2_ws/src/High_Vis/actions/install/hotspot_action/local/lib/python3.10/dist-packages/hotspot_action'...
[0.599s] Listing '/home/harry/ros2_ws/src/High_Vis/actions/install/hotspot_action/local/lib/python3.10/dist-packages/hotspot_action/action'...
[0.607s] -- Up-to-date: /home/harry/ros2_ws/src/High_Vis/actions/install/hotspot_action/lib/libhotspot_action__rosidl_generator_py.so
[0.608s] -- Up-to-date: /home/harry/ros2_ws/src/High_Vis/actions/install/hotspot_action/share/hotspot_action/cmake/export_hotspot_action__rosidl_generator_cExport.cmake
[0.608s] -- Up-to-date: /home/harry/ros2_ws/src/High_Vis/actions/install/hotspot_action/share/hotspot_action/cmake/export_hotspot_action__rosidl_generator_cExport-noconfig.cmake
[0.608s] -- Up-to-date: /home/harry/ros2_ws/src/High_Vis/actions/install/hotspot_action/share/hotspot_action/cmake/export_hotspot_action__rosidl_typesupport_fastrtps_cExport.cmake
[0.609s] -- Up-to-date: /home/harry/ros2_ws/src/High_Vis/actions/install/hotspot_action/share/hotspot_action/cmake/export_hotspot_action__rosidl_typesupport_fastrtps_cExport-noconfig.cmake
[0.609s] -- Up-to-date: /home/harry/ros2_ws/src/High_Vis/actions/install/hotspot_action/share/hotspot_action/cmake/hotspot_action__rosidl_typesupport_introspection_cExport.cmake
[0.609s] -- Up-to-date: /home/harry/ros2_ws/src/High_Vis/actions/install/hotspot_action/share/hotspot_action/cmake/hotspot_action__rosidl_typesupport_introspection_cExport-noconfig.cmake
[0.609s] -- Up-to-date: /home/harry/ros2_ws/src/High_Vis/actions/install/hotspot_action/share/hotspot_action/cmake/hotspot_action__rosidl_typesupport_cExport.cmake
[0.610s] -- Up-to-date: /home/harry/ros2_ws/src/High_Vis/actions/install/hotspot_action/share/hotspot_action/cmake/hotspot_action__rosidl_typesupport_cExport-noconfig.cmake
[0.610s] -- Up-to-date: /home/harry/ros2_ws/src/High_Vis/actions/install/hotspot_action/share/hotspot_action/cmake/export_hotspot_action__rosidl_generator_cppExport.cmake
[0.611s] -- Up-to-date: /home/harry/ros2_ws/src/High_Vis/actions/install/hotspot_action/share/hotspot_action/cmake/export_hotspot_action__rosidl_typesupport_fastrtps_cppExport.cmake
[0.611s] -- Up-to-date: /home/harry/ros2_ws/src/High_Vis/actions/install/hotspot_action/share/hotspot_action/cmake/export_hotspot_action__rosidl_typesupport_fastrtps_cppExport-noconfig.cmake
[0.612s] -- Up-to-date: /home/harry/ros2_ws/src/High_Vis/actions/install/hotspot_action/share/hotspot_action/cmake/hotspot_action__rosidl_typesupport_introspection_cppExport.cmake
[0.612s] -- Up-to-date: /home/harry/ros2_ws/src/High_Vis/actions/install/hotspot_action/share/hotspot_action/cmake/hotspot_action__rosidl_typesupport_introspection_cppExport-noconfig.cmake
[0.612s] -- Up-to-date: /home/harry/ros2_ws/src/High_Vis/actions/install/hotspot_action/share/hotspot_action/cmake/hotspot_action__rosidl_typesupport_cppExport.cmake
[0.612s] -- Up-to-date: /home/harry/ros2_ws/src/High_Vis/actions/install/hotspot_action/share/hotspot_action/cmake/hotspot_action__rosidl_typesupport_cppExport-noconfig.cmake
[0.613s] -- Up-to-date: /home/harry/ros2_ws/src/High_Vis/actions/install/hotspot_action/share/hotspot_action/cmake/export_hotspot_action__rosidl_generator_pyExport.cmake
[0.613s] -- Up-to-date: /home/harry/ros2_ws/src/High_Vis/actions/install/hotspot_action/share/hotspot_action/cmake/export_hotspot_action__rosidl_generator_pyExport-noconfig.cmake
[0.613s] Invoked command in '/home/harry/ros2_ws/src/High_Vis/actions/build/hotspot_action' returned '0': CMAKE_PREFIX_PATH=${CMAKE_PREFIX_PATH}:/home/harry/ros2_ws/src/High_Vis/actions/install/actions_py:/opt/ros/humble /usr/bin/cmake --install /home/harry/ros2_ws/src/High_Vis/actions/build/hotspot_action
