[1.747s] Invoking command in '/home/harry/ros2_ws/src/High_Vis/hs_rep/build/pdf_generator': PYTHONPATH=/home/harry/ros2_ws/src/High_Vis/hs_rep/build/pdf_generator/prefix_override:/home/harry/ros2_ws/src/High_Vis/hs_rep/install/pdf_generator/lib/python3.10/site-packages:${PYTHONPATH} /usr/bin/python3 setup.py develop --editable --build-directory /home/harry/ros2_ws/src/High_Vis/hs_rep/build/pdf_generator/build --no-deps install_data
[2.103s] running develop
[2.366s] running egg_info
[2.367s] creating pdf_generator.egg-info
[2.367s] writing pdf_generator.egg-info/PKG-INFO
[2.369s] writing dependency_links to pdf_generator.egg-info/dependency_links.txt
[2.369s] writing entry points to pdf_generator.egg-info/entry_points.txt
[2.369s] writing requirements to pdf_generator.egg-info/requires.txt
[2.369s] writing top-level names to pdf_generator.egg-info/top_level.txt
[2.369s] writing manifest file 'pdf_generator.egg-info/SOURCES.txt'
[2.370s] reading manifest file 'pdf_generator.egg-info/SOURCES.txt'
[2.372s] writing manifest file 'pdf_generator.egg-info/SOURCES.txt'
[2.374s] running build_ext
[2.375s] Creating /home/harry/ros2_ws/src/High_Vis/hs_rep/install/pdf_generator/lib/python3.10/site-packages/pdf-generator.egg-link (link to .)
[2.376s] Installing pg_node script to /home/harry/ros2_ws/src/High_Vis/hs_rep/install/pdf_generator/lib/pdf_generator
[2.377s] 
[2.377s] Installed /home/harry/ros2_ws/src/High_Vis/hs_rep/build/pdf_generator
[2.377s] running install_data
[2.377s] creating /home/harry/ros2_ws/src/High_Vis/hs_rep/install/pdf_generator/share/ament_index
[2.378s] creating /home/harry/ros2_ws/src/High_Vis/hs_rep/install/pdf_generator/share/ament_index/resource_index
[2.378s] creating /home/harry/ros2_ws/src/High_Vis/hs_rep/install/pdf_generator/share/ament_index/resource_index/packages
[2.378s] copying resource/pdf_generator -> /home/harry/ros2_ws/src/High_Vis/hs_rep/install/pdf_generator/share/ament_index/resource_index/packages
[2.379s] copying package.xml -> /home/harry/ros2_ws/src/High_Vis/hs_rep/install/pdf_generator/share/pdf_generator
[2.465s] Invoked command in '/home/harry/ros2_ws/src/High_Vis/hs_rep/build/pdf_generator' returned '0': PYTHONPATH=/home/harry/ros2_ws/src/High_Vis/hs_rep/build/pdf_generator/prefix_override:/home/harry/ros2_ws/src/High_Vis/hs_rep/install/pdf_generator/lib/python3.10/site-packages:${PYTHONPATH} /usr/bin/python3 setup.py develop --editable --build-directory /home/harry/ros2_ws/src/High_Vis/hs_rep/build/pdf_generator/build --no-deps install_data
