running develop
/usr/local/lib/python3.10/dist-packages/setuptools/command/develop.py:40: EasyInstallDeprecationWarning: easy_install command is deprecated.
!!

        ********************************************************************************
        Please avoid running ``setup.py`` and ``easy_install``.
        Instead, use pypa/build, pypa/installer or other
        standards-based tools.

        See https://github.com/pypa/setuptools/issues/917 for details.
        ********************************************************************************

!!
  easy_install.initialize_options(self)
running egg_info
creating hotspot_detection.egg-info
writing hotspot_detection.egg-info/PKG-INFO
writing dependency_links to hotspot_detection.egg-info/dependency_links.txt
writing entry points to hotspot_detection.egg-info/entry_points.txt
writing requirements to hotspot_detection.egg-info/requires.txt
writing top-level names to hotspot_detection.egg-info/top_level.txt
writing manifest file 'hotspot_detection.egg-info/SOURCES.txt'
reading manifest file 'hotspot_detection.egg-info/SOURCES.txt'
writing manifest file 'hotspot_detection.egg-info/SOURCES.txt'
running build_ext
Creating /home/msc-robot/Documents/Team4_ros_ws/src/High_Vis/hs_rep/install/hotspot_detection/lib/python3.10/site-packages/hotspot-detection.egg-link (link to .)
Installing hs_node script to /home/msc-robot/Documents/Team4_ros_ws/src/High_Vis/hs_rep/install/hotspot_detection/lib/hotspot_detection

Installed /home/msc-robot/Documents/Team4_ros_ws/src/High_Vis/hs_rep/build/hotspot_detection
running symlink_data
creating /home/msc-robot/Documents/Team4_ros_ws/src/High_Vis/hs_rep/install/hotspot_detection/share/ament_index
creating /home/msc-robot/Documents/Team4_ros_ws/src/High_Vis/hs_rep/install/hotspot_detection/share/ament_index/resource_index
creating /home/msc-robot/Documents/Team4_ros_ws/src/High_Vis/hs_rep/install/hotspot_detection/share/ament_index/resource_index/packages
symbolically linking /home/msc-robot/Documents/Team4_ros_ws/src/High_Vis/hs_rep/build/hotspot_detection/resource/hotspot_detection -> /home/msc-robot/Documents/Team4_ros_ws/src/High_Vis/hs_rep/install/hotspot_detection/share/ament_index/resource_index/packages
symbolically linking /home/msc-robot/Documents/Team4_ros_ws/src/High_Vis/hs_rep/build/hotspot_detection/package.xml -> /home/msc-robot/Documents/Team4_ros_ws/src/High_Vis/hs_rep/install/hotspot_detection/share/hotspot_detection
