[2.303s] Invoking command in '/home/msc-robot/Documents/Team4_ros_ws/src/High_Vis/hs_rep/build/hotspot_detection': PYTHONPATH=/home/msc-robot/Documents/Team4_ros_ws/src/High_Vis/hs_rep/build/hotspot_detection/prefix_override:/home/msc-robot/Documents/Team4_ros_ws/src/High_Vis/hs_rep/install/hotspot_detection/lib/python3.10/site-packages:${PYTHONPATH} /usr/bin/python3 -W ignore:setup.py install is deprecated setup.py develop --editable --build-directory /home/msc-robot/Documents/Team4_ros_ws/src/High_Vis/hs_rep/build/hotspot_detection/build --no-deps symlink_data
[2.894s] running develop
[2.895s] /usr/local/lib/python3.10/dist-packages/setuptools/command/develop.py:40: EasyInstallDeprecationWarning: easy_install command is deprecated.
[2.895s] !!
[2.895s] 
[2.895s]         ********************************************************************************
[2.895s]         Please avoid running ``setup.py`` and ``easy_install``.
[2.895s]         Instead, use pypa/build, pypa/installer or other
[2.896s]         standards-based tools.
[2.896s] 
[2.896s]         See https://github.com/pypa/setuptools/issues/917 for details.
[2.896s]         ********************************************************************************
[2.896s] 
[2.896s] !!
[2.896s]   easy_install.initialize_options(self)
[3.374s] running egg_info
[3.375s] creating hotspot_detection.egg-info
[3.413s] writing hotspot_detection.egg-info/PKG-INFO
[3.414s] writing dependency_links to hotspot_detection.egg-info/dependency_links.txt
[3.414s] writing entry points to hotspot_detection.egg-info/entry_points.txt
[3.415s] writing requirements to hotspot_detection.egg-info/requires.txt
[3.415s] writing top-level names to hotspot_detection.egg-info/top_level.txt
[3.415s] writing manifest file 'hotspot_detection.egg-info/SOURCES.txt'
[3.499s] reading manifest file 'hotspot_detection.egg-info/SOURCES.txt'
[3.501s] writing manifest file 'hotspot_detection.egg-info/SOURCES.txt'
[3.545s] running build_ext
[3.545s] Creating /home/msc-robot/Documents/Team4_ros_ws/src/High_Vis/hs_rep/install/hotspot_detection/lib/python3.10/site-packages/hotspot-detection.egg-link (link to .)
[3.547s] Installing hs_node script to /home/msc-robot/Documents/Team4_ros_ws/src/High_Vis/hs_rep/install/hotspot_detection/lib/hotspot_detection
[3.547s] 
[3.547s] Installed /home/msc-robot/Documents/Team4_ros_ws/src/High_Vis/hs_rep/build/hotspot_detection
[3.548s] running symlink_data
[3.548s] creating /home/msc-robot/Documents/Team4_ros_ws/src/High_Vis/hs_rep/install/hotspot_detection/share/ament_index
[3.548s] creating /home/msc-robot/Documents/Team4_ros_ws/src/High_Vis/hs_rep/install/hotspot_detection/share/ament_index/resource_index
[3.548s] creating /home/msc-robot/Documents/Team4_ros_ws/src/High_Vis/hs_rep/install/hotspot_detection/share/ament_index/resource_index/packages
[3.549s] symbolically linking /home/msc-robot/Documents/Team4_ros_ws/src/High_Vis/hs_rep/build/hotspot_detection/resource/hotspot_detection -> /home/msc-robot/Documents/Team4_ros_ws/src/High_Vis/hs_rep/install/hotspot_detection/share/ament_index/resource_index/packages
[3.549s] symbolically linking /home/msc-robot/Documents/Team4_ros_ws/src/High_Vis/hs_rep/build/hotspot_detection/package.xml -> /home/msc-robot/Documents/Team4_ros_ws/src/High_Vis/hs_rep/install/hotspot_detection/share/hotspot_detection
[3.619s] Invoked command in '/home/msc-robot/Documents/Team4_ros_ws/src/High_Vis/hs_rep/build/hotspot_detection' returned '0': PYTHONPATH=/home/msc-robot/Documents/Team4_ros_ws/src/High_Vis/hs_rep/build/hotspot_detection/prefix_override:/home/msc-robot/Documents/Team4_ros_ws/src/High_Vis/hs_rep/install/hotspot_detection/lib/python3.10/site-packages:${PYTHONPATH} /usr/bin/python3 -W ignore:setup.py install is deprecated setup.py develop --editable --build-directory /home/msc-robot/Documents/Team4_ros_ws/src/High_Vis/hs_rep/build/hotspot_detection/build --no-deps symlink_data
