running develop
Removing /home/harry/High_Vis/Thermal_Images/src/camera_pub/install/cam_topic/lib/python3.10/site-packages/cam-topic.egg-link (link to .)
running egg_info
writing ../../build/cam_topic/cam_topic.egg-info/PKG-INFO
writing dependency_links to ../../build/cam_topic/cam_topic.egg-info/dependency_links.txt
writing entry points to ../../build/cam_topic/cam_topic.egg-info/entry_points.txt
writing requirements to ../../build/cam_topic/cam_topic.egg-info/requires.txt
writing top-level names to ../../build/cam_topic/cam_topic.egg-info/top_level.txt
reading manifest file '../../build/cam_topic/cam_topic.egg-info/SOURCES.txt'
writing manifest file '../../build/cam_topic/cam_topic.egg-info/SOURCES.txt'
running build
running build_py
copying cam_topic/camera_topic.py -> /home/harry/High_Vis/Thermal_Images/src/camera_pub/build/cam_topic/build/lib/cam_topic
copying cam_topic/camera_topic_sub.py -> /home/harry/High_Vis/Thermal_Images/src/camera_pub/build/cam_topic/build/lib/cam_topic
running install
running install_lib
creating /home/harry/High_Vis/Thermal_Images/src/camera_pub/install/cam_topic/lib/python3.10/site-packages/cam_topic
copying /home/harry/High_Vis/Thermal_Images/src/camera_pub/build/cam_topic/build/lib/cam_topic/camera_topic.py -> /home/harry/High_Vis/Thermal_Images/src/camera_pub/install/cam_topic/lib/python3.10/site-packages/cam_topic
copying /home/harry/High_Vis/Thermal_Images/src/camera_pub/build/cam_topic/build/lib/cam_topic/camera_topic_sub.py -> /home/harry/High_Vis/Thermal_Images/src/camera_pub/install/cam_topic/lib/python3.10/site-packages/cam_topic
copying /home/harry/High_Vis/Thermal_Images/src/camera_pub/build/cam_topic/build/lib/cam_topic/__init__.py -> /home/harry/High_Vis/Thermal_Images/src/camera_pub/install/cam_topic/lib/python3.10/site-packages/cam_topic
byte-compiling /home/harry/High_Vis/Thermal_Images/src/camera_pub/install/cam_topic/lib/python3.10/site-packages/cam_topic/camera_topic.py to camera_topic.cpython-310.pyc
byte-compiling /home/harry/High_Vis/Thermal_Images/src/camera_pub/install/cam_topic/lib/python3.10/site-packages/cam_topic/camera_topic_sub.py to camera_topic_sub.cpython-310.pyc
byte-compiling /home/harry/High_Vis/Thermal_Images/src/camera_pub/install/cam_topic/lib/python3.10/site-packages/cam_topic/__init__.py to __init__.cpython-310.pyc
running install_data
running install_egg_info
Copying ../../build/cam_topic/cam_topic.egg-info to /home/harry/High_Vis/Thermal_Images/src/camera_pub/install/cam_topic/lib/python3.10/site-packages/cam_topic-0.0.0-py3.10.egg-info
running install_scripts
Installing cam_top_pub script to /home/harry/High_Vis/Thermal_Images/src/camera_pub/install/cam_topic/lib/cam_topic
Installing cam_top_sub script to /home/harry/High_Vis/Thermal_Images/src/camera_pub/install/cam_topic/lib/cam_topic
writing list of installed files to '/home/harry/High_Vis/Thermal_Images/src/camera_pub/build/cam_topic/install.log'
