[0.726s] Invoking command in '/home/harry/High_Vis/Thermal_Images/src/camera_pub/build/cam_topic': PYTHONPATH=/home/harry/High_Vis/Thermal_Images/src/camera_pub/build/cam_topic/prefix_override:/home/harry/High_Vis/Thermal_Images/src/camera_pub/install/cam_topic/lib/python3.10/site-packages:${PYTHONPATH} /usr/bin/python3 setup.py develop --uninstall --editable --build-directory /home/harry/High_Vis/Thermal_Images/src/camera_pub/build/cam_topic/build
[0.947s] running develop
[1.074s] Removing /home/harry/High_Vis/Thermal_Images/src/camera_pub/install/cam_topic/lib/python3.10/site-packages/cam-topic.egg-link (link to .)
[1.104s] Invoked command in '/home/harry/High_Vis/Thermal_Images/src/camera_pub/build/cam_topic' returned '0': PYTHONPATH=/home/harry/High_Vis/Thermal_Images/src/camera_pub/build/cam_topic/prefix_override:/home/harry/High_Vis/Thermal_Images/src/camera_pub/install/cam_topic/lib/python3.10/site-packages:${PYTHONPATH} /usr/bin/python3 setup.py develop --uninstall --editable --build-directory /home/harry/High_Vis/Thermal_Images/src/camera_pub/build/cam_topic/build
[1.108s] Invoking command in '/home/harry/High_Vis/Thermal_Images/src/camera_pub/src/cam_topic': PYTHONPATH=/home/harry/High_Vis/Thermal_Images/src/camera_pub/build/cam_topic/prefix_override:/home/harry/High_Vis/Thermal_Images/src/camera_pub/install/cam_topic/lib/python3.10/site-packages:${PYTHONPATH} /usr/bin/python3 setup.py egg_info --egg-base ../../build/cam_topic build --build-base /home/harry/High_Vis/Thermal_Images/src/camera_pub/build/cam_topic/build install --record /home/harry/High_Vis/Thermal_Images/src/camera_pub/build/cam_topic/install.log --single-version-externally-managed
[1.315s] running egg_info
[1.316s] writing ../../build/cam_topic/cam_topic.egg-info/PKG-INFO
[1.316s] writing dependency_links to ../../build/cam_topic/cam_topic.egg-info/dependency_links.txt
[1.316s] writing entry points to ../../build/cam_topic/cam_topic.egg-info/entry_points.txt
[1.316s] writing requirements to ../../build/cam_topic/cam_topic.egg-info/requires.txt
[1.316s] writing top-level names to ../../build/cam_topic/cam_topic.egg-info/top_level.txt
[1.318s] reading manifest file '../../build/cam_topic/cam_topic.egg-info/SOURCES.txt'
[1.319s] writing manifest file '../../build/cam_topic/cam_topic.egg-info/SOURCES.txt'
[1.319s] running build
[1.319s] running build_py
[1.326s] copying cam_topic/camera_topic.py -> /home/harry/High_Vis/Thermal_Images/src/camera_pub/build/cam_topic/build/lib/cam_topic
[1.327s] copying cam_topic/camera_topic_sub.py -> /home/harry/High_Vis/Thermal_Images/src/camera_pub/build/cam_topic/build/lib/cam_topic
[1.327s] running install
[1.327s] running install_lib
[1.328s] creating /home/harry/High_Vis/Thermal_Images/src/camera_pub/install/cam_topic/lib/python3.10/site-packages/cam_topic
[1.329s] copying /home/harry/High_Vis/Thermal_Images/src/camera_pub/build/cam_topic/build/lib/cam_topic/camera_topic.py -> /home/harry/High_Vis/Thermal_Images/src/camera_pub/install/cam_topic/lib/python3.10/site-packages/cam_topic
[1.329s] copying /home/harry/High_Vis/Thermal_Images/src/camera_pub/build/cam_topic/build/lib/cam_topic/camera_topic_sub.py -> /home/harry/High_Vis/Thermal_Images/src/camera_pub/install/cam_topic/lib/python3.10/site-packages/cam_topic
[1.329s] copying /home/harry/High_Vis/Thermal_Images/src/camera_pub/build/cam_topic/build/lib/cam_topic/__init__.py -> /home/harry/High_Vis/Thermal_Images/src/camera_pub/install/cam_topic/lib/python3.10/site-packages/cam_topic
[1.330s] byte-compiling /home/harry/High_Vis/Thermal_Images/src/camera_pub/install/cam_topic/lib/python3.10/site-packages/cam_topic/camera_topic.py to camera_topic.cpython-310.pyc
[1.331s] byte-compiling /home/harry/High_Vis/Thermal_Images/src/camera_pub/install/cam_topic/lib/python3.10/site-packages/cam_topic/camera_topic_sub.py to camera_topic_sub.cpython-310.pyc
[1.331s] byte-compiling /home/harry/High_Vis/Thermal_Images/src/camera_pub/install/cam_topic/lib/python3.10/site-packages/cam_topic/__init__.py to __init__.cpython-310.pyc
[1.331s] running install_data
[1.332s] running install_egg_info
[1.334s] Copying ../../build/cam_topic/cam_topic.egg-info to /home/harry/High_Vis/Thermal_Images/src/camera_pub/install/cam_topic/lib/python3.10/site-packages/cam_topic-0.0.0-py3.10.egg-info
[1.337s] running install_scripts
[1.355s] Installing cam_top_pub script to /home/harry/High_Vis/Thermal_Images/src/camera_pub/install/cam_topic/lib/cam_topic
[1.355s] Installing cam_top_sub script to /home/harry/High_Vis/Thermal_Images/src/camera_pub/install/cam_topic/lib/cam_topic
[1.355s] writing list of installed files to '/home/harry/High_Vis/Thermal_Images/src/camera_pub/build/cam_topic/install.log'
[1.380s] Invoked command in '/home/harry/High_Vis/Thermal_Images/src/camera_pub/src/cam_topic' returned '0': PYTHONPATH=/home/harry/High_Vis/Thermal_Images/src/camera_pub/build/cam_topic/prefix_override:/home/harry/High_Vis/Thermal_Images/src/camera_pub/install/cam_topic/lib/python3.10/site-packages:${PYTHONPATH} /usr/bin/python3 setup.py egg_info --egg-base ../../build/cam_topic build --build-base /home/harry/High_Vis/Thermal_Images/src/camera_pub/build/cam_topic/build install --record /home/harry/High_Vis/Thermal_Images/src/camera_pub/build/cam_topic/install.log --single-version-externally-managed
