[1.330s] Invoking command in '/home/msc-robot/Documents/Team4_ros_ws/src/High_Vis/Thermal_Images/build/Thermal_Image_Save': PYTHONPATH=/home/msc-robot/Documents/Team4_ros_ws/src/High_Vis/Thermal_Images/build/Thermal_Image_Save/prefix_override:/home/msc-robot/Documents/Team4_ros_ws/src/High_Vis/Thermal_Images/install/Thermal_Image_Save/lib/python3.10/site-packages:${PYTHONPATH} /usr/bin/python3 setup.py develop --editable --build-directory /home/msc-robot/Documents/Team4_ros_ws/src/High_Vis/Thermal_Images/build/Thermal_Image_Save/build --no-deps install_data
[1.759s] running develop
[1.762s] /usr/lib/python3/dist-packages/setuptools/command/easy_install.py:158: EasyInstallDeprecationWarning: easy_install command is deprecated. Use build and pip and other standards-based tools.
[1.762s]   warnings.warn(
[1.764s] /usr/lib/python3/dist-packages/setuptools/command/install.py:34: SetuptoolsDeprecationWarning: setup.py install is deprecated. Use build and pip and other standards-based tools.
[1.764s]   warnings.warn(
[2.045s] running egg_info
[2.045s] writing Thermal_Image_Save.egg-info/PKG-INFO
[2.046s] writing dependency_links to Thermal_Image_Save.egg-info/dependency_links.txt
[2.046s] writing entry points to Thermal_Image_Save.egg-info/entry_points.txt
[2.046s] writing requirements to Thermal_Image_Save.egg-info/requires.txt
[2.047s] writing top-level names to Thermal_Image_Save.egg-info/top_level.txt
[2.050s] reading manifest file 'Thermal_Image_Save.egg-info/SOURCES.txt'
[2.051s] writing manifest file 'Thermal_Image_Save.egg-info/SOURCES.txt'
[2.054s] running build_ext
[2.054s] Creating /home/msc-robot/Documents/Team4_ros_ws/src/High_Vis/Thermal_Images/install/Thermal_Image_Save/lib/python3.10/site-packages/Thermal-Image-Save.egg-link (link to .)
[2.055s] Installing TI_save script to /home/msc-robot/Documents/Team4_ros_ws/src/High_Vis/Thermal_Images/install/Thermal_Image_Save/lib/Thermal_Image_Save
[2.056s] 
[2.056s] Installed /home/msc-robot/Documents/Team4_ros_ws/src/High_Vis/Thermal_Images/build/Thermal_Image_Save
[2.056s] running install_data
[2.097s] Invoked command in '/home/msc-robot/Documents/Team4_ros_ws/src/High_Vis/Thermal_Images/build/Thermal_Image_Save' returned '0': PYTHONPATH=/home/msc-robot/Documents/Team4_ros_ws/src/High_Vis/Thermal_Images/build/Thermal_Image_Save/prefix_override:/home/msc-robot/Documents/Team4_ros_ws/src/High_Vis/Thermal_Images/install/Thermal_Image_Save/lib/python3.10/site-packages:${PYTHONPATH} /usr/bin/python3 setup.py develop --editable --build-directory /home/msc-robot/Documents/Team4_ros_ws/src/High_Vis/Thermal_Images/build/Thermal_Image_Save/build --no-deps install_data
