[2.241s] Invoking command in '/home/msc-robot/Documents/Team4_ros_ws/src/High_Vis/post_process/src/hotspot_detection': PYTHONPATH=/home/msc-robot/Documents/Team4_ros_ws/src/High_Vis/post_process/build/hotspot_detection/prefix_override:/home/msc-robot/Documents/Team4_ros_ws/src/High_Vis/post_process/install/hotspot_detection/lib/python3.10/site-packages:${PYTHONPATH} /usr/bin/python3 setup.py egg_info --egg-base ../../build/hotspot_detection build --build-base /home/msc-robot/Documents/Team4_ros_ws/src/High_Vis/post_process/build/hotspot_detection/build install --record /home/msc-robot/Documents/Team4_ros_ws/src/High_Vis/post_process/build/hotspot_detection/install.log --single-version-externally-managed
[2.768s] running egg_info
[2.769s] writing ../../build/hotspot_detection/hotspot_detection.egg-info/PKG-INFO
[2.770s] writing dependency_links to ../../build/hotspot_detection/hotspot_detection.egg-info/dependency_links.txt
[2.770s] writing entry points to ../../build/hotspot_detection/hotspot_detection.egg-info/entry_points.txt
[2.770s] writing requirements to ../../build/hotspot_detection/hotspot_detection.egg-info/requires.txt
[2.770s] writing top-level names to ../../build/hotspot_detection/hotspot_detection.egg-info/top_level.txt
[2.774s] reading manifest file '../../build/hotspot_detection/hotspot_detection.egg-info/SOURCES.txt'
[2.775s] writing manifest file '../../build/hotspot_detection/hotspot_detection.egg-info/SOURCES.txt'
[2.776s] running build
[2.776s] running build_py
[2.776s] running install
[2.777s] /usr/lib/python3/dist-packages/setuptools/command/install.py:34: SetuptoolsDeprecationWarning: setup.py install is deprecated. Use build and pip and other standards-based tools.
[2.777s]   warnings.warn(
[2.777s] running install_lib
[2.779s] running install_data
[2.780s] running install_egg_info
[2.784s] removing '/home/msc-robot/Documents/Team4_ros_ws/src/High_Vis/post_process/install/hotspot_detection/lib/python3.10/site-packages/hotspot_detection-0.0.0-py3.10.egg-info' (and everything under it)
[2.784s] Copying ../../build/hotspot_detection/hotspot_detection.egg-info to /home/msc-robot/Documents/Team4_ros_ws/src/High_Vis/post_process/install/hotspot_detection/lib/python3.10/site-packages/hotspot_detection-0.0.0-py3.10.egg-info
[2.786s] running install_scripts
[2.827s] Installing hs_node script to /home/msc-robot/Documents/Team4_ros_ws/src/High_Vis/post_process/install/hotspot_detection/lib/hotspot_detection
[2.828s] writing list of installed files to '/home/msc-robot/Documents/Team4_ros_ws/src/High_Vis/post_process/build/hotspot_detection/install.log'
[2.958s] Invoked command in '/home/msc-robot/Documents/Team4_ros_ws/src/High_Vis/post_process/src/hotspot_detection' returned '0': PYTHONPATH=/home/msc-robot/Documents/Team4_ros_ws/src/High_Vis/post_process/build/hotspot_detection/prefix_override:/home/msc-robot/Documents/Team4_ros_ws/src/High_Vis/post_process/install/hotspot_detection/lib/python3.10/site-packages:${PYTHONPATH} /usr/bin/python3 setup.py egg_info --egg-base ../../build/hotspot_detection build --build-base /home/msc-robot/Documents/Team4_ros_ws/src/High_Vis/post_process/build/hotspot_detection/build install --record /home/msc-robot/Documents/Team4_ros_ws/src/High_Vis/post_process/build/hotspot_detection/install.log --single-version-externally-managed
