running egg_info
creating ../../../build/camera_calibration/camera_calibration.egg-info
writing ../../../build/camera_calibration/camera_calibration.egg-info/PKG-INFO
writing dependency_links to ../../../build/camera_calibration/camera_calibration.egg-info/dependency_links.txt
writing entry points to ../../../build/camera_calibration/camera_calibration.egg-info/entry_points.txt
writing requirements to ../../../build/camera_calibration/camera_calibration.egg-info/requires.txt
writing top-level names to ../../../build/camera_calibration/camera_calibration.egg-info/top_level.txt
writing manifest file '../../../build/camera_calibration/camera_calibration.egg-info/SOURCES.txt'
reading manifest file '../../../build/camera_calibration/camera_calibration.egg-info/SOURCES.txt'
writing manifest file '../../../build/camera_calibration/camera_calibration.egg-info/SOURCES.txt'
running build
running build_py
creating /home/msc-robot/Documents/Team4_ros_ws/src/High_Vis/Thermal_Images/build/camera_calibration/build
creating /home/msc-robot/Documents/Team4_ros_ws/src/High_Vis/Thermal_Images/build/camera_calibration/build/lib
creating /home/msc-robot/Documents/Team4_ros_ws/src/High_Vis/Thermal_Images/build/camera_calibration/build/lib/camera_calibration
copying src/camera_calibration/camera_checker.py -> /home/msc-robot/Documents/Team4_ros_ws/src/High_Vis/Thermal_Images/build/camera_calibration/build/lib/camera_calibration
copying src/camera_calibration/camera_calibrator.py -> /home/msc-robot/Documents/Team4_ros_ws/src/High_Vis/Thermal_Images/build/camera_calibration/build/lib/camera_calibration
copying src/camera_calibration/calibrator.py -> /home/msc-robot/Documents/Team4_ros_ws/src/High_Vis/Thermal_Images/build/camera_calibration/build/lib/camera_calibration
copying src/camera_calibration/__init__.py -> /home/msc-robot/Documents/Team4_ros_ws/src/High_Vis/Thermal_Images/build/camera_calibration/build/lib/camera_calibration
creating /home/msc-robot/Documents/Team4_ros_ws/src/High_Vis/Thermal_Images/build/camera_calibration/build/lib/camera_calibration/nodes
copying src/camera_calibration/nodes/cameracheck.py -> /home/msc-robot/Documents/Team4_ros_ws/src/High_Vis/Thermal_Images/build/camera_calibration/build/lib/camera_calibration/nodes
copying src/camera_calibration/nodes/__init__.py -> /home/msc-robot/Documents/Team4_ros_ws/src/High_Vis/Thermal_Images/build/camera_calibration/build/lib/camera_calibration/nodes
copying src/camera_calibration/nodes/cameracalibrator.py -> /home/msc-robot/Documents/Team4_ros_ws/src/High_Vis/Thermal_Images/build/camera_calibration/build/lib/camera_calibration/nodes
running install
/usr/lib/python3/dist-packages/setuptools/command/install.py:34: SetuptoolsDeprecationWarning: setup.py install is deprecated. Use build and pip and other standards-based tools.
  warnings.warn(
running install_lib
creating /home/msc-robot/Documents/Team4_ros_ws/src/High_Vis/Thermal_Images/install/camera_calibration/lib/python3.10/site-packages/camera_calibration
copying /home/msc-robot/Documents/Team4_ros_ws/src/High_Vis/Thermal_Images/build/camera_calibration/build/lib/camera_calibration/camera_checker.py -> /home/msc-robot/Documents/Team4_ros_ws/src/High_Vis/Thermal_Images/install/camera_calibration/lib/python3.10/site-packages/camera_calibration
copying /home/msc-robot/Documents/Team4_ros_ws/src/High_Vis/Thermal_Images/build/camera_calibration/build/lib/camera_calibration/camera_calibrator.py -> /home/msc-robot/Documents/Team4_ros_ws/src/High_Vis/Thermal_Images/install/camera_calibration/lib/python3.10/site-packages/camera_calibration
copying /home/msc-robot/Documents/Team4_ros_ws/src/High_Vis/Thermal_Images/build/camera_calibration/build/lib/camera_calibration/calibrator.py -> /home/msc-robot/Documents/Team4_ros_ws/src/High_Vis/Thermal_Images/install/camera_calibration/lib/python3.10/site-packages/camera_calibration
creating /home/msc-robot/Documents/Team4_ros_ws/src/High_Vis/Thermal_Images/install/camera_calibration/lib/python3.10/site-packages/camera_calibration/nodes
copying /home/msc-robot/Documents/Team4_ros_ws/src/High_Vis/Thermal_Images/build/camera_calibration/build/lib/camera_calibration/nodes/cameracheck.py -> /home/msc-robot/Documents/Team4_ros_ws/src/High_Vis/Thermal_Images/install/camera_calibration/lib/python3.10/site-packages/camera_calibration/nodes
copying /home/msc-robot/Documents/Team4_ros_ws/src/High_Vis/Thermal_Images/build/camera_calibration/build/lib/camera_calibration/nodes/__init__.py -> /home/msc-robot/Documents/Team4_ros_ws/src/High_Vis/Thermal_Images/install/camera_calibration/lib/python3.10/site-packages/camera_calibration/nodes
copying /home/msc-robot/Documents/Team4_ros_ws/src/High_Vis/Thermal_Images/build/camera_calibration/build/lib/camera_calibration/nodes/cameracalibrator.py -> /home/msc-robot/Documents/Team4_ros_ws/src/High_Vis/Thermal_Images/install/camera_calibration/lib/python3.10/site-packages/camera_calibration/nodes
copying /home/msc-robot/Documents/Team4_ros_ws/src/High_Vis/Thermal_Images/build/camera_calibration/build/lib/camera_calibration/__init__.py -> /home/msc-robot/Documents/Team4_ros_ws/src/High_Vis/Thermal_Images/install/camera_calibration/lib/python3.10/site-packages/camera_calibration
byte-compiling /home/msc-robot/Documents/Team4_ros_ws/src/High_Vis/Thermal_Images/install/camera_calibration/lib/python3.10/site-packages/camera_calibration/camera_checker.py to camera_checker.cpython-310.pyc
byte-compiling /home/msc-robot/Documents/Team4_ros_ws/src/High_Vis/Thermal_Images/install/camera_calibration/lib/python3.10/site-packages/camera_calibration/camera_calibrator.py to camera_calibrator.cpython-310.pyc
byte-compiling /home/msc-robot/Documents/Team4_ros_ws/src/High_Vis/Thermal_Images/install/camera_calibration/lib/python3.10/site-packages/camera_calibration/calibrator.py to calibrator.cpython-310.pyc
byte-compiling /home/msc-robot/Documents/Team4_ros_ws/src/High_Vis/Thermal_Images/install/camera_calibration/lib/python3.10/site-packages/camera_calibration/nodes/cameracheck.py to cameracheck.cpython-310.pyc
byte-compiling /home/msc-robot/Documents/Team4_ros_ws/src/High_Vis/Thermal_Images/install/camera_calibration/lib/python3.10/site-packages/camera_calibration/nodes/__init__.py to __init__.cpython-310.pyc
byte-compiling /home/msc-robot/Documents/Team4_ros_ws/src/High_Vis/Thermal_Images/install/camera_calibration/lib/python3.10/site-packages/camera_calibration/nodes/cameracalibrator.py to cameracalibrator.cpython-310.pyc
byte-compiling /home/msc-robot/Documents/Team4_ros_ws/src/High_Vis/Thermal_Images/install/camera_calibration/lib/python3.10/site-packages/camera_calibration/__init__.py to __init__.cpython-310.pyc
running install_data
creating /home/msc-robot/Documents/Team4_ros_ws/src/High_Vis/Thermal_Images/install/camera_calibration/share/ament_index
creating /home/msc-robot/Documents/Team4_ros_ws/src/High_Vis/Thermal_Images/install/camera_calibration/share/ament_index/resource_index
creating /home/msc-robot/Documents/Team4_ros_ws/src/High_Vis/Thermal_Images/install/camera_calibration/share/ament_index/resource_index/packages
copying resource/camera_calibration -> /home/msc-robot/Documents/Team4_ros_ws/src/High_Vis/Thermal_Images/install/camera_calibration/share/ament_index/resource_index/packages
copying package.xml -> /home/msc-robot/Documents/Team4_ros_ws/src/High_Vis/Thermal_Images/install/camera_calibration/share/camera_calibration
running install_egg_info
Copying ../../../build/camera_calibration/camera_calibration.egg-info to /home/msc-robot/Documents/Team4_ros_ws/src/High_Vis/Thermal_Images/install/camera_calibration/lib/python3.10/site-packages/camera_calibration-3.0.4-py3.10.egg-info
running install_scripts
Installing cameracalibrator script to /home/msc-robot/Documents/Team4_ros_ws/src/High_Vis/Thermal_Images/install/camera_calibration/lib/camera_calibration
Installing cameracheck script to /home/msc-robot/Documents/Team4_ros_ws/src/High_Vis/Thermal_Images/install/camera_calibration/lib/camera_calibration
writing list of installed files to '/home/msc-robot/Documents/Team4_ros_ws/src/High_Vis/Thermal_Images/build/camera_calibration/install.log'
