[2.389s] Invoking command in '/home/msc-robot/Documents/Team4_ros_ws/src/High_Vis/Thermal_Images/src/image_pipeline/camera_calibration': PYTHONPATH=/home/msc-robot/Documents/Team4_ros_ws/src/High_Vis/Thermal_Images/build/camera_calibration/prefix_override:/home/msc-robot/Documents/Team4_ros_ws/src/High_Vis/Thermal_Images/install/camera_calibration/lib/python3.10/site-packages:${PYTHONPATH} /usr/bin/python3 setup.py egg_info --egg-base ../../../build/camera_calibration build --build-base /home/msc-robot/Documents/Team4_ros_ws/src/High_Vis/Thermal_Images/build/camera_calibration/build install --record /home/msc-robot/Documents/Team4_ros_ws/src/High_Vis/Thermal_Images/build/camera_calibration/install.log --single-version-externally-managed
[3.034s] running egg_info
[3.035s] creating ../../../build/camera_calibration/camera_calibration.egg-info
[3.036s] writing ../../../build/camera_calibration/camera_calibration.egg-info/PKG-INFO
[3.036s] writing dependency_links to ../../../build/camera_calibration/camera_calibration.egg-info/dependency_links.txt
[3.037s] writing entry points to ../../../build/camera_calibration/camera_calibration.egg-info/entry_points.txt
[3.037s] writing requirements to ../../../build/camera_calibration/camera_calibration.egg-info/requires.txt
[3.037s] writing top-level names to ../../../build/camera_calibration/camera_calibration.egg-info/top_level.txt
[3.037s] writing manifest file '../../../build/camera_calibration/camera_calibration.egg-info/SOURCES.txt'
[3.041s] reading manifest file '../../../build/camera_calibration/camera_calibration.egg-info/SOURCES.txt'
[3.043s] writing manifest file '../../../build/camera_calibration/camera_calibration.egg-info/SOURCES.txt'
[3.043s] running build
[3.043s] running build_py
[3.044s] creating /home/msc-robot/Documents/Team4_ros_ws/src/High_Vis/Thermal_Images/build/camera_calibration/build
[3.044s] creating /home/msc-robot/Documents/Team4_ros_ws/src/High_Vis/Thermal_Images/build/camera_calibration/build/lib
[3.044s] creating /home/msc-robot/Documents/Team4_ros_ws/src/High_Vis/Thermal_Images/build/camera_calibration/build/lib/camera_calibration
[3.044s] copying src/camera_calibration/camera_checker.py -> /home/msc-robot/Documents/Team4_ros_ws/src/High_Vis/Thermal_Images/build/camera_calibration/build/lib/camera_calibration
[3.044s] copying src/camera_calibration/camera_calibrator.py -> /home/msc-robot/Documents/Team4_ros_ws/src/High_Vis/Thermal_Images/build/camera_calibration/build/lib/camera_calibration
[3.045s] copying src/camera_calibration/calibrator.py -> /home/msc-robot/Documents/Team4_ros_ws/src/High_Vis/Thermal_Images/build/camera_calibration/build/lib/camera_calibration
[3.045s] copying src/camera_calibration/__init__.py -> /home/msc-robot/Documents/Team4_ros_ws/src/High_Vis/Thermal_Images/build/camera_calibration/build/lib/camera_calibration
[3.045s] creating /home/msc-robot/Documents/Team4_ros_ws/src/High_Vis/Thermal_Images/build/camera_calibration/build/lib/camera_calibration/nodes
[3.046s] copying src/camera_calibration/nodes/cameracheck.py -> /home/msc-robot/Documents/Team4_ros_ws/src/High_Vis/Thermal_Images/build/camera_calibration/build/lib/camera_calibration/nodes
[3.046s] copying src/camera_calibration/nodes/__init__.py -> /home/msc-robot/Documents/Team4_ros_ws/src/High_Vis/Thermal_Images/build/camera_calibration/build/lib/camera_calibration/nodes
[3.046s] copying src/camera_calibration/nodes/cameracalibrator.py -> /home/msc-robot/Documents/Team4_ros_ws/src/High_Vis/Thermal_Images/build/camera_calibration/build/lib/camera_calibration/nodes
[3.047s] running install
[3.048s] /usr/lib/python3/dist-packages/setuptools/command/install.py:34: SetuptoolsDeprecationWarning: setup.py install is deprecated. Use build and pip and other standards-based tools.
[3.048s]   warnings.warn(
[3.055s] running install_lib
[3.058s] creating /home/msc-robot/Documents/Team4_ros_ws/src/High_Vis/Thermal_Images/install/camera_calibration/lib/python3.10/site-packages/camera_calibration
[3.059s] copying /home/msc-robot/Documents/Team4_ros_ws/src/High_Vis/Thermal_Images/build/camera_calibration/build/lib/camera_calibration/camera_checker.py -> /home/msc-robot/Documents/Team4_ros_ws/src/High_Vis/Thermal_Images/install/camera_calibration/lib/python3.10/site-packages/camera_calibration
[3.059s] copying /home/msc-robot/Documents/Team4_ros_ws/src/High_Vis/Thermal_Images/build/camera_calibration/build/lib/camera_calibration/camera_calibrator.py -> /home/msc-robot/Documents/Team4_ros_ws/src/High_Vis/Thermal_Images/install/camera_calibration/lib/python3.10/site-packages/camera_calibration
[3.059s] copying /home/msc-robot/Documents/Team4_ros_ws/src/High_Vis/Thermal_Images/build/camera_calibration/build/lib/camera_calibration/calibrator.py -> /home/msc-robot/Documents/Team4_ros_ws/src/High_Vis/Thermal_Images/install/camera_calibration/lib/python3.10/site-packages/camera_calibration
[3.059s] creating /home/msc-robot/Documents/Team4_ros_ws/src/High_Vis/Thermal_Images/install/camera_calibration/lib/python3.10/site-packages/camera_calibration/nodes
[3.059s] copying /home/msc-robot/Documents/Team4_ros_ws/src/High_Vis/Thermal_Images/build/camera_calibration/build/lib/camera_calibration/nodes/cameracheck.py -> /home/msc-robot/Documents/Team4_ros_ws/src/High_Vis/Thermal_Images/install/camera_calibration/lib/python3.10/site-packages/camera_calibration/nodes
[3.060s] copying /home/msc-robot/Documents/Team4_ros_ws/src/High_Vis/Thermal_Images/build/camera_calibration/build/lib/camera_calibration/nodes/__init__.py -> /home/msc-robot/Documents/Team4_ros_ws/src/High_Vis/Thermal_Images/install/camera_calibration/lib/python3.10/site-packages/camera_calibration/nodes
[3.060s] copying /home/msc-robot/Documents/Team4_ros_ws/src/High_Vis/Thermal_Images/build/camera_calibration/build/lib/camera_calibration/nodes/cameracalibrator.py -> /home/msc-robot/Documents/Team4_ros_ws/src/High_Vis/Thermal_Images/install/camera_calibration/lib/python3.10/site-packages/camera_calibration/nodes
[3.060s] copying /home/msc-robot/Documents/Team4_ros_ws/src/High_Vis/Thermal_Images/build/camera_calibration/build/lib/camera_calibration/__init__.py -> /home/msc-robot/Documents/Team4_ros_ws/src/High_Vis/Thermal_Images/install/camera_calibration/lib/python3.10/site-packages/camera_calibration
[3.060s] byte-compiling /home/msc-robot/Documents/Team4_ros_ws/src/High_Vis/Thermal_Images/install/camera_calibration/lib/python3.10/site-packages/camera_calibration/camera_checker.py to camera_checker.cpython-310.pyc
[3.060s] byte-compiling /home/msc-robot/Documents/Team4_ros_ws/src/High_Vis/Thermal_Images/install/camera_calibration/lib/python3.10/site-packages/camera_calibration/camera_calibrator.py to camera_calibrator.cpython-310.pyc
[3.064s] byte-compiling /home/msc-robot/Documents/Team4_ros_ws/src/High_Vis/Thermal_Images/install/camera_calibration/lib/python3.10/site-packages/camera_calibration/calibrator.py to calibrator.cpython-310.pyc
[3.090s] byte-compiling /home/msc-robot/Documents/Team4_ros_ws/src/High_Vis/Thermal_Images/install/camera_calibration/lib/python3.10/site-packages/camera_calibration/nodes/cameracheck.py to cameracheck.cpython-310.pyc
[3.091s] byte-compiling /home/msc-robot/Documents/Team4_ros_ws/src/High_Vis/Thermal_Images/install/camera_calibration/lib/python3.10/site-packages/camera_calibration/nodes/__init__.py to __init__.cpython-310.pyc
[3.091s] byte-compiling /home/msc-robot/Documents/Team4_ros_ws/src/High_Vis/Thermal_Images/install/camera_calibration/lib/python3.10/site-packages/camera_calibration/nodes/cameracalibrator.py to cameracalibrator.cpython-310.pyc
[3.094s] byte-compiling /home/msc-robot/Documents/Team4_ros_ws/src/High_Vis/Thermal_Images/install/camera_calibration/lib/python3.10/site-packages/camera_calibration/__init__.py to __init__.cpython-310.pyc
[3.094s] running install_data
[3.096s] creating /home/msc-robot/Documents/Team4_ros_ws/src/High_Vis/Thermal_Images/install/camera_calibration/share/ament_index
[3.096s] creating /home/msc-robot/Documents/Team4_ros_ws/src/High_Vis/Thermal_Images/install/camera_calibration/share/ament_index/resource_index
[3.096s] creating /home/msc-robot/Documents/Team4_ros_ws/src/High_Vis/Thermal_Images/install/camera_calibration/share/ament_index/resource_index/packages
[3.097s] copying resource/camera_calibration -> /home/msc-robot/Documents/Team4_ros_ws/src/High_Vis/Thermal_Images/install/camera_calibration/share/ament_index/resource_index/packages
[3.097s] copying package.xml -> /home/msc-robot/Documents/Team4_ros_ws/src/High_Vis/Thermal_Images/install/camera_calibration/share/camera_calibration
[3.097s] running install_egg_info
[3.100s] Copying ../../../build/camera_calibration/camera_calibration.egg-info to /home/msc-robot/Documents/Team4_ros_ws/src/High_Vis/Thermal_Images/install/camera_calibration/lib/python3.10/site-packages/camera_calibration-3.0.4-py3.10.egg-info
[3.102s] running install_scripts
[3.153s] Installing cameracalibrator script to /home/msc-robot/Documents/Team4_ros_ws/src/High_Vis/Thermal_Images/install/camera_calibration/lib/camera_calibration
[3.153s] Installing cameracheck script to /home/msc-robot/Documents/Team4_ros_ws/src/High_Vis/Thermal_Images/install/camera_calibration/lib/camera_calibration
[3.155s] writing list of installed files to '/home/msc-robot/Documents/Team4_ros_ws/src/High_Vis/Thermal_Images/build/camera_calibration/install.log'
[3.222s] Invoked command in '/home/msc-robot/Documents/Team4_ros_ws/src/High_Vis/Thermal_Images/src/image_pipeline/camera_calibration' returned '0': PYTHONPATH=/home/msc-robot/Documents/Team4_ros_ws/src/High_Vis/Thermal_Images/build/camera_calibration/prefix_override:/home/msc-robot/Documents/Team4_ros_ws/src/High_Vis/Thermal_Images/install/camera_calibration/lib/python3.10/site-packages:${PYTHONPATH} /usr/bin/python3 setup.py egg_info --egg-base ../../../build/camera_calibration build --build-base /home/msc-robot/Documents/Team4_ros_ws/src/High_Vis/Thermal_Images/build/camera_calibration/build install --record /home/msc-robot/Documents/Team4_ros_ws/src/High_Vis/Thermal_Images/build/camera_calibration/install.log --single-version-externally-managed
