-- Found ament_cmake: 1.3.6 (/opt/ros/humble/share/ament_cmake/cmake)
-- Override CMake install command with custom implementation using symlinks instead of copying resources
-- Found rosidl_default_generators: 1.2.0 (/opt/ros/humble/share/rosidl_default_generators/cmake)
-- Using all available rosidl_typesupport_c: rosidl_typesupport_fastrtps_c;rosidl_typesupport_introspection_c
-- Found rosidl_adapter: 3.1.5 (/opt/ros/humble/share/rosidl_adapter/cmake)
-- Using all available rosidl_typesupport_cpp: rosidl_typesupport_fastrtps_cpp;rosidl_typesupport_introspection_cpp
-- Found ament_cmake_ros: 0.10.0 (/opt/ros/humble/share/ament_cmake_ros/cmake)
-- Using all available rosidl_typesupport_c: rosidl_typesupport_fastrtps_c;rosidl_typesupport_introspection_c
-- Using all available rosidl_typesupport_cpp: rosidl_typesupport_fastrtps_cpp;rosidl_typesupport_introspection_cpp
-- Found python_cmake_module: 0.10.0 (/opt/ros/humble/share/python_cmake_module/cmake)
-- Using PYTHON_EXECUTABLE: /usr/bin/python3
-- Using PYTHON_INCLUDE_DIRS: /usr/include/python3.10
-- Using PYTHON_LIBRARIES: /usr/lib/x86_64-linux-gnu/libpython3.10.so
-- Configuring done
-- Generating done
-- Build files have been written to: /home/harry/ros2_ws/src/High_Vis/actions/build/hotspot_action
[  2%] [34m[1mGenerating C code for ROS interfaces[0m
[  5%] [34m[1mGenerating C++ code for ROS interfaces[0m
[  5%] Built target ament_cmake_python_symlink_hotspot_action
running egg_info
writing hotspot_action.egg-info/PKG-INFO
writing dependency_links to hotspot_action.egg-info/dependency_links.txt
writing top-level names to hotspot_action.egg-info/top_level.txt
reading manifest file 'hotspot_action.egg-info/SOURCES.txt'
writing manifest file 'hotspot_action.egg-info/SOURCES.txt'
[  5%] Built target ament_cmake_python_build_hotspot_action_egg
[35m[1mConsolidate compiler generated dependencies of target hotspot_action__rosidl_generator_c[0m
[  7%] [32mBuilding C object CMakeFiles/hotspot_action__rosidl_generator_c.dir/rosidl_generator_c/hotspot_action/action/detail/hotspot__functions.c.o[0m
[ 10%] [32mBuilding C object CMakeFiles/hotspot_action__rosidl_generator_c.dir/rosidl_generator_c/hotspot_action/action/detail/nav__functions.c.o[0m
[ 10%] Built target hotspot_action__cpp
[ 12%] [34m[1mGenerating C++ type support dispatch for ROS interfaces[0m
[ 17%] [34m[1mGenerating C++ introspection for ROS interfaces[0m
[ 17%] [34m[1mGenerating C++ type support for eProsima Fast-RTPS[0m
[ 20%] [32m[1mLinking C shared library libhotspot_action__rosidl_generator_c.so[0m
[ 20%] Built target hotspot_action__rosidl_generator_c
[ 23%] [34m[1mGenerating C type support for eProsima Fast-RTPS[0m
[ 25%] [34m[1mGenerating C introspection for ROS interfaces[0m
[ 28%] [34m[1mGenerating C type support dispatch for ROS interfaces[0m
[35m[1mConsolidate compiler generated dependencies of target hotspot_action__rosidl_typesupport_cpp[0m
[ 30%] [32mBuilding CXX object CMakeFiles/hotspot_action__rosidl_typesupport_cpp.dir/rosidl_typesupport_cpp/hotspot_action/action/nav__type_support.cpp.o[0m
[ 33%] [32mBuilding CXX object CMakeFiles/hotspot_action__rosidl_typesupport_cpp.dir/rosidl_typesupport_cpp/hotspot_action/action/hotspot__type_support.cpp.o[0m
[35m[1mConsolidate compiler generated dependencies of target hotspot_action__rosidl_typesupport_introspection_cpp[0m
[ 35%] [32mBuilding CXX object CMakeFiles/hotspot_action__rosidl_typesupport_introspection_cpp.dir/rosidl_typesupport_introspection_cpp/hotspot_action/action/detail/nav__type_support.cpp.o[0m
[ 38%] [32mBuilding CXX object CMakeFiles/hotspot_action__rosidl_typesupport_introspection_cpp.dir/rosidl_typesupport_introspection_cpp/hotspot_action/action/detail/hotspot__type_support.cpp.o[0m
[35m[1mConsolidate compiler generated dependencies of target hotspot_action__rosidl_typesupport_fastrtps_cpp[0m
[ 41%] [32mBuilding CXX object CMakeFiles/hotspot_action__rosidl_typesupport_fastrtps_cpp.dir/rosidl_typesupport_fastrtps_cpp/hotspot_action/action/detail/dds_fastrtps/hotspot__type_support.cpp.o[0m
[35m[1mConsolidate compiler generated dependencies of target hotspot_action__rosidl_typesupport_c[0m
[ 43%] [32mBuilding CXX object CMakeFiles/hotspot_action__rosidl_typesupport_c.dir/rosidl_typesupport_c/hotspot_action/action/hotspot__type_support.cpp.o[0m
[ 46%] [32mBuilding CXX object CMakeFiles/hotspot_action__rosidl_typesupport_c.dir/rosidl_typesupport_c/hotspot_action/action/nav__type_support.cpp.o[0m
[ 48%] [32m[1mLinking CXX shared library libhotspot_action__rosidl_typesupport_c.so[0m
[35m[1mConsolidate compiler generated dependencies of target hotspot_action__rosidl_typesupport_fastrtps_c[0m
[ 51%] [32mBuilding CXX object CMakeFiles/hotspot_action__rosidl_typesupport_fastrtps_c.dir/rosidl_typesupport_fastrtps_c/hotspot_action/action/detail/hotspot__type_support_c.cpp.o[0m
[35m[1mConsolidate compiler generated dependencies of target hotspot_action__rosidl_typesupport_introspection_c[0m
[ 53%] [32mBuilding C object CMakeFiles/hotspot_action__rosidl_typesupport_introspection_c.dir/rosidl_typesupport_introspection_c/hotspot_action/action/detail/hotspot__type_support.c.o[0m
[ 53%] Built target hotspot_action__rosidl_typesupport_c
[ 56%] [32mBuilding CXX object CMakeFiles/hotspot_action__rosidl_typesupport_fastrtps_cpp.dir/rosidl_typesupport_fastrtps_cpp/hotspot_action/action/detail/dds_fastrtps/nav__type_support.cpp.o[0m
[ 58%] [32mBuilding C object CMakeFiles/hotspot_action__rosidl_typesupport_introspection_c.dir/rosidl_typesupport_introspection_c/hotspot_action/action/detail/nav__type_support.c.o[0m
[ 61%] [32mBuilding CXX object CMakeFiles/hotspot_action__rosidl_typesupport_fastrtps_c.dir/rosidl_typesupport_fastrtps_c/hotspot_action/action/detail/nav__type_support_c.cpp.o[0m
[ 64%] [32m[1mLinking C shared library libhotspot_action__rosidl_typesupport_introspection_c.so[0m
[ 66%] [32m[1mLinking CXX shared library libhotspot_action__rosidl_typesupport_cpp.so[0m
[ 69%] [32m[1mLinking CXX shared library libhotspot_action__rosidl_typesupport_introspection_cpp.so[0m
[ 69%] Built target hotspot_action__rosidl_typesupport_introspection_c
[ 69%] Built target hotspot_action__rosidl_typesupport_cpp
[ 69%] Built target hotspot_action__rosidl_typesupport_introspection_cpp
[ 71%] [32m[1mLinking CXX shared library libhotspot_action__rosidl_typesupport_fastrtps_c.so[0m
[ 74%] [32m[1mLinking CXX shared library libhotspot_action__rosidl_typesupport_fastrtps_cpp.so[0m
[ 74%] Built target hotspot_action__rosidl_typesupport_fastrtps_c
[ 74%] Built target hotspot_action__rosidl_typesupport_fastrtps_cpp
[ 74%] Built target hotspot_action
[ 76%] [34m[1mGenerating Python code for ROS interfaces[0m
[ 76%] Built target hotspot_action__py
[35m[1mConsolidate compiler generated dependencies of target hotspot_action__rosidl_generator_py[0m
[ 82%] [32mBuilding C object CMakeFiles/hotspot_action__rosidl_generator_py.dir/rosidl_generator_py/hotspot_action/action/_hotspot_s.c.o[0m
[ 82%] [32mBuilding C object CMakeFiles/hotspot_action__rosidl_generator_py.dir/rosidl_generator_py/hotspot_action/action/_nav_s.c.o[0m
[ 84%] [32m[1mLinking C shared library rosidl_generator_py/hotspot_action/libhotspot_action__rosidl_generator_py.so[0m
[ 84%] Built target hotspot_action__rosidl_generator_py
[35m[1mConsolidate compiler generated dependencies of target hotspot_action__rosidl_typesupport_introspection_c__pyext[0m
[35m[1mConsolidate compiler generated dependencies of target hotspot_action__rosidl_typesupport_fastrtps_c__pyext[0m
[35m[1mConsolidate compiler generated dependencies of target hotspot_action__rosidl_typesupport_c__pyext[0m
[ 87%] [32mBuilding C object CMakeFiles/hotspot_action__rosidl_typesupport_introspection_c__pyext.dir/rosidl_generator_py/hotspot_action/_hotspot_action_s.ep.rosidl_typesupport_introspection_c.c.o[0m
[ 89%] [32mBuilding C object CMakeFiles/hotspot_action__rosidl_typesupport_c__pyext.dir/rosidl_generator_py/hotspot_action/_hotspot_action_s.ep.rosidl_typesupport_c.c.o[0m
[ 92%] [32mBuilding C object CMakeFiles/hotspot_action__rosidl_typesupport_fastrtps_c__pyext.dir/rosidl_generator_py/hotspot_action/_hotspot_action_s.ep.rosidl_typesupport_fastrtps_c.c.o[0m
[ 94%] [32m[1mLinking C shared library rosidl_generator_py/hotspot_action/hotspot_action_s__rosidl_typesupport_introspection_c.cpython-310-x86_64-linux-gnu.so[0m
[ 97%] [32m[1mLinking C shared library rosidl_generator_py/hotspot_action/hotspot_action_s__rosidl_typesupport_c.cpython-310-x86_64-linux-gnu.so[0m
[100%] [32m[1mLinking C shared library rosidl_generator_py/hotspot_action/hotspot_action_s__rosidl_typesupport_fastrtps_c.cpython-310-x86_64-linux-gnu.so[0m
[100%] Built target hotspot_action__rosidl_typesupport_introspection_c__pyext
[100%] Built target hotspot_action__rosidl_typesupport_c__pyext
[100%] Built target hotspot_action__rosidl_typesupport_fastrtps_c__pyext
-- Install configuration: ""
-- Execute custom install script
-- Up-to-date symlink: /home/harry/ros2_ws/src/High_Vis/actions/install/hotspot_action/share/ament_index/resource_index/rosidl_interfaces/hotspot_action
-- Up-to-date symlink: /home/harry/ros2_ws/src/High_Vis/actions/install/hotspot_action/include/hotspot_action/hotspot_action/action/detail/hotspot__functions.h
-- Up-to-date symlink: /home/harry/ros2_ws/src/High_Vis/actions/install/hotspot_action/include/hotspot_action/hotspot_action/action/detail/hotspot__struct.h
-- Up-to-date symlink: /home/harry/ros2_ws/src/High_Vis/actions/install/hotspot_action/include/hotspot_action/hotspot_action/action/detail/hotspot__type_support.h
-- Symlinking: /home/harry/ros2_ws/src/High_Vis/actions/install/hotspot_action/include/hotspot_action/hotspot_action/action/detail/nav__functions.h
-- Symlinking: /home/harry/ros2_ws/src/High_Vis/actions/install/hotspot_action/include/hotspot_action/hotspot_action/action/detail/nav__struct.h
-- Symlinking: /home/harry/ros2_ws/src/High_Vis/actions/install/hotspot_action/include/hotspot_action/hotspot_action/action/detail/nav__type_support.h
-- Up-to-date symlink: /home/harry/ros2_ws/src/High_Vis/actions/install/hotspot_action/include/hotspot_action/hotspot_action/action/hotspot.h
-- Symlinking: /home/harry/ros2_ws/src/High_Vis/actions/install/hotspot_action/include/hotspot_action/hotspot_action/action/nav.h
-- Up-to-date symlink: /home/harry/ros2_ws/src/High_Vis/actions/install/hotspot_action/include/hotspot_action/hotspot_action/msg/rosidl_generator_c__visibility_control.h
-- Up-to-date symlink: /home/harry/ros2_ws/src/High_Vis/actions/install/hotspot_action/share/hotspot_action/environment/library_path.sh
-- Up-to-date symlink: /home/harry/ros2_ws/src/High_Vis/actions/install/hotspot_action/share/hotspot_action/environment/library_path.dsv
-- Up-to-date symlink: /home/harry/ros2_ws/src/High_Vis/actions/install/hotspot_action/include/hotspot_action/hotspot_action/action/detail/hotspot__rosidl_typesupport_fastrtps_c.h
-- Symlinking: /home/harry/ros2_ws/src/High_Vis/actions/install/hotspot_action/include/hotspot_action/hotspot_action/action/detail/nav__rosidl_typesupport_fastrtps_c.h
-- Up-to-date symlink: /home/harry/ros2_ws/src/High_Vis/actions/install/hotspot_action/include/hotspot_action/hotspot_action/msg/rosidl_typesupport_fastrtps_c__visibility_control.h
-- Up-to-date symlink: /home/harry/ros2_ws/src/High_Vis/actions/install/hotspot_action/include/hotspot_action/hotspot_action/action/detail/hotspot__rosidl_typesupport_introspection_c.h
-- Symlinking: /home/harry/ros2_ws/src/High_Vis/actions/install/hotspot_action/include/hotspot_action/hotspot_action/action/detail/nav__rosidl_typesupport_introspection_c.h
-- Up-to-date symlink: /home/harry/ros2_ws/src/High_Vis/actions/install/hotspot_action/include/hotspot_action/hotspot_action/msg/rosidl_typesupport_introspection_c__visibility_control.h
-- Up-to-date symlink: /home/harry/ros2_ws/src/High_Vis/actions/install/hotspot_action/include/hotspot_action/hotspot_action/action/detail/hotspot__builder.hpp
-- Up-to-date symlink: /home/harry/ros2_ws/src/High_Vis/actions/install/hotspot_action/include/hotspot_action/hotspot_action/action/detail/hotspot__struct.hpp
-- Up-to-date symlink: /home/harry/ros2_ws/src/High_Vis/actions/install/hotspot_action/include/hotspot_action/hotspot_action/action/detail/hotspot__traits.hpp
-- Symlinking: /home/harry/ros2_ws/src/High_Vis/actions/install/hotspot_action/include/hotspot_action/hotspot_action/action/detail/nav__builder.hpp
-- Symlinking: /home/harry/ros2_ws/src/High_Vis/actions/install/hotspot_action/include/hotspot_action/hotspot_action/action/detail/nav__struct.hpp
-- Symlinking: /home/harry/ros2_ws/src/High_Vis/actions/install/hotspot_action/include/hotspot_action/hotspot_action/action/detail/nav__traits.hpp
-- Up-to-date symlink: /home/harry/ros2_ws/src/High_Vis/actions/install/hotspot_action/include/hotspot_action/hotspot_action/action/hotspot.hpp
-- Symlinking: /home/harry/ros2_ws/src/High_Vis/actions/install/hotspot_action/include/hotspot_action/hotspot_action/action/nav.hpp
-- Up-to-date symlink: /home/harry/ros2_ws/src/High_Vis/actions/install/hotspot_action/include/hotspot_action/hotspot_action/action/detail/hotspot__rosidl_typesupport_fastrtps_cpp.hpp
-- Symlinking: /home/harry/ros2_ws/src/High_Vis/actions/install/hotspot_action/include/hotspot_action/hotspot_action/action/detail/nav__rosidl_typesupport_fastrtps_cpp.hpp
-- Up-to-date symlink: /home/harry/ros2_ws/src/High_Vis/actions/install/hotspot_action/include/hotspot_action/hotspot_action/msg/rosidl_typesupport_fastrtps_cpp__visibility_control.h
-- Up-to-date symlink: /home/harry/ros2_ws/src/High_Vis/actions/install/hotspot_action/include/hotspot_action/hotspot_action/action/detail/hotspot__rosidl_typesupport_introspection_cpp.hpp
-- Symlinking: /home/harry/ros2_ws/src/High_Vis/actions/install/hotspot_action/include/hotspot_action/hotspot_action/action/detail/nav__rosidl_typesupport_introspection_cpp.hpp
-- Up-to-date symlink: /home/harry/ros2_ws/src/High_Vis/actions/install/hotspot_action/share/hotspot_action/environment/pythonpath.sh
-- Up-to-date symlink: /home/harry/ros2_ws/src/High_Vis/actions/install/hotspot_action/share/hotspot_action/environment/pythonpath.dsv
-- Up-to-date symlink: /home/harry/ros2_ws/src/High_Vis/actions/install/hotspot_action/local/lib/python3.10/dist-packages/hotspot_action-0.0.0-py3.10.egg-info/PKG-INFO
-- Up-to-date symlink: /home/harry/ros2_ws/src/High_Vis/actions/install/hotspot_action/local/lib/python3.10/dist-packages/hotspot_action-0.0.0-py3.10.egg-info/SOURCES.txt
-- Up-to-date symlink: /home/harry/ros2_ws/src/High_Vis/actions/install/hotspot_action/local/lib/python3.10/dist-packages/hotspot_action-0.0.0-py3.10.egg-info/dependency_links.txt
-- Up-to-date symlink: /home/harry/ros2_ws/src/High_Vis/actions/install/hotspot_action/local/lib/python3.10/dist-packages/hotspot_action-0.0.0-py3.10.egg-info/top_level.txt
-- Up-to-date symlink: /home/harry/ros2_ws/src/High_Vis/actions/install/hotspot_action/local/lib/python3.10/dist-packages/hotspot_action/__init__.py
-- Up-to-date symlink: /home/harry/ros2_ws/src/High_Vis/actions/install/hotspot_action/local/lib/python3.10/dist-packages/hotspot_action/_hotspot_action_s.ep.rosidl_typesupport_c.c
-- Up-to-date symlink: /home/harry/ros2_ws/src/High_Vis/actions/install/hotspot_action/local/lib/python3.10/dist-packages/hotspot_action/_hotspot_action_s.ep.rosidl_typesupport_fastrtps_c.c
-- Up-to-date symlink: /home/harry/ros2_ws/src/High_Vis/actions/install/hotspot_action/local/lib/python3.10/dist-packages/hotspot_action/_hotspot_action_s.ep.rosidl_typesupport_introspection_c.c
-- Up-to-date symlink: /home/harry/ros2_ws/src/High_Vis/actions/install/hotspot_action/local/lib/python3.10/dist-packages/hotspot_action/action/__init__.py
-- Up-to-date symlink: /home/harry/ros2_ws/src/High_Vis/actions/install/hotspot_action/local/lib/python3.10/dist-packages/hotspot_action/action/_hotspot.py
-- Up-to-date symlink: /home/harry/ros2_ws/src/High_Vis/actions/install/hotspot_action/local/lib/python3.10/dist-packages/hotspot_action/action/_hotspot_s.c
-- Symlinking: /home/harry/ros2_ws/src/High_Vis/actions/install/hotspot_action/local/lib/python3.10/dist-packages/hotspot_action/action/_nav.py
-- Symlinking: /home/harry/ros2_ws/src/High_Vis/actions/install/hotspot_action/local/lib/python3.10/dist-packages/hotspot_action/action/_nav_s.c
-- Up-to-date symlink: /home/harry/ros2_ws/src/High_Vis/actions/install/hotspot_action/local/lib/python3.10/dist-packages/hotspot_action/hotspot_action_s__rosidl_typesupport_c.cpython-310-x86_64-linux-gnu.so
-- Up-to-date symlink: /home/harry/ros2_ws/src/High_Vis/actions/install/hotspot_action/local/lib/python3.10/dist-packages/hotspot_action/hotspot_action_s__rosidl_typesupport_fastrtps_c.cpython-310-x86_64-linux-gnu.so
-- Up-to-date symlink: /home/harry/ros2_ws/src/High_Vis/actions/install/hotspot_action/local/lib/python3.10/dist-packages/hotspot_action/hotspot_action_s__rosidl_typesupport_introspection_c.cpython-310-x86_64-linux-gnu.so
-- Up-to-date symlink: /home/harry/ros2_ws/src/High_Vis/actions/install/hotspot_action/local/lib/python3.10/dist-packages/hotspot_action/libhotspot_action__rosidl_generator_py.so
-- Up-to-date symlink: /home/harry/ros2_ws/src/High_Vis/actions/install/hotspot_action/local/lib/python3.10/dist-packages/hotspot_action/hotspot_action_s__rosidl_typesupport_fastrtps_c.cpython-310-x86_64-linux-gnu.so
-- Up-to-date symlink: /home/harry/ros2_ws/src/High_Vis/actions/install/hotspot_action/local/lib/python3.10/dist-packages/hotspot_action/hotspot_action_s__rosidl_typesupport_introspection_c.cpython-310-x86_64-linux-gnu.so
-- Up-to-date symlink: /home/harry/ros2_ws/src/High_Vis/actions/install/hotspot_action/local/lib/python3.10/dist-packages/hotspot_action/hotspot_action_s__rosidl_typesupport_c.cpython-310-x86_64-linux-gnu.so
-- Up-to-date symlink: /home/harry/ros2_ws/src/High_Vis/actions/install/hotspot_action/share/hotspot_action/action/Hotspot.idl
-- Symlinking: /home/harry/ros2_ws/src/High_Vis/actions/install/hotspot_action/share/hotspot_action/action/Nav.idl
-- Up-to-date symlink: /home/harry/ros2_ws/src/High_Vis/actions/install/hotspot_action/share/hotspot_action/action/Hotspot.action
-- Symlinking: /home/harry/ros2_ws/src/High_Vis/actions/install/hotspot_action/share/hotspot_action/action/Nav.action
-- Up-to-date symlink: /home/harry/ros2_ws/src/High_Vis/actions/install/hotspot_action/share/ament_index/resource_index/package_run_dependencies/hotspot_action
-- Up-to-date symlink: /home/harry/ros2_ws/src/High_Vis/actions/install/hotspot_action/share/ament_index/resource_index/parent_prefix_path/hotspot_action
-- Up-to-date symlink: /home/harry/ros2_ws/src/High_Vis/actions/install/hotspot_action/share/hotspot_action/environment/ament_prefix_path.sh
-- Up-to-date symlink: /home/harry/ros2_ws/src/High_Vis/actions/install/hotspot_action/share/hotspot_action/environment/ament_prefix_path.dsv
-- Up-to-date symlink: /home/harry/ros2_ws/src/High_Vis/actions/install/hotspot_action/share/hotspot_action/environment/path.sh
-- Up-to-date symlink: /home/harry/ros2_ws/src/High_Vis/actions/install/hotspot_action/share/hotspot_action/environment/path.dsv
-- Up-to-date symlink: /home/harry/ros2_ws/src/High_Vis/actions/install/hotspot_action/share/hotspot_action/local_setup.bash
-- Up-to-date symlink: /home/harry/ros2_ws/src/High_Vis/actions/install/hotspot_action/share/hotspot_action/local_setup.sh
-- Up-to-date symlink: /home/harry/ros2_ws/src/High_Vis/actions/install/hotspot_action/share/hotspot_action/local_setup.zsh
-- Up-to-date symlink: /home/harry/ros2_ws/src/High_Vis/actions/install/hotspot_action/share/hotspot_action/local_setup.dsv
-- Symlinking: /home/harry/ros2_ws/src/High_Vis/actions/install/hotspot_action/share/hotspot_action/package.dsv
-- Up-to-date symlink: /home/harry/ros2_ws/src/High_Vis/actions/install/hotspot_action/share/ament_index/resource_index/packages/hotspot_action
-- Up-to-date symlink: /home/harry/ros2_ws/src/High_Vis/actions/install/hotspot_action/share/hotspot_action/cmake/rosidl_cmake-extras.cmake
-- Up-to-date symlink: /home/harry/ros2_ws/src/High_Vis/actions/install/hotspot_action/share/hotspot_action/cmake/ament_cmake_export_dependencies-extras.cmake
-- Up-to-date symlink: /home/harry/ros2_ws/src/High_Vis/actions/install/hotspot_action/share/hotspot_action/cmake/ament_cmake_export_include_directories-extras.cmake
-- Up-to-date symlink: /home/harry/ros2_ws/src/High_Vis/actions/install/hotspot_action/share/hotspot_action/cmake/ament_cmake_export_libraries-extras.cmake
-- Up-to-date symlink: /home/harry/ros2_ws/src/High_Vis/actions/install/hotspot_action/share/hotspot_action/cmake/ament_cmake_export_targets-extras.cmake
-- Up-to-date symlink: /home/harry/ros2_ws/src/High_Vis/actions/install/hotspot_action/share/hotspot_action/cmake/rosidl_cmake_export_typesupport_targets-extras.cmake
-- Up-to-date symlink: /home/harry/ros2_ws/src/High_Vis/actions/install/hotspot_action/share/hotspot_action/cmake/rosidl_cmake_export_typesupport_libraries-extras.cmake
-- Up-to-date symlink: /home/harry/ros2_ws/src/High_Vis/actions/install/hotspot_action/share/hotspot_action/cmake/hotspot_actionConfig.cmake
-- Up-to-date symlink: /home/harry/ros2_ws/src/High_Vis/actions/install/hotspot_action/share/hotspot_action/cmake/hotspot_actionConfig-version.cmake
-- Up-to-date symlink: /home/harry/ros2_ws/src/High_Vis/actions/install/hotspot_action/share/hotspot_action/package.xml
-- Installing: /home/harry/ros2_ws/src/High_Vis/actions/install/hotspot_action/lib/libhotspot_action__rosidl_generator_c.so
-- Set runtime path of "/home/harry/ros2_ws/src/High_Vis/actions/install/hotspot_action/lib/libhotspot_action__rosidl_generator_c.so" to ""
-- Installing: /home/harry/ros2_ws/src/High_Vis/actions/install/hotspot_action/lib/libhotspot_action__rosidl_typesupport_fastrtps_c.so
-- Set runtime path of "/home/harry/ros2_ws/src/High_Vis/actions/install/hotspot_action/lib/libhotspot_action__rosidl_typesupport_fastrtps_c.so" to ""
-- Installing: /home/harry/ros2_ws/src/High_Vis/actions/install/hotspot_action/lib/libhotspot_action__rosidl_typesupport_introspection_c.so
-- Set runtime path of "/home/harry/ros2_ws/src/High_Vis/actions/install/hotspot_action/lib/libhotspot_action__rosidl_typesupport_introspection_c.so" to ""
-- Installing: /home/harry/ros2_ws/src/High_Vis/actions/install/hotspot_action/lib/libhotspot_action__rosidl_typesupport_c.so
-- Set runtime path of "/home/harry/ros2_ws/src/High_Vis/actions/install/hotspot_action/lib/libhotspot_action__rosidl_typesupport_c.so" to ""
-- Installing: /home/harry/ros2_ws/src/High_Vis/actions/install/hotspot_action/lib/libhotspot_action__rosidl_typesupport_fastrtps_cpp.so
-- Set runtime path of "/home/harry/ros2_ws/src/High_Vis/actions/install/hotspot_action/lib/libhotspot_action__rosidl_typesupport_fastrtps_cpp.so" to ""
-- Installing: /home/harry/ros2_ws/src/High_Vis/actions/install/hotspot_action/lib/libhotspot_action__rosidl_typesupport_introspection_cpp.so
-- Set runtime path of "/home/harry/ros2_ws/src/High_Vis/actions/install/hotspot_action/lib/libhotspot_action__rosidl_typesupport_introspection_cpp.so" to ""
-- Installing: /home/harry/ros2_ws/src/High_Vis/actions/install/hotspot_action/lib/libhotspot_action__rosidl_typesupport_cpp.so
-- Set runtime path of "/home/harry/ros2_ws/src/High_Vis/actions/install/hotspot_action/lib/libhotspot_action__rosidl_typesupport_cpp.so" to ""
Listing '/home/harry/ros2_ws/src/High_Vis/actions/install/hotspot_action/local/lib/python3.10/dist-packages/hotspot_action'...
Compiling '/home/harry/ros2_ws/src/High_Vis/actions/install/hotspot_action/local/lib/python3.10/dist-packages/hotspot_action/__init__.py'...
Listing '/home/harry/ros2_ws/src/High_Vis/actions/install/hotspot_action/local/lib/python3.10/dist-packages/hotspot_action/action'...
Compiling '/home/harry/ros2_ws/src/High_Vis/actions/install/hotspot_action/local/lib/python3.10/dist-packages/hotspot_action/action/__init__.py'...
Compiling '/home/harry/ros2_ws/src/High_Vis/actions/install/hotspot_action/local/lib/python3.10/dist-packages/hotspot_action/action/_hotspot.py'...
Compiling '/home/harry/ros2_ws/src/High_Vis/actions/install/hotspot_action/local/lib/python3.10/dist-packages/hotspot_action/action/_nav.py'...
-- Installing: /home/harry/ros2_ws/src/High_Vis/actions/install/hotspot_action/lib/libhotspot_action__rosidl_generator_py.so
-- Set runtime path of "/home/harry/ros2_ws/src/High_Vis/actions/install/hotspot_action/lib/libhotspot_action__rosidl_generator_py.so" to ""
-- Up-to-date: /home/harry/ros2_ws/src/High_Vis/actions/install/hotspot_action/share/hotspot_action/cmake/export_hotspot_action__rosidl_generator_cExport.cmake
-- Up-to-date: /home/harry/ros2_ws/src/High_Vis/actions/install/hotspot_action/share/hotspot_action/cmake/export_hotspot_action__rosidl_generator_cExport-noconfig.cmake
-- Up-to-date: /home/harry/ros2_ws/src/High_Vis/actions/install/hotspot_action/share/hotspot_action/cmake/export_hotspot_action__rosidl_typesupport_fastrtps_cExport.cmake
-- Up-to-date: /home/harry/ros2_ws/src/High_Vis/actions/install/hotspot_action/share/hotspot_action/cmake/export_hotspot_action__rosidl_typesupport_fastrtps_cExport-noconfig.cmake
-- Up-to-date: /home/harry/ros2_ws/src/High_Vis/actions/install/hotspot_action/share/hotspot_action/cmake/hotspot_action__rosidl_typesupport_introspection_cExport.cmake
-- Up-to-date: /home/harry/ros2_ws/src/High_Vis/actions/install/hotspot_action/share/hotspot_action/cmake/hotspot_action__rosidl_typesupport_introspection_cExport-noconfig.cmake
-- Up-to-date: /home/harry/ros2_ws/src/High_Vis/actions/install/hotspot_action/share/hotspot_action/cmake/hotspot_action__rosidl_typesupport_cExport.cmake
-- Up-to-date: /home/harry/ros2_ws/src/High_Vis/actions/install/hotspot_action/share/hotspot_action/cmake/hotspot_action__rosidl_typesupport_cExport-noconfig.cmake
-- Up-to-date: /home/harry/ros2_ws/src/High_Vis/actions/install/hotspot_action/share/hotspot_action/cmake/export_hotspot_action__rosidl_generator_cppExport.cmake
-- Up-to-date: /home/harry/ros2_ws/src/High_Vis/actions/install/hotspot_action/share/hotspot_action/cmake/export_hotspot_action__rosidl_typesupport_fastrtps_cppExport.cmake
-- Up-to-date: /home/harry/ros2_ws/src/High_Vis/actions/install/hotspot_action/share/hotspot_action/cmake/export_hotspot_action__rosidl_typesupport_fastrtps_cppExport-noconfig.cmake
-- Up-to-date: /home/harry/ros2_ws/src/High_Vis/actions/install/hotspot_action/share/hotspot_action/cmake/hotspot_action__rosidl_typesupport_introspection_cppExport.cmake
-- Up-to-date: /home/harry/ros2_ws/src/High_Vis/actions/install/hotspot_action/share/hotspot_action/cmake/hotspot_action__rosidl_typesupport_introspection_cppExport-noconfig.cmake
-- Up-to-date: /home/harry/ros2_ws/src/High_Vis/actions/install/hotspot_action/share/hotspot_action/cmake/hotspot_action__rosidl_typesupport_cppExport.cmake
-- Up-to-date: /home/harry/ros2_ws/src/High_Vis/actions/install/hotspot_action/share/hotspot_action/cmake/hotspot_action__rosidl_typesupport_cppExport-noconfig.cmake
-- Up-to-date: /home/harry/ros2_ws/src/High_Vis/actions/install/hotspot_action/share/hotspot_action/cmake/export_hotspot_action__rosidl_generator_pyExport.cmake
-- Up-to-date: /home/harry/ros2_ws/src/High_Vis/actions/install/hotspot_action/share/hotspot_action/cmake/export_hotspot_action__rosidl_generator_pyExport-noconfig.cmake
