[1.008s] Invoking command in '/home/harry/ros2_ws/src/High_Vis/actions/build/actions_py': PYTHONPATH=/home/harry/ros2_ws/src/High_Vis/actions/build/actions_py/prefix_override:/home/harry/ros2_ws/src/High_Vis/actions/install/actions_py/lib/python3.10/site-packages:${PYTHONPATH} /usr/bin/python3 setup.py develop --editable --build-directory /home/harry/ros2_ws/src/High_Vis/actions/build/actions_py/build --no-deps install_data
[1.288s] running develop
[1.426s] running egg_info
[1.426s] writing actions_py.egg-info/PKG-INFO
[1.427s] writing dependency_links to actions_py.egg-info/dependency_links.txt
[1.427s] writing entry points to actions_py.egg-info/entry_points.txt
[1.427s] writing requirements to actions_py.egg-info/requires.txt
[1.427s] writing top-level names to actions_py.egg-info/top_level.txt
[1.428s] reading manifest file 'actions_py.egg-info/SOURCES.txt'
[1.429s] writing manifest file 'actions_py.egg-info/SOURCES.txt'
[1.431s] running build_ext
[1.431s] Creating /home/harry/ros2_ws/src/High_Vis/actions/install/actions_py/lib/python3.10/site-packages/actions-py.egg-link (link to .)
[1.432s] Installing hotspot_server script to /home/harry/ros2_ws/src/High_Vis/actions/install/actions_py/lib/actions_py
[1.432s] Installing hs_detection_client script to /home/harry/ros2_ws/src/High_Vis/actions/install/actions_py/lib/actions_py
[1.432s] Installing nav_server script to /home/harry/ros2_ws/src/High_Vis/actions/install/actions_py/lib/actions_py
[1.433s] Installing overall_client script to /home/harry/ros2_ws/src/High_Vis/actions/install/actions_py/lib/actions_py
[1.433s] 
[1.433s] Installed /home/harry/ros2_ws/src/High_Vis/actions/build/actions_py
[1.433s] running install_data
[1.467s] Invoked command in '/home/harry/ros2_ws/src/High_Vis/actions/build/actions_py' returned '0': PYTHONPATH=/home/harry/ros2_ws/src/High_Vis/actions/build/actions_py/prefix_override:/home/harry/ros2_ws/src/High_Vis/actions/install/actions_py/lib/python3.10/site-packages:${PYTHONPATH} /usr/bin/python3 setup.py develop --editable --build-directory /home/harry/ros2_ws/src/High_Vis/actions/build/actions_py/build --no-deps install_data
