[0.958s] Invoking command in '/home/harry/High_Vis/Thermal_Images/src/camera_pub/src/cam_topic': PYTHONPATH=/home/harry/High_Vis/Thermal_Images/src/camera_pub/build/cam_topic/prefix_override:/home/harry/High_Vis/Thermal_Images/src/camera_pub/install/cam_topic/lib/python3.10/site-packages:${PYTHONPATH} /usr/bin/python3 setup.py egg_info --egg-base ../../build/cam_topic build --build-base /home/harry/High_Vis/Thermal_Images/src/camera_pub/build/cam_topic/build install --record /home/harry/High_Vis/Thermal_Images/src/camera_pub/build/cam_topic/install.log --single-version-externally-managed
[1.210s] running egg_info
[1.210s] writing ../../build/cam_topic/cam_topic.egg-info/PKG-INFO
[1.211s] writing dependency_links to ../../build/cam_topic/cam_topic.egg-info/dependency_links.txt
[1.211s] writing entry points to ../../build/cam_topic/cam_topic.egg-info/entry_points.txt
[1.211s] writing requirements to ../../build/cam_topic/cam_topic.egg-info/requires.txt
[1.211s] writing top-level names to ../../build/cam_topic/cam_topic.egg-info/top_level.txt
[1.213s] reading manifest file '../../build/cam_topic/cam_topic.egg-info/SOURCES.txt'
[1.214s] writing manifest file '../../build/cam_topic/cam_topic.egg-info/SOURCES.txt'
[1.214s] running build
[1.215s] running build_py
[1.215s] copying cam_topic/camera_topic.py -> /home/harry/High_Vis/Thermal_Images/src/camera_pub/build/cam_topic/build/lib/cam_topic
[1.215s] running install
[1.215s] running install_lib
[1.216s] copying /home/harry/High_Vis/Thermal_Images/src/camera_pub/build/cam_topic/build/lib/cam_topic/camera_topic.py -> /home/harry/High_Vis/Thermal_Images/src/camera_pub/install/cam_topic/lib/python3.10/site-packages/cam_topic
[1.217s] byte-compiling /home/harry/High_Vis/Thermal_Images/src/camera_pub/install/cam_topic/lib/python3.10/site-packages/cam_topic/camera_topic.py to camera_topic.cpython-310.pyc
[1.218s] running install_data
[1.218s] running install_egg_info
[1.221s] removing '/home/harry/High_Vis/Thermal_Images/src/camera_pub/install/cam_topic/lib/python3.10/site-packages/cam_topic-0.0.0-py3.10.egg-info' (and everything under it)
[1.221s] Copying ../../build/cam_topic/cam_topic.egg-info to /home/harry/High_Vis/Thermal_Images/src/camera_pub/install/cam_topic/lib/python3.10/site-packages/cam_topic-0.0.0-py3.10.egg-info
[1.223s] running install_scripts
[1.244s] Installing cm_top script to /home/harry/High_Vis/Thermal_Images/src/camera_pub/install/cam_topic/lib/cam_topic
[1.245s] writing list of installed files to '/home/harry/High_Vis/Thermal_Images/src/camera_pub/build/cam_topic/install.log'
[1.279s] Invoked command in '/home/harry/High_Vis/Thermal_Images/src/camera_pub/src/cam_topic' returned '0': PYTHONPATH=/home/harry/High_Vis/Thermal_Images/src/camera_pub/build/cam_topic/prefix_override:/home/harry/High_Vis/Thermal_Images/src/camera_pub/install/cam_topic/lib/python3.10/site-packages:${PYTHONPATH} /usr/bin/python3 setup.py egg_info --egg-base ../../build/cam_topic build --build-base /home/harry/High_Vis/Thermal_Images/src/camera_pub/build/cam_topic/build install --record /home/harry/High_Vis/Thermal_Images/src/camera_pub/build/cam_topic/install.log --single-version-externally-managed
