[0.413s] Invoking command in '/home/msc-robot/Documents/Team4_ros_ws/src/High_Vis/Thermal_Images/build/image_rotate': CMAKE_PREFIX_PATH=${CMAKE_PREFIX_PATH}:/home/msc-robot/Documents/Team4_ros_ws/src/High_Vis/Thermal_Images/install/Thermal_Image_Save:/home/msc-robot/Documents/Team4_ros_ws/src/High_Vis/post_process/install/pdf_generator:/home/msc-robot/Documents/Team4_ros_ws/src/High_Vis/post_process/install/hotspot_detection:/home/msc-robot/Documents/Team4_ros_ws/src/Thermal/install/camera_calibration:/home/msc-robot/Documents/Team4_ros_ws/src/Thermal/install/Thermal_save:/home/msc-robot/Documents/Team4_ros_ws/install/launch_robotnav:/home/msc-robot/Documents/Team4_ros_ws/install/clearpath_generator_gz:/home/msc-robot/Documents/Team4_ros_ws/install/clearpath_config:/home/msc-robot/Documents/Team4_ros_ws/install/camera_calibration:/home/msc-robot/Documents/Team4_ros_ws/install/Thermal_save:/opt/ros/humble /usr/bin/cmake /home/msc-robot/Documents/Team4_ros_ws/src/High_Vis/Thermal_Images/src/image_pipeline/image_rotate -DCMAKE_INSTALL_PREFIX=/home/msc-robot/Documents/Team4_ros_ws/src/High_Vis/Thermal_Images/install/image_rotate
[0.639s] -- The C compiler identification is GNU 11.4.0
[0.814s] -- The CXX compiler identification is GNU 11.4.0
[0.832s] -- Detecting C compiler ABI info
[1.018s] -- Detecting C compiler ABI info - done
[1.046s] -- Check for working C compiler: /usr/bin/cc - skipped
[1.046s] -- Detecting C compile features
[1.047s] -- Detecting C compile features - done
[1.055s] -- Detecting CXX compiler ABI info
[1.309s] -- Detecting CXX compiler ABI info - done
[1.332s] -- Check for working CXX compiler: /usr/bin/c++ - skipped
[1.333s] -- Detecting CXX compile features
[1.334s] -- Detecting CXX compile features - done
[1.352s] -- Found ament_cmake_auto: 1.3.8 (/opt/ros/humble/share/ament_cmake_auto/cmake)
[1.931s] -- Found Python3: /usr/bin/python3 (found version "3.10.12") found components: Interpreter 
[3.154s] -- Found rosidl_generator_c: 3.1.5 (/opt/ros/humble/share/rosidl_generator_c/cmake)
[3.188s] -- Found rosidl_adapter: 3.1.5 (/opt/ros/humble/share/rosidl_adapter/cmake)
[3.254s] -- Found rosidl_generator_cpp: 3.1.5 (/opt/ros/humble/share/rosidl_generator_cpp/cmake)
[3.322s] -- Using all available rosidl_typesupport_c: rosidl_typesupport_fastrtps_c;rosidl_typesupport_introspection_c
[3.451s] -- Using all available rosidl_typesupport_cpp: rosidl_typesupport_fastrtps_cpp;rosidl_typesupport_introspection_cpp
[5.015s] -- Found rmw_implementation_cmake: 6.1.1 (/opt/ros/humble/share/rmw_implementation_cmake/cmake)
[5.065s] -- Found rmw_fastrtps_cpp: 6.2.6 (/opt/ros/humble/share/rmw_fastrtps_cpp/cmake)
[5.595s] -- Found OpenSSL: /usr/lib/x86_64-linux-gnu/libcrypto.so (found version "3.0.2")  
[5.682s] -- Found FastRTPS: /opt/ros/humble/include  
[5.844s] -- Using RMW implementation 'rmw_fastrtps_cpp' as default
[5.919s] -- Looking for pthread.h
[6.189s] -- Looking for pthread.h - found
[6.189s] -- Performing Test CMAKE_HAVE_LIBC_PTHREAD
[6.421s] -- Performing Test CMAKE_HAVE_LIBC_PTHREAD - Success
[6.424s] -- Found Threads: TRUE  
[8.193s] -- Found eigen3_cmake_module: 0.1.1 (/opt/ros/humble/share/eigen3_cmake_module/cmake)
[8.200s] -- Found Eigen3: TRUE (found version "3.4.0") 
[8.200s] -- Ensuring Eigen3 include directory is part of orocos-kdl CMake target
[9.161s] -- Found OpenCV: /usr (found version "4.5.4") found components: core imgproc 
[9.243s] -- Found ament_lint_auto: 0.12.10 (/opt/ros/humble/share/ament_lint_auto/cmake)
[9.400s] -- Added test 'copyright' to check source files copyright and LICENSE
[9.405s] -- Added test 'cppcheck' to perform static code analysis on C / C++ code
[9.406s] -- Configured cppcheck include dirs: /home/msc-robot/Documents/Team4_ros_ws/src/High_Vis/Thermal_Images/src/image_pipeline/image_rotate/include
[9.406s] -- Configured cppcheck exclude dirs and/or files: 
[9.411s] -- Added test 'cpplint' to check C / C++ code against the Google style
[9.411s] -- Configured cpplint exclude dirs and/or files: 
[9.414s] -- Added test 'flake8' to check Python code syntax and style conventions
[9.418s] -- Added test 'lint_cmake' to check CMake code style
[9.421s] -- Added test 'pep257' to check Python code against some of the docstring style conventions in PEP 257
[9.426s] -- Added test 'uncrustify' to check C / C++ code style
[9.426s] -- Configured uncrustify additional arguments: 
[9.429s] -- Added test 'xmllint' to check XML markup files
[9.441s] -- Configuring done
[9.509s] -- Generating done
[9.514s] -- Build files have been written to: /home/msc-robot/Documents/Team4_ros_ws/src/High_Vis/Thermal_Images/build/image_rotate
[9.560s] Invoked command in '/home/msc-robot/Documents/Team4_ros_ws/src/High_Vis/Thermal_Images/build/image_rotate' returned '0': CMAKE_PREFIX_PATH=${CMAKE_PREFIX_PATH}:/home/msc-robot/Documents/Team4_ros_ws/src/High_Vis/Thermal_Images/install/Thermal_Image_Save:/home/msc-robot/Documents/Team4_ros_ws/src/High_Vis/post_process/install/pdf_generator:/home/msc-robot/Documents/Team4_ros_ws/src/High_Vis/post_process/install/hotspot_detection:/home/msc-robot/Documents/Team4_ros_ws/src/Thermal/install/camera_calibration:/home/msc-robot/Documents/Team4_ros_ws/src/Thermal/install/Thermal_save:/home/msc-robot/Documents/Team4_ros_ws/install/launch_robotnav:/home/msc-robot/Documents/Team4_ros_ws/install/clearpath_generator_gz:/home/msc-robot/Documents/Team4_ros_ws/install/clearpath_config:/home/msc-robot/Documents/Team4_ros_ws/install/camera_calibration:/home/msc-robot/Documents/Team4_ros_ws/install/Thermal_save:/opt/ros/humble /usr/bin/cmake /home/msc-robot/Documents/Team4_ros_ws/src/High_Vis/Thermal_Images/src/image_pipeline/image_rotate -DCMAKE_INSTALL_PREFIX=/home/msc-robot/Documents/Team4_ros_ws/src/High_Vis/Thermal_Images/install/image_rotate
[9.561s] Invoking command in '/home/msc-robot/Documents/Team4_ros_ws/src/High_Vis/Thermal_Images/build/image_rotate': CMAKE_PREFIX_PATH=${CMAKE_PREFIX_PATH}:/home/msc-robot/Documents/Team4_ros_ws/src/High_Vis/Thermal_Images/install/Thermal_Image_Save:/home/msc-robot/Documents/Team4_ros_ws/src/High_Vis/post_process/install/pdf_generator:/home/msc-robot/Documents/Team4_ros_ws/src/High_Vis/post_process/install/hotspot_detection:/home/msc-robot/Documents/Team4_ros_ws/src/Thermal/install/camera_calibration:/home/msc-robot/Documents/Team4_ros_ws/src/Thermal/install/Thermal_save:/home/msc-robot/Documents/Team4_ros_ws/install/launch_robotnav:/home/msc-robot/Documents/Team4_ros_ws/install/clearpath_generator_gz:/home/msc-robot/Documents/Team4_ros_ws/install/clearpath_config:/home/msc-robot/Documents/Team4_ros_ws/install/camera_calibration:/home/msc-robot/Documents/Team4_ros_ws/install/Thermal_save:/opt/ros/humble /usr/bin/cmake --build /home/msc-robot/Documents/Team4_ros_ws/src/High_Vis/Thermal_Images/build/image_rotate -- -j4 -l4
[10.059s] [ 25%] [32mBuilding CXX object CMakeFiles/image_rotate.dir/src/image_rotate_node.cpp.o[0m
[41.663s] [ 50%] [32m[1mLinking CXX shared library libimage_rotate.so[0m
[42.883s] [ 50%] Built target image_rotate
[42.975s] [ 75%] [32mBuilding CXX object CMakeFiles/image_rotate_bin.dir/src/image_rotate.cpp.o[0m
[50.911s] [100%] [32m[1mLinking CXX executable image_rotate[0m
[52.058s] [100%] Built target image_rotate_bin
[52.117s] Invoked command in '/home/msc-robot/Documents/Team4_ros_ws/src/High_Vis/Thermal_Images/build/image_rotate' returned '0': CMAKE_PREFIX_PATH=${CMAKE_PREFIX_PATH}:/home/msc-robot/Documents/Team4_ros_ws/src/High_Vis/Thermal_Images/install/Thermal_Image_Save:/home/msc-robot/Documents/Team4_ros_ws/src/High_Vis/post_process/install/pdf_generator:/home/msc-robot/Documents/Team4_ros_ws/src/High_Vis/post_process/install/hotspot_detection:/home/msc-robot/Documents/Team4_ros_ws/src/Thermal/install/camera_calibration:/home/msc-robot/Documents/Team4_ros_ws/src/Thermal/install/Thermal_save:/home/msc-robot/Documents/Team4_ros_ws/install/launch_robotnav:/home/msc-robot/Documents/Team4_ros_ws/install/clearpath_generator_gz:/home/msc-robot/Documents/Team4_ros_ws/install/clearpath_config:/home/msc-robot/Documents/Team4_ros_ws/install/camera_calibration:/home/msc-robot/Documents/Team4_ros_ws/install/Thermal_save:/opt/ros/humble /usr/bin/cmake --build /home/msc-robot/Documents/Team4_ros_ws/src/High_Vis/Thermal_Images/build/image_rotate -- -j4 -l4
[52.260s] Invoking command in '/home/msc-robot/Documents/Team4_ros_ws/src/High_Vis/Thermal_Images/build/image_rotate': CMAKE_PREFIX_PATH=${CMAKE_PREFIX_PATH}:/home/msc-robot/Documents/Team4_ros_ws/src/High_Vis/Thermal_Images/install/Thermal_Image_Save:/home/msc-robot/Documents/Team4_ros_ws/src/High_Vis/post_process/install/pdf_generator:/home/msc-robot/Documents/Team4_ros_ws/src/High_Vis/post_process/install/hotspot_detection:/home/msc-robot/Documents/Team4_ros_ws/src/Thermal/install/camera_calibration:/home/msc-robot/Documents/Team4_ros_ws/src/Thermal/install/Thermal_save:/home/msc-robot/Documents/Team4_ros_ws/install/launch_robotnav:/home/msc-robot/Documents/Team4_ros_ws/install/clearpath_generator_gz:/home/msc-robot/Documents/Team4_ros_ws/install/clearpath_config:/home/msc-robot/Documents/Team4_ros_ws/install/camera_calibration:/home/msc-robot/Documents/Team4_ros_ws/install/Thermal_save:/opt/ros/humble /usr/bin/cmake --install /home/msc-robot/Documents/Team4_ros_ws/src/High_Vis/Thermal_Images/build/image_rotate
[52.312s] -- Install configuration: ""
[52.312s] -- Installing: /home/msc-robot/Documents/Team4_ros_ws/src/High_Vis/Thermal_Images/install/image_rotate/include
[52.312s] -- Installing: /home/msc-robot/Documents/Team4_ros_ws/src/High_Vis/Thermal_Images/install/image_rotate/include/image_rotate
[52.312s] -- Installing: /home/msc-robot/Documents/Team4_ros_ws/src/High_Vis/Thermal_Images/install/image_rotate/include/image_rotate/image_rotate_node.hpp
[52.312s] -- Installing: /home/msc-robot/Documents/Team4_ros_ws/src/High_Vis/Thermal_Images/install/image_rotate/include/image_rotate/visibility.h
[52.313s] -- Installing: /home/msc-robot/Documents/Team4_ros_ws/src/High_Vis/Thermal_Images/install/image_rotate/share/image_rotate/environment/library_path.sh
[52.313s] -- Installing: /home/msc-robot/Documents/Team4_ros_ws/src/High_Vis/Thermal_Images/install/image_rotate/share/image_rotate/environment/library_path.dsv
[52.314s] -- Installing: /home/msc-robot/Documents/Team4_ros_ws/src/High_Vis/Thermal_Images/install/image_rotate/lib/libimage_rotate.so
[52.319s] -- Set runtime path of "/home/msc-robot/Documents/Team4_ros_ws/src/High_Vis/Thermal_Images/install/image_rotate/lib/libimage_rotate.so" to ""
[52.319s] -- Installing: /home/msc-robot/Documents/Team4_ros_ws/src/High_Vis/Thermal_Images/install/image_rotate/lib/image_rotate/image_rotate
[52.320s] -- Set runtime path of "/home/msc-robot/Documents/Team4_ros_ws/src/High_Vis/Thermal_Images/install/image_rotate/lib/image_rotate/image_rotate" to ""
[52.320s] -- Installing: /home/msc-robot/Documents/Team4_ros_ws/src/High_Vis/Thermal_Images/install/image_rotate/share/image_rotate/launch
[52.323s] -- Installing: /home/msc-robot/Documents/Team4_ros_ws/src/High_Vis/Thermal_Images/install/image_rotate/share/image_rotate/launch/image_rotate.launch.py
[52.323s] -- Installing: /home/msc-robot/Documents/Team4_ros_ws/src/High_Vis/Thermal_Images/install/image_rotate/share/ament_index/resource_index/package_run_dependencies/image_rotate
[52.324s] -- Installing: /home/msc-robot/Documents/Team4_ros_ws/src/High_Vis/Thermal_Images/install/image_rotate/share/ament_index/resource_index/parent_prefix_path/image_rotate
[52.324s] -- Installing: /home/msc-robot/Documents/Team4_ros_ws/src/High_Vis/Thermal_Images/install/image_rotate/share/image_rotate/environment/ament_prefix_path.sh
[52.325s] -- Installing: /home/msc-robot/Documents/Team4_ros_ws/src/High_Vis/Thermal_Images/install/image_rotate/share/image_rotate/environment/ament_prefix_path.dsv
[52.327s] -- Installing: /home/msc-robot/Documents/Team4_ros_ws/src/High_Vis/Thermal_Images/install/image_rotate/share/image_rotate/environment/path.sh
[52.327s] -- Installing: /home/msc-robot/Documents/Team4_ros_ws/src/High_Vis/Thermal_Images/install/image_rotate/share/image_rotate/environment/path.dsv
[52.328s] -- Installing: /home/msc-robot/Documents/Team4_ros_ws/src/High_Vis/Thermal_Images/install/image_rotate/share/image_rotate/local_setup.bash
[52.328s] -- Installing: /home/msc-robot/Documents/Team4_ros_ws/src/High_Vis/Thermal_Images/install/image_rotate/share/image_rotate/local_setup.sh
[52.329s] -- Installing: /home/msc-robot/Documents/Team4_ros_ws/src/High_Vis/Thermal_Images/install/image_rotate/share/image_rotate/local_setup.zsh
[52.329s] -- Installing: /home/msc-robot/Documents/Team4_ros_ws/src/High_Vis/Thermal_Images/install/image_rotate/share/image_rotate/local_setup.dsv
[52.330s] -- Installing: /home/msc-robot/Documents/Team4_ros_ws/src/High_Vis/Thermal_Images/install/image_rotate/share/image_rotate/package.dsv
[52.331s] -- Installing: /home/msc-robot/Documents/Team4_ros_ws/src/High_Vis/Thermal_Images/install/image_rotate/share/ament_index/resource_index/packages/image_rotate
[52.331s] -- Installing: /home/msc-robot/Documents/Team4_ros_ws/src/High_Vis/Thermal_Images/install/image_rotate/share/ament_index/resource_index/rclcpp_components/image_rotate
[52.331s] -- Installing: /home/msc-robot/Documents/Team4_ros_ws/src/High_Vis/Thermal_Images/install/image_rotate/share/image_rotate/cmake/ament_cmake_export_dependencies-extras.cmake
[52.332s] -- Installing: /home/msc-robot/Documents/Team4_ros_ws/src/High_Vis/Thermal_Images/install/image_rotate/share/image_rotate/cmake/ament_cmake_export_include_directories-extras.cmake
[52.332s] -- Installing: /home/msc-robot/Documents/Team4_ros_ws/src/High_Vis/Thermal_Images/install/image_rotate/share/image_rotate/cmake/ament_cmake_export_libraries-extras.cmake
[52.333s] -- Installing: /home/msc-robot/Documents/Team4_ros_ws/src/High_Vis/Thermal_Images/install/image_rotate/share/image_rotate/cmake/image_rotateConfig.cmake
[52.333s] -- Installing: /home/msc-robot/Documents/Team4_ros_ws/src/High_Vis/Thermal_Images/install/image_rotate/share/image_rotate/cmake/image_rotateConfig-version.cmake
[52.334s] -- Installing: /home/msc-robot/Documents/Team4_ros_ws/src/High_Vis/Thermal_Images/install/image_rotate/share/image_rotate/package.xml
[52.338s] Invoked command in '/home/msc-robot/Documents/Team4_ros_ws/src/High_Vis/Thermal_Images/build/image_rotate' returned '0': CMAKE_PREFIX_PATH=${CMAKE_PREFIX_PATH}:/home/msc-robot/Documents/Team4_ros_ws/src/High_Vis/Thermal_Images/install/Thermal_Image_Save:/home/msc-robot/Documents/Team4_ros_ws/src/High_Vis/post_process/install/pdf_generator:/home/msc-robot/Documents/Team4_ros_ws/src/High_Vis/post_process/install/hotspot_detection:/home/msc-robot/Documents/Team4_ros_ws/src/Thermal/install/camera_calibration:/home/msc-robot/Documents/Team4_ros_ws/src/Thermal/install/Thermal_save:/home/msc-robot/Documents/Team4_ros_ws/install/launch_robotnav:/home/msc-robot/Documents/Team4_ros_ws/install/clearpath_generator_gz:/home/msc-robot/Documents/Team4_ros_ws/install/clearpath_config:/home/msc-robot/Documents/Team4_ros_ws/install/camera_calibration:/home/msc-robot/Documents/Team4_ros_ws/install/Thermal_save:/opt/ros/humble /usr/bin/cmake --install /home/msc-robot/Documents/Team4_ros_ws/src/High_Vis/Thermal_Images/build/image_rotate
