running egg_info
creating ../../build/pdf_generator/pdf_generator.egg-info
writing ../../build/pdf_generator/pdf_generator.egg-info/PKG-INFO
writing dependency_links to ../../build/pdf_generator/pdf_generator.egg-info/dependency_links.txt
writing entry points to ../../build/pdf_generator/pdf_generator.egg-info/entry_points.txt
writing requirements to ../../build/pdf_generator/pdf_generator.egg-info/requires.txt
writing top-level names to ../../build/pdf_generator/pdf_generator.egg-info/top_level.txt
writing manifest file '../../build/pdf_generator/pdf_generator.egg-info/SOURCES.txt'
reading manifest file '../../build/pdf_generator/pdf_generator.egg-info/SOURCES.txt'
writing manifest file '../../build/pdf_generator/pdf_generator.egg-info/SOURCES.txt'
running build
running build_py
creating /home/msc-robot/Documents/Team4_ros_ws/src/High_Vis/post_process/build/pdf_generator/build
creating /home/msc-robot/Documents/Team4_ros_ws/src/High_Vis/post_process/build/pdf_generator/build/lib
creating /home/msc-robot/Documents/Team4_ros_ws/src/High_Vis/post_process/build/pdf_generator/build/lib/pdf_generator
copying pdf_generator/pdf_gen_node.py -> /home/msc-robot/Documents/Team4_ros_ws/src/High_Vis/post_process/build/pdf_generator/build/lib/pdf_generator
copying pdf_generator/__init__.py -> /home/msc-robot/Documents/Team4_ros_ws/src/High_Vis/post_process/build/pdf_generator/build/lib/pdf_generator
running install
running install_lib
creating /home/msc-robot/Documents/Team4_ros_ws/src/High_Vis/post_process/install/pdf_generator/lib/python3.10/site-packages/pdf_generator
copying /home/msc-robot/Documents/Team4_ros_ws/src/High_Vis/post_process/build/pdf_generator/build/lib/pdf_generator/pdf_gen_node.py -> /home/msc-robot/Documents/Team4_ros_ws/src/High_Vis/post_process/install/pdf_generator/lib/python3.10/site-packages/pdf_generator
copying /home/msc-robot/Documents/Team4_ros_ws/src/High_Vis/post_process/build/pdf_generator/build/lib/pdf_generator/__init__.py -> /home/msc-robot/Documents/Team4_ros_ws/src/High_Vis/post_process/install/pdf_generator/lib/python3.10/site-packages/pdf_generator
byte-compiling /home/msc-robot/Documents/Team4_ros_ws/src/High_Vis/post_process/install/pdf_generator/lib/python3.10/site-packages/pdf_generator/pdf_gen_node.py to pdf_gen_node.cpython-310.pyc
byte-compiling /home/msc-robot/Documents/Team4_ros_ws/src/High_Vis/post_process/install/pdf_generator/lib/python3.10/site-packages/pdf_generator/__init__.py to __init__.cpython-310.pyc
running install_data
creating /home/msc-robot/Documents/Team4_ros_ws/src/High_Vis/post_process/install/pdf_generator/share/ament_index
creating /home/msc-robot/Documents/Team4_ros_ws/src/High_Vis/post_process/install/pdf_generator/share/ament_index/resource_index
creating /home/msc-robot/Documents/Team4_ros_ws/src/High_Vis/post_process/install/pdf_generator/share/ament_index/resource_index/packages
copying resource/pdf_generator -> /home/msc-robot/Documents/Team4_ros_ws/src/High_Vis/post_process/install/pdf_generator/share/ament_index/resource_index/packages
copying package.xml -> /home/msc-robot/Documents/Team4_ros_ws/src/High_Vis/post_process/install/pdf_generator/share/pdf_generator
running install_egg_info
Copying ../../build/pdf_generator/pdf_generator.egg-info to /home/msc-robot/Documents/Team4_ros_ws/src/High_Vis/post_process/install/pdf_generator/lib/python3.10/site-packages/pdf_generator-0.0.0-py3.10.egg-info
running install_scripts
Installing pg_node script to /home/msc-robot/Documents/Team4_ros_ws/src/High_Vis/post_process/install/pdf_generator/lib/pdf_generator
writing list of installed files to '/home/msc-robot/Documents/Team4_ros_ws/src/High_Vis/post_process/build/pdf_generator/install.log'
