[2.072s] Invoking command in '/home/harry/ros2_ws/src/High_Vis/actions/build/actions_py': PYTHONPATH=/home/harry/ros2_ws/src/High_Vis/actions/build/actions_py/prefix_override:/home/harry/ros2_ws/src/High_Vis/actions/install/actions_py/lib/python3.10/site-packages:${PYTHONPATH} /usr/bin/python3 setup.py develop --editable --build-directory /home/harry/ros2_ws/src/High_Vis/actions/build/actions_py/build --no-deps install_data
[2.542s] running develop
[2.722s] running egg_info
[2.723s] writing actions_py.egg-info/PKG-INFO
[2.723s] writing dependency_links to actions_py.egg-info/dependency_links.txt
[2.723s] writing entry points to actions_py.egg-info/entry_points.txt
[2.724s] writing requirements to actions_py.egg-info/requires.txt
[2.724s] writing top-level names to actions_py.egg-info/top_level.txt
[2.728s] reading manifest file 'actions_py.egg-info/SOURCES.txt'
[2.729s] writing manifest file 'actions_py.egg-info/SOURCES.txt'
[2.731s] running build_ext
[2.731s] Creating /home/harry/ros2_ws/src/High_Vis/actions/install/actions_py/lib/python3.10/site-packages/actions-py.egg-link (link to .)
[2.733s] Installing hotspot_server script to /home/harry/ros2_ws/src/High_Vis/actions/install/actions_py/lib/actions_py
[2.733s] Installing monitoring_client script to /home/harry/ros2_ws/src/High_Vis/actions/install/actions_py/lib/actions_py
[2.733s] Installing nav_server script to /home/harry/ros2_ws/src/High_Vis/actions/install/actions_py/lib/actions_py
[2.734s] Installing pt_server script to /home/harry/ros2_ws/src/High_Vis/actions/install/actions_py/lib/actions_py
[2.734s] 
[2.735s] Installed /home/harry/ros2_ws/src/High_Vis/actions/build/actions_py
[2.735s] running install_data
[2.780s] Invoked command in '/home/harry/ros2_ws/src/High_Vis/actions/build/actions_py' returned '0': PYTHONPATH=/home/harry/ros2_ws/src/High_Vis/actions/build/actions_py/prefix_override:/home/harry/ros2_ws/src/High_Vis/actions/install/actions_py/lib/python3.10/site-packages:${PYTHONPATH} /usr/bin/python3 setup.py develop --editable --build-directory /home/harry/ros2_ws/src/High_Vis/actions/build/actions_py/build --no-deps install_data
