[0.172s] DEBUG:colcon:Command line arguments: ['/usr/bin/colcon', 'build', '--symlink-install']
[0.172s] DEBUG:colcon:Parsed command line arguments: Namespace(log_base=None, log_level=None, verb_name='build', build_base='build', install_base='install', merge_install=False, symlink_install=True, test_result_base=None, continue_on_error=False, executor='parallel', parallel_workers=4, event_handlers=None, ignore_user_meta=False, metas=['./colcon.meta'], base_paths=['.'], packages_ignore=None, packages_ignore_regex=None, paths=None, packages_up_to=None, packages_up_to_regex=None, packages_above=None, packages_above_and_dependencies=None, packages_above_depth=None, packages_select_by_dep=None, packages_skip_by_dep=None, packages_skip_up_to=None, packages_select_build_failed=False, packages_skip_build_finished=False, packages_select_test_failures=False, packages_skip_test_passed=False, packages_select=None, packages_skip=None, packages_select_regex=None, packages_skip_regex=None, packages_start=None, packages_end=None, allow_overriding=[], cmake_args=None, cmake_target=None, cmake_target_skip_unavailable=False, cmake_clean_cache=False, cmake_clean_first=False, cmake_force_configure=False, ament_cmake_args=None, catkin_cmake_args=None, catkin_skip_building_tests=False, verb_parser=<colcon_defaults.argument_parser.defaults.DefaultArgumentsDecorator object at 0x712b72e34e50>, verb_extension=<colcon_core.verb.build.BuildVerb object at 0x712b72e34940>, main=<bound method BuildVerb.main of <colcon_core.verb.build.BuildVerb object at 0x712b72e34940>>)
[0.234s] Level 1:colcon.colcon_core.package_discovery:discover_packages(colcon_meta) check parameters
[0.234s] Level 1:colcon.colcon_core.package_discovery:discover_packages(recursive) check parameters
[0.234s] Level 1:colcon.colcon_core.package_discovery:discover_packages(ignore) check parameters
[0.234s] Level 1:colcon.colcon_core.package_discovery:discover_packages(path) check parameters
[0.234s] Level 1:colcon.colcon_core.package_discovery:discover_packages(colcon_meta) discover
[0.234s] Level 1:colcon.colcon_core.package_discovery:discover_packages(recursive) discover
[0.234s] INFO:colcon.colcon_core.package_discovery:Crawling recursively for packages in '/home/msc-robot/Documents/Team4_ros_ws/src/High_Vis/hs_rep'
[0.234s] Level 1:colcon.colcon_core.package_identification:_identify(.) by extensions ['ignore', 'ignore_ament_install']
[0.234s] Level 1:colcon.colcon_core.package_identification:_identify(.) by extension 'ignore'
[0.234s] Level 1:colcon.colcon_core.package_identification:_identify(.) by extension 'ignore_ament_install'
[0.235s] Level 1:colcon.colcon_core.package_identification:_identify(.) by extensions ['colcon_pkg']
[0.235s] Level 1:colcon.colcon_core.package_identification:_identify(.) by extension 'colcon_pkg'
[0.235s] Level 1:colcon.colcon_core.package_identification:_identify(.) by extensions ['colcon_meta']
[0.235s] Level 1:colcon.colcon_core.package_identification:_identify(.) by extension 'colcon_meta'
[0.235s] Level 1:colcon.colcon_core.package_identification:_identify(.) by extensions ['ros']
[0.235s] Level 1:colcon.colcon_core.package_identification:_identify(.) by extension 'ros'
[0.257s] Level 1:colcon.colcon_core.package_identification:_identify(.) by extensions ['cmake', 'python']
[0.257s] Level 1:colcon.colcon_core.package_identification:_identify(.) by extension 'cmake'
[0.257s] Level 1:colcon.colcon_core.package_identification:_identify(.) by extension 'python'
[0.258s] Level 1:colcon.colcon_core.package_identification:_identify(.) by extensions ['python_setup_py']
[0.258s] Level 1:colcon.colcon_core.package_identification:_identify(.) by extension 'python_setup_py'
[0.258s] Level 1:colcon.colcon_core.package_identification:_identify(build) by extensions ['ignore', 'ignore_ament_install']
[0.258s] Level 1:colcon.colcon_core.package_identification:_identify(build) by extension 'ignore'
[0.258s] Level 1:colcon.colcon_core.package_identification:_identify(build) ignored
[0.258s] Level 1:colcon.colcon_core.package_identification:_identify(hotspot photos) by extensions ['ignore', 'ignore_ament_install']
[0.259s] Level 1:colcon.colcon_core.package_identification:_identify(hotspot photos) by extension 'ignore'
[0.259s] Level 1:colcon.colcon_core.package_identification:_identify(hotspot photos) by extension 'ignore_ament_install'
[0.259s] Level 1:colcon.colcon_core.package_identification:_identify(hotspot photos) by extensions ['colcon_pkg']
[0.259s] Level 1:colcon.colcon_core.package_identification:_identify(hotspot photos) by extension 'colcon_pkg'
[0.259s] Level 1:colcon.colcon_core.package_identification:_identify(hotspot photos) by extensions ['colcon_meta']
[0.259s] Level 1:colcon.colcon_core.package_identification:_identify(hotspot photos) by extension 'colcon_meta'
[0.259s] Level 1:colcon.colcon_core.package_identification:_identify(hotspot photos) by extensions ['ros']
[0.259s] Level 1:colcon.colcon_core.package_identification:_identify(hotspot photos) by extension 'ros'
[0.260s] Level 1:colcon.colcon_core.package_identification:_identify(hotspot photos) by extensions ['cmake', 'python']
[0.260s] Level 1:colcon.colcon_core.package_identification:_identify(hotspot photos) by extension 'cmake'
[0.260s] Level 1:colcon.colcon_core.package_identification:_identify(hotspot photos) by extension 'python'
[0.260s] Level 1:colcon.colcon_core.package_identification:_identify(hotspot photos) by extensions ['python_setup_py']
[0.260s] Level 1:colcon.colcon_core.package_identification:_identify(hotspot photos) by extension 'python_setup_py'
[0.261s] Level 1:colcon.colcon_core.package_identification:_identify(install) by extensions ['ignore', 'ignore_ament_install']
[0.261s] Level 1:colcon.colcon_core.package_identification:_identify(install) by extension 'ignore'
[0.261s] Level 1:colcon.colcon_core.package_identification:_identify(install) ignored
[0.261s] Level 1:colcon.colcon_core.package_identification:_identify(log) by extensions ['ignore', 'ignore_ament_install']
[0.262s] Level 1:colcon.colcon_core.package_identification:_identify(log) by extension 'ignore'
[0.262s] Level 1:colcon.colcon_core.package_identification:_identify(log) ignored
[0.262s] Level 1:colcon.colcon_core.package_identification:_identify(mp_1) by extensions ['ignore', 'ignore_ament_install']
[0.262s] Level 1:colcon.colcon_core.package_identification:_identify(mp_1) by extension 'ignore'
[0.262s] Level 1:colcon.colcon_core.package_identification:_identify(mp_1) by extension 'ignore_ament_install'
[0.263s] Level 1:colcon.colcon_core.package_identification:_identify(mp_1) by extensions ['colcon_pkg']
[0.263s] Level 1:colcon.colcon_core.package_identification:_identify(mp_1) by extension 'colcon_pkg'
[0.263s] Level 1:colcon.colcon_core.package_identification:_identify(mp_1) by extensions ['colcon_meta']
[0.263s] Level 1:colcon.colcon_core.package_identification:_identify(mp_1) by extension 'colcon_meta'
[0.263s] Level 1:colcon.colcon_core.package_identification:_identify(mp_1) by extensions ['ros']
[0.263s] Level 1:colcon.colcon_core.package_identification:_identify(mp_1) by extension 'ros'
[0.263s] Level 1:colcon.colcon_core.package_identification:_identify(mp_1) by extensions ['cmake', 'python']
[0.263s] Level 1:colcon.colcon_core.package_identification:_identify(mp_1) by extension 'cmake'
[0.263s] Level 1:colcon.colcon_core.package_identification:_identify(mp_1) by extension 'python'
[0.263s] Level 1:colcon.colcon_core.package_identification:_identify(mp_1) by extensions ['python_setup_py']
[0.263s] Level 1:colcon.colcon_core.package_identification:_identify(mp_1) by extension 'python_setup_py'
[0.264s] Level 1:colcon.colcon_core.package_identification:_identify(mp_1/acoustic) by extensions ['ignore', 'ignore_ament_install']
[0.264s] Level 1:colcon.colcon_core.package_identification:_identify(mp_1/acoustic) by extension 'ignore'
[0.264s] Level 1:colcon.colcon_core.package_identification:_identify(mp_1/acoustic) by extension 'ignore_ament_install'
[0.264s] Level 1:colcon.colcon_core.package_identification:_identify(mp_1/acoustic) by extensions ['colcon_pkg']
[0.264s] Level 1:colcon.colcon_core.package_identification:_identify(mp_1/acoustic) by extension 'colcon_pkg'
[0.264s] Level 1:colcon.colcon_core.package_identification:_identify(mp_1/acoustic) by extensions ['colcon_meta']
[0.264s] Level 1:colcon.colcon_core.package_identification:_identify(mp_1/acoustic) by extension 'colcon_meta'
[0.264s] Level 1:colcon.colcon_core.package_identification:_identify(mp_1/acoustic) by extensions ['ros']
[0.264s] Level 1:colcon.colcon_core.package_identification:_identify(mp_1/acoustic) by extension 'ros'
[0.264s] Level 1:colcon.colcon_core.package_identification:_identify(mp_1/acoustic) by extensions ['cmake', 'python']
[0.264s] Level 1:colcon.colcon_core.package_identification:_identify(mp_1/acoustic) by extension 'cmake'
[0.264s] Level 1:colcon.colcon_core.package_identification:_identify(mp_1/acoustic) by extension 'python'
[0.265s] Level 1:colcon.colcon_core.package_identification:_identify(mp_1/acoustic) by extensions ['python_setup_py']
[0.265s] Level 1:colcon.colcon_core.package_identification:_identify(mp_1/acoustic) by extension 'python_setup_py'
[0.265s] Level 1:colcon.colcon_core.package_identification:_identify(mp_1/thermal) by extensions ['ignore', 'ignore_ament_install']
[0.265s] Level 1:colcon.colcon_core.package_identification:_identify(mp_1/thermal) by extension 'ignore'
[0.265s] Level 1:colcon.colcon_core.package_identification:_identify(mp_1/thermal) by extension 'ignore_ament_install'
[0.265s] Level 1:colcon.colcon_core.package_identification:_identify(mp_1/thermal) by extensions ['colcon_pkg']
[0.265s] Level 1:colcon.colcon_core.package_identification:_identify(mp_1/thermal) by extension 'colcon_pkg'
[0.265s] Level 1:colcon.colcon_core.package_identification:_identify(mp_1/thermal) by extensions ['colcon_meta']
[0.265s] Level 1:colcon.colcon_core.package_identification:_identify(mp_1/thermal) by extension 'colcon_meta'
[0.265s] Level 1:colcon.colcon_core.package_identification:_identify(mp_1/thermal) by extensions ['ros']
[0.265s] Level 1:colcon.colcon_core.package_identification:_identify(mp_1/thermal) by extension 'ros'
[0.266s] Level 1:colcon.colcon_core.package_identification:_identify(mp_1/thermal) by extensions ['cmake', 'python']
[0.266s] Level 1:colcon.colcon_core.package_identification:_identify(mp_1/thermal) by extension 'cmake'
[0.266s] Level 1:colcon.colcon_core.package_identification:_identify(mp_1/thermal) by extension 'python'
[0.266s] Level 1:colcon.colcon_core.package_identification:_identify(mp_1/thermal) by extensions ['python_setup_py']
[0.266s] Level 1:colcon.colcon_core.package_identification:_identify(mp_1/thermal) by extension 'python_setup_py'
[0.267s] Level 1:colcon.colcon_core.package_identification:_identify(mp_2) by extensions ['ignore', 'ignore_ament_install']
[0.267s] Level 1:colcon.colcon_core.package_identification:_identify(mp_2) by extension 'ignore'
[0.267s] Level 1:colcon.colcon_core.package_identification:_identify(mp_2) by extension 'ignore_ament_install'
[0.267s] Level 1:colcon.colcon_core.package_identification:_identify(mp_2) by extensions ['colcon_pkg']
[0.267s] Level 1:colcon.colcon_core.package_identification:_identify(mp_2) by extension 'colcon_pkg'
[0.267s] Level 1:colcon.colcon_core.package_identification:_identify(mp_2) by extensions ['colcon_meta']
[0.267s] Level 1:colcon.colcon_core.package_identification:_identify(mp_2) by extension 'colcon_meta'
[0.267s] Level 1:colcon.colcon_core.package_identification:_identify(mp_2) by extensions ['ros']
[0.267s] Level 1:colcon.colcon_core.package_identification:_identify(mp_2) by extension 'ros'
[0.267s] Level 1:colcon.colcon_core.package_identification:_identify(mp_2) by extensions ['cmake', 'python']
[0.267s] Level 1:colcon.colcon_core.package_identification:_identify(mp_2) by extension 'cmake'
[0.267s] Level 1:colcon.colcon_core.package_identification:_identify(mp_2) by extension 'python'
[0.267s] Level 1:colcon.colcon_core.package_identification:_identify(mp_2) by extensions ['python_setup_py']
[0.267s] Level 1:colcon.colcon_core.package_identification:_identify(mp_2) by extension 'python_setup_py'
[0.268s] Level 1:colcon.colcon_core.package_identification:_identify(mp_3) by extensions ['ignore', 'ignore_ament_install']
[0.268s] Level 1:colcon.colcon_core.package_identification:_identify(mp_3) by extension 'ignore'
[0.268s] Level 1:colcon.colcon_core.package_identification:_identify(mp_3) by extension 'ignore_ament_install'
[0.268s] Level 1:colcon.colcon_core.package_identification:_identify(mp_3) by extensions ['colcon_pkg']
[0.268s] Level 1:colcon.colcon_core.package_identification:_identify(mp_3) by extension 'colcon_pkg'
[0.268s] Level 1:colcon.colcon_core.package_identification:_identify(mp_3) by extensions ['colcon_meta']
[0.268s] Level 1:colcon.colcon_core.package_identification:_identify(mp_3) by extension 'colcon_meta'
[0.268s] Level 1:colcon.colcon_core.package_identification:_identify(mp_3) by extensions ['ros']
[0.269s] Level 1:colcon.colcon_core.package_identification:_identify(mp_3) by extension 'ros'
[0.269s] Level 1:colcon.colcon_core.package_identification:_identify(mp_3) by extensions ['cmake', 'python']
[0.269s] Level 1:colcon.colcon_core.package_identification:_identify(mp_3) by extension 'cmake'
[0.269s] Level 1:colcon.colcon_core.package_identification:_identify(mp_3) by extension 'python'
[0.269s] Level 1:colcon.colcon_core.package_identification:_identify(mp_3) by extensions ['python_setup_py']
[0.269s] Level 1:colcon.colcon_core.package_identification:_identify(mp_3) by extension 'python_setup_py'
[0.269s] Level 1:colcon.colcon_core.package_identification:_identify(src) by extensions ['ignore', 'ignore_ament_install']
[0.269s] Level 1:colcon.colcon_core.package_identification:_identify(src) by extension 'ignore'
[0.269s] Level 1:colcon.colcon_core.package_identification:_identify(src) by extension 'ignore_ament_install'
[0.269s] Level 1:colcon.colcon_core.package_identification:_identify(src) by extensions ['colcon_pkg']
[0.270s] Level 1:colcon.colcon_core.package_identification:_identify(src) by extension 'colcon_pkg'
[0.270s] Level 1:colcon.colcon_core.package_identification:_identify(src) by extensions ['colcon_meta']
[0.270s] Level 1:colcon.colcon_core.package_identification:_identify(src) by extension 'colcon_meta'
[0.270s] Level 1:colcon.colcon_core.package_identification:_identify(src) by extensions ['ros']
[0.270s] Level 1:colcon.colcon_core.package_identification:_identify(src) by extension 'ros'
[0.270s] Level 1:colcon.colcon_core.package_identification:_identify(src) by extensions ['cmake', 'python']
[0.270s] Level 1:colcon.colcon_core.package_identification:_identify(src) by extension 'cmake'
[0.270s] Level 1:colcon.colcon_core.package_identification:_identify(src) by extension 'python'
[0.270s] Level 1:colcon.colcon_core.package_identification:_identify(src) by extensions ['python_setup_py']
[0.270s] Level 1:colcon.colcon_core.package_identification:_identify(src) by extension 'python_setup_py'
[0.272s] Level 1:colcon.colcon_core.package_identification:_identify(src/cam_topic) by extensions ['ignore', 'ignore_ament_install']
[0.272s] Level 1:colcon.colcon_core.package_identification:_identify(src/cam_topic) by extension 'ignore'
[0.272s] Level 1:colcon.colcon_core.package_identification:_identify(src/cam_topic) by extension 'ignore_ament_install'
[0.272s] Level 1:colcon.colcon_core.package_identification:_identify(src/cam_topic) by extensions ['colcon_pkg']
[0.272s] Level 1:colcon.colcon_core.package_identification:_identify(src/cam_topic) by extension 'colcon_pkg'
[0.272s] Level 1:colcon.colcon_core.package_identification:_identify(src/cam_topic) by extensions ['colcon_meta']
[0.272s] Level 1:colcon.colcon_core.package_identification:_identify(src/cam_topic) by extension 'colcon_meta'
[0.273s] Level 1:colcon.colcon_core.package_identification:_identify(src/cam_topic) by extensions ['ros']
[0.273s] Level 1:colcon.colcon_core.package_identification:_identify(src/cam_topic) by extension 'ros'
[0.285s] DEBUG:colcon.colcon_core.package_identification:Package 'src/cam_topic' with type 'ros.ament_python' and name 'cam_topic'
[0.285s] Level 1:colcon.colcon_core.package_identification:_identify(src/hotspot_detection) by extensions ['ignore', 'ignore_ament_install']
[0.285s] Level 1:colcon.colcon_core.package_identification:_identify(src/hotspot_detection) by extension 'ignore'
[0.285s] Level 1:colcon.colcon_core.package_identification:_identify(src/hotspot_detection) by extension 'ignore_ament_install'
[0.285s] Level 1:colcon.colcon_core.package_identification:_identify(src/hotspot_detection) by extensions ['colcon_pkg']
[0.285s] Level 1:colcon.colcon_core.package_identification:_identify(src/hotspot_detection) by extension 'colcon_pkg'
[0.285s] Level 1:colcon.colcon_core.package_identification:_identify(src/hotspot_detection) by extensions ['colcon_meta']
[0.285s] Level 1:colcon.colcon_core.package_identification:_identify(src/hotspot_detection) by extension 'colcon_meta'
[0.285s] Level 1:colcon.colcon_core.package_identification:_identify(src/hotspot_detection) by extensions ['ros']
[0.285s] Level 1:colcon.colcon_core.package_identification:_identify(src/hotspot_detection) by extension 'ros'
[0.286s] DEBUG:colcon.colcon_core.package_identification:Package 'src/hotspot_detection' with type 'ros.ament_python' and name 'hotspot_detection'
[0.287s] Level 1:colcon.colcon_core.package_identification:_identify(src/pdf_generator) by extensions ['ignore', 'ignore_ament_install']
[0.287s] Level 1:colcon.colcon_core.package_identification:_identify(src/pdf_generator) by extension 'ignore'
[0.287s] Level 1:colcon.colcon_core.package_identification:_identify(src/pdf_generator) by extension 'ignore_ament_install'
[0.287s] Level 1:colcon.colcon_core.package_identification:_identify(src/pdf_generator) by extensions ['colcon_pkg']
[0.287s] Level 1:colcon.colcon_core.package_identification:_identify(src/pdf_generator) by extension 'colcon_pkg'
[0.287s] Level 1:colcon.colcon_core.package_identification:_identify(src/pdf_generator) by extensions ['colcon_meta']
[0.287s] Level 1:colcon.colcon_core.package_identification:_identify(src/pdf_generator) by extension 'colcon_meta'
[0.287s] Level 1:colcon.colcon_core.package_identification:_identify(src/pdf_generator) by extensions ['ros']
[0.287s] Level 1:colcon.colcon_core.package_identification:_identify(src/pdf_generator) by extension 'ros'
[0.288s] DEBUG:colcon.colcon_core.package_identification:Package 'src/pdf_generator' with type 'ros.ament_python' and name 'pdf_generator'
[0.288s] Level 1:colcon.colcon_core.package_discovery:discover_packages(recursive) using defaults
[0.288s] Level 1:colcon.colcon_core.package_discovery:discover_packages(ignore) discover
[0.288s] Level 1:colcon.colcon_core.package_discovery:discover_packages(ignore) using defaults
[0.288s] Level 1:colcon.colcon_core.package_discovery:discover_packages(path) discover
[0.288s] Level 1:colcon.colcon_core.package_discovery:discover_packages(path) using defaults
[0.322s] Level 1:colcon.colcon_core.package_discovery:discover_packages(prefix_path) check parameters
[0.322s] Level 1:colcon.colcon_core.package_discovery:discover_packages(prefix_path) discover
[0.326s] DEBUG:colcon.colcon_installed_package_information.package_discovery:Found 373 installed packages in /opt/ros/humble
[0.330s] Level 1:colcon.colcon_core.package_discovery:discover_packages(prefix_path) using defaults
[0.419s] Level 5:colcon.colcon_core.verb:set package 'cam_topic' build argument 'cmake_args' from command line to 'None'
[0.419s] Level 5:colcon.colcon_core.verb:set package 'cam_topic' build argument 'cmake_target' from command line to 'None'
[0.419s] Level 5:colcon.colcon_core.verb:set package 'cam_topic' build argument 'cmake_target_skip_unavailable' from command line to 'False'
[0.419s] Level 5:colcon.colcon_core.verb:set package 'cam_topic' build argument 'cmake_clean_cache' from command line to 'False'
[0.419s] Level 5:colcon.colcon_core.verb:set package 'cam_topic' build argument 'cmake_clean_first' from command line to 'False'
[0.419s] Level 5:colcon.colcon_core.verb:set package 'cam_topic' build argument 'cmake_force_configure' from command line to 'False'
[0.419s] Level 5:colcon.colcon_core.verb:set package 'cam_topic' build argument 'ament_cmake_args' from command line to 'None'
[0.419s] Level 5:colcon.colcon_core.verb:set package 'cam_topic' build argument 'catkin_cmake_args' from command line to 'None'
[0.419s] Level 5:colcon.colcon_core.verb:set package 'cam_topic' build argument 'catkin_skip_building_tests' from command line to 'False'
[0.419s] DEBUG:colcon.colcon_core.verb:Building package 'cam_topic' with the following arguments: {'ament_cmake_args': None, 'build_base': '/home/msc-robot/Documents/Team4_ros_ws/src/High_Vis/hs_rep/build/cam_topic', 'catkin_cmake_args': None, 'catkin_skip_building_tests': False, 'cmake_args': None, 'cmake_clean_cache': False, 'cmake_clean_first': False, 'cmake_force_configure': False, 'cmake_target': None, 'cmake_target_skip_unavailable': False, 'install_base': '/home/msc-robot/Documents/Team4_ros_ws/src/High_Vis/hs_rep/install/cam_topic', 'merge_install': False, 'path': '/home/msc-robot/Documents/Team4_ros_ws/src/High_Vis/hs_rep/src/cam_topic', 'symlink_install': True, 'test_result_base': None}
[0.419s] Level 5:colcon.colcon_core.verb:set package 'hotspot_detection' build argument 'cmake_args' from command line to 'None'
[0.420s] Level 5:colcon.colcon_core.verb:set package 'hotspot_detection' build argument 'cmake_target' from command line to 'None'
[0.420s] Level 5:colcon.colcon_core.verb:set package 'hotspot_detection' build argument 'cmake_target_skip_unavailable' from command line to 'False'
[0.420s] Level 5:colcon.colcon_core.verb:set package 'hotspot_detection' build argument 'cmake_clean_cache' from command line to 'False'
[0.420s] Level 5:colcon.colcon_core.verb:set package 'hotspot_detection' build argument 'cmake_clean_first' from command line to 'False'
[0.420s] Level 5:colcon.colcon_core.verb:set package 'hotspot_detection' build argument 'cmake_force_configure' from command line to 'False'
[0.420s] Level 5:colcon.colcon_core.verb:set package 'hotspot_detection' build argument 'ament_cmake_args' from command line to 'None'
[0.420s] Level 5:colcon.colcon_core.verb:set package 'hotspot_detection' build argument 'catkin_cmake_args' from command line to 'None'
[0.420s] Level 5:colcon.colcon_core.verb:set package 'hotspot_detection' build argument 'catkin_skip_building_tests' from command line to 'False'
[0.420s] DEBUG:colcon.colcon_core.verb:Building package 'hotspot_detection' with the following arguments: {'ament_cmake_args': None, 'build_base': '/home/msc-robot/Documents/Team4_ros_ws/src/High_Vis/hs_rep/build/hotspot_detection', 'catkin_cmake_args': None, 'catkin_skip_building_tests': False, 'cmake_args': None, 'cmake_clean_cache': False, 'cmake_clean_first': False, 'cmake_force_configure': False, 'cmake_target': None, 'cmake_target_skip_unavailable': False, 'install_base': '/home/msc-robot/Documents/Team4_ros_ws/src/High_Vis/hs_rep/install/hotspot_detection', 'merge_install': False, 'path': '/home/msc-robot/Documents/Team4_ros_ws/src/High_Vis/hs_rep/src/hotspot_detection', 'symlink_install': True, 'test_result_base': None}
[0.420s] Level 5:colcon.colcon_core.verb:set package 'pdf_generator' build argument 'cmake_args' from command line to 'None'
[0.420s] Level 5:colcon.colcon_core.verb:set package 'pdf_generator' build argument 'cmake_target' from command line to 'None'
[0.420s] Level 5:colcon.colcon_core.verb:set package 'pdf_generator' build argument 'cmake_target_skip_unavailable' from command line to 'False'
[0.421s] Level 5:colcon.colcon_core.verb:set package 'pdf_generator' build argument 'cmake_clean_cache' from command line to 'False'
[0.421s] Level 5:colcon.colcon_core.verb:set package 'pdf_generator' build argument 'cmake_clean_first' from command line to 'False'
[0.421s] Level 5:colcon.colcon_core.verb:set package 'pdf_generator' build argument 'cmake_force_configure' from command line to 'False'
[0.421s] Level 5:colcon.colcon_core.verb:set package 'pdf_generator' build argument 'ament_cmake_args' from command line to 'None'
[0.421s] Level 5:colcon.colcon_core.verb:set package 'pdf_generator' build argument 'catkin_cmake_args' from command line to 'None'
[0.421s] Level 5:colcon.colcon_core.verb:set package 'pdf_generator' build argument 'catkin_skip_building_tests' from command line to 'False'
[0.421s] DEBUG:colcon.colcon_core.verb:Building package 'pdf_generator' with the following arguments: {'ament_cmake_args': None, 'build_base': '/home/msc-robot/Documents/Team4_ros_ws/src/High_Vis/hs_rep/build/pdf_generator', 'catkin_cmake_args': None, 'catkin_skip_building_tests': False, 'cmake_args': None, 'cmake_clean_cache': False, 'cmake_clean_first': False, 'cmake_force_configure': False, 'cmake_target': None, 'cmake_target_skip_unavailable': False, 'install_base': '/home/msc-robot/Documents/Team4_ros_ws/src/High_Vis/hs_rep/install/pdf_generator', 'merge_install': False, 'path': '/home/msc-robot/Documents/Team4_ros_ws/src/High_Vis/hs_rep/src/pdf_generator', 'symlink_install': True, 'test_result_base': None}
[0.421s] INFO:colcon.colcon_core.executor:Executing jobs using 'parallel' executor
[0.423s] DEBUG:colcon.colcon_parallel_executor.executor.parallel:run_until_complete
[0.423s] INFO:colcon.colcon_ros.task.ament_python.build:Building ROS package in '/home/msc-robot/Documents/Team4_ros_ws/src/High_Vis/hs_rep/src/cam_topic' with build type 'ament_python'
[0.423s] Level 1:colcon.colcon_core.shell:create_environment_hook('cam_topic', 'ament_prefix_path')
[0.426s] INFO:colcon.colcon_core.plugin_system:Skipping extension 'colcon_core.shell.bat': Not used on non-Windows systems
[0.426s] INFO:colcon.colcon_core.shell:Creating environment hook '/home/msc-robot/Documents/Team4_ros_ws/src/High_Vis/hs_rep/install/cam_topic/share/cam_topic/hook/ament_prefix_path.ps1'
[0.427s] INFO:colcon.colcon_core.shell:Creating environment descriptor '/home/msc-robot/Documents/Team4_ros_ws/src/High_Vis/hs_rep/install/cam_topic/share/cam_topic/hook/ament_prefix_path.dsv'
[0.428s] INFO:colcon.colcon_core.shell:Creating environment hook '/home/msc-robot/Documents/Team4_ros_ws/src/High_Vis/hs_rep/install/cam_topic/share/cam_topic/hook/ament_prefix_path.sh'
[0.429s] INFO:colcon.colcon_core.shell:Skip shell extension 'powershell' for command environment: Not usable outside of PowerShell
[0.429s] DEBUG:colcon.colcon_core.shell:Skip shell extension 'dsv' for command environment
[0.434s] INFO:colcon.colcon_ros.task.ament_python.build:Building ROS package in '/home/msc-robot/Documents/Team4_ros_ws/src/High_Vis/hs_rep/src/hotspot_detection' with build type 'ament_python'
[0.434s] Level 1:colcon.colcon_core.shell:create_environment_hook('hotspot_detection', 'ament_prefix_path')
[0.435s] INFO:colcon.colcon_core.shell:Creating environment hook '/home/msc-robot/Documents/Team4_ros_ws/src/High_Vis/hs_rep/install/hotspot_detection/share/hotspot_detection/hook/ament_prefix_path.ps1'
[0.435s] INFO:colcon.colcon_core.shell:Creating environment descriptor '/home/msc-robot/Documents/Team4_ros_ws/src/High_Vis/hs_rep/install/hotspot_detection/share/hotspot_detection/hook/ament_prefix_path.dsv'
[0.436s] INFO:colcon.colcon_core.shell:Creating environment hook '/home/msc-robot/Documents/Team4_ros_ws/src/High_Vis/hs_rep/install/hotspot_detection/share/hotspot_detection/hook/ament_prefix_path.sh'
[0.437s] INFO:colcon.colcon_core.shell:Skip shell extension 'powershell' for command environment: Not usable outside of PowerShell
[0.437s] DEBUG:colcon.colcon_core.shell:Skip shell extension 'dsv' for command environment
[0.441s] INFO:colcon.colcon_ros.task.ament_python.build:Building ROS package in '/home/msc-robot/Documents/Team4_ros_ws/src/High_Vis/hs_rep/src/pdf_generator' with build type 'ament_python'
[0.442s] Level 1:colcon.colcon_core.shell:create_environment_hook('pdf_generator', 'ament_prefix_path')
[0.442s] INFO:colcon.colcon_core.shell:Creating environment hook '/home/msc-robot/Documents/Team4_ros_ws/src/High_Vis/hs_rep/install/pdf_generator/share/pdf_generator/hook/ament_prefix_path.ps1'
[0.443s] INFO:colcon.colcon_core.shell:Creating environment descriptor '/home/msc-robot/Documents/Team4_ros_ws/src/High_Vis/hs_rep/install/pdf_generator/share/pdf_generator/hook/ament_prefix_path.dsv'
[0.443s] INFO:colcon.colcon_core.shell:Creating environment hook '/home/msc-robot/Documents/Team4_ros_ws/src/High_Vis/hs_rep/install/pdf_generator/share/pdf_generator/hook/ament_prefix_path.sh'
[0.444s] INFO:colcon.colcon_core.shell:Skip shell extension 'powershell' for command environment: Not usable outside of PowerShell
[0.445s] DEBUG:colcon.colcon_core.shell:Skip shell extension 'dsv' for command environment
[0.798s] INFO:colcon.colcon_core.task.python.build:Building Python package in '/home/msc-robot/Documents/Team4_ros_ws/src/High_Vis/hs_rep/src/cam_topic'
[0.798s] INFO:colcon.colcon_core.shell:Skip shell extension 'powershell' for command environment: Not usable outside of PowerShell
[0.798s] DEBUG:colcon.colcon_core.shell:Skip shell extension 'dsv' for command environment
[1.122s] INFO:colcon.colcon_core.task.python.build:Building Python package in '/home/msc-robot/Documents/Team4_ros_ws/src/High_Vis/hs_rep/src/hotspot_detection'
[1.122s] INFO:colcon.colcon_core.shell:Skip shell extension 'powershell' for command environment: Not usable outside of PowerShell
[1.122s] DEBUG:colcon.colcon_core.shell:Skip shell extension 'dsv' for command environment
[1.500s] INFO:colcon.colcon_core.task.python.build:Building Python package in '/home/msc-robot/Documents/Team4_ros_ws/src/High_Vis/hs_rep/src/pdf_generator'
[1.501s] INFO:colcon.colcon_core.shell:Skip shell extension 'powershell' for command environment: Not usable outside of PowerShell
[1.501s] DEBUG:colcon.colcon_core.shell:Skip shell extension 'dsv' for command environment
[2.726s] DEBUG:colcon.colcon_core.event_handler.log_command:Invoking command in '/home/msc-robot/Documents/Team4_ros_ws/src/High_Vis/hs_rep/build/cam_topic': PYTHONPATH=/home/msc-robot/Documents/Team4_ros_ws/src/High_Vis/hs_rep/build/cam_topic/prefix_override:/home/msc-robot/Documents/Team4_ros_ws/src/High_Vis/hs_rep/install/cam_topic/lib/python3.10/site-packages:${PYTHONPATH} /usr/bin/python3 -W ignore:setup.py install is deprecated setup.py develop --editable --build-directory /home/msc-robot/Documents/Team4_ros_ws/src/High_Vis/hs_rep/build/cam_topic/build --no-deps symlink_data
[2.738s] DEBUG:colcon.colcon_core.event_handler.log_command:Invoking command in '/home/msc-robot/Documents/Team4_ros_ws/src/High_Vis/hs_rep/build/hotspot_detection': PYTHONPATH=/home/msc-robot/Documents/Team4_ros_ws/src/High_Vis/hs_rep/build/hotspot_detection/prefix_override:/home/msc-robot/Documents/Team4_ros_ws/src/High_Vis/hs_rep/install/hotspot_detection/lib/python3.10/site-packages:${PYTHONPATH} /usr/bin/python3 -W ignore:setup.py install is deprecated setup.py develop --editable --build-directory /home/msc-robot/Documents/Team4_ros_ws/src/High_Vis/hs_rep/build/hotspot_detection/build --no-deps symlink_data
[2.893s] DEBUG:colcon.colcon_core.event_handler.log_command:Invoking command in '/home/msc-robot/Documents/Team4_ros_ws/src/High_Vis/hs_rep/build/pdf_generator': PYTHONPATH=/home/msc-robot/Documents/Team4_ros_ws/src/High_Vis/hs_rep/build/pdf_generator/prefix_override:/home/msc-robot/Documents/Team4_ros_ws/src/High_Vis/hs_rep/install/pdf_generator/lib/python3.10/site-packages:${PYTHONPATH} /usr/bin/python3 -W ignore:setup.py install is deprecated setup.py develop --editable --build-directory /home/msc-robot/Documents/Team4_ros_ws/src/High_Vis/hs_rep/build/pdf_generator/build --no-deps symlink_data
[4.051s] Level 1:colcon.colcon_core.shell:create_environment_hook('hotspot_detection', 'pythonpath_develop')
[4.052s] INFO:colcon.colcon_core.shell:Creating environment hook '/home/msc-robot/Documents/Team4_ros_ws/src/High_Vis/hs_rep/build/hotspot_detection/share/hotspot_detection/hook/pythonpath_develop.ps1'
[4.053s] DEBUG:colcon.colcon_core.event_handler.log_command:Invoked command in '/home/msc-robot/Documents/Team4_ros_ws/src/High_Vis/hs_rep/build/hotspot_detection' returned '0': PYTHONPATH=/home/msc-robot/Documents/Team4_ros_ws/src/High_Vis/hs_rep/build/hotspot_detection/prefix_override:/home/msc-robot/Documents/Team4_ros_ws/src/High_Vis/hs_rep/install/hotspot_detection/lib/python3.10/site-packages:${PYTHONPATH} /usr/bin/python3 -W ignore:setup.py install is deprecated setup.py develop --editable --build-directory /home/msc-robot/Documents/Team4_ros_ws/src/High_Vis/hs_rep/build/hotspot_detection/build --no-deps symlink_data
[4.054s] INFO:colcon.colcon_core.shell:Creating environment descriptor '/home/msc-robot/Documents/Team4_ros_ws/src/High_Vis/hs_rep/build/hotspot_detection/share/hotspot_detection/hook/pythonpath_develop.dsv'
[4.054s] INFO:colcon.colcon_core.shell:Creating environment hook '/home/msc-robot/Documents/Team4_ros_ws/src/High_Vis/hs_rep/build/hotspot_detection/share/hotspot_detection/hook/pythonpath_develop.sh'
[4.061s] Level 1:colcon.colcon_core.environment:checking '/home/msc-robot/Documents/Team4_ros_ws/src/High_Vis/hs_rep/install/hotspot_detection' for CMake module files
[4.062s] Level 1:colcon.colcon_core.environment:checking '/home/msc-robot/Documents/Team4_ros_ws/src/High_Vis/hs_rep/install/hotspot_detection' for CMake config files
[4.064s] Level 1:colcon.colcon_core.environment:checking '/home/msc-robot/Documents/Team4_ros_ws/src/High_Vis/hs_rep/install/hotspot_detection/lib'
[4.064s] Level 1:colcon.colcon_core.environment:checking '/home/msc-robot/Documents/Team4_ros_ws/src/High_Vis/hs_rep/install/hotspot_detection/bin'
[4.064s] Level 1:colcon.colcon_core.environment:checking '/home/msc-robot/Documents/Team4_ros_ws/src/High_Vis/hs_rep/install/hotspot_detection/lib/pkgconfig/hotspot_detection.pc'
[4.066s] Level 1:colcon.colcon_core.environment:checking '/home/msc-robot/Documents/Team4_ros_ws/src/High_Vis/hs_rep/install/hotspot_detection/lib/python3.10/site-packages'
[4.066s] Level 1:colcon.colcon_core.shell:create_environment_hook('hotspot_detection', 'pythonpath')
[4.067s] INFO:colcon.colcon_core.shell:Creating environment hook '/home/msc-robot/Documents/Team4_ros_ws/src/High_Vis/hs_rep/install/hotspot_detection/share/hotspot_detection/hook/pythonpath.ps1'
[4.068s] INFO:colcon.colcon_core.shell:Creating environment descriptor '/home/msc-robot/Documents/Team4_ros_ws/src/High_Vis/hs_rep/install/hotspot_detection/share/hotspot_detection/hook/pythonpath.dsv'
[4.068s] INFO:colcon.colcon_core.shell:Creating environment hook '/home/msc-robot/Documents/Team4_ros_ws/src/High_Vis/hs_rep/install/hotspot_detection/share/hotspot_detection/hook/pythonpath.sh'
[4.069s] Level 1:colcon.colcon_core.environment:checking '/home/msc-robot/Documents/Team4_ros_ws/src/High_Vis/hs_rep/install/hotspot_detection/bin'
[4.069s] Level 1:colcon.colcon_core.environment:create_environment_scripts_only(hotspot_detection)
[4.070s] INFO:colcon.colcon_core.shell:Creating package script '/home/msc-robot/Documents/Team4_ros_ws/src/High_Vis/hs_rep/install/hotspot_detection/share/hotspot_detection/package.ps1'
[4.072s] INFO:colcon.colcon_core.shell:Creating package descriptor '/home/msc-robot/Documents/Team4_ros_ws/src/High_Vis/hs_rep/install/hotspot_detection/share/hotspot_detection/package.dsv'
[4.075s] INFO:colcon.colcon_core.shell:Creating package script '/home/msc-robot/Documents/Team4_ros_ws/src/High_Vis/hs_rep/install/hotspot_detection/share/hotspot_detection/package.sh'
[4.077s] INFO:colcon.colcon_core.shell:Creating package script '/home/msc-robot/Documents/Team4_ros_ws/src/High_Vis/hs_rep/install/hotspot_detection/share/hotspot_detection/package.bash'
[4.079s] INFO:colcon.colcon_core.shell:Creating package script '/home/msc-robot/Documents/Team4_ros_ws/src/High_Vis/hs_rep/install/hotspot_detection/share/hotspot_detection/package.zsh'
[4.081s] Level 1:colcon.colcon_core.environment:create_file_with_runtime_dependencies(/home/msc-robot/Documents/Team4_ros_ws/src/High_Vis/hs_rep/install/hotspot_detection/share/colcon-core/packages/hotspot_detection)
[4.192s] Level 1:colcon.colcon_core.shell:create_environment_hook('cam_topic', 'pythonpath_develop')
[4.193s] INFO:colcon.colcon_core.shell:Creating environment hook '/home/msc-robot/Documents/Team4_ros_ws/src/High_Vis/hs_rep/build/cam_topic/share/cam_topic/hook/pythonpath_develop.ps1'
[4.193s] DEBUG:colcon.colcon_core.event_handler.log_command:Invoked command in '/home/msc-robot/Documents/Team4_ros_ws/src/High_Vis/hs_rep/build/cam_topic' returned '0': PYTHONPATH=/home/msc-robot/Documents/Team4_ros_ws/src/High_Vis/hs_rep/build/cam_topic/prefix_override:/home/msc-robot/Documents/Team4_ros_ws/src/High_Vis/hs_rep/install/cam_topic/lib/python3.10/site-packages:${PYTHONPATH} /usr/bin/python3 -W ignore:setup.py install is deprecated setup.py develop --editable --build-directory /home/msc-robot/Documents/Team4_ros_ws/src/High_Vis/hs_rep/build/cam_topic/build --no-deps symlink_data
[4.195s] INFO:colcon.colcon_core.shell:Creating environment descriptor '/home/msc-robot/Documents/Team4_ros_ws/src/High_Vis/hs_rep/build/cam_topic/share/cam_topic/hook/pythonpath_develop.dsv'
[4.195s] INFO:colcon.colcon_core.shell:Creating environment hook '/home/msc-robot/Documents/Team4_ros_ws/src/High_Vis/hs_rep/build/cam_topic/share/cam_topic/hook/pythonpath_develop.sh'
[4.196s] Level 1:colcon.colcon_core.environment:checking '/home/msc-robot/Documents/Team4_ros_ws/src/High_Vis/hs_rep/install/cam_topic' for CMake module files
[4.197s] Level 1:colcon.colcon_core.environment:checking '/home/msc-robot/Documents/Team4_ros_ws/src/High_Vis/hs_rep/install/cam_topic' for CMake config files
[4.197s] Level 1:colcon.colcon_core.environment:checking '/home/msc-robot/Documents/Team4_ros_ws/src/High_Vis/hs_rep/install/cam_topic/lib'
[4.197s] Level 1:colcon.colcon_core.environment:checking '/home/msc-robot/Documents/Team4_ros_ws/src/High_Vis/hs_rep/install/cam_topic/bin'
[4.198s] Level 1:colcon.colcon_core.environment:checking '/home/msc-robot/Documents/Team4_ros_ws/src/High_Vis/hs_rep/install/cam_topic/lib/pkgconfig/cam_topic.pc'
[4.198s] Level 1:colcon.colcon_core.environment:checking '/home/msc-robot/Documents/Team4_ros_ws/src/High_Vis/hs_rep/install/cam_topic/lib/python3.10/site-packages'
[4.198s] Level 1:colcon.colcon_core.shell:create_environment_hook('cam_topic', 'pythonpath')
[4.198s] INFO:colcon.colcon_core.shell:Creating environment hook '/home/msc-robot/Documents/Team4_ros_ws/src/High_Vis/hs_rep/install/cam_topic/share/cam_topic/hook/pythonpath.ps1'
[4.199s] INFO:colcon.colcon_core.shell:Creating environment descriptor '/home/msc-robot/Documents/Team4_ros_ws/src/High_Vis/hs_rep/install/cam_topic/share/cam_topic/hook/pythonpath.dsv'
[4.199s] INFO:colcon.colcon_core.shell:Creating environment hook '/home/msc-robot/Documents/Team4_ros_ws/src/High_Vis/hs_rep/install/cam_topic/share/cam_topic/hook/pythonpath.sh'
[4.200s] Level 1:colcon.colcon_core.environment:checking '/home/msc-robot/Documents/Team4_ros_ws/src/High_Vis/hs_rep/install/cam_topic/bin'
[4.200s] Level 1:colcon.colcon_core.environment:create_environment_scripts_only(cam_topic)
[4.201s] INFO:colcon.colcon_core.shell:Creating package script '/home/msc-robot/Documents/Team4_ros_ws/src/High_Vis/hs_rep/install/cam_topic/share/cam_topic/package.ps1'
[4.201s] INFO:colcon.colcon_core.shell:Creating package descriptor '/home/msc-robot/Documents/Team4_ros_ws/src/High_Vis/hs_rep/install/cam_topic/share/cam_topic/package.dsv'
[4.202s] INFO:colcon.colcon_core.shell:Creating package script '/home/msc-robot/Documents/Team4_ros_ws/src/High_Vis/hs_rep/install/cam_topic/share/cam_topic/package.sh'
[4.202s] INFO:colcon.colcon_core.shell:Creating package script '/home/msc-robot/Documents/Team4_ros_ws/src/High_Vis/hs_rep/install/cam_topic/share/cam_topic/package.bash'
[4.203s] INFO:colcon.colcon_core.shell:Creating package script '/home/msc-robot/Documents/Team4_ros_ws/src/High_Vis/hs_rep/install/cam_topic/share/cam_topic/package.zsh'
[4.203s] Level 1:colcon.colcon_core.environment:create_file_with_runtime_dependencies(/home/msc-robot/Documents/Team4_ros_ws/src/High_Vis/hs_rep/install/cam_topic/share/colcon-core/packages/cam_topic)
[4.413s] Level 1:colcon.colcon_core.shell:create_environment_hook('pdf_generator', 'pythonpath_develop')
[4.413s] INFO:colcon.colcon_core.shell:Creating environment hook '/home/msc-robot/Documents/Team4_ros_ws/src/High_Vis/hs_rep/build/pdf_generator/share/pdf_generator/hook/pythonpath_develop.ps1'
[4.414s] DEBUG:colcon.colcon_core.event_handler.log_command:Invoked command in '/home/msc-robot/Documents/Team4_ros_ws/src/High_Vis/hs_rep/build/pdf_generator' returned '0': PYTHONPATH=/home/msc-robot/Documents/Team4_ros_ws/src/High_Vis/hs_rep/build/pdf_generator/prefix_override:/home/msc-robot/Documents/Team4_ros_ws/src/High_Vis/hs_rep/install/pdf_generator/lib/python3.10/site-packages:${PYTHONPATH} /usr/bin/python3 -W ignore:setup.py install is deprecated setup.py develop --editable --build-directory /home/msc-robot/Documents/Team4_ros_ws/src/High_Vis/hs_rep/build/pdf_generator/build --no-deps symlink_data
[4.415s] INFO:colcon.colcon_core.shell:Creating environment descriptor '/home/msc-robot/Documents/Team4_ros_ws/src/High_Vis/hs_rep/build/pdf_generator/share/pdf_generator/hook/pythonpath_develop.dsv'
[4.415s] INFO:colcon.colcon_core.shell:Creating environment hook '/home/msc-robot/Documents/Team4_ros_ws/src/High_Vis/hs_rep/build/pdf_generator/share/pdf_generator/hook/pythonpath_develop.sh'
[4.416s] Level 1:colcon.colcon_core.environment:checking '/home/msc-robot/Documents/Team4_ros_ws/src/High_Vis/hs_rep/install/pdf_generator' for CMake module files
[4.417s] Level 1:colcon.colcon_core.environment:checking '/home/msc-robot/Documents/Team4_ros_ws/src/High_Vis/hs_rep/install/pdf_generator' for CMake config files
[4.418s] Level 1:colcon.colcon_core.environment:checking '/home/msc-robot/Documents/Team4_ros_ws/src/High_Vis/hs_rep/install/pdf_generator/lib'
[4.418s] Level 1:colcon.colcon_core.environment:checking '/home/msc-robot/Documents/Team4_ros_ws/src/High_Vis/hs_rep/install/pdf_generator/bin'
[4.418s] Level 1:colcon.colcon_core.environment:checking '/home/msc-robot/Documents/Team4_ros_ws/src/High_Vis/hs_rep/install/pdf_generator/lib/pkgconfig/pdf_generator.pc'
[4.419s] Level 1:colcon.colcon_core.environment:checking '/home/msc-robot/Documents/Team4_ros_ws/src/High_Vis/hs_rep/install/pdf_generator/lib/python3.10/site-packages'
[4.419s] Level 1:colcon.colcon_core.shell:create_environment_hook('pdf_generator', 'pythonpath')
[4.419s] INFO:colcon.colcon_core.shell:Creating environment hook '/home/msc-robot/Documents/Team4_ros_ws/src/High_Vis/hs_rep/install/pdf_generator/share/pdf_generator/hook/pythonpath.ps1'
[4.420s] INFO:colcon.colcon_core.shell:Creating environment descriptor '/home/msc-robot/Documents/Team4_ros_ws/src/High_Vis/hs_rep/install/pdf_generator/share/pdf_generator/hook/pythonpath.dsv'
[4.420s] INFO:colcon.colcon_core.shell:Creating environment hook '/home/msc-robot/Documents/Team4_ros_ws/src/High_Vis/hs_rep/install/pdf_generator/share/pdf_generator/hook/pythonpath.sh'
[4.421s] Level 1:colcon.colcon_core.environment:checking '/home/msc-robot/Documents/Team4_ros_ws/src/High_Vis/hs_rep/install/pdf_generator/bin'
[4.421s] Level 1:colcon.colcon_core.environment:create_environment_scripts_only(pdf_generator)
[4.421s] INFO:colcon.colcon_core.shell:Creating package script '/home/msc-robot/Documents/Team4_ros_ws/src/High_Vis/hs_rep/install/pdf_generator/share/pdf_generator/package.ps1'
[4.422s] INFO:colcon.colcon_core.shell:Creating package descriptor '/home/msc-robot/Documents/Team4_ros_ws/src/High_Vis/hs_rep/install/pdf_generator/share/pdf_generator/package.dsv'
[4.422s] INFO:colcon.colcon_core.shell:Creating package script '/home/msc-robot/Documents/Team4_ros_ws/src/High_Vis/hs_rep/install/pdf_generator/share/pdf_generator/package.sh'
[4.423s] INFO:colcon.colcon_core.shell:Creating package script '/home/msc-robot/Documents/Team4_ros_ws/src/High_Vis/hs_rep/install/pdf_generator/share/pdf_generator/package.bash'
[4.423s] INFO:colcon.colcon_core.shell:Creating package script '/home/msc-robot/Documents/Team4_ros_ws/src/High_Vis/hs_rep/install/pdf_generator/share/pdf_generator/package.zsh'
[4.423s] Level 1:colcon.colcon_core.environment:create_file_with_runtime_dependencies(/home/msc-robot/Documents/Team4_ros_ws/src/High_Vis/hs_rep/install/pdf_generator/share/colcon-core/packages/pdf_generator)
[4.424s] DEBUG:colcon.colcon_parallel_executor.executor.parallel:closing loop
[4.424s] DEBUG:colcon.colcon_parallel_executor.executor.parallel:loop closed
[4.425s] DEBUG:colcon.colcon_parallel_executor.executor.parallel:run_until_complete finished with '0'
[4.425s] DEBUG:colcon.colcon_core.event_reactor:joining thread
[4.437s] INFO:colcon.colcon_core.plugin_system:Skipping extension 'colcon_notification.desktop_notification.terminal_notifier': Not used on non-Darwin systems
[4.438s] INFO:colcon.colcon_core.plugin_system:Skipping extension 'colcon_notification.desktop_notification.win32': Not used on non-Windows systems
[4.438s] INFO:colcon.colcon_notification.desktop_notification:Sending desktop notification using 'notify2'
[4.463s] DEBUG:colcon.colcon_core.event_reactor:joined thread
[4.463s] INFO:colcon.colcon_core.shell:Creating prefix script '/home/msc-robot/Documents/Team4_ros_ws/src/High_Vis/hs_rep/install/local_setup.ps1'
[4.464s] INFO:colcon.colcon_core.shell:Creating prefix util module '/home/msc-robot/Documents/Team4_ros_ws/src/High_Vis/hs_rep/install/_local_setup_util_ps1.py'
[4.466s] INFO:colcon.colcon_core.shell:Creating prefix chain script '/home/msc-robot/Documents/Team4_ros_ws/src/High_Vis/hs_rep/install/setup.ps1'
[4.468s] INFO:colcon.colcon_core.shell:Creating prefix script '/home/msc-robot/Documents/Team4_ros_ws/src/High_Vis/hs_rep/install/local_setup.sh'
[4.469s] INFO:colcon.colcon_core.shell:Creating prefix util module '/home/msc-robot/Documents/Team4_ros_ws/src/High_Vis/hs_rep/install/_local_setup_util_sh.py'
[4.470s] INFO:colcon.colcon_core.shell:Creating prefix chain script '/home/msc-robot/Documents/Team4_ros_ws/src/High_Vis/hs_rep/install/setup.sh'
[4.471s] INFO:colcon.colcon_core.shell:Creating prefix script '/home/msc-robot/Documents/Team4_ros_ws/src/High_Vis/hs_rep/install/local_setup.bash'
[4.472s] INFO:colcon.colcon_core.shell:Creating prefix chain script '/home/msc-robot/Documents/Team4_ros_ws/src/High_Vis/hs_rep/install/setup.bash'
[4.473s] INFO:colcon.colcon_core.shell:Creating prefix script '/home/msc-robot/Documents/Team4_ros_ws/src/High_Vis/hs_rep/install/local_setup.zsh'
[4.474s] INFO:colcon.colcon_core.shell:Creating prefix chain script '/home/msc-robot/Documents/Team4_ros_ws/src/High_Vis/hs_rep/install/setup.zsh'
