[1.875s] DEBUG:colcon:Command line arguments: ['/usr/bin/colcon', 'build', '--symlink-install']
[1.875s] DEBUG:colcon:Parsed command line arguments: Namespace(log_base=None, log_level=None, verb_name='build', build_base='build', install_base='install', merge_install=False, symlink_install=True, test_result_base=None, continue_on_error=False, executor='parallel', parallel_workers=8, event_handlers=None, ignore_user_meta=False, metas=['./colcon.meta'], base_paths=['.'], packages_ignore=None, packages_ignore_regex=None, paths=None, packages_up_to=None, packages_up_to_regex=None, packages_above=None, packages_above_and_dependencies=None, packages_above_depth=None, packages_select_by_dep=None, packages_skip_by_dep=None, packages_skip_up_to=None, packages_select_build_failed=False, packages_skip_build_finished=False, packages_select_test_failures=False, packages_skip_test_passed=False, packages_select=None, packages_skip=None, packages_select_regex=None, packages_skip_regex=None, packages_start=None, packages_end=None, allow_overriding=[], cmake_args=None, cmake_target=None, cmake_target_skip_unavailable=False, cmake_clean_cache=False, cmake_clean_first=False, cmake_force_configure=False, ament_cmake_args=None, catkin_cmake_args=None, catkin_skip_building_tests=False, verb_parser=<colcon_defaults.argument_parser.defaults.DefaultArgumentsDecorator object at 0x7f677e406530>, verb_extension=<colcon_core.verb.build.BuildVerb object at 0x7f677e6eceb0>, main=<bound method BuildVerb.main of <colcon_core.verb.build.BuildVerb object at 0x7f677e6eceb0>>)
[1.987s] Level 1:colcon.colcon_core.package_discovery:discover_packages(colcon_meta) check parameters
[1.987s] Level 1:colcon.colcon_core.package_discovery:discover_packages(recursive) check parameters
[1.987s] Level 1:colcon.colcon_core.package_discovery:discover_packages(ignore) check parameters
[1.987s] Level 1:colcon.colcon_core.package_discovery:discover_packages(path) check parameters
[1.987s] Level 1:colcon.colcon_core.package_discovery:discover_packages(colcon_meta) discover
[1.987s] Level 1:colcon.colcon_core.package_discovery:discover_packages(recursive) discover
[1.987s] INFO:colcon.colcon_core.package_discovery:Crawling recursively for packages in '/home/harry/ros2_ws/src/High_Vis/actions'
[1.987s] Level 1:colcon.colcon_core.package_identification:_identify(.) by extensions ['ignore', 'ignore_ament_install']
[1.988s] Level 1:colcon.colcon_core.package_identification:_identify(.) by extension 'ignore'
[1.988s] Level 1:colcon.colcon_core.package_identification:_identify(.) by extension 'ignore_ament_install'
[1.988s] Level 1:colcon.colcon_core.package_identification:_identify(.) by extensions ['colcon_pkg']
[1.988s] Level 1:colcon.colcon_core.package_identification:_identify(.) by extension 'colcon_pkg'
[1.988s] Level 1:colcon.colcon_core.package_identification:_identify(.) by extensions ['colcon_meta']
[1.988s] Level 1:colcon.colcon_core.package_identification:_identify(.) by extension 'colcon_meta'
[1.988s] Level 1:colcon.colcon_core.package_identification:_identify(.) by extensions ['ros']
[1.988s] Level 1:colcon.colcon_core.package_identification:_identify(.) by extension 'ros'
[2.010s] Level 1:colcon.colcon_core.package_identification:_identify(.) by extensions ['cmake', 'python']
[2.010s] Level 1:colcon.colcon_core.package_identification:_identify(.) by extension 'cmake'
[2.010s] Level 1:colcon.colcon_core.package_identification:_identify(.) by extension 'python'
[2.010s] Level 1:colcon.colcon_core.package_identification:_identify(.) by extensions ['python_setup_py']
[2.010s] Level 1:colcon.colcon_core.package_identification:_identify(.) by extension 'python_setup_py'
[2.010s] Level 1:colcon.colcon_core.package_identification:_identify(build) by extensions ['ignore', 'ignore_ament_install']
[2.011s] Level 1:colcon.colcon_core.package_identification:_identify(build) by extension 'ignore'
[2.011s] Level 1:colcon.colcon_core.package_identification:_identify(build) ignored
[2.011s] Level 1:colcon.colcon_core.package_identification:_identify(install) by extensions ['ignore', 'ignore_ament_install']
[2.011s] Level 1:colcon.colcon_core.package_identification:_identify(install) by extension 'ignore'
[2.011s] Level 1:colcon.colcon_core.package_identification:_identify(install) ignored
[2.011s] Level 1:colcon.colcon_core.package_identification:_identify(log) by extensions ['ignore', 'ignore_ament_install']
[2.011s] Level 1:colcon.colcon_core.package_identification:_identify(log) by extension 'ignore'
[2.012s] Level 1:colcon.colcon_core.package_identification:_identify(log) ignored
[2.012s] Level 1:colcon.colcon_core.package_identification:_identify(src) by extensions ['ignore', 'ignore_ament_install']
[2.012s] Level 1:colcon.colcon_core.package_identification:_identify(src) by extension 'ignore'
[2.012s] Level 1:colcon.colcon_core.package_identification:_identify(src) by extension 'ignore_ament_install'
[2.012s] Level 1:colcon.colcon_core.package_identification:_identify(src) by extensions ['colcon_pkg']
[2.012s] Level 1:colcon.colcon_core.package_identification:_identify(src) by extension 'colcon_pkg'
[2.012s] Level 1:colcon.colcon_core.package_identification:_identify(src) by extensions ['colcon_meta']
[2.012s] Level 1:colcon.colcon_core.package_identification:_identify(src) by extension 'colcon_meta'
[2.012s] Level 1:colcon.colcon_core.package_identification:_identify(src) by extensions ['ros']
[2.012s] Level 1:colcon.colcon_core.package_identification:_identify(src) by extension 'ros'
[2.012s] Level 1:colcon.colcon_core.package_identification:_identify(src) by extensions ['cmake', 'python']
[2.012s] Level 1:colcon.colcon_core.package_identification:_identify(src) by extension 'cmake'
[2.013s] Level 1:colcon.colcon_core.package_identification:_identify(src) by extension 'python'
[2.013s] Level 1:colcon.colcon_core.package_identification:_identify(src) by extensions ['python_setup_py']
[2.013s] Level 1:colcon.colcon_core.package_identification:_identify(src) by extension 'python_setup_py'
[2.013s] Level 1:colcon.colcon_core.package_identification:_identify(src/actions_py) by extensions ['ignore', 'ignore_ament_install']
[2.013s] Level 1:colcon.colcon_core.package_identification:_identify(src/actions_py) by extension 'ignore'
[2.013s] Level 1:colcon.colcon_core.package_identification:_identify(src/actions_py) by extension 'ignore_ament_install'
[2.013s] Level 1:colcon.colcon_core.package_identification:_identify(src/actions_py) by extensions ['colcon_pkg']
[2.013s] Level 1:colcon.colcon_core.package_identification:_identify(src/actions_py) by extension 'colcon_pkg'
[2.013s] Level 1:colcon.colcon_core.package_identification:_identify(src/actions_py) by extensions ['colcon_meta']
[2.013s] Level 1:colcon.colcon_core.package_identification:_identify(src/actions_py) by extension 'colcon_meta'
[2.013s] Level 1:colcon.colcon_core.package_identification:_identify(src/actions_py) by extensions ['ros']
[2.013s] Level 1:colcon.colcon_core.package_identification:_identify(src/actions_py) by extension 'ros'
[2.022s] DEBUG:colcon.colcon_core.package_identification:Package 'src/actions_py' with type 'ros.ament_python' and name 'actions_py'
[2.023s] Level 1:colcon.colcon_core.package_identification:_identify(src/hotspot_action) by extensions ['ignore', 'ignore_ament_install']
[2.023s] Level 1:colcon.colcon_core.package_identification:_identify(src/hotspot_action) by extension 'ignore'
[2.023s] Level 1:colcon.colcon_core.package_identification:_identify(src/hotspot_action) by extension 'ignore_ament_install'
[2.023s] Level 1:colcon.colcon_core.package_identification:_identify(src/hotspot_action) by extensions ['colcon_pkg']
[2.023s] Level 1:colcon.colcon_core.package_identification:_identify(src/hotspot_action) by extension 'colcon_pkg'
[2.023s] Level 1:colcon.colcon_core.package_identification:_identify(src/hotspot_action) by extensions ['colcon_meta']
[2.023s] Level 1:colcon.colcon_core.package_identification:_identify(src/hotspot_action) by extension 'colcon_meta'
[2.024s] Level 1:colcon.colcon_core.package_identification:_identify(src/hotspot_action) by extensions ['ros']
[2.024s] Level 1:colcon.colcon_core.package_identification:_identify(src/hotspot_action) by extension 'ros'
[2.025s] DEBUG:colcon.colcon_core.package_identification:Package 'src/hotspot_action' with type 'ros.ament_cmake' and name 'hotspot_action'
[2.026s] Level 1:colcon.colcon_core.package_discovery:discover_packages(recursive) using defaults
[2.026s] Level 1:colcon.colcon_core.package_discovery:discover_packages(ignore) discover
[2.026s] Level 1:colcon.colcon_core.package_discovery:discover_packages(ignore) using defaults
[2.026s] Level 1:colcon.colcon_core.package_discovery:discover_packages(path) discover
[2.026s] Level 1:colcon.colcon_core.package_discovery:discover_packages(path) using defaults
[2.148s] Level 1:colcon.colcon_core.package_discovery:discover_packages(prefix_path) check parameters
[2.148s] Level 1:colcon.colcon_core.package_discovery:discover_packages(prefix_path) discover
[2.192s] DEBUG:colcon.colcon_installed_package_information.package_discovery:Found 2 installed packages in /home/harry/ros2_ws/src/High_Vis/actions/install
[2.207s] DEBUG:colcon.colcon_installed_package_information.package_discovery:Found 376 installed packages in /opt/ros/humble
[2.209s] Level 1:colcon.colcon_core.package_discovery:discover_packages(prefix_path) using defaults
[2.450s] Level 5:colcon.colcon_core.verb:set package 'hotspot_action' build argument 'cmake_args' from command line to 'None'
[2.450s] Level 5:colcon.colcon_core.verb:set package 'hotspot_action' build argument 'cmake_target' from command line to 'None'
[2.450s] Level 5:colcon.colcon_core.verb:set package 'hotspot_action' build argument 'cmake_target_skip_unavailable' from command line to 'False'
[2.451s] Level 5:colcon.colcon_core.verb:set package 'hotspot_action' build argument 'cmake_clean_cache' from command line to 'False'
[2.451s] Level 5:colcon.colcon_core.verb:set package 'hotspot_action' build argument 'cmake_clean_first' from command line to 'False'
[2.451s] Level 5:colcon.colcon_core.verb:set package 'hotspot_action' build argument 'cmake_force_configure' from command line to 'False'
[2.451s] Level 5:colcon.colcon_core.verb:set package 'hotspot_action' build argument 'ament_cmake_args' from command line to 'None'
[2.451s] Level 5:colcon.colcon_core.verb:set package 'hotspot_action' build argument 'catkin_cmake_args' from command line to 'None'
[2.451s] Level 5:colcon.colcon_core.verb:set package 'hotspot_action' build argument 'catkin_skip_building_tests' from command line to 'False'
[2.451s] DEBUG:colcon.colcon_core.verb:Building package 'hotspot_action' with the following arguments: {'ament_cmake_args': None, 'build_base': '/home/harry/ros2_ws/src/High_Vis/actions/build/hotspot_action', 'catkin_cmake_args': None, 'catkin_skip_building_tests': False, 'cmake_args': None, 'cmake_clean_cache': False, 'cmake_clean_first': False, 'cmake_force_configure': False, 'cmake_target': None, 'cmake_target_skip_unavailable': False, 'install_base': '/home/harry/ros2_ws/src/High_Vis/actions/install/hotspot_action', 'merge_install': False, 'path': '/home/harry/ros2_ws/src/High_Vis/actions/src/hotspot_action', 'symlink_install': True, 'test_result_base': None}
[2.465s] Level 5:colcon.colcon_core.verb:set package 'actions_py' build argument 'cmake_args' from command line to 'None'
[2.465s] Level 5:colcon.colcon_core.verb:set package 'actions_py' build argument 'cmake_target' from command line to 'None'
[2.465s] Level 5:colcon.colcon_core.verb:set package 'actions_py' build argument 'cmake_target_skip_unavailable' from command line to 'False'
[2.465s] Level 5:colcon.colcon_core.verb:set package 'actions_py' build argument 'cmake_clean_cache' from command line to 'False'
[2.465s] Level 5:colcon.colcon_core.verb:set package 'actions_py' build argument 'cmake_clean_first' from command line to 'False'
[2.465s] Level 5:colcon.colcon_core.verb:set package 'actions_py' build argument 'cmake_force_configure' from command line to 'False'
[2.465s] Level 5:colcon.colcon_core.verb:set package 'actions_py' build argument 'ament_cmake_args' from command line to 'None'
[2.465s] Level 5:colcon.colcon_core.verb:set package 'actions_py' build argument 'catkin_cmake_args' from command line to 'None'
[2.465s] Level 5:colcon.colcon_core.verb:set package 'actions_py' build argument 'catkin_skip_building_tests' from command line to 'False'
[2.465s] DEBUG:colcon.colcon_core.verb:Building package 'actions_py' with the following arguments: {'ament_cmake_args': None, 'build_base': '/home/harry/ros2_ws/src/High_Vis/actions/build/actions_py', 'catkin_cmake_args': None, 'catkin_skip_building_tests': False, 'cmake_args': None, 'cmake_clean_cache': False, 'cmake_clean_first': False, 'cmake_force_configure': False, 'cmake_target': None, 'cmake_target_skip_unavailable': False, 'install_base': '/home/harry/ros2_ws/src/High_Vis/actions/install/actions_py', 'merge_install': False, 'path': '/home/harry/ros2_ws/src/High_Vis/actions/src/actions_py', 'symlink_install': True, 'test_result_base': None}
[2.477s] INFO:colcon.colcon_core.executor:Executing jobs using 'parallel' executor
[2.494s] DEBUG:colcon.colcon_parallel_executor.executor.parallel:run_until_complete
[2.495s] INFO:colcon.colcon_ros.task.ament_cmake.build:Building ROS package in '/home/harry/ros2_ws/src/High_Vis/actions/src/hotspot_action' with build type 'ament_cmake'
[2.496s] INFO:colcon.colcon_cmake.task.cmake.build:Building CMake package in '/home/harry/ros2_ws/src/High_Vis/actions/src/hotspot_action'
[2.529s] INFO:colcon.colcon_core.plugin_system:Skipping extension 'colcon_core.shell.bat': Not used on non-Windows systems
[2.529s] INFO:colcon.colcon_core.shell:Skip shell extension 'powershell' for command environment: Not usable outside of PowerShell
[2.530s] DEBUG:colcon.colcon_core.shell:Skip shell extension 'dsv' for command environment
[2.602s] DEBUG:colcon.colcon_core.event_handler.log_command:Invoking command in '/home/harry/ros2_ws/src/High_Vis/actions/build/hotspot_action': CMAKE_PREFIX_PATH=${CMAKE_PREFIX_PATH}:/home/harry/ros2_ws/src/High_Vis/actions/install/actions_py:/opt/ros/humble /usr/bin/cmake --build /home/harry/ros2_ws/src/High_Vis/actions/build/hotspot_action -- -j8 -l8
[14.155s] DEBUG:colcon.colcon_core.event_handler.log_command:Invoked command in '/home/harry/ros2_ws/src/High_Vis/actions/build/hotspot_action' returned '0': CMAKE_PREFIX_PATH=${CMAKE_PREFIX_PATH}:/home/harry/ros2_ws/src/High_Vis/actions/install/actions_py:/opt/ros/humble /usr/bin/cmake --build /home/harry/ros2_ws/src/High_Vis/actions/build/hotspot_action -- -j8 -l8
[14.244s] DEBUG:colcon.colcon_core.event_handler.log_command:Invoking command in '/home/harry/ros2_ws/src/High_Vis/actions/build/hotspot_action': CMAKE_PREFIX_PATH=${CMAKE_PREFIX_PATH}:/home/harry/ros2_ws/src/High_Vis/actions/install/actions_py:/opt/ros/humble /usr/bin/cmake --install /home/harry/ros2_ws/src/High_Vis/actions/build/hotspot_action
[14.385s] Level 1:colcon.colcon_core.environment:create_environment_scripts_only(hotspot_action)
[14.387s] DEBUG:colcon.colcon_core.event_handler.log_command:Invoked command in '/home/harry/ros2_ws/src/High_Vis/actions/build/hotspot_action' returned '0': CMAKE_PREFIX_PATH=${CMAKE_PREFIX_PATH}:/home/harry/ros2_ws/src/High_Vis/actions/install/actions_py:/opt/ros/humble /usr/bin/cmake --install /home/harry/ros2_ws/src/High_Vis/actions/build/hotspot_action
[14.418s] Level 1:colcon.colcon_core.environment:checking '/home/harry/ros2_ws/src/High_Vis/actions/install/hotspot_action' for CMake module files
[14.420s] Level 1:colcon.colcon_core.environment:checking '/home/harry/ros2_ws/src/High_Vis/actions/install/hotspot_action' for CMake config files
[14.420s] Level 1:colcon.colcon_core.shell:create_environment_hook('hotspot_action', 'cmake_prefix_path')
[14.436s] INFO:colcon.colcon_core.shell:Creating environment hook '/home/harry/ros2_ws/src/High_Vis/actions/install/hotspot_action/share/hotspot_action/hook/cmake_prefix_path.ps1'
[14.437s] INFO:colcon.colcon_core.shell:Creating environment descriptor '/home/harry/ros2_ws/src/High_Vis/actions/install/hotspot_action/share/hotspot_action/hook/cmake_prefix_path.dsv'
[14.439s] INFO:colcon.colcon_core.shell:Creating environment hook '/home/harry/ros2_ws/src/High_Vis/actions/install/hotspot_action/share/hotspot_action/hook/cmake_prefix_path.sh'
[14.441s] Level 1:colcon.colcon_core.environment:checking '/home/harry/ros2_ws/src/High_Vis/actions/install/hotspot_action/lib'
[14.442s] Level 1:colcon.colcon_core.shell:create_environment_hook('hotspot_action', 'ld_library_path_lib')
[14.457s] INFO:colcon.colcon_core.shell:Creating environment hook '/home/harry/ros2_ws/src/High_Vis/actions/install/hotspot_action/share/hotspot_action/hook/ld_library_path_lib.ps1'
[14.458s] INFO:colcon.colcon_core.shell:Creating environment descriptor '/home/harry/ros2_ws/src/High_Vis/actions/install/hotspot_action/share/hotspot_action/hook/ld_library_path_lib.dsv'
[14.458s] INFO:colcon.colcon_core.shell:Creating environment hook '/home/harry/ros2_ws/src/High_Vis/actions/install/hotspot_action/share/hotspot_action/hook/ld_library_path_lib.sh'
[14.459s] Level 1:colcon.colcon_core.environment:checking '/home/harry/ros2_ws/src/High_Vis/actions/install/hotspot_action/bin'
[14.459s] Level 1:colcon.colcon_core.environment:checking '/home/harry/ros2_ws/src/High_Vis/actions/install/hotspot_action/lib/pkgconfig/hotspot_action.pc'
[14.460s] Level 1:colcon.colcon_core.environment:checking '/home/harry/ros2_ws/src/High_Vis/actions/install/hotspot_action/lib/python3.10/site-packages'
[14.460s] Level 1:colcon.colcon_core.environment:checking '/home/harry/ros2_ws/src/High_Vis/actions/install/hotspot_action/bin'
[14.480s] INFO:colcon.colcon_core.shell:Creating package script '/home/harry/ros2_ws/src/High_Vis/actions/install/hotspot_action/share/hotspot_action/package.ps1'
[14.482s] INFO:colcon.colcon_core.shell:Creating package descriptor '/home/harry/ros2_ws/src/High_Vis/actions/install/hotspot_action/share/hotspot_action/package.dsv'
[14.484s] INFO:colcon.colcon_core.shell:Creating package script '/home/harry/ros2_ws/src/High_Vis/actions/install/hotspot_action/share/hotspot_action/package.sh'
[14.485s] INFO:colcon.colcon_core.shell:Creating package script '/home/harry/ros2_ws/src/High_Vis/actions/install/hotspot_action/share/hotspot_action/package.bash'
[14.487s] INFO:colcon.colcon_core.shell:Creating package script '/home/harry/ros2_ws/src/High_Vis/actions/install/hotspot_action/share/hotspot_action/package.zsh'
[14.490s] Level 1:colcon.colcon_core.environment:create_file_with_runtime_dependencies(/home/harry/ros2_ws/src/High_Vis/actions/install/hotspot_action/share/colcon-core/packages/hotspot_action)
[14.573s] Level 1:colcon.colcon_core.environment:create_environment_scripts_only(hotspot_action)
[14.592s] Level 1:colcon.colcon_core.environment:checking '/home/harry/ros2_ws/src/High_Vis/actions/install/hotspot_action' for CMake module files
[14.594s] Level 1:colcon.colcon_core.environment:checking '/home/harry/ros2_ws/src/High_Vis/actions/install/hotspot_action' for CMake config files
[14.594s] Level 1:colcon.colcon_core.shell:create_environment_hook('hotspot_action', 'cmake_prefix_path')
[14.610s] INFO:colcon.colcon_core.shell:Creating environment hook '/home/harry/ros2_ws/src/High_Vis/actions/install/hotspot_action/share/hotspot_action/hook/cmake_prefix_path.ps1'
[14.611s] INFO:colcon.colcon_core.shell:Creating environment descriptor '/home/harry/ros2_ws/src/High_Vis/actions/install/hotspot_action/share/hotspot_action/hook/cmake_prefix_path.dsv'
[14.611s] INFO:colcon.colcon_core.shell:Creating environment hook '/home/harry/ros2_ws/src/High_Vis/actions/install/hotspot_action/share/hotspot_action/hook/cmake_prefix_path.sh'
[14.612s] Level 1:colcon.colcon_core.environment:checking '/home/harry/ros2_ws/src/High_Vis/actions/install/hotspot_action/lib'
[14.612s] Level 1:colcon.colcon_core.shell:create_environment_hook('hotspot_action', 'ld_library_path_lib')
[14.637s] INFO:colcon.colcon_core.shell:Creating environment hook '/home/harry/ros2_ws/src/High_Vis/actions/install/hotspot_action/share/hotspot_action/hook/ld_library_path_lib.ps1'
[14.638s] INFO:colcon.colcon_core.shell:Creating environment descriptor '/home/harry/ros2_ws/src/High_Vis/actions/install/hotspot_action/share/hotspot_action/hook/ld_library_path_lib.dsv'
[14.640s] INFO:colcon.colcon_core.shell:Creating environment hook '/home/harry/ros2_ws/src/High_Vis/actions/install/hotspot_action/share/hotspot_action/hook/ld_library_path_lib.sh'
[14.641s] Level 1:colcon.colcon_core.environment:checking '/home/harry/ros2_ws/src/High_Vis/actions/install/hotspot_action/bin'
[14.641s] Level 1:colcon.colcon_core.environment:checking '/home/harry/ros2_ws/src/High_Vis/actions/install/hotspot_action/lib/pkgconfig/hotspot_action.pc'
[14.642s] Level 1:colcon.colcon_core.environment:checking '/home/harry/ros2_ws/src/High_Vis/actions/install/hotspot_action/lib/python3.10/site-packages'
[14.642s] Level 1:colcon.colcon_core.environment:checking '/home/harry/ros2_ws/src/High_Vis/actions/install/hotspot_action/bin'
[14.665s] INFO:colcon.colcon_core.shell:Creating package script '/home/harry/ros2_ws/src/High_Vis/actions/install/hotspot_action/share/hotspot_action/package.ps1'
[14.666s] INFO:colcon.colcon_core.shell:Creating package descriptor '/home/harry/ros2_ws/src/High_Vis/actions/install/hotspot_action/share/hotspot_action/package.dsv'
[14.667s] INFO:colcon.colcon_core.shell:Creating package script '/home/harry/ros2_ws/src/High_Vis/actions/install/hotspot_action/share/hotspot_action/package.sh'
[14.668s] INFO:colcon.colcon_core.shell:Creating package script '/home/harry/ros2_ws/src/High_Vis/actions/install/hotspot_action/share/hotspot_action/package.bash'
[14.669s] INFO:colcon.colcon_core.shell:Creating package script '/home/harry/ros2_ws/src/High_Vis/actions/install/hotspot_action/share/hotspot_action/package.zsh'
[14.669s] Level 1:colcon.colcon_core.environment:create_file_with_runtime_dependencies(/home/harry/ros2_ws/src/High_Vis/actions/install/hotspot_action/share/colcon-core/packages/hotspot_action)
[14.670s] INFO:colcon.colcon_ros.task.ament_python.build:Building ROS package in '/home/harry/ros2_ws/src/High_Vis/actions/src/actions_py' with build type 'ament_python'
[14.671s] Level 1:colcon.colcon_core.shell:create_environment_hook('actions_py', 'ament_prefix_path')
[14.695s] INFO:colcon.colcon_core.shell:Creating environment hook '/home/harry/ros2_ws/src/High_Vis/actions/install/actions_py/share/actions_py/hook/ament_prefix_path.ps1'
[14.696s] INFO:colcon.colcon_core.shell:Creating environment descriptor '/home/harry/ros2_ws/src/High_Vis/actions/install/actions_py/share/actions_py/hook/ament_prefix_path.dsv'
[14.697s] INFO:colcon.colcon_core.shell:Creating environment hook '/home/harry/ros2_ws/src/High_Vis/actions/install/actions_py/share/actions_py/hook/ament_prefix_path.sh'
[14.717s] INFO:colcon.colcon_core.shell:Skip shell extension 'powershell' for command environment: Not usable outside of PowerShell
[14.718s] DEBUG:colcon.colcon_core.shell:Skip shell extension 'dsv' for command environment
[15.382s] INFO:colcon.colcon_core.task.python.build:Building Python package in '/home/harry/ros2_ws/src/High_Vis/actions/src/actions_py'
[15.412s] INFO:colcon.colcon_core.shell:Skip shell extension 'powershell' for command environment: Not usable outside of PowerShell
[15.413s] DEBUG:colcon.colcon_core.shell:Skip shell extension 'dsv' for command environment
[17.425s] DEBUG:colcon.colcon_core.event_handler.log_command:Invoking command in '/home/harry/ros2_ws/src/High_Vis/actions/build/actions_py': PYTHONPATH=/home/harry/ros2_ws/src/High_Vis/actions/build/actions_py/prefix_override:/home/harry/ros2_ws/src/High_Vis/actions/install/actions_py/lib/python3.10/site-packages:${PYTHONPATH} /usr/bin/python3 setup.py develop --editable --build-directory /home/harry/ros2_ws/src/High_Vis/actions/build/actions_py/build --no-deps install_data
[18.208s] Level 1:colcon.colcon_core.shell:create_environment_hook('actions_py', 'pythonpath_develop')
[18.209s] DEBUG:colcon.colcon_core.event_handler.log_command:Invoked command in '/home/harry/ros2_ws/src/High_Vis/actions/build/actions_py' returned '0': PYTHONPATH=/home/harry/ros2_ws/src/High_Vis/actions/build/actions_py/prefix_override:/home/harry/ros2_ws/src/High_Vis/actions/install/actions_py/lib/python3.10/site-packages:${PYTHONPATH} /usr/bin/python3 setup.py develop --editable --build-directory /home/harry/ros2_ws/src/High_Vis/actions/build/actions_py/build --no-deps install_data
[18.229s] INFO:colcon.colcon_core.shell:Creating environment hook '/home/harry/ros2_ws/src/High_Vis/actions/build/actions_py/share/actions_py/hook/pythonpath_develop.ps1'
[18.231s] INFO:colcon.colcon_core.shell:Creating environment descriptor '/home/harry/ros2_ws/src/High_Vis/actions/build/actions_py/share/actions_py/hook/pythonpath_develop.dsv'
[18.232s] INFO:colcon.colcon_core.shell:Creating environment hook '/home/harry/ros2_ws/src/High_Vis/actions/build/actions_py/share/actions_py/hook/pythonpath_develop.sh'
[18.246s] Level 1:colcon.colcon_core.environment:checking '/home/harry/ros2_ws/src/High_Vis/actions/install/actions_py' for CMake module files
[18.247s] Level 1:colcon.colcon_core.environment:checking '/home/harry/ros2_ws/src/High_Vis/actions/install/actions_py' for CMake config files
[18.248s] Level 1:colcon.colcon_core.environment:checking '/home/harry/ros2_ws/src/High_Vis/actions/install/actions_py/lib'
[18.248s] Level 1:colcon.colcon_core.environment:checking '/home/harry/ros2_ws/src/High_Vis/actions/install/actions_py/bin'
[18.248s] Level 1:colcon.colcon_core.environment:checking '/home/harry/ros2_ws/src/High_Vis/actions/install/actions_py/lib/pkgconfig/actions_py.pc'
[18.248s] Level 1:colcon.colcon_core.environment:checking '/home/harry/ros2_ws/src/High_Vis/actions/install/actions_py/lib/python3.10/site-packages'
[18.248s] Level 1:colcon.colcon_core.shell:create_environment_hook('actions_py', 'pythonpath')
[18.268s] INFO:colcon.colcon_core.shell:Creating environment hook '/home/harry/ros2_ws/src/High_Vis/actions/install/actions_py/share/actions_py/hook/pythonpath.ps1'
[18.270s] INFO:colcon.colcon_core.shell:Creating environment descriptor '/home/harry/ros2_ws/src/High_Vis/actions/install/actions_py/share/actions_py/hook/pythonpath.dsv'
[18.271s] INFO:colcon.colcon_core.shell:Creating environment hook '/home/harry/ros2_ws/src/High_Vis/actions/install/actions_py/share/actions_py/hook/pythonpath.sh'
[18.272s] Level 1:colcon.colcon_core.environment:checking '/home/harry/ros2_ws/src/High_Vis/actions/install/actions_py/bin'
[18.272s] Level 1:colcon.colcon_core.environment:create_environment_scripts_only(actions_py)
[18.287s] INFO:colcon.colcon_core.shell:Creating package script '/home/harry/ros2_ws/src/High_Vis/actions/install/actions_py/share/actions_py/package.ps1'
[18.288s] INFO:colcon.colcon_core.shell:Creating package descriptor '/home/harry/ros2_ws/src/High_Vis/actions/install/actions_py/share/actions_py/package.dsv'
[18.289s] INFO:colcon.colcon_core.shell:Creating package script '/home/harry/ros2_ws/src/High_Vis/actions/install/actions_py/share/actions_py/package.sh'
[18.289s] INFO:colcon.colcon_core.shell:Creating package script '/home/harry/ros2_ws/src/High_Vis/actions/install/actions_py/share/actions_py/package.bash'
[18.290s] INFO:colcon.colcon_core.shell:Creating package script '/home/harry/ros2_ws/src/High_Vis/actions/install/actions_py/share/actions_py/package.zsh'
[18.290s] Level 1:colcon.colcon_core.environment:create_file_with_runtime_dependencies(/home/harry/ros2_ws/src/High_Vis/actions/install/actions_py/share/colcon-core/packages/actions_py)
[18.291s] DEBUG:colcon.colcon_parallel_executor.executor.parallel:closing loop
[18.292s] DEBUG:colcon.colcon_parallel_executor.executor.parallel:loop closed
[18.292s] DEBUG:colcon.colcon_parallel_executor.executor.parallel:run_until_complete finished with '0'
[18.293s] DEBUG:colcon.colcon_core.event_reactor:joining thread
[18.374s] INFO:colcon.colcon_core.plugin_system:Skipping extension 'colcon_notification.desktop_notification.notify_send': Could not find 'notify-send'
[18.374s] INFO:colcon.colcon_core.plugin_system:Skipping extension 'colcon_notification.desktop_notification.terminal_notifier': Not used on non-Darwin systems
[18.374s] INFO:colcon.colcon_core.plugin_system:Skipping extension 'colcon_notification.desktop_notification.win32': Not used on non-Windows systems
[18.375s] INFO:colcon.colcon_notification.desktop_notification:Sending desktop notification using 'notify2'
[18.380s] DEBUG:colcon.colcon_notification.desktop_notification.notify2:Failed to initialize notify2: org.freedesktop.DBus.Error.FileNotFound: Failed to connect to socket /run/user/1000/bus: No such file or directory
[18.380s] DEBUG:colcon.colcon_core.event_reactor:joined thread
[18.396s] INFO:colcon.colcon_core.shell:Creating prefix script '/home/harry/ros2_ws/src/High_Vis/actions/install/local_setup.ps1'
[18.397s] INFO:colcon.colcon_core.shell:Creating prefix util module '/home/harry/ros2_ws/src/High_Vis/actions/install/_local_setup_util_ps1.py'
[18.400s] INFO:colcon.colcon_core.shell:Creating prefix chain script '/home/harry/ros2_ws/src/High_Vis/actions/install/setup.ps1'
[18.416s] INFO:colcon.colcon_core.shell:Creating prefix script '/home/harry/ros2_ws/src/High_Vis/actions/install/local_setup.sh'
[18.417s] INFO:colcon.colcon_core.shell:Creating prefix util module '/home/harry/ros2_ws/src/High_Vis/actions/install/_local_setup_util_sh.py'
[18.418s] INFO:colcon.colcon_core.shell:Creating prefix chain script '/home/harry/ros2_ws/src/High_Vis/actions/install/setup.sh'
[18.441s] INFO:colcon.colcon_core.shell:Creating prefix script '/home/harry/ros2_ws/src/High_Vis/actions/install/local_setup.bash'
[18.442s] INFO:colcon.colcon_core.shell:Creating prefix chain script '/home/harry/ros2_ws/src/High_Vis/actions/install/setup.bash'
[18.458s] INFO:colcon.colcon_core.shell:Creating prefix script '/home/harry/ros2_ws/src/High_Vis/actions/install/local_setup.zsh'
[18.460s] INFO:colcon.colcon_core.shell:Creating prefix chain script '/home/harry/ros2_ws/src/High_Vis/actions/install/setup.zsh'
