[0.318s] Invoking command in '/home/msc-robot/Documents/Team4_ros_ws/src/High_Vis/Thermal_Images/build/image_rotate': CMAKE_PREFIX_PATH=${CMAKE_PREFIX_PATH}:/home/msc-robot/Documents/Team4_ros_ws/src/High_Vis/Thermal_Images/install/camera_calibration:/home/msc-robot/Documents/Team4_ros_ws/src/High_Vis/Thermal_Images/install/Thermal_Image_Save:/home/msc-robot/Documents/Team4_ros_ws/src/High_Vis/post_process/install/pdf_generator:/home/msc-robot/Documents/Team4_ros_ws/src/High_Vis/post_process/install/hotspot_detection:/home/msc-robot/Documents/Team4_ros_ws/src/Thermal/install/camera_calibration:/home/msc-robot/Documents/Team4_ros_ws/src/Thermal/install/Thermal_save:/home/msc-robot/Documents/Team4_ros_ws/install/launch_robotnav:/home/msc-robot/Documents/Team4_ros_ws/install/clearpath_generator_gz:/home/msc-robot/Documents/Team4_ros_ws/install/clearpath_config:/home/msc-robot/Documents/Team4_ros_ws/install/camera_calibration:/home/msc-robot/Documents/Team4_ros_ws/install/Thermal_save:/opt/ros/humble /usr/bin/cmake /home/msc-robot/Documents/Team4_ros_ws/src/High_Vis/Thermal_Images/src/image_pipeline/image_rotate -DAMENT_CMAKE_SYMLINK_INSTALL=1 -DCMAKE_INSTALL_PREFIX=/home/msc-robot/Documents/Team4_ros_ws/src/High_Vis/Thermal_Images/install/image_rotate
[0.482s] -- The C compiler identification is GNU 11.4.0
[0.629s] -- The CXX compiler identification is GNU 11.4.0
[0.650s] -- Detecting C compiler ABI info
[0.840s] -- Detecting C compiler ABI info - done
[0.862s] -- Check for working C compiler: /usr/bin/cc - skipped
[0.863s] -- Detecting C compile features
[0.864s] -- Detecting C compile features - done
[0.872s] -- Detecting CXX compiler ABI info
[1.093s] -- Detecting CXX compiler ABI info - done
[1.122s] -- Check for working CXX compiler: /usr/bin/c++ - skipped
[1.123s] -- Detecting CXX compile features
[1.123s] -- Detecting CXX compile features - done
[1.136s] -- Found ament_cmake_auto: 1.3.8 (/opt/ros/humble/share/ament_cmake_auto/cmake)
[1.608s] -- Found Python3: /usr/bin/python3 (found version "3.10.12") found components: Interpreter 
[1.788s] -- Override CMake install command with custom implementation using symlinks instead of copying resources
[2.467s] -- Found rosidl_generator_c: 3.1.5 (/opt/ros/humble/share/rosidl_generator_c/cmake)
[2.506s] -- Found rosidl_adapter: 3.1.5 (/opt/ros/humble/share/rosidl_adapter/cmake)
[2.553s] -- Found rosidl_generator_cpp: 3.1.5 (/opt/ros/humble/share/rosidl_generator_cpp/cmake)
[2.614s] -- Using all available rosidl_typesupport_c: rosidl_typesupport_fastrtps_c;rosidl_typesupport_introspection_c
[2.687s] -- Using all available rosidl_typesupport_cpp: rosidl_typesupport_fastrtps_cpp;rosidl_typesupport_introspection_cpp
[3.685s] -- Found rmw_implementation_cmake: 6.1.1 (/opt/ros/humble/share/rmw_implementation_cmake/cmake)
[3.709s] -- Found rmw_fastrtps_cpp: 6.2.6 (/opt/ros/humble/share/rmw_fastrtps_cpp/cmake)
[4.096s] -- Found OpenSSL: /usr/lib/x86_64-linux-gnu/libcrypto.so (found version "3.0.2")  
[4.193s] -- Found FastRTPS: /opt/ros/humble/include  
[4.362s] -- Using RMW implementation 'rmw_fastrtps_cpp' as default
[4.421s] -- Looking for pthread.h
[4.620s] -- Looking for pthread.h - found
[4.621s] -- Performing Test CMAKE_HAVE_LIBC_PTHREAD
[4.989s] -- Performing Test CMAKE_HAVE_LIBC_PTHREAD - Success
[4.993s] -- Found Threads: TRUE  
[6.290s] -- Found eigen3_cmake_module: 0.1.1 (/opt/ros/humble/share/eigen3_cmake_module/cmake)
[6.294s] -- Found Eigen3: TRUE (found version "3.4.0") 
[6.294s] -- Ensuring Eigen3 include directory is part of orocos-kdl CMake target
[7.776s] -- Found OpenCV: /usr (found version "4.5.4") found components: core imgproc 
[7.883s] -- Found ament_lint_auto: 0.12.10 (/opt/ros/humble/share/ament_lint_auto/cmake)
[8.048s] -- Added test 'copyright' to check source files copyright and LICENSE
[8.054s] -- Added test 'cppcheck' to perform static code analysis on C / C++ code
[8.055s] -- Configured cppcheck include dirs: /home/msc-robot/Documents/Team4_ros_ws/src/High_Vis/Thermal_Images/src/image_pipeline/image_rotate/include
[8.055s] -- Configured cppcheck exclude dirs and/or files: 
[8.060s] -- Added test 'cpplint' to check C / C++ code against the Google style
[8.060s] -- Configured cpplint exclude dirs and/or files: 
[8.063s] -- Added test 'flake8' to check Python code syntax and style conventions
[8.068s] -- Added test 'lint_cmake' to check CMake code style
[8.071s] -- Added test 'pep257' to check Python code against some of the docstring style conventions in PEP 257
[8.077s] -- Added test 'uncrustify' to check C / C++ code style
[8.077s] -- Configured uncrustify additional arguments: 
[8.081s] -- Added test 'xmllint' to check XML markup files
[8.094s] -- Configuring done
[8.170s] -- Generating done
[8.174s] -- Build files have been written to: /home/msc-robot/Documents/Team4_ros_ws/src/High_Vis/Thermal_Images/build/image_rotate
[8.210s] Invoked command in '/home/msc-robot/Documents/Team4_ros_ws/src/High_Vis/Thermal_Images/build/image_rotate' returned '0': CMAKE_PREFIX_PATH=${CMAKE_PREFIX_PATH}:/home/msc-robot/Documents/Team4_ros_ws/src/High_Vis/Thermal_Images/install/camera_calibration:/home/msc-robot/Documents/Team4_ros_ws/src/High_Vis/Thermal_Images/install/Thermal_Image_Save:/home/msc-robot/Documents/Team4_ros_ws/src/High_Vis/post_process/install/pdf_generator:/home/msc-robot/Documents/Team4_ros_ws/src/High_Vis/post_process/install/hotspot_detection:/home/msc-robot/Documents/Team4_ros_ws/src/Thermal/install/camera_calibration:/home/msc-robot/Documents/Team4_ros_ws/src/Thermal/install/Thermal_save:/home/msc-robot/Documents/Team4_ros_ws/install/launch_robotnav:/home/msc-robot/Documents/Team4_ros_ws/install/clearpath_generator_gz:/home/msc-robot/Documents/Team4_ros_ws/install/clearpath_config:/home/msc-robot/Documents/Team4_ros_ws/install/camera_calibration:/home/msc-robot/Documents/Team4_ros_ws/install/Thermal_save:/opt/ros/humble /usr/bin/cmake /home/msc-robot/Documents/Team4_ros_ws/src/High_Vis/Thermal_Images/src/image_pipeline/image_rotate -DAMENT_CMAKE_SYMLINK_INSTALL=1 -DCMAKE_INSTALL_PREFIX=/home/msc-robot/Documents/Team4_ros_ws/src/High_Vis/Thermal_Images/install/image_rotate
[8.211s] Invoking command in '/home/msc-robot/Documents/Team4_ros_ws/src/High_Vis/Thermal_Images/build/image_rotate': CMAKE_PREFIX_PATH=${CMAKE_PREFIX_PATH}:/home/msc-robot/Documents/Team4_ros_ws/src/High_Vis/Thermal_Images/install/camera_calibration:/home/msc-robot/Documents/Team4_ros_ws/src/High_Vis/Thermal_Images/install/Thermal_Image_Save:/home/msc-robot/Documents/Team4_ros_ws/src/High_Vis/post_process/install/pdf_generator:/home/msc-robot/Documents/Team4_ros_ws/src/High_Vis/post_process/install/hotspot_detection:/home/msc-robot/Documents/Team4_ros_ws/src/Thermal/install/camera_calibration:/home/msc-robot/Documents/Team4_ros_ws/src/Thermal/install/Thermal_save:/home/msc-robot/Documents/Team4_ros_ws/install/launch_robotnav:/home/msc-robot/Documents/Team4_ros_ws/install/clearpath_generator_gz:/home/msc-robot/Documents/Team4_ros_ws/install/clearpath_config:/home/msc-robot/Documents/Team4_ros_ws/install/camera_calibration:/home/msc-robot/Documents/Team4_ros_ws/install/Thermal_save:/opt/ros/humble /usr/bin/cmake --build /home/msc-robot/Documents/Team4_ros_ws/src/High_Vis/Thermal_Images/build/image_rotate -- -j4 -l4
[8.554s] [ 25%] [32mBuilding CXX object CMakeFiles/image_rotate.dir/src/image_rotate_node.cpp.o[0m
[34.892s] [ 50%] [32m[1mLinking CXX shared library libimage_rotate.so[0m
[36.943s] [ 50%] Built target image_rotate
[37.126s] [ 75%] [32mBuilding CXX object CMakeFiles/image_rotate_bin.dir/src/image_rotate.cpp.o[0m
[46.347s] [100%] [32m[1mLinking CXX executable image_rotate[0m
[47.391s] [100%] Built target image_rotate_bin
[47.422s] Invoked command in '/home/msc-robot/Documents/Team4_ros_ws/src/High_Vis/Thermal_Images/build/image_rotate' returned '0': CMAKE_PREFIX_PATH=${CMAKE_PREFIX_PATH}:/home/msc-robot/Documents/Team4_ros_ws/src/High_Vis/Thermal_Images/install/camera_calibration:/home/msc-robot/Documents/Team4_ros_ws/src/High_Vis/Thermal_Images/install/Thermal_Image_Save:/home/msc-robot/Documents/Team4_ros_ws/src/High_Vis/post_process/install/pdf_generator:/home/msc-robot/Documents/Team4_ros_ws/src/High_Vis/post_process/install/hotspot_detection:/home/msc-robot/Documents/Team4_ros_ws/src/Thermal/install/camera_calibration:/home/msc-robot/Documents/Team4_ros_ws/src/Thermal/install/Thermal_save:/home/msc-robot/Documents/Team4_ros_ws/install/launch_robotnav:/home/msc-robot/Documents/Team4_ros_ws/install/clearpath_generator_gz:/home/msc-robot/Documents/Team4_ros_ws/install/clearpath_config:/home/msc-robot/Documents/Team4_ros_ws/install/camera_calibration:/home/msc-robot/Documents/Team4_ros_ws/install/Thermal_save:/opt/ros/humble /usr/bin/cmake --build /home/msc-robot/Documents/Team4_ros_ws/src/High_Vis/Thermal_Images/build/image_rotate -- -j4 -l4
[47.553s] Invoking command in '/home/msc-robot/Documents/Team4_ros_ws/src/High_Vis/Thermal_Images/build/image_rotate': CMAKE_PREFIX_PATH=${CMAKE_PREFIX_PATH}:/home/msc-robot/Documents/Team4_ros_ws/src/High_Vis/Thermal_Images/install/camera_calibration:/home/msc-robot/Documents/Team4_ros_ws/src/High_Vis/Thermal_Images/install/Thermal_Image_Save:/home/msc-robot/Documents/Team4_ros_ws/src/High_Vis/post_process/install/pdf_generator:/home/msc-robot/Documents/Team4_ros_ws/src/High_Vis/post_process/install/hotspot_detection:/home/msc-robot/Documents/Team4_ros_ws/src/Thermal/install/camera_calibration:/home/msc-robot/Documents/Team4_ros_ws/src/Thermal/install/Thermal_save:/home/msc-robot/Documents/Team4_ros_ws/install/launch_robotnav:/home/msc-robot/Documents/Team4_ros_ws/install/clearpath_generator_gz:/home/msc-robot/Documents/Team4_ros_ws/install/clearpath_config:/home/msc-robot/Documents/Team4_ros_ws/install/camera_calibration:/home/msc-robot/Documents/Team4_ros_ws/install/Thermal_save:/opt/ros/humble /usr/bin/cmake --install /home/msc-robot/Documents/Team4_ros_ws/src/High_Vis/Thermal_Images/build/image_rotate
[47.577s] -- Install configuration: ""
[47.579s] -- Execute custom install script
[47.580s] -- Symlinking: /home/msc-robot/Documents/Team4_ros_ws/src/High_Vis/Thermal_Images/install/image_rotate/include/image_rotate/image_rotate_node.hpp
[47.606s] -- Symlinking: /home/msc-robot/Documents/Team4_ros_ws/src/High_Vis/Thermal_Images/install/image_rotate/include/image_rotate/visibility.h
[47.632s] -- Symlinking: /home/msc-robot/Documents/Team4_ros_ws/src/High_Vis/Thermal_Images/install/image_rotate/share/image_rotate/environment/library_path.sh
[47.658s] -- Symlinking: /home/msc-robot/Documents/Team4_ros_ws/src/High_Vis/Thermal_Images/install/image_rotate/share/image_rotate/environment/library_path.dsv
[47.685s] -- Symlinking: /home/msc-robot/Documents/Team4_ros_ws/src/High_Vis/Thermal_Images/install/image_rotate/lib/libimage_rotate.so
[47.711s] -- Symlinking: /home/msc-robot/Documents/Team4_ros_ws/src/High_Vis/Thermal_Images/install/image_rotate/lib/image_rotate/image_rotate
[47.737s] -- Symlinking: /home/msc-robot/Documents/Team4_ros_ws/src/High_Vis/Thermal_Images/install/image_rotate/share/image_rotate/launch/image_rotate.launch.py
[47.770s] -- Symlinking: /home/msc-robot/Documents/Team4_ros_ws/src/High_Vis/Thermal_Images/install/image_rotate/share/ament_index/resource_index/package_run_dependencies/image_rotate
[47.796s] -- Symlinking: /home/msc-robot/Documents/Team4_ros_ws/src/High_Vis/Thermal_Images/install/image_rotate/share/ament_index/resource_index/parent_prefix_path/image_rotate
[47.821s] -- Symlinking: /home/msc-robot/Documents/Team4_ros_ws/src/High_Vis/Thermal_Images/install/image_rotate/share/image_rotate/environment/ament_prefix_path.sh
[47.851s] -- Symlinking: /home/msc-robot/Documents/Team4_ros_ws/src/High_Vis/Thermal_Images/install/image_rotate/share/image_rotate/environment/ament_prefix_path.dsv
[47.881s] -- Symlinking: /home/msc-robot/Documents/Team4_ros_ws/src/High_Vis/Thermal_Images/install/image_rotate/share/image_rotate/environment/path.sh
[47.906s] -- Symlinking: /home/msc-robot/Documents/Team4_ros_ws/src/High_Vis/Thermal_Images/install/image_rotate/share/image_rotate/environment/path.dsv
[47.931s] -- Symlinking: /home/msc-robot/Documents/Team4_ros_ws/src/High_Vis/Thermal_Images/install/image_rotate/share/image_rotate/local_setup.bash
[47.957s] -- Symlinking: /home/msc-robot/Documents/Team4_ros_ws/src/High_Vis/Thermal_Images/install/image_rotate/share/image_rotate/local_setup.sh
[47.988s] -- Symlinking: /home/msc-robot/Documents/Team4_ros_ws/src/High_Vis/Thermal_Images/install/image_rotate/share/image_rotate/local_setup.zsh
[48.014s] -- Symlinking: /home/msc-robot/Documents/Team4_ros_ws/src/High_Vis/Thermal_Images/install/image_rotate/share/image_rotate/local_setup.dsv
[48.041s] -- Symlinking: /home/msc-robot/Documents/Team4_ros_ws/src/High_Vis/Thermal_Images/install/image_rotate/share/image_rotate/package.dsv
[48.066s] -- Symlinking: /home/msc-robot/Documents/Team4_ros_ws/src/High_Vis/Thermal_Images/install/image_rotate/share/ament_index/resource_index/packages/image_rotate
[48.093s] -- Symlinking: /home/msc-robot/Documents/Team4_ros_ws/src/High_Vis/Thermal_Images/install/image_rotate/share/ament_index/resource_index/rclcpp_components/image_rotate
[48.119s] -- Symlinking: /home/msc-robot/Documents/Team4_ros_ws/src/High_Vis/Thermal_Images/install/image_rotate/share/image_rotate/cmake/ament_cmake_export_dependencies-extras.cmake
[48.144s] -- Symlinking: /home/msc-robot/Documents/Team4_ros_ws/src/High_Vis/Thermal_Images/install/image_rotate/share/image_rotate/cmake/ament_cmake_export_include_directories-extras.cmake
[48.176s] -- Symlinking: /home/msc-robot/Documents/Team4_ros_ws/src/High_Vis/Thermal_Images/install/image_rotate/share/image_rotate/cmake/ament_cmake_export_libraries-extras.cmake
[48.204s] -- Symlinking: /home/msc-robot/Documents/Team4_ros_ws/src/High_Vis/Thermal_Images/install/image_rotate/share/image_rotate/cmake/image_rotateConfig.cmake
[48.230s] -- Symlinking: /home/msc-robot/Documents/Team4_ros_ws/src/High_Vis/Thermal_Images/install/image_rotate/share/image_rotate/cmake/image_rotateConfig-version.cmake
[48.258s] -- Symlinking: /home/msc-robot/Documents/Team4_ros_ws/src/High_Vis/Thermal_Images/install/image_rotate/share/image_rotate/package.xml
[48.294s] Invoked command in '/home/msc-robot/Documents/Team4_ros_ws/src/High_Vis/Thermal_Images/build/image_rotate' returned '0': CMAKE_PREFIX_PATH=${CMAKE_PREFIX_PATH}:/home/msc-robot/Documents/Team4_ros_ws/src/High_Vis/Thermal_Images/install/camera_calibration:/home/msc-robot/Documents/Team4_ros_ws/src/High_Vis/Thermal_Images/install/Thermal_Image_Save:/home/msc-robot/Documents/Team4_ros_ws/src/High_Vis/post_process/install/pdf_generator:/home/msc-robot/Documents/Team4_ros_ws/src/High_Vis/post_process/install/hotspot_detection:/home/msc-robot/Documents/Team4_ros_ws/src/Thermal/install/camera_calibration:/home/msc-robot/Documents/Team4_ros_ws/src/Thermal/install/Thermal_save:/home/msc-robot/Documents/Team4_ros_ws/install/launch_robotnav:/home/msc-robot/Documents/Team4_ros_ws/install/clearpath_generator_gz:/home/msc-robot/Documents/Team4_ros_ws/install/clearpath_config:/home/msc-robot/Documents/Team4_ros_ws/install/camera_calibration:/home/msc-robot/Documents/Team4_ros_ws/install/Thermal_save:/opt/ros/humble /usr/bin/cmake --install /home/msc-robot/Documents/Team4_ros_ws/src/High_Vis/Thermal_Images/build/image_rotate
