[0.105s] Invoking command in '/home/harry/ros2_ws/src/High_Vis/actions/build/hotspot_action': CMAKE_PREFIX_PATH=${CMAKE_PREFIX_PATH}:/home/harry/ros2_ws/src/High_Vis/actions/install/actions_py:/opt/ros/humble /usr/bin/cmake --build /home/harry/ros2_ws/src/High_Vis/actions/build/hotspot_action -- -j8 -l8
[0.540s] -- Found ament_cmake: 1.3.6 (/opt/ros/humble/share/ament_cmake/cmake)
[0.746s] -- Override CMake install command with custom implementation using symlinks instead of copying resources
[0.783s] -- Found rosidl_default_generators: 1.2.0 (/opt/ros/humble/share/rosidl_default_generators/cmake)
[0.789s] -- Using all available rosidl_typesupport_c: rosidl_typesupport_fastrtps_c;rosidl_typesupport_introspection_c
[0.796s] -- Found rosidl_adapter: 3.1.5 (/opt/ros/humble/share/rosidl_adapter/cmake)
[1.024s] -- Using all available rosidl_typesupport_cpp: rosidl_typesupport_fastrtps_cpp;rosidl_typesupport_introspection_cpp
[1.474s] -- Found ament_cmake_ros: 0.10.0 (/opt/ros/humble/share/ament_cmake_ros/cmake)
[1.775s] -- Using all available rosidl_typesupport_c: rosidl_typesupport_fastrtps_c;rosidl_typesupport_introspection_c
[2.330s] -- Using all available rosidl_typesupport_cpp: rosidl_typesupport_fastrtps_cpp;rosidl_typesupport_introspection_cpp
[2.353s] -- Found python_cmake_module: 0.10.0 (/opt/ros/humble/share/python_cmake_module/cmake)
[2.381s] -- Using PYTHON_EXECUTABLE: /usr/bin/python3
[2.381s] -- Using PYTHON_INCLUDE_DIRS: /usr/include/python3.10
[2.381s] -- Using PYTHON_LIBRARIES: /usr/lib/x86_64-linux-gnu/libpython3.10.so
[2.442s] -- Configuring done
[2.598s] -- Generating done
[2.610s] -- Build files have been written to: /home/harry/ros2_ws/src/High_Vis/actions/build/hotspot_action
[2.652s] [  3%] [34m[1mGenerating C code for ROS interfaces[0m
[2.661s] [  6%] [34m[1mGenerating C++ code for ROS interfaces[0m
[2.670s] [  6%] Built target ament_cmake_python_symlink_hotspot_action
[2.961s] running egg_info
[2.962s] writing hotspot_action.egg-info/PKG-INFO
[2.963s] writing dependency_links to hotspot_action.egg-info/dependency_links.txt
[2.963s] writing top-level names to hotspot_action.egg-info/top_level.txt
[2.972s] reading manifest file 'hotspot_action.egg-info/SOURCES.txt'
[2.974s] writing manifest file 'hotspot_action.egg-info/SOURCES.txt'
[3.004s] [  6%] Built target ament_cmake_python_build_hotspot_action_egg
[3.188s] [  6%] Built target hotspot_action__cpp
[3.190s] [35m[1mConsolidate compiler generated dependencies of target hotspot_action__rosidl_generator_c[0m
[3.198s] [ 12%] [34m[1mGenerating C++ type support for eProsima Fast-RTPS[0m
[3.198s] [ 12%] [34m[1mGenerating C++ type support dispatch for ROS interfaces[0m
[3.198s] [ 16%] [34m[1mGenerating C++ introspection for ROS interfaces[0m
[3.222s] [ 19%] [32mBuilding C object CMakeFiles/hotspot_action__rosidl_generator_c.dir/rosidl_generator_c/hotspot_action/action/detail/hotspot__functions.c.o[0m
[3.614s] [ 22%] [32m[1mLinking C shared library libhotspot_action__rosidl_generator_c.so[0m
[3.656s] [35m[1mConsolidate compiler generated dependencies of target hotspot_action__rosidl_typesupport_cpp[0m
[3.716s] [ 25%] [32mBuilding CXX object CMakeFiles/hotspot_action__rosidl_typesupport_cpp.dir/rosidl_typesupport_cpp/hotspot_action/action/hotspot__type_support.cpp.o[0m
[3.828s] [35m[1mConsolidate compiler generated dependencies of target hotspot_action__rosidl_typesupport_introspection_cpp[0m
[3.849s] [ 29%] [32mBuilding CXX object CMakeFiles/hotspot_action__rosidl_typesupport_introspection_cpp.dir/rosidl_typesupport_introspection_cpp/hotspot_action/action/detail/hotspot__type_support.cpp.o[0m
[3.927s] [35m[1mConsolidate compiler generated dependencies of target hotspot_action__rosidl_typesupport_fastrtps_cpp[0m
[3.928s] [ 29%] Built target hotspot_action__rosidl_generator_c
[3.946s] [ 35%] [34m[1mGenerating C type support dispatch for ROS interfaces[0m
[3.946s] [ 35%] [34m[1mGenerating C type support for eProsima Fast-RTPS[0m
[3.948s] [ 38%] [34m[1mGenerating C introspection for ROS interfaces[0m
[3.977s] [ 41%] [32mBuilding CXX object CMakeFiles/hotspot_action__rosidl_typesupport_fastrtps_cpp.dir/rosidl_typesupport_fastrtps_cpp/hotspot_action/action/detail/dds_fastrtps/hotspot__type_support.cpp.o[0m
[4.667s] [35m[1mConsolidate compiler generated dependencies of target hotspot_action__rosidl_typesupport_c[0m
[4.686s] [ 45%] [32mBuilding CXX object CMakeFiles/hotspot_action__rosidl_typesupport_c.dir/rosidl_typesupport_c/hotspot_action/action/hotspot__type_support.cpp.o[0m
[5.143s] [35m[1mConsolidate compiler generated dependencies of target hotspot_action__rosidl_typesupport_fastrtps_c[0m
[5.153s] [ 48%] [32m[1mLinking CXX shared library libhotspot_action__rosidl_typesupport_c.so[0m
[5.163s] [35m[1mConsolidate compiler generated dependencies of target hotspot_action__rosidl_typesupport_introspection_c[0m
[5.175s] [ 51%] [32mBuilding CXX object CMakeFiles/hotspot_action__rosidl_typesupport_fastrtps_c.dir/rosidl_typesupport_fastrtps_c/hotspot_action/action/detail/hotspot__type_support_c.cpp.o[0m
[5.221s] [ 54%] [32mBuilding C object CMakeFiles/hotspot_action__rosidl_typesupport_introspection_c.dir/rosidl_typesupport_introspection_c/hotspot_action/action/detail/hotspot__type_support.c.o[0m
[5.769s] [ 58%] [32m[1mLinking C shared library libhotspot_action__rosidl_typesupport_introspection_c.so[0m
[6.068s] [ 58%] Built target hotspot_action__rosidl_typesupport_c
[6.714s] [ 58%] Built target hotspot_action__rosidl_typesupport_introspection_c
[8.179s] [ 61%] [32m[1mLinking CXX shared library libhotspot_action__rosidl_typesupport_cpp.so[0m
[8.527s] [ 61%] Built target hotspot_action__rosidl_typesupport_cpp
[8.539s] [ 64%] [32m[1mLinking CXX shared library libhotspot_action__rosidl_typesupport_fastrtps_cpp.so[0m
[8.572s] [ 67%] [32m[1mLinking CXX shared library libhotspot_action__rosidl_typesupport_fastrtps_c.so[0m
[8.600s] [ 70%] [32m[1mLinking CXX shared library libhotspot_action__rosidl_typesupport_introspection_cpp.so[0m
[8.830s] [ 70%] Built target hotspot_action__rosidl_typesupport_fastrtps_cpp
[8.879s] [ 70%] Built target hotspot_action__rosidl_typesupport_fastrtps_c
[8.887s] [ 70%] Built target hotspot_action__rosidl_typesupport_introspection_cpp
[8.926s] [ 70%] Built target hotspot_action
[8.956s] [ 74%] [34m[1mGenerating Python code for ROS interfaces[0m
[10.581s] [ 74%] Built target hotspot_action__py
[10.597s] [35m[1mConsolidate compiler generated dependencies of target hotspot_action__rosidl_generator_py[0m
[10.615s] [ 77%] [32mBuilding C object CMakeFiles/hotspot_action__rosidl_generator_py.dir/rosidl_generator_py/hotspot_action/action/_hotspot_s.c.o[0m
[10.963s] [ 80%] [32m[1mLinking C shared library rosidl_generator_py/hotspot_action/libhotspot_action__rosidl_generator_py.so[0m
[11.159s] [ 80%] Built target hotspot_action__rosidl_generator_py
[11.172s] [35m[1mConsolidate compiler generated dependencies of target hotspot_action__rosidl_typesupport_fastrtps_c__pyext[0m
[11.172s] [35m[1mConsolidate compiler generated dependencies of target hotspot_action__rosidl_typesupport_introspection_c__pyext[0m
[11.173s] [35m[1mConsolidate compiler generated dependencies of target hotspot_action__rosidl_typesupport_c__pyext[0m
[11.192s] [ 87%] [32mBuilding C object CMakeFiles/hotspot_action__rosidl_typesupport_introspection_c__pyext.dir/rosidl_generator_py/hotspot_action/_hotspot_action_s.ep.rosidl_typesupport_introspection_c.c.o[0m
[11.193s] [ 87%] [32mBuilding C object CMakeFiles/hotspot_action__rosidl_typesupport_fastrtps_c__pyext.dir/rosidl_generator_py/hotspot_action/_hotspot_action_s.ep.rosidl_typesupport_fastrtps_c.c.o[0m
[11.222s] [ 90%] [32mBuilding C object CMakeFiles/hotspot_action__rosidl_typesupport_c__pyext.dir/rosidl_generator_py/hotspot_action/_hotspot_action_s.ep.rosidl_typesupport_c.c.o[0m
[11.501s] [ 93%] [32m[1mLinking C shared library rosidl_generator_py/hotspot_action/hotspot_action_s__rosidl_typesupport_fastrtps_c.cpython-310-x86_64-linux-gnu.so[0m
[11.519s] [ 96%] [32m[1mLinking C shared library rosidl_generator_py/hotspot_action/hotspot_action_s__rosidl_typesupport_c.cpython-310-x86_64-linux-gnu.so[0m
[11.521s] [100%] [32m[1mLinking C shared library rosidl_generator_py/hotspot_action/hotspot_action_s__rosidl_typesupport_introspection_c.cpython-310-x86_64-linux-gnu.so[0m
[11.636s] [100%] Built target hotspot_action__rosidl_typesupport_c__pyext
[11.636s] [100%] Built target hotspot_action__rosidl_typesupport_introspection_c__pyext
[11.638s] [100%] Built target hotspot_action__rosidl_typesupport_fastrtps_c__pyext
[11.657s] Invoked command in '/home/harry/ros2_ws/src/High_Vis/actions/build/hotspot_action' returned '0': CMAKE_PREFIX_PATH=${CMAKE_PREFIX_PATH}:/home/harry/ros2_ws/src/High_Vis/actions/install/actions_py:/opt/ros/humble /usr/bin/cmake --build /home/harry/ros2_ws/src/High_Vis/actions/build/hotspot_action -- -j8 -l8
[11.746s] Invoking command in '/home/harry/ros2_ws/src/High_Vis/actions/build/hotspot_action': CMAKE_PREFIX_PATH=${CMAKE_PREFIX_PATH}:/home/harry/ros2_ws/src/High_Vis/actions/install/actions_py:/opt/ros/humble /usr/bin/cmake --install /home/harry/ros2_ws/src/High_Vis/actions/build/hotspot_action
[11.754s] -- Install configuration: ""
[11.755s] -- Execute custom install script
[11.755s] -- Up-to-date symlink: /home/harry/ros2_ws/src/High_Vis/actions/install/hotspot_action/share/ament_index/resource_index/rosidl_interfaces/hotspot_action
[11.757s] -- Up-to-date symlink: /home/harry/ros2_ws/src/High_Vis/actions/install/hotspot_action/include/hotspot_action/hotspot_action/action/detail/hotspot__functions.h
[11.757s] -- Up-to-date symlink: /home/harry/ros2_ws/src/High_Vis/actions/install/hotspot_action/include/hotspot_action/hotspot_action/action/detail/hotspot__struct.h
[11.757s] -- Up-to-date symlink: /home/harry/ros2_ws/src/High_Vis/actions/install/hotspot_action/include/hotspot_action/hotspot_action/action/detail/hotspot__type_support.h
[11.758s] -- Up-to-date symlink: /home/harry/ros2_ws/src/High_Vis/actions/install/hotspot_action/include/hotspot_action/hotspot_action/action/hotspot.h
[11.758s] -- Up-to-date symlink: /home/harry/ros2_ws/src/High_Vis/actions/install/hotspot_action/include/hotspot_action/hotspot_action/msg/rosidl_generator_c__visibility_control.h
[11.758s] -- Up-to-date symlink: /home/harry/ros2_ws/src/High_Vis/actions/install/hotspot_action/share/hotspot_action/environment/library_path.sh
[11.759s] -- Up-to-date symlink: /home/harry/ros2_ws/src/High_Vis/actions/install/hotspot_action/share/hotspot_action/environment/library_path.dsv
[11.760s] -- Up-to-date symlink: /home/harry/ros2_ws/src/High_Vis/actions/install/hotspot_action/include/hotspot_action/hotspot_action/action/detail/hotspot__rosidl_typesupport_fastrtps_c.h
[11.760s] -- Up-to-date symlink: /home/harry/ros2_ws/src/High_Vis/actions/install/hotspot_action/include/hotspot_action/hotspot_action/msg/rosidl_typesupport_fastrtps_c__visibility_control.h
[11.761s] -- Up-to-date symlink: /home/harry/ros2_ws/src/High_Vis/actions/install/hotspot_action/include/hotspot_action/hotspot_action/action/detail/hotspot__rosidl_typesupport_introspection_c.h
[11.761s] -- Up-to-date symlink: /home/harry/ros2_ws/src/High_Vis/actions/install/hotspot_action/include/hotspot_action/hotspot_action/msg/rosidl_typesupport_introspection_c__visibility_control.h
[11.761s] -- Up-to-date symlink: /home/harry/ros2_ws/src/High_Vis/actions/install/hotspot_action/include/hotspot_action/hotspot_action/action/detail/hotspot__builder.hpp
[11.762s] -- Up-to-date symlink: /home/harry/ros2_ws/src/High_Vis/actions/install/hotspot_action/include/hotspot_action/hotspot_action/action/detail/hotspot__struct.hpp
[11.762s] -- Up-to-date symlink: /home/harry/ros2_ws/src/High_Vis/actions/install/hotspot_action/include/hotspot_action/hotspot_action/action/detail/hotspot__traits.hpp
[11.763s] -- Up-to-date symlink: /home/harry/ros2_ws/src/High_Vis/actions/install/hotspot_action/include/hotspot_action/hotspot_action/action/hotspot.hpp
[11.763s] -- Up-to-date symlink: /home/harry/ros2_ws/src/High_Vis/actions/install/hotspot_action/include/hotspot_action/hotspot_action/action/detail/hotspot__rosidl_typesupport_fastrtps_cpp.hpp
[11.763s] -- Up-to-date symlink: /home/harry/ros2_ws/src/High_Vis/actions/install/hotspot_action/include/hotspot_action/hotspot_action/msg/rosidl_typesupport_fastrtps_cpp__visibility_control.h
[11.763s] -- Up-to-date symlink: /home/harry/ros2_ws/src/High_Vis/actions/install/hotspot_action/include/hotspot_action/hotspot_action/action/detail/hotspot__rosidl_typesupport_introspection_cpp.hpp
[11.764s] -- Up-to-date symlink: /home/harry/ros2_ws/src/High_Vis/actions/install/hotspot_action/share/hotspot_action/environment/pythonpath.sh
[11.764s] -- Up-to-date symlink: /home/harry/ros2_ws/src/High_Vis/actions/install/hotspot_action/share/hotspot_action/environment/pythonpath.dsv
[11.765s] -- Up-to-date symlink: /home/harry/ros2_ws/src/High_Vis/actions/install/hotspot_action/local/lib/python3.10/dist-packages/hotspot_action-0.0.0-py3.10.egg-info/PKG-INFO
[11.765s] -- Up-to-date symlink: /home/harry/ros2_ws/src/High_Vis/actions/install/hotspot_action/local/lib/python3.10/dist-packages/hotspot_action-0.0.0-py3.10.egg-info/SOURCES.txt
[11.766s] -- Up-to-date symlink: /home/harry/ros2_ws/src/High_Vis/actions/install/hotspot_action/local/lib/python3.10/dist-packages/hotspot_action-0.0.0-py3.10.egg-info/dependency_links.txt
[11.766s] -- Up-to-date symlink: /home/harry/ros2_ws/src/High_Vis/actions/install/hotspot_action/local/lib/python3.10/dist-packages/hotspot_action-0.0.0-py3.10.egg-info/top_level.txt
[11.767s] -- Up-to-date symlink: /home/harry/ros2_ws/src/High_Vis/actions/install/hotspot_action/local/lib/python3.10/dist-packages/hotspot_action/__init__.py
[11.768s] -- Up-to-date symlink: /home/harry/ros2_ws/src/High_Vis/actions/install/hotspot_action/local/lib/python3.10/dist-packages/hotspot_action/_hotspot_action_s.ep.rosidl_typesupport_c.c
[11.768s] -- Up-to-date symlink: /home/harry/ros2_ws/src/High_Vis/actions/install/hotspot_action/local/lib/python3.10/dist-packages/hotspot_action/_hotspot_action_s.ep.rosidl_typesupport_fastrtps_c.c
[11.768s] -- Up-to-date symlink: /home/harry/ros2_ws/src/High_Vis/actions/install/hotspot_action/local/lib/python3.10/dist-packages/hotspot_action/_hotspot_action_s.ep.rosidl_typesupport_introspection_c.c
[11.769s] -- Up-to-date symlink: /home/harry/ros2_ws/src/High_Vis/actions/install/hotspot_action/local/lib/python3.10/dist-packages/hotspot_action/action/__init__.py
[11.769s] -- Up-to-date symlink: /home/harry/ros2_ws/src/High_Vis/actions/install/hotspot_action/local/lib/python3.10/dist-packages/hotspot_action/action/_hotspot.py
[11.769s] -- Up-to-date symlink: /home/harry/ros2_ws/src/High_Vis/actions/install/hotspot_action/local/lib/python3.10/dist-packages/hotspot_action/action/_hotspot_s.c
[11.769s] -- Up-to-date symlink: /home/harry/ros2_ws/src/High_Vis/actions/install/hotspot_action/local/lib/python3.10/dist-packages/hotspot_action/hotspot_action_s__rosidl_typesupport_c.cpython-310-x86_64-linux-gnu.so
[11.770s] -- Up-to-date symlink: /home/harry/ros2_ws/src/High_Vis/actions/install/hotspot_action/local/lib/python3.10/dist-packages/hotspot_action/hotspot_action_s__rosidl_typesupport_fastrtps_c.cpython-310-x86_64-linux-gnu.so
[11.770s] -- Up-to-date symlink: /home/harry/ros2_ws/src/High_Vis/actions/install/hotspot_action/local/lib/python3.10/dist-packages/hotspot_action/hotspot_action_s__rosidl_typesupport_introspection_c.cpython-310-x86_64-linux-gnu.so
[11.770s] -- Up-to-date symlink: /home/harry/ros2_ws/src/High_Vis/actions/install/hotspot_action/local/lib/python3.10/dist-packages/hotspot_action/libhotspot_action__rosidl_generator_py.so
[11.770s] -- Up-to-date symlink: /home/harry/ros2_ws/src/High_Vis/actions/install/hotspot_action/local/lib/python3.10/dist-packages/hotspot_action/hotspot_action_s__rosidl_typesupport_fastrtps_c.cpython-310-x86_64-linux-gnu.so
[11.770s] -- Up-to-date symlink: /home/harry/ros2_ws/src/High_Vis/actions/install/hotspot_action/local/lib/python3.10/dist-packages/hotspot_action/hotspot_action_s__rosidl_typesupport_introspection_c.cpython-310-x86_64-linux-gnu.so
[11.770s] -- Up-to-date symlink: /home/harry/ros2_ws/src/High_Vis/actions/install/hotspot_action/local/lib/python3.10/dist-packages/hotspot_action/hotspot_action_s__rosidl_typesupport_c.cpython-310-x86_64-linux-gnu.so
[11.771s] -- Up-to-date symlink: /home/harry/ros2_ws/src/High_Vis/actions/install/hotspot_action/share/hotspot_action/action/Hotspot.idl
[11.771s] -- Up-to-date symlink: /home/harry/ros2_ws/src/High_Vis/actions/install/hotspot_action/share/hotspot_action/action/Hotspot.action
[11.772s] -- Up-to-date symlink: /home/harry/ros2_ws/src/High_Vis/actions/install/hotspot_action/share/ament_index/resource_index/package_run_dependencies/hotspot_action
[11.772s] -- Up-to-date symlink: /home/harry/ros2_ws/src/High_Vis/actions/install/hotspot_action/share/ament_index/resource_index/parent_prefix_path/hotspot_action
[11.773s] -- Up-to-date symlink: /home/harry/ros2_ws/src/High_Vis/actions/install/hotspot_action/share/hotspot_action/environment/ament_prefix_path.sh
[11.774s] -- Up-to-date symlink: /home/harry/ros2_ws/src/High_Vis/actions/install/hotspot_action/share/hotspot_action/environment/ament_prefix_path.dsv
[11.774s] -- Up-to-date symlink: /home/harry/ros2_ws/src/High_Vis/actions/install/hotspot_action/share/hotspot_action/environment/path.sh
[11.774s] -- Up-to-date symlink: /home/harry/ros2_ws/src/High_Vis/actions/install/hotspot_action/share/hotspot_action/environment/path.dsv
[11.775s] -- Up-to-date symlink: /home/harry/ros2_ws/src/High_Vis/actions/install/hotspot_action/share/hotspot_action/local_setup.bash
[11.775s] -- Up-to-date symlink: /home/harry/ros2_ws/src/High_Vis/actions/install/hotspot_action/share/hotspot_action/local_setup.sh
[11.775s] -- Up-to-date symlink: /home/harry/ros2_ws/src/High_Vis/actions/install/hotspot_action/share/hotspot_action/local_setup.zsh
[11.775s] -- Up-to-date symlink: /home/harry/ros2_ws/src/High_Vis/actions/install/hotspot_action/share/hotspot_action/local_setup.dsv
[11.776s] -- Symlinking: /home/harry/ros2_ws/src/High_Vis/actions/install/hotspot_action/share/hotspot_action/package.dsv
[11.789s] -- Up-to-date symlink: /home/harry/ros2_ws/src/High_Vis/actions/install/hotspot_action/share/ament_index/resource_index/packages/hotspot_action
[11.789s] -- Up-to-date symlink: /home/harry/ros2_ws/src/High_Vis/actions/install/hotspot_action/share/hotspot_action/cmake/rosidl_cmake-extras.cmake
[11.790s] -- Up-to-date symlink: /home/harry/ros2_ws/src/High_Vis/actions/install/hotspot_action/share/hotspot_action/cmake/ament_cmake_export_dependencies-extras.cmake
[11.792s] -- Up-to-date symlink: /home/harry/ros2_ws/src/High_Vis/actions/install/hotspot_action/share/hotspot_action/cmake/ament_cmake_export_include_directories-extras.cmake
[11.793s] -- Up-to-date symlink: /home/harry/ros2_ws/src/High_Vis/actions/install/hotspot_action/share/hotspot_action/cmake/ament_cmake_export_libraries-extras.cmake
[11.793s] -- Up-to-date symlink: /home/harry/ros2_ws/src/High_Vis/actions/install/hotspot_action/share/hotspot_action/cmake/ament_cmake_export_targets-extras.cmake
[11.793s] -- Up-to-date symlink: /home/harry/ros2_ws/src/High_Vis/actions/install/hotspot_action/share/hotspot_action/cmake/rosidl_cmake_export_typesupport_targets-extras.cmake
[11.793s] -- Up-to-date symlink: /home/harry/ros2_ws/src/High_Vis/actions/install/hotspot_action/share/hotspot_action/cmake/rosidl_cmake_export_typesupport_libraries-extras.cmake
[11.793s] -- Up-to-date symlink: /home/harry/ros2_ws/src/High_Vis/actions/install/hotspot_action/share/hotspot_action/cmake/hotspot_actionConfig.cmake
[11.793s] -- Up-to-date symlink: /home/harry/ros2_ws/src/High_Vis/actions/install/hotspot_action/share/hotspot_action/cmake/hotspot_actionConfig-version.cmake
[11.793s] -- Up-to-date symlink: /home/harry/ros2_ws/src/High_Vis/actions/install/hotspot_action/share/hotspot_action/package.xml
[11.796s] -- Installing: /home/harry/ros2_ws/src/High_Vis/actions/install/hotspot_action/lib/libhotspot_action__rosidl_generator_c.so
[11.799s] -- Set runtime path of "/home/harry/ros2_ws/src/High_Vis/actions/install/hotspot_action/lib/libhotspot_action__rosidl_generator_c.so" to ""
[11.801s] -- Installing: /home/harry/ros2_ws/src/High_Vis/actions/install/hotspot_action/lib/libhotspot_action__rosidl_typesupport_fastrtps_c.so
[11.802s] -- Set runtime path of "/home/harry/ros2_ws/src/High_Vis/actions/install/hotspot_action/lib/libhotspot_action__rosidl_typesupport_fastrtps_c.so" to ""
[11.802s] -- Installing: /home/harry/ros2_ws/src/High_Vis/actions/install/hotspot_action/lib/libhotspot_action__rosidl_typesupport_introspection_c.so
[11.803s] -- Set runtime path of "/home/harry/ros2_ws/src/High_Vis/actions/install/hotspot_action/lib/libhotspot_action__rosidl_typesupport_introspection_c.so" to ""
[11.805s] -- Installing: /home/harry/ros2_ws/src/High_Vis/actions/install/hotspot_action/lib/libhotspot_action__rosidl_typesupport_c.so
[11.806s] -- Set runtime path of "/home/harry/ros2_ws/src/High_Vis/actions/install/hotspot_action/lib/libhotspot_action__rosidl_typesupport_c.so" to ""
[11.809s] -- Installing: /home/harry/ros2_ws/src/High_Vis/actions/install/hotspot_action/lib/libhotspot_action__rosidl_typesupport_fastrtps_cpp.so
[11.811s] -- Set runtime path of "/home/harry/ros2_ws/src/High_Vis/actions/install/hotspot_action/lib/libhotspot_action__rosidl_typesupport_fastrtps_cpp.so" to ""
[11.812s] -- Installing: /home/harry/ros2_ws/src/High_Vis/actions/install/hotspot_action/lib/libhotspot_action__rosidl_typesupport_introspection_cpp.so
[11.813s] -- Set runtime path of "/home/harry/ros2_ws/src/High_Vis/actions/install/hotspot_action/lib/libhotspot_action__rosidl_typesupport_introspection_cpp.so" to ""
[11.815s] -- Installing: /home/harry/ros2_ws/src/High_Vis/actions/install/hotspot_action/lib/libhotspot_action__rosidl_typesupport_cpp.so
[11.819s] -- Set runtime path of "/home/harry/ros2_ws/src/High_Vis/actions/install/hotspot_action/lib/libhotspot_action__rosidl_typesupport_cpp.so" to ""
[11.866s] Listing '/home/harry/ros2_ws/src/High_Vis/actions/install/hotspot_action/local/lib/python3.10/dist-packages/hotspot_action'...
[11.866s] Compiling '/home/harry/ros2_ws/src/High_Vis/actions/install/hotspot_action/local/lib/python3.10/dist-packages/hotspot_action/__init__.py'...
[11.866s] Listing '/home/harry/ros2_ws/src/High_Vis/actions/install/hotspot_action/local/lib/python3.10/dist-packages/hotspot_action/action'...
[11.867s] Compiling '/home/harry/ros2_ws/src/High_Vis/actions/install/hotspot_action/local/lib/python3.10/dist-packages/hotspot_action/action/__init__.py'...
[11.867s] Compiling '/home/harry/ros2_ws/src/High_Vis/actions/install/hotspot_action/local/lib/python3.10/dist-packages/hotspot_action/action/_hotspot.py'...
[11.876s] -- Installing: /home/harry/ros2_ws/src/High_Vis/actions/install/hotspot_action/lib/libhotspot_action__rosidl_generator_py.so
[11.877s] -- Set runtime path of "/home/harry/ros2_ws/src/High_Vis/actions/install/hotspot_action/lib/libhotspot_action__rosidl_generator_py.so" to ""
[11.878s] -- Up-to-date: /home/harry/ros2_ws/src/High_Vis/actions/install/hotspot_action/share/hotspot_action/cmake/export_hotspot_action__rosidl_generator_cExport.cmake
[11.878s] -- Up-to-date: /home/harry/ros2_ws/src/High_Vis/actions/install/hotspot_action/share/hotspot_action/cmake/export_hotspot_action__rosidl_generator_cExport-noconfig.cmake
[11.879s] -- Up-to-date: /home/harry/ros2_ws/src/High_Vis/actions/install/hotspot_action/share/hotspot_action/cmake/export_hotspot_action__rosidl_typesupport_fastrtps_cExport.cmake
[11.879s] -- Up-to-date: /home/harry/ros2_ws/src/High_Vis/actions/install/hotspot_action/share/hotspot_action/cmake/export_hotspot_action__rosidl_typesupport_fastrtps_cExport-noconfig.cmake
[11.880s] -- Up-to-date: /home/harry/ros2_ws/src/High_Vis/actions/install/hotspot_action/share/hotspot_action/cmake/hotspot_action__rosidl_typesupport_introspection_cExport.cmake
[11.880s] -- Up-to-date: /home/harry/ros2_ws/src/High_Vis/actions/install/hotspot_action/share/hotspot_action/cmake/hotspot_action__rosidl_typesupport_introspection_cExport-noconfig.cmake
[11.880s] -- Up-to-date: /home/harry/ros2_ws/src/High_Vis/actions/install/hotspot_action/share/hotspot_action/cmake/hotspot_action__rosidl_typesupport_cExport.cmake
[11.880s] -- Up-to-date: /home/harry/ros2_ws/src/High_Vis/actions/install/hotspot_action/share/hotspot_action/cmake/hotspot_action__rosidl_typesupport_cExport-noconfig.cmake
[11.881s] -- Up-to-date: /home/harry/ros2_ws/src/High_Vis/actions/install/hotspot_action/share/hotspot_action/cmake/export_hotspot_action__rosidl_generator_cppExport.cmake
[11.882s] -- Up-to-date: /home/harry/ros2_ws/src/High_Vis/actions/install/hotspot_action/share/hotspot_action/cmake/export_hotspot_action__rosidl_typesupport_fastrtps_cppExport.cmake
[11.882s] -- Up-to-date: /home/harry/ros2_ws/src/High_Vis/actions/install/hotspot_action/share/hotspot_action/cmake/export_hotspot_action__rosidl_typesupport_fastrtps_cppExport-noconfig.cmake
[11.883s] -- Up-to-date: /home/harry/ros2_ws/src/High_Vis/actions/install/hotspot_action/share/hotspot_action/cmake/hotspot_action__rosidl_typesupport_introspection_cppExport.cmake
[11.883s] -- Up-to-date: /home/harry/ros2_ws/src/High_Vis/actions/install/hotspot_action/share/hotspot_action/cmake/hotspot_action__rosidl_typesupport_introspection_cppExport-noconfig.cmake
[11.884s] -- Up-to-date: /home/harry/ros2_ws/src/High_Vis/actions/install/hotspot_action/share/hotspot_action/cmake/hotspot_action__rosidl_typesupport_cppExport.cmake
[11.884s] -- Up-to-date: /home/harry/ros2_ws/src/High_Vis/actions/install/hotspot_action/share/hotspot_action/cmake/hotspot_action__rosidl_typesupport_cppExport-noconfig.cmake
[11.885s] -- Up-to-date: /home/harry/ros2_ws/src/High_Vis/actions/install/hotspot_action/share/hotspot_action/cmake/export_hotspot_action__rosidl_generator_pyExport.cmake
[11.885s] -- Up-to-date: /home/harry/ros2_ws/src/High_Vis/actions/install/hotspot_action/share/hotspot_action/cmake/export_hotspot_action__rosidl_generator_pyExport-noconfig.cmake
[11.890s] Invoked command in '/home/harry/ros2_ws/src/High_Vis/actions/build/hotspot_action' returned '0': CMAKE_PREFIX_PATH=${CMAKE_PREFIX_PATH}:/home/harry/ros2_ws/src/High_Vis/actions/install/actions_py:/opt/ros/humble /usr/bin/cmake --install /home/harry/ros2_ws/src/High_Vis/actions/build/hotspot_action
