[0.520s] Invoking command in '/home/msc-robot/Documents/Team4_ros_ws/src/High_Vis/Thermal_Images/build/image_view': CMAKE_PREFIX_PATH=${CMAKE_PREFIX_PATH}:/home/msc-robot/Documents/Team4_ros_ws/src/High_Vis/Thermal_Images/install/Thermal_Image_Save:/home/msc-robot/Documents/Team4_ros_ws/src/High_Vis/post_process/install/pdf_generator:/home/msc-robot/Documents/Team4_ros_ws/src/High_Vis/post_process/install/hotspot_detection:/home/msc-robot/Documents/Team4_ros_ws/src/Thermal/install/camera_calibration:/home/msc-robot/Documents/Team4_ros_ws/src/Thermal/install/Thermal_save:/home/msc-robot/Documents/Team4_ros_ws/install/launch_robotnav:/home/msc-robot/Documents/Team4_ros_ws/install/clearpath_generator_gz:/home/msc-robot/Documents/Team4_ros_ws/install/clearpath_config:/home/msc-robot/Documents/Team4_ros_ws/install/camera_calibration:/home/msc-robot/Documents/Team4_ros_ws/install/Thermal_save:/opt/ros/humble /usr/bin/cmake /home/msc-robot/Documents/Team4_ros_ws/src/High_Vis/Thermal_Images/src/image_pipeline/image_view -DCMAKE_INSTALL_PREFIX=/home/msc-robot/Documents/Team4_ros_ws/src/High_Vis/Thermal_Images/install/image_view
[0.843s] -- The C compiler identification is GNU 11.4.0
[1.009s] -- The CXX compiler identification is GNU 11.4.0
[1.033s] -- Detecting C compiler ABI info
[1.369s] -- Detecting C compiler ABI info - done
[1.405s] -- Check for working C compiler: /usr/bin/cc - skipped
[1.408s] -- Detecting C compile features
[1.410s] -- Detecting C compile features - done
[1.435s] -- Detecting CXX compiler ABI info
[1.778s] -- Detecting CXX compiler ABI info - done
[1.797s] -- Check for working CXX compiler: /usr/bin/c++ - skipped
[1.798s] -- Detecting CXX compile features
[1.799s] -- Detecting CXX compile features - done
[1.854s] -- Found ament_cmake_auto: 1.3.8 (/opt/ros/humble/share/ament_cmake_auto/cmake)
[2.602s] -- Found Python3: /usr/bin/python3 (found version "3.10.12") found components: Interpreter 
[4.046s] -- Found rosidl_generator_c: 3.1.5 (/opt/ros/humble/share/rosidl_generator_c/cmake)
[4.087s] -- Found rosidl_adapter: 3.1.5 (/opt/ros/humble/share/rosidl_adapter/cmake)
[4.221s] -- Found rosidl_generator_cpp: 3.1.5 (/opt/ros/humble/share/rosidl_generator_cpp/cmake)
[4.371s] -- Using all available rosidl_typesupport_c: rosidl_typesupport_fastrtps_c;rosidl_typesupport_introspection_c
[4.532s] -- Using all available rosidl_typesupport_cpp: rosidl_typesupport_fastrtps_cpp;rosidl_typesupport_introspection_cpp
[5.089s] -- Found rmw_implementation_cmake: 6.1.1 (/opt/ros/humble/share/rmw_implementation_cmake/cmake)
[5.125s] -- Found rmw_fastrtps_cpp: 6.2.6 (/opt/ros/humble/share/rmw_fastrtps_cpp/cmake)
[5.688s] -- Found OpenSSL: /usr/lib/x86_64-linux-gnu/libcrypto.so (found version "3.0.2")  
[5.836s] -- Found FastRTPS: /opt/ros/humble/include  
[6.058s] -- Using RMW implementation 'rmw_fastrtps_cpp' as default
[6.137s] -- Looking for pthread.h
[6.447s] -- Looking for pthread.h - found
[6.448s] -- Performing Test CMAKE_HAVE_LIBC_PTHREAD
[6.822s] -- Performing Test CMAKE_HAVE_LIBC_PTHREAD - Success
[6.835s] -- Found Threads: TRUE  
[9.394s] -- Found Boost: /usr/lib/x86_64-linux-gnu/cmake/Boost-1.74.0/BoostConfig.cmake (found version "1.74.0")  
[9.421s] -- Found OpenCV: /usr (found version "4.5.4") 
[9.664s] -- Found ament_lint_auto: 0.12.10 (/opt/ros/humble/share/ament_lint_auto/cmake)
[9.912s] -- Added test 'copyright' to check source files copyright and LICENSE
[9.930s] -- Added test 'cppcheck' to perform static code analysis on C / C++ code
[9.932s] -- Configured cppcheck include dirs: /home/msc-robot/Documents/Team4_ros_ws/src/High_Vis/Thermal_Images/src/image_pipeline/image_view/include
[9.932s] -- Configured cppcheck exclude dirs and/or files: 
[9.940s] -- Added test 'cpplint' to check C / C++ code against the Google style
[9.941s] -- Configured cpplint exclude dirs and/or files: 
[9.946s] -- Added test 'lint_cmake' to check CMake code style
[9.966s] -- Added test 'uncrustify' to check C / C++ code style
[9.967s] -- Configured uncrustify additional arguments: 
[9.971s] -- Added test 'xmllint' to check XML markup files
[9.993s] -- Configuring done
[10.186s] -- Generating done
[10.190s] -- Build files have been written to: /home/msc-robot/Documents/Team4_ros_ws/src/High_Vis/Thermal_Images/build/image_view
[10.437s] Invoked command in '/home/msc-robot/Documents/Team4_ros_ws/src/High_Vis/Thermal_Images/build/image_view' returned '0': CMAKE_PREFIX_PATH=${CMAKE_PREFIX_PATH}:/home/msc-robot/Documents/Team4_ros_ws/src/High_Vis/Thermal_Images/install/Thermal_Image_Save:/home/msc-robot/Documents/Team4_ros_ws/src/High_Vis/post_process/install/pdf_generator:/home/msc-robot/Documents/Team4_ros_ws/src/High_Vis/post_process/install/hotspot_detection:/home/msc-robot/Documents/Team4_ros_ws/src/Thermal/install/camera_calibration:/home/msc-robot/Documents/Team4_ros_ws/src/Thermal/install/Thermal_save:/home/msc-robot/Documents/Team4_ros_ws/install/launch_robotnav:/home/msc-robot/Documents/Team4_ros_ws/install/clearpath_generator_gz:/home/msc-robot/Documents/Team4_ros_ws/install/clearpath_config:/home/msc-robot/Documents/Team4_ros_ws/install/camera_calibration:/home/msc-robot/Documents/Team4_ros_ws/install/Thermal_save:/opt/ros/humble /usr/bin/cmake /home/msc-robot/Documents/Team4_ros_ws/src/High_Vis/Thermal_Images/src/image_pipeline/image_view -DCMAKE_INSTALL_PREFIX=/home/msc-robot/Documents/Team4_ros_ws/src/High_Vis/Thermal_Images/install/image_view
[10.440s] Invoking command in '/home/msc-robot/Documents/Team4_ros_ws/src/High_Vis/Thermal_Images/build/image_view': CMAKE_PREFIX_PATH=${CMAKE_PREFIX_PATH}:/home/msc-robot/Documents/Team4_ros_ws/src/High_Vis/Thermal_Images/install/Thermal_Image_Save:/home/msc-robot/Documents/Team4_ros_ws/src/High_Vis/post_process/install/pdf_generator:/home/msc-robot/Documents/Team4_ros_ws/src/High_Vis/post_process/install/hotspot_detection:/home/msc-robot/Documents/Team4_ros_ws/src/Thermal/install/camera_calibration:/home/msc-robot/Documents/Team4_ros_ws/src/Thermal/install/Thermal_save:/home/msc-robot/Documents/Team4_ros_ws/install/launch_robotnav:/home/msc-robot/Documents/Team4_ros_ws/install/clearpath_generator_gz:/home/msc-robot/Documents/Team4_ros_ws/install/clearpath_config:/home/msc-robot/Documents/Team4_ros_ws/install/camera_calibration:/home/msc-robot/Documents/Team4_ros_ws/install/Thermal_save:/opt/ros/humble /usr/bin/cmake --build /home/msc-robot/Documents/Team4_ros_ws/src/High_Vis/Thermal_Images/build/image_view -- -j4 -l4
[10.595s] [  5%] [32mBuilding CXX object CMakeFiles/image_view_nodes.dir/src/disparity_view_node.cpp.o[0m
[30.569s] [ 10%] [32mBuilding CXX object CMakeFiles/image_view_nodes.dir/src/image_saver_node.cpp.o[0m
[42.825s] [ 15%] [32mBuilding CXX object CMakeFiles/image_view_nodes.dir/src/stereo_view_node.cpp.o[0m
[70.008s] [ 21%] [32mBuilding CXX object CMakeFiles/image_view_nodes.dir/src/video_recorder_node.cpp.o[0m
[78.725s] [ 26%] [32mBuilding CXX object CMakeFiles/image_view_nodes.dir/src/image_view_node.cpp.o[0m
[92.519s] [ 31%] [32mBuilding CXX object CMakeFiles/image_view_nodes.dir/src/extract_images_node.cpp.o[0m
[101.689s] [ 36%] [32m[1mLinking CXX shared library libimage_view_nodes.so[0m
[104.421s] [ 36%] Built target image_view_nodes
[104.479s] [ 42%] [32mBuilding CXX object CMakeFiles/disparity_view.dir/src/disparity_view.cpp.o[0m
[110.391s] [ 47%] [32m[1mLinking CXX executable disparity_view[0m
[112.387s] [ 47%] Built target disparity_view
[112.451s] [ 52%] [32mBuilding CXX object CMakeFiles/extract_images.dir/src/extract_images.cpp.o[0m
[119.887s] [ 57%] [32m[1mLinking CXX executable extract_images[0m
[121.735s] [ 57%] Built target extract_images
[121.823s] [ 63%] [32mBuilding CXX object CMakeFiles/image_saver.dir/src/image_saver.cpp.o[0m
[128.687s] [ 68%] [32m[1mLinking CXX executable image_saver[0m
[130.720s] [ 68%] Built target image_saver
[130.784s] [ 73%] [32mBuilding CXX object CMakeFiles/video_recorder.dir/src/video_recorder.cpp.o[0m
[137.710s] [ 78%] [32m[1mLinking CXX executable video_recorder[0m
[140.040s] [ 78%] Built target video_recorder
[140.101s] [ 84%] [32mBuilding CXX object CMakeFiles/stereo_view.dir/src/stereo_view.cpp.o[0m
[157.147s] [ 89%] [32m[1mLinking CXX executable stereo_view[0m
[159.443s] [ 89%] Built target stereo_view
[159.488s] [ 94%] [32mBuilding CXX object CMakeFiles/image_view.dir/src/image_view.cpp.o[0m
[165.132s] [100%] [32m[1mLinking CXX executable image_view[0m
[166.593s] [100%] Built target image_view
[166.614s] Invoked command in '/home/msc-robot/Documents/Team4_ros_ws/src/High_Vis/Thermal_Images/build/image_view' returned '0': CMAKE_PREFIX_PATH=${CMAKE_PREFIX_PATH}:/home/msc-robot/Documents/Team4_ros_ws/src/High_Vis/Thermal_Images/install/Thermal_Image_Save:/home/msc-robot/Documents/Team4_ros_ws/src/High_Vis/post_process/install/pdf_generator:/home/msc-robot/Documents/Team4_ros_ws/src/High_Vis/post_process/install/hotspot_detection:/home/msc-robot/Documents/Team4_ros_ws/src/Thermal/install/camera_calibration:/home/msc-robot/Documents/Team4_ros_ws/src/Thermal/install/Thermal_save:/home/msc-robot/Documents/Team4_ros_ws/install/launch_robotnav:/home/msc-robot/Documents/Team4_ros_ws/install/clearpath_generator_gz:/home/msc-robot/Documents/Team4_ros_ws/install/clearpath_config:/home/msc-robot/Documents/Team4_ros_ws/install/camera_calibration:/home/msc-robot/Documents/Team4_ros_ws/install/Thermal_save:/opt/ros/humble /usr/bin/cmake --build /home/msc-robot/Documents/Team4_ros_ws/src/High_Vis/Thermal_Images/build/image_view -- -j4 -l4
[166.789s] Invoking command in '/home/msc-robot/Documents/Team4_ros_ws/src/High_Vis/Thermal_Images/build/image_view': CMAKE_PREFIX_PATH=${CMAKE_PREFIX_PATH}:/home/msc-robot/Documents/Team4_ros_ws/src/High_Vis/Thermal_Images/install/Thermal_Image_Save:/home/msc-robot/Documents/Team4_ros_ws/src/High_Vis/post_process/install/pdf_generator:/home/msc-robot/Documents/Team4_ros_ws/src/High_Vis/post_process/install/hotspot_detection:/home/msc-robot/Documents/Team4_ros_ws/src/Thermal/install/camera_calibration:/home/msc-robot/Documents/Team4_ros_ws/src/Thermal/install/Thermal_save:/home/msc-robot/Documents/Team4_ros_ws/install/launch_robotnav:/home/msc-robot/Documents/Team4_ros_ws/install/clearpath_generator_gz:/home/msc-robot/Documents/Team4_ros_ws/install/clearpath_config:/home/msc-robot/Documents/Team4_ros_ws/install/camera_calibration:/home/msc-robot/Documents/Team4_ros_ws/install/Thermal_save:/opt/ros/humble /usr/bin/cmake --install /home/msc-robot/Documents/Team4_ros_ws/src/High_Vis/Thermal_Images/build/image_view
[166.804s] -- Install configuration: ""
[166.804s] -- Installing: /home/msc-robot/Documents/Team4_ros_ws/src/High_Vis/Thermal_Images/install/image_view/include
[166.804s] -- Installing: /home/msc-robot/Documents/Team4_ros_ws/src/High_Vis/Thermal_Images/install/image_view/include/image_view
[166.804s] -- Installing: /home/msc-robot/Documents/Team4_ros_ws/src/High_Vis/Thermal_Images/install/image_view/include/image_view/stereo_view_node.hpp
[166.805s] -- Installing: /home/msc-robot/Documents/Team4_ros_ws/src/High_Vis/Thermal_Images/install/image_view/include/image_view/image_saver_node.hpp
[166.805s] -- Installing: /home/msc-robot/Documents/Team4_ros_ws/src/High_Vis/Thermal_Images/install/image_view/include/image_view/disparity_view_node.hpp
[166.805s] -- Installing: /home/msc-robot/Documents/Team4_ros_ws/src/High_Vis/Thermal_Images/install/image_view/include/image_view/video_recorder_node.hpp
[166.805s] -- Installing: /home/msc-robot/Documents/Team4_ros_ws/src/High_Vis/Thermal_Images/install/image_view/include/image_view/extract_images_node.hpp
[166.806s] -- Installing: /home/msc-robot/Documents/Team4_ros_ws/src/High_Vis/Thermal_Images/install/image_view/include/image_view/image_view_node.hpp
[166.806s] -- Installing: /home/msc-robot/Documents/Team4_ros_ws/src/High_Vis/Thermal_Images/install/image_view/share/image_view/environment/library_path.sh
[166.806s] -- Installing: /home/msc-robot/Documents/Team4_ros_ws/src/High_Vis/Thermal_Images/install/image_view/share/image_view/environment/library_path.dsv
[166.807s] -- Installing: /home/msc-robot/Documents/Team4_ros_ws/src/High_Vis/Thermal_Images/install/image_view/lib/libimage_view_nodes.so
[166.839s] -- Set runtime path of "/home/msc-robot/Documents/Team4_ros_ws/src/High_Vis/Thermal_Images/install/image_view/lib/libimage_view_nodes.so" to ""
[166.839s] -- Installing: /home/msc-robot/Documents/Team4_ros_ws/src/High_Vis/Thermal_Images/install/image_view/lib/image_view/disparity_view
[166.840s] -- Set runtime path of "/home/msc-robot/Documents/Team4_ros_ws/src/High_Vis/Thermal_Images/install/image_view/lib/image_view/disparity_view" to ""
[166.841s] -- Installing: /home/msc-robot/Documents/Team4_ros_ws/src/High_Vis/Thermal_Images/install/image_view/lib/image_view/image_view
[166.842s] -- Set runtime path of "/home/msc-robot/Documents/Team4_ros_ws/src/High_Vis/Thermal_Images/install/image_view/lib/image_view/image_view" to ""
[166.842s] -- Installing: /home/msc-robot/Documents/Team4_ros_ws/src/High_Vis/Thermal_Images/install/image_view/lib/image_view/stereo_view
[166.843s] -- Set runtime path of "/home/msc-robot/Documents/Team4_ros_ws/src/High_Vis/Thermal_Images/install/image_view/lib/image_view/stereo_view" to ""
[166.843s] -- Installing: /home/msc-robot/Documents/Team4_ros_ws/src/High_Vis/Thermal_Images/install/image_view/lib/image_view/extract_images
[166.844s] -- Set runtime path of "/home/msc-robot/Documents/Team4_ros_ws/src/High_Vis/Thermal_Images/install/image_view/lib/image_view/extract_images" to ""
[166.845s] -- Installing: /home/msc-robot/Documents/Team4_ros_ws/src/High_Vis/Thermal_Images/install/image_view/lib/image_view/image_saver
[166.846s] -- Set runtime path of "/home/msc-robot/Documents/Team4_ros_ws/src/High_Vis/Thermal_Images/install/image_view/lib/image_view/image_saver" to ""
[166.846s] -- Installing: /home/msc-robot/Documents/Team4_ros_ws/src/High_Vis/Thermal_Images/install/image_view/lib/image_view/video_recorder
[166.847s] -- Set runtime path of "/home/msc-robot/Documents/Team4_ros_ws/src/High_Vis/Thermal_Images/install/image_view/lib/image_view/video_recorder" to ""
[166.847s] -- Installing: /home/msc-robot/Documents/Team4_ros_ws/src/High_Vis/Thermal_Images/install/image_view/share/ament_index/resource_index/package_run_dependencies/image_view
[166.848s] -- Installing: /home/msc-robot/Documents/Team4_ros_ws/src/High_Vis/Thermal_Images/install/image_view/share/ament_index/resource_index/parent_prefix_path/image_view
[166.848s] -- Installing: /home/msc-robot/Documents/Team4_ros_ws/src/High_Vis/Thermal_Images/install/image_view/share/image_view/environment/ament_prefix_path.sh
[166.848s] -- Installing: /home/msc-robot/Documents/Team4_ros_ws/src/High_Vis/Thermal_Images/install/image_view/share/image_view/environment/ament_prefix_path.dsv
[166.849s] -- Installing: /home/msc-robot/Documents/Team4_ros_ws/src/High_Vis/Thermal_Images/install/image_view/share/image_view/environment/path.sh
[166.849s] -- Installing: /home/msc-robot/Documents/Team4_ros_ws/src/High_Vis/Thermal_Images/install/image_view/share/image_view/environment/path.dsv
[166.849s] -- Installing: /home/msc-robot/Documents/Team4_ros_ws/src/High_Vis/Thermal_Images/install/image_view/share/image_view/local_setup.bash
[166.850s] -- Installing: /home/msc-robot/Documents/Team4_ros_ws/src/High_Vis/Thermal_Images/install/image_view/share/image_view/local_setup.sh
[166.850s] -- Installing: /home/msc-robot/Documents/Team4_ros_ws/src/High_Vis/Thermal_Images/install/image_view/share/image_view/local_setup.zsh
[166.850s] -- Installing: /home/msc-robot/Documents/Team4_ros_ws/src/High_Vis/Thermal_Images/install/image_view/share/image_view/local_setup.dsv
[166.851s] -- Installing: /home/msc-robot/Documents/Team4_ros_ws/src/High_Vis/Thermal_Images/install/image_view/share/image_view/package.dsv
[166.851s] -- Installing: /home/msc-robot/Documents/Team4_ros_ws/src/High_Vis/Thermal_Images/install/image_view/share/ament_index/resource_index/packages/image_view
[166.851s] -- Installing: /home/msc-robot/Documents/Team4_ros_ws/src/High_Vis/Thermal_Images/install/image_view/share/ament_index/resource_index/rclcpp_components/image_view
[166.852s] -- Installing: /home/msc-robot/Documents/Team4_ros_ws/src/High_Vis/Thermal_Images/install/image_view/share/image_view/cmake/ament_cmake_export_dependencies-extras.cmake
[166.852s] -- Installing: /home/msc-robot/Documents/Team4_ros_ws/src/High_Vis/Thermal_Images/install/image_view/share/image_view/cmake/ament_cmake_export_include_directories-extras.cmake
[166.852s] -- Installing: /home/msc-robot/Documents/Team4_ros_ws/src/High_Vis/Thermal_Images/install/image_view/share/image_view/cmake/ament_cmake_export_libraries-extras.cmake
[166.853s] -- Installing: /home/msc-robot/Documents/Team4_ros_ws/src/High_Vis/Thermal_Images/install/image_view/share/image_view/cmake/image_viewConfig.cmake
[166.853s] -- Installing: /home/msc-robot/Documents/Team4_ros_ws/src/High_Vis/Thermal_Images/install/image_view/share/image_view/cmake/image_viewConfig-version.cmake
[166.853s] -- Installing: /home/msc-robot/Documents/Team4_ros_ws/src/High_Vis/Thermal_Images/install/image_view/share/image_view/package.xml
[166.857s] Invoked command in '/home/msc-robot/Documents/Team4_ros_ws/src/High_Vis/Thermal_Images/build/image_view' returned '0': CMAKE_PREFIX_PATH=${CMAKE_PREFIX_PATH}:/home/msc-robot/Documents/Team4_ros_ws/src/High_Vis/Thermal_Images/install/Thermal_Image_Save:/home/msc-robot/Documents/Team4_ros_ws/src/High_Vis/post_process/install/pdf_generator:/home/msc-robot/Documents/Team4_ros_ws/src/High_Vis/post_process/install/hotspot_detection:/home/msc-robot/Documents/Team4_ros_ws/src/Thermal/install/camera_calibration:/home/msc-robot/Documents/Team4_ros_ws/src/Thermal/install/Thermal_save:/home/msc-robot/Documents/Team4_ros_ws/install/launch_robotnav:/home/msc-robot/Documents/Team4_ros_ws/install/clearpath_generator_gz:/home/msc-robot/Documents/Team4_ros_ws/install/clearpath_config:/home/msc-robot/Documents/Team4_ros_ws/install/camera_calibration:/home/msc-robot/Documents/Team4_ros_ws/install/Thermal_save:/opt/ros/humble /usr/bin/cmake --install /home/msc-robot/Documents/Team4_ros_ws/src/High_Vis/Thermal_Images/build/image_view
