[1.407s] DEBUG:colcon:Command line arguments: ['/usr/bin/colcon', 'build', '--symlink-install']
[1.407s] DEBUG:colcon:Parsed command line arguments: Namespace(log_base=None, log_level=None, verb_name='build', build_base='build', install_base='install', merge_install=False, symlink_install=True, test_result_base=None, continue_on_error=False, executor='parallel', parallel_workers=8, event_handlers=None, ignore_user_meta=False, metas=['./colcon.meta'], base_paths=['.'], packages_ignore=None, packages_ignore_regex=None, paths=None, packages_up_to=None, packages_up_to_regex=None, packages_above=None, packages_above_and_dependencies=None, packages_above_depth=None, packages_select_by_dep=None, packages_skip_by_dep=None, packages_skip_up_to=None, packages_select_build_failed=False, packages_skip_build_finished=False, packages_select_test_failures=False, packages_skip_test_passed=False, packages_select=None, packages_skip=None, packages_select_regex=None, packages_skip_regex=None, packages_start=None, packages_end=None, allow_overriding=[], cmake_args=None, cmake_target=None, cmake_target_skip_unavailable=False, cmake_clean_cache=False, cmake_clean_first=False, cmake_force_configure=False, ament_cmake_args=None, catkin_cmake_args=None, catkin_skip_building_tests=False, verb_parser=<colcon_defaults.argument_parser.defaults.DefaultArgumentsDecorator object at 0x7f85c9f1a620>, verb_extension=<colcon_core.verb.build.BuildVerb object at 0x7f85ca1d10c0>, main=<bound method BuildVerb.main of <colcon_core.verb.build.BuildVerb object at 0x7f85ca1d10c0>>)
[1.509s] Level 1:colcon.colcon_core.package_discovery:discover_packages(colcon_meta) check parameters
[1.510s] Level 1:colcon.colcon_core.package_discovery:discover_packages(recursive) check parameters
[1.510s] Level 1:colcon.colcon_core.package_discovery:discover_packages(ignore) check parameters
[1.510s] Level 1:colcon.colcon_core.package_discovery:discover_packages(path) check parameters
[1.510s] Level 1:colcon.colcon_core.package_discovery:discover_packages(colcon_meta) discover
[1.510s] Level 1:colcon.colcon_core.package_discovery:discover_packages(recursive) discover
[1.510s] INFO:colcon.colcon_core.package_discovery:Crawling recursively for packages in '/home/harry/High_Vis/Thermal_Images/src/camera_pub'
[1.510s] Level 1:colcon.colcon_core.package_identification:_identify(.) by extensions ['ignore', 'ignore_ament_install']
[1.510s] Level 1:colcon.colcon_core.package_identification:_identify(.) by extension 'ignore'
[1.510s] Level 1:colcon.colcon_core.package_identification:_identify(.) by extension 'ignore_ament_install'
[1.510s] Level 1:colcon.colcon_core.package_identification:_identify(.) by extensions ['colcon_pkg']
[1.510s] Level 1:colcon.colcon_core.package_identification:_identify(.) by extension 'colcon_pkg'
[1.510s] Level 1:colcon.colcon_core.package_identification:_identify(.) by extensions ['colcon_meta']
[1.510s] Level 1:colcon.colcon_core.package_identification:_identify(.) by extension 'colcon_meta'
[1.510s] Level 1:colcon.colcon_core.package_identification:_identify(.) by extensions ['ros']
[1.510s] Level 1:colcon.colcon_core.package_identification:_identify(.) by extension 'ros'
[1.540s] Level 1:colcon.colcon_core.package_identification:_identify(.) by extensions ['cmake', 'python']
[1.540s] Level 1:colcon.colcon_core.package_identification:_identify(.) by extension 'cmake'
[1.540s] Level 1:colcon.colcon_core.package_identification:_identify(.) by extension 'python'
[1.541s] Level 1:colcon.colcon_core.package_identification:_identify(.) by extensions ['python_setup_py']
[1.541s] Level 1:colcon.colcon_core.package_identification:_identify(.) by extension 'python_setup_py'
[1.541s] Level 1:colcon.colcon_core.package_identification:_identify(build) by extensions ['ignore', 'ignore_ament_install']
[1.541s] Level 1:colcon.colcon_core.package_identification:_identify(build) by extension 'ignore'
[1.541s] Level 1:colcon.colcon_core.package_identification:_identify(build) ignored
[1.541s] Level 1:colcon.colcon_core.package_identification:_identify(install) by extensions ['ignore', 'ignore_ament_install']
[1.541s] Level 1:colcon.colcon_core.package_identification:_identify(install) by extension 'ignore'
[1.541s] Level 1:colcon.colcon_core.package_identification:_identify(install) ignored
[1.541s] Level 1:colcon.colcon_core.package_identification:_identify(log) by extensions ['ignore', 'ignore_ament_install']
[1.541s] Level 1:colcon.colcon_core.package_identification:_identify(log) by extension 'ignore'
[1.541s] Level 1:colcon.colcon_core.package_identification:_identify(log) ignored
[1.541s] Level 1:colcon.colcon_core.package_identification:_identify(src) by extensions ['ignore', 'ignore_ament_install']
[1.541s] Level 1:colcon.colcon_core.package_identification:_identify(src) by extension 'ignore'
[1.541s] Level 1:colcon.colcon_core.package_identification:_identify(src) by extension 'ignore_ament_install'
[1.541s] Level 1:colcon.colcon_core.package_identification:_identify(src) by extensions ['colcon_pkg']
[1.541s] Level 1:colcon.colcon_core.package_identification:_identify(src) by extension 'colcon_pkg'
[1.542s] Level 1:colcon.colcon_core.package_identification:_identify(src) by extensions ['colcon_meta']
[1.542s] Level 1:colcon.colcon_core.package_identification:_identify(src) by extension 'colcon_meta'
[1.542s] Level 1:colcon.colcon_core.package_identification:_identify(src) by extensions ['ros']
[1.542s] Level 1:colcon.colcon_core.package_identification:_identify(src) by extension 'ros'
[1.542s] Level 1:colcon.colcon_core.package_identification:_identify(src) by extensions ['cmake', 'python']
[1.542s] Level 1:colcon.colcon_core.package_identification:_identify(src) by extension 'cmake'
[1.542s] Level 1:colcon.colcon_core.package_identification:_identify(src) by extension 'python'
[1.542s] Level 1:colcon.colcon_core.package_identification:_identify(src) by extensions ['python_setup_py']
[1.542s] Level 1:colcon.colcon_core.package_identification:_identify(src) by extension 'python_setup_py'
[1.542s] Level 1:colcon.colcon_core.package_identification:_identify(src/cam_topic) by extensions ['ignore', 'ignore_ament_install']
[1.542s] Level 1:colcon.colcon_core.package_identification:_identify(src/cam_topic) by extension 'ignore'
[1.542s] Level 1:colcon.colcon_core.package_identification:_identify(src/cam_topic) by extension 'ignore_ament_install'
[1.542s] Level 1:colcon.colcon_core.package_identification:_identify(src/cam_topic) by extensions ['colcon_pkg']
[1.542s] Level 1:colcon.colcon_core.package_identification:_identify(src/cam_topic) by extension 'colcon_pkg'
[1.542s] Level 1:colcon.colcon_core.package_identification:_identify(src/cam_topic) by extensions ['colcon_meta']
[1.542s] Level 1:colcon.colcon_core.package_identification:_identify(src/cam_topic) by extension 'colcon_meta'
[1.542s] Level 1:colcon.colcon_core.package_identification:_identify(src/cam_topic) by extensions ['ros']
[1.542s] Level 1:colcon.colcon_core.package_identification:_identify(src/cam_topic) by extension 'ros'
[1.548s] DEBUG:colcon.colcon_core.package_identification:Package 'src/cam_topic' with type 'ros.ament_python' and name 'cam_topic'
[1.548s] Level 1:colcon.colcon_core.package_discovery:discover_packages(recursive) using defaults
[1.548s] Level 1:colcon.colcon_core.package_discovery:discover_packages(ignore) discover
[1.548s] Level 1:colcon.colcon_core.package_discovery:discover_packages(ignore) using defaults
[1.548s] Level 1:colcon.colcon_core.package_discovery:discover_packages(path) discover
[1.548s] Level 1:colcon.colcon_core.package_discovery:discover_packages(path) using defaults
[1.657s] Level 1:colcon.colcon_core.package_discovery:discover_packages(prefix_path) check parameters
[1.657s] Level 1:colcon.colcon_core.package_discovery:discover_packages(prefix_path) discover
[1.690s] DEBUG:colcon.colcon_installed_package_information.package_discovery:Found 1 installed packages in /home/harry/High_Vis/Thermal_Images/src/camera_pub/install
[1.702s] DEBUG:colcon.colcon_installed_package_information.package_discovery:Found 2 installed packages in /home/harry/High_Vis/post_process/install
[1.720s] DEBUG:colcon.colcon_installed_package_information.package_discovery:Found 376 installed packages in /opt/ros/humble
[1.723s] Level 1:colcon.colcon_core.package_discovery:discover_packages(prefix_path) using defaults
[1.881s] Level 5:colcon.colcon_core.verb:set package 'cam_topic' build argument 'cmake_args' from command line to 'None'
[1.881s] Level 5:colcon.colcon_core.verb:set package 'cam_topic' build argument 'cmake_target' from command line to 'None'
[1.881s] Level 5:colcon.colcon_core.verb:set package 'cam_topic' build argument 'cmake_target_skip_unavailable' from command line to 'False'
[1.881s] Level 5:colcon.colcon_core.verb:set package 'cam_topic' build argument 'cmake_clean_cache' from command line to 'False'
[1.881s] Level 5:colcon.colcon_core.verb:set package 'cam_topic' build argument 'cmake_clean_first' from command line to 'False'
[1.881s] Level 5:colcon.colcon_core.verb:set package 'cam_topic' build argument 'cmake_force_configure' from command line to 'False'
[1.881s] Level 5:colcon.colcon_core.verb:set package 'cam_topic' build argument 'ament_cmake_args' from command line to 'None'
[1.881s] Level 5:colcon.colcon_core.verb:set package 'cam_topic' build argument 'catkin_cmake_args' from command line to 'None'
[1.881s] Level 5:colcon.colcon_core.verb:set package 'cam_topic' build argument 'catkin_skip_building_tests' from command line to 'False'
[1.881s] DEBUG:colcon.colcon_core.verb:Building package 'cam_topic' with the following arguments: {'ament_cmake_args': None, 'build_base': '/home/harry/High_Vis/Thermal_Images/src/camera_pub/build/cam_topic', 'catkin_cmake_args': None, 'catkin_skip_building_tests': False, 'cmake_args': None, 'cmake_clean_cache': False, 'cmake_clean_first': False, 'cmake_force_configure': False, 'cmake_target': None, 'cmake_target_skip_unavailable': False, 'install_base': '/home/harry/High_Vis/Thermal_Images/src/camera_pub/install/cam_topic', 'merge_install': False, 'path': '/home/harry/High_Vis/Thermal_Images/src/camera_pub/src/cam_topic', 'symlink_install': True, 'test_result_base': None}
[1.893s] INFO:colcon.colcon_core.executor:Executing jobs using 'parallel' executor
[1.906s] DEBUG:colcon.colcon_parallel_executor.executor.parallel:run_until_complete
[1.907s] INFO:colcon.colcon_ros.task.ament_python.build:Building ROS package in '/home/harry/High_Vis/Thermal_Images/src/camera_pub/src/cam_topic' with build type 'ament_python'
[1.907s] Level 1:colcon.colcon_core.shell:create_environment_hook('cam_topic', 'ament_prefix_path')
[1.935s] INFO:colcon.colcon_core.plugin_system:Skipping extension 'colcon_core.shell.bat': Not used on non-Windows systems
[1.935s] INFO:colcon.colcon_core.shell:Creating environment hook '/home/harry/High_Vis/Thermal_Images/src/camera_pub/install/cam_topic/share/cam_topic/hook/ament_prefix_path.ps1'
[1.938s] INFO:colcon.colcon_core.shell:Creating environment descriptor '/home/harry/High_Vis/Thermal_Images/src/camera_pub/install/cam_topic/share/cam_topic/hook/ament_prefix_path.dsv'
[1.939s] INFO:colcon.colcon_core.shell:Creating environment hook '/home/harry/High_Vis/Thermal_Images/src/camera_pub/install/cam_topic/share/cam_topic/hook/ament_prefix_path.sh'
[1.953s] INFO:colcon.colcon_core.shell:Skip shell extension 'powershell' for command environment: Not usable outside of PowerShell
[1.953s] DEBUG:colcon.colcon_core.shell:Skip shell extension 'dsv' for command environment
[2.280s] INFO:colcon.colcon_core.task.python.build:Building Python package in '/home/harry/High_Vis/Thermal_Images/src/camera_pub/src/cam_topic'
[2.293s] INFO:colcon.colcon_core.shell:Skip shell extension 'powershell' for command environment: Not usable outside of PowerShell
[2.293s] DEBUG:colcon.colcon_core.shell:Skip shell extension 'dsv' for command environment
[3.051s] DEBUG:colcon.colcon_core.event_handler.log_command:Invoking command in '/home/harry/High_Vis/Thermal_Images/src/camera_pub/build/cam_topic': PYTHONPATH=/home/harry/High_Vis/Thermal_Images/src/camera_pub/build/cam_topic/prefix_override:/home/harry/High_Vis/Thermal_Images/src/camera_pub/install/cam_topic/lib/python3.10/site-packages:${PYTHONPATH} /usr/bin/python3 setup.py develop --editable --build-directory /home/harry/High_Vis/Thermal_Images/src/camera_pub/build/cam_topic/build --no-deps install_data
[3.452s] Level 1:colcon.colcon_core.shell:create_environment_hook('cam_topic', 'pythonpath_develop')
[3.452s] DEBUG:colcon.colcon_core.event_handler.log_command:Invoked command in '/home/harry/High_Vis/Thermal_Images/src/camera_pub/build/cam_topic' returned '0': PYTHONPATH=/home/harry/High_Vis/Thermal_Images/src/camera_pub/build/cam_topic/prefix_override:/home/harry/High_Vis/Thermal_Images/src/camera_pub/install/cam_topic/lib/python3.10/site-packages:${PYTHONPATH} /usr/bin/python3 setup.py develop --editable --build-directory /home/harry/High_Vis/Thermal_Images/src/camera_pub/build/cam_topic/build --no-deps install_data
[3.465s] INFO:colcon.colcon_core.shell:Creating environment hook '/home/harry/High_Vis/Thermal_Images/src/camera_pub/build/cam_topic/share/cam_topic/hook/pythonpath_develop.ps1'
[3.466s] INFO:colcon.colcon_core.shell:Creating environment descriptor '/home/harry/High_Vis/Thermal_Images/src/camera_pub/build/cam_topic/share/cam_topic/hook/pythonpath_develop.dsv'
[3.466s] INFO:colcon.colcon_core.shell:Creating environment hook '/home/harry/High_Vis/Thermal_Images/src/camera_pub/build/cam_topic/share/cam_topic/hook/pythonpath_develop.sh'
[3.492s] Level 1:colcon.colcon_core.environment:checking '/home/harry/High_Vis/Thermal_Images/src/camera_pub/install/cam_topic' for CMake module files
[3.492s] Level 1:colcon.colcon_core.environment:checking '/home/harry/High_Vis/Thermal_Images/src/camera_pub/install/cam_topic' for CMake config files
[3.493s] Level 1:colcon.colcon_core.environment:checking '/home/harry/High_Vis/Thermal_Images/src/camera_pub/install/cam_topic/lib'
[3.493s] Level 1:colcon.colcon_core.environment:checking '/home/harry/High_Vis/Thermal_Images/src/camera_pub/install/cam_topic/bin'
[3.493s] Level 1:colcon.colcon_core.environment:checking '/home/harry/High_Vis/Thermal_Images/src/camera_pub/install/cam_topic/lib/pkgconfig/cam_topic.pc'
[3.493s] Level 1:colcon.colcon_core.environment:checking '/home/harry/High_Vis/Thermal_Images/src/camera_pub/install/cam_topic/lib/python3.10/site-packages'
[3.493s] Level 1:colcon.colcon_core.shell:create_environment_hook('cam_topic', 'pythonpath')
[3.506s] INFO:colcon.colcon_core.shell:Creating environment hook '/home/harry/High_Vis/Thermal_Images/src/camera_pub/install/cam_topic/share/cam_topic/hook/pythonpath.ps1'
[3.506s] INFO:colcon.colcon_core.shell:Creating environment descriptor '/home/harry/High_Vis/Thermal_Images/src/camera_pub/install/cam_topic/share/cam_topic/hook/pythonpath.dsv'
[3.507s] INFO:colcon.colcon_core.shell:Creating environment hook '/home/harry/High_Vis/Thermal_Images/src/camera_pub/install/cam_topic/share/cam_topic/hook/pythonpath.sh'
[3.507s] Level 1:colcon.colcon_core.environment:checking '/home/harry/High_Vis/Thermal_Images/src/camera_pub/install/cam_topic/bin'
[3.507s] Level 1:colcon.colcon_core.environment:create_environment_scripts_only(cam_topic)
[3.521s] INFO:colcon.colcon_core.shell:Creating package script '/home/harry/High_Vis/Thermal_Images/src/camera_pub/install/cam_topic/share/cam_topic/package.ps1'
[3.523s] INFO:colcon.colcon_core.shell:Creating package descriptor '/home/harry/High_Vis/Thermal_Images/src/camera_pub/install/cam_topic/share/cam_topic/package.dsv'
[3.524s] INFO:colcon.colcon_core.shell:Creating package script '/home/harry/High_Vis/Thermal_Images/src/camera_pub/install/cam_topic/share/cam_topic/package.sh'
[3.526s] INFO:colcon.colcon_core.shell:Creating package script '/home/harry/High_Vis/Thermal_Images/src/camera_pub/install/cam_topic/share/cam_topic/package.bash'
[3.528s] INFO:colcon.colcon_core.shell:Creating package script '/home/harry/High_Vis/Thermal_Images/src/camera_pub/install/cam_topic/share/cam_topic/package.zsh'
[3.530s] Level 1:colcon.colcon_core.environment:create_file_with_runtime_dependencies(/home/harry/High_Vis/Thermal_Images/src/camera_pub/install/cam_topic/share/colcon-core/packages/cam_topic)
[3.530s] DEBUG:colcon.colcon_parallel_executor.executor.parallel:closing loop
[3.531s] DEBUG:colcon.colcon_parallel_executor.executor.parallel:loop closed
[3.531s] DEBUG:colcon.colcon_parallel_executor.executor.parallel:run_until_complete finished with '0'
[3.531s] DEBUG:colcon.colcon_core.event_reactor:joining thread
[3.603s] INFO:colcon.colcon_core.plugin_system:Skipping extension 'colcon_notification.desktop_notification.notify_send': Could not find 'notify-send'
[3.603s] INFO:colcon.colcon_core.plugin_system:Skipping extension 'colcon_notification.desktop_notification.terminal_notifier': Not used on non-Darwin systems
[3.603s] INFO:colcon.colcon_core.plugin_system:Skipping extension 'colcon_notification.desktop_notification.win32': Not used on non-Windows systems
[3.603s] INFO:colcon.colcon_notification.desktop_notification:Sending desktop notification using 'notify2'
[3.604s] DEBUG:colcon.colcon_notification.desktop_notification.notify2:Failed to initialize notify2: org.freedesktop.DBus.Error.FileNotFound: Failed to connect to socket /run/user/1000/bus: No such file or directory
[3.604s] DEBUG:colcon.colcon_core.event_reactor:joined thread
[3.617s] INFO:colcon.colcon_core.shell:Creating prefix script '/home/harry/High_Vis/Thermal_Images/src/camera_pub/install/local_setup.ps1'
[3.618s] INFO:colcon.colcon_core.shell:Creating prefix util module '/home/harry/High_Vis/Thermal_Images/src/camera_pub/install/_local_setup_util_ps1.py'
[3.620s] INFO:colcon.colcon_core.shell:Creating prefix chain script '/home/harry/High_Vis/Thermal_Images/src/camera_pub/install/setup.ps1'
[3.634s] INFO:colcon.colcon_core.shell:Creating prefix script '/home/harry/High_Vis/Thermal_Images/src/camera_pub/install/local_setup.sh'
[3.635s] INFO:colcon.colcon_core.shell:Creating prefix util module '/home/harry/High_Vis/Thermal_Images/src/camera_pub/install/_local_setup_util_sh.py'
[3.636s] INFO:colcon.colcon_core.shell:Creating prefix chain script '/home/harry/High_Vis/Thermal_Images/src/camera_pub/install/setup.sh'
[3.649s] INFO:colcon.colcon_core.shell:Creating prefix script '/home/harry/High_Vis/Thermal_Images/src/camera_pub/install/local_setup.bash'
[3.650s] INFO:colcon.colcon_core.shell:Creating prefix chain script '/home/harry/High_Vis/Thermal_Images/src/camera_pub/install/setup.bash'
[3.664s] INFO:colcon.colcon_core.shell:Creating prefix script '/home/harry/High_Vis/Thermal_Images/src/camera_pub/install/local_setup.zsh'
[3.665s] INFO:colcon.colcon_core.shell:Creating prefix chain script '/home/harry/High_Vis/Thermal_Images/src/camera_pub/install/setup.zsh'
