[1.363s] Invoking command in '/home/msc-robot/Documents/Team4_ros_ws/src/High_Vis/Thermal_Images/src/Thermal_Image_Save': PYTHONPATH=/home/msc-robot/Documents/Team4_ros_ws/src/High_Vis/Thermal_Images/build/Thermal_Image_Save/prefix_override:/home/msc-robot/Documents/Team4_ros_ws/src/High_Vis/Thermal_Images/install/Thermal_Image_Save/lib/python3.10/site-packages:${PYTHONPATH} /usr/bin/python3 setup.py egg_info --egg-base ../../build/Thermal_Image_Save build --build-base /home/msc-robot/Documents/Team4_ros_ws/src/High_Vis/Thermal_Images/build/Thermal_Image_Save/build install --record /home/msc-robot/Documents/Team4_ros_ws/src/High_Vis/Thermal_Images/build/Thermal_Image_Save/install.log --single-version-externally-managed
[1.756s] running egg_info
[1.757s] creating ../../build/Thermal_Image_Save/Thermal_Image_Save.egg-info
[1.757s] writing ../../build/Thermal_Image_Save/Thermal_Image_Save.egg-info/PKG-INFO
[1.757s] writing dependency_links to ../../build/Thermal_Image_Save/Thermal_Image_Save.egg-info/dependency_links.txt
[1.758s] writing entry points to ../../build/Thermal_Image_Save/Thermal_Image_Save.egg-info/entry_points.txt
[1.758s] writing requirements to ../../build/Thermal_Image_Save/Thermal_Image_Save.egg-info/requires.txt
[1.758s] writing top-level names to ../../build/Thermal_Image_Save/Thermal_Image_Save.egg-info/top_level.txt
[1.758s] writing manifest file '../../build/Thermal_Image_Save/Thermal_Image_Save.egg-info/SOURCES.txt'
[1.761s] reading manifest file '../../build/Thermal_Image_Save/Thermal_Image_Save.egg-info/SOURCES.txt'
[1.762s] writing manifest file '../../build/Thermal_Image_Save/Thermal_Image_Save.egg-info/SOURCES.txt'
[1.762s] running build
[1.763s] running build_py
[1.763s] creating /home/msc-robot/Documents/Team4_ros_ws/src/High_Vis/Thermal_Images/build/Thermal_Image_Save/build
[1.763s] creating /home/msc-robot/Documents/Team4_ros_ws/src/High_Vis/Thermal_Images/build/Thermal_Image_Save/build/lib
[1.763s] creating /home/msc-robot/Documents/Team4_ros_ws/src/High_Vis/Thermal_Images/build/Thermal_Image_Save/build/lib/Thermal_Image_Save
[1.763s] copying Thermal_Image_Save/__init__.py -> /home/msc-robot/Documents/Team4_ros_ws/src/High_Vis/Thermal_Images/build/Thermal_Image_Save/build/lib/Thermal_Image_Save
[1.763s] running install
[1.764s] /usr/lib/python3/dist-packages/setuptools/command/install.py:34: SetuptoolsDeprecationWarning: setup.py install is deprecated. Use build and pip and other standards-based tools.
[1.764s]   warnings.warn(
[1.764s] running install_lib
[1.766s] creating /home/msc-robot/Documents/Team4_ros_ws/src/High_Vis/Thermal_Images/install/Thermal_Image_Save/lib/python3.10/site-packages/Thermal_Image_Save
[1.766s] copying /home/msc-robot/Documents/Team4_ros_ws/src/High_Vis/Thermal_Images/build/Thermal_Image_Save/build/lib/Thermal_Image_Save/__init__.py -> /home/msc-robot/Documents/Team4_ros_ws/src/High_Vis/Thermal_Images/install/Thermal_Image_Save/lib/python3.10/site-packages/Thermal_Image_Save
[1.767s] byte-compiling /home/msc-robot/Documents/Team4_ros_ws/src/High_Vis/Thermal_Images/install/Thermal_Image_Save/lib/python3.10/site-packages/Thermal_Image_Save/__init__.py to __init__.cpython-310.pyc
[1.767s] running install_data
[1.768s] creating /home/msc-robot/Documents/Team4_ros_ws/src/High_Vis/Thermal_Images/install/Thermal_Image_Save/share/ament_index
[1.769s] creating /home/msc-robot/Documents/Team4_ros_ws/src/High_Vis/Thermal_Images/install/Thermal_Image_Save/share/ament_index/resource_index
[1.769s] creating /home/msc-robot/Documents/Team4_ros_ws/src/High_Vis/Thermal_Images/install/Thermal_Image_Save/share/ament_index/resource_index/packages
[1.769s] copying resource/Thermal_Image_Save -> /home/msc-robot/Documents/Team4_ros_ws/src/High_Vis/Thermal_Images/install/Thermal_Image_Save/share/ament_index/resource_index/packages
[1.769s] copying package.xml -> /home/msc-robot/Documents/Team4_ros_ws/src/High_Vis/Thermal_Images/install/Thermal_Image_Save/share/Thermal_Image_Save
[1.769s] running install_egg_info
[1.772s] Copying ../../build/Thermal_Image_Save/Thermal_Image_Save.egg-info to /home/msc-robot/Documents/Team4_ros_ws/src/High_Vis/Thermal_Images/install/Thermal_Image_Save/lib/python3.10/site-packages/Thermal_Image_Save-0.0.0-py3.10.egg-info
[1.774s] running install_scripts
[1.801s] writing list of installed files to '/home/msc-robot/Documents/Team4_ros_ws/src/High_Vis/Thermal_Images/build/Thermal_Image_Save/install.log'
[1.835s] Invoked command in '/home/msc-robot/Documents/Team4_ros_ws/src/High_Vis/Thermal_Images/src/Thermal_Image_Save' returned '0': PYTHONPATH=/home/msc-robot/Documents/Team4_ros_ws/src/High_Vis/Thermal_Images/build/Thermal_Image_Save/prefix_override:/home/msc-robot/Documents/Team4_ros_ws/src/High_Vis/Thermal_Images/install/Thermal_Image_Save/lib/python3.10/site-packages:${PYTHONPATH} /usr/bin/python3 setup.py egg_info --egg-base ../../build/Thermal_Image_Save build --build-base /home/msc-robot/Documents/Team4_ros_ws/src/High_Vis/Thermal_Images/build/Thermal_Image_Save/build install --record /home/msc-robot/Documents/Team4_ros_ws/src/High_Vis/Thermal_Images/build/Thermal_Image_Save/install.log --single-version-externally-managed
