[1.569s] DEBUG:colcon:Command line arguments: ['/usr/bin/colcon', 'build']
[1.569s] DEBUG:colcon:Parsed command line arguments: Namespace(log_base=None, log_level=None, verb_name='build', build_base='build', install_base='install', merge_install=False, symlink_install=False, test_result_base=None, continue_on_error=False, executor='parallel', parallel_workers=4, event_handlers=None, ignore_user_meta=False, metas=['./colcon.meta'], base_paths=['.'], packages_ignore=None, packages_ignore_regex=None, paths=None, packages_up_to=None, packages_up_to_regex=None, packages_above=None, packages_above_and_dependencies=None, packages_above_depth=None, packages_select_by_dep=None, packages_skip_by_dep=None, packages_skip_up_to=None, packages_select_build_failed=False, packages_skip_build_finished=False, packages_select_test_failures=False, packages_skip_test_passed=False, packages_select=None, packages_skip=None, packages_select_regex=None, packages_skip_regex=None, packages_start=None, packages_end=None, allow_overriding=[], cmake_args=None, cmake_target=None, cmake_target_skip_unavailable=False, cmake_clean_cache=False, cmake_clean_first=False, cmake_force_configure=False, ament_cmake_args=None, catkin_cmake_args=None, catkin_skip_building_tests=False, verb_parser=<colcon_defaults.argument_parser.defaults.DefaultArgumentsDecorator object at 0x7f7918785c90>, verb_extension=<colcon_core.verb.build.BuildVerb object at 0x7f7919680d30>, main=<bound method BuildVerb.main of <colcon_core.verb.build.BuildVerb object at 0x7f7919680d30>>)
[1.641s] Level 1:colcon.colcon_core.package_discovery:discover_packages(colcon_meta) check parameters
[1.641s] Level 1:colcon.colcon_core.package_discovery:discover_packages(recursive) check parameters
[1.641s] Level 1:colcon.colcon_core.package_discovery:discover_packages(ignore) check parameters
[1.641s] Level 1:colcon.colcon_core.package_discovery:discover_packages(path) check parameters
[1.641s] Level 1:colcon.colcon_core.package_discovery:discover_packages(colcon_meta) discover
[1.642s] Level 1:colcon.colcon_core.package_discovery:discover_packages(recursive) discover
[1.642s] INFO:colcon.colcon_core.package_discovery:Crawling recursively for packages in '/home/msc-robot/Documents/Team4_ros_ws/src/High_Vis/Thermal_Images'
[1.642s] Level 1:colcon.colcon_core.package_identification:_identify(.) by extensions ['ignore', 'ignore_ament_install']
[1.642s] Level 1:colcon.colcon_core.package_identification:_identify(.) by extension 'ignore'
[1.642s] Level 1:colcon.colcon_core.package_identification:_identify(.) by extension 'ignore_ament_install'
[1.642s] Level 1:colcon.colcon_core.package_identification:_identify(.) by extensions ['colcon_pkg']
[1.642s] Level 1:colcon.colcon_core.package_identification:_identify(.) by extension 'colcon_pkg'
[1.642s] Level 1:colcon.colcon_core.package_identification:_identify(.) by extensions ['colcon_meta']
[1.642s] Level 1:colcon.colcon_core.package_identification:_identify(.) by extension 'colcon_meta'
[1.642s] Level 1:colcon.colcon_core.package_identification:_identify(.) by extensions ['ros']
[1.642s] Level 1:colcon.colcon_core.package_identification:_identify(.) by extension 'ros'
[1.657s] Level 1:colcon.colcon_core.package_identification:_identify(.) by extensions ['cmake', 'python']
[1.657s] Level 1:colcon.colcon_core.package_identification:_identify(.) by extension 'cmake'
[1.657s] Level 1:colcon.colcon_core.package_identification:_identify(.) by extension 'python'
[1.657s] Level 1:colcon.colcon_core.package_identification:_identify(.) by extensions ['python_setup_py']
[1.658s] Level 1:colcon.colcon_core.package_identification:_identify(.) by extension 'python_setup_py'
[1.658s] Level 1:colcon.colcon_core.package_identification:_identify(build) by extensions ['ignore', 'ignore_ament_install']
[1.658s] Level 1:colcon.colcon_core.package_identification:_identify(build) by extension 'ignore'
[1.658s] Level 1:colcon.colcon_core.package_identification:_identify(build) ignored
[1.658s] Level 1:colcon.colcon_core.package_identification:_identify(install) by extensions ['ignore', 'ignore_ament_install']
[1.658s] Level 1:colcon.colcon_core.package_identification:_identify(install) by extension 'ignore'
[1.658s] Level 1:colcon.colcon_core.package_identification:_identify(install) ignored
[1.658s] Level 1:colcon.colcon_core.package_identification:_identify(log) by extensions ['ignore', 'ignore_ament_install']
[1.658s] Level 1:colcon.colcon_core.package_identification:_identify(log) by extension 'ignore'
[1.659s] Level 1:colcon.colcon_core.package_identification:_identify(log) ignored
[1.659s] Level 1:colcon.colcon_core.package_identification:_identify(src) by extensions ['ignore', 'ignore_ament_install']
[1.659s] Level 1:colcon.colcon_core.package_identification:_identify(src) by extension 'ignore'
[1.659s] Level 1:colcon.colcon_core.package_identification:_identify(src) by extension 'ignore_ament_install'
[1.659s] Level 1:colcon.colcon_core.package_identification:_identify(src) by extensions ['colcon_pkg']
[1.659s] Level 1:colcon.colcon_core.package_identification:_identify(src) by extension 'colcon_pkg'
[1.659s] Level 1:colcon.colcon_core.package_identification:_identify(src) by extensions ['colcon_meta']
[1.659s] Level 1:colcon.colcon_core.package_identification:_identify(src) by extension 'colcon_meta'
[1.659s] Level 1:colcon.colcon_core.package_identification:_identify(src) by extensions ['ros']
[1.659s] Level 1:colcon.colcon_core.package_identification:_identify(src) by extension 'ros'
[1.659s] Level 1:colcon.colcon_core.package_identification:_identify(src) by extensions ['cmake', 'python']
[1.659s] Level 1:colcon.colcon_core.package_identification:_identify(src) by extension 'cmake'
[1.659s] Level 1:colcon.colcon_core.package_identification:_identify(src) by extension 'python'
[1.659s] Level 1:colcon.colcon_core.package_identification:_identify(src) by extensions ['python_setup_py']
[1.659s] Level 1:colcon.colcon_core.package_identification:_identify(src) by extension 'python_setup_py'
[1.660s] Level 1:colcon.colcon_core.package_identification:_identify(src/TI_Save_Folder) by extensions ['ignore', 'ignore_ament_install']
[1.660s] Level 1:colcon.colcon_core.package_identification:_identify(src/TI_Save_Folder) by extension 'ignore'
[1.660s] Level 1:colcon.colcon_core.package_identification:_identify(src/TI_Save_Folder) by extension 'ignore_ament_install'
[1.660s] Level 1:colcon.colcon_core.package_identification:_identify(src/TI_Save_Folder) by extensions ['colcon_pkg']
[1.660s] Level 1:colcon.colcon_core.package_identification:_identify(src/TI_Save_Folder) by extension 'colcon_pkg'
[1.660s] Level 1:colcon.colcon_core.package_identification:_identify(src/TI_Save_Folder) by extensions ['colcon_meta']
[1.660s] Level 1:colcon.colcon_core.package_identification:_identify(src/TI_Save_Folder) by extension 'colcon_meta'
[1.660s] Level 1:colcon.colcon_core.package_identification:_identify(src/TI_Save_Folder) by extensions ['ros']
[1.660s] Level 1:colcon.colcon_core.package_identification:_identify(src/TI_Save_Folder) by extension 'ros'
[1.660s] Level 1:colcon.colcon_core.package_identification:_identify(src/TI_Save_Folder) by extensions ['cmake', 'python']
[1.660s] Level 1:colcon.colcon_core.package_identification:_identify(src/TI_Save_Folder) by extension 'cmake'
[1.660s] Level 1:colcon.colcon_core.package_identification:_identify(src/TI_Save_Folder) by extension 'python'
[1.660s] Level 1:colcon.colcon_core.package_identification:_identify(src/TI_Save_Folder) by extensions ['python_setup_py']
[1.660s] Level 1:colcon.colcon_core.package_identification:_identify(src/TI_Save_Folder) by extension 'python_setup_py'
[1.660s] Level 1:colcon.colcon_core.package_identification:_identify(src/Thermal_Image_Save) by extensions ['ignore', 'ignore_ament_install']
[1.661s] Level 1:colcon.colcon_core.package_identification:_identify(src/Thermal_Image_Save) by extension 'ignore'
[1.661s] Level 1:colcon.colcon_core.package_identification:_identify(src/Thermal_Image_Save) by extension 'ignore_ament_install'
[1.661s] Level 1:colcon.colcon_core.package_identification:_identify(src/Thermal_Image_Save) by extensions ['colcon_pkg']
[1.661s] Level 1:colcon.colcon_core.package_identification:_identify(src/Thermal_Image_Save) by extension 'colcon_pkg'
[1.661s] Level 1:colcon.colcon_core.package_identification:_identify(src/Thermal_Image_Save) by extensions ['colcon_meta']
[1.661s] Level 1:colcon.colcon_core.package_identification:_identify(src/Thermal_Image_Save) by extension 'colcon_meta'
[1.661s] Level 1:colcon.colcon_core.package_identification:_identify(src/Thermal_Image_Save) by extensions ['ros']
[1.661s] Level 1:colcon.colcon_core.package_identification:_identify(src/Thermal_Image_Save) by extension 'ros'
[1.664s] DEBUG:colcon.colcon_core.package_identification:Package 'src/Thermal_Image_Save' with type 'ros.ament_python' and name 'Thermal_Image_Save'
[1.664s] Level 1:colcon.colcon_core.package_discovery:discover_packages(recursive) using defaults
[1.664s] Level 1:colcon.colcon_core.package_discovery:discover_packages(ignore) discover
[1.664s] Level 1:colcon.colcon_core.package_discovery:discover_packages(ignore) using defaults
[1.664s] Level 1:colcon.colcon_core.package_discovery:discover_packages(path) discover
[1.664s] Level 1:colcon.colcon_core.package_discovery:discover_packages(path) using defaults
[1.815s] Level 1:colcon.colcon_core.package_discovery:discover_packages(prefix_path) check parameters
[1.815s] Level 1:colcon.colcon_core.package_discovery:discover_packages(prefix_path) discover
[1.870s] DEBUG:colcon.colcon_installed_package_information.package_discovery:Found 1 installed packages in /home/msc-robot/Documents/Team4_ros_ws/src/High_Vis/Thermal_Images/install
[1.897s] DEBUG:colcon.colcon_installed_package_information.package_discovery:Found 2 installed packages in /home/msc-robot/Documents/Team4_ros_ws/src/High_Vis/post_process/install
[1.923s] DEBUG:colcon.colcon_installed_package_information.package_discovery:Found 11 installed packages in /home/msc-robot/Documents/Team4_ros_ws/src/Thermal/install
[1.946s] DEBUG:colcon.colcon_installed_package_information.package_discovery:Found 28 installed packages in /home/msc-robot/Documents/Team4_ros_ws/install
[1.982s] DEBUG:colcon.colcon_installed_package_information.package_discovery:Found 373 installed packages in /opt/ros/humble
[1.985s] Level 1:colcon.colcon_core.package_discovery:discover_packages(prefix_path) using defaults
[2.139s] Level 5:colcon.colcon_core.verb:set package 'Thermal_Image_Save' build argument 'cmake_args' from command line to 'None'
[2.139s] Level 5:colcon.colcon_core.verb:set package 'Thermal_Image_Save' build argument 'cmake_target' from command line to 'None'
[2.139s] Level 5:colcon.colcon_core.verb:set package 'Thermal_Image_Save' build argument 'cmake_target_skip_unavailable' from command line to 'False'
[2.139s] Level 5:colcon.colcon_core.verb:set package 'Thermal_Image_Save' build argument 'cmake_clean_cache' from command line to 'False'
[2.139s] Level 5:colcon.colcon_core.verb:set package 'Thermal_Image_Save' build argument 'cmake_clean_first' from command line to 'False'
[2.139s] Level 5:colcon.colcon_core.verb:set package 'Thermal_Image_Save' build argument 'cmake_force_configure' from command line to 'False'
[2.139s] Level 5:colcon.colcon_core.verb:set package 'Thermal_Image_Save' build argument 'ament_cmake_args' from command line to 'None'
[2.139s] Level 5:colcon.colcon_core.verb:set package 'Thermal_Image_Save' build argument 'catkin_cmake_args' from command line to 'None'
[2.139s] Level 5:colcon.colcon_core.verb:set package 'Thermal_Image_Save' build argument 'catkin_skip_building_tests' from command line to 'False'
[2.139s] DEBUG:colcon.colcon_core.verb:Building package 'Thermal_Image_Save' with the following arguments: {'ament_cmake_args': None, 'build_base': '/home/msc-robot/Documents/Team4_ros_ws/src/High_Vis/Thermal_Images/build/Thermal_Image_Save', 'catkin_cmake_args': None, 'catkin_skip_building_tests': False, 'cmake_args': None, 'cmake_clean_cache': False, 'cmake_clean_first': False, 'cmake_force_configure': False, 'cmake_target': None, 'cmake_target_skip_unavailable': False, 'install_base': '/home/msc-robot/Documents/Team4_ros_ws/src/High_Vis/Thermal_Images/install/Thermal_Image_Save', 'merge_install': False, 'path': '/home/msc-robot/Documents/Team4_ros_ws/src/High_Vis/Thermal_Images/src/Thermal_Image_Save', 'symlink_install': False, 'test_result_base': None}
[2.160s] INFO:colcon.colcon_core.executor:Executing jobs using 'parallel' executor
[2.182s] DEBUG:colcon.colcon_parallel_executor.executor.parallel:run_until_complete
[2.182s] INFO:colcon.colcon_ros.task.ament_python.build:Building ROS package in '/home/msc-robot/Documents/Team4_ros_ws/src/High_Vis/Thermal_Images/src/Thermal_Image_Save' with build type 'ament_python'
[2.183s] Level 1:colcon.colcon_core.shell:create_environment_hook('Thermal_Image_Save', 'ament_prefix_path')
[2.215s] INFO:colcon.colcon_core.plugin_system:Skipping extension 'colcon_core.shell.bat': Not used on non-Windows systems
[2.215s] INFO:colcon.colcon_core.shell:Creating environment hook '/home/msc-robot/Documents/Team4_ros_ws/src/High_Vis/Thermal_Images/install/Thermal_Image_Save/share/Thermal_Image_Save/hook/ament_prefix_path.ps1'
[2.216s] INFO:colcon.colcon_core.shell:Creating environment descriptor '/home/msc-robot/Documents/Team4_ros_ws/src/High_Vis/Thermal_Images/install/Thermal_Image_Save/share/Thermal_Image_Save/hook/ament_prefix_path.dsv'
[2.217s] INFO:colcon.colcon_core.shell:Creating environment hook '/home/msc-robot/Documents/Team4_ros_ws/src/High_Vis/Thermal_Images/install/Thermal_Image_Save/share/Thermal_Image_Save/hook/ament_prefix_path.sh'
[2.249s] INFO:colcon.colcon_core.shell:Skip shell extension 'powershell' for command environment: Not usable outside of PowerShell
[2.249s] DEBUG:colcon.colcon_core.shell:Skip shell extension 'dsv' for command environment
[2.802s] INFO:colcon.colcon_core.task.python.build:Building Python package in '/home/msc-robot/Documents/Team4_ros_ws/src/High_Vis/Thermal_Images/src/Thermal_Image_Save'
[2.825s] INFO:colcon.colcon_core.shell:Skip shell extension 'powershell' for command environment: Not usable outside of PowerShell
[2.825s] DEBUG:colcon.colcon_core.shell:Skip shell extension 'dsv' for command environment
[3.532s] DEBUG:colcon.colcon_core.event_handler.log_command:Invoking command in '/home/msc-robot/Documents/Team4_ros_ws/src/High_Vis/Thermal_Images/build/Thermal_Image_Save': PYTHONPATH=/home/msc-robot/Documents/Team4_ros_ws/src/High_Vis/Thermal_Images/build/Thermal_Image_Save/prefix_override:/home/msc-robot/Documents/Team4_ros_ws/src/High_Vis/Thermal_Images/install/Thermal_Image_Save/lib/python3.10/site-packages:${PYTHONPATH} /usr/bin/python3 setup.py develop --uninstall --editable --build-directory /home/msc-robot/Documents/Team4_ros_ws/src/High_Vis/Thermal_Images/build/Thermal_Image_Save/build
[4.268s] DEBUG:colcon.colcon_core.event_handler.log_command:Invoked command in '/home/msc-robot/Documents/Team4_ros_ws/src/High_Vis/Thermal_Images/build/Thermal_Image_Save' returned '0': PYTHONPATH=/home/msc-robot/Documents/Team4_ros_ws/src/High_Vis/Thermal_Images/build/Thermal_Image_Save/prefix_override:/home/msc-robot/Documents/Team4_ros_ws/src/High_Vis/Thermal_Images/install/Thermal_Image_Save/lib/python3.10/site-packages:${PYTHONPATH} /usr/bin/python3 setup.py develop --uninstall --editable --build-directory /home/msc-robot/Documents/Team4_ros_ws/src/High_Vis/Thermal_Images/build/Thermal_Image_Save/build
[4.269s] DEBUG:colcon.colcon_core.event_handler.log_command:Invoking command in '/home/msc-robot/Documents/Team4_ros_ws/src/High_Vis/Thermal_Images/src/Thermal_Image_Save': PYTHONPATH=/home/msc-robot/Documents/Team4_ros_ws/src/High_Vis/Thermal_Images/build/Thermal_Image_Save/prefix_override:/home/msc-robot/Documents/Team4_ros_ws/src/High_Vis/Thermal_Images/install/Thermal_Image_Save/lib/python3.10/site-packages:${PYTHONPATH} /usr/bin/python3 setup.py egg_info --egg-base ../../build/Thermal_Image_Save build --build-base /home/msc-robot/Documents/Team4_ros_ws/src/High_Vis/Thermal_Images/build/Thermal_Image_Save/build install --record /home/msc-robot/Documents/Team4_ros_ws/src/High_Vis/Thermal_Images/build/Thermal_Image_Save/install.log --single-version-externally-managed
[4.765s] DEBUG:colcon.colcon_core.event_handler.log_command:Invoked command in '/home/msc-robot/Documents/Team4_ros_ws/src/High_Vis/Thermal_Images/src/Thermal_Image_Save' returned '0': PYTHONPATH=/home/msc-robot/Documents/Team4_ros_ws/src/High_Vis/Thermal_Images/build/Thermal_Image_Save/prefix_override:/home/msc-robot/Documents/Team4_ros_ws/src/High_Vis/Thermal_Images/install/Thermal_Image_Save/lib/python3.10/site-packages:${PYTHONPATH} /usr/bin/python3 setup.py egg_info --egg-base ../../build/Thermal_Image_Save build --build-base /home/msc-robot/Documents/Team4_ros_ws/src/High_Vis/Thermal_Images/build/Thermal_Image_Save/build install --record /home/msc-robot/Documents/Team4_ros_ws/src/High_Vis/Thermal_Images/build/Thermal_Image_Save/install.log --single-version-externally-managed
[4.796s] Level 1:colcon.colcon_core.environment:checking '/home/msc-robot/Documents/Team4_ros_ws/src/High_Vis/Thermal_Images/install/Thermal_Image_Save' for CMake module files
[4.796s] Level 1:colcon.colcon_core.environment:checking '/home/msc-robot/Documents/Team4_ros_ws/src/High_Vis/Thermal_Images/install/Thermal_Image_Save' for CMake config files
[4.797s] Level 1:colcon.colcon_core.environment:checking '/home/msc-robot/Documents/Team4_ros_ws/src/High_Vis/Thermal_Images/install/Thermal_Image_Save/lib'
[4.797s] Level 1:colcon.colcon_core.environment:checking '/home/msc-robot/Documents/Team4_ros_ws/src/High_Vis/Thermal_Images/install/Thermal_Image_Save/bin'
[4.797s] Level 1:colcon.colcon_core.environment:checking '/home/msc-robot/Documents/Team4_ros_ws/src/High_Vis/Thermal_Images/install/Thermal_Image_Save/lib/pkgconfig/Thermal_Image_Save.pc'
[4.798s] Level 1:colcon.colcon_core.environment:checking '/home/msc-robot/Documents/Team4_ros_ws/src/High_Vis/Thermal_Images/install/Thermal_Image_Save/lib/python3.10/site-packages'
[4.798s] Level 1:colcon.colcon_core.shell:create_environment_hook('Thermal_Image_Save', 'pythonpath')
[4.822s] INFO:colcon.colcon_core.shell:Creating environment hook '/home/msc-robot/Documents/Team4_ros_ws/src/High_Vis/Thermal_Images/install/Thermal_Image_Save/share/Thermal_Image_Save/hook/pythonpath.ps1'
[4.822s] INFO:colcon.colcon_core.shell:Creating environment descriptor '/home/msc-robot/Documents/Team4_ros_ws/src/High_Vis/Thermal_Images/install/Thermal_Image_Save/share/Thermal_Image_Save/hook/pythonpath.dsv'
[4.823s] INFO:colcon.colcon_core.shell:Creating environment hook '/home/msc-robot/Documents/Team4_ros_ws/src/High_Vis/Thermal_Images/install/Thermal_Image_Save/share/Thermal_Image_Save/hook/pythonpath.sh'
[4.823s] Level 1:colcon.colcon_core.environment:checking '/home/msc-robot/Documents/Team4_ros_ws/src/High_Vis/Thermal_Images/install/Thermal_Image_Save/bin'
[4.823s] Level 1:colcon.colcon_core.environment:create_environment_scripts_only(Thermal_Image_Save)
[4.848s] INFO:colcon.colcon_core.shell:Creating package script '/home/msc-robot/Documents/Team4_ros_ws/src/High_Vis/Thermal_Images/install/Thermal_Image_Save/share/Thermal_Image_Save/package.ps1'
[4.850s] INFO:colcon.colcon_core.shell:Creating package descriptor '/home/msc-robot/Documents/Team4_ros_ws/src/High_Vis/Thermal_Images/install/Thermal_Image_Save/share/Thermal_Image_Save/package.dsv'
[4.851s] INFO:colcon.colcon_core.shell:Creating package script '/home/msc-robot/Documents/Team4_ros_ws/src/High_Vis/Thermal_Images/install/Thermal_Image_Save/share/Thermal_Image_Save/package.sh'
[4.852s] INFO:colcon.colcon_core.shell:Creating package script '/home/msc-robot/Documents/Team4_ros_ws/src/High_Vis/Thermal_Images/install/Thermal_Image_Save/share/Thermal_Image_Save/package.bash'
[4.853s] INFO:colcon.colcon_core.shell:Creating package script '/home/msc-robot/Documents/Team4_ros_ws/src/High_Vis/Thermal_Images/install/Thermal_Image_Save/share/Thermal_Image_Save/package.zsh'
[4.855s] Level 1:colcon.colcon_core.environment:create_file_with_runtime_dependencies(/home/msc-robot/Documents/Team4_ros_ws/src/High_Vis/Thermal_Images/install/Thermal_Image_Save/share/colcon-core/packages/Thermal_Image_Save)
[4.855s] DEBUG:colcon.colcon_parallel_executor.executor.parallel:closing loop
[4.856s] DEBUG:colcon.colcon_parallel_executor.executor.parallel:loop closed
[4.856s] DEBUG:colcon.colcon_parallel_executor.executor.parallel:run_until_complete finished with '0'
[4.856s] DEBUG:colcon.colcon_core.event_reactor:joining thread
[4.895s] INFO:colcon.colcon_core.plugin_system:Skipping extension 'colcon_notification.desktop_notification.terminal_notifier': Not used on non-Darwin systems
[4.895s] INFO:colcon.colcon_core.plugin_system:Skipping extension 'colcon_notification.desktop_notification.win32': Not used on non-Windows systems
[4.895s] INFO:colcon.colcon_notification.desktop_notification:Sending desktop notification using 'notify2'
[4.914s] DEBUG:colcon.colcon_core.event_reactor:joined thread
[4.946s] INFO:colcon.colcon_core.shell:Creating prefix script '/home/msc-robot/Documents/Team4_ros_ws/src/High_Vis/Thermal_Images/install/local_setup.ps1'
[4.947s] INFO:colcon.colcon_core.shell:Creating prefix util module '/home/msc-robot/Documents/Team4_ros_ws/src/High_Vis/Thermal_Images/install/_local_setup_util_ps1.py'
[4.948s] INFO:colcon.colcon_core.shell:Creating prefix chain script '/home/msc-robot/Documents/Team4_ros_ws/src/High_Vis/Thermal_Images/install/setup.ps1'
[4.980s] INFO:colcon.colcon_core.shell:Creating prefix script '/home/msc-robot/Documents/Team4_ros_ws/src/High_Vis/Thermal_Images/install/local_setup.sh'
[4.981s] INFO:colcon.colcon_core.shell:Creating prefix util module '/home/msc-robot/Documents/Team4_ros_ws/src/High_Vis/Thermal_Images/install/_local_setup_util_sh.py'
[4.982s] INFO:colcon.colcon_core.shell:Creating prefix chain script '/home/msc-robot/Documents/Team4_ros_ws/src/High_Vis/Thermal_Images/install/setup.sh'
[5.017s] INFO:colcon.colcon_core.shell:Creating prefix script '/home/msc-robot/Documents/Team4_ros_ws/src/High_Vis/Thermal_Images/install/local_setup.bash'
[5.018s] INFO:colcon.colcon_core.shell:Creating prefix chain script '/home/msc-robot/Documents/Team4_ros_ws/src/High_Vis/Thermal_Images/install/setup.bash'
[5.051s] INFO:colcon.colcon_core.shell:Creating prefix script '/home/msc-robot/Documents/Team4_ros_ws/src/High_Vis/Thermal_Images/install/local_setup.zsh'
[5.052s] INFO:colcon.colcon_core.shell:Creating prefix chain script '/home/msc-robot/Documents/Team4_ros_ws/src/High_Vis/Thermal_Images/install/setup.zsh'
