[1.393s] Invoking command in '/home/harry/ros2_ws/src/High_Vis/actions/build/actions_py': AMENT_PREFIX_PATH=/home/harry/ros2_ws/src/High_Vis/actions/install/hotspot_action:${AMENT_PREFIX_PATH} CMAKE_PREFIX_PATH=/home/harry/ros2_ws/src/High_Vis/actions/install/hotspot_action LD_LIBRARY_PATH=/home/harry/ros2_ws/src/High_Vis/actions/install/hotspot_action/lib:${LD_LIBRARY_PATH} PYTHONPATH=/home/harry/ros2_ws/src/High_Vis/actions/build/actions_py/prefix_override:/home/harry/ros2_ws/src/High_Vis/actions/install/actions_py/lib/python3.10/site-packages:/home/harry/ros2_ws/src/High_Vis/actions/install/hotspot_action/local/lib/python3.10/dist-packages:${PYTHONPATH} /usr/bin/python3 setup.py develop --editable --build-directory /home/harry/ros2_ws/src/High_Vis/actions/build/actions_py/build --no-deps install_data
[1.662s] running develop
[1.806s] running egg_info
[1.807s] creating actions_py.egg-info
[1.807s] writing actions_py.egg-info/PKG-INFO
[1.807s] writing dependency_links to actions_py.egg-info/dependency_links.txt
[1.807s] writing entry points to actions_py.egg-info/entry_points.txt
[1.809s] writing requirements to actions_py.egg-info/requires.txt
[1.809s] writing top-level names to actions_py.egg-info/top_level.txt
[1.809s] writing manifest file 'actions_py.egg-info/SOURCES.txt'
[1.811s] reading manifest file 'actions_py.egg-info/SOURCES.txt'
[1.812s] writing manifest file 'actions_py.egg-info/SOURCES.txt'
[1.815s] running build_ext
[1.815s] Creating /home/harry/ros2_ws/src/High_Vis/actions/install/actions_py/lib/python3.10/site-packages/actions-py.egg-link (link to .)
[1.816s] Installing hotspot_detection script to /home/harry/ros2_ws/src/High_Vis/actions/install/actions_py/lib/actions_py
[1.923s] 
[1.923s] Installed /home/harry/ros2_ws/src/High_Vis/actions/build/actions_py
[1.924s] running install_data
[1.924s] creating /home/harry/ros2_ws/src/High_Vis/actions/install/actions_py/share/ament_index
[1.925s] creating /home/harry/ros2_ws/src/High_Vis/actions/install/actions_py/share/ament_index/resource_index
[1.925s] creating /home/harry/ros2_ws/src/High_Vis/actions/install/actions_py/share/ament_index/resource_index/packages
[1.925s] copying resource/actions_py -> /home/harry/ros2_ws/src/High_Vis/actions/install/actions_py/share/ament_index/resource_index/packages
[1.925s] copying package.xml -> /home/harry/ros2_ws/src/High_Vis/actions/install/actions_py/share/actions_py
[1.980s] Invoked command in '/home/harry/ros2_ws/src/High_Vis/actions/build/actions_py' returned '0': AMENT_PREFIX_PATH=/home/harry/ros2_ws/src/High_Vis/actions/install/hotspot_action:${AMENT_PREFIX_PATH} CMAKE_PREFIX_PATH=/home/harry/ros2_ws/src/High_Vis/actions/install/hotspot_action LD_LIBRARY_PATH=/home/harry/ros2_ws/src/High_Vis/actions/install/hotspot_action/lib:${LD_LIBRARY_PATH} PYTHONPATH=/home/harry/ros2_ws/src/High_Vis/actions/build/actions_py/prefix_override:/home/harry/ros2_ws/src/High_Vis/actions/install/actions_py/lib/python3.10/site-packages:/home/harry/ros2_ws/src/High_Vis/actions/install/hotspot_action/local/lib/python3.10/dist-packages:${PYTHONPATH} /usr/bin/python3 setup.py develop --editable --build-directory /home/harry/ros2_ws/src/High_Vis/actions/build/actions_py/build --no-deps install_data
