[9.704s] DEBUG:colcon:Command line arguments: ['/usr/bin/colcon', 'list', '-p', '--base-paths', '/home/harry/ros2_ws/src/High_Vis/actions']
[9.704s] DEBUG:colcon:Parsed command line arguments: Namespace(log_base=None, log_level=None, verb_name='list', build_base='build', ignore_user_meta=False, metas=['./colcon.meta'], base_paths=['/home/harry/ros2_ws/src/High_Vis/actions'], packages_ignore=None, packages_ignore_regex=None, paths=None, packages_up_to=None, packages_up_to_regex=None, packages_above=None, packages_above_and_dependencies=None, packages_above_depth=None, packages_select_by_dep=None, packages_skip_by_dep=None, packages_skip_up_to=None, packages_select_build_failed=False, packages_skip_build_finished=False, packages_select_test_failures=False, packages_skip_test_passed=False, packages_select=None, packages_skip=None, packages_select_regex=None, packages_skip_regex=None, packages_start=None, packages_end=None, allow_overriding=[], topological_order=False, names_only=False, paths_only=True, topological_graph=False, topological_graph_dot=False, topological_graph_density=False, topological_graph_legend=False, topological_graph_dot_cluster=False, topological_graph_dot_include_skipped=False, verb_parser=<colcon_defaults.argument_parser.defaults.DefaultArgumentsDecorator object at 0x7eff884dd930>, verb_extension=<colcon_package_information.verb.list.ListVerb object at 0x7eff884dfa90>, main=<bound method ListVerb.main of <colcon_package_information.verb.list.ListVerb object at 0x7eff884dfa90>>)
[11.677s] Level 1:colcon.colcon_core.package_discovery:discover_packages(colcon_meta) check parameters
[11.688s] Level 1:colcon.colcon_core.package_discovery:discover_packages(recursive) check parameters
[11.688s] Level 1:colcon.colcon_core.package_discovery:discover_packages(ignore) check parameters
[11.688s] Level 1:colcon.colcon_core.package_discovery:discover_packages(path) check parameters
[11.688s] Level 1:colcon.colcon_core.package_discovery:discover_packages(recursive) discover
[11.689s] INFO:colcon.colcon_core.package_discovery:Crawling recursively for packages in '/home/harry/ros2_ws/src/High_Vis/actions'
[11.689s] Level 1:colcon.colcon_core.package_identification:_identify(/home/harry/ros2_ws/src/High_Vis/actions) by extensions ['ignore', 'ignore_ament_install']
[11.689s] Level 1:colcon.colcon_core.package_identification:_identify(/home/harry/ros2_ws/src/High_Vis/actions) by extension 'ignore'
[11.691s] Level 1:colcon.colcon_core.package_identification:_identify(/home/harry/ros2_ws/src/High_Vis/actions) by extension 'ignore_ament_install'
[11.691s] Level 1:colcon.colcon_core.package_identification:_identify(/home/harry/ros2_ws/src/High_Vis/actions) by extensions ['colcon_pkg']
[11.691s] Level 1:colcon.colcon_core.package_identification:_identify(/home/harry/ros2_ws/src/High_Vis/actions) by extension 'colcon_pkg'
[11.692s] Level 1:colcon.colcon_core.package_identification:_identify(/home/harry/ros2_ws/src/High_Vis/actions) by extensions ['colcon_meta']
[11.692s] Level 1:colcon.colcon_core.package_identification:_identify(/home/harry/ros2_ws/src/High_Vis/actions) by extension 'colcon_meta'
[11.694s] Level 1:colcon.colcon_core.package_identification:_identify(/home/harry/ros2_ws/src/High_Vis/actions) by extensions ['ros']
[11.694s] Level 1:colcon.colcon_core.package_identification:_identify(/home/harry/ros2_ws/src/High_Vis/actions) by extension 'ros'
[11.771s] Level 1:colcon.colcon_core.package_identification:_identify(/home/harry/ros2_ws/src/High_Vis/actions) by extensions ['cmake', 'python']
[11.771s] Level 1:colcon.colcon_core.package_identification:_identify(/home/harry/ros2_ws/src/High_Vis/actions) by extension 'cmake'
[11.771s] Level 1:colcon.colcon_core.package_identification:_identify(/home/harry/ros2_ws/src/High_Vis/actions) by extension 'python'
[11.771s] Level 1:colcon.colcon_core.package_identification:_identify(/home/harry/ros2_ws/src/High_Vis/actions) by extensions ['python_setup_py']
[11.771s] Level 1:colcon.colcon_core.package_identification:_identify(/home/harry/ros2_ws/src/High_Vis/actions) by extension 'python_setup_py'
[11.772s] Level 1:colcon.colcon_core.package_identification:_identify(/home/harry/ros2_ws/src/High_Vis/actions/build) by extensions ['ignore', 'ignore_ament_install']
[11.778s] Level 1:colcon.colcon_core.package_identification:_identify(/home/harry/ros2_ws/src/High_Vis/actions/build) by extension 'ignore'
[11.789s] Level 1:colcon.colcon_core.package_identification:_identify(/home/harry/ros2_ws/src/High_Vis/actions/build) ignored
[11.789s] Level 1:colcon.colcon_core.package_identification:_identify(/home/harry/ros2_ws/src/High_Vis/actions/install) by extensions ['ignore', 'ignore_ament_install']
[11.789s] Level 1:colcon.colcon_core.package_identification:_identify(/home/harry/ros2_ws/src/High_Vis/actions/install) by extension 'ignore'
[11.790s] Level 1:colcon.colcon_core.package_identification:_identify(/home/harry/ros2_ws/src/High_Vis/actions/install) ignored
[11.797s] Level 1:colcon.colcon_core.package_identification:_identify(/home/harry/ros2_ws/src/High_Vis/actions/log) by extensions ['ignore', 'ignore_ament_install']
[11.797s] Level 1:colcon.colcon_core.package_identification:_identify(/home/harry/ros2_ws/src/High_Vis/actions/log) by extension 'ignore'
[11.797s] Level 1:colcon.colcon_core.package_identification:_identify(/home/harry/ros2_ws/src/High_Vis/actions/log) ignored
[11.797s] Level 1:colcon.colcon_core.package_identification:_identify(/home/harry/ros2_ws/src/High_Vis/actions/src) by extensions ['ignore', 'ignore_ament_install']
[11.798s] Level 1:colcon.colcon_core.package_identification:_identify(/home/harry/ros2_ws/src/High_Vis/actions/src) by extension 'ignore'
[11.798s] Level 1:colcon.colcon_core.package_identification:_identify(/home/harry/ros2_ws/src/High_Vis/actions/src) by extension 'ignore_ament_install'
[11.798s] Level 1:colcon.colcon_core.package_identification:_identify(/home/harry/ros2_ws/src/High_Vis/actions/src) by extensions ['colcon_pkg']
[11.798s] Level 1:colcon.colcon_core.package_identification:_identify(/home/harry/ros2_ws/src/High_Vis/actions/src) by extension 'colcon_pkg'
[11.798s] Level 1:colcon.colcon_core.package_identification:_identify(/home/harry/ros2_ws/src/High_Vis/actions/src) by extensions ['colcon_meta']
[11.798s] Level 1:colcon.colcon_core.package_identification:_identify(/home/harry/ros2_ws/src/High_Vis/actions/src) by extension 'colcon_meta'
[11.798s] Level 1:colcon.colcon_core.package_identification:_identify(/home/harry/ros2_ws/src/High_Vis/actions/src) by extensions ['ros']
[11.798s] Level 1:colcon.colcon_core.package_identification:_identify(/home/harry/ros2_ws/src/High_Vis/actions/src) by extension 'ros'
[11.800s] Level 1:colcon.colcon_core.package_identification:_identify(/home/harry/ros2_ws/src/High_Vis/actions/src) by extensions ['cmake', 'python']
[11.800s] Level 1:colcon.colcon_core.package_identification:_identify(/home/harry/ros2_ws/src/High_Vis/actions/src) by extension 'cmake'
[11.800s] Level 1:colcon.colcon_core.package_identification:_identify(/home/harry/ros2_ws/src/High_Vis/actions/src) by extension 'python'
[11.808s] Level 1:colcon.colcon_core.package_identification:_identify(/home/harry/ros2_ws/src/High_Vis/actions/src) by extensions ['python_setup_py']
[11.808s] Level 1:colcon.colcon_core.package_identification:_identify(/home/harry/ros2_ws/src/High_Vis/actions/src) by extension 'python_setup_py'
[11.808s] Level 1:colcon.colcon_core.package_identification:_identify(/home/harry/ros2_ws/src/High_Vis/actions/src/actions_py) by extensions ['ignore', 'ignore_ament_install']
[11.809s] Level 1:colcon.colcon_core.package_identification:_identify(/home/harry/ros2_ws/src/High_Vis/actions/src/actions_py) by extension 'ignore'
[11.809s] Level 1:colcon.colcon_core.package_identification:_identify(/home/harry/ros2_ws/src/High_Vis/actions/src/actions_py) by extension 'ignore_ament_install'
[11.809s] Level 1:colcon.colcon_core.package_identification:_identify(/home/harry/ros2_ws/src/High_Vis/actions/src/actions_py) by extensions ['colcon_pkg']
[11.809s] Level 1:colcon.colcon_core.package_identification:_identify(/home/harry/ros2_ws/src/High_Vis/actions/src/actions_py) by extension 'colcon_pkg'
[11.809s] Level 1:colcon.colcon_core.package_identification:_identify(/home/harry/ros2_ws/src/High_Vis/actions/src/actions_py) by extensions ['colcon_meta']
[11.809s] Level 1:colcon.colcon_core.package_identification:_identify(/home/harry/ros2_ws/src/High_Vis/actions/src/actions_py) by extension 'colcon_meta'
[11.810s] Level 1:colcon.colcon_core.package_identification:_identify(/home/harry/ros2_ws/src/High_Vis/actions/src/actions_py) by extensions ['ros']
[11.810s] Level 1:colcon.colcon_core.package_identification:_identify(/home/harry/ros2_ws/src/High_Vis/actions/src/actions_py) by extension 'ros'
[11.814s] DEBUG:colcon.colcon_core.package_identification:Package '/home/harry/ros2_ws/src/High_Vis/actions/src/actions_py' with type 'ros.ament_python' and name 'actions_py'
[11.815s] Level 1:colcon.colcon_core.package_identification:_identify(/home/harry/ros2_ws/src/High_Vis/actions/src/hotspot_action) by extensions ['ignore', 'ignore_ament_install']
[11.815s] Level 1:colcon.colcon_core.package_identification:_identify(/home/harry/ros2_ws/src/High_Vis/actions/src/hotspot_action) by extension 'ignore'
[11.815s] Level 1:colcon.colcon_core.package_identification:_identify(/home/harry/ros2_ws/src/High_Vis/actions/src/hotspot_action) by extension 'ignore_ament_install'
[11.815s] Level 1:colcon.colcon_core.package_identification:_identify(/home/harry/ros2_ws/src/High_Vis/actions/src/hotspot_action) by extensions ['colcon_pkg']
[11.815s] Level 1:colcon.colcon_core.package_identification:_identify(/home/harry/ros2_ws/src/High_Vis/actions/src/hotspot_action) by extension 'colcon_pkg'
[11.815s] Level 1:colcon.colcon_core.package_identification:_identify(/home/harry/ros2_ws/src/High_Vis/actions/src/hotspot_action) by extensions ['colcon_meta']
[11.854s] Level 1:colcon.colcon_core.package_identification:_identify(/home/harry/ros2_ws/src/High_Vis/actions/src/hotspot_action) by extension 'colcon_meta'
[11.855s] Level 1:colcon.colcon_core.package_identification:_identify(/home/harry/ros2_ws/src/High_Vis/actions/src/hotspot_action) by extensions ['ros']
[11.855s] Level 1:colcon.colcon_core.package_identification:_identify(/home/harry/ros2_ws/src/High_Vis/actions/src/hotspot_action) by extension 'ros'
[11.856s] DEBUG:colcon.colcon_core.package_identification:Package '/home/harry/ros2_ws/src/High_Vis/actions/src/hotspot_action' with type 'ros.ament_cmake' and name 'hotspot_action'
[11.856s] Level 1:colcon.colcon_core.package_discovery:discover_packages(recursive) using defaults
