[2.534s] Invoking command in '/home/msc-robot/Documents/Team4_ros_ws/src/High_Vis/hs_rep/build/pdf_generator': PYTHONPATH=/home/msc-robot/Documents/Team4_ros_ws/src/High_Vis/hs_rep/build/pdf_generator/prefix_override:/home/msc-robot/Documents/Team4_ros_ws/src/High_Vis/hs_rep/install/pdf_generator/lib/python3.10/site-packages:${PYTHONPATH} /usr/bin/python3 setup.py develop --editable --build-directory /home/msc-robot/Documents/Team4_ros_ws/src/High_Vis/hs_rep/build/pdf_generator/build --no-deps install_data
[3.296s] running develop
[3.297s] /usr/local/lib/python3.10/dist-packages/setuptools/command/develop.py:40: EasyInstallDeprecationWarning: easy_install command is deprecated.
[3.297s] !!
[3.297s] 
[3.298s]         ********************************************************************************
[3.298s]         Please avoid running ``setup.py`` and ``easy_install``.
[3.298s]         Instead, use pypa/build, pypa/installer or other
[3.298s]         standards-based tools.
[3.298s] 
[3.298s]         See https://github.com/pypa/setuptools/issues/917 for details.
[3.299s]         ********************************************************************************
[3.299s] 
[3.299s] !!
[3.299s]   easy_install.initialize_options(self)
[3.386s] /usr/local/lib/python3.10/dist-packages/setuptools/_distutils/cmd.py:66: SetuptoolsDeprecationWarning: setup.py install is deprecated.
[3.386s] !!
[3.386s] 
[3.386s]         ********************************************************************************
[3.386s]         Please avoid running ``setup.py`` directly.
[3.386s]         Instead, use pypa/build, pypa/installer or other
[3.387s]         standards-based tools.
[3.387s] 
[3.387s]         See https://blog.ganssle.io/articles/2021/10/setup-py-deprecated.html for details.
[3.387s]         ********************************************************************************
[3.387s] 
[3.387s] !!
[3.388s]   self.initialize_options()
[3.807s] running egg_info
[3.807s] creating pdf_generator.egg-info
[3.834s] writing pdf_generator.egg-info/PKG-INFO
[3.835s] writing dependency_links to pdf_generator.egg-info/dependency_links.txt
[3.836s] writing entry points to pdf_generator.egg-info/entry_points.txt
[3.836s] writing requirements to pdf_generator.egg-info/requires.txt
[3.836s] writing top-level names to pdf_generator.egg-info/top_level.txt
[3.836s] writing manifest file 'pdf_generator.egg-info/SOURCES.txt'
[3.908s] reading manifest file 'pdf_generator.egg-info/SOURCES.txt'
[3.909s] writing manifest file 'pdf_generator.egg-info/SOURCES.txt'
[3.938s] running build_ext
[3.938s] Creating /home/msc-robot/Documents/Team4_ros_ws/src/High_Vis/hs_rep/install/pdf_generator/lib/python3.10/site-packages/pdf-generator.egg-link (link to .)
[3.939s] Installing pg_node script to /home/msc-robot/Documents/Team4_ros_ws/src/High_Vis/hs_rep/install/pdf_generator/lib/pdf_generator
[3.940s] 
[3.940s] Installed /home/msc-robot/Documents/Team4_ros_ws/src/High_Vis/hs_rep/build/pdf_generator
[3.940s] running install_data
[3.940s] creating /home/msc-robot/Documents/Team4_ros_ws/src/High_Vis/hs_rep/install/pdf_generator/share/ament_index
[3.940s] creating /home/msc-robot/Documents/Team4_ros_ws/src/High_Vis/hs_rep/install/pdf_generator/share/ament_index/resource_index
[3.940s] creating /home/msc-robot/Documents/Team4_ros_ws/src/High_Vis/hs_rep/install/pdf_generator/share/ament_index/resource_index/packages
[3.941s] copying resource/pdf_generator -> /home/msc-robot/Documents/Team4_ros_ws/src/High_Vis/hs_rep/install/pdf_generator/share/ament_index/resource_index/packages
[3.941s] copying package.xml -> /home/msc-robot/Documents/Team4_ros_ws/src/High_Vis/hs_rep/install/pdf_generator/share/pdf_generator
[3.984s] Invoked command in '/home/msc-robot/Documents/Team4_ros_ws/src/High_Vis/hs_rep/build/pdf_generator' returned '0': PYTHONPATH=/home/msc-robot/Documents/Team4_ros_ws/src/High_Vis/hs_rep/build/pdf_generator/prefix_override:/home/msc-robot/Documents/Team4_ros_ws/src/High_Vis/hs_rep/install/pdf_generator/lib/python3.10/site-packages:${PYTHONPATH} /usr/bin/python3 setup.py develop --editable --build-directory /home/msc-robot/Documents/Team4_ros_ws/src/High_Vis/hs_rep/build/pdf_generator/build --no-deps install_data
