[1.102s] DEBUG:colcon:Command line arguments: ['/usr/bin/colcon', 'build']
[1.102s] DEBUG:colcon:Parsed command line arguments: Namespace(log_base=None, log_level=None, verb_name='build', build_base='build', install_base='install', merge_install=False, symlink_install=False, test_result_base=None, continue_on_error=False, executor='parallel', parallel_workers=8, event_handlers=None, ignore_user_meta=False, metas=['./colcon.meta'], base_paths=['.'], packages_ignore=None, packages_ignore_regex=None, paths=None, packages_up_to=None, packages_up_to_regex=None, packages_above=None, packages_above_and_dependencies=None, packages_above_depth=None, packages_select_by_dep=None, packages_skip_by_dep=None, packages_skip_up_to=None, packages_select_build_failed=False, packages_skip_build_finished=False, packages_select_test_failures=False, packages_skip_test_passed=False, packages_select=None, packages_skip=None, packages_select_regex=None, packages_skip_regex=None, packages_start=None, packages_end=None, allow_overriding=[], cmake_args=None, cmake_target=None, cmake_target_skip_unavailable=False, cmake_clean_cache=False, cmake_clean_first=False, cmake_force_configure=False, ament_cmake_args=None, catkin_cmake_args=None, catkin_skip_building_tests=False, verb_parser=<colcon_defaults.argument_parser.defaults.DefaultArgumentsDecorator object at 0x7fcecb732980>, verb_extension=<colcon_core.verb.build.BuildVerb object at 0x7fcecb9b7010>, main=<bound method BuildVerb.main of <colcon_core.verb.build.BuildVerb object at 0x7fcecb9b7010>>)
[1.156s] Level 1:colcon.colcon_core.package_discovery:discover_packages(colcon_meta) check parameters
[1.156s] Level 1:colcon.colcon_core.package_discovery:discover_packages(recursive) check parameters
[1.156s] Level 1:colcon.colcon_core.package_discovery:discover_packages(ignore) check parameters
[1.156s] Level 1:colcon.colcon_core.package_discovery:discover_packages(path) check parameters
[1.156s] Level 1:colcon.colcon_core.package_discovery:discover_packages(colcon_meta) discover
[1.156s] Level 1:colcon.colcon_core.package_discovery:discover_packages(recursive) discover
[1.156s] INFO:colcon.colcon_core.package_discovery:Crawling recursively for packages in '/home/harry/High_Vis/post_process'
[1.157s] Level 1:colcon.colcon_core.package_identification:_identify(.) by extensions ['ignore', 'ignore_ament_install']
[1.157s] Level 1:colcon.colcon_core.package_identification:_identify(.) by extension 'ignore'
[1.157s] Level 1:colcon.colcon_core.package_identification:_identify(.) by extension 'ignore_ament_install'
[1.157s] Level 1:colcon.colcon_core.package_identification:_identify(.) by extensions ['colcon_pkg']
[1.157s] Level 1:colcon.colcon_core.package_identification:_identify(.) by extension 'colcon_pkg'
[1.157s] Level 1:colcon.colcon_core.package_identification:_identify(.) by extensions ['colcon_meta']
[1.157s] Level 1:colcon.colcon_core.package_identification:_identify(.) by extension 'colcon_meta'
[1.157s] Level 1:colcon.colcon_core.package_identification:_identify(.) by extensions ['ros']
[1.157s] Level 1:colcon.colcon_core.package_identification:_identify(.) by extension 'ros'
[1.175s] Level 1:colcon.colcon_core.package_identification:_identify(.) by extensions ['cmake', 'python']
[1.175s] Level 1:colcon.colcon_core.package_identification:_identify(.) by extension 'cmake'
[1.175s] Level 1:colcon.colcon_core.package_identification:_identify(.) by extension 'python'
[1.175s] Level 1:colcon.colcon_core.package_identification:_identify(.) by extensions ['python_setup_py']
[1.175s] Level 1:colcon.colcon_core.package_identification:_identify(.) by extension 'python_setup_py'
[1.175s] Level 1:colcon.colcon_core.package_identification:_identify(build) by extensions ['ignore', 'ignore_ament_install']
[1.175s] Level 1:colcon.colcon_core.package_identification:_identify(build) by extension 'ignore'
[1.175s] Level 1:colcon.colcon_core.package_identification:_identify(build) ignored
[1.176s] Level 1:colcon.colcon_core.package_identification:_identify(install) by extensions ['ignore', 'ignore_ament_install']
[1.176s] Level 1:colcon.colcon_core.package_identification:_identify(install) by extension 'ignore'
[1.176s] Level 1:colcon.colcon_core.package_identification:_identify(install) ignored
[1.176s] Level 1:colcon.colcon_core.package_identification:_identify(log) by extensions ['ignore', 'ignore_ament_install']
[1.176s] Level 1:colcon.colcon_core.package_identification:_identify(log) by extension 'ignore'
[1.176s] Level 1:colcon.colcon_core.package_identification:_identify(log) ignored
[1.176s] Level 1:colcon.colcon_core.package_identification:_identify(src) by extensions ['ignore', 'ignore_ament_install']
[1.176s] Level 1:colcon.colcon_core.package_identification:_identify(src) by extension 'ignore'
[1.176s] Level 1:colcon.colcon_core.package_identification:_identify(src) by extension 'ignore_ament_install'
[1.176s] Level 1:colcon.colcon_core.package_identification:_identify(src) by extensions ['colcon_pkg']
[1.176s] Level 1:colcon.colcon_core.package_identification:_identify(src) by extension 'colcon_pkg'
[1.176s] Level 1:colcon.colcon_core.package_identification:_identify(src) by extensions ['colcon_meta']
[1.176s] Level 1:colcon.colcon_core.package_identification:_identify(src) by extension 'colcon_meta'
[1.176s] Level 1:colcon.colcon_core.package_identification:_identify(src) by extensions ['ros']
[1.176s] Level 1:colcon.colcon_core.package_identification:_identify(src) by extension 'ros'
[1.177s] Level 1:colcon.colcon_core.package_identification:_identify(src) by extensions ['cmake', 'python']
[1.177s] Level 1:colcon.colcon_core.package_identification:_identify(src) by extension 'cmake'
[1.177s] Level 1:colcon.colcon_core.package_identification:_identify(src) by extension 'python'
[1.177s] Level 1:colcon.colcon_core.package_identification:_identify(src) by extensions ['python_setup_py']
[1.177s] Level 1:colcon.colcon_core.package_identification:_identify(src) by extension 'python_setup_py'
[1.177s] Level 1:colcon.colcon_core.package_identification:_identify(src/hotspot_detection) by extensions ['ignore', 'ignore_ament_install']
[1.177s] Level 1:colcon.colcon_core.package_identification:_identify(src/hotspot_detection) by extension 'ignore'
[1.177s] Level 1:colcon.colcon_core.package_identification:_identify(src/hotspot_detection) by extension 'ignore_ament_install'
[1.177s] Level 1:colcon.colcon_core.package_identification:_identify(src/hotspot_detection) by extensions ['colcon_pkg']
[1.177s] Level 1:colcon.colcon_core.package_identification:_identify(src/hotspot_detection) by extension 'colcon_pkg'
[1.177s] Level 1:colcon.colcon_core.package_identification:_identify(src/hotspot_detection) by extensions ['colcon_meta']
[1.177s] Level 1:colcon.colcon_core.package_identification:_identify(src/hotspot_detection) by extension 'colcon_meta'
[1.177s] Level 1:colcon.colcon_core.package_identification:_identify(src/hotspot_detection) by extensions ['ros']
[1.177s] Level 1:colcon.colcon_core.package_identification:_identify(src/hotspot_detection) by extension 'ros'
[1.183s] DEBUG:colcon.colcon_core.package_identification:Package 'src/hotspot_detection' with type 'ros.ament_python' and name 'hotspot_detection'
[1.184s] Level 1:colcon.colcon_core.package_identification:_identify(src/pdf_generator) by extensions ['ignore', 'ignore_ament_install']
[1.184s] Level 1:colcon.colcon_core.package_identification:_identify(src/pdf_generator) by extension 'ignore'
[1.184s] Level 1:colcon.colcon_core.package_identification:_identify(src/pdf_generator) by extension 'ignore_ament_install'
[1.184s] Level 1:colcon.colcon_core.package_identification:_identify(src/pdf_generator) by extensions ['colcon_pkg']
[1.184s] Level 1:colcon.colcon_core.package_identification:_identify(src/pdf_generator) by extension 'colcon_pkg'
[1.184s] Level 1:colcon.colcon_core.package_identification:_identify(src/pdf_generator) by extensions ['colcon_meta']
[1.184s] Level 1:colcon.colcon_core.package_identification:_identify(src/pdf_generator) by extension 'colcon_meta'
[1.184s] Level 1:colcon.colcon_core.package_identification:_identify(src/pdf_generator) by extensions ['ros']
[1.184s] Level 1:colcon.colcon_core.package_identification:_identify(src/pdf_generator) by extension 'ros'
[1.185s] DEBUG:colcon.colcon_core.package_identification:Package 'src/pdf_generator' with type 'ros.ament_python' and name 'pdf_generator'
[1.185s] Level 1:colcon.colcon_core.package_discovery:discover_packages(recursive) using defaults
[1.185s] Level 1:colcon.colcon_core.package_discovery:discover_packages(ignore) discover
[1.185s] Level 1:colcon.colcon_core.package_discovery:discover_packages(ignore) using defaults
[1.185s] Level 1:colcon.colcon_core.package_discovery:discover_packages(path) discover
[1.185s] Level 1:colcon.colcon_core.package_discovery:discover_packages(path) using defaults
[1.275s] Level 1:colcon.colcon_core.package_discovery:discover_packages(prefix_path) check parameters
[1.275s] Level 1:colcon.colcon_core.package_discovery:discover_packages(prefix_path) discover
[1.304s] DEBUG:colcon.colcon_installed_package_information.package_discovery:Found 2 installed packages in /home/harry/High_Vis/post_process/install
[1.316s] DEBUG:colcon.colcon_installed_package_information.package_discovery:Found 1 installed packages in /home/harry/High_Vis/Thermal_Images/src/camera_pub/install
[1.328s] DEBUG:colcon.colcon_installed_package_information.package_discovery:Found 376 installed packages in /opt/ros/humble
[1.329s] Level 1:colcon.colcon_core.package_discovery:discover_packages(prefix_path) using defaults
[1.462s] Level 5:colcon.colcon_core.verb:set package 'hotspot_detection' build argument 'cmake_args' from command line to 'None'
[1.463s] Level 5:colcon.colcon_core.verb:set package 'hotspot_detection' build argument 'cmake_target' from command line to 'None'
[1.463s] Level 5:colcon.colcon_core.verb:set package 'hotspot_detection' build argument 'cmake_target_skip_unavailable' from command line to 'False'
[1.463s] Level 5:colcon.colcon_core.verb:set package 'hotspot_detection' build argument 'cmake_clean_cache' from command line to 'False'
[1.463s] Level 5:colcon.colcon_core.verb:set package 'hotspot_detection' build argument 'cmake_clean_first' from command line to 'False'
[1.463s] Level 5:colcon.colcon_core.verb:set package 'hotspot_detection' build argument 'cmake_force_configure' from command line to 'False'
[1.463s] Level 5:colcon.colcon_core.verb:set package 'hotspot_detection' build argument 'ament_cmake_args' from command line to 'None'
[1.463s] Level 5:colcon.colcon_core.verb:set package 'hotspot_detection' build argument 'catkin_cmake_args' from command line to 'None'
[1.463s] Level 5:colcon.colcon_core.verb:set package 'hotspot_detection' build argument 'catkin_skip_building_tests' from command line to 'False'
[1.463s] DEBUG:colcon.colcon_core.verb:Building package 'hotspot_detection' with the following arguments: {'ament_cmake_args': None, 'build_base': '/home/harry/High_Vis/post_process/build/hotspot_detection', 'catkin_cmake_args': None, 'catkin_skip_building_tests': False, 'cmake_args': None, 'cmake_clean_cache': False, 'cmake_clean_first': False, 'cmake_force_configure': False, 'cmake_target': None, 'cmake_target_skip_unavailable': False, 'install_base': '/home/harry/High_Vis/post_process/install/hotspot_detection', 'merge_install': False, 'path': '/home/harry/High_Vis/post_process/src/hotspot_detection', 'symlink_install': False, 'test_result_base': None}
[1.475s] Level 5:colcon.colcon_core.verb:set package 'pdf_generator' build argument 'cmake_args' from command line to 'None'
[1.475s] Level 5:colcon.colcon_core.verb:set package 'pdf_generator' build argument 'cmake_target' from command line to 'None'
[1.475s] Level 5:colcon.colcon_core.verb:set package 'pdf_generator' build argument 'cmake_target_skip_unavailable' from command line to 'False'
[1.475s] Level 5:colcon.colcon_core.verb:set package 'pdf_generator' build argument 'cmake_clean_cache' from command line to 'False'
[1.475s] Level 5:colcon.colcon_core.verb:set package 'pdf_generator' build argument 'cmake_clean_first' from command line to 'False'
[1.475s] Level 5:colcon.colcon_core.verb:set package 'pdf_generator' build argument 'cmake_force_configure' from command line to 'False'
[1.475s] Level 5:colcon.colcon_core.verb:set package 'pdf_generator' build argument 'ament_cmake_args' from command line to 'None'
[1.475s] Level 5:colcon.colcon_core.verb:set package 'pdf_generator' build argument 'catkin_cmake_args' from command line to 'None'
[1.475s] Level 5:colcon.colcon_core.verb:set package 'pdf_generator' build argument 'catkin_skip_building_tests' from command line to 'False'
[1.475s] DEBUG:colcon.colcon_core.verb:Building package 'pdf_generator' with the following arguments: {'ament_cmake_args': None, 'build_base': '/home/harry/High_Vis/post_process/build/pdf_generator', 'catkin_cmake_args': None, 'catkin_skip_building_tests': False, 'cmake_args': None, 'cmake_clean_cache': False, 'cmake_clean_first': False, 'cmake_force_configure': False, 'cmake_target': None, 'cmake_target_skip_unavailable': False, 'install_base': '/home/harry/High_Vis/post_process/install/pdf_generator', 'merge_install': False, 'path': '/home/harry/High_Vis/post_process/src/pdf_generator', 'symlink_install': False, 'test_result_base': None}
[1.488s] INFO:colcon.colcon_core.executor:Executing jobs using 'parallel' executor
[1.501s] DEBUG:colcon.colcon_parallel_executor.executor.parallel:run_until_complete
[1.501s] INFO:colcon.colcon_ros.task.ament_python.build:Building ROS package in '/home/harry/High_Vis/post_process/src/hotspot_detection' with build type 'ament_python'
[1.501s] Level 1:colcon.colcon_core.shell:create_environment_hook('hotspot_detection', 'ament_prefix_path')
[1.521s] INFO:colcon.colcon_core.plugin_system:Skipping extension 'colcon_core.shell.bat': Not used on non-Windows systems
[1.521s] INFO:colcon.colcon_core.shell:Creating environment hook '/home/harry/High_Vis/post_process/install/hotspot_detection/share/hotspot_detection/hook/ament_prefix_path.ps1'
[1.522s] INFO:colcon.colcon_core.shell:Creating environment descriptor '/home/harry/High_Vis/post_process/install/hotspot_detection/share/hotspot_detection/hook/ament_prefix_path.dsv'
[1.523s] INFO:colcon.colcon_core.shell:Creating environment hook '/home/harry/High_Vis/post_process/install/hotspot_detection/share/hotspot_detection/hook/ament_prefix_path.sh'
[1.537s] INFO:colcon.colcon_core.shell:Skip shell extension 'powershell' for command environment: Not usable outside of PowerShell
[1.537s] DEBUG:colcon.colcon_core.shell:Skip shell extension 'dsv' for command environment
[1.587s] INFO:colcon.colcon_ros.task.ament_python.build:Building ROS package in '/home/harry/High_Vis/post_process/src/pdf_generator' with build type 'ament_python'
[1.587s] Level 1:colcon.colcon_core.shell:create_environment_hook('pdf_generator', 'ament_prefix_path')
[1.606s] INFO:colcon.colcon_core.shell:Creating environment hook '/home/harry/High_Vis/post_process/install/pdf_generator/share/pdf_generator/hook/ament_prefix_path.ps1'
[1.607s] INFO:colcon.colcon_core.shell:Creating environment descriptor '/home/harry/High_Vis/post_process/install/pdf_generator/share/pdf_generator/hook/ament_prefix_path.dsv'
[1.608s] INFO:colcon.colcon_core.shell:Creating environment hook '/home/harry/High_Vis/post_process/install/pdf_generator/share/pdf_generator/hook/ament_prefix_path.sh'
[1.625s] INFO:colcon.colcon_core.shell:Skip shell extension 'powershell' for command environment: Not usable outside of PowerShell
[1.625s] DEBUG:colcon.colcon_core.shell:Skip shell extension 'dsv' for command environment
[1.937s] INFO:colcon.colcon_core.task.python.build:Building Python package in '/home/harry/High_Vis/post_process/src/hotspot_detection'
[1.950s] INFO:colcon.colcon_core.shell:Skip shell extension 'powershell' for command environment: Not usable outside of PowerShell
[1.950s] DEBUG:colcon.colcon_core.shell:Skip shell extension 'dsv' for command environment
[2.246s] INFO:colcon.colcon_core.task.python.build:Building Python package in '/home/harry/High_Vis/post_process/src/pdf_generator'
[2.258s] INFO:colcon.colcon_core.shell:Skip shell extension 'powershell' for command environment: Not usable outside of PowerShell
[2.258s] DEBUG:colcon.colcon_core.shell:Skip shell extension 'dsv' for command environment
[2.772s] DEBUG:colcon.colcon_core.event_handler.log_command:Invoking command in '/home/harry/High_Vis/post_process/build/pdf_generator': PYTHONPATH=/home/harry/High_Vis/post_process/build/pdf_generator/prefix_override:/home/harry/High_Vis/post_process/install/pdf_generator/lib/python3.10/site-packages:${PYTHONPATH} /usr/bin/python3 setup.py develop --uninstall --editable --build-directory /home/harry/High_Vis/post_process/build/pdf_generator/build
[2.774s] DEBUG:colcon.colcon_core.event_handler.log_command:Invoking command in '/home/harry/High_Vis/post_process/build/hotspot_detection': PYTHONPATH=/home/harry/High_Vis/post_process/build/hotspot_detection/prefix_override:/home/harry/High_Vis/post_process/install/hotspot_detection/lib/python3.10/site-packages:${PYTHONPATH} /usr/bin/python3 setup.py develop --uninstall --editable --build-directory /home/harry/High_Vis/post_process/build/hotspot_detection/build
[3.191s] DEBUG:colcon.colcon_core.event_handler.log_command:Invoked command in '/home/harry/High_Vis/post_process/build/pdf_generator' returned '0': PYTHONPATH=/home/harry/High_Vis/post_process/build/pdf_generator/prefix_override:/home/harry/High_Vis/post_process/install/pdf_generator/lib/python3.10/site-packages:${PYTHONPATH} /usr/bin/python3 setup.py develop --uninstall --editable --build-directory /home/harry/High_Vis/post_process/build/pdf_generator/build
[3.195s] DEBUG:colcon.colcon_core.event_handler.log_command:Invoking command in '/home/harry/High_Vis/post_process/src/pdf_generator': PYTHONPATH=/home/harry/High_Vis/post_process/build/pdf_generator/prefix_override:/home/harry/High_Vis/post_process/install/pdf_generator/lib/python3.10/site-packages:${PYTHONPATH} /usr/bin/python3 setup.py egg_info --egg-base ../../build/pdf_generator build --build-base /home/harry/High_Vis/post_process/build/pdf_generator/build install --record /home/harry/High_Vis/post_process/build/pdf_generator/install.log --single-version-externally-managed
[3.205s] DEBUG:colcon.colcon_core.event_handler.log_command:Invoked command in '/home/harry/High_Vis/post_process/build/hotspot_detection' returned '0': PYTHONPATH=/home/harry/High_Vis/post_process/build/hotspot_detection/prefix_override:/home/harry/High_Vis/post_process/install/hotspot_detection/lib/python3.10/site-packages:${PYTHONPATH} /usr/bin/python3 setup.py develop --uninstall --editable --build-directory /home/harry/High_Vis/post_process/build/hotspot_detection/build
[3.208s] DEBUG:colcon.colcon_core.event_handler.log_command:Invoking command in '/home/harry/High_Vis/post_process/src/hotspot_detection': PYTHONPATH=/home/harry/High_Vis/post_process/build/hotspot_detection/prefix_override:/home/harry/High_Vis/post_process/install/hotspot_detection/lib/python3.10/site-packages:${PYTHONPATH} /usr/bin/python3 setup.py egg_info --egg-base ../../build/hotspot_detection build --build-base /home/harry/High_Vis/post_process/build/hotspot_detection/build install --record /home/harry/High_Vis/post_process/build/hotspot_detection/install.log --single-version-externally-managed
[3.515s] DEBUG:colcon.colcon_core.event_handler.log_command:Invoked command in '/home/harry/High_Vis/post_process/src/pdf_generator' returned '0': PYTHONPATH=/home/harry/High_Vis/post_process/build/pdf_generator/prefix_override:/home/harry/High_Vis/post_process/install/pdf_generator/lib/python3.10/site-packages:${PYTHONPATH} /usr/bin/python3 setup.py egg_info --egg-base ../../build/pdf_generator build --build-base /home/harry/High_Vis/post_process/build/pdf_generator/build install --record /home/harry/High_Vis/post_process/build/pdf_generator/install.log --single-version-externally-managed
[3.533s] Level 1:colcon.colcon_core.environment:checking '/home/harry/High_Vis/post_process/install/pdf_generator' for CMake module files
[3.534s] Level 1:colcon.colcon_core.environment:checking '/home/harry/High_Vis/post_process/install/pdf_generator' for CMake config files
[3.535s] Level 1:colcon.colcon_core.environment:checking '/home/harry/High_Vis/post_process/install/pdf_generator/lib'
[3.535s] Level 1:colcon.colcon_core.environment:checking '/home/harry/High_Vis/post_process/install/pdf_generator/bin'
[3.535s] Level 1:colcon.colcon_core.environment:checking '/home/harry/High_Vis/post_process/install/pdf_generator/lib/pkgconfig/pdf_generator.pc'
[3.536s] Level 1:colcon.colcon_core.environment:checking '/home/harry/High_Vis/post_process/install/pdf_generator/lib/python3.10/site-packages'
[3.536s] Level 1:colcon.colcon_core.shell:create_environment_hook('pdf_generator', 'pythonpath')
[3.548s] INFO:colcon.colcon_core.shell:Creating environment hook '/home/harry/High_Vis/post_process/install/pdf_generator/share/pdf_generator/hook/pythonpath.ps1'
[3.548s] INFO:colcon.colcon_core.shell:Creating environment descriptor '/home/harry/High_Vis/post_process/install/pdf_generator/share/pdf_generator/hook/pythonpath.dsv'
[3.548s] INFO:colcon.colcon_core.shell:Creating environment hook '/home/harry/High_Vis/post_process/install/pdf_generator/share/pdf_generator/hook/pythonpath.sh'
[3.550s] Level 1:colcon.colcon_core.environment:checking '/home/harry/High_Vis/post_process/install/pdf_generator/bin'
[3.550s] Level 1:colcon.colcon_core.environment:create_environment_scripts_only(pdf_generator)
[3.562s] INFO:colcon.colcon_core.shell:Creating package script '/home/harry/High_Vis/post_process/install/pdf_generator/share/pdf_generator/package.ps1'
[3.563s] INFO:colcon.colcon_core.shell:Creating package descriptor '/home/harry/High_Vis/post_process/install/pdf_generator/share/pdf_generator/package.dsv'
[3.564s] INFO:colcon.colcon_core.shell:Creating package script '/home/harry/High_Vis/post_process/install/pdf_generator/share/pdf_generator/package.sh'
[3.565s] INFO:colcon.colcon_core.shell:Creating package script '/home/harry/High_Vis/post_process/install/pdf_generator/share/pdf_generator/package.bash'
[3.566s] INFO:colcon.colcon_core.shell:Creating package script '/home/harry/High_Vis/post_process/install/pdf_generator/share/pdf_generator/package.zsh'
[3.567s] Level 1:colcon.colcon_core.environment:create_file_with_runtime_dependencies(/home/harry/High_Vis/post_process/install/pdf_generator/share/colcon-core/packages/pdf_generator)
[3.571s] DEBUG:colcon.colcon_core.event_handler.log_command:Invoked command in '/home/harry/High_Vis/post_process/src/hotspot_detection' returned '0': PYTHONPATH=/home/harry/High_Vis/post_process/build/hotspot_detection/prefix_override:/home/harry/High_Vis/post_process/install/hotspot_detection/lib/python3.10/site-packages:${PYTHONPATH} /usr/bin/python3 setup.py egg_info --egg-base ../../build/hotspot_detection build --build-base /home/harry/High_Vis/post_process/build/hotspot_detection/build install --record /home/harry/High_Vis/post_process/build/hotspot_detection/install.log --single-version-externally-managed
[3.584s] Level 1:colcon.colcon_core.environment:checking '/home/harry/High_Vis/post_process/install/hotspot_detection' for CMake module files
[3.584s] Level 1:colcon.colcon_core.environment:checking '/home/harry/High_Vis/post_process/install/hotspot_detection' for CMake config files
[3.586s] Level 1:colcon.colcon_core.environment:checking '/home/harry/High_Vis/post_process/install/hotspot_detection/lib'
[3.586s] Level 1:colcon.colcon_core.environment:checking '/home/harry/High_Vis/post_process/install/hotspot_detection/bin'
[3.586s] Level 1:colcon.colcon_core.environment:checking '/home/harry/High_Vis/post_process/install/hotspot_detection/lib/pkgconfig/hotspot_detection.pc'
[3.586s] Level 1:colcon.colcon_core.environment:checking '/home/harry/High_Vis/post_process/install/hotspot_detection/lib/python3.10/site-packages'
[3.586s] Level 1:colcon.colcon_core.shell:create_environment_hook('hotspot_detection', 'pythonpath')
[3.600s] INFO:colcon.colcon_core.shell:Creating environment hook '/home/harry/High_Vis/post_process/install/hotspot_detection/share/hotspot_detection/hook/pythonpath.ps1'
[3.601s] INFO:colcon.colcon_core.shell:Creating environment descriptor '/home/harry/High_Vis/post_process/install/hotspot_detection/share/hotspot_detection/hook/pythonpath.dsv'
[3.601s] INFO:colcon.colcon_core.shell:Creating environment hook '/home/harry/High_Vis/post_process/install/hotspot_detection/share/hotspot_detection/hook/pythonpath.sh'
[3.602s] Level 1:colcon.colcon_core.environment:checking '/home/harry/High_Vis/post_process/install/hotspot_detection/bin'
[3.602s] Level 1:colcon.colcon_core.environment:create_environment_scripts_only(hotspot_detection)
[3.617s] INFO:colcon.colcon_core.shell:Creating package script '/home/harry/High_Vis/post_process/install/hotspot_detection/share/hotspot_detection/package.ps1'
[3.618s] INFO:colcon.colcon_core.shell:Creating package descriptor '/home/harry/High_Vis/post_process/install/hotspot_detection/share/hotspot_detection/package.dsv'
[3.619s] INFO:colcon.colcon_core.shell:Creating package script '/home/harry/High_Vis/post_process/install/hotspot_detection/share/hotspot_detection/package.sh'
[3.620s] INFO:colcon.colcon_core.shell:Creating package script '/home/harry/High_Vis/post_process/install/hotspot_detection/share/hotspot_detection/package.bash'
[3.620s] INFO:colcon.colcon_core.shell:Creating package script '/home/harry/High_Vis/post_process/install/hotspot_detection/share/hotspot_detection/package.zsh'
[3.620s] Level 1:colcon.colcon_core.environment:create_file_with_runtime_dependencies(/home/harry/High_Vis/post_process/install/hotspot_detection/share/colcon-core/packages/hotspot_detection)
[3.621s] DEBUG:colcon.colcon_parallel_executor.executor.parallel:closing loop
[3.621s] DEBUG:colcon.colcon_parallel_executor.executor.parallel:loop closed
[3.622s] DEBUG:colcon.colcon_parallel_executor.executor.parallel:run_until_complete finished with '0'
[3.622s] DEBUG:colcon.colcon_core.event_reactor:joining thread
[3.690s] INFO:colcon.colcon_core.plugin_system:Skipping extension 'colcon_notification.desktop_notification.notify_send': Could not find 'notify-send'
[3.690s] INFO:colcon.colcon_core.plugin_system:Skipping extension 'colcon_notification.desktop_notification.terminal_notifier': Not used on non-Darwin systems
[3.690s] INFO:colcon.colcon_core.plugin_system:Skipping extension 'colcon_notification.desktop_notification.win32': Not used on non-Windows systems
[3.690s] INFO:colcon.colcon_notification.desktop_notification:Sending desktop notification using 'notify2'
[3.692s] DEBUG:colcon.colcon_notification.desktop_notification.notify2:Failed to initialize notify2: org.freedesktop.DBus.Error.FileNotFound: Failed to connect to socket /run/user/1000/bus: No such file or directory
[3.692s] DEBUG:colcon.colcon_core.event_reactor:joined thread
[3.704s] INFO:colcon.colcon_core.shell:Creating prefix script '/home/harry/High_Vis/post_process/install/local_setup.ps1'
[3.705s] INFO:colcon.colcon_core.shell:Creating prefix util module '/home/harry/High_Vis/post_process/install/_local_setup_util_ps1.py'
[3.707s] INFO:colcon.colcon_core.shell:Creating prefix chain script '/home/harry/High_Vis/post_process/install/setup.ps1'
[3.721s] INFO:colcon.colcon_core.shell:Creating prefix script '/home/harry/High_Vis/post_process/install/local_setup.sh'
[3.722s] INFO:colcon.colcon_core.shell:Creating prefix util module '/home/harry/High_Vis/post_process/install/_local_setup_util_sh.py'
[3.723s] INFO:colcon.colcon_core.shell:Creating prefix chain script '/home/harry/High_Vis/post_process/install/setup.sh'
[3.738s] INFO:colcon.colcon_core.shell:Creating prefix script '/home/harry/High_Vis/post_process/install/local_setup.bash'
[3.738s] INFO:colcon.colcon_core.shell:Creating prefix chain script '/home/harry/High_Vis/post_process/install/setup.bash'
[3.752s] INFO:colcon.colcon_core.shell:Creating prefix script '/home/harry/High_Vis/post_process/install/local_setup.zsh'
[3.753s] INFO:colcon.colcon_core.shell:Creating prefix chain script '/home/harry/High_Vis/post_process/install/setup.zsh'
