[1.195s] Invoking command in '/home/harry/ros2_ws/src/High_Vis/actions/build/actions_py': PYTHONPATH=/home/harry/ros2_ws/src/High_Vis/actions/build/actions_py/prefix_override:/home/harry/ros2_ws/src/High_Vis/actions/install/actions_py/lib/python3.10/site-packages:${PYTHONPATH} /usr/bin/python3 setup.py develop --editable --build-directory /home/harry/ros2_ws/src/High_Vis/actions/build/actions_py/build --no-deps install_data
[1.548s] running develop
[1.802s] running egg_info
[1.802s] writing actions_py.egg-info/PKG-INFO
[1.803s] writing dependency_links to actions_py.egg-info/dependency_links.txt
[1.803s] writing entry points to actions_py.egg-info/entry_points.txt
[1.804s] writing requirements to actions_py.egg-info/requires.txt
[1.804s] writing top-level names to actions_py.egg-info/top_level.txt
[1.807s] reading manifest file 'actions_py.egg-info/SOURCES.txt'
[1.808s] writing manifest file 'actions_py.egg-info/SOURCES.txt'
[1.810s] running build_ext
[1.810s] Creating /home/harry/ros2_ws/src/High_Vis/actions/install/actions_py/lib/python3.10/site-packages/actions-py.egg-link (link to .)
[1.811s] Installing hotspot_detection script to /home/harry/ros2_ws/src/High_Vis/actions/install/actions_py/lib/actions_py
[1.811s] Installing hs_detection_client script to /home/harry/ros2_ws/src/High_Vis/actions/install/actions_py/lib/actions_py
[1.812s] Installing nav_server script to /home/harry/ros2_ws/src/High_Vis/actions/install/actions_py/lib/actions_py
[1.812s] Installing overall_client script to /home/harry/ros2_ws/src/High_Vis/actions/install/actions_py/lib/actions_py
[1.813s] 
[1.813s] Installed /home/harry/ros2_ws/src/High_Vis/actions/build/actions_py
[1.814s] running install_data
[1.854s] Invoked command in '/home/harry/ros2_ws/src/High_Vis/actions/build/actions_py' returned '0': PYTHONPATH=/home/harry/ros2_ws/src/High_Vis/actions/build/actions_py/prefix_override:/home/harry/ros2_ws/src/High_Vis/actions/install/actions_py/lib/python3.10/site-packages:${PYTHONPATH} /usr/bin/python3 setup.py develop --editable --build-directory /home/harry/ros2_ws/src/High_Vis/actions/build/actions_py/build --no-deps install_data
