[0.333s] Invoking command in '/home/msc-robot/Documents/Team4_ros_ws/src/High_Vis/Thermal_Images/build/image_view': CMAKE_PREFIX_PATH=${CMAKE_PREFIX_PATH}:/home/msc-robot/Documents/Team4_ros_ws/src/High_Vis/Thermal_Images/install/camera_calibration:/home/msc-robot/Documents/Team4_ros_ws/src/High_Vis/Thermal_Images/install/Thermal_Image_Save:/home/msc-robot/Documents/Team4_ros_ws/src/High_Vis/post_process/install/pdf_generator:/home/msc-robot/Documents/Team4_ros_ws/src/High_Vis/post_process/install/hotspot_detection:/home/msc-robot/Documents/Team4_ros_ws/src/Thermal/install/camera_calibration:/home/msc-robot/Documents/Team4_ros_ws/src/Thermal/install/Thermal_save:/home/msc-robot/Documents/Team4_ros_ws/install/launch_robotnav:/home/msc-robot/Documents/Team4_ros_ws/install/clearpath_generator_gz:/home/msc-robot/Documents/Team4_ros_ws/install/clearpath_config:/home/msc-robot/Documents/Team4_ros_ws/install/camera_calibration:/home/msc-robot/Documents/Team4_ros_ws/install/Thermal_save:/opt/ros/humble /usr/bin/cmake /home/msc-robot/Documents/Team4_ros_ws/src/High_Vis/Thermal_Images/src/image_pipeline/image_view -DAMENT_CMAKE_SYMLINK_INSTALL=1 -DCMAKE_INSTALL_PREFIX=/home/msc-robot/Documents/Team4_ros_ws/src/High_Vis/Thermal_Images/install/image_view
[0.486s] -- The C compiler identification is GNU 11.4.0
[0.625s] -- The CXX compiler identification is GNU 11.4.0
[0.644s] -- Detecting C compiler ABI info
[0.829s] -- Detecting C compiler ABI info - done
[0.848s] -- Check for working C compiler: /usr/bin/cc - skipped
[0.849s] -- Detecting C compile features
[0.850s] -- Detecting C compile features - done
[0.858s] -- Detecting CXX compiler ABI info
[1.083s] -- Detecting CXX compiler ABI info - done
[1.105s] -- Check for working CXX compiler: /usr/bin/c++ - skipped
[1.107s] -- Detecting CXX compile features
[1.108s] -- Detecting CXX compile features - done
[1.126s] -- Found ament_cmake_auto: 1.3.8 (/opt/ros/humble/share/ament_cmake_auto/cmake)
[1.599s] -- Found Python3: /usr/bin/python3 (found version "3.10.12") found components: Interpreter 
[1.761s] -- Override CMake install command with custom implementation using symlinks instead of copying resources
[2.451s] -- Found rosidl_generator_c: 3.1.5 (/opt/ros/humble/share/rosidl_generator_c/cmake)
[2.489s] -- Found rosidl_adapter: 3.1.5 (/opt/ros/humble/share/rosidl_adapter/cmake)
[2.538s] -- Found rosidl_generator_cpp: 3.1.5 (/opt/ros/humble/share/rosidl_generator_cpp/cmake)
[2.604s] -- Using all available rosidl_typesupport_c: rosidl_typesupport_fastrtps_c;rosidl_typesupport_introspection_c
[2.698s] -- Using all available rosidl_typesupport_cpp: rosidl_typesupport_fastrtps_cpp;rosidl_typesupport_introspection_cpp
[3.000s] -- Found rmw_implementation_cmake: 6.1.1 (/opt/ros/humble/share/rmw_implementation_cmake/cmake)
[3.024s] -- Found rmw_fastrtps_cpp: 6.2.6 (/opt/ros/humble/share/rmw_fastrtps_cpp/cmake)
[3.436s] -- Found OpenSSL: /usr/lib/x86_64-linux-gnu/libcrypto.so (found version "3.0.2")  
[3.532s] -- Found FastRTPS: /opt/ros/humble/include  
[3.701s] -- Using RMW implementation 'rmw_fastrtps_cpp' as default
[3.771s] -- Looking for pthread.h
[3.991s] -- Looking for pthread.h - found
[3.991s] -- Performing Test CMAKE_HAVE_LIBC_PTHREAD
[4.200s] -- Performing Test CMAKE_HAVE_LIBC_PTHREAD - Success
[4.208s] -- Found Threads: TRUE  
[6.154s] -- Found Boost: /usr/lib/x86_64-linux-gnu/cmake/Boost-1.74.0/BoostConfig.cmake (found version "1.74.0")  
[6.168s] -- Found OpenCV: /usr (found version "4.5.4") 
[6.471s] -- Found ament_lint_auto: 0.12.10 (/opt/ros/humble/share/ament_lint_auto/cmake)
[6.658s] -- Added test 'copyright' to check source files copyright and LICENSE
[6.665s] -- Added test 'cppcheck' to perform static code analysis on C / C++ code
[6.667s] -- Configured cppcheck include dirs: /home/msc-robot/Documents/Team4_ros_ws/src/High_Vis/Thermal_Images/src/image_pipeline/image_view/include
[6.667s] -- Configured cppcheck exclude dirs and/or files: 
[6.674s] -- Added test 'cpplint' to check C / C++ code against the Google style
[6.674s] -- Configured cpplint exclude dirs and/or files: 
[6.679s] -- Added test 'lint_cmake' to check CMake code style
[6.686s] -- Added test 'uncrustify' to check C / C++ code style
[6.687s] -- Configured uncrustify additional arguments: 
[6.690s] -- Added test 'xmllint' to check XML markup files
[6.705s] -- Configuring done
[6.883s] -- Generating done
[6.888s] -- Build files have been written to: /home/msc-robot/Documents/Team4_ros_ws/src/High_Vis/Thermal_Images/build/image_view
[6.917s] Invoked command in '/home/msc-robot/Documents/Team4_ros_ws/src/High_Vis/Thermal_Images/build/image_view' returned '0': CMAKE_PREFIX_PATH=${CMAKE_PREFIX_PATH}:/home/msc-robot/Documents/Team4_ros_ws/src/High_Vis/Thermal_Images/install/camera_calibration:/home/msc-robot/Documents/Team4_ros_ws/src/High_Vis/Thermal_Images/install/Thermal_Image_Save:/home/msc-robot/Documents/Team4_ros_ws/src/High_Vis/post_process/install/pdf_generator:/home/msc-robot/Documents/Team4_ros_ws/src/High_Vis/post_process/install/hotspot_detection:/home/msc-robot/Documents/Team4_ros_ws/src/Thermal/install/camera_calibration:/home/msc-robot/Documents/Team4_ros_ws/src/Thermal/install/Thermal_save:/home/msc-robot/Documents/Team4_ros_ws/install/launch_robotnav:/home/msc-robot/Documents/Team4_ros_ws/install/clearpath_generator_gz:/home/msc-robot/Documents/Team4_ros_ws/install/clearpath_config:/home/msc-robot/Documents/Team4_ros_ws/install/camera_calibration:/home/msc-robot/Documents/Team4_ros_ws/install/Thermal_save:/opt/ros/humble /usr/bin/cmake /home/msc-robot/Documents/Team4_ros_ws/src/High_Vis/Thermal_Images/src/image_pipeline/image_view -DAMENT_CMAKE_SYMLINK_INSTALL=1 -DCMAKE_INSTALL_PREFIX=/home/msc-robot/Documents/Team4_ros_ws/src/High_Vis/Thermal_Images/install/image_view
[6.918s] Invoking command in '/home/msc-robot/Documents/Team4_ros_ws/src/High_Vis/Thermal_Images/build/image_view': CMAKE_PREFIX_PATH=${CMAKE_PREFIX_PATH}:/home/msc-robot/Documents/Team4_ros_ws/src/High_Vis/Thermal_Images/install/camera_calibration:/home/msc-robot/Documents/Team4_ros_ws/src/High_Vis/Thermal_Images/install/Thermal_Image_Save:/home/msc-robot/Documents/Team4_ros_ws/src/High_Vis/post_process/install/pdf_generator:/home/msc-robot/Documents/Team4_ros_ws/src/High_Vis/post_process/install/hotspot_detection:/home/msc-robot/Documents/Team4_ros_ws/src/Thermal/install/camera_calibration:/home/msc-robot/Documents/Team4_ros_ws/src/Thermal/install/Thermal_save:/home/msc-robot/Documents/Team4_ros_ws/install/launch_robotnav:/home/msc-robot/Documents/Team4_ros_ws/install/clearpath_generator_gz:/home/msc-robot/Documents/Team4_ros_ws/install/clearpath_config:/home/msc-robot/Documents/Team4_ros_ws/install/camera_calibration:/home/msc-robot/Documents/Team4_ros_ws/install/Thermal_save:/opt/ros/humble /usr/bin/cmake --build /home/msc-robot/Documents/Team4_ros_ws/src/High_Vis/Thermal_Images/build/image_view -- -j4 -l4
[7.083s] [  5%] [32mBuilding CXX object CMakeFiles/image_view_nodes.dir/src/disparity_view_node.cpp.o[0m
[25.716s] [ 10%] [32mBuilding CXX object CMakeFiles/image_view_nodes.dir/src/image_saver_node.cpp.o[0m
[38.228s] [ 15%] [32mBuilding CXX object CMakeFiles/image_view_nodes.dir/src/stereo_view_node.cpp.o[0m
[65.483s] [ 21%] [32mBuilding CXX object CMakeFiles/image_view_nodes.dir/src/video_recorder_node.cpp.o[0m
[71.942s] [ 26%] [32mBuilding CXX object CMakeFiles/image_view_nodes.dir/src/image_view_node.cpp.o[0m
[82.810s] [ 31%] [32mBuilding CXX object CMakeFiles/image_view_nodes.dir/src/extract_images_node.cpp.o[0m
[92.277s] [ 36%] [32m[1mLinking CXX shared library libimage_view_nodes.so[0m
[95.327s] [ 36%] Built target image_view_nodes
[95.423s] [ 42%] [32mBuilding CXX object CMakeFiles/image_view.dir/src/image_view.cpp.o[0m
[95.452s] [ 47%] [32mBuilding CXX object CMakeFiles/disparity_view.dir/src/disparity_view.cpp.o[0m
[103.751s] [ 52%] [32m[1mLinking CXX executable disparity_view[0m
[104.312s] [ 57%] [32m[1mLinking CXX executable image_view[0m
[106.151s] [ 57%] Built target disparity_view
[106.492s] [ 57%] Built target image_view
[106.539s] [ 63%] [32mBuilding CXX object CMakeFiles/image_saver.dir/src/image_saver.cpp.o[0m
[111.427s] [ 68%] [32m[1mLinking CXX executable image_saver[0m
[112.876s] [ 68%] Built target image_saver
[112.948s] [ 73%] [32mBuilding CXX object CMakeFiles/extract_images.dir/src/extract_images.cpp.o[0m
[112.948s] [ 78%] [32mBuilding CXX object CMakeFiles/video_recorder.dir/src/video_recorder.cpp.o[0m
[120.639s] [ 84%] [32m[1mLinking CXX executable video_recorder[0m
[120.761s] [ 89%] [32m[1mLinking CXX executable extract_images[0m
[122.942s] [ 89%] Built target extract_images
[123.529s] [ 89%] Built target video_recorder
[123.601s] [ 94%] [32mBuilding CXX object CMakeFiles/stereo_view.dir/src/stereo_view.cpp.o[0m
[131.210s] [100%] [32m[1mLinking CXX executable stereo_view[0m
[132.582s] [100%] Built target stereo_view
[132.604s] Invoked command in '/home/msc-robot/Documents/Team4_ros_ws/src/High_Vis/Thermal_Images/build/image_view' returned '0': CMAKE_PREFIX_PATH=${CMAKE_PREFIX_PATH}:/home/msc-robot/Documents/Team4_ros_ws/src/High_Vis/Thermal_Images/install/camera_calibration:/home/msc-robot/Documents/Team4_ros_ws/src/High_Vis/Thermal_Images/install/Thermal_Image_Save:/home/msc-robot/Documents/Team4_ros_ws/src/High_Vis/post_process/install/pdf_generator:/home/msc-robot/Documents/Team4_ros_ws/src/High_Vis/post_process/install/hotspot_detection:/home/msc-robot/Documents/Team4_ros_ws/src/Thermal/install/camera_calibration:/home/msc-robot/Documents/Team4_ros_ws/src/Thermal/install/Thermal_save:/home/msc-robot/Documents/Team4_ros_ws/install/launch_robotnav:/home/msc-robot/Documents/Team4_ros_ws/install/clearpath_generator_gz:/home/msc-robot/Documents/Team4_ros_ws/install/clearpath_config:/home/msc-robot/Documents/Team4_ros_ws/install/camera_calibration:/home/msc-robot/Documents/Team4_ros_ws/install/Thermal_save:/opt/ros/humble /usr/bin/cmake --build /home/msc-robot/Documents/Team4_ros_ws/src/High_Vis/Thermal_Images/build/image_view -- -j4 -l4
[132.788s] Invoking command in '/home/msc-robot/Documents/Team4_ros_ws/src/High_Vis/Thermal_Images/build/image_view': CMAKE_PREFIX_PATH=${CMAKE_PREFIX_PATH}:/home/msc-robot/Documents/Team4_ros_ws/src/High_Vis/Thermal_Images/install/camera_calibration:/home/msc-robot/Documents/Team4_ros_ws/src/High_Vis/Thermal_Images/install/Thermal_Image_Save:/home/msc-robot/Documents/Team4_ros_ws/src/High_Vis/post_process/install/pdf_generator:/home/msc-robot/Documents/Team4_ros_ws/src/High_Vis/post_process/install/hotspot_detection:/home/msc-robot/Documents/Team4_ros_ws/src/Thermal/install/camera_calibration:/home/msc-robot/Documents/Team4_ros_ws/src/Thermal/install/Thermal_save:/home/msc-robot/Documents/Team4_ros_ws/install/launch_robotnav:/home/msc-robot/Documents/Team4_ros_ws/install/clearpath_generator_gz:/home/msc-robot/Documents/Team4_ros_ws/install/clearpath_config:/home/msc-robot/Documents/Team4_ros_ws/install/camera_calibration:/home/msc-robot/Documents/Team4_ros_ws/install/Thermal_save:/opt/ros/humble /usr/bin/cmake --install /home/msc-robot/Documents/Team4_ros_ws/src/High_Vis/Thermal_Images/build/image_view
[132.805s] -- Install configuration: ""
[132.805s] -- Execute custom install script
[132.806s] -- Symlinking: /home/msc-robot/Documents/Team4_ros_ws/src/High_Vis/Thermal_Images/install/image_view/include/image_view/disparity_view_node.hpp
[132.823s] -- Symlinking: /home/msc-robot/Documents/Team4_ros_ws/src/High_Vis/Thermal_Images/install/image_view/include/image_view/extract_images_node.hpp
[132.840s] -- Symlinking: /home/msc-robot/Documents/Team4_ros_ws/src/High_Vis/Thermal_Images/install/image_view/include/image_view/image_saver_node.hpp
[132.858s] -- Symlinking: /home/msc-robot/Documents/Team4_ros_ws/src/High_Vis/Thermal_Images/install/image_view/include/image_view/image_view_node.hpp
[132.876s] -- Symlinking: /home/msc-robot/Documents/Team4_ros_ws/src/High_Vis/Thermal_Images/install/image_view/include/image_view/stereo_view_node.hpp
[132.894s] -- Symlinking: /home/msc-robot/Documents/Team4_ros_ws/src/High_Vis/Thermal_Images/install/image_view/include/image_view/video_recorder_node.hpp
[132.913s] -- Symlinking: /home/msc-robot/Documents/Team4_ros_ws/src/High_Vis/Thermal_Images/install/image_view/share/image_view/environment/library_path.sh
[132.930s] -- Symlinking: /home/msc-robot/Documents/Team4_ros_ws/src/High_Vis/Thermal_Images/install/image_view/share/image_view/environment/library_path.dsv
[132.948s] -- Symlinking: /home/msc-robot/Documents/Team4_ros_ws/src/High_Vis/Thermal_Images/install/image_view/lib/libimage_view_nodes.so
[132.967s] -- Symlinking: /home/msc-robot/Documents/Team4_ros_ws/src/High_Vis/Thermal_Images/install/image_view/lib/image_view/disparity_view
[132.986s] -- Symlinking: /home/msc-robot/Documents/Team4_ros_ws/src/High_Vis/Thermal_Images/install/image_view/lib/image_view/image_view
[133.005s] -- Symlinking: /home/msc-robot/Documents/Team4_ros_ws/src/High_Vis/Thermal_Images/install/image_view/lib/image_view/stereo_view
[133.023s] -- Symlinking: /home/msc-robot/Documents/Team4_ros_ws/src/High_Vis/Thermal_Images/install/image_view/lib/image_view/extract_images
[133.040s] -- Symlinking: /home/msc-robot/Documents/Team4_ros_ws/src/High_Vis/Thermal_Images/install/image_view/lib/image_view/image_saver
[133.058s] -- Symlinking: /home/msc-robot/Documents/Team4_ros_ws/src/High_Vis/Thermal_Images/install/image_view/lib/image_view/video_recorder
[133.076s] -- Symlinking: /home/msc-robot/Documents/Team4_ros_ws/src/High_Vis/Thermal_Images/install/image_view/share/ament_index/resource_index/package_run_dependencies/image_view
[133.095s] -- Symlinking: /home/msc-robot/Documents/Team4_ros_ws/src/High_Vis/Thermal_Images/install/image_view/share/ament_index/resource_index/parent_prefix_path/image_view
[133.114s] -- Symlinking: /home/msc-robot/Documents/Team4_ros_ws/src/High_Vis/Thermal_Images/install/image_view/share/image_view/environment/ament_prefix_path.sh
[133.132s] -- Symlinking: /home/msc-robot/Documents/Team4_ros_ws/src/High_Vis/Thermal_Images/install/image_view/share/image_view/environment/ament_prefix_path.dsv
[133.150s] -- Symlinking: /home/msc-robot/Documents/Team4_ros_ws/src/High_Vis/Thermal_Images/install/image_view/share/image_view/environment/path.sh
[133.167s] -- Symlinking: /home/msc-robot/Documents/Team4_ros_ws/src/High_Vis/Thermal_Images/install/image_view/share/image_view/environment/path.dsv
[133.186s] -- Symlinking: /home/msc-robot/Documents/Team4_ros_ws/src/High_Vis/Thermal_Images/install/image_view/share/image_view/local_setup.bash
[133.205s] -- Symlinking: /home/msc-robot/Documents/Team4_ros_ws/src/High_Vis/Thermal_Images/install/image_view/share/image_view/local_setup.sh
[133.223s] -- Symlinking: /home/msc-robot/Documents/Team4_ros_ws/src/High_Vis/Thermal_Images/install/image_view/share/image_view/local_setup.zsh
[133.240s] -- Symlinking: /home/msc-robot/Documents/Team4_ros_ws/src/High_Vis/Thermal_Images/install/image_view/share/image_view/local_setup.dsv
[133.258s] -- Symlinking: /home/msc-robot/Documents/Team4_ros_ws/src/High_Vis/Thermal_Images/install/image_view/share/image_view/package.dsv
[133.276s] -- Symlinking: /home/msc-robot/Documents/Team4_ros_ws/src/High_Vis/Thermal_Images/install/image_view/share/ament_index/resource_index/packages/image_view
[133.295s] -- Symlinking: /home/msc-robot/Documents/Team4_ros_ws/src/High_Vis/Thermal_Images/install/image_view/share/ament_index/resource_index/rclcpp_components/image_view
[133.313s] -- Symlinking: /home/msc-robot/Documents/Team4_ros_ws/src/High_Vis/Thermal_Images/install/image_view/share/image_view/cmake/ament_cmake_export_dependencies-extras.cmake
[133.331s] -- Symlinking: /home/msc-robot/Documents/Team4_ros_ws/src/High_Vis/Thermal_Images/install/image_view/share/image_view/cmake/ament_cmake_export_include_directories-extras.cmake
[133.349s] -- Symlinking: /home/msc-robot/Documents/Team4_ros_ws/src/High_Vis/Thermal_Images/install/image_view/share/image_view/cmake/ament_cmake_export_libraries-extras.cmake
[133.367s] -- Symlinking: /home/msc-robot/Documents/Team4_ros_ws/src/High_Vis/Thermal_Images/install/image_view/share/image_view/cmake/image_viewConfig.cmake
[133.386s] -- Symlinking: /home/msc-robot/Documents/Team4_ros_ws/src/High_Vis/Thermal_Images/install/image_view/share/image_view/cmake/image_viewConfig-version.cmake
[133.405s] -- Symlinking: /home/msc-robot/Documents/Team4_ros_ws/src/High_Vis/Thermal_Images/install/image_view/share/image_view/package.xml
[133.426s] Invoked command in '/home/msc-robot/Documents/Team4_ros_ws/src/High_Vis/Thermal_Images/build/image_view' returned '0': CMAKE_PREFIX_PATH=${CMAKE_PREFIX_PATH}:/home/msc-robot/Documents/Team4_ros_ws/src/High_Vis/Thermal_Images/install/camera_calibration:/home/msc-robot/Documents/Team4_ros_ws/src/High_Vis/Thermal_Images/install/Thermal_Image_Save:/home/msc-robot/Documents/Team4_ros_ws/src/High_Vis/post_process/install/pdf_generator:/home/msc-robot/Documents/Team4_ros_ws/src/High_Vis/post_process/install/hotspot_detection:/home/msc-robot/Documents/Team4_ros_ws/src/Thermal/install/camera_calibration:/home/msc-robot/Documents/Team4_ros_ws/src/Thermal/install/Thermal_save:/home/msc-robot/Documents/Team4_ros_ws/install/launch_robotnav:/home/msc-robot/Documents/Team4_ros_ws/install/clearpath_generator_gz:/home/msc-robot/Documents/Team4_ros_ws/install/clearpath_config:/home/msc-robot/Documents/Team4_ros_ws/install/camera_calibration:/home/msc-robot/Documents/Team4_ros_ws/install/Thermal_save:/opt/ros/humble /usr/bin/cmake --install /home/msc-robot/Documents/Team4_ros_ws/src/High_Vis/Thermal_Images/build/image_view
