[2.345s] Invoking command in '/home/msc-robot/Documents/Team4_ros_ws/src/High_Vis/hs_rep/build/cam_topic': PYTHONPATH=/home/msc-robot/Documents/Team4_ros_ws/src/High_Vis/hs_rep/build/cam_topic/prefix_override:/home/msc-robot/Documents/Team4_ros_ws/src/High_Vis/hs_rep/install/cam_topic/lib/python3.10/site-packages:${PYTHONPATH} /usr/bin/python3 setup.py develop --editable --build-directory /home/msc-robot/Documents/Team4_ros_ws/src/High_Vis/hs_rep/build/cam_topic/build --no-deps install_data
[3.073s] running develop
[3.073s] /usr/local/lib/python3.10/dist-packages/setuptools/command/develop.py:40: EasyInstallDeprecationWarning: easy_install command is deprecated.
[3.073s] !!
[3.073s] 
[3.074s]         ********************************************************************************
[3.074s]         Please avoid running ``setup.py`` and ``easy_install``.
[3.074s]         Instead, use pypa/build, pypa/installer or other
[3.074s]         standards-based tools.
[3.074s] 
[3.074s]         See https://github.com/pypa/setuptools/issues/917 for details.
[3.075s]         ********************************************************************************
[3.075s] 
[3.075s] !!
[3.075s]   easy_install.initialize_options(self)
[3.162s] /usr/local/lib/python3.10/dist-packages/setuptools/_distutils/cmd.py:66: SetuptoolsDeprecationWarning: setup.py install is deprecated.
[3.162s] !!
[3.163s] 
[3.163s]         ********************************************************************************
[3.163s]         Please avoid running ``setup.py`` directly.
[3.163s]         Instead, use pypa/build, pypa/installer or other
[3.163s]         standards-based tools.
[3.163s] 
[3.163s]         See https://blog.ganssle.io/articles/2021/10/setup-py-deprecated.html for details.
[3.164s]         ********************************************************************************
[3.164s] 
[3.164s] !!
[3.164s]   self.initialize_options()
[3.644s] running egg_info
[3.683s] writing cam_topic.egg-info/PKG-INFO
[3.683s] writing dependency_links to cam_topic.egg-info/dependency_links.txt
[3.684s] writing entry points to cam_topic.egg-info/entry_points.txt
[3.684s] writing requirements to cam_topic.egg-info/requires.txt
[3.685s] writing top-level names to cam_topic.egg-info/top_level.txt
[3.770s] reading manifest file 'cam_topic.egg-info/SOURCES.txt'
[3.772s] writing manifest file 'cam_topic.egg-info/SOURCES.txt'
[3.814s] running build_ext
[3.814s] Creating /home/msc-robot/Documents/Team4_ros_ws/src/High_Vis/hs_rep/install/cam_topic/lib/python3.10/site-packages/cam-topic.egg-link (link to .)
[3.816s] Installing cam_top_pub script to /home/msc-robot/Documents/Team4_ros_ws/src/High_Vis/hs_rep/install/cam_topic/lib/cam_topic
[3.816s] Installing cam_top_sub script to /home/msc-robot/Documents/Team4_ros_ws/src/High_Vis/hs_rep/install/cam_topic/lib/cam_topic
[3.817s] 
[3.817s] Installed /home/msc-robot/Documents/Team4_ros_ws/src/High_Vis/hs_rep/build/cam_topic
[3.817s] running install_data
[3.817s] copying resource/cam_topic -> /home/msc-robot/Documents/Team4_ros_ws/src/High_Vis/hs_rep/install/cam_topic/share/ament_index/resource_index/packages
[3.818s] copying package.xml -> /home/msc-robot/Documents/Team4_ros_ws/src/High_Vis/hs_rep/install/cam_topic/share/cam_topic
[3.907s] Invoked command in '/home/msc-robot/Documents/Team4_ros_ws/src/High_Vis/hs_rep/build/cam_topic' returned '0': PYTHONPATH=/home/msc-robot/Documents/Team4_ros_ws/src/High_Vis/hs_rep/build/cam_topic/prefix_override:/home/msc-robot/Documents/Team4_ros_ws/src/High_Vis/hs_rep/install/cam_topic/lib/python3.10/site-packages:${PYTHONPATH} /usr/bin/python3 setup.py develop --editable --build-directory /home/msc-robot/Documents/Team4_ros_ws/src/High_Vis/hs_rep/build/cam_topic/build --no-deps install_data
