[1.154s] Invoking command in '/home/msc-robot/Documents/Team4_ros_ws/src/High_Vis/Thermal_Images/build/depth_image_proc': CMAKE_PREFIX_PATH=${CMAKE_PREFIX_PATH}:/home/msc-robot/Documents/Team4_ros_ws/src/High_Vis/Thermal_Images/install/Thermal_Image_Save:/home/msc-robot/Documents/Team4_ros_ws/src/High_Vis/post_process/install/pdf_generator:/home/msc-robot/Documents/Team4_ros_ws/src/High_Vis/post_process/install/hotspot_detection:/home/msc-robot/Documents/Team4_ros_ws/src/Thermal/install/camera_calibration:/home/msc-robot/Documents/Team4_ros_ws/src/Thermal/install/Thermal_save:/home/msc-robot/Documents/Team4_ros_ws/install/launch_robotnav:/home/msc-robot/Documents/Team4_ros_ws/install/clearpath_generator_gz:/home/msc-robot/Documents/Team4_ros_ws/install/clearpath_config:/home/msc-robot/Documents/Team4_ros_ws/install/camera_calibration:/home/msc-robot/Documents/Team4_ros_ws/install/Thermal_save:/opt/ros/humble /usr/bin/cmake /home/msc-robot/Documents/Team4_ros_ws/src/High_Vis/Thermal_Images/src/image_pipeline/depth_image_proc -DCMAKE_INSTALL_PREFIX=/home/msc-robot/Documents/Team4_ros_ws/src/High_Vis/Thermal_Images/install/depth_image_proc
[1.312s] -- The C compiler identification is GNU 11.4.0
[1.517s] -- The CXX compiler identification is GNU 11.4.0
[1.559s] -- Detecting C compiler ABI info
[1.808s] -- Detecting C compiler ABI info - done
[1.832s] -- Check for working C compiler: /usr/bin/cc - skipped
[1.833s] -- Detecting C compile features
[1.835s] -- Detecting C compile features - done
[1.842s] -- Detecting CXX compiler ABI info
[2.104s] -- Detecting CXX compiler ABI info - done
[2.132s] -- Check for working CXX compiler: /usr/bin/c++ - skipped
[2.133s] -- Detecting CXX compile features
[2.135s] -- Detecting CXX compile features - done
[2.157s] -- Found ament_cmake_auto: 1.3.8 (/opt/ros/humble/share/ament_cmake_auto/cmake)
[2.735s] -- Found Python3: /usr/bin/python3 (found version "3.10.12") found components: Interpreter 
[3.865s] -- Found rosidl_generator_c: 3.1.5 (/opt/ros/humble/share/rosidl_generator_c/cmake)
[3.898s] -- Found rosidl_adapter: 3.1.5 (/opt/ros/humble/share/rosidl_adapter/cmake)
[3.945s] -- Found rosidl_generator_cpp: 3.1.5 (/opt/ros/humble/share/rosidl_generator_cpp/cmake)
[4.010s] -- Using all available rosidl_typesupport_c: rosidl_typesupport_fastrtps_c;rosidl_typesupport_introspection_c
[4.083s] -- Using all available rosidl_typesupport_cpp: rosidl_typesupport_fastrtps_cpp;rosidl_typesupport_introspection_cpp
[5.252s] -- Found rmw_implementation_cmake: 6.1.1 (/opt/ros/humble/share/rmw_implementation_cmake/cmake)
[5.277s] -- Found rmw_fastrtps_cpp: 6.2.6 (/opt/ros/humble/share/rmw_fastrtps_cpp/cmake)
[5.658s] -- Found OpenSSL: /usr/lib/x86_64-linux-gnu/libcrypto.so (found version "3.0.2")  
[5.755s] -- Found FastRTPS: /opt/ros/humble/include  
[5.929s] -- Using RMW implementation 'rmw_fastrtps_cpp' as default
[5.991s] -- Looking for pthread.h
[6.389s] -- Looking for pthread.h - found
[6.390s] -- Performing Test CMAKE_HAVE_LIBC_PTHREAD
[6.710s] -- Performing Test CMAKE_HAVE_LIBC_PTHREAD - Success
[6.711s] -- Found Threads: TRUE  
[9.359s] -- Found OpenCV: /usr (found version "4.5.4") 
[9.589s] -- Found ament_lint_auto: 0.12.10 (/opt/ros/humble/share/ament_lint_auto/cmake)
[9.863s] -- Added test 'copyright' to check source files copyright and LICENSE
[9.887s] -- Added test 'cppcheck' to perform static code analysis on C / C++ code
[9.888s] -- Configured cppcheck include dirs: /home/msc-robot/Documents/Team4_ros_ws/src/High_Vis/Thermal_Images/src/image_pipeline/depth_image_proc/include
[9.888s] -- Configured cppcheck exclude dirs and/or files: 
[9.912s] -- Added test 'cpplint' to check C / C++ code against the Google style
[9.912s] -- Configured cpplint exclude dirs and/or files: 
[9.915s] -- Added test 'flake8' to check Python code syntax and style conventions
[9.919s] -- Added test 'lint_cmake' to check CMake code style
[9.923s] -- Added test 'pep257' to check Python code against some of the docstring style conventions in PEP 257
[9.933s] -- Added test 'uncrustify' to check C / C++ code style
[9.933s] -- Configured uncrustify additional arguments: 
[9.955s] -- Added test 'xmllint' to check XML markup files
[9.965s] -- Configuring done
[10.161s] -- Generating done
[10.167s] -- Build files have been written to: /home/msc-robot/Documents/Team4_ros_ws/src/High_Vis/Thermal_Images/build/depth_image_proc
[10.190s] Invoked command in '/home/msc-robot/Documents/Team4_ros_ws/src/High_Vis/Thermal_Images/build/depth_image_proc' returned '0': CMAKE_PREFIX_PATH=${CMAKE_PREFIX_PATH}:/home/msc-robot/Documents/Team4_ros_ws/src/High_Vis/Thermal_Images/install/Thermal_Image_Save:/home/msc-robot/Documents/Team4_ros_ws/src/High_Vis/post_process/install/pdf_generator:/home/msc-robot/Documents/Team4_ros_ws/src/High_Vis/post_process/install/hotspot_detection:/home/msc-robot/Documents/Team4_ros_ws/src/Thermal/install/camera_calibration:/home/msc-robot/Documents/Team4_ros_ws/src/Thermal/install/Thermal_save:/home/msc-robot/Documents/Team4_ros_ws/install/launch_robotnav:/home/msc-robot/Documents/Team4_ros_ws/install/clearpath_generator_gz:/home/msc-robot/Documents/Team4_ros_ws/install/clearpath_config:/home/msc-robot/Documents/Team4_ros_ws/install/camera_calibration:/home/msc-robot/Documents/Team4_ros_ws/install/Thermal_save:/opt/ros/humble /usr/bin/cmake /home/msc-robot/Documents/Team4_ros_ws/src/High_Vis/Thermal_Images/src/image_pipeline/depth_image_proc -DCMAKE_INSTALL_PREFIX=/home/msc-robot/Documents/Team4_ros_ws/src/High_Vis/Thermal_Images/install/depth_image_proc
[10.198s] Invoking command in '/home/msc-robot/Documents/Team4_ros_ws/src/High_Vis/Thermal_Images/build/depth_image_proc': CMAKE_PREFIX_PATH=${CMAKE_PREFIX_PATH}:/home/msc-robot/Documents/Team4_ros_ws/src/High_Vis/Thermal_Images/install/Thermal_Image_Save:/home/msc-robot/Documents/Team4_ros_ws/src/High_Vis/post_process/install/pdf_generator:/home/msc-robot/Documents/Team4_ros_ws/src/High_Vis/post_process/install/hotspot_detection:/home/msc-robot/Documents/Team4_ros_ws/src/Thermal/install/camera_calibration:/home/msc-robot/Documents/Team4_ros_ws/src/Thermal/install/Thermal_save:/home/msc-robot/Documents/Team4_ros_ws/install/launch_robotnav:/home/msc-robot/Documents/Team4_ros_ws/install/clearpath_generator_gz:/home/msc-robot/Documents/Team4_ros_ws/install/clearpath_config:/home/msc-robot/Documents/Team4_ros_ws/install/camera_calibration:/home/msc-robot/Documents/Team4_ros_ws/install/Thermal_save:/opt/ros/humble /usr/bin/cmake --build /home/msc-robot/Documents/Team4_ros_ws/src/High_Vis/Thermal_Images/build/depth_image_proc -- -j4 -l4
[10.413s] [  3%] [32mBuilding CXX object CMakeFiles/disparity_node.dir/rclcpp_components/node_main_disparity_node.cpp.o[0m
[10.459s] [  6%] [32mBuilding CXX object CMakeFiles/depth_image_proc.dir/src/conversions.cpp.o[0m
[10.480s] [  9%] [32mBuilding CXX object CMakeFiles/convert_metric_node.dir/rclcpp_components/node_main_convert_metric_node.cpp.o[0m
[10.500s] [ 12%] [32mBuilding CXX object CMakeFiles/crop_foremost_node.dir/rclcpp_components/node_main_crop_foremost_node.cpp.o[0m
[18.595s] [ 15%] [32mBuilding CXX object CMakeFiles/depth_image_proc.dir/src/convert_metric.cpp.o[0m
[27.789s] [ 18%] [32m[1mLinking CXX executable convert_metric_node[0m
[28.948s] [ 18%] Built target convert_metric_node
[29.240s] [ 21%] [32mBuilding CXX object CMakeFiles/point_cloud_xyz_node.dir/rclcpp_components/node_main_point_cloud_xyz_node.cpp.o[0m
[29.767s] [ 25%] [32m[1mLinking CXX executable crop_foremost_node[0m
[30.422s] [ 28%] [32m[1mLinking CXX executable disparity_node[0m
[31.219s] [ 28%] Built target crop_foremost_node
[31.401s] [ 28%] Built target disparity_node
[39.890s] [ 31%] [32mBuilding CXX object CMakeFiles/depth_image_proc.dir/src/crop_foremost.cpp.o[0m
[40.388s] [ 34%] [32m[1mLinking CXX executable point_cloud_xyz_node[0m
[41.120s] [ 34%] Built target point_cloud_xyz_node
[50.581s] [ 37%] [32mBuilding CXX object CMakeFiles/depth_image_proc.dir/src/disparity.cpp.o[0m
[74.989s] [ 40%] [32mBuilding CXX object CMakeFiles/depth_image_proc.dir/src/point_cloud_xyz.cpp.o[0m
[86.928s] [ 43%] [32mBuilding CXX object CMakeFiles/depth_image_proc.dir/src/point_cloud_xyzrgb.cpp.o[0m
[114.336s] [ 46%] [32mBuilding CXX object CMakeFiles/depth_image_proc.dir/src/point_cloud_xyzi.cpp.o[0m
[140.171s] [ 50%] [32mBuilding CXX object CMakeFiles/depth_image_proc.dir/src/point_cloud_xyz_radial.cpp.o[0m
[152.892s] [ 53%] [32mBuilding CXX object CMakeFiles/depth_image_proc.dir/src/point_cloud_xyzi_radial.cpp.o[0m
[174.380s] [ 56%] [32mBuilding CXX object CMakeFiles/depth_image_proc.dir/src/point_cloud_xyzrgb_radial.cpp.o[0m
[190.427s] [ 59%] [32mBuilding CXX object CMakeFiles/point_cloud_xyz_radial_node.dir/rclcpp_components/node_main_point_cloud_xyz_radial_node.cpp.o[0m
[192.625s] [ 62%] [32mBuilding CXX object CMakeFiles/point_cloud_xyzi_node.dir/rclcpp_components/node_main_point_cloud_xyzi_node.cpp.o[0m
[193.750s] [ 65%] [32mBuilding CXX object CMakeFiles/point_cloud_xyzrgb_node.dir/rclcpp_components/node_main_point_cloud_xyzrgb_node.cpp.o[0m
[203.415s] [ 68%] [32m[1mLinking CXX executable point_cloud_xyz_radial_node[0m
[204.017s] [ 71%] [32m[1mLinking CXX executable point_cloud_xyzrgb_node[0m
[204.116s] [ 71%] Built target point_cloud_xyz_radial_node
[204.447s] [ 71%] Built target point_cloud_xyzrgb_node
[206.273s] [ 75%] [32m[1mLinking CXX executable point_cloud_xyzi_node[0m
[206.757s] [ 75%] Built target point_cloud_xyzi_node
[209.219s] [ 78%] [32mBuilding CXX object CMakeFiles/depth_image_proc.dir/src/register.cpp.o[0m
[229.407s] [ 81%] [32m[1mLinking CXX shared library libdepth_image_proc.so[0m
[233.093s] [ 81%] Built target depth_image_proc
[233.143s] [ 84%] [32mBuilding CXX object CMakeFiles/register_node.dir/rclcpp_components/node_main_register_node.cpp.o[0m
[233.147s] [ 87%] [32mBuilding CXX object CMakeFiles/point_cloud_xyzrgb_radial_node.dir/rclcpp_components/node_main_point_cloud_xyzrgb_radial_node.cpp.o[0m
[237.767s] [ 90%] [32m[1mLinking CXX executable register_node[0m
[237.993s] [ 90%] Built target register_node
[238.045s] [ 93%] [32mBuilding CXX object CMakeFiles/point_cloud_xyzi_radial_node.dir/rclcpp_components/node_main_point_cloud_xyzi_radial_node.cpp.o[0m
[238.060s] [ 96%] [32m[1mLinking CXX executable point_cloud_xyzrgb_radial_node[0m
[238.282s] [ 96%] Built target point_cloud_xyzrgb_radial_node
[242.346s] [100%] [32m[1mLinking CXX executable point_cloud_xyzi_radial_node[0m
[242.575s] [100%] Built target point_cloud_xyzi_radial_node
[242.596s] Invoked command in '/home/msc-robot/Documents/Team4_ros_ws/src/High_Vis/Thermal_Images/build/depth_image_proc' returned '0': CMAKE_PREFIX_PATH=${CMAKE_PREFIX_PATH}:/home/msc-robot/Documents/Team4_ros_ws/src/High_Vis/Thermal_Images/install/Thermal_Image_Save:/home/msc-robot/Documents/Team4_ros_ws/src/High_Vis/post_process/install/pdf_generator:/home/msc-robot/Documents/Team4_ros_ws/src/High_Vis/post_process/install/hotspot_detection:/home/msc-robot/Documents/Team4_ros_ws/src/Thermal/install/camera_calibration:/home/msc-robot/Documents/Team4_ros_ws/src/Thermal/install/Thermal_save:/home/msc-robot/Documents/Team4_ros_ws/install/launch_robotnav:/home/msc-robot/Documents/Team4_ros_ws/install/clearpath_generator_gz:/home/msc-robot/Documents/Team4_ros_ws/install/clearpath_config:/home/msc-robot/Documents/Team4_ros_ws/install/camera_calibration:/home/msc-robot/Documents/Team4_ros_ws/install/Thermal_save:/opt/ros/humble /usr/bin/cmake --build /home/msc-robot/Documents/Team4_ros_ws/src/High_Vis/Thermal_Images/build/depth_image_proc -- -j4 -l4
[242.827s] Invoking command in '/home/msc-robot/Documents/Team4_ros_ws/src/High_Vis/Thermal_Images/build/depth_image_proc': CMAKE_PREFIX_PATH=${CMAKE_PREFIX_PATH}:/home/msc-robot/Documents/Team4_ros_ws/src/High_Vis/Thermal_Images/install/Thermal_Image_Save:/home/msc-robot/Documents/Team4_ros_ws/src/High_Vis/post_process/install/pdf_generator:/home/msc-robot/Documents/Team4_ros_ws/src/High_Vis/post_process/install/hotspot_detection:/home/msc-robot/Documents/Team4_ros_ws/src/Thermal/install/camera_calibration:/home/msc-robot/Documents/Team4_ros_ws/src/Thermal/install/Thermal_save:/home/msc-robot/Documents/Team4_ros_ws/install/launch_robotnav:/home/msc-robot/Documents/Team4_ros_ws/install/clearpath_generator_gz:/home/msc-robot/Documents/Team4_ros_ws/install/clearpath_config:/home/msc-robot/Documents/Team4_ros_ws/install/camera_calibration:/home/msc-robot/Documents/Team4_ros_ws/install/Thermal_save:/opt/ros/humble /usr/bin/cmake --install /home/msc-robot/Documents/Team4_ros_ws/src/High_Vis/Thermal_Images/build/depth_image_proc
[242.848s] -- Install configuration: ""
[242.849s] -- Installing: /home/msc-robot/Documents/Team4_ros_ws/src/High_Vis/Thermal_Images/install/depth_image_proc/lib/depth_image_proc/convert_metric_node
[242.852s] -- Set runtime path of "/home/msc-robot/Documents/Team4_ros_ws/src/High_Vis/Thermal_Images/install/depth_image_proc/lib/depth_image_proc/convert_metric_node" to ""
[242.852s] -- Installing: /home/msc-robot/Documents/Team4_ros_ws/src/High_Vis/Thermal_Images/install/depth_image_proc/lib/depth_image_proc/crop_foremost_node
[242.854s] -- Set runtime path of "/home/msc-robot/Documents/Team4_ros_ws/src/High_Vis/Thermal_Images/install/depth_image_proc/lib/depth_image_proc/crop_foremost_node" to ""
[242.855s] -- Installing: /home/msc-robot/Documents/Team4_ros_ws/src/High_Vis/Thermal_Images/install/depth_image_proc/lib/depth_image_proc/disparity_node
[242.856s] -- Set runtime path of "/home/msc-robot/Documents/Team4_ros_ws/src/High_Vis/Thermal_Images/install/depth_image_proc/lib/depth_image_proc/disparity_node" to ""
[242.857s] -- Installing: /home/msc-robot/Documents/Team4_ros_ws/src/High_Vis/Thermal_Images/install/depth_image_proc/lib/depth_image_proc/point_cloud_xyz_node
[242.858s] -- Set runtime path of "/home/msc-robot/Documents/Team4_ros_ws/src/High_Vis/Thermal_Images/install/depth_image_proc/lib/depth_image_proc/point_cloud_xyz_node" to ""
[242.858s] -- Installing: /home/msc-robot/Documents/Team4_ros_ws/src/High_Vis/Thermal_Images/install/depth_image_proc/lib/depth_image_proc/point_cloud_xyzrgb_node
[242.860s] -- Set runtime path of "/home/msc-robot/Documents/Team4_ros_ws/src/High_Vis/Thermal_Images/install/depth_image_proc/lib/depth_image_proc/point_cloud_xyzrgb_node" to ""
[242.860s] -- Installing: /home/msc-robot/Documents/Team4_ros_ws/src/High_Vis/Thermal_Images/install/depth_image_proc/lib/depth_image_proc/point_cloud_xyzi_node
[242.861s] -- Set runtime path of "/home/msc-robot/Documents/Team4_ros_ws/src/High_Vis/Thermal_Images/install/depth_image_proc/lib/depth_image_proc/point_cloud_xyzi_node" to ""
[242.861s] -- Installing: /home/msc-robot/Documents/Team4_ros_ws/src/High_Vis/Thermal_Images/install/depth_image_proc/lib/depth_image_proc/point_cloud_xyz_radial_node
[242.863s] -- Set runtime path of "/home/msc-robot/Documents/Team4_ros_ws/src/High_Vis/Thermal_Images/install/depth_image_proc/lib/depth_image_proc/point_cloud_xyz_radial_node" to ""
[242.863s] -- Installing: /home/msc-robot/Documents/Team4_ros_ws/src/High_Vis/Thermal_Images/install/depth_image_proc/lib/depth_image_proc/point_cloud_xyzi_radial_node
[242.864s] -- Set runtime path of "/home/msc-robot/Documents/Team4_ros_ws/src/High_Vis/Thermal_Images/install/depth_image_proc/lib/depth_image_proc/point_cloud_xyzi_radial_node" to ""
[242.864s] -- Installing: /home/msc-robot/Documents/Team4_ros_ws/src/High_Vis/Thermal_Images/install/depth_image_proc/lib/depth_image_proc/point_cloud_xyzrgb_radial_node
[242.865s] -- Set runtime path of "/home/msc-robot/Documents/Team4_ros_ws/src/High_Vis/Thermal_Images/install/depth_image_proc/lib/depth_image_proc/point_cloud_xyzrgb_radial_node" to ""
[242.865s] -- Installing: /home/msc-robot/Documents/Team4_ros_ws/src/High_Vis/Thermal_Images/install/depth_image_proc/lib/depth_image_proc/register_node
[242.866s] -- Set runtime path of "/home/msc-robot/Documents/Team4_ros_ws/src/High_Vis/Thermal_Images/install/depth_image_proc/lib/depth_image_proc/register_node" to ""
[242.867s] -- Installing: /home/msc-robot/Documents/Team4_ros_ws/src/High_Vis/Thermal_Images/install/depth_image_proc/include
[242.867s] -- Installing: /home/msc-robot/Documents/Team4_ros_ws/src/High_Vis/Thermal_Images/install/depth_image_proc/include/depth_image_proc
[242.867s] -- Installing: /home/msc-robot/Documents/Team4_ros_ws/src/High_Vis/Thermal_Images/install/depth_image_proc/include/depth_image_proc/conversions.hpp
[242.867s] -- Installing: /home/msc-robot/Documents/Team4_ros_ws/src/High_Vis/Thermal_Images/install/depth_image_proc/include/depth_image_proc/point_cloud_xyzi_radial.hpp
[242.867s] -- Installing: /home/msc-robot/Documents/Team4_ros_ws/src/High_Vis/Thermal_Images/install/depth_image_proc/include/depth_image_proc/point_cloud_xyzrgb.hpp
[242.868s] -- Installing: /home/msc-robot/Documents/Team4_ros_ws/src/High_Vis/Thermal_Images/install/depth_image_proc/include/depth_image_proc/point_cloud_xyzi.hpp
[242.868s] -- Installing: /home/msc-robot/Documents/Team4_ros_ws/src/High_Vis/Thermal_Images/install/depth_image_proc/include/depth_image_proc/point_cloud_xyz.hpp
[242.868s] -- Installing: /home/msc-robot/Documents/Team4_ros_ws/src/High_Vis/Thermal_Images/install/depth_image_proc/include/depth_image_proc/depth_traits.hpp
[242.868s] -- Installing: /home/msc-robot/Documents/Team4_ros_ws/src/High_Vis/Thermal_Images/install/depth_image_proc/include/depth_image_proc/visibility.h
[242.868s] -- Installing: /home/msc-robot/Documents/Team4_ros_ws/src/High_Vis/Thermal_Images/install/depth_image_proc/include/depth_image_proc/point_cloud_xyz_radial.hpp
[242.868s] -- Installing: /home/msc-robot/Documents/Team4_ros_ws/src/High_Vis/Thermal_Images/install/depth_image_proc/include/depth_image_proc/point_cloud_xyzrgb_radial.hpp
[242.868s] -- Installing: /home/msc-robot/Documents/Team4_ros_ws/src/High_Vis/Thermal_Images/install/depth_image_proc/share/depth_image_proc/environment/library_path.sh
[242.869s] -- Installing: /home/msc-robot/Documents/Team4_ros_ws/src/High_Vis/Thermal_Images/install/depth_image_proc/share/depth_image_proc/environment/library_path.dsv
[242.869s] -- Installing: /home/msc-robot/Documents/Team4_ros_ws/src/High_Vis/Thermal_Images/install/depth_image_proc/lib/libdepth_image_proc.so
[242.889s] -- Set runtime path of "/home/msc-robot/Documents/Team4_ros_ws/src/High_Vis/Thermal_Images/install/depth_image_proc/lib/libdepth_image_proc.so" to ""
[242.889s] -- Installing: /home/msc-robot/Documents/Team4_ros_ws/src/High_Vis/Thermal_Images/install/depth_image_proc/share/depth_image_proc/launch
[242.889s] -- Installing: /home/msc-robot/Documents/Team4_ros_ws/src/High_Vis/Thermal_Images/install/depth_image_proc/share/depth_image_proc/launch/point_cloud_xyz_radial.launch.py
[242.890s] -- Installing: /home/msc-robot/Documents/Team4_ros_ws/src/High_Vis/Thermal_Images/install/depth_image_proc/share/depth_image_proc/launch/crop_foremost.launch.py
[242.890s] -- Installing: /home/msc-robot/Documents/Team4_ros_ws/src/High_Vis/Thermal_Images/install/depth_image_proc/share/depth_image_proc/launch/rviz
[242.890s] -- Installing: /home/msc-robot/Documents/Team4_ros_ws/src/High_Vis/Thermal_Images/install/depth_image_proc/share/depth_image_proc/launch/rviz/disparity.rviz
[242.891s] -- Installing: /home/msc-robot/Documents/Team4_ros_ws/src/High_Vis/Thermal_Images/install/depth_image_proc/share/depth_image_proc/launch/rviz/convert_metric.rviz
[242.891s] -- Installing: /home/msc-robot/Documents/Team4_ros_ws/src/High_Vis/Thermal_Images/install/depth_image_proc/share/depth_image_proc/launch/rviz/register.rviz
[242.892s] -- Installing: /home/msc-robot/Documents/Team4_ros_ws/src/High_Vis/Thermal_Images/install/depth_image_proc/share/depth_image_proc/launch/rviz/point_cloud_xyzrgb.rviz
[242.892s] -- Installing: /home/msc-robot/Documents/Team4_ros_ws/src/High_Vis/Thermal_Images/install/depth_image_proc/share/depth_image_proc/launch/rviz/point_cloud_xyz.rviz
[242.892s] -- Installing: /home/msc-robot/Documents/Team4_ros_ws/src/High_Vis/Thermal_Images/install/depth_image_proc/share/depth_image_proc/launch/rviz/crop_formost.rviz
[242.893s] -- Installing: /home/msc-robot/Documents/Team4_ros_ws/src/High_Vis/Thermal_Images/install/depth_image_proc/share/depth_image_proc/launch/rviz/point_cloud_xyzi.rviz
[242.893s] -- Installing: /home/msc-robot/Documents/Team4_ros_ws/src/High_Vis/Thermal_Images/install/depth_image_proc/share/depth_image_proc/launch/rviz/point_cloud_xyz_radial.rviz
[242.893s] -- Installing: /home/msc-robot/Documents/Team4_ros_ws/src/High_Vis/Thermal_Images/install/depth_image_proc/share/depth_image_proc/launch/point_cloud_xyzi.launch.py
[242.894s] -- Installing: /home/msc-robot/Documents/Team4_ros_ws/src/High_Vis/Thermal_Images/install/depth_image_proc/share/depth_image_proc/launch/point_cloud_xyzrgb_radial.launch.py
[242.894s] -- Installing: /home/msc-robot/Documents/Team4_ros_ws/src/High_Vis/Thermal_Images/install/depth_image_proc/share/depth_image_proc/launch/disparity.launch.py
[242.894s] -- Installing: /home/msc-robot/Documents/Team4_ros_ws/src/High_Vis/Thermal_Images/install/depth_image_proc/share/depth_image_proc/launch/convert_metric.launch.py
[242.895s] -- Installing: /home/msc-robot/Documents/Team4_ros_ws/src/High_Vis/Thermal_Images/install/depth_image_proc/share/depth_image_proc/launch/point_cloud_xyz.launch.py
[242.895s] -- Installing: /home/msc-robot/Documents/Team4_ros_ws/src/High_Vis/Thermal_Images/install/depth_image_proc/share/depth_image_proc/launch/register.launch.py
[242.895s] -- Installing: /home/msc-robot/Documents/Team4_ros_ws/src/High_Vis/Thermal_Images/install/depth_image_proc/share/depth_image_proc/launch/point_cloud_xyzrgb.launch.py
[242.896s] -- Installing: /home/msc-robot/Documents/Team4_ros_ws/src/High_Vis/Thermal_Images/install/depth_image_proc/share/depth_image_proc/launch/point_cloud_xyzi_radial.launch.py
[242.896s] -- Installing: /home/msc-robot/Documents/Team4_ros_ws/src/High_Vis/Thermal_Images/install/depth_image_proc/share/ament_index/resource_index/package_run_dependencies/depth_image_proc
[242.897s] -- Installing: /home/msc-robot/Documents/Team4_ros_ws/src/High_Vis/Thermal_Images/install/depth_image_proc/share/ament_index/resource_index/parent_prefix_path/depth_image_proc
[242.897s] -- Installing: /home/msc-robot/Documents/Team4_ros_ws/src/High_Vis/Thermal_Images/install/depth_image_proc/share/depth_image_proc/environment/ament_prefix_path.sh
[242.897s] -- Installing: /home/msc-robot/Documents/Team4_ros_ws/src/High_Vis/Thermal_Images/install/depth_image_proc/share/depth_image_proc/environment/ament_prefix_path.dsv
[242.898s] -- Installing: /home/msc-robot/Documents/Team4_ros_ws/src/High_Vis/Thermal_Images/install/depth_image_proc/share/depth_image_proc/environment/path.sh
[242.898s] -- Installing: /home/msc-robot/Documents/Team4_ros_ws/src/High_Vis/Thermal_Images/install/depth_image_proc/share/depth_image_proc/environment/path.dsv
[242.899s] -- Installing: /home/msc-robot/Documents/Team4_ros_ws/src/High_Vis/Thermal_Images/install/depth_image_proc/share/depth_image_proc/local_setup.bash
[242.899s] -- Installing: /home/msc-robot/Documents/Team4_ros_ws/src/High_Vis/Thermal_Images/install/depth_image_proc/share/depth_image_proc/local_setup.sh
[242.899s] -- Installing: /home/msc-robot/Documents/Team4_ros_ws/src/High_Vis/Thermal_Images/install/depth_image_proc/share/depth_image_proc/local_setup.zsh
[242.900s] -- Installing: /home/msc-robot/Documents/Team4_ros_ws/src/High_Vis/Thermal_Images/install/depth_image_proc/share/depth_image_proc/local_setup.dsv
[242.900s] -- Installing: /home/msc-robot/Documents/Team4_ros_ws/src/High_Vis/Thermal_Images/install/depth_image_proc/share/depth_image_proc/package.dsv
[242.901s] -- Installing: /home/msc-robot/Documents/Team4_ros_ws/src/High_Vis/Thermal_Images/install/depth_image_proc/share/ament_index/resource_index/packages/depth_image_proc
[242.901s] -- Installing: /home/msc-robot/Documents/Team4_ros_ws/src/High_Vis/Thermal_Images/install/depth_image_proc/share/ament_index/resource_index/rclcpp_components/depth_image_proc
[242.901s] -- Installing: /home/msc-robot/Documents/Team4_ros_ws/src/High_Vis/Thermal_Images/install/depth_image_proc/share/depth_image_proc/cmake/ament_cmake_export_dependencies-extras.cmake
[242.902s] -- Installing: /home/msc-robot/Documents/Team4_ros_ws/src/High_Vis/Thermal_Images/install/depth_image_proc/share/depth_image_proc/cmake/ament_cmake_export_include_directories-extras.cmake
[242.902s] -- Installing: /home/msc-robot/Documents/Team4_ros_ws/src/High_Vis/Thermal_Images/install/depth_image_proc/share/depth_image_proc/cmake/ament_cmake_export_libraries-extras.cmake
[242.903s] -- Installing: /home/msc-robot/Documents/Team4_ros_ws/src/High_Vis/Thermal_Images/install/depth_image_proc/share/depth_image_proc/cmake/depth_image_procConfig.cmake
[242.903s] -- Installing: /home/msc-robot/Documents/Team4_ros_ws/src/High_Vis/Thermal_Images/install/depth_image_proc/share/depth_image_proc/cmake/depth_image_procConfig-version.cmake
[242.903s] -- Installing: /home/msc-robot/Documents/Team4_ros_ws/src/High_Vis/Thermal_Images/install/depth_image_proc/share/depth_image_proc/package.xml
[242.907s] Invoked command in '/home/msc-robot/Documents/Team4_ros_ws/src/High_Vis/Thermal_Images/build/depth_image_proc' returned '0': CMAKE_PREFIX_PATH=${CMAKE_PREFIX_PATH}:/home/msc-robot/Documents/Team4_ros_ws/src/High_Vis/Thermal_Images/install/Thermal_Image_Save:/home/msc-robot/Documents/Team4_ros_ws/src/High_Vis/post_process/install/pdf_generator:/home/msc-robot/Documents/Team4_ros_ws/src/High_Vis/post_process/install/hotspot_detection:/home/msc-robot/Documents/Team4_ros_ws/src/Thermal/install/camera_calibration:/home/msc-robot/Documents/Team4_ros_ws/src/Thermal/install/Thermal_save:/home/msc-robot/Documents/Team4_ros_ws/install/launch_robotnav:/home/msc-robot/Documents/Team4_ros_ws/install/clearpath_generator_gz:/home/msc-robot/Documents/Team4_ros_ws/install/clearpath_config:/home/msc-robot/Documents/Team4_ros_ws/install/camera_calibration:/home/msc-robot/Documents/Team4_ros_ws/install/Thermal_save:/opt/ros/humble /usr/bin/cmake --install /home/msc-robot/Documents/Team4_ros_ws/src/High_Vis/Thermal_Images/build/depth_image_proc
