[0.412s] Invoking command in '/home/msc-robot/Documents/Team4_ros_ws/src/High_Vis/Thermal_Images/build/image_proc': AMENT_PREFIX_PATH=/home/msc-robot/Documents/Team4_ros_ws/src/High_Vis/Thermal_Images/install/tracetools_image_pipeline:${AMENT_PREFIX_PATH} CMAKE_PREFIX_PATH=/home/msc-robot/Documents/Team4_ros_ws/src/High_Vis/Thermal_Images/install/tracetools_image_pipeline:/home/msc-robot/Documents/Team4_ros_ws/src/Thermal/install/usb_cam:/home/msc-robot/Documents/Team4_ros_ws/src/Thermal/install/image_pipeline:/home/msc-robot/Documents/Team4_ros_ws/src/Thermal/install/stereo_image_proc:/home/msc-robot/Documents/Team4_ros_ws/src/Thermal/install/image_proc:/home/msc-robot/Documents/Team4_ros_ws/src/Thermal/install/tracetools_image_pipeline:/home/msc-robot/Documents/Team4_ros_ws/src/Thermal/install/image_view:/home/msc-robot/Documents/Team4_ros_ws/src/Thermal/install/image_rotate:/home/msc-robot/Documents/Team4_ros_ws/src/Thermal/install/image_publisher:/home/msc-robot/Documents/Team4_ros_ws/src/Thermal/install/depth_image_proc:/home/msc-robot/Documents/Team4_ros_ws/install/usb_cam:/home/msc-robot/Documents/Team4_ros_ws/install/image_pipeline:/home/msc-robot/Documents/Team4_ros_ws/install/stereo_image_proc:/home/msc-robot/Documents/Team4_ros_ws/install/image_proc:/home/msc-robot/Documents/Team4_ros_ws/install/tracetools_image_pipeline:/home/msc-robot/Documents/Team4_ros_ws/install/pointcloud_to_laserscan:/home/msc-robot/Documents/Team4_ros_ws/install/image_view:/home/msc-robot/Documents/Team4_ros_ws/install/image_rotate:/home/msc-robot/Documents/Team4_ros_ws/install/image_publisher:/home/msc-robot/Documents/Team4_ros_ws/install/depth_image_proc:/home/msc-robot/Documents/Team4_ros_ws/install/clearpath_simulator:/home/msc-robot/Documents/Team4_ros_ws/install/clearpath_gz:/home/msc-robot/Documents/Team4_ros_ws/install/clearpath_common:/home/msc-robot/Documents/Team4_ros_ws/install/clearpath_generator_common:/home/msc-robot/Documents/Team4_ros_ws/install/clearpath_description:/home/msc-robot/Documents/Team4_ros_ws/install/clearpath_sensors_description:/home/msc-robot/Documents/Team4_ros_ws/install/clearpath_platform:/home/msc-robot/Documents/Team4_ros_ws/install/clearpath_msgs:/home/msc-robot/Documents/Team4_ros_ws/install/clearpath_platform_msgs:/home/msc-robot/Documents/Team4_ros_ws/install/clearpath_platform_description:/home/msc-robot/Documents/Team4_ros_ws/install/clearpath_nav2:/home/msc-robot/Documents/Team4_ros_ws/install/clearpath_mounts_description:/home/msc-robot/Documents/Team4_ros_ws/install/clearpath_control:/home/msc-robot/Documents/Team4_ros_ws/src/High_Vis/Thermal_Images/install/Thermal_Image_Save:/home/msc-robot/Documents/Team4_ros_ws/src/High_Vis/post_process/install/pdf_generator:/home/msc-robot/Documents/Team4_ros_ws/src/High_Vis/post_process/install/hotspot_detection:/home/msc-robot/Documents/Team4_ros_ws/src/Thermal/install/camera_calibration:/home/msc-robot/Documents/Team4_ros_ws/src/Thermal/install/Thermal_save:/home/msc-robot/Documents/Team4_ros_ws/install/launch_robotnav:/home/msc-robot/Documents/Team4_ros_ws/install/clearpath_generator_gz:/home/msc-robot/Documents/Team4_ros_ws/install/clearpath_config:/home/msc-robot/Documents/Team4_ros_ws/install/camera_calibration:/home/msc-robot/Documents/Team4_ros_ws/install/Thermal_save:/opt/ros/humble LD_LIBRARY_PATH=/home/msc-robot/Documents/Team4_ros_ws/src/High_Vis/Thermal_Images/install/tracetools_image_pipeline/lib:${LD_LIBRARY_PATH} /usr/bin/cmake /home/msc-robot/Documents/Team4_ros_ws/src/High_Vis/Thermal_Images/src/image_pipeline/image_proc -DCMAKE_INSTALL_PREFIX=/home/msc-robot/Documents/Team4_ros_ws/src/High_Vis/Thermal_Images/install/image_proc
[0.607s] -- The C compiler identification is GNU 11.4.0
[0.756s] -- The CXX compiler identification is GNU 11.4.0
[0.773s] -- Detecting C compiler ABI info
[0.997s] -- Detecting C compiler ABI info - done
[1.030s] -- Check for working C compiler: /usr/bin/cc - skipped
[1.031s] -- Detecting C compile features
[1.032s] -- Detecting C compile features - done
[1.041s] -- Detecting CXX compiler ABI info
[1.314s] -- Detecting CXX compiler ABI info - done
[1.339s] -- Check for working CXX compiler: /usr/bin/c++ - skipped
[1.340s] -- Detecting CXX compile features
[1.341s] -- Detecting CXX compile features - done
[1.360s] -- Found ament_cmake_auto: 1.3.8 (/opt/ros/humble/share/ament_cmake_auto/cmake)
[1.846s] -- Found Python3: /usr/bin/python3 (found version "3.10.12") found components: Interpreter 
[2.664s] -- Found rosidl_generator_c: 3.1.5 (/opt/ros/humble/share/rosidl_generator_c/cmake)
[2.702s] -- Found rosidl_adapter: 3.1.5 (/opt/ros/humble/share/rosidl_adapter/cmake)
[2.748s] -- Found rosidl_generator_cpp: 3.1.5 (/opt/ros/humble/share/rosidl_generator_cpp/cmake)
[2.813s] -- Using all available rosidl_typesupport_c: rosidl_typesupport_fastrtps_c;rosidl_typesupport_introspection_c
[2.911s] -- Using all available rosidl_typesupport_cpp: rosidl_typesupport_fastrtps_cpp;rosidl_typesupport_introspection_cpp
[4.047s] -- Found rmw_implementation_cmake: 6.1.1 (/opt/ros/humble/share/rmw_implementation_cmake/cmake)
[4.072s] -- Found rmw_fastrtps_cpp: 6.2.6 (/opt/ros/humble/share/rmw_fastrtps_cpp/cmake)
[4.632s] -- Found OpenSSL: /usr/lib/x86_64-linux-gnu/libcrypto.so (found version "3.0.2")  
[4.720s] -- Found FastRTPS: /opt/ros/humble/include  
[4.870s] -- Using RMW implementation 'rmw_fastrtps_cpp' as default
[4.935s] -- Looking for pthread.h
[5.143s] -- Looking for pthread.h - found
[5.143s] -- Performing Test CMAKE_HAVE_LIBC_PTHREAD
[5.353s] -- Performing Test CMAKE_HAVE_LIBC_PTHREAD - Success
[5.356s] -- Found Threads: TRUE  
[7.549s] -- Found OpenCV: /usr (found version "4.5.4") 
[8.213s] -- Found ament_lint_auto: 0.12.10 (/opt/ros/humble/share/ament_lint_auto/cmake)
[8.379s] -- Added test 'copyright' to check source files copyright and LICENSE
[8.386s] -- Added test 'cppcheck' to perform static code analysis on C / C++ code
[8.388s] -- Configured cppcheck include dirs: /home/msc-robot/Documents/Team4_ros_ws/src/High_Vis/Thermal_Images/src/image_pipeline/image_proc/include
[8.388s] -- Configured cppcheck exclude dirs and/or files: 
[8.395s] -- Added test 'cpplint' to check C / C++ code against the Google style
[8.395s] -- Configured cpplint exclude dirs and/or files: 
[8.399s] -- Added test 'flake8' to check Python code syntax and style conventions
[8.403s] -- Added test 'lint_cmake' to check CMake code style
[8.406s] -- Added test 'pep257' to check Python code against some of the docstring style conventions in PEP 257
[8.413s] -- Added test 'uncrustify' to check C / C++ code style
[8.414s] -- Configured uncrustify additional arguments: 
[8.418s] -- Added test 'xmllint' to check XML markup files
[8.429s] -- Configuring done
[8.857s] -- Generating done
[8.864s] -- Build files have been written to: /home/msc-robot/Documents/Team4_ros_ws/src/High_Vis/Thermal_Images/build/image_proc
[8.976s] Invoked command in '/home/msc-robot/Documents/Team4_ros_ws/src/High_Vis/Thermal_Images/build/image_proc' returned '0': AMENT_PREFIX_PATH=/home/msc-robot/Documents/Team4_ros_ws/src/High_Vis/Thermal_Images/install/tracetools_image_pipeline:${AMENT_PREFIX_PATH} CMAKE_PREFIX_PATH=/home/msc-robot/Documents/Team4_ros_ws/src/High_Vis/Thermal_Images/install/tracetools_image_pipeline:/home/msc-robot/Documents/Team4_ros_ws/src/Thermal/install/usb_cam:/home/msc-robot/Documents/Team4_ros_ws/src/Thermal/install/image_pipeline:/home/msc-robot/Documents/Team4_ros_ws/src/Thermal/install/stereo_image_proc:/home/msc-robot/Documents/Team4_ros_ws/src/Thermal/install/image_proc:/home/msc-robot/Documents/Team4_ros_ws/src/Thermal/install/tracetools_image_pipeline:/home/msc-robot/Documents/Team4_ros_ws/src/Thermal/install/image_view:/home/msc-robot/Documents/Team4_ros_ws/src/Thermal/install/image_rotate:/home/msc-robot/Documents/Team4_ros_ws/src/Thermal/install/image_publisher:/home/msc-robot/Documents/Team4_ros_ws/src/Thermal/install/depth_image_proc:/home/msc-robot/Documents/Team4_ros_ws/install/usb_cam:/home/msc-robot/Documents/Team4_ros_ws/install/image_pipeline:/home/msc-robot/Documents/Team4_ros_ws/install/stereo_image_proc:/home/msc-robot/Documents/Team4_ros_ws/install/image_proc:/home/msc-robot/Documents/Team4_ros_ws/install/tracetools_image_pipeline:/home/msc-robot/Documents/Team4_ros_ws/install/pointcloud_to_laserscan:/home/msc-robot/Documents/Team4_ros_ws/install/image_view:/home/msc-robot/Documents/Team4_ros_ws/install/image_rotate:/home/msc-robot/Documents/Team4_ros_ws/install/image_publisher:/home/msc-robot/Documents/Team4_ros_ws/install/depth_image_proc:/home/msc-robot/Documents/Team4_ros_ws/install/clearpath_simulator:/home/msc-robot/Documents/Team4_ros_ws/install/clearpath_gz:/home/msc-robot/Documents/Team4_ros_ws/install/clearpath_common:/home/msc-robot/Documents/Team4_ros_ws/install/clearpath_generator_common:/home/msc-robot/Documents/Team4_ros_ws/install/clearpath_description:/home/msc-robot/Documents/Team4_ros_ws/install/clearpath_sensors_description:/home/msc-robot/Documents/Team4_ros_ws/install/clearpath_platform:/home/msc-robot/Documents/Team4_ros_ws/install/clearpath_msgs:/home/msc-robot/Documents/Team4_ros_ws/install/clearpath_platform_msgs:/home/msc-robot/Documents/Team4_ros_ws/install/clearpath_platform_description:/home/msc-robot/Documents/Team4_ros_ws/install/clearpath_nav2:/home/msc-robot/Documents/Team4_ros_ws/install/clearpath_mounts_description:/home/msc-robot/Documents/Team4_ros_ws/install/clearpath_control:/home/msc-robot/Documents/Team4_ros_ws/src/High_Vis/Thermal_Images/install/Thermal_Image_Save:/home/msc-robot/Documents/Team4_ros_ws/src/High_Vis/post_process/install/pdf_generator:/home/msc-robot/Documents/Team4_ros_ws/src/High_Vis/post_process/install/hotspot_detection:/home/msc-robot/Documents/Team4_ros_ws/src/Thermal/install/camera_calibration:/home/msc-robot/Documents/Team4_ros_ws/src/Thermal/install/Thermal_save:/home/msc-robot/Documents/Team4_ros_ws/install/launch_robotnav:/home/msc-robot/Documents/Team4_ros_ws/install/clearpath_generator_gz:/home/msc-robot/Documents/Team4_ros_ws/install/clearpath_config:/home/msc-robot/Documents/Team4_ros_ws/install/camera_calibration:/home/msc-robot/Documents/Team4_ros_ws/install/Thermal_save:/opt/ros/humble LD_LIBRARY_PATH=/home/msc-robot/Documents/Team4_ros_ws/src/High_Vis/Thermal_Images/install/tracetools_image_pipeline/lib:${LD_LIBRARY_PATH} /usr/bin/cmake /home/msc-robot/Documents/Team4_ros_ws/src/High_Vis/Thermal_Images/src/image_pipeline/image_proc -DCMAKE_INSTALL_PREFIX=/home/msc-robot/Documents/Team4_ros_ws/src/High_Vis/Thermal_Images/install/image_proc
[8.977s] Invoking command in '/home/msc-robot/Documents/Team4_ros_ws/src/High_Vis/Thermal_Images/build/image_proc': AMENT_PREFIX_PATH=/home/msc-robot/Documents/Team4_ros_ws/src/High_Vis/Thermal_Images/install/tracetools_image_pipeline:${AMENT_PREFIX_PATH} CMAKE_PREFIX_PATH=/home/msc-robot/Documents/Team4_ros_ws/src/High_Vis/Thermal_Images/install/tracetools_image_pipeline:/home/msc-robot/Documents/Team4_ros_ws/src/Thermal/install/usb_cam:/home/msc-robot/Documents/Team4_ros_ws/src/Thermal/install/image_pipeline:/home/msc-robot/Documents/Team4_ros_ws/src/Thermal/install/stereo_image_proc:/home/msc-robot/Documents/Team4_ros_ws/src/Thermal/install/image_proc:/home/msc-robot/Documents/Team4_ros_ws/src/Thermal/install/tracetools_image_pipeline:/home/msc-robot/Documents/Team4_ros_ws/src/Thermal/install/image_view:/home/msc-robot/Documents/Team4_ros_ws/src/Thermal/install/image_rotate:/home/msc-robot/Documents/Team4_ros_ws/src/Thermal/install/image_publisher:/home/msc-robot/Documents/Team4_ros_ws/src/Thermal/install/depth_image_proc:/home/msc-robot/Documents/Team4_ros_ws/install/usb_cam:/home/msc-robot/Documents/Team4_ros_ws/install/image_pipeline:/home/msc-robot/Documents/Team4_ros_ws/install/stereo_image_proc:/home/msc-robot/Documents/Team4_ros_ws/install/image_proc:/home/msc-robot/Documents/Team4_ros_ws/install/tracetools_image_pipeline:/home/msc-robot/Documents/Team4_ros_ws/install/pointcloud_to_laserscan:/home/msc-robot/Documents/Team4_ros_ws/install/image_view:/home/msc-robot/Documents/Team4_ros_ws/install/image_rotate:/home/msc-robot/Documents/Team4_ros_ws/install/image_publisher:/home/msc-robot/Documents/Team4_ros_ws/install/depth_image_proc:/home/msc-robot/Documents/Team4_ros_ws/install/clearpath_simulator:/home/msc-robot/Documents/Team4_ros_ws/install/clearpath_gz:/home/msc-robot/Documents/Team4_ros_ws/install/clearpath_common:/home/msc-robot/Documents/Team4_ros_ws/install/clearpath_generator_common:/home/msc-robot/Documents/Team4_ros_ws/install/clearpath_description:/home/msc-robot/Documents/Team4_ros_ws/install/clearpath_sensors_description:/home/msc-robot/Documents/Team4_ros_ws/install/clearpath_platform:/home/msc-robot/Documents/Team4_ros_ws/install/clearpath_msgs:/home/msc-robot/Documents/Team4_ros_ws/install/clearpath_platform_msgs:/home/msc-robot/Documents/Team4_ros_ws/install/clearpath_platform_description:/home/msc-robot/Documents/Team4_ros_ws/install/clearpath_nav2:/home/msc-robot/Documents/Team4_ros_ws/install/clearpath_mounts_description:/home/msc-robot/Documents/Team4_ros_ws/install/clearpath_control:/home/msc-robot/Documents/Team4_ros_ws/src/High_Vis/Thermal_Images/install/Thermal_Image_Save:/home/msc-robot/Documents/Team4_ros_ws/src/High_Vis/post_process/install/pdf_generator:/home/msc-robot/Documents/Team4_ros_ws/src/High_Vis/post_process/install/hotspot_detection:/home/msc-robot/Documents/Team4_ros_ws/src/Thermal/install/camera_calibration:/home/msc-robot/Documents/Team4_ros_ws/src/Thermal/install/Thermal_save:/home/msc-robot/Documents/Team4_ros_ws/install/launch_robotnav:/home/msc-robot/Documents/Team4_ros_ws/install/clearpath_generator_gz:/home/msc-robot/Documents/Team4_ros_ws/install/clearpath_config:/home/msc-robot/Documents/Team4_ros_ws/install/camera_calibration:/home/msc-robot/Documents/Team4_ros_ws/install/Thermal_save:/opt/ros/humble LD_LIBRARY_PATH=/home/msc-robot/Documents/Team4_ros_ws/src/High_Vis/Thermal_Images/install/tracetools_image_pipeline/lib:${LD_LIBRARY_PATH} /usr/bin/cmake --build /home/msc-robot/Documents/Team4_ros_ws/src/High_Vis/Thermal_Images/build/image_proc -- -j4 -l4
[9.391s] [  4%] [32mBuilding CXX object CMakeFiles/image_proc.dir/src/image_proc/processor.cpp.o[0m
[9.451s] [  8%] [32mBuilding CXX object CMakeFiles/rectify_node.dir/rclcpp_components/node_main_rectify_node.cpp.o[0m
[9.480s] [ 12%] [32mBuilding CXX object CMakeFiles/debayer_node.dir/rclcpp_components/node_main_debayer_node.cpp.o[0m
[9.549s] [ 16%] [32mBuilding CXX object CMakeFiles/resize_node.dir/rclcpp_components/node_main_resize_node.cpp.o[0m
[19.172s] [ 20%] [32m[1mLinking CXX shared library libimage_proc.so[0m
[20.631s] [ 20%] Built target image_proc
[20.866s] [ 24%] [32mBuilding CXX object CMakeFiles/crop_decimate_node.dir/rclcpp_components/node_main_crop_decimate_node.cpp.o[0m
[25.455s] [ 28%] [32m[1mLinking CXX executable resize_node[0m
[25.851s] [ 28%] Built target resize_node
[27.649s] [ 32%] [32m[1mLinking CXX executable rectify_node[0m
[28.702s] [ 32%] Built target rectify_node
[29.291s] [ 36%] [32m[1mLinking CXX executable debayer_node[0m
[30.223s] [ 36%] Built target debayer_node
[36.911s] [ 40%] [32m[1mLinking CXX executable crop_decimate_node[0m
[37.546s] [ 40%] Built target crop_decimate_node
[37.697s] [ 44%] [32mBuilding CXX object CMakeFiles/rectify.dir/src/rectify.cpp.o[0m
[48.448s] [ 48%] [32m[1mLinking CXX shared library librectify.so[0m
[48.943s] [ 48%] Built target rectify
[49.024s] [ 52%] [32mBuilding CXX object CMakeFiles/crop_non_zero_node.dir/rclcpp_components/node_main_crop_non_zero_node.cpp.o[0m
[57.158s] [ 56%] [32m[1mLinking CXX executable crop_non_zero_node[0m
[57.496s] [ 56%] Built target crop_non_zero_node
[57.568s] [ 60%] [32mBuilding CXX object CMakeFiles/debayer.dir/src/debayer.cpp.o[0m
[66.358s] [ 64%] [32mBuilding CXX object CMakeFiles/debayer.dir/src/edge_aware.cpp.o[0m
[68.640s] [ 68%] [32m[1mLinking CXX shared library libdebayer.so[0m
[69.204s] [ 68%] Built target debayer
[69.269s] [ 72%] [32mBuilding CXX object CMakeFiles/resize.dir/src/resize.cpp.o[0m
[77.972s] [ 76%] [32m[1mLinking CXX shared library libresize.so[0m
[78.476s] [ 76%] Built target resize
[78.543s] [ 80%] [32mBuilding CXX object CMakeFiles/crop_decimate.dir/src/crop_decimate.cpp.o[0m
[87.767s] [ 84%] [32m[1mLinking CXX shared library libcrop_decimate.so[0m
[88.331s] [ 84%] Built target crop_decimate
[88.413s] [ 88%] [32mBuilding CXX object CMakeFiles/crop_non_zero.dir/src/crop_non_zero.cpp.o[0m
[96.601s] [ 92%] [32m[1mLinking CXX shared library libcrop_non_zero.so[0m
[97.137s] [ 92%] Built target crop_non_zero
[97.221s] [ 96%] [32mBuilding CXX object CMakeFiles/image_proc_exe.dir/src/image_proc.cpp.o[0m
[105.068s] [100%] [32m[1mLinking CXX executable image_proc[0m
[105.995s] [100%] Built target image_proc_exe
[106.028s] Invoked command in '/home/msc-robot/Documents/Team4_ros_ws/src/High_Vis/Thermal_Images/build/image_proc' returned '0': AMENT_PREFIX_PATH=/home/msc-robot/Documents/Team4_ros_ws/src/High_Vis/Thermal_Images/install/tracetools_image_pipeline:${AMENT_PREFIX_PATH} CMAKE_PREFIX_PATH=/home/msc-robot/Documents/Team4_ros_ws/src/High_Vis/Thermal_Images/install/tracetools_image_pipeline:/home/msc-robot/Documents/Team4_ros_ws/src/Thermal/install/usb_cam:/home/msc-robot/Documents/Team4_ros_ws/src/Thermal/install/image_pipeline:/home/msc-robot/Documents/Team4_ros_ws/src/Thermal/install/stereo_image_proc:/home/msc-robot/Documents/Team4_ros_ws/src/Thermal/install/image_proc:/home/msc-robot/Documents/Team4_ros_ws/src/Thermal/install/tracetools_image_pipeline:/home/msc-robot/Documents/Team4_ros_ws/src/Thermal/install/image_view:/home/msc-robot/Documents/Team4_ros_ws/src/Thermal/install/image_rotate:/home/msc-robot/Documents/Team4_ros_ws/src/Thermal/install/image_publisher:/home/msc-robot/Documents/Team4_ros_ws/src/Thermal/install/depth_image_proc:/home/msc-robot/Documents/Team4_ros_ws/install/usb_cam:/home/msc-robot/Documents/Team4_ros_ws/install/image_pipeline:/home/msc-robot/Documents/Team4_ros_ws/install/stereo_image_proc:/home/msc-robot/Documents/Team4_ros_ws/install/image_proc:/home/msc-robot/Documents/Team4_ros_ws/install/tracetools_image_pipeline:/home/msc-robot/Documents/Team4_ros_ws/install/pointcloud_to_laserscan:/home/msc-robot/Documents/Team4_ros_ws/install/image_view:/home/msc-robot/Documents/Team4_ros_ws/install/image_rotate:/home/msc-robot/Documents/Team4_ros_ws/install/image_publisher:/home/msc-robot/Documents/Team4_ros_ws/install/depth_image_proc:/home/msc-robot/Documents/Team4_ros_ws/install/clearpath_simulator:/home/msc-robot/Documents/Team4_ros_ws/install/clearpath_gz:/home/msc-robot/Documents/Team4_ros_ws/install/clearpath_common:/home/msc-robot/Documents/Team4_ros_ws/install/clearpath_generator_common:/home/msc-robot/Documents/Team4_ros_ws/install/clearpath_description:/home/msc-robot/Documents/Team4_ros_ws/install/clearpath_sensors_description:/home/msc-robot/Documents/Team4_ros_ws/install/clearpath_platform:/home/msc-robot/Documents/Team4_ros_ws/install/clearpath_msgs:/home/msc-robot/Documents/Team4_ros_ws/install/clearpath_platform_msgs:/home/msc-robot/Documents/Team4_ros_ws/install/clearpath_platform_description:/home/msc-robot/Documents/Team4_ros_ws/install/clearpath_nav2:/home/msc-robot/Documents/Team4_ros_ws/install/clearpath_mounts_description:/home/msc-robot/Documents/Team4_ros_ws/install/clearpath_control:/home/msc-robot/Documents/Team4_ros_ws/src/High_Vis/Thermal_Images/install/Thermal_Image_Save:/home/msc-robot/Documents/Team4_ros_ws/src/High_Vis/post_process/install/pdf_generator:/home/msc-robot/Documents/Team4_ros_ws/src/High_Vis/post_process/install/hotspot_detection:/home/msc-robot/Documents/Team4_ros_ws/src/Thermal/install/camera_calibration:/home/msc-robot/Documents/Team4_ros_ws/src/Thermal/install/Thermal_save:/home/msc-robot/Documents/Team4_ros_ws/install/launch_robotnav:/home/msc-robot/Documents/Team4_ros_ws/install/clearpath_generator_gz:/home/msc-robot/Documents/Team4_ros_ws/install/clearpath_config:/home/msc-robot/Documents/Team4_ros_ws/install/camera_calibration:/home/msc-robot/Documents/Team4_ros_ws/install/Thermal_save:/opt/ros/humble LD_LIBRARY_PATH=/home/msc-robot/Documents/Team4_ros_ws/src/High_Vis/Thermal_Images/install/tracetools_image_pipeline/lib:${LD_LIBRARY_PATH} /usr/bin/cmake --build /home/msc-robot/Documents/Team4_ros_ws/src/High_Vis/Thermal_Images/build/image_proc -- -j4 -l4
[106.281s] Invoking command in '/home/msc-robot/Documents/Team4_ros_ws/src/High_Vis/Thermal_Images/build/image_proc': AMENT_PREFIX_PATH=/home/msc-robot/Documents/Team4_ros_ws/src/High_Vis/Thermal_Images/install/tracetools_image_pipeline:${AMENT_PREFIX_PATH} CMAKE_PREFIX_PATH=/home/msc-robot/Documents/Team4_ros_ws/src/High_Vis/Thermal_Images/install/tracetools_image_pipeline:/home/msc-robot/Documents/Team4_ros_ws/src/Thermal/install/usb_cam:/home/msc-robot/Documents/Team4_ros_ws/src/Thermal/install/image_pipeline:/home/msc-robot/Documents/Team4_ros_ws/src/Thermal/install/stereo_image_proc:/home/msc-robot/Documents/Team4_ros_ws/src/Thermal/install/image_proc:/home/msc-robot/Documents/Team4_ros_ws/src/Thermal/install/tracetools_image_pipeline:/home/msc-robot/Documents/Team4_ros_ws/src/Thermal/install/image_view:/home/msc-robot/Documents/Team4_ros_ws/src/Thermal/install/image_rotate:/home/msc-robot/Documents/Team4_ros_ws/src/Thermal/install/image_publisher:/home/msc-robot/Documents/Team4_ros_ws/src/Thermal/install/depth_image_proc:/home/msc-robot/Documents/Team4_ros_ws/install/usb_cam:/home/msc-robot/Documents/Team4_ros_ws/install/image_pipeline:/home/msc-robot/Documents/Team4_ros_ws/install/stereo_image_proc:/home/msc-robot/Documents/Team4_ros_ws/install/image_proc:/home/msc-robot/Documents/Team4_ros_ws/install/tracetools_image_pipeline:/home/msc-robot/Documents/Team4_ros_ws/install/pointcloud_to_laserscan:/home/msc-robot/Documents/Team4_ros_ws/install/image_view:/home/msc-robot/Documents/Team4_ros_ws/install/image_rotate:/home/msc-robot/Documents/Team4_ros_ws/install/image_publisher:/home/msc-robot/Documents/Team4_ros_ws/install/depth_image_proc:/home/msc-robot/Documents/Team4_ros_ws/install/clearpath_simulator:/home/msc-robot/Documents/Team4_ros_ws/install/clearpath_gz:/home/msc-robot/Documents/Team4_ros_ws/install/clearpath_common:/home/msc-robot/Documents/Team4_ros_ws/install/clearpath_generator_common:/home/msc-robot/Documents/Team4_ros_ws/install/clearpath_description:/home/msc-robot/Documents/Team4_ros_ws/install/clearpath_sensors_description:/home/msc-robot/Documents/Team4_ros_ws/install/clearpath_platform:/home/msc-robot/Documents/Team4_ros_ws/install/clearpath_msgs:/home/msc-robot/Documents/Team4_ros_ws/install/clearpath_platform_msgs:/home/msc-robot/Documents/Team4_ros_ws/install/clearpath_platform_description:/home/msc-robot/Documents/Team4_ros_ws/install/clearpath_nav2:/home/msc-robot/Documents/Team4_ros_ws/install/clearpath_mounts_description:/home/msc-robot/Documents/Team4_ros_ws/install/clearpath_control:/home/msc-robot/Documents/Team4_ros_ws/src/High_Vis/Thermal_Images/install/Thermal_Image_Save:/home/msc-robot/Documents/Team4_ros_ws/src/High_Vis/post_process/install/pdf_generator:/home/msc-robot/Documents/Team4_ros_ws/src/High_Vis/post_process/install/hotspot_detection:/home/msc-robot/Documents/Team4_ros_ws/src/Thermal/install/camera_calibration:/home/msc-robot/Documents/Team4_ros_ws/src/Thermal/install/Thermal_save:/home/msc-robot/Documents/Team4_ros_ws/install/launch_robotnav:/home/msc-robot/Documents/Team4_ros_ws/install/clearpath_generator_gz:/home/msc-robot/Documents/Team4_ros_ws/install/clearpath_config:/home/msc-robot/Documents/Team4_ros_ws/install/camera_calibration:/home/msc-robot/Documents/Team4_ros_ws/install/Thermal_save:/opt/ros/humble LD_LIBRARY_PATH=/home/msc-robot/Documents/Team4_ros_ws/src/High_Vis/Thermal_Images/install/tracetools_image_pipeline/lib:${LD_LIBRARY_PATH} /usr/bin/cmake --install /home/msc-robot/Documents/Team4_ros_ws/src/High_Vis/Thermal_Images/build/image_proc
[106.305s] -- Install configuration: ""
[106.306s] -- Installing: /home/msc-robot/Documents/Team4_ros_ws/src/High_Vis/Thermal_Images/install/image_proc/lib/image_proc/rectify_node
[106.307s] -- Set runtime path of "/home/msc-robot/Documents/Team4_ros_ws/src/High_Vis/Thermal_Images/install/image_proc/lib/image_proc/rectify_node" to ""
[106.307s] -- Installing: /home/msc-robot/Documents/Team4_ros_ws/src/High_Vis/Thermal_Images/install/image_proc/lib/image_proc/debayer_node
[106.309s] -- Set runtime path of "/home/msc-robot/Documents/Team4_ros_ws/src/High_Vis/Thermal_Images/install/image_proc/lib/image_proc/debayer_node" to ""
[106.309s] -- Installing: /home/msc-robot/Documents/Team4_ros_ws/src/High_Vis/Thermal_Images/install/image_proc/lib/image_proc/resize_node
[106.310s] -- Set runtime path of "/home/msc-robot/Documents/Team4_ros_ws/src/High_Vis/Thermal_Images/install/image_proc/lib/image_proc/resize_node" to ""
[106.311s] -- Installing: /home/msc-robot/Documents/Team4_ros_ws/src/High_Vis/Thermal_Images/install/image_proc/lib/image_proc/crop_decimate_node
[106.313s] -- Set runtime path of "/home/msc-robot/Documents/Team4_ros_ws/src/High_Vis/Thermal_Images/install/image_proc/lib/image_proc/crop_decimate_node" to ""
[106.313s] -- Installing: /home/msc-robot/Documents/Team4_ros_ws/src/High_Vis/Thermal_Images/install/image_proc/lib/image_proc/crop_non_zero_node
[106.315s] -- Set runtime path of "/home/msc-robot/Documents/Team4_ros_ws/src/High_Vis/Thermal_Images/install/image_proc/lib/image_proc/crop_non_zero_node" to ""
[106.316s] -- Installing: /home/msc-robot/Documents/Team4_ros_ws/src/High_Vis/Thermal_Images/install/image_proc/bin/image_proc
[106.318s] -- Set runtime path of "/home/msc-robot/Documents/Team4_ros_ws/src/High_Vis/Thermal_Images/install/image_proc/bin/image_proc" to ""
[106.318s] -- Installing: /home/msc-robot/Documents/Team4_ros_ws/src/High_Vis/Thermal_Images/install/image_proc/include
[106.319s] -- Installing: /home/msc-robot/Documents/Team4_ros_ws/src/High_Vis/Thermal_Images/install/image_proc/include/image_proc
[106.320s] -- Installing: /home/msc-robot/Documents/Team4_ros_ws/src/High_Vis/Thermal_Images/install/image_proc/include/image_proc/debayer.hpp
[106.320s] -- Installing: /home/msc-robot/Documents/Team4_ros_ws/src/High_Vis/Thermal_Images/install/image_proc/include/image_proc/crop_decimate.hpp
[106.321s] -- Installing: /home/msc-robot/Documents/Team4_ros_ws/src/High_Vis/Thermal_Images/install/image_proc/include/image_proc/crop_non_zero.hpp
[106.322s] -- Installing: /home/msc-robot/Documents/Team4_ros_ws/src/High_Vis/Thermal_Images/install/image_proc/include/image_proc/processor.hpp
[106.328s] -- Installing: /home/msc-robot/Documents/Team4_ros_ws/src/High_Vis/Thermal_Images/install/image_proc/include/image_proc/edge_aware.hpp
[106.329s] -- Installing: /home/msc-robot/Documents/Team4_ros_ws/src/High_Vis/Thermal_Images/install/image_proc/include/image_proc/rectify.hpp
[106.330s] -- Installing: /home/msc-robot/Documents/Team4_ros_ws/src/High_Vis/Thermal_Images/install/image_proc/include/image_proc/resize.hpp
[106.330s] -- Installing: /home/msc-robot/Documents/Team4_ros_ws/src/High_Vis/Thermal_Images/install/image_proc/include/image_proc/utils.hpp
[106.332s] -- Installing: /home/msc-robot/Documents/Team4_ros_ws/src/High_Vis/Thermal_Images/install/image_proc/share/image_proc/environment/library_path.sh
[106.335s] -- Installing: /home/msc-robot/Documents/Team4_ros_ws/src/High_Vis/Thermal_Images/install/image_proc/share/image_proc/environment/library_path.dsv
[106.337s] -- Installing: /home/msc-robot/Documents/Team4_ros_ws/src/High_Vis/Thermal_Images/install/image_proc/lib/libimage_proc.so
[106.339s] -- Set runtime path of "/home/msc-robot/Documents/Team4_ros_ws/src/High_Vis/Thermal_Images/install/image_proc/lib/libimage_proc.so" to ""
[106.339s] -- Installing: /home/msc-robot/Documents/Team4_ros_ws/src/High_Vis/Thermal_Images/install/image_proc/lib/librectify.so
[106.341s] -- Set runtime path of "/home/msc-robot/Documents/Team4_ros_ws/src/High_Vis/Thermal_Images/install/image_proc/lib/librectify.so" to ""
[106.342s] -- Installing: /home/msc-robot/Documents/Team4_ros_ws/src/High_Vis/Thermal_Images/install/image_proc/lib/libdebayer.so
[106.346s] -- Set runtime path of "/home/msc-robot/Documents/Team4_ros_ws/src/High_Vis/Thermal_Images/install/image_proc/lib/libdebayer.so" to ""
[106.346s] -- Installing: /home/msc-robot/Documents/Team4_ros_ws/src/High_Vis/Thermal_Images/install/image_proc/lib/libresize.so
[106.348s] -- Set runtime path of "/home/msc-robot/Documents/Team4_ros_ws/src/High_Vis/Thermal_Images/install/image_proc/lib/libresize.so" to ""
[106.348s] -- Installing: /home/msc-robot/Documents/Team4_ros_ws/src/High_Vis/Thermal_Images/install/image_proc/lib/libcrop_decimate.so
[106.351s] -- Set runtime path of "/home/msc-robot/Documents/Team4_ros_ws/src/High_Vis/Thermal_Images/install/image_proc/lib/libcrop_decimate.so" to ""
[106.351s] -- Installing: /home/msc-robot/Documents/Team4_ros_ws/src/High_Vis/Thermal_Images/install/image_proc/lib/libcrop_non_zero.so
[106.353s] -- Set runtime path of "/home/msc-robot/Documents/Team4_ros_ws/src/High_Vis/Thermal_Images/install/image_proc/lib/libcrop_non_zero.so" to ""
[106.353s] -- Installing: /home/msc-robot/Documents/Team4_ros_ws/src/High_Vis/Thermal_Images/install/image_proc/lib/image_proc/image_proc
[106.354s] -- Set runtime path of "/home/msc-robot/Documents/Team4_ros_ws/src/High_Vis/Thermal_Images/install/image_proc/lib/image_proc/image_proc" to ""
[106.355s] -- Installing: /home/msc-robot/Documents/Team4_ros_ws/src/High_Vis/Thermal_Images/install/image_proc/share/image_proc/launch
[106.355s] -- Installing: /home/msc-robot/Documents/Team4_ros_ws/src/High_Vis/Thermal_Images/install/image_proc/share/image_proc/launch/image_proc.launch.py
[106.356s] -- Installing: /home/msc-robot/Documents/Team4_ros_ws/src/High_Vis/Thermal_Images/install/image_proc/share/ament_index/resource_index/package_run_dependencies/image_proc
[106.356s] -- Installing: /home/msc-robot/Documents/Team4_ros_ws/src/High_Vis/Thermal_Images/install/image_proc/share/ament_index/resource_index/parent_prefix_path/image_proc
[106.357s] -- Installing: /home/msc-robot/Documents/Team4_ros_ws/src/High_Vis/Thermal_Images/install/image_proc/share/image_proc/environment/ament_prefix_path.sh
[106.357s] -- Installing: /home/msc-robot/Documents/Team4_ros_ws/src/High_Vis/Thermal_Images/install/image_proc/share/image_proc/environment/ament_prefix_path.dsv
[106.358s] -- Installing: /home/msc-robot/Documents/Team4_ros_ws/src/High_Vis/Thermal_Images/install/image_proc/share/image_proc/environment/path.sh
[106.358s] -- Installing: /home/msc-robot/Documents/Team4_ros_ws/src/High_Vis/Thermal_Images/install/image_proc/share/image_proc/environment/path.dsv
[106.359s] -- Installing: /home/msc-robot/Documents/Team4_ros_ws/src/High_Vis/Thermal_Images/install/image_proc/share/image_proc/local_setup.bash
[106.359s] -- Installing: /home/msc-robot/Documents/Team4_ros_ws/src/High_Vis/Thermal_Images/install/image_proc/share/image_proc/local_setup.sh
[106.360s] -- Installing: /home/msc-robot/Documents/Team4_ros_ws/src/High_Vis/Thermal_Images/install/image_proc/share/image_proc/local_setup.zsh
[106.360s] -- Installing: /home/msc-robot/Documents/Team4_ros_ws/src/High_Vis/Thermal_Images/install/image_proc/share/image_proc/local_setup.dsv
[106.361s] -- Installing: /home/msc-robot/Documents/Team4_ros_ws/src/High_Vis/Thermal_Images/install/image_proc/share/image_proc/package.dsv
[106.362s] -- Installing: /home/msc-robot/Documents/Team4_ros_ws/src/High_Vis/Thermal_Images/install/image_proc/share/ament_index/resource_index/packages/image_proc
[106.362s] -- Installing: /home/msc-robot/Documents/Team4_ros_ws/src/High_Vis/Thermal_Images/install/image_proc/share/ament_index/resource_index/rclcpp_components/image_proc
[106.363s] -- Installing: /home/msc-robot/Documents/Team4_ros_ws/src/High_Vis/Thermal_Images/install/image_proc/share/image_proc/cmake/ament_cmake_export_dependencies-extras.cmake
[106.363s] -- Installing: /home/msc-robot/Documents/Team4_ros_ws/src/High_Vis/Thermal_Images/install/image_proc/share/image_proc/cmake/ament_cmake_export_include_directories-extras.cmake
[106.364s] -- Installing: /home/msc-robot/Documents/Team4_ros_ws/src/High_Vis/Thermal_Images/install/image_proc/share/image_proc/cmake/ament_cmake_export_libraries-extras.cmake
[106.364s] -- Installing: /home/msc-robot/Documents/Team4_ros_ws/src/High_Vis/Thermal_Images/install/image_proc/share/image_proc/cmake/image_procConfig.cmake
[106.365s] -- Installing: /home/msc-robot/Documents/Team4_ros_ws/src/High_Vis/Thermal_Images/install/image_proc/share/image_proc/cmake/image_procConfig-version.cmake
[106.365s] -- Installing: /home/msc-robot/Documents/Team4_ros_ws/src/High_Vis/Thermal_Images/install/image_proc/share/image_proc/package.xml
[106.370s] Invoked command in '/home/msc-robot/Documents/Team4_ros_ws/src/High_Vis/Thermal_Images/build/image_proc' returned '0': AMENT_PREFIX_PATH=/home/msc-robot/Documents/Team4_ros_ws/src/High_Vis/Thermal_Images/install/tracetools_image_pipeline:${AMENT_PREFIX_PATH} CMAKE_PREFIX_PATH=/home/msc-robot/Documents/Team4_ros_ws/src/High_Vis/Thermal_Images/install/tracetools_image_pipeline:/home/msc-robot/Documents/Team4_ros_ws/src/Thermal/install/usb_cam:/home/msc-robot/Documents/Team4_ros_ws/src/Thermal/install/image_pipeline:/home/msc-robot/Documents/Team4_ros_ws/src/Thermal/install/stereo_image_proc:/home/msc-robot/Documents/Team4_ros_ws/src/Thermal/install/image_proc:/home/msc-robot/Documents/Team4_ros_ws/src/Thermal/install/tracetools_image_pipeline:/home/msc-robot/Documents/Team4_ros_ws/src/Thermal/install/image_view:/home/msc-robot/Documents/Team4_ros_ws/src/Thermal/install/image_rotate:/home/msc-robot/Documents/Team4_ros_ws/src/Thermal/install/image_publisher:/home/msc-robot/Documents/Team4_ros_ws/src/Thermal/install/depth_image_proc:/home/msc-robot/Documents/Team4_ros_ws/install/usb_cam:/home/msc-robot/Documents/Team4_ros_ws/install/image_pipeline:/home/msc-robot/Documents/Team4_ros_ws/install/stereo_image_proc:/home/msc-robot/Documents/Team4_ros_ws/install/image_proc:/home/msc-robot/Documents/Team4_ros_ws/install/tracetools_image_pipeline:/home/msc-robot/Documents/Team4_ros_ws/install/pointcloud_to_laserscan:/home/msc-robot/Documents/Team4_ros_ws/install/image_view:/home/msc-robot/Documents/Team4_ros_ws/install/image_rotate:/home/msc-robot/Documents/Team4_ros_ws/install/image_publisher:/home/msc-robot/Documents/Team4_ros_ws/install/depth_image_proc:/home/msc-robot/Documents/Team4_ros_ws/install/clearpath_simulator:/home/msc-robot/Documents/Team4_ros_ws/install/clearpath_gz:/home/msc-robot/Documents/Team4_ros_ws/install/clearpath_common:/home/msc-robot/Documents/Team4_ros_ws/install/clearpath_generator_common:/home/msc-robot/Documents/Team4_ros_ws/install/clearpath_description:/home/msc-robot/Documents/Team4_ros_ws/install/clearpath_sensors_description:/home/msc-robot/Documents/Team4_ros_ws/install/clearpath_platform:/home/msc-robot/Documents/Team4_ros_ws/install/clearpath_msgs:/home/msc-robot/Documents/Team4_ros_ws/install/clearpath_platform_msgs:/home/msc-robot/Documents/Team4_ros_ws/install/clearpath_platform_description:/home/msc-robot/Documents/Team4_ros_ws/install/clearpath_nav2:/home/msc-robot/Documents/Team4_ros_ws/install/clearpath_mounts_description:/home/msc-robot/Documents/Team4_ros_ws/install/clearpath_control:/home/msc-robot/Documents/Team4_ros_ws/src/High_Vis/Thermal_Images/install/Thermal_Image_Save:/home/msc-robot/Documents/Team4_ros_ws/src/High_Vis/post_process/install/pdf_generator:/home/msc-robot/Documents/Team4_ros_ws/src/High_Vis/post_process/install/hotspot_detection:/home/msc-robot/Documents/Team4_ros_ws/src/Thermal/install/camera_calibration:/home/msc-robot/Documents/Team4_ros_ws/src/Thermal/install/Thermal_save:/home/msc-robot/Documents/Team4_ros_ws/install/launch_robotnav:/home/msc-robot/Documents/Team4_ros_ws/install/clearpath_generator_gz:/home/msc-robot/Documents/Team4_ros_ws/install/clearpath_config:/home/msc-robot/Documents/Team4_ros_ws/install/camera_calibration:/home/msc-robot/Documents/Team4_ros_ws/install/Thermal_save:/opt/ros/humble LD_LIBRARY_PATH=/home/msc-robot/Documents/Team4_ros_ws/src/High_Vis/Thermal_Images/install/tracetools_image_pipeline/lib:${LD_LIBRARY_PATH} /usr/bin/cmake --install /home/msc-robot/Documents/Team4_ros_ws/src/High_Vis/Thermal_Images/build/image_proc
