[0.702s] Invoking command in '/home/harry/High_Vis/Thermal_Images/src/camera_pub/src/cam_topic': PYTHONPATH=/home/harry/High_Vis/Thermal_Images/src/camera_pub/build/cam_topic/prefix_override:/home/harry/High_Vis/Thermal_Images/src/camera_pub/install/cam_topic/lib/python3.10/site-packages:${PYTHONPATH} /usr/bin/python3 setup.py egg_info --egg-base ../../build/cam_topic build --build-base /home/harry/High_Vis/Thermal_Images/src/camera_pub/build/cam_topic/build install --record /home/harry/High_Vis/Thermal_Images/src/camera_pub/build/cam_topic/install.log --single-version-externally-managed
[0.912s] running egg_info
[0.913s] writing ../../build/cam_topic/cam_topic.egg-info/PKG-INFO
[0.913s] writing dependency_links to ../../build/cam_topic/cam_topic.egg-info/dependency_links.txt
[0.914s] writing entry points to ../../build/cam_topic/cam_topic.egg-info/entry_points.txt
[0.914s] writing requirements to ../../build/cam_topic/cam_topic.egg-info/requires.txt
[0.914s] writing top-level names to ../../build/cam_topic/cam_topic.egg-info/top_level.txt
[0.916s] reading manifest file '../../build/cam_topic/cam_topic.egg-info/SOURCES.txt'
[0.917s] writing manifest file '../../build/cam_topic/cam_topic.egg-info/SOURCES.txt'
[0.917s] running build
[0.917s] running build_py
[0.917s] running install
[0.918s] running install_lib
[0.919s] running install_data
[0.920s] running install_egg_info
[0.921s] removing '/home/harry/High_Vis/Thermal_Images/src/camera_pub/install/cam_topic/lib/python3.10/site-packages/cam_topic-0.0.0-py3.10.egg-info' (and everything under it)
[0.922s] Copying ../../build/cam_topic/cam_topic.egg-info to /home/harry/High_Vis/Thermal_Images/src/camera_pub/install/cam_topic/lib/python3.10/site-packages/cam_topic-0.0.0-py3.10.egg-info
[0.922s] running install_scripts
[0.940s] Installing cam_top_pub script to /home/harry/High_Vis/Thermal_Images/src/camera_pub/install/cam_topic/lib/cam_topic
[0.941s] Installing cam_top_sub script to /home/harry/High_Vis/Thermal_Images/src/camera_pub/install/cam_topic/lib/cam_topic
[0.941s] writing list of installed files to '/home/harry/High_Vis/Thermal_Images/src/camera_pub/build/cam_topic/install.log'
[0.966s] Invoked command in '/home/harry/High_Vis/Thermal_Images/src/camera_pub/src/cam_topic' returned '0': PYTHONPATH=/home/harry/High_Vis/Thermal_Images/src/camera_pub/build/cam_topic/prefix_override:/home/harry/High_Vis/Thermal_Images/src/camera_pub/install/cam_topic/lib/python3.10/site-packages:${PYTHONPATH} /usr/bin/python3 setup.py egg_info --egg-base ../../build/cam_topic build --build-base /home/harry/High_Vis/Thermal_Images/src/camera_pub/build/cam_topic/build install --record /home/harry/High_Vis/Thermal_Images/src/camera_pub/build/cam_topic/install.log --single-version-externally-managed
