[1.589s] DEBUG:colcon:Command line arguments: ['/usr/bin/colcon', 'build']
[1.590s] DEBUG:colcon:Parsed command line arguments: Namespace(log_base=None, log_level=None, verb_name='build', build_base='build', install_base='install', merge_install=False, symlink_install=False, test_result_base=None, continue_on_error=False, executor='parallel', parallel_workers=4, event_handlers=None, ignore_user_meta=False, metas=['./colcon.meta'], base_paths=['.'], packages_ignore=None, packages_ignore_regex=None, paths=None, packages_up_to=None, packages_up_to_regex=None, packages_above=None, packages_above_and_dependencies=None, packages_above_depth=None, packages_select_by_dep=None, packages_skip_by_dep=None, packages_skip_up_to=None, packages_select_build_failed=False, packages_skip_build_finished=False, packages_select_test_failures=False, packages_skip_test_passed=False, packages_select=None, packages_skip=None, packages_select_regex=None, packages_skip_regex=None, packages_start=None, packages_end=None, allow_overriding=[], cmake_args=None, cmake_target=None, cmake_target_skip_unavailable=False, cmake_clean_cache=False, cmake_clean_first=False, cmake_force_configure=False, ament_cmake_args=None, catkin_cmake_args=None, catkin_skip_building_tests=False, verb_parser=<colcon_defaults.argument_parser.defaults.DefaultArgumentsDecorator object at 0x7f52fa27dba0>, verb_extension=<colcon_core.verb.build.BuildVerb object at 0x7f52fabdd9c0>, main=<bound method BuildVerb.main of <colcon_core.verb.build.BuildVerb object at 0x7f52fabdd9c0>>)
[1.668s] Level 1:colcon.colcon_core.package_discovery:discover_packages(colcon_meta) check parameters
[1.668s] Level 1:colcon.colcon_core.package_discovery:discover_packages(recursive) check parameters
[1.668s] Level 1:colcon.colcon_core.package_discovery:discover_packages(ignore) check parameters
[1.668s] Level 1:colcon.colcon_core.package_discovery:discover_packages(path) check parameters
[1.668s] Level 1:colcon.colcon_core.package_discovery:discover_packages(colcon_meta) discover
[1.668s] Level 1:colcon.colcon_core.package_discovery:discover_packages(recursive) discover
[1.668s] INFO:colcon.colcon_core.package_discovery:Crawling recursively for packages in '/home/msc-robot/Documents/Team4_ros_ws/src/High_Vis/post_process'
[1.669s] Level 1:colcon.colcon_core.package_identification:_identify(.) by extensions ['ignore', 'ignore_ament_install']
[1.669s] Level 1:colcon.colcon_core.package_identification:_identify(.) by extension 'ignore'
[1.669s] Level 1:colcon.colcon_core.package_identification:_identify(.) by extension 'ignore_ament_install'
[1.669s] Level 1:colcon.colcon_core.package_identification:_identify(.) by extensions ['colcon_pkg']
[1.669s] Level 1:colcon.colcon_core.package_identification:_identify(.) by extension 'colcon_pkg'
[1.669s] Level 1:colcon.colcon_core.package_identification:_identify(.) by extensions ['colcon_meta']
[1.669s] Level 1:colcon.colcon_core.package_identification:_identify(.) by extension 'colcon_meta'
[1.669s] Level 1:colcon.colcon_core.package_identification:_identify(.) by extensions ['ros']
[1.669s] Level 1:colcon.colcon_core.package_identification:_identify(.) by extension 'ros'
[1.690s] Level 1:colcon.colcon_core.package_identification:_identify(.) by extensions ['cmake', 'python']
[1.690s] Level 1:colcon.colcon_core.package_identification:_identify(.) by extension 'cmake'
[1.690s] Level 1:colcon.colcon_core.package_identification:_identify(.) by extension 'python'
[1.690s] Level 1:colcon.colcon_core.package_identification:_identify(.) by extensions ['python_setup_py']
[1.690s] Level 1:colcon.colcon_core.package_identification:_identify(.) by extension 'python_setup_py'
[1.691s] Level 1:colcon.colcon_core.package_identification:_identify(Thermal_Images) by extensions ['ignore', 'ignore_ament_install']
[1.691s] Level 1:colcon.colcon_core.package_identification:_identify(Thermal_Images) by extension 'ignore'
[1.691s] Level 1:colcon.colcon_core.package_identification:_identify(Thermal_Images) by extension 'ignore_ament_install'
[1.691s] Level 1:colcon.colcon_core.package_identification:_identify(Thermal_Images) by extensions ['colcon_pkg']
[1.691s] Level 1:colcon.colcon_core.package_identification:_identify(Thermal_Images) by extension 'colcon_pkg'
[1.692s] Level 1:colcon.colcon_core.package_identification:_identify(Thermal_Images) by extensions ['colcon_meta']
[1.692s] Level 1:colcon.colcon_core.package_identification:_identify(Thermal_Images) by extension 'colcon_meta'
[1.692s] Level 1:colcon.colcon_core.package_identification:_identify(Thermal_Images) by extensions ['ros']
[1.692s] Level 1:colcon.colcon_core.package_identification:_identify(Thermal_Images) by extension 'ros'
[1.692s] Level 1:colcon.colcon_core.package_identification:_identify(Thermal_Images) by extensions ['cmake', 'python']
[1.692s] Level 1:colcon.colcon_core.package_identification:_identify(Thermal_Images) by extension 'cmake'
[1.692s] Level 1:colcon.colcon_core.package_identification:_identify(Thermal_Images) by extension 'python'
[1.692s] Level 1:colcon.colcon_core.package_identification:_identify(Thermal_Images) by extensions ['python_setup_py']
[1.692s] Level 1:colcon.colcon_core.package_identification:_identify(Thermal_Images) by extension 'python_setup_py'
[1.692s] Level 1:colcon.colcon_core.package_identification:_identify(Thermal_Images/src) by extensions ['ignore', 'ignore_ament_install']
[1.693s] Level 1:colcon.colcon_core.package_identification:_identify(Thermal_Images/src) by extension 'ignore'
[1.693s] Level 1:colcon.colcon_core.package_identification:_identify(Thermal_Images/src) by extension 'ignore_ament_install'
[1.693s] Level 1:colcon.colcon_core.package_identification:_identify(Thermal_Images/src) by extensions ['colcon_pkg']
[1.693s] Level 1:colcon.colcon_core.package_identification:_identify(Thermal_Images/src) by extension 'colcon_pkg'
[1.693s] Level 1:colcon.colcon_core.package_identification:_identify(Thermal_Images/src) by extensions ['colcon_meta']
[1.693s] Level 1:colcon.colcon_core.package_identification:_identify(Thermal_Images/src) by extension 'colcon_meta'
[1.693s] Level 1:colcon.colcon_core.package_identification:_identify(Thermal_Images/src) by extensions ['ros']
[1.693s] Level 1:colcon.colcon_core.package_identification:_identify(Thermal_Images/src) by extension 'ros'
[1.693s] Level 1:colcon.colcon_core.package_identification:_identify(Thermal_Images/src) by extensions ['cmake', 'python']
[1.693s] Level 1:colcon.colcon_core.package_identification:_identify(Thermal_Images/src) by extension 'cmake'
[1.693s] Level 1:colcon.colcon_core.package_identification:_identify(Thermal_Images/src) by extension 'python'
[1.693s] Level 1:colcon.colcon_core.package_identification:_identify(Thermal_Images/src) by extensions ['python_setup_py']
[1.693s] Level 1:colcon.colcon_core.package_identification:_identify(Thermal_Images/src) by extension 'python_setup_py'
[1.693s] Level 1:colcon.colcon_core.package_identification:_identify(build) by extensions ['ignore', 'ignore_ament_install']
[1.694s] Level 1:colcon.colcon_core.package_identification:_identify(build) by extension 'ignore'
[1.694s] Level 1:colcon.colcon_core.package_identification:_identify(build) ignored
[1.694s] Level 1:colcon.colcon_core.package_identification:_identify(install) by extensions ['ignore', 'ignore_ament_install']
[1.694s] Level 1:colcon.colcon_core.package_identification:_identify(install) by extension 'ignore'
[1.694s] Level 1:colcon.colcon_core.package_identification:_identify(install) ignored
[1.694s] Level 1:colcon.colcon_core.package_identification:_identify(log) by extensions ['ignore', 'ignore_ament_install']
[1.694s] Level 1:colcon.colcon_core.package_identification:_identify(log) by extension 'ignore'
[1.694s] Level 1:colcon.colcon_core.package_identification:_identify(log) ignored
[1.694s] Level 1:colcon.colcon_core.package_identification:_identify(src) by extensions ['ignore', 'ignore_ament_install']
[1.694s] Level 1:colcon.colcon_core.package_identification:_identify(src) by extension 'ignore'
[1.694s] Level 1:colcon.colcon_core.package_identification:_identify(src) by extension 'ignore_ament_install'
[1.695s] Level 1:colcon.colcon_core.package_identification:_identify(src) by extensions ['colcon_pkg']
[1.695s] Level 1:colcon.colcon_core.package_identification:_identify(src) by extension 'colcon_pkg'
[1.695s] Level 1:colcon.colcon_core.package_identification:_identify(src) by extensions ['colcon_meta']
[1.695s] Level 1:colcon.colcon_core.package_identification:_identify(src) by extension 'colcon_meta'
[1.695s] Level 1:colcon.colcon_core.package_identification:_identify(src) by extensions ['ros']
[1.695s] Level 1:colcon.colcon_core.package_identification:_identify(src) by extension 'ros'
[1.695s] Level 1:colcon.colcon_core.package_identification:_identify(src) by extensions ['cmake', 'python']
[1.695s] Level 1:colcon.colcon_core.package_identification:_identify(src) by extension 'cmake'
[1.695s] Level 1:colcon.colcon_core.package_identification:_identify(src) by extension 'python'
[1.695s] Level 1:colcon.colcon_core.package_identification:_identify(src) by extensions ['python_setup_py']
[1.695s] Level 1:colcon.colcon_core.package_identification:_identify(src) by extension 'python_setup_py'
[1.695s] Level 1:colcon.colcon_core.package_identification:_identify(src/hotspot_detection) by extensions ['ignore', 'ignore_ament_install']
[1.695s] Level 1:colcon.colcon_core.package_identification:_identify(src/hotspot_detection) by extension 'ignore'
[1.695s] Level 1:colcon.colcon_core.package_identification:_identify(src/hotspot_detection) by extension 'ignore_ament_install'
[1.695s] Level 1:colcon.colcon_core.package_identification:_identify(src/hotspot_detection) by extensions ['colcon_pkg']
[1.696s] Level 1:colcon.colcon_core.package_identification:_identify(src/hotspot_detection) by extension 'colcon_pkg'
[1.696s] Level 1:colcon.colcon_core.package_identification:_identify(src/hotspot_detection) by extensions ['colcon_meta']
[1.696s] Level 1:colcon.colcon_core.package_identification:_identify(src/hotspot_detection) by extension 'colcon_meta'
[1.696s] Level 1:colcon.colcon_core.package_identification:_identify(src/hotspot_detection) by extensions ['ros']
[1.696s] Level 1:colcon.colcon_core.package_identification:_identify(src/hotspot_detection) by extension 'ros'
[1.699s] DEBUG:colcon.colcon_core.package_identification:Package 'src/hotspot_detection' with type 'ros.ament_python' and name 'hotspot_detection'
[1.699s] Level 1:colcon.colcon_core.package_identification:_identify(src/pdf_generator) by extensions ['ignore', 'ignore_ament_install']
[1.699s] Level 1:colcon.colcon_core.package_identification:_identify(src/pdf_generator) by extension 'ignore'
[1.700s] Level 1:colcon.colcon_core.package_identification:_identify(src/pdf_generator) by extension 'ignore_ament_install'
[1.700s] Level 1:colcon.colcon_core.package_identification:_identify(src/pdf_generator) by extensions ['colcon_pkg']
[1.700s] Level 1:colcon.colcon_core.package_identification:_identify(src/pdf_generator) by extension 'colcon_pkg'
[1.700s] Level 1:colcon.colcon_core.package_identification:_identify(src/pdf_generator) by extensions ['colcon_meta']
[1.700s] Level 1:colcon.colcon_core.package_identification:_identify(src/pdf_generator) by extension 'colcon_meta'
[1.700s] Level 1:colcon.colcon_core.package_identification:_identify(src/pdf_generator) by extensions ['ros']
[1.700s] Level 1:colcon.colcon_core.package_identification:_identify(src/pdf_generator) by extension 'ros'
[1.701s] DEBUG:colcon.colcon_core.package_identification:Package 'src/pdf_generator' with type 'ros.ament_python' and name 'pdf_generator'
[1.701s] Level 1:colcon.colcon_core.package_discovery:discover_packages(recursive) using defaults
[1.701s] Level 1:colcon.colcon_core.package_discovery:discover_packages(ignore) discover
[1.701s] Level 1:colcon.colcon_core.package_discovery:discover_packages(ignore) using defaults
[1.701s] Level 1:colcon.colcon_core.package_discovery:discover_packages(path) discover
[1.701s] Level 1:colcon.colcon_core.package_discovery:discover_packages(path) using defaults
[1.844s] Level 1:colcon.colcon_core.package_discovery:discover_packages(prefix_path) check parameters
[1.844s] Level 1:colcon.colcon_core.package_discovery:discover_packages(prefix_path) discover
[1.893s] DEBUG:colcon.colcon_installed_package_information.package_discovery:Found 2 installed packages in /home/msc-robot/Documents/Team4_ros_ws/src/High_Vis/post_process/install
[1.915s] DEBUG:colcon.colcon_installed_package_information.package_discovery:Found 11 installed packages in /home/msc-robot/Documents/Team4_ros_ws/src/Thermal/install
[1.937s] DEBUG:colcon.colcon_installed_package_information.package_discovery:Found 28 installed packages in /home/msc-robot/Documents/Team4_ros_ws/install
[1.963s] DEBUG:colcon.colcon_installed_package_information.package_discovery:Found 373 installed packages in /opt/ros/humble
[1.978s] Level 1:colcon.colcon_core.package_discovery:discover_packages(prefix_path) using defaults
[2.135s] Level 5:colcon.colcon_core.verb:set package 'hotspot_detection' build argument 'cmake_args' from command line to 'None'
[2.135s] Level 5:colcon.colcon_core.verb:set package 'hotspot_detection' build argument 'cmake_target' from command line to 'None'
[2.135s] Level 5:colcon.colcon_core.verb:set package 'hotspot_detection' build argument 'cmake_target_skip_unavailable' from command line to 'False'
[2.135s] Level 5:colcon.colcon_core.verb:set package 'hotspot_detection' build argument 'cmake_clean_cache' from command line to 'False'
[2.135s] Level 5:colcon.colcon_core.verb:set package 'hotspot_detection' build argument 'cmake_clean_first' from command line to 'False'
[2.135s] Level 5:colcon.colcon_core.verb:set package 'hotspot_detection' build argument 'cmake_force_configure' from command line to 'False'
[2.135s] Level 5:colcon.colcon_core.verb:set package 'hotspot_detection' build argument 'ament_cmake_args' from command line to 'None'
[2.135s] Level 5:colcon.colcon_core.verb:set package 'hotspot_detection' build argument 'catkin_cmake_args' from command line to 'None'
[2.135s] Level 5:colcon.colcon_core.verb:set package 'hotspot_detection' build argument 'catkin_skip_building_tests' from command line to 'False'
[2.135s] DEBUG:colcon.colcon_core.verb:Building package 'hotspot_detection' with the following arguments: {'ament_cmake_args': None, 'build_base': '/home/msc-robot/Documents/Team4_ros_ws/src/High_Vis/post_process/build/hotspot_detection', 'catkin_cmake_args': None, 'catkin_skip_building_tests': False, 'cmake_args': None, 'cmake_clean_cache': False, 'cmake_clean_first': False, 'cmake_force_configure': False, 'cmake_target': None, 'cmake_target_skip_unavailable': False, 'install_base': '/home/msc-robot/Documents/Team4_ros_ws/src/High_Vis/post_process/install/hotspot_detection', 'merge_install': False, 'path': '/home/msc-robot/Documents/Team4_ros_ws/src/High_Vis/post_process/src/hotspot_detection', 'symlink_install': False, 'test_result_base': None}
[2.158s] Level 5:colcon.colcon_core.verb:set package 'pdf_generator' build argument 'cmake_args' from command line to 'None'
[2.158s] Level 5:colcon.colcon_core.verb:set package 'pdf_generator' build argument 'cmake_target' from command line to 'None'
[2.158s] Level 5:colcon.colcon_core.verb:set package 'pdf_generator' build argument 'cmake_target_skip_unavailable' from command line to 'False'
[2.158s] Level 5:colcon.colcon_core.verb:set package 'pdf_generator' build argument 'cmake_clean_cache' from command line to 'False'
[2.158s] Level 5:colcon.colcon_core.verb:set package 'pdf_generator' build argument 'cmake_clean_first' from command line to 'False'
[2.158s] Level 5:colcon.colcon_core.verb:set package 'pdf_generator' build argument 'cmake_force_configure' from command line to 'False'
[2.158s] Level 5:colcon.colcon_core.verb:set package 'pdf_generator' build argument 'ament_cmake_args' from command line to 'None'
[2.158s] Level 5:colcon.colcon_core.verb:set package 'pdf_generator' build argument 'catkin_cmake_args' from command line to 'None'
[2.158s] Level 5:colcon.colcon_core.verb:set package 'pdf_generator' build argument 'catkin_skip_building_tests' from command line to 'False'
[2.158s] DEBUG:colcon.colcon_core.verb:Building package 'pdf_generator' with the following arguments: {'ament_cmake_args': None, 'build_base': '/home/msc-robot/Documents/Team4_ros_ws/src/High_Vis/post_process/build/pdf_generator', 'catkin_cmake_args': None, 'catkin_skip_building_tests': False, 'cmake_args': None, 'cmake_clean_cache': False, 'cmake_clean_first': False, 'cmake_force_configure': False, 'cmake_target': None, 'cmake_target_skip_unavailable': False, 'install_base': '/home/msc-robot/Documents/Team4_ros_ws/src/High_Vis/post_process/install/pdf_generator', 'merge_install': False, 'path': '/home/msc-robot/Documents/Team4_ros_ws/src/High_Vis/post_process/src/pdf_generator', 'symlink_install': False, 'test_result_base': None}
[2.180s] INFO:colcon.colcon_core.executor:Executing jobs using 'parallel' executor
[2.202s] DEBUG:colcon.colcon_parallel_executor.executor.parallel:run_until_complete
[2.202s] INFO:colcon.colcon_ros.task.ament_python.build:Building ROS package in '/home/msc-robot/Documents/Team4_ros_ws/src/High_Vis/post_process/src/hotspot_detection' with build type 'ament_python'
[2.202s] Level 1:colcon.colcon_core.shell:create_environment_hook('hotspot_detection', 'ament_prefix_path')
[2.232s] INFO:colcon.colcon_core.plugin_system:Skipping extension 'colcon_core.shell.bat': Not used on non-Windows systems
[2.232s] INFO:colcon.colcon_core.shell:Creating environment hook '/home/msc-robot/Documents/Team4_ros_ws/src/High_Vis/post_process/install/hotspot_detection/share/hotspot_detection/hook/ament_prefix_path.ps1'
[2.234s] INFO:colcon.colcon_core.shell:Creating environment descriptor '/home/msc-robot/Documents/Team4_ros_ws/src/High_Vis/post_process/install/hotspot_detection/share/hotspot_detection/hook/ament_prefix_path.dsv'
[2.235s] INFO:colcon.colcon_core.shell:Creating environment hook '/home/msc-robot/Documents/Team4_ros_ws/src/High_Vis/post_process/install/hotspot_detection/share/hotspot_detection/hook/ament_prefix_path.sh'
[2.260s] INFO:colcon.colcon_core.shell:Skip shell extension 'powershell' for command environment: Not usable outside of PowerShell
[2.260s] DEBUG:colcon.colcon_core.shell:Skip shell extension 'dsv' for command environment
[2.381s] INFO:colcon.colcon_ros.task.ament_python.build:Building ROS package in '/home/msc-robot/Documents/Team4_ros_ws/src/High_Vis/post_process/src/pdf_generator' with build type 'ament_python'
[2.382s] Level 1:colcon.colcon_core.shell:create_environment_hook('pdf_generator', 'ament_prefix_path')
[2.409s] INFO:colcon.colcon_core.shell:Creating environment hook '/home/msc-robot/Documents/Team4_ros_ws/src/High_Vis/post_process/install/pdf_generator/share/pdf_generator/hook/ament_prefix_path.ps1'
[2.410s] INFO:colcon.colcon_core.shell:Creating environment descriptor '/home/msc-robot/Documents/Team4_ros_ws/src/High_Vis/post_process/install/pdf_generator/share/pdf_generator/hook/ament_prefix_path.dsv'
[2.411s] INFO:colcon.colcon_core.shell:Creating environment hook '/home/msc-robot/Documents/Team4_ros_ws/src/High_Vis/post_process/install/pdf_generator/share/pdf_generator/hook/ament_prefix_path.sh'
[2.440s] INFO:colcon.colcon_core.shell:Skip shell extension 'powershell' for command environment: Not usable outside of PowerShell
[2.440s] DEBUG:colcon.colcon_core.shell:Skip shell extension 'dsv' for command environment
[2.968s] INFO:colcon.colcon_core.task.python.build:Building Python package in '/home/msc-robot/Documents/Team4_ros_ws/src/High_Vis/post_process/src/hotspot_detection'
[2.990s] INFO:colcon.colcon_core.shell:Skip shell extension 'powershell' for command environment: Not usable outside of PowerShell
[2.990s] DEBUG:colcon.colcon_core.shell:Skip shell extension 'dsv' for command environment
[3.521s] INFO:colcon.colcon_core.task.python.build:Building Python package in '/home/msc-robot/Documents/Team4_ros_ws/src/High_Vis/post_process/src/pdf_generator'
[3.546s] INFO:colcon.colcon_core.shell:Skip shell extension 'powershell' for command environment: Not usable outside of PowerShell
[3.546s] DEBUG:colcon.colcon_core.shell:Skip shell extension 'dsv' for command environment
[4.435s] DEBUG:colcon.colcon_core.event_handler.log_command:Invoking command in '/home/msc-robot/Documents/Team4_ros_ws/src/High_Vis/post_process/src/pdf_generator': PYTHONPATH=/home/msc-robot/Documents/Team4_ros_ws/src/High_Vis/post_process/build/pdf_generator/prefix_override:/home/msc-robot/Documents/Team4_ros_ws/src/High_Vis/post_process/install/pdf_generator/lib/python3.10/site-packages:${PYTHONPATH} /usr/bin/python3 setup.py egg_info --egg-base ../../build/pdf_generator build --build-base /home/msc-robot/Documents/Team4_ros_ws/src/High_Vis/post_process/build/pdf_generator/build install --record /home/msc-robot/Documents/Team4_ros_ws/src/High_Vis/post_process/build/pdf_generator/install.log --single-version-externally-managed
[4.445s] DEBUG:colcon.colcon_core.event_handler.log_command:Invoking command in '/home/msc-robot/Documents/Team4_ros_ws/src/High_Vis/post_process/src/hotspot_detection': PYTHONPATH=/home/msc-robot/Documents/Team4_ros_ws/src/High_Vis/post_process/build/hotspot_detection/prefix_override:/home/msc-robot/Documents/Team4_ros_ws/src/High_Vis/post_process/install/hotspot_detection/lib/python3.10/site-packages:${PYTHONPATH} /usr/bin/python3 setup.py egg_info --egg-base ../../build/hotspot_detection build --build-base /home/msc-robot/Documents/Team4_ros_ws/src/High_Vis/post_process/build/hotspot_detection/build install --record /home/msc-robot/Documents/Team4_ros_ws/src/High_Vis/post_process/build/hotspot_detection/install.log --single-version-externally-managed
[5.066s] DEBUG:colcon.colcon_core.event_handler.log_command:Invoked command in '/home/msc-robot/Documents/Team4_ros_ws/src/High_Vis/post_process/src/pdf_generator' returned '0': PYTHONPATH=/home/msc-robot/Documents/Team4_ros_ws/src/High_Vis/post_process/build/pdf_generator/prefix_override:/home/msc-robot/Documents/Team4_ros_ws/src/High_Vis/post_process/install/pdf_generator/lib/python3.10/site-packages:${PYTHONPATH} /usr/bin/python3 setup.py egg_info --egg-base ../../build/pdf_generator build --build-base /home/msc-robot/Documents/Team4_ros_ws/src/High_Vis/post_process/build/pdf_generator/build install --record /home/msc-robot/Documents/Team4_ros_ws/src/High_Vis/post_process/build/pdf_generator/install.log --single-version-externally-managed
[5.095s] Level 1:colcon.colcon_core.environment:checking '/home/msc-robot/Documents/Team4_ros_ws/src/High_Vis/post_process/install/pdf_generator' for CMake module files
[5.096s] Level 1:colcon.colcon_core.environment:checking '/home/msc-robot/Documents/Team4_ros_ws/src/High_Vis/post_process/install/pdf_generator' for CMake config files
[5.097s] Level 1:colcon.colcon_core.environment:checking '/home/msc-robot/Documents/Team4_ros_ws/src/High_Vis/post_process/install/pdf_generator/lib'
[5.097s] Level 1:colcon.colcon_core.environment:checking '/home/msc-robot/Documents/Team4_ros_ws/src/High_Vis/post_process/install/pdf_generator/bin'
[5.097s] Level 1:colcon.colcon_core.environment:checking '/home/msc-robot/Documents/Team4_ros_ws/src/High_Vis/post_process/install/pdf_generator/lib/pkgconfig/pdf_generator.pc'
[5.097s] Level 1:colcon.colcon_core.environment:checking '/home/msc-robot/Documents/Team4_ros_ws/src/High_Vis/post_process/install/pdf_generator/lib/python3.10/site-packages'
[5.097s] Level 1:colcon.colcon_core.shell:create_environment_hook('pdf_generator', 'pythonpath')
[5.119s] INFO:colcon.colcon_core.shell:Creating environment hook '/home/msc-robot/Documents/Team4_ros_ws/src/High_Vis/post_process/install/pdf_generator/share/pdf_generator/hook/pythonpath.ps1'
[5.120s] INFO:colcon.colcon_core.shell:Creating environment descriptor '/home/msc-robot/Documents/Team4_ros_ws/src/High_Vis/post_process/install/pdf_generator/share/pdf_generator/hook/pythonpath.dsv'
[5.120s] INFO:colcon.colcon_core.shell:Creating environment hook '/home/msc-robot/Documents/Team4_ros_ws/src/High_Vis/post_process/install/pdf_generator/share/pdf_generator/hook/pythonpath.sh'
[5.121s] Level 1:colcon.colcon_core.environment:checking '/home/msc-robot/Documents/Team4_ros_ws/src/High_Vis/post_process/install/pdf_generator/bin'
[5.121s] Level 1:colcon.colcon_core.environment:create_environment_scripts_only(pdf_generator)
[5.153s] INFO:colcon.colcon_core.shell:Creating package script '/home/msc-robot/Documents/Team4_ros_ws/src/High_Vis/post_process/install/pdf_generator/share/pdf_generator/package.ps1'
[5.154s] INFO:colcon.colcon_core.shell:Creating package descriptor '/home/msc-robot/Documents/Team4_ros_ws/src/High_Vis/post_process/install/pdf_generator/share/pdf_generator/package.dsv'
[5.155s] INFO:colcon.colcon_core.shell:Creating package script '/home/msc-robot/Documents/Team4_ros_ws/src/High_Vis/post_process/install/pdf_generator/share/pdf_generator/package.sh'
[5.156s] INFO:colcon.colcon_core.shell:Creating package script '/home/msc-robot/Documents/Team4_ros_ws/src/High_Vis/post_process/install/pdf_generator/share/pdf_generator/package.bash'
[5.157s] INFO:colcon.colcon_core.shell:Creating package script '/home/msc-robot/Documents/Team4_ros_ws/src/High_Vis/post_process/install/pdf_generator/share/pdf_generator/package.zsh'
[5.157s] Level 1:colcon.colcon_core.environment:create_file_with_runtime_dependencies(/home/msc-robot/Documents/Team4_ros_ws/src/High_Vis/post_process/install/pdf_generator/share/colcon-core/packages/pdf_generator)
[5.160s] DEBUG:colcon.colcon_core.event_handler.log_command:Invoked command in '/home/msc-robot/Documents/Team4_ros_ws/src/High_Vis/post_process/src/hotspot_detection' returned '0': PYTHONPATH=/home/msc-robot/Documents/Team4_ros_ws/src/High_Vis/post_process/build/hotspot_detection/prefix_override:/home/msc-robot/Documents/Team4_ros_ws/src/High_Vis/post_process/install/hotspot_detection/lib/python3.10/site-packages:${PYTHONPATH} /usr/bin/python3 setup.py egg_info --egg-base ../../build/hotspot_detection build --build-base /home/msc-robot/Documents/Team4_ros_ws/src/High_Vis/post_process/build/hotspot_detection/build install --record /home/msc-robot/Documents/Team4_ros_ws/src/High_Vis/post_process/build/hotspot_detection/install.log --single-version-externally-managed
[5.185s] Level 1:colcon.colcon_core.environment:checking '/home/msc-robot/Documents/Team4_ros_ws/src/High_Vis/post_process/install/hotspot_detection' for CMake module files
[5.185s] Level 1:colcon.colcon_core.environment:checking '/home/msc-robot/Documents/Team4_ros_ws/src/High_Vis/post_process/install/hotspot_detection' for CMake config files
[5.186s] Level 1:colcon.colcon_core.environment:checking '/home/msc-robot/Documents/Team4_ros_ws/src/High_Vis/post_process/install/hotspot_detection/lib'
[5.186s] Level 1:colcon.colcon_core.environment:checking '/home/msc-robot/Documents/Team4_ros_ws/src/High_Vis/post_process/install/hotspot_detection/bin'
[5.186s] Level 1:colcon.colcon_core.environment:checking '/home/msc-robot/Documents/Team4_ros_ws/src/High_Vis/post_process/install/hotspot_detection/lib/pkgconfig/hotspot_detection.pc'
[5.186s] Level 1:colcon.colcon_core.environment:checking '/home/msc-robot/Documents/Team4_ros_ws/src/High_Vis/post_process/install/hotspot_detection/lib/python3.10/site-packages'
[5.186s] Level 1:colcon.colcon_core.shell:create_environment_hook('hotspot_detection', 'pythonpath')
[5.214s] INFO:colcon.colcon_core.shell:Creating environment hook '/home/msc-robot/Documents/Team4_ros_ws/src/High_Vis/post_process/install/hotspot_detection/share/hotspot_detection/hook/pythonpath.ps1'
[5.215s] INFO:colcon.colcon_core.shell:Creating environment descriptor '/home/msc-robot/Documents/Team4_ros_ws/src/High_Vis/post_process/install/hotspot_detection/share/hotspot_detection/hook/pythonpath.dsv'
[5.216s] INFO:colcon.colcon_core.shell:Creating environment hook '/home/msc-robot/Documents/Team4_ros_ws/src/High_Vis/post_process/install/hotspot_detection/share/hotspot_detection/hook/pythonpath.sh'
[5.217s] Level 1:colcon.colcon_core.environment:checking '/home/msc-robot/Documents/Team4_ros_ws/src/High_Vis/post_process/install/hotspot_detection/bin'
[5.217s] Level 1:colcon.colcon_core.environment:create_environment_scripts_only(hotspot_detection)
[5.246s] INFO:colcon.colcon_core.shell:Creating package script '/home/msc-robot/Documents/Team4_ros_ws/src/High_Vis/post_process/install/hotspot_detection/share/hotspot_detection/package.ps1'
[5.247s] INFO:colcon.colcon_core.shell:Creating package descriptor '/home/msc-robot/Documents/Team4_ros_ws/src/High_Vis/post_process/install/hotspot_detection/share/hotspot_detection/package.dsv'
[5.248s] INFO:colcon.colcon_core.shell:Creating package script '/home/msc-robot/Documents/Team4_ros_ws/src/High_Vis/post_process/install/hotspot_detection/share/hotspot_detection/package.sh'
[5.249s] INFO:colcon.colcon_core.shell:Creating package script '/home/msc-robot/Documents/Team4_ros_ws/src/High_Vis/post_process/install/hotspot_detection/share/hotspot_detection/package.bash'
[5.250s] INFO:colcon.colcon_core.shell:Creating package script '/home/msc-robot/Documents/Team4_ros_ws/src/High_Vis/post_process/install/hotspot_detection/share/hotspot_detection/package.zsh'
[5.250s] Level 1:colcon.colcon_core.environment:create_file_with_runtime_dependencies(/home/msc-robot/Documents/Team4_ros_ws/src/High_Vis/post_process/install/hotspot_detection/share/colcon-core/packages/hotspot_detection)
[5.251s] DEBUG:colcon.colcon_parallel_executor.executor.parallel:closing loop
[5.251s] DEBUG:colcon.colcon_parallel_executor.executor.parallel:loop closed
[5.251s] DEBUG:colcon.colcon_parallel_executor.executor.parallel:run_until_complete finished with '0'
[5.251s] DEBUG:colcon.colcon_core.event_reactor:joining thread
[5.288s] INFO:colcon.colcon_core.plugin_system:Skipping extension 'colcon_notification.desktop_notification.terminal_notifier': Not used on non-Darwin systems
[5.288s] INFO:colcon.colcon_core.plugin_system:Skipping extension 'colcon_notification.desktop_notification.win32': Not used on non-Windows systems
[5.288s] INFO:colcon.colcon_notification.desktop_notification:Sending desktop notification using 'notify2'
[5.306s] DEBUG:colcon.colcon_core.event_reactor:joined thread
[5.338s] INFO:colcon.colcon_core.shell:Creating prefix script '/home/msc-robot/Documents/Team4_ros_ws/src/High_Vis/post_process/install/local_setup.ps1'
[5.339s] INFO:colcon.colcon_core.shell:Creating prefix util module '/home/msc-robot/Documents/Team4_ros_ws/src/High_Vis/post_process/install/_local_setup_util_ps1.py'
[5.340s] INFO:colcon.colcon_core.shell:Creating prefix chain script '/home/msc-robot/Documents/Team4_ros_ws/src/High_Vis/post_process/install/setup.ps1'
[5.367s] INFO:colcon.colcon_core.shell:Creating prefix script '/home/msc-robot/Documents/Team4_ros_ws/src/High_Vis/post_process/install/local_setup.sh'
[5.368s] INFO:colcon.colcon_core.shell:Creating prefix util module '/home/msc-robot/Documents/Team4_ros_ws/src/High_Vis/post_process/install/_local_setup_util_sh.py'
[5.369s] INFO:colcon.colcon_core.shell:Creating prefix chain script '/home/msc-robot/Documents/Team4_ros_ws/src/High_Vis/post_process/install/setup.sh'
[5.397s] INFO:colcon.colcon_core.shell:Creating prefix script '/home/msc-robot/Documents/Team4_ros_ws/src/High_Vis/post_process/install/local_setup.bash'
[5.398s] INFO:colcon.colcon_core.shell:Creating prefix chain script '/home/msc-robot/Documents/Team4_ros_ws/src/High_Vis/post_process/install/setup.bash'
[5.430s] INFO:colcon.colcon_core.shell:Creating prefix script '/home/msc-robot/Documents/Team4_ros_ws/src/High_Vis/post_process/install/local_setup.zsh'
[5.430s] INFO:colcon.colcon_core.shell:Creating prefix chain script '/home/msc-robot/Documents/Team4_ros_ws/src/High_Vis/post_process/install/setup.zsh'
