[0.452s] Invoking command in '/home/harry/High_Vis/Thermal_Images/build/usb_cam': CMAKE_PREFIX_PATH=/home/harry/High_Vis/post_process/install/pdf_generator:/home/harry/High_Vis/post_process/install/hotspot_detection:/opt/ros/humble /usr/bin/cmake --build /home/harry/High_Vis/Thermal_Images/build/usb_cam -- -j8 -l8
[0.518s] [ 14%] Built target gtest_main
[0.519s] [ 28%] Built target gtest
[0.521s] [ 42%] Built target usb_cam
[0.525s] [ 57%] Built target usb_cam_node_exe
[0.549s] [ 71%] Built target test_usb_cam_utils
[0.551s] [ 85%] Built target test_pixel_formats
[0.556s] [100%] Built target usb_cam_node
[0.568s] Invoked command in '/home/harry/High_Vis/Thermal_Images/build/usb_cam' returned '0': CMAKE_PREFIX_PATH=/home/harry/High_Vis/post_process/install/pdf_generator:/home/harry/High_Vis/post_process/install/hotspot_detection:/opt/ros/humble /usr/bin/cmake --build /home/harry/High_Vis/Thermal_Images/build/usb_cam -- -j8 -l8
[0.616s] Invoking command in '/home/harry/High_Vis/Thermal_Images/build/usb_cam': CMAKE_PREFIX_PATH=/home/harry/High_Vis/post_process/install/pdf_generator:/home/harry/High_Vis/post_process/install/hotspot_detection:/opt/ros/humble /usr/bin/cmake --install /home/harry/High_Vis/Thermal_Images/build/usb_cam
[0.624s] -- Install configuration: ""
[0.626s] -- Up-to-date: /home/harry/High_Vis/Thermal_Images/install/usb_cam/share/usb_cam/environment/library_path.sh
[0.627s] -- Up-to-date: /home/harry/High_Vis/Thermal_Images/install/usb_cam/share/usb_cam/environment/library_path.dsv
[0.629s] -- Up-to-date: /home/harry/High_Vis/Thermal_Images/install/usb_cam/lib/usb_cam/usb_cam_node_exe
[0.630s] -- Up-to-date: /home/harry/High_Vis/Thermal_Images/install/usb_cam/lib/usb_cam/show_image.py
[0.631s] -- Up-to-date: /home/harry/High_Vis/Thermal_Images/install/usb_cam/lib/libusb_cam.so
[0.633s] -- Up-to-date: /home/harry/High_Vis/Thermal_Images/install/usb_cam/lib/libusb_cam_node.so
[0.634s] -- Up-to-date: /home/harry/High_Vis/Thermal_Images/install/usb_cam/include
[0.634s] -- Up-to-date: /home/harry/High_Vis/Thermal_Images/install/usb_cam/include/usb_cam
[0.635s] -- Up-to-date: /home/harry/High_Vis/Thermal_Images/install/usb_cam/include/usb_cam/constants.hpp
[0.635s] -- Up-to-date: /home/harry/High_Vis/Thermal_Images/install/usb_cam/include/usb_cam/conversions.hpp
[0.635s] -- Up-to-date: /home/harry/High_Vis/Thermal_Images/install/usb_cam/include/usb_cam/formats
[0.636s] -- Up-to-date: /home/harry/High_Vis/Thermal_Images/install/usb_cam/include/usb_cam/formats/rgb.hpp
[0.636s] -- Up-to-date: /home/harry/High_Vis/Thermal_Images/install/usb_cam/include/usb_cam/formats/yuyv.hpp
[0.636s] -- Up-to-date: /home/harry/High_Vis/Thermal_Images/install/usb_cam/include/usb_cam/formats/m420.hpp
[0.637s] -- Up-to-date: /home/harry/High_Vis/Thermal_Images/install/usb_cam/include/usb_cam/formats/pixel_format_base.hpp
[0.637s] -- Up-to-date: /home/harry/High_Vis/Thermal_Images/install/usb_cam/include/usb_cam/formats/mjpeg.hpp
[0.637s] -- Up-to-date: /home/harry/High_Vis/Thermal_Images/install/usb_cam/include/usb_cam/formats/uyvy.hpp
[0.638s] -- Up-to-date: /home/harry/High_Vis/Thermal_Images/install/usb_cam/include/usb_cam/formats/utils.hpp
[0.638s] -- Up-to-date: /home/harry/High_Vis/Thermal_Images/install/usb_cam/include/usb_cam/formats/mono.hpp
[0.638s] -- Up-to-date: /home/harry/High_Vis/Thermal_Images/install/usb_cam/include/usb_cam/formats/av_pixel_format_helper.hpp
[0.638s] -- Up-to-date: /home/harry/High_Vis/Thermal_Images/install/usb_cam/include/usb_cam/usb_cam_node.hpp
[0.639s] -- Up-to-date: /home/harry/High_Vis/Thermal_Images/install/usb_cam/include/usb_cam/utils.hpp
[0.639s] -- Up-to-date: /home/harry/High_Vis/Thermal_Images/install/usb_cam/include/usb_cam/usb_cam.hpp
[0.639s] -- Up-to-date: /home/harry/High_Vis/Thermal_Images/install/usb_cam/lib/libusb_cam_node.so
[0.639s] -- Up-to-date: /home/harry/High_Vis/Thermal_Images/install/usb_cam/share/usb_cam/launch
[0.640s] -- Up-to-date: /home/harry/High_Vis/Thermal_Images/install/usb_cam/share/usb_cam/launch/camera.launch.py
[0.640s] -- Up-to-date: /home/harry/High_Vis/Thermal_Images/install/usb_cam/share/usb_cam/launch/camera_config.py
[0.640s] -- Up-to-date: /home/harry/High_Vis/Thermal_Images/install/usb_cam/share/usb_cam/launch/__init__.py
[0.640s] -- Up-to-date: /home/harry/High_Vis/Thermal_Images/install/usb_cam/share/usb_cam/config
[0.640s] -- Up-to-date: /home/harry/High_Vis/Thermal_Images/install/usb_cam/share/usb_cam/config/camera_info.yaml
[0.641s] -- Up-to-date: /home/harry/High_Vis/Thermal_Images/install/usb_cam/share/usb_cam/config/params_1.yaml
[0.641s] -- Up-to-date: /home/harry/High_Vis/Thermal_Images/install/usb_cam/share/usb_cam/config/params_2.yaml
[0.641s] -- Up-to-date: /home/harry/High_Vis/Thermal_Images/install/usb_cam/share/ament_index/resource_index/package_run_dependencies/usb_cam
[0.641s] -- Up-to-date: /home/harry/High_Vis/Thermal_Images/install/usb_cam/share/ament_index/resource_index/parent_prefix_path/usb_cam
[0.641s] -- Up-to-date: /home/harry/High_Vis/Thermal_Images/install/usb_cam/share/usb_cam/environment/ament_prefix_path.sh
[0.642s] -- Up-to-date: /home/harry/High_Vis/Thermal_Images/install/usb_cam/share/usb_cam/environment/ament_prefix_path.dsv
[0.642s] -- Up-to-date: /home/harry/High_Vis/Thermal_Images/install/usb_cam/share/usb_cam/environment/path.sh
[0.642s] -- Up-to-date: /home/harry/High_Vis/Thermal_Images/install/usb_cam/share/usb_cam/environment/path.dsv
[0.643s] -- Up-to-date: /home/harry/High_Vis/Thermal_Images/install/usb_cam/share/usb_cam/local_setup.bash
[0.643s] -- Up-to-date: /home/harry/High_Vis/Thermal_Images/install/usb_cam/share/usb_cam/local_setup.sh
[0.643s] -- Up-to-date: /home/harry/High_Vis/Thermal_Images/install/usb_cam/share/usb_cam/local_setup.zsh
[0.643s] -- Up-to-date: /home/harry/High_Vis/Thermal_Images/install/usb_cam/share/usb_cam/local_setup.dsv
[0.643s] -- Installing: /home/harry/High_Vis/Thermal_Images/install/usb_cam/share/usb_cam/package.dsv
[0.643s] -- Up-to-date: /home/harry/High_Vis/Thermal_Images/install/usb_cam/share/ament_index/resource_index/packages/usb_cam
[0.643s] -- Up-to-date: /home/harry/High_Vis/Thermal_Images/install/usb_cam/share/ament_index/resource_index/rclcpp_components/usb_cam
[0.643s] -- Up-to-date: /home/harry/High_Vis/Thermal_Images/install/usb_cam/share/usb_cam/cmake/ament_cmake_export_libraries-extras.cmake
[0.644s] -- Up-to-date: /home/harry/High_Vis/Thermal_Images/install/usb_cam/share/usb_cam/cmake/ament_cmake_export_dependencies-extras.cmake
[0.644s] -- Up-to-date: /home/harry/High_Vis/Thermal_Images/install/usb_cam/share/usb_cam/cmake/ament_cmake_export_include_directories-extras.cmake
[0.644s] -- Up-to-date: /home/harry/High_Vis/Thermal_Images/install/usb_cam/share/usb_cam/cmake/usb_camConfig.cmake
[0.644s] -- Up-to-date: /home/harry/High_Vis/Thermal_Images/install/usb_cam/share/usb_cam/cmake/usb_camConfig-version.cmake
[0.644s] -- Up-to-date: /home/harry/High_Vis/Thermal_Images/install/usb_cam/share/usb_cam/package.xml
[0.646s] Invoked command in '/home/harry/High_Vis/Thermal_Images/build/usb_cam' returned '0': CMAKE_PREFIX_PATH=/home/harry/High_Vis/post_process/install/pdf_generator:/home/harry/High_Vis/post_process/install/hotspot_detection:/opt/ros/humble /usr/bin/cmake --install /home/harry/High_Vis/Thermal_Images/build/usb_cam
