[0.924s] DEBUG:colcon:Command line arguments: ['/usr/bin/colcon', 'build', '--symlink-install']
[0.924s] DEBUG:colcon:Parsed command line arguments: Namespace(log_base=None, log_level=None, verb_name='build', build_base='build', install_base='install', merge_install=False, symlink_install=True, test_result_base=None, continue_on_error=False, executor='parallel', parallel_workers=8, event_handlers=None, ignore_user_meta=False, metas=['./colcon.meta'], base_paths=['.'], packages_ignore=None, packages_ignore_regex=None, paths=None, packages_up_to=None, packages_up_to_regex=None, packages_above=None, packages_above_and_dependencies=None, packages_above_depth=None, packages_select_by_dep=None, packages_skip_by_dep=None, packages_skip_up_to=None, packages_select_build_failed=False, packages_skip_build_finished=False, packages_select_test_failures=False, packages_skip_test_passed=False, packages_select=None, packages_skip=None, packages_select_regex=None, packages_skip_regex=None, packages_start=None, packages_end=None, allow_overriding=[], cmake_args=None, cmake_target=None, cmake_target_skip_unavailable=False, cmake_clean_cache=False, cmake_clean_first=False, cmake_force_configure=False, ament_cmake_args=None, catkin_cmake_args=None, catkin_skip_building_tests=False, verb_parser=<colcon_defaults.argument_parser.defaults.DefaultArgumentsDecorator object at 0x7f525b823250>, verb_extension=<colcon_core.verb.build.BuildVerb object at 0x7f525baa0490>, main=<bound method BuildVerb.main of <colcon_core.verb.build.BuildVerb object at 0x7f525baa0490>>)
[0.962s] Level 1:colcon.colcon_core.package_discovery:discover_packages(colcon_meta) check parameters
[0.963s] Level 1:colcon.colcon_core.package_discovery:discover_packages(recursive) check parameters
[0.963s] Level 1:colcon.colcon_core.package_discovery:discover_packages(ignore) check parameters
[0.963s] Level 1:colcon.colcon_core.package_discovery:discover_packages(path) check parameters
[0.963s] Level 1:colcon.colcon_core.package_discovery:discover_packages(colcon_meta) discover
[0.963s] Level 1:colcon.colcon_core.package_discovery:discover_packages(recursive) discover
[0.963s] INFO:colcon.colcon_core.package_discovery:Crawling recursively for packages in '/home/harry/High_Vis/post_process'
[0.963s] Level 1:colcon.colcon_core.package_identification:_identify(.) by extensions ['ignore', 'ignore_ament_install']
[0.963s] Level 1:colcon.colcon_core.package_identification:_identify(.) by extension 'ignore'
[0.963s] Level 1:colcon.colcon_core.package_identification:_identify(.) by extension 'ignore_ament_install'
[0.963s] Level 1:colcon.colcon_core.package_identification:_identify(.) by extensions ['colcon_pkg']
[0.963s] Level 1:colcon.colcon_core.package_identification:_identify(.) by extension 'colcon_pkg'
[0.963s] Level 1:colcon.colcon_core.package_identification:_identify(.) by extensions ['colcon_meta']
[0.963s] Level 1:colcon.colcon_core.package_identification:_identify(.) by extension 'colcon_meta'
[0.963s] Level 1:colcon.colcon_core.package_identification:_identify(.) by extensions ['ros']
[0.963s] Level 1:colcon.colcon_core.package_identification:_identify(.) by extension 'ros'
[0.973s] Level 1:colcon.colcon_core.package_identification:_identify(.) by extensions ['cmake', 'python']
[0.973s] Level 1:colcon.colcon_core.package_identification:_identify(.) by extension 'cmake'
[0.973s] Level 1:colcon.colcon_core.package_identification:_identify(.) by extension 'python'
[0.973s] Level 1:colcon.colcon_core.package_identification:_identify(.) by extensions ['python_setup_py']
[0.973s] Level 1:colcon.colcon_core.package_identification:_identify(.) by extension 'python_setup_py'
[0.973s] Level 1:colcon.colcon_core.package_identification:_identify(build) by extensions ['ignore', 'ignore_ament_install']
[0.973s] Level 1:colcon.colcon_core.package_identification:_identify(build) by extension 'ignore'
[0.973s] Level 1:colcon.colcon_core.package_identification:_identify(build) ignored
[0.974s] Level 1:colcon.colcon_core.package_identification:_identify(install) by extensions ['ignore', 'ignore_ament_install']
[0.974s] Level 1:colcon.colcon_core.package_identification:_identify(install) by extension 'ignore'
[0.974s] Level 1:colcon.colcon_core.package_identification:_identify(install) ignored
[0.974s] Level 1:colcon.colcon_core.package_identification:_identify(log) by extensions ['ignore', 'ignore_ament_install']
[0.974s] Level 1:colcon.colcon_core.package_identification:_identify(log) by extension 'ignore'
[0.974s] Level 1:colcon.colcon_core.package_identification:_identify(log) ignored
[0.974s] Level 1:colcon.colcon_core.package_identification:_identify(src) by extensions ['ignore', 'ignore_ament_install']
[0.974s] Level 1:colcon.colcon_core.package_identification:_identify(src) by extension 'ignore'
[0.974s] Level 1:colcon.colcon_core.package_identification:_identify(src) by extension 'ignore_ament_install'
[0.974s] Level 1:colcon.colcon_core.package_identification:_identify(src) by extensions ['colcon_pkg']
[0.974s] Level 1:colcon.colcon_core.package_identification:_identify(src) by extension 'colcon_pkg'
[0.974s] Level 1:colcon.colcon_core.package_identification:_identify(src) by extensions ['colcon_meta']
[0.974s] Level 1:colcon.colcon_core.package_identification:_identify(src) by extension 'colcon_meta'
[0.974s] Level 1:colcon.colcon_core.package_identification:_identify(src) by extensions ['ros']
[0.974s] Level 1:colcon.colcon_core.package_identification:_identify(src) by extension 'ros'
[0.974s] Level 1:colcon.colcon_core.package_identification:_identify(src) by extensions ['cmake', 'python']
[0.974s] Level 1:colcon.colcon_core.package_identification:_identify(src) by extension 'cmake'
[0.974s] Level 1:colcon.colcon_core.package_identification:_identify(src) by extension 'python'
[0.974s] Level 1:colcon.colcon_core.package_identification:_identify(src) by extensions ['python_setup_py']
[0.974s] Level 1:colcon.colcon_core.package_identification:_identify(src) by extension 'python_setup_py'
[0.974s] Level 1:colcon.colcon_core.package_identification:_identify(src/hotspot_detection) by extensions ['ignore', 'ignore_ament_install']
[0.975s] Level 1:colcon.colcon_core.package_identification:_identify(src/hotspot_detection) by extension 'ignore'
[0.975s] Level 1:colcon.colcon_core.package_identification:_identify(src/hotspot_detection) by extension 'ignore_ament_install'
[0.975s] Level 1:colcon.colcon_core.package_identification:_identify(src/hotspot_detection) by extensions ['colcon_pkg']
[0.975s] Level 1:colcon.colcon_core.package_identification:_identify(src/hotspot_detection) by extension 'colcon_pkg'
[0.975s] Level 1:colcon.colcon_core.package_identification:_identify(src/hotspot_detection) by extensions ['colcon_meta']
[0.975s] Level 1:colcon.colcon_core.package_identification:_identify(src/hotspot_detection) by extension 'colcon_meta'
[0.975s] Level 1:colcon.colcon_core.package_identification:_identify(src/hotspot_detection) by extensions ['ros']
[0.975s] Level 1:colcon.colcon_core.package_identification:_identify(src/hotspot_detection) by extension 'ros'
[0.977s] DEBUG:colcon.colcon_core.package_identification:Package 'src/hotspot_detection' with type 'ros.ament_python' and name 'hotspot_detection'
[0.977s] Level 1:colcon.colcon_core.package_identification:_identify(src/pdf_generator) by extensions ['ignore', 'ignore_ament_install']
[0.977s] Level 1:colcon.colcon_core.package_identification:_identify(src/pdf_generator) by extension 'ignore'
[0.977s] Level 1:colcon.colcon_core.package_identification:_identify(src/pdf_generator) by extension 'ignore_ament_install'
[0.977s] Level 1:colcon.colcon_core.package_identification:_identify(src/pdf_generator) by extensions ['colcon_pkg']
[0.977s] Level 1:colcon.colcon_core.package_identification:_identify(src/pdf_generator) by extension 'colcon_pkg'
[0.977s] Level 1:colcon.colcon_core.package_identification:_identify(src/pdf_generator) by extensions ['colcon_meta']
[0.977s] Level 1:colcon.colcon_core.package_identification:_identify(src/pdf_generator) by extension 'colcon_meta'
[0.977s] Level 1:colcon.colcon_core.package_identification:_identify(src/pdf_generator) by extensions ['ros']
[0.977s] Level 1:colcon.colcon_core.package_identification:_identify(src/pdf_generator) by extension 'ros'
[0.978s] DEBUG:colcon.colcon_core.package_identification:Package 'src/pdf_generator' with type 'ros.ament_python' and name 'pdf_generator'
[0.978s] Level 1:colcon.colcon_core.package_discovery:discover_packages(recursive) using defaults
[0.978s] Level 1:colcon.colcon_core.package_discovery:discover_packages(ignore) discover
[0.978s] Level 1:colcon.colcon_core.package_discovery:discover_packages(ignore) using defaults
[0.978s] Level 1:colcon.colcon_core.package_discovery:discover_packages(path) discover
[0.978s] Level 1:colcon.colcon_core.package_discovery:discover_packages(path) using defaults
[1.052s] Level 1:colcon.colcon_core.package_discovery:discover_packages(prefix_path) check parameters
[1.052s] Level 1:colcon.colcon_core.package_discovery:discover_packages(prefix_path) discover
[1.075s] DEBUG:colcon.colcon_installed_package_information.package_discovery:Found 2 installed packages in /home/harry/High_Vis/post_process/install
[1.086s] DEBUG:colcon.colcon_installed_package_information.package_discovery:Found 1 installed packages in /home/harry/High_Vis/Thermal_Images/src/camera_pub/install
[1.098s] DEBUG:colcon.colcon_installed_package_information.package_discovery:Found 376 installed packages in /opt/ros/humble
[1.100s] Level 1:colcon.colcon_core.package_discovery:discover_packages(prefix_path) using defaults
[1.194s] Level 5:colcon.colcon_core.verb:set package 'hotspot_detection' build argument 'cmake_args' from command line to 'None'
[1.194s] Level 5:colcon.colcon_core.verb:set package 'hotspot_detection' build argument 'cmake_target' from command line to 'None'
[1.194s] Level 5:colcon.colcon_core.verb:set package 'hotspot_detection' build argument 'cmake_target_skip_unavailable' from command line to 'False'
[1.194s] Level 5:colcon.colcon_core.verb:set package 'hotspot_detection' build argument 'cmake_clean_cache' from command line to 'False'
[1.194s] Level 5:colcon.colcon_core.verb:set package 'hotspot_detection' build argument 'cmake_clean_first' from command line to 'False'
[1.195s] Level 5:colcon.colcon_core.verb:set package 'hotspot_detection' build argument 'cmake_force_configure' from command line to 'False'
[1.195s] Level 5:colcon.colcon_core.verb:set package 'hotspot_detection' build argument 'ament_cmake_args' from command line to 'None'
[1.195s] Level 5:colcon.colcon_core.verb:set package 'hotspot_detection' build argument 'catkin_cmake_args' from command line to 'None'
[1.195s] Level 5:colcon.colcon_core.verb:set package 'hotspot_detection' build argument 'catkin_skip_building_tests' from command line to 'False'
[1.195s] DEBUG:colcon.colcon_core.verb:Building package 'hotspot_detection' with the following arguments: {'ament_cmake_args': None, 'build_base': '/home/harry/High_Vis/post_process/build/hotspot_detection', 'catkin_cmake_args': None, 'catkin_skip_building_tests': False, 'cmake_args': None, 'cmake_clean_cache': False, 'cmake_clean_first': False, 'cmake_force_configure': False, 'cmake_target': None, 'cmake_target_skip_unavailable': False, 'install_base': '/home/harry/High_Vis/post_process/install/hotspot_detection', 'merge_install': False, 'path': '/home/harry/High_Vis/post_process/src/hotspot_detection', 'symlink_install': True, 'test_result_base': None}
[1.206s] Level 5:colcon.colcon_core.verb:set package 'pdf_generator' build argument 'cmake_args' from command line to 'None'
[1.206s] Level 5:colcon.colcon_core.verb:set package 'pdf_generator' build argument 'cmake_target' from command line to 'None'
[1.206s] Level 5:colcon.colcon_core.verb:set package 'pdf_generator' build argument 'cmake_target_skip_unavailable' from command line to 'False'
[1.206s] Level 5:colcon.colcon_core.verb:set package 'pdf_generator' build argument 'cmake_clean_cache' from command line to 'False'
[1.206s] Level 5:colcon.colcon_core.verb:set package 'pdf_generator' build argument 'cmake_clean_first' from command line to 'False'
[1.206s] Level 5:colcon.colcon_core.verb:set package 'pdf_generator' build argument 'cmake_force_configure' from command line to 'False'
[1.206s] Level 5:colcon.colcon_core.verb:set package 'pdf_generator' build argument 'ament_cmake_args' from command line to 'None'
[1.206s] Level 5:colcon.colcon_core.verb:set package 'pdf_generator' build argument 'catkin_cmake_args' from command line to 'None'
[1.206s] Level 5:colcon.colcon_core.verb:set package 'pdf_generator' build argument 'catkin_skip_building_tests' from command line to 'False'
[1.206s] DEBUG:colcon.colcon_core.verb:Building package 'pdf_generator' with the following arguments: {'ament_cmake_args': None, 'build_base': '/home/harry/High_Vis/post_process/build/pdf_generator', 'catkin_cmake_args': None, 'catkin_skip_building_tests': False, 'cmake_args': None, 'cmake_clean_cache': False, 'cmake_clean_first': False, 'cmake_force_configure': False, 'cmake_target': None, 'cmake_target_skip_unavailable': False, 'install_base': '/home/harry/High_Vis/post_process/install/pdf_generator', 'merge_install': False, 'path': '/home/harry/High_Vis/post_process/src/pdf_generator', 'symlink_install': True, 'test_result_base': None}
[1.218s] INFO:colcon.colcon_core.executor:Executing jobs using 'parallel' executor
[1.233s] DEBUG:colcon.colcon_parallel_executor.executor.parallel:run_until_complete
[1.233s] INFO:colcon.colcon_ros.task.ament_python.build:Building ROS package in '/home/harry/High_Vis/post_process/src/hotspot_detection' with build type 'ament_python'
[1.233s] Level 1:colcon.colcon_core.shell:create_environment_hook('hotspot_detection', 'ament_prefix_path')
[1.252s] INFO:colcon.colcon_core.plugin_system:Skipping extension 'colcon_core.shell.bat': Not used on non-Windows systems
[1.252s] INFO:colcon.colcon_core.shell:Creating environment hook '/home/harry/High_Vis/post_process/install/hotspot_detection/share/hotspot_detection/hook/ament_prefix_path.ps1'
[1.252s] INFO:colcon.colcon_core.shell:Creating environment descriptor '/home/harry/High_Vis/post_process/install/hotspot_detection/share/hotspot_detection/hook/ament_prefix_path.dsv'
[1.253s] INFO:colcon.colcon_core.shell:Creating environment hook '/home/harry/High_Vis/post_process/install/hotspot_detection/share/hotspot_detection/hook/ament_prefix_path.sh'
[1.267s] INFO:colcon.colcon_core.shell:Skip shell extension 'powershell' for command environment: Not usable outside of PowerShell
[1.267s] DEBUG:colcon.colcon_core.shell:Skip shell extension 'dsv' for command environment
[1.318s] INFO:colcon.colcon_ros.task.ament_python.build:Building ROS package in '/home/harry/High_Vis/post_process/src/pdf_generator' with build type 'ament_python'
[1.318s] Level 1:colcon.colcon_core.shell:create_environment_hook('pdf_generator', 'ament_prefix_path')
[1.335s] INFO:colcon.colcon_core.shell:Creating environment hook '/home/harry/High_Vis/post_process/install/pdf_generator/share/pdf_generator/hook/ament_prefix_path.ps1'
[1.336s] INFO:colcon.colcon_core.shell:Creating environment descriptor '/home/harry/High_Vis/post_process/install/pdf_generator/share/pdf_generator/hook/ament_prefix_path.dsv'
[1.336s] INFO:colcon.colcon_core.shell:Creating environment hook '/home/harry/High_Vis/post_process/install/pdf_generator/share/pdf_generator/hook/ament_prefix_path.sh'
[1.348s] INFO:colcon.colcon_core.shell:Skip shell extension 'powershell' for command environment: Not usable outside of PowerShell
[1.349s] DEBUG:colcon.colcon_core.shell:Skip shell extension 'dsv' for command environment
[1.687s] INFO:colcon.colcon_core.task.python.build:Building Python package in '/home/harry/High_Vis/post_process/src/hotspot_detection'
[1.702s] INFO:colcon.colcon_core.shell:Skip shell extension 'powershell' for command environment: Not usable outside of PowerShell
[1.702s] DEBUG:colcon.colcon_core.shell:Skip shell extension 'dsv' for command environment
[2.082s] INFO:colcon.colcon_core.task.python.build:Building Python package in '/home/harry/High_Vis/post_process/src/pdf_generator'
[2.106s] INFO:colcon.colcon_core.shell:Skip shell extension 'powershell' for command environment: Not usable outside of PowerShell
[2.106s] DEBUG:colcon.colcon_core.shell:Skip shell extension 'dsv' for command environment
[3.778s] DEBUG:colcon.colcon_core.task.python.build:While undoing a previous installation files outside the Python library path are being ignored: /home/harry/High_Vis/post_process/install/pdf_generator/share/ament_index/resource_index/packages/pdf_generator
[3.778s] DEBUG:colcon.colcon_core.task.python.build:While undoing a previous installation files outside the Python library path are being ignored: /home/harry/High_Vis/post_process/install/pdf_generator/share/pdf_generator/package.xml
[3.779s] DEBUG:colcon.colcon_core.task.python.build:While undoing a previous installation files outside the Python library path are being ignored: /home/harry/High_Vis/post_process/install/pdf_generator/lib/pdf_generator/pg_node
[3.791s] DEBUG:colcon.colcon_core.event_handler.log_command:Invoking command in '/home/harry/High_Vis/post_process/build/pdf_generator': PYTHONPATH=/home/harry/High_Vis/post_process/build/pdf_generator/prefix_override:/home/harry/High_Vis/post_process/install/pdf_generator/lib/python3.10/site-packages:${PYTHONPATH} /usr/bin/python3 setup.py develop --editable --build-directory /home/harry/High_Vis/post_process/build/pdf_generator/build --no-deps install_data
[3.808s] DEBUG:colcon.colcon_core.task.python.build:While undoing a previous installation files outside the Python library path are being ignored: /home/harry/High_Vis/post_process/install/hotspot_detection/share/ament_index/resource_index/packages/hotspot_detection
[3.808s] DEBUG:colcon.colcon_core.task.python.build:While undoing a previous installation files outside the Python library path are being ignored: /home/harry/High_Vis/post_process/install/hotspot_detection/share/hotspot_detection/package.xml
[3.808s] DEBUG:colcon.colcon_core.task.python.build:While undoing a previous installation files outside the Python library path are being ignored: /home/harry/High_Vis/post_process/install/hotspot_detection/lib/hotspot_detection/hs_node
[3.817s] DEBUG:colcon.colcon_core.event_handler.log_command:Invoking command in '/home/harry/High_Vis/post_process/build/hotspot_detection': PYTHONPATH=/home/harry/High_Vis/post_process/build/hotspot_detection/prefix_override:/home/harry/High_Vis/post_process/install/hotspot_detection/lib/python3.10/site-packages:${PYTHONPATH} /usr/bin/python3 setup.py develop --editable --build-directory /home/harry/High_Vis/post_process/build/hotspot_detection/build --no-deps install_data
[4.338s] Level 1:colcon.colcon_core.shell:create_environment_hook('pdf_generator', 'pythonpath_develop')
[4.338s] DEBUG:colcon.colcon_core.event_handler.log_command:Invoked command in '/home/harry/High_Vis/post_process/build/pdf_generator' returned '0': PYTHONPATH=/home/harry/High_Vis/post_process/build/pdf_generator/prefix_override:/home/harry/High_Vis/post_process/install/pdf_generator/lib/python3.10/site-packages:${PYTHONPATH} /usr/bin/python3 setup.py develop --editable --build-directory /home/harry/High_Vis/post_process/build/pdf_generator/build --no-deps install_data
[4.352s] INFO:colcon.colcon_core.shell:Creating environment hook '/home/harry/High_Vis/post_process/build/pdf_generator/share/pdf_generator/hook/pythonpath_develop.ps1'
[4.353s] INFO:colcon.colcon_core.shell:Creating environment descriptor '/home/harry/High_Vis/post_process/build/pdf_generator/share/pdf_generator/hook/pythonpath_develop.dsv'
[4.353s] INFO:colcon.colcon_core.shell:Creating environment hook '/home/harry/High_Vis/post_process/build/pdf_generator/share/pdf_generator/hook/pythonpath_develop.sh'
[4.370s] Level 1:colcon.colcon_core.environment:checking '/home/harry/High_Vis/post_process/install/pdf_generator' for CMake module files
[4.370s] Level 1:colcon.colcon_core.environment:checking '/home/harry/High_Vis/post_process/install/pdf_generator' for CMake config files
[4.371s] Level 1:colcon.colcon_core.environment:checking '/home/harry/High_Vis/post_process/install/pdf_generator/lib'
[4.371s] Level 1:colcon.colcon_core.environment:checking '/home/harry/High_Vis/post_process/install/pdf_generator/bin'
[4.371s] Level 1:colcon.colcon_core.environment:checking '/home/harry/High_Vis/post_process/install/pdf_generator/lib/pkgconfig/pdf_generator.pc'
[4.371s] Level 1:colcon.colcon_core.environment:checking '/home/harry/High_Vis/post_process/install/pdf_generator/lib/python3.10/site-packages'
[4.371s] Level 1:colcon.colcon_core.shell:create_environment_hook('pdf_generator', 'pythonpath')
[4.384s] INFO:colcon.colcon_core.shell:Creating environment hook '/home/harry/High_Vis/post_process/install/pdf_generator/share/pdf_generator/hook/pythonpath.ps1'
[4.385s] INFO:colcon.colcon_core.shell:Creating environment descriptor '/home/harry/High_Vis/post_process/install/pdf_generator/share/pdf_generator/hook/pythonpath.dsv'
[4.385s] INFO:colcon.colcon_core.shell:Creating environment hook '/home/harry/High_Vis/post_process/install/pdf_generator/share/pdf_generator/hook/pythonpath.sh'
[4.385s] Level 1:colcon.colcon_core.environment:checking '/home/harry/High_Vis/post_process/install/pdf_generator/bin'
[4.385s] Level 1:colcon.colcon_core.environment:create_environment_scripts_only(pdf_generator)
[4.398s] INFO:colcon.colcon_core.shell:Creating package script '/home/harry/High_Vis/post_process/install/pdf_generator/share/pdf_generator/package.ps1'
[4.399s] INFO:colcon.colcon_core.shell:Creating package descriptor '/home/harry/High_Vis/post_process/install/pdf_generator/share/pdf_generator/package.dsv'
[4.400s] INFO:colcon.colcon_core.shell:Creating package script '/home/harry/High_Vis/post_process/install/pdf_generator/share/pdf_generator/package.sh'
[4.400s] INFO:colcon.colcon_core.shell:Creating package script '/home/harry/High_Vis/post_process/install/pdf_generator/share/pdf_generator/package.bash'
[4.401s] INFO:colcon.colcon_core.shell:Creating package script '/home/harry/High_Vis/post_process/install/pdf_generator/share/pdf_generator/package.zsh'
[4.401s] Level 1:colcon.colcon_core.environment:create_file_with_runtime_dependencies(/home/harry/High_Vis/post_process/install/pdf_generator/share/colcon-core/packages/pdf_generator)
[4.404s] Level 1:colcon.colcon_core.shell:create_environment_hook('hotspot_detection', 'pythonpath_develop')
[4.407s] DEBUG:colcon.colcon_core.event_handler.log_command:Invoked command in '/home/harry/High_Vis/post_process/build/hotspot_detection' returned '0': PYTHONPATH=/home/harry/High_Vis/post_process/build/hotspot_detection/prefix_override:/home/harry/High_Vis/post_process/install/hotspot_detection/lib/python3.10/site-packages:${PYTHONPATH} /usr/bin/python3 setup.py develop --editable --build-directory /home/harry/High_Vis/post_process/build/hotspot_detection/build --no-deps install_data
[4.420s] INFO:colcon.colcon_core.shell:Creating environment hook '/home/harry/High_Vis/post_process/build/hotspot_detection/share/hotspot_detection/hook/pythonpath_develop.ps1'
[4.420s] INFO:colcon.colcon_core.shell:Creating environment descriptor '/home/harry/High_Vis/post_process/build/hotspot_detection/share/hotspot_detection/hook/pythonpath_develop.dsv'
[4.420s] INFO:colcon.colcon_core.shell:Creating environment hook '/home/harry/High_Vis/post_process/build/hotspot_detection/share/hotspot_detection/hook/pythonpath_develop.sh'
[4.434s] Level 1:colcon.colcon_core.environment:checking '/home/harry/High_Vis/post_process/install/hotspot_detection' for CMake module files
[4.435s] Level 1:colcon.colcon_core.environment:checking '/home/harry/High_Vis/post_process/install/hotspot_detection' for CMake config files
[4.435s] Level 1:colcon.colcon_core.environment:checking '/home/harry/High_Vis/post_process/install/hotspot_detection/lib'
[4.435s] Level 1:colcon.colcon_core.environment:checking '/home/harry/High_Vis/post_process/install/hotspot_detection/bin'
[4.435s] Level 1:colcon.colcon_core.environment:checking '/home/harry/High_Vis/post_process/install/hotspot_detection/lib/pkgconfig/hotspot_detection.pc'
[4.435s] Level 1:colcon.colcon_core.environment:checking '/home/harry/High_Vis/post_process/install/hotspot_detection/lib/python3.10/site-packages'
[4.435s] Level 1:colcon.colcon_core.shell:create_environment_hook('hotspot_detection', 'pythonpath')
[4.448s] INFO:colcon.colcon_core.shell:Creating environment hook '/home/harry/High_Vis/post_process/install/hotspot_detection/share/hotspot_detection/hook/pythonpath.ps1'
[4.448s] INFO:colcon.colcon_core.shell:Creating environment descriptor '/home/harry/High_Vis/post_process/install/hotspot_detection/share/hotspot_detection/hook/pythonpath.dsv'
[4.449s] INFO:colcon.colcon_core.shell:Creating environment hook '/home/harry/High_Vis/post_process/install/hotspot_detection/share/hotspot_detection/hook/pythonpath.sh'
[4.449s] Level 1:colcon.colcon_core.environment:checking '/home/harry/High_Vis/post_process/install/hotspot_detection/bin'
[4.449s] Level 1:colcon.colcon_core.environment:create_environment_scripts_only(hotspot_detection)
[4.463s] INFO:colcon.colcon_core.shell:Creating package script '/home/harry/High_Vis/post_process/install/hotspot_detection/share/hotspot_detection/package.ps1'
[4.464s] INFO:colcon.colcon_core.shell:Creating package descriptor '/home/harry/High_Vis/post_process/install/hotspot_detection/share/hotspot_detection/package.dsv'
[4.465s] INFO:colcon.colcon_core.shell:Creating package script '/home/harry/High_Vis/post_process/install/hotspot_detection/share/hotspot_detection/package.sh'
[4.466s] INFO:colcon.colcon_core.shell:Creating package script '/home/harry/High_Vis/post_process/install/hotspot_detection/share/hotspot_detection/package.bash'
[4.466s] INFO:colcon.colcon_core.shell:Creating package script '/home/harry/High_Vis/post_process/install/hotspot_detection/share/hotspot_detection/package.zsh'
[4.467s] Level 1:colcon.colcon_core.environment:create_file_with_runtime_dependencies(/home/harry/High_Vis/post_process/install/hotspot_detection/share/colcon-core/packages/hotspot_detection)
[4.467s] DEBUG:colcon.colcon_parallel_executor.executor.parallel:closing loop
[4.468s] DEBUG:colcon.colcon_parallel_executor.executor.parallel:loop closed
[4.468s] DEBUG:colcon.colcon_parallel_executor.executor.parallel:run_until_complete finished with '0'
[4.468s] DEBUG:colcon.colcon_core.event_reactor:joining thread
[4.534s] INFO:colcon.colcon_core.plugin_system:Skipping extension 'colcon_notification.desktop_notification.notify_send': Could not find 'notify-send'
[4.534s] INFO:colcon.colcon_core.plugin_system:Skipping extension 'colcon_notification.desktop_notification.terminal_notifier': Not used on non-Darwin systems
[4.535s] INFO:colcon.colcon_core.plugin_system:Skipping extension 'colcon_notification.desktop_notification.win32': Not used on non-Windows systems
[4.535s] INFO:colcon.colcon_notification.desktop_notification:Sending desktop notification using 'notify2'
[4.535s] DEBUG:colcon.colcon_notification.desktop_notification.notify2:Failed to initialize notify2: org.freedesktop.DBus.Error.FileNotFound: Failed to connect to socket /run/user/1000/bus: No such file or directory
[4.535s] DEBUG:colcon.colcon_core.event_reactor:joined thread
[4.548s] INFO:colcon.colcon_core.shell:Creating prefix script '/home/harry/High_Vis/post_process/install/local_setup.ps1'
[4.549s] INFO:colcon.colcon_core.shell:Creating prefix util module '/home/harry/High_Vis/post_process/install/_local_setup_util_ps1.py'
[4.550s] INFO:colcon.colcon_core.shell:Creating prefix chain script '/home/harry/High_Vis/post_process/install/setup.ps1'
[4.571s] INFO:colcon.colcon_core.shell:Creating prefix script '/home/harry/High_Vis/post_process/install/local_setup.sh'
[4.572s] INFO:colcon.colcon_core.shell:Creating prefix util module '/home/harry/High_Vis/post_process/install/_local_setup_util_sh.py'
[4.572s] INFO:colcon.colcon_core.shell:Creating prefix chain script '/home/harry/High_Vis/post_process/install/setup.sh'
[4.587s] INFO:colcon.colcon_core.shell:Creating prefix script '/home/harry/High_Vis/post_process/install/local_setup.bash'
[4.588s] INFO:colcon.colcon_core.shell:Creating prefix chain script '/home/harry/High_Vis/post_process/install/setup.bash'
[4.604s] INFO:colcon.colcon_core.shell:Creating prefix script '/home/harry/High_Vis/post_process/install/local_setup.zsh'
[4.604s] INFO:colcon.colcon_core.shell:Creating prefix chain script '/home/harry/High_Vis/post_process/install/setup.zsh'
