[0.011s] Invoking command in '/home/kacper/action_server_ws/build/my_robot_interfaces': CMAKE_PREFIX_PATH=${CMAKE_PREFIX_PATH}:/home/kacper/action_server_ws/install/actions_py:/home/kacper/project_ws/install/launch_robotnav:/home/kacper/project_ws/install/clearpath_config:/home/kacper/navigation2_tutorials/nav2_gps_waypoint_follower_demo/install/nav2_gps_waypoint_follower_demo:/opt/ros/humble /usr/bin/cmake /home/kacper/action_server_ws/src/my_robot_interfaces -DCMAKE_INSTALL_PREFIX=/home/kacper/action_server_ws/install/my_robot_interfaces
[0.096s] -- The C compiler identification is GNU 11.4.0
[0.356s] -- The CXX compiler identification is GNU 11.4.0
[0.540s] -- Detecting C compiler ABI info
[0.645s] -- Detecting C compiler ABI info - done
[0.650s] -- Check for working C compiler: /usr/bin/cc - skipped
[0.650s] -- Detecting C compile features
[0.651s] -- Detecting C compile features - done
[0.653s] -- Detecting CXX compiler ABI info
[0.747s] -- Detecting CXX compiler ABI info - done
[0.752s] -- Check for working CXX compiler: /usr/bin/c++ - skipped
[0.752s] -- Detecting CXX compile features
[0.753s] -- Detecting CXX compile features - done
[0.756s] -- Found ament_cmake: 1.3.8 (/opt/ros/humble/share/ament_cmake/cmake)
[0.882s] -- Found Python3: /usr/bin/python3 (found version "3.10.12") found components: Interpreter 
[0.967s] -- Found rosidl_default_generators: 1.2.0 (/opt/ros/humble/share/rosidl_default_generators/cmake)
[0.973s] -- Using all available rosidl_typesupport_c: rosidl_typesupport_fastrtps_c;rosidl_typesupport_introspection_c
[0.982s] -- Found rosidl_adapter: 3.1.5 (/opt/ros/humble/share/rosidl_adapter/cmake)
[1.118s] -- Using all available rosidl_typesupport_cpp: rosidl_typesupport_fastrtps_cpp;rosidl_typesupport_introspection_cpp
[1.530s] -- Found ament_cmake_ros: 0.10.0 (/opt/ros/humble/share/ament_cmake_ros/cmake)
[1.712s] -- Using all available rosidl_typesupport_c: rosidl_typesupport_fastrtps_c;rosidl_typesupport_introspection_c
[1.916s] -- Using all available rosidl_typesupport_cpp: rosidl_typesupport_fastrtps_cpp;rosidl_typesupport_introspection_cpp
[1.999s] -- Found PythonInterp: /usr/bin/python3 (found suitable version "3.10.12", minimum required is "3.6") 
[2.002s] -- Found python_cmake_module: 0.10.0 (/opt/ros/humble/share/python_cmake_module/cmake)
[2.244s] -- Found PythonLibs: /usr/lib/x86_64-linux-gnu/libpython3.10.so (found suitable version "3.10.12", minimum required is "3.5") 
[2.244s] -- Using PYTHON_EXECUTABLE: /usr/bin/python3
[2.244s] -- Using PYTHON_INCLUDE_DIRS: /usr/include/python3.10
[2.244s] -- Using PYTHON_LIBRARIES: /usr/lib/x86_64-linux-gnu/libpython3.10.so
[2.262s] -- Found PythonExtra: .so  
[2.335s] -- Configuring done
[2.361s] -- Generating done
[2.364s] -- Build files have been written to: /home/kacper/action_server_ws/build/my_robot_interfaces
[2.371s] Invoked command in '/home/kacper/action_server_ws/build/my_robot_interfaces' returned '0': CMAKE_PREFIX_PATH=${CMAKE_PREFIX_PATH}:/home/kacper/action_server_ws/install/actions_py:/home/kacper/project_ws/install/launch_robotnav:/home/kacper/project_ws/install/clearpath_config:/home/kacper/navigation2_tutorials/nav2_gps_waypoint_follower_demo/install/nav2_gps_waypoint_follower_demo:/opt/ros/humble /usr/bin/cmake /home/kacper/action_server_ws/src/my_robot_interfaces -DCMAKE_INSTALL_PREFIX=/home/kacper/action_server_ws/install/my_robot_interfaces
[2.372s] Invoking command in '/home/kacper/action_server_ws/build/my_robot_interfaces': CMAKE_PREFIX_PATH=${CMAKE_PREFIX_PATH}:/home/kacper/action_server_ws/install/actions_py:/home/kacper/project_ws/install/launch_robotnav:/home/kacper/project_ws/install/clearpath_config:/home/kacper/navigation2_tutorials/nav2_gps_waypoint_follower_demo/install/nav2_gps_waypoint_follower_demo:/opt/ros/humble /usr/bin/cmake --build /home/kacper/action_server_ws/build/my_robot_interfaces -- -j16 -l16
[2.399s] [  3%] [34m[1mGenerating C code for ROS interfaces[0m
[2.407s] [  6%] [34m[1mGenerating C++ code for ROS interfaces[0m
[2.414s] [  6%] Built target ament_cmake_python_copy_my_robot_interfaces
[2.636s] running egg_info
[2.636s] creating my_robot_interfaces.egg-info
[2.637s] writing my_robot_interfaces.egg-info/PKG-INFO
[2.637s] writing dependency_links to my_robot_interfaces.egg-info/dependency_links.txt
[2.637s] writing top-level names to my_robot_interfaces.egg-info/top_level.txt
[2.637s] writing manifest file 'my_robot_interfaces.egg-info/SOURCES.txt'
[2.639s] reading manifest file 'my_robot_interfaces.egg-info/SOURCES.txt'
[2.640s] writing manifest file 'my_robot_interfaces.egg-info/SOURCES.txt'
[2.666s] [  6%] Built target ament_cmake_python_build_my_robot_interfaces_egg
[2.777s] [  9%] [32mBuilding C object CMakeFiles/my_robot_interfaces__rosidl_generator_c.dir/rosidl_generator_c/my_robot_interfaces/action/detail/count_until__functions.c.o[0m
[2.782s] [  9%] Built target my_robot_interfaces__cpp
[2.789s] [ 16%] [34m[1mGenerating C++ type support for eProsima Fast-RTPS[0m
[2.789s] [ 16%] [34m[1mGenerating C++ type support dispatch for ROS interfaces[0m
[2.789s] [ 19%] [34m[1mGenerating C++ introspection for ROS interfaces[0m
[2.877s] [ 22%] [32m[1mLinking C shared library libmy_robot_interfaces__rosidl_generator_c.so[0m
[2.941s] [ 22%] Built target my_robot_interfaces__rosidl_generator_c
[2.949s] [ 32%] [34m[1mGenerating C type support dispatch for ROS interfaces[0m
[2.949s] [ 32%] [34m[1mGenerating C type support for eProsima Fast-RTPS[0m
[2.949s] [ 32%] [34m[1mGenerating C introspection for ROS interfaces[0m
[3.091s] [ 35%] [32mBuilding CXX object CMakeFiles/my_robot_interfaces__rosidl_typesupport_cpp.dir/rosidl_typesupport_cpp/my_robot_interfaces/action/count_until__type_support.cpp.o[0m
[3.108s] [ 38%] [32mBuilding CXX object CMakeFiles/my_robot_interfaces__rosidl_typesupport_introspection_cpp.dir/rosidl_typesupport_introspection_cpp/my_robot_interfaces/action/detail/count_until__type_support.cpp.o[0m
[3.255s] [ 41%] [32mBuilding CXX object CMakeFiles/my_robot_interfaces__rosidl_typesupport_fastrtps_cpp.dir/rosidl_typesupport_fastrtps_cpp/my_robot_interfaces/action/detail/dds_fastrtps/count_until__type_support.cpp.o[0m
[3.268s] [ 45%] [32mBuilding CXX object CMakeFiles/my_robot_interfaces__rosidl_typesupport_c.dir/rosidl_typesupport_c/my_robot_interfaces/action/count_until__type_support.cpp.o[0m
[3.326s] [ 48%] [32m[1mLinking CXX shared library libmy_robot_interfaces__rosidl_typesupport_c.so[0m
[3.355s] [ 51%] [32mBuilding C object CMakeFiles/my_robot_interfaces__rosidl_typesupport_introspection_c.dir/rosidl_typesupport_introspection_c/my_robot_interfaces/action/detail/count_until__type_support.c.o[0m
[3.379s] [ 54%] [32mBuilding CXX object CMakeFiles/my_robot_interfaces__rosidl_typesupport_fastrtps_c.dir/rosidl_typesupport_fastrtps_c/my_robot_interfaces/action/detail/count_until__type_support_c.cpp.o[0m
[3.396s] [ 58%] [32m[1mLinking C shared library libmy_robot_interfaces__rosidl_typesupport_introspection_c.so[0m
[3.424s] [ 58%] Built target my_robot_interfaces__rosidl_typesupport_c
[3.466s] [ 58%] Built target my_robot_interfaces__rosidl_typesupport_introspection_c
[3.515s] [ 61%] [32m[1mLinking CXX shared library libmy_robot_interfaces__rosidl_typesupport_cpp.so[0m
[3.599s] [ 61%] Built target my_robot_interfaces__rosidl_typesupport_cpp
[3.648s] [ 64%] [32m[1mLinking CXX shared library libmy_robot_interfaces__rosidl_typesupport_introspection_cpp.so[0m
[3.700s] [ 67%] [32m[1mLinking CXX shared library libmy_robot_interfaces__rosidl_typesupport_fastrtps_c.so[0m
[3.731s] [ 70%] [32m[1mLinking CXX shared library libmy_robot_interfaces__rosidl_typesupport_fastrtps_cpp.so[0m
[3.746s] [ 70%] Built target my_robot_interfaces__rosidl_typesupport_introspection_cpp
[3.791s] [ 70%] Built target my_robot_interfaces__rosidl_typesupport_fastrtps_c
[3.821s] [ 70%] Built target my_robot_interfaces__rosidl_typesupport_fastrtps_cpp
[3.832s] [ 70%] Built target my_robot_interfaces
[3.844s] [ 74%] [34m[1mGenerating Python code for ROS interfaces[0m
[4.378s] [ 74%] Built target my_robot_interfaces__py
[4.389s] [ 77%] [32mBuilding C object CMakeFiles/my_robot_interfaces__rosidl_generator_py.dir/rosidl_generator_py/my_robot_interfaces/action/_count_until_s.c.o[0m
[4.494s] [ 80%] [32m[1mLinking C shared library rosidl_generator_py/my_robot_interfaces/libmy_robot_interfaces__rosidl_generator_py.so[0m
[4.547s] [ 80%] Built target my_robot_interfaces__rosidl_generator_py
[4.560s] [ 83%] [32mBuilding C object CMakeFiles/my_robot_interfaces__rosidl_typesupport_fastrtps_c__pyext.dir/rosidl_generator_py/my_robot_interfaces/_my_robot_interfaces_s.ep.rosidl_typesupport_fastrtps_c.c.o[0m
[4.560s] [ 87%] [32mBuilding C object CMakeFiles/my_robot_interfaces__rosidl_typesupport_introspection_c__pyext.dir/rosidl_generator_py/my_robot_interfaces/_my_robot_interfaces_s.ep.rosidl_typesupport_introspection_c.c.o[0m
[4.560s] [ 90%] [32mBuilding C object CMakeFiles/my_robot_interfaces__rosidl_typesupport_c__pyext.dir/rosidl_generator_py/my_robot_interfaces/_my_robot_interfaces_s.ep.rosidl_typesupport_c.c.o[0m
[4.645s] [ 96%] [32m[1mLinking C shared library rosidl_generator_py/my_robot_interfaces/my_robot_interfaces_s__rosidl_typesupport_c.cpython-310-x86_64-linux-gnu.so[0m
[4.645s] [ 96%] [32m[1mLinking C shared library rosidl_generator_py/my_robot_interfaces/my_robot_interfaces_s__rosidl_typesupport_introspection_c.cpython-310-x86_64-linux-gnu.so[0m
[4.649s] [100%] [32m[1mLinking C shared library rosidl_generator_py/my_robot_interfaces/my_robot_interfaces_s__rosidl_typesupport_fastrtps_c.cpython-310-x86_64-linux-gnu.so[0m
[4.693s] [100%] Built target my_robot_interfaces__rosidl_typesupport_c__pyext
[4.697s] [100%] Built target my_robot_interfaces__rosidl_typesupport_introspection_c__pyext
[4.708s] [100%] Built target my_robot_interfaces__rosidl_typesupport_fastrtps_c__pyext
[4.716s] Invoked command in '/home/kacper/action_server_ws/build/my_robot_interfaces' returned '0': CMAKE_PREFIX_PATH=${CMAKE_PREFIX_PATH}:/home/kacper/action_server_ws/install/actions_py:/home/kacper/project_ws/install/launch_robotnav:/home/kacper/project_ws/install/clearpath_config:/home/kacper/navigation2_tutorials/nav2_gps_waypoint_follower_demo/install/nav2_gps_waypoint_follower_demo:/opt/ros/humble /usr/bin/cmake --build /home/kacper/action_server_ws/build/my_robot_interfaces -- -j16 -l16
[4.765s] Invoking command in '/home/kacper/action_server_ws/build/my_robot_interfaces': CMAKE_PREFIX_PATH=${CMAKE_PREFIX_PATH}:/home/kacper/action_server_ws/install/actions_py:/home/kacper/project_ws/install/launch_robotnav:/home/kacper/project_ws/install/clearpath_config:/home/kacper/navigation2_tutorials/nav2_gps_waypoint_follower_demo/install/nav2_gps_waypoint_follower_demo:/opt/ros/humble /usr/bin/cmake --install /home/kacper/action_server_ws/build/my_robot_interfaces
[4.771s] -- Install configuration: ""
[4.771s] -- Installing: /home/kacper/action_server_ws/install/my_robot_interfaces/share/ament_index/resource_index/rosidl_interfaces/my_robot_interfaces
[4.771s] -- Installing: /home/kacper/action_server_ws/install/my_robot_interfaces/include/my_robot_interfaces/my_robot_interfaces
[4.771s] -- Installing: /home/kacper/action_server_ws/install/my_robot_interfaces/include/my_robot_interfaces/my_robot_interfaces/msg
[4.772s] -- Installing: /home/kacper/action_server_ws/install/my_robot_interfaces/include/my_robot_interfaces/my_robot_interfaces/msg/rosidl_generator_c__visibility_control.h
[4.772s] -- Installing: /home/kacper/action_server_ws/install/my_robot_interfaces/include/my_robot_interfaces/my_robot_interfaces/action
[4.772s] -- Installing: /home/kacper/action_server_ws/install/my_robot_interfaces/include/my_robot_interfaces/my_robot_interfaces/action/count_until.h
[4.772s] -- Installing: /home/kacper/action_server_ws/install/my_robot_interfaces/include/my_robot_interfaces/my_robot_interfaces/action/detail
[4.772s] -- Installing: /home/kacper/action_server_ws/install/my_robot_interfaces/include/my_robot_interfaces/my_robot_interfaces/action/detail/count_until__functions.h
[4.772s] -- Installing: /home/kacper/action_server_ws/install/my_robot_interfaces/include/my_robot_interfaces/my_robot_interfaces/action/detail/count_until__functions.c
[4.772s] -- Installing: /home/kacper/action_server_ws/install/my_robot_interfaces/include/my_robot_interfaces/my_robot_interfaces/action/detail/count_until__type_support.h
[4.772s] -- Installing: /home/kacper/action_server_ws/install/my_robot_interfaces/include/my_robot_interfaces/my_robot_interfaces/action/detail/count_until__struct.h
[4.772s] -- Installing: /home/kacper/action_server_ws/install/my_robot_interfaces/share/my_robot_interfaces/environment/library_path.sh
[4.773s] -- Installing: /home/kacper/action_server_ws/install/my_robot_interfaces/share/my_robot_interfaces/environment/library_path.dsv
[4.773s] -- Installing: /home/kacper/action_server_ws/install/my_robot_interfaces/lib/libmy_robot_interfaces__rosidl_generator_c.so
[4.773s] -- Set runtime path of "/home/kacper/action_server_ws/install/my_robot_interfaces/lib/libmy_robot_interfaces__rosidl_generator_c.so" to ""
[4.773s] -- Up-to-date: /home/kacper/action_server_ws/install/my_robot_interfaces/include/my_robot_interfaces/my_robot_interfaces
[4.773s] -- Up-to-date: /home/kacper/action_server_ws/install/my_robot_interfaces/include/my_robot_interfaces/my_robot_interfaces/msg
[4.773s] -- Installing: /home/kacper/action_server_ws/install/my_robot_interfaces/include/my_robot_interfaces/my_robot_interfaces/msg/rosidl_typesupport_fastrtps_c__visibility_control.h
[4.773s] -- Up-to-date: /home/kacper/action_server_ws/install/my_robot_interfaces/include/my_robot_interfaces/my_robot_interfaces/action
[4.774s] -- Up-to-date: /home/kacper/action_server_ws/install/my_robot_interfaces/include/my_robot_interfaces/my_robot_interfaces/action/detail
[4.774s] -- Installing: /home/kacper/action_server_ws/install/my_robot_interfaces/include/my_robot_interfaces/my_robot_interfaces/action/detail/count_until__rosidl_typesupport_fastrtps_c.h
[4.774s] -- Installing: /home/kacper/action_server_ws/install/my_robot_interfaces/lib/libmy_robot_interfaces__rosidl_typesupport_fastrtps_c.so
[4.774s] -- Set runtime path of "/home/kacper/action_server_ws/install/my_robot_interfaces/lib/libmy_robot_interfaces__rosidl_typesupport_fastrtps_c.so" to ""
[4.774s] -- Up-to-date: /home/kacper/action_server_ws/install/my_robot_interfaces/include/my_robot_interfaces/my_robot_interfaces
[4.774s] -- Up-to-date: /home/kacper/action_server_ws/install/my_robot_interfaces/include/my_robot_interfaces/my_robot_interfaces/msg
[4.774s] -- Installing: /home/kacper/action_server_ws/install/my_robot_interfaces/include/my_robot_interfaces/my_robot_interfaces/msg/rosidl_typesupport_introspection_c__visibility_control.h
[4.774s] -- Up-to-date: /home/kacper/action_server_ws/install/my_robot_interfaces/include/my_robot_interfaces/my_robot_interfaces/action
[4.774s] -- Up-to-date: /home/kacper/action_server_ws/install/my_robot_interfaces/include/my_robot_interfaces/my_robot_interfaces/action/detail
[4.774s] -- Installing: /home/kacper/action_server_ws/install/my_robot_interfaces/include/my_robot_interfaces/my_robot_interfaces/action/detail/count_until__type_support.c
[4.774s] -- Installing: /home/kacper/action_server_ws/install/my_robot_interfaces/include/my_robot_interfaces/my_robot_interfaces/action/detail/count_until__rosidl_typesupport_introspection_c.h
[4.774s] -- Installing: /home/kacper/action_server_ws/install/my_robot_interfaces/lib/libmy_robot_interfaces__rosidl_typesupport_introspection_c.so
[4.775s] -- Set runtime path of "/home/kacper/action_server_ws/install/my_robot_interfaces/lib/libmy_robot_interfaces__rosidl_typesupport_introspection_c.so" to ""
[4.775s] -- Installing: /home/kacper/action_server_ws/install/my_robot_interfaces/lib/libmy_robot_interfaces__rosidl_typesupport_c.so
[4.775s] -- Set runtime path of "/home/kacper/action_server_ws/install/my_robot_interfaces/lib/libmy_robot_interfaces__rosidl_typesupport_c.so" to ""
[4.775s] -- Up-to-date: /home/kacper/action_server_ws/install/my_robot_interfaces/include/my_robot_interfaces/my_robot_interfaces
[4.775s] -- Up-to-date: /home/kacper/action_server_ws/install/my_robot_interfaces/include/my_robot_interfaces/my_robot_interfaces/action
[4.775s] -- Installing: /home/kacper/action_server_ws/install/my_robot_interfaces/include/my_robot_interfaces/my_robot_interfaces/action/count_until.hpp
[4.775s] -- Up-to-date: /home/kacper/action_server_ws/install/my_robot_interfaces/include/my_robot_interfaces/my_robot_interfaces/action/detail
[4.775s] -- Installing: /home/kacper/action_server_ws/install/my_robot_interfaces/include/my_robot_interfaces/my_robot_interfaces/action/detail/count_until__struct.hpp
[4.775s] -- Installing: /home/kacper/action_server_ws/install/my_robot_interfaces/include/my_robot_interfaces/my_robot_interfaces/action/detail/count_until__builder.hpp
[4.776s] -- Installing: /home/kacper/action_server_ws/install/my_robot_interfaces/include/my_robot_interfaces/my_robot_interfaces/action/detail/count_until__traits.hpp
[4.776s] -- Up-to-date: /home/kacper/action_server_ws/install/my_robot_interfaces/include/my_robot_interfaces/my_robot_interfaces
[4.776s] -- Up-to-date: /home/kacper/action_server_ws/install/my_robot_interfaces/include/my_robot_interfaces/my_robot_interfaces/msg
[4.776s] -- Installing: /home/kacper/action_server_ws/install/my_robot_interfaces/include/my_robot_interfaces/my_robot_interfaces/msg/rosidl_typesupport_fastrtps_cpp__visibility_control.h
[4.776s] -- Up-to-date: /home/kacper/action_server_ws/install/my_robot_interfaces/include/my_robot_interfaces/my_robot_interfaces/action
[4.776s] -- Up-to-date: /home/kacper/action_server_ws/install/my_robot_interfaces/include/my_robot_interfaces/my_robot_interfaces/action/detail
[4.776s] -- Installing: /home/kacper/action_server_ws/install/my_robot_interfaces/include/my_robot_interfaces/my_robot_interfaces/action/detail/dds_fastrtps
[4.776s] -- Installing: /home/kacper/action_server_ws/install/my_robot_interfaces/include/my_robot_interfaces/my_robot_interfaces/action/detail/count_until__rosidl_typesupport_fastrtps_cpp.hpp
[4.776s] -- Installing: /home/kacper/action_server_ws/install/my_robot_interfaces/lib/libmy_robot_interfaces__rosidl_typesupport_fastrtps_cpp.so
[4.776s] -- Set runtime path of "/home/kacper/action_server_ws/install/my_robot_interfaces/lib/libmy_robot_interfaces__rosidl_typesupport_fastrtps_cpp.so" to ""
[4.777s] -- Up-to-date: /home/kacper/action_server_ws/install/my_robot_interfaces/include/my_robot_interfaces/my_robot_interfaces
[4.777s] -- Up-to-date: /home/kacper/action_server_ws/install/my_robot_interfaces/include/my_robot_interfaces/my_robot_interfaces/action
[4.777s] -- Up-to-date: /home/kacper/action_server_ws/install/my_robot_interfaces/include/my_robot_interfaces/my_robot_interfaces/action/detail
[4.777s] -- Installing: /home/kacper/action_server_ws/install/my_robot_interfaces/include/my_robot_interfaces/my_robot_interfaces/action/detail/count_until__type_support.cpp
[4.777s] -- Installing: /home/kacper/action_server_ws/install/my_robot_interfaces/include/my_robot_interfaces/my_robot_interfaces/action/detail/count_until__rosidl_typesupport_introspection_cpp.hpp
[4.777s] -- Installing: /home/kacper/action_server_ws/install/my_robot_interfaces/lib/libmy_robot_interfaces__rosidl_typesupport_introspection_cpp.so
[4.777s] -- Set runtime path of "/home/kacper/action_server_ws/install/my_robot_interfaces/lib/libmy_robot_interfaces__rosidl_typesupport_introspection_cpp.so" to ""
[4.777s] -- Installing: /home/kacper/action_server_ws/install/my_robot_interfaces/lib/libmy_robot_interfaces__rosidl_typesupport_cpp.so
[4.777s] -- Set runtime path of "/home/kacper/action_server_ws/install/my_robot_interfaces/lib/libmy_robot_interfaces__rosidl_typesupport_cpp.so" to ""
[4.777s] -- Installing: /home/kacper/action_server_ws/install/my_robot_interfaces/share/my_robot_interfaces/environment/pythonpath.sh
[4.778s] -- Installing: /home/kacper/action_server_ws/install/my_robot_interfaces/share/my_robot_interfaces/environment/pythonpath.dsv
[4.778s] -- Installing: /home/kacper/action_server_ws/install/my_robot_interfaces/local/lib/python3.10/dist-packages/my_robot_interfaces-0.0.0-py3.10.egg-info
[4.778s] -- Installing: /home/kacper/action_server_ws/install/my_robot_interfaces/local/lib/python3.10/dist-packages/my_robot_interfaces-0.0.0-py3.10.egg-info/PKG-INFO
[4.778s] -- Installing: /home/kacper/action_server_ws/install/my_robot_interfaces/local/lib/python3.10/dist-packages/my_robot_interfaces-0.0.0-py3.10.egg-info/dependency_links.txt
[4.778s] -- Installing: /home/kacper/action_server_ws/install/my_robot_interfaces/local/lib/python3.10/dist-packages/my_robot_interfaces-0.0.0-py3.10.egg-info/top_level.txt
[4.778s] -- Installing: /home/kacper/action_server_ws/install/my_robot_interfaces/local/lib/python3.10/dist-packages/my_robot_interfaces-0.0.0-py3.10.egg-info/SOURCES.txt
[4.778s] -- Installing: /home/kacper/action_server_ws/install/my_robot_interfaces/local/lib/python3.10/dist-packages/my_robot_interfaces
[4.778s] -- Installing: /home/kacper/action_server_ws/install/my_robot_interfaces/local/lib/python3.10/dist-packages/my_robot_interfaces/_my_robot_interfaces_s.ep.rosidl_typesupport_c.c
[4.778s] -- Installing: /home/kacper/action_server_ws/install/my_robot_interfaces/local/lib/python3.10/dist-packages/my_robot_interfaces/my_robot_interfaces_s__rosidl_typesupport_c.cpython-310-x86_64-linux-gnu.so
[4.778s] -- Installing: /home/kacper/action_server_ws/install/my_robot_interfaces/local/lib/python3.10/dist-packages/my_robot_interfaces/libmy_robot_interfaces__rosidl_generator_py.so
[4.778s] -- Installing: /home/kacper/action_server_ws/install/my_robot_interfaces/local/lib/python3.10/dist-packages/my_robot_interfaces/__init__.py
[4.778s] -- Installing: /home/kacper/action_server_ws/install/my_robot_interfaces/local/lib/python3.10/dist-packages/my_robot_interfaces/action
[4.779s] -- Installing: /home/kacper/action_server_ws/install/my_robot_interfaces/local/lib/python3.10/dist-packages/my_robot_interfaces/action/_count_until_s.c
[4.779s] -- Installing: /home/kacper/action_server_ws/install/my_robot_interfaces/local/lib/python3.10/dist-packages/my_robot_interfaces/action/__init__.py
[4.779s] -- Installing: /home/kacper/action_server_ws/install/my_robot_interfaces/local/lib/python3.10/dist-packages/my_robot_interfaces/action/_count_until.py
[4.779s] -- Installing: /home/kacper/action_server_ws/install/my_robot_interfaces/local/lib/python3.10/dist-packages/my_robot_interfaces/my_robot_interfaces_s__rosidl_typesupport_fastrtps_c.cpython-310-x86_64-linux-gnu.so
[4.779s] -- Installing: /home/kacper/action_server_ws/install/my_robot_interfaces/local/lib/python3.10/dist-packages/my_robot_interfaces/_my_robot_interfaces_s.ep.rosidl_typesupport_introspection_c.c
[4.779s] -- Installing: /home/kacper/action_server_ws/install/my_robot_interfaces/local/lib/python3.10/dist-packages/my_robot_interfaces/_my_robot_interfaces_s.ep.rosidl_typesupport_fastrtps_c.c
[4.779s] -- Installing: /home/kacper/action_server_ws/install/my_robot_interfaces/local/lib/python3.10/dist-packages/my_robot_interfaces/my_robot_interfaces_s__rosidl_typesupport_introspection_c.cpython-310-x86_64-linux-gnu.so
[4.806s] Listing '/home/kacper/action_server_ws/install/my_robot_interfaces/local/lib/python3.10/dist-packages/my_robot_interfaces'...
[4.806s] Compiling '/home/kacper/action_server_ws/install/my_robot_interfaces/local/lib/python3.10/dist-packages/my_robot_interfaces/__init__.py'...
[4.806s] Listing '/home/kacper/action_server_ws/install/my_robot_interfaces/local/lib/python3.10/dist-packages/my_robot_interfaces/action'...
[4.807s] Compiling '/home/kacper/action_server_ws/install/my_robot_interfaces/local/lib/python3.10/dist-packages/my_robot_interfaces/action/__init__.py'...
[4.807s] Compiling '/home/kacper/action_server_ws/install/my_robot_interfaces/local/lib/python3.10/dist-packages/my_robot_interfaces/action/_count_until.py'...
[4.810s] -- Installing: /home/kacper/action_server_ws/install/my_robot_interfaces/local/lib/python3.10/dist-packages/my_robot_interfaces/my_robot_interfaces_s__rosidl_typesupport_fastrtps_c.cpython-310-x86_64-linux-gnu.so
[4.810s] -- Set runtime path of "/home/kacper/action_server_ws/install/my_robot_interfaces/local/lib/python3.10/dist-packages/my_robot_interfaces/my_robot_interfaces_s__rosidl_typesupport_fastrtps_c.cpython-310-x86_64-linux-gnu.so" to ""
[4.810s] -- Installing: /home/kacper/action_server_ws/install/my_robot_interfaces/local/lib/python3.10/dist-packages/my_robot_interfaces/my_robot_interfaces_s__rosidl_typesupport_introspection_c.cpython-310-x86_64-linux-gnu.so
[4.810s] -- Set runtime path of "/home/kacper/action_server_ws/install/my_robot_interfaces/local/lib/python3.10/dist-packages/my_robot_interfaces/my_robot_interfaces_s__rosidl_typesupport_introspection_c.cpython-310-x86_64-linux-gnu.so" to ""
[4.810s] -- Installing: /home/kacper/action_server_ws/install/my_robot_interfaces/local/lib/python3.10/dist-packages/my_robot_interfaces/my_robot_interfaces_s__rosidl_typesupport_c.cpython-310-x86_64-linux-gnu.so
[4.810s] -- Set runtime path of "/home/kacper/action_server_ws/install/my_robot_interfaces/local/lib/python3.10/dist-packages/my_robot_interfaces/my_robot_interfaces_s__rosidl_typesupport_c.cpython-310-x86_64-linux-gnu.so" to ""
[4.810s] -- Installing: /home/kacper/action_server_ws/install/my_robot_interfaces/lib/libmy_robot_interfaces__rosidl_generator_py.so
[4.811s] -- Set runtime path of "/home/kacper/action_server_ws/install/my_robot_interfaces/lib/libmy_robot_interfaces__rosidl_generator_py.so" to ""
[4.811s] -- Installing: /home/kacper/action_server_ws/install/my_robot_interfaces/share/my_robot_interfaces/action/CountUntil.idl
[4.811s] -- Installing: /home/kacper/action_server_ws/install/my_robot_interfaces/share/my_robot_interfaces/action/CountUntil.action
[4.811s] -- Installing: /home/kacper/action_server_ws/install/my_robot_interfaces/share/ament_index/resource_index/package_run_dependencies/my_robot_interfaces
[4.811s] -- Installing: /home/kacper/action_server_ws/install/my_robot_interfaces/share/ament_index/resource_index/parent_prefix_path/my_robot_interfaces
[4.812s] -- Installing: /home/kacper/action_server_ws/install/my_robot_interfaces/share/my_robot_interfaces/environment/ament_prefix_path.sh
[4.812s] -- Installing: /home/kacper/action_server_ws/install/my_robot_interfaces/share/my_robot_interfaces/environment/ament_prefix_path.dsv
[4.812s] -- Installing: /home/kacper/action_server_ws/install/my_robot_interfaces/share/my_robot_interfaces/environment/path.sh
[4.812s] -- Installing: /home/kacper/action_server_ws/install/my_robot_interfaces/share/my_robot_interfaces/environment/path.dsv
[4.812s] -- Installing: /home/kacper/action_server_ws/install/my_robot_interfaces/share/my_robot_interfaces/local_setup.bash
[4.812s] -- Installing: /home/kacper/action_server_ws/install/my_robot_interfaces/share/my_robot_interfaces/local_setup.sh
[4.812s] -- Installing: /home/kacper/action_server_ws/install/my_robot_interfaces/share/my_robot_interfaces/local_setup.zsh
[4.812s] -- Installing: /home/kacper/action_server_ws/install/my_robot_interfaces/share/my_robot_interfaces/local_setup.dsv
[4.812s] -- Installing: /home/kacper/action_server_ws/install/my_robot_interfaces/share/my_robot_interfaces/package.dsv
[4.813s] -- Installing: /home/kacper/action_server_ws/install/my_robot_interfaces/share/ament_index/resource_index/packages/my_robot_interfaces
[4.813s] -- Installing: /home/kacper/action_server_ws/install/my_robot_interfaces/share/my_robot_interfaces/cmake/export_my_robot_interfaces__rosidl_generator_cExport.cmake
[4.813s] -- Installing: /home/kacper/action_server_ws/install/my_robot_interfaces/share/my_robot_interfaces/cmake/export_my_robot_interfaces__rosidl_generator_cExport-noconfig.cmake
[4.813s] -- Installing: /home/kacper/action_server_ws/install/my_robot_interfaces/share/my_robot_interfaces/cmake/export_my_robot_interfaces__rosidl_typesupport_fastrtps_cExport.cmake
[4.813s] -- Installing: /home/kacper/action_server_ws/install/my_robot_interfaces/share/my_robot_interfaces/cmake/export_my_robot_interfaces__rosidl_typesupport_fastrtps_cExport-noconfig.cmake
[4.813s] -- Installing: /home/kacper/action_server_ws/install/my_robot_interfaces/share/my_robot_interfaces/cmake/my_robot_interfaces__rosidl_typesupport_introspection_cExport.cmake
[4.814s] -- Installing: /home/kacper/action_server_ws/install/my_robot_interfaces/share/my_robot_interfaces/cmake/my_robot_interfaces__rosidl_typesupport_introspection_cExport-noconfig.cmake
[4.814s] -- Installing: /home/kacper/action_server_ws/install/my_robot_interfaces/share/my_robot_interfaces/cmake/my_robot_interfaces__rosidl_typesupport_cExport.cmake
[4.814s] -- Installing: /home/kacper/action_server_ws/install/my_robot_interfaces/share/my_robot_interfaces/cmake/my_robot_interfaces__rosidl_typesupport_cExport-noconfig.cmake
[4.814s] -- Installing: /home/kacper/action_server_ws/install/my_robot_interfaces/share/my_robot_interfaces/cmake/export_my_robot_interfaces__rosidl_generator_cppExport.cmake
[4.814s] -- Installing: /home/kacper/action_server_ws/install/my_robot_interfaces/share/my_robot_interfaces/cmake/export_my_robot_interfaces__rosidl_typesupport_fastrtps_cppExport.cmake
[4.814s] -- Installing: /home/kacper/action_server_ws/install/my_robot_interfaces/share/my_robot_interfaces/cmake/export_my_robot_interfaces__rosidl_typesupport_fastrtps_cppExport-noconfig.cmake
[4.814s] -- Installing: /home/kacper/action_server_ws/install/my_robot_interfaces/share/my_robot_interfaces/cmake/my_robot_interfaces__rosidl_typesupport_introspection_cppExport.cmake
[4.814s] -- Installing: /home/kacper/action_server_ws/install/my_robot_interfaces/share/my_robot_interfaces/cmake/my_robot_interfaces__rosidl_typesupport_introspection_cppExport-noconfig.cmake
[4.814s] -- Installing: /home/kacper/action_server_ws/install/my_robot_interfaces/share/my_robot_interfaces/cmake/my_robot_interfaces__rosidl_typesupport_cppExport.cmake
[4.815s] -- Installing: /home/kacper/action_server_ws/install/my_robot_interfaces/share/my_robot_interfaces/cmake/my_robot_interfaces__rosidl_typesupport_cppExport-noconfig.cmake
[4.815s] -- Installing: /home/kacper/action_server_ws/install/my_robot_interfaces/share/my_robot_interfaces/cmake/export_my_robot_interfaces__rosidl_generator_pyExport.cmake
[4.815s] -- Installing: /home/kacper/action_server_ws/install/my_robot_interfaces/share/my_robot_interfaces/cmake/export_my_robot_interfaces__rosidl_generator_pyExport-noconfig.cmake
[4.815s] -- Installing: /home/kacper/action_server_ws/install/my_robot_interfaces/share/my_robot_interfaces/cmake/rosidl_cmake-extras.cmake
[4.815s] -- Installing: /home/kacper/action_server_ws/install/my_robot_interfaces/share/my_robot_interfaces/cmake/ament_cmake_export_dependencies-extras.cmake
[4.815s] -- Installing: /home/kacper/action_server_ws/install/my_robot_interfaces/share/my_robot_interfaces/cmake/ament_cmake_export_include_directories-extras.cmake
[4.815s] -- Installing: /home/kacper/action_server_ws/install/my_robot_interfaces/share/my_robot_interfaces/cmake/ament_cmake_export_libraries-extras.cmake
[4.815s] -- Installing: /home/kacper/action_server_ws/install/my_robot_interfaces/share/my_robot_interfaces/cmake/ament_cmake_export_targets-extras.cmake
[4.816s] -- Installing: /home/kacper/action_server_ws/install/my_robot_interfaces/share/my_robot_interfaces/cmake/rosidl_cmake_export_typesupport_targets-extras.cmake
[4.816s] -- Installing: /home/kacper/action_server_ws/install/my_robot_interfaces/share/my_robot_interfaces/cmake/rosidl_cmake_export_typesupport_libraries-extras.cmake
[4.816s] -- Installing: /home/kacper/action_server_ws/install/my_robot_interfaces/share/my_robot_interfaces/cmake/my_robot_interfacesConfig.cmake
[4.816s] -- Installing: /home/kacper/action_server_ws/install/my_robot_interfaces/share/my_robot_interfaces/cmake/my_robot_interfacesConfig-version.cmake
[4.816s] -- Installing: /home/kacper/action_server_ws/install/my_robot_interfaces/share/my_robot_interfaces/package.xml
[4.817s] Invoked command in '/home/kacper/action_server_ws/build/my_robot_interfaces' returned '0': CMAKE_PREFIX_PATH=${CMAKE_PREFIX_PATH}:/home/kacper/action_server_ws/install/actions_py:/home/kacper/project_ws/install/launch_robotnav:/home/kacper/project_ws/install/clearpath_config:/home/kacper/navigation2_tutorials/nav2_gps_waypoint_follower_demo/install/nav2_gps_waypoint_follower_demo:/opt/ros/humble /usr/bin/cmake --install /home/kacper/action_server_ws/build/my_robot_interfaces
