[1.171s] Invoking command in '/home/harry/High_Vis/post_process/src/pdf_generator': PYTHONPATH=/home/harry/High_Vis/post_process/build/pdf_generator/prefix_override:/home/harry/High_Vis/post_process/install/pdf_generator/lib/python3.10/site-packages:${PYTHONPATH} /usr/bin/python3 setup.py egg_info --egg-base ../../build/pdf_generator build --build-base /home/harry/High_Vis/post_process/build/pdf_generator/build install --record /home/harry/High_Vis/post_process/build/pdf_generator/install.log --single-version-externally-managed
[1.433s] running egg_info
[1.434s] writing ../../build/pdf_generator/pdf_generator.egg-info/PKG-INFO
[1.434s] writing dependency_links to ../../build/pdf_generator/pdf_generator.egg-info/dependency_links.txt
[1.435s] writing entry points to ../../build/pdf_generator/pdf_generator.egg-info/entry_points.txt
[1.435s] writing requirements to ../../build/pdf_generator/pdf_generator.egg-info/requires.txt
[1.435s] writing top-level names to ../../build/pdf_generator/pdf_generator.egg-info/top_level.txt
[1.437s] reading manifest file '../../build/pdf_generator/pdf_generator.egg-info/SOURCES.txt'
[1.438s] writing manifest file '../../build/pdf_generator/pdf_generator.egg-info/SOURCES.txt'
[1.438s] running build
[1.438s] running build_py
[1.438s] running install
[1.439s] running install_lib
[1.439s] creating /home/harry/High_Vis/post_process/install/pdf_generator/lib/python3.10/site-packages/pdf_generator
[1.439s] copying /home/harry/High_Vis/post_process/build/pdf_generator/build/lib/pdf_generator/pdf_gen_node.py -> /home/harry/High_Vis/post_process/install/pdf_generator/lib/python3.10/site-packages/pdf_generator
[1.440s] copying /home/harry/High_Vis/post_process/build/pdf_generator/build/lib/pdf_generator/__init__.py -> /home/harry/High_Vis/post_process/install/pdf_generator/lib/python3.10/site-packages/pdf_generator
[1.440s] byte-compiling /home/harry/High_Vis/post_process/install/pdf_generator/lib/python3.10/site-packages/pdf_generator/pdf_gen_node.py to pdf_gen_node.cpython-310.pyc
[1.441s] byte-compiling /home/harry/High_Vis/post_process/install/pdf_generator/lib/python3.10/site-packages/pdf_generator/__init__.py to __init__.cpython-310.pyc
[1.442s] running install_data
[1.442s] running install_egg_info
[1.444s] Copying ../../build/pdf_generator/pdf_generator.egg-info to /home/harry/High_Vis/post_process/install/pdf_generator/lib/python3.10/site-packages/pdf_generator-0.0.0-py3.10.egg-info
[1.445s] running install_scripts
[1.466s] Installing pg_node script to /home/harry/High_Vis/post_process/install/pdf_generator/lib/pdf_generator
[1.467s] writing list of installed files to '/home/harry/High_Vis/post_process/build/pdf_generator/install.log'
[1.502s] Invoked command in '/home/harry/High_Vis/post_process/src/pdf_generator' returned '0': PYTHONPATH=/home/harry/High_Vis/post_process/build/pdf_generator/prefix_override:/home/harry/High_Vis/post_process/install/pdf_generator/lib/python3.10/site-packages:${PYTHONPATH} /usr/bin/python3 setup.py egg_info --egg-base ../../build/pdf_generator build --build-base /home/harry/High_Vis/post_process/build/pdf_generator/build install --record /home/harry/High_Vis/post_process/build/pdf_generator/install.log --single-version-externally-managed
