/home/harry/ros2_ws/src/High_Vis/actions/install/actions_py/lib/python3.10/site-packages/actions_py/monitoring_client_before_integration.py
/home/harry/ros2_ws/src/High_Vis/actions/install/actions_py/lib/python3.10/site-packages/actions_py/monitoring_client.py
/home/harry/ros2_ws/src/High_Vis/actions/install/actions_py/lib/python3.10/site-packages/actions_py/pt_server.py
/home/harry/ros2_ws/src/High_Vis/actions/install/actions_py/lib/python3.10/site-packages/actions_py/ac_server.py
/home/harry/ros2_ws/src/High_Vis/actions/install/actions_py/lib/python3.10/site-packages/actions_py/hotspot_server.py
/home/harry/ros2_ws/src/High_Vis/actions/install/actions_py/lib/python3.10/site-packages/actions_py/nav_server.py
/home/harry/ros2_ws/src/High_Vis/actions/install/actions_py/lib/python3.10/site-packages/actions_py/integration_executable.py
/home/harry/ros2_ws/src/High_Vis/actions/install/actions_py/lib/python3.10/site-packages/actions_py/__init__.py
/home/harry/ros2_ws/src/High_Vis/actions/install/actions_py/lib/python3.10/site-packages/actions_py/__pycache__/monitoring_client_before_integration.cpython-310.pyc
/home/harry/ros2_ws/src/High_Vis/actions/install/actions_py/lib/python3.10/site-packages/actions_py/__pycache__/monitoring_client.cpython-310.pyc
/home/harry/ros2_ws/src/High_Vis/actions/install/actions_py/lib/python3.10/site-packages/actions_py/__pycache__/pt_server.cpython-310.pyc
/home/harry/ros2_ws/src/High_Vis/actions/install/actions_py/lib/python3.10/site-packages/actions_py/__pycache__/ac_server.cpython-310.pyc
/home/harry/ros2_ws/src/High_Vis/actions/install/actions_py/lib/python3.10/site-packages/actions_py/__pycache__/hotspot_server.cpython-310.pyc
/home/harry/ros2_ws/src/High_Vis/actions/install/actions_py/lib/python3.10/site-packages/actions_py/__pycache__/nav_server.cpython-310.pyc
/home/harry/ros2_ws/src/High_Vis/actions/install/actions_py/lib/python3.10/site-packages/actions_py/__pycache__/integration_executable.cpython-310.pyc
/home/harry/ros2_ws/src/High_Vis/actions/install/actions_py/lib/python3.10/site-packages/actions_py/__pycache__/__init__.cpython-310.pyc
/home/harry/ros2_ws/src/High_Vis/actions/install/actions_py/share/ament_index/resource_index/packages/actions_py
/home/harry/ros2_ws/src/High_Vis/actions/install/actions_py/share/actions_py/package.xml
/home/harry/ros2_ws/src/High_Vis/actions/install/actions_py/lib/python3.10/site-packages/actions_py-0.0.0-py3.10.egg-info/requires.txt
/home/harry/ros2_ws/src/High_Vis/actions/install/actions_py/lib/python3.10/site-packages/actions_py-0.0.0-py3.10.egg-info/top_level.txt
/home/harry/ros2_ws/src/High_Vis/actions/install/actions_py/lib/python3.10/site-packages/actions_py-0.0.0-py3.10.egg-info/zip-safe
/home/harry/ros2_ws/src/High_Vis/actions/install/actions_py/lib/python3.10/site-packages/actions_py-0.0.0-py3.10.egg-info/PKG-INFO
/home/harry/ros2_ws/src/High_Vis/actions/install/actions_py/lib/python3.10/site-packages/actions_py-0.0.0-py3.10.egg-info/entry_points.txt
/home/harry/ros2_ws/src/High_Vis/actions/install/actions_py/lib/python3.10/site-packages/actions_py-0.0.0-py3.10.egg-info/SOURCES.txt
/home/harry/ros2_ws/src/High_Vis/actions/install/actions_py/lib/python3.10/site-packages/actions_py-0.0.0-py3.10.egg-info/dependency_links.txt
/home/harry/ros2_ws/src/High_Vis/actions/install/actions_py/lib/actions_py/ac_server
/home/harry/ros2_ws/src/High_Vis/actions/install/actions_py/lib/actions_py/hotspot_server
/home/harry/ros2_ws/src/High_Vis/actions/install/actions_py/lib/actions_py/integration_executable
/home/harry/ros2_ws/src/High_Vis/actions/install/actions_py/lib/actions_py/monitoring_client
/home/harry/ros2_ws/src/High_Vis/actions/install/actions_py/lib/actions_py/monitoring_client_before_integration
/home/harry/ros2_ws/src/High_Vis/actions/install/actions_py/lib/actions_py/nav_server
/home/harry/ros2_ws/src/High_Vis/actions/install/actions_py/lib/actions_py/pt_server
