[1.845s] Invoking command in '/home/harry/ros2_ws/src/High_Vis/hs_rep/build/hotspot_detection': PYTHONPATH=/home/harry/ros2_ws/src/High_Vis/hs_rep/build/hotspot_detection/prefix_override:/home/harry/ros2_ws/src/High_Vis/hs_rep/install/hotspot_detection/lib/python3.10/site-packages:${PYTHONPATH} /usr/bin/python3 setup.py develop --editable --build-directory /home/harry/ros2_ws/src/High_Vis/hs_rep/build/hotspot_detection/build --no-deps install_data
[2.178s] running develop
[2.465s] running egg_info
[2.465s] creating hotspot_detection.egg-info
[2.467s] writing hotspot_detection.egg-info/PKG-INFO
[2.467s] writing dependency_links to hotspot_detection.egg-info/dependency_links.txt
[2.470s] writing entry points to hotspot_detection.egg-info/entry_points.txt
[2.470s] writing requirements to hotspot_detection.egg-info/requires.txt
[2.471s] writing top-level names to hotspot_detection.egg-info/top_level.txt
[2.471s] writing manifest file 'hotspot_detection.egg-info/SOURCES.txt'
[2.479s] reading manifest file 'hotspot_detection.egg-info/SOURCES.txt'
[2.479s] writing manifest file 'hotspot_detection.egg-info/SOURCES.txt'
[2.479s] running build_ext
[2.479s] Creating /home/harry/ros2_ws/src/High_Vis/hs_rep/install/hotspot_detection/lib/python3.10/site-packages/hotspot-detection.egg-link (link to .)
[2.480s] Installing hs_node script to /home/harry/ros2_ws/src/High_Vis/hs_rep/install/hotspot_detection/lib/hotspot_detection
[2.482s] 
[2.482s] Installed /home/harry/ros2_ws/src/High_Vis/hs_rep/build/hotspot_detection
[2.483s] running install_data
[2.484s] creating /home/harry/ros2_ws/src/High_Vis/hs_rep/install/hotspot_detection/share/ament_index
[2.485s] creating /home/harry/ros2_ws/src/High_Vis/hs_rep/install/hotspot_detection/share/ament_index/resource_index
[2.485s] creating /home/harry/ros2_ws/src/High_Vis/hs_rep/install/hotspot_detection/share/ament_index/resource_index/packages
[2.485s] copying resource/hotspot_detection -> /home/harry/ros2_ws/src/High_Vis/hs_rep/install/hotspot_detection/share/ament_index/resource_index/packages
[2.485s] copying package.xml -> /home/harry/ros2_ws/src/High_Vis/hs_rep/install/hotspot_detection/share/hotspot_detection
[2.682s] Invoked command in '/home/harry/ros2_ws/src/High_Vis/hs_rep/build/hotspot_detection' returned '0': PYTHONPATH=/home/harry/ros2_ws/src/High_Vis/hs_rep/build/hotspot_detection/prefix_override:/home/harry/ros2_ws/src/High_Vis/hs_rep/install/hotspot_detection/lib/python3.10/site-packages:${PYTHONPATH} /usr/bin/python3 setup.py develop --editable --build-directory /home/harry/ros2_ws/src/High_Vis/hs_rep/build/hotspot_detection/build --no-deps install_data
