[0.082s] Invoking command in '/home/harry/ros2_ws/src/High_Vis/actions/build/hotspot_action': CMAKE_PREFIX_PATH=${CMAKE_PREFIX_PATH}:/home/harry/ros2_ws/src/High_Vis/actions/install/actions_py:/opt/ros/humble /usr/bin/cmake --build /home/harry/ros2_ws/src/High_Vis/actions/build/hotspot_action -- -j8 -l8
[0.231s] -- Found ament_cmake: 1.3.6 (/opt/ros/humble/share/ament_cmake/cmake)
[0.430s] -- Override CMake install command with custom implementation using symlinks instead of copying resources
[0.468s] -- Found rosidl_default_generators: 1.2.0 (/opt/ros/humble/share/rosidl_default_generators/cmake)
[0.475s] -- Using all available rosidl_typesupport_c: rosidl_typesupport_fastrtps_c;rosidl_typesupport_introspection_c
[0.484s] -- Found rosidl_adapter: 3.1.5 (/opt/ros/humble/share/rosidl_adapter/cmake)
[0.676s] -- Using all available rosidl_typesupport_cpp: rosidl_typesupport_fastrtps_cpp;rosidl_typesupport_introspection_cpp
[1.107s] -- Found ament_cmake_ros: 0.10.0 (/opt/ros/humble/share/ament_cmake_ros/cmake)
[1.299s] -- Using all available rosidl_typesupport_c: rosidl_typesupport_fastrtps_c;rosidl_typesupport_introspection_c
[1.534s] -- Using all available rosidl_typesupport_cpp: rosidl_typesupport_fastrtps_cpp;rosidl_typesupport_introspection_cpp
[1.557s] -- Found python_cmake_module: 0.10.0 (/opt/ros/humble/share/python_cmake_module/cmake)
[1.584s] -- Using PYTHON_EXECUTABLE: /usr/bin/python3
[1.584s] -- Using PYTHON_INCLUDE_DIRS: /usr/include/python3.10
[1.584s] -- Using PYTHON_LIBRARIES: /usr/lib/x86_64-linux-gnu/libpython3.10.so
[1.641s] -- Configuring done
[1.756s] -- Generating done
[1.766s] -- Build files have been written to: /home/harry/ros2_ws/src/High_Vis/actions/build/hotspot_action
[1.792s] [  3%] [34m[1mGenerating C code for ROS interfaces[0m
[1.801s] [  6%] [34m[1mGenerating C++ code for ROS interfaces[0m
[1.813s] [  6%] Built target ament_cmake_python_symlink_hotspot_action
[2.131s] running egg_info
[2.132s] writing hotspot_action.egg-info/PKG-INFO
[2.132s] writing dependency_links to hotspot_action.egg-info/dependency_links.txt
[2.132s] writing top-level names to hotspot_action.egg-info/top_level.txt
[2.136s] reading manifest file 'hotspot_action.egg-info/SOURCES.txt'
[2.137s] writing manifest file 'hotspot_action.egg-info/SOURCES.txt'
[2.163s] [  6%] Built target ament_cmake_python_build_hotspot_action_egg
[2.335s] [35m[1mConsolidate compiler generated dependencies of target hotspot_action__rosidl_generator_c[0m
[2.342s] [  6%] Built target hotspot_action__cpp
[2.350s] [  9%] [32mBuilding C object CMakeFiles/hotspot_action__rosidl_generator_c.dir/rosidl_generator_c/hotspot_action/action/detail/hotspot__functions.c.o[0m
[2.351s] [ 16%] [34m[1mGenerating C++ type support dispatch for ROS interfaces[0m
[2.351s] [ 16%] [34m[1mGenerating C++ type support for eProsima Fast-RTPS[0m
[2.353s] [ 19%] [34m[1mGenerating C++ introspection for ROS interfaces[0m
[2.793s] [ 22%] [32m[1mLinking C shared library libhotspot_action__rosidl_generator_c.so[0m
[2.897s] [35m[1mConsolidate compiler generated dependencies of target hotspot_action__rosidl_typesupport_cpp[0m
[2.929s] [ 25%] [32mBuilding CXX object CMakeFiles/hotspot_action__rosidl_typesupport_cpp.dir/rosidl_typesupport_cpp/hotspot_action/action/hotspot__type_support.cpp.o[0m
[3.013s] [ 25%] Built target hotspot_action__rosidl_generator_c
[3.015s] [35m[1mConsolidate compiler generated dependencies of target hotspot_action__rosidl_typesupport_introspection_cpp[0m
[3.031s] [ 29%] [34m[1mGenerating C introspection for ROS interfaces[0m
[3.038s] [ 32%] [34m[1mGenerating C type support for eProsima Fast-RTPS[0m
[3.053s] [ 35%] [32mBuilding CXX object CMakeFiles/hotspot_action__rosidl_typesupport_introspection_cpp.dir/rosidl_typesupport_introspection_cpp/hotspot_action/action/detail/hotspot__type_support.cpp.o[0m
[3.061s] [ 38%] [34m[1mGenerating C type support dispatch for ROS interfaces[0m
[3.173s] [35m[1mConsolidate compiler generated dependencies of target hotspot_action__rosidl_typesupport_fastrtps_cpp[0m
[3.204s] [ 41%] [32mBuilding CXX object CMakeFiles/hotspot_action__rosidl_typesupport_fastrtps_cpp.dir/rosidl_typesupport_fastrtps_cpp/hotspot_action/action/detail/dds_fastrtps/hotspot__type_support.cpp.o[0m
[3.902s] [35m[1mConsolidate compiler generated dependencies of target hotspot_action__rosidl_typesupport_c[0m
[3.949s] [ 45%] [32mBuilding CXX object CMakeFiles/hotspot_action__rosidl_typesupport_c.dir/rosidl_typesupport_c/hotspot_action/action/hotspot__type_support.cpp.o[0m
[4.120s] [35m[1mConsolidate compiler generated dependencies of target hotspot_action__rosidl_typesupport_introspection_c[0m
[4.167s] [ 48%] [32mBuilding C object CMakeFiles/hotspot_action__rosidl_typesupport_introspection_c.dir/rosidl_typesupport_introspection_c/hotspot_action/action/detail/hotspot__type_support.c.o[0m
[4.194s] [ 51%] [32m[1mLinking CXX shared library libhotspot_action__rosidl_typesupport_c.so[0m
[4.248s] [35m[1mConsolidate compiler generated dependencies of target hotspot_action__rosidl_typesupport_fastrtps_c[0m
[4.282s] [ 54%] [32mBuilding CXX object CMakeFiles/hotspot_action__rosidl_typesupport_fastrtps_c.dir/rosidl_typesupport_fastrtps_c/hotspot_action/action/detail/hotspot__type_support_c.cpp.o[0m
[4.382s] [ 58%] [32m[1mLinking C shared library libhotspot_action__rosidl_typesupport_introspection_c.so[0m
[4.586s] [ 58%] Built target hotspot_action__rosidl_typesupport_c
[4.702s] [ 61%] [32m[1mLinking CXX shared library libhotspot_action__rosidl_typesupport_cpp.so[0m
[4.703s] [ 61%] Built target hotspot_action__rosidl_typesupport_introspection_c
[4.899s] [ 64%] [32m[1mLinking CXX shared library libhotspot_action__rosidl_typesupport_fastrtps_cpp.so[0m
[5.002s] [ 64%] Built target hotspot_action__rosidl_typesupport_cpp
[5.030s] [ 67%] [32m[1mLinking CXX shared library libhotspot_action__rosidl_typesupport_introspection_cpp.so[0m
[5.258s] [ 67%] Built target hotspot_action__rosidl_typesupport_fastrtps_cpp
[5.339s] [ 70%] [32m[1mLinking CXX shared library libhotspot_action__rosidl_typesupport_fastrtps_c.so[0m
[5.349s] [ 70%] Built target hotspot_action__rosidl_typesupport_introspection_cpp
[5.541s] [ 70%] Built target hotspot_action__rosidl_typesupport_fastrtps_c
[5.563s] [ 70%] Built target hotspot_action
[5.583s] [ 74%] [34m[1mGenerating Python code for ROS interfaces[0m
[6.787s] [ 74%] Built target hotspot_action__py
[6.798s] [35m[1mConsolidate compiler generated dependencies of target hotspot_action__rosidl_generator_py[0m
[6.811s] [ 77%] [32mBuilding C object CMakeFiles/hotspot_action__rosidl_generator_py.dir/rosidl_generator_py/hotspot_action/action/_hotspot_s.c.o[0m
[7.076s] [ 80%] [32m[1mLinking C shared library rosidl_generator_py/hotspot_action/libhotspot_action__rosidl_generator_py.so[0m
[7.198s] [ 80%] Built target hotspot_action__rosidl_generator_py
[7.210s] [35m[1mConsolidate compiler generated dependencies of target hotspot_action__rosidl_typesupport_introspection_c__pyext[0m
[7.210s] [35m[1mConsolidate compiler generated dependencies of target hotspot_action__rosidl_typesupport_fastrtps_c__pyext[0m
[7.210s] [35m[1mConsolidate compiler generated dependencies of target hotspot_action__rosidl_typesupport_c__pyext[0m
[7.227s] [ 83%] [32mBuilding C object CMakeFiles/hotspot_action__rosidl_typesupport_fastrtps_c__pyext.dir/rosidl_generator_py/hotspot_action/_hotspot_action_s.ep.rosidl_typesupport_fastrtps_c.c.o[0m
[7.227s] [ 87%] [32mBuilding C object CMakeFiles/hotspot_action__rosidl_typesupport_introspection_c__pyext.dir/rosidl_generator_py/hotspot_action/_hotspot_action_s.ep.rosidl_typesupport_introspection_c.c.o[0m
[7.228s] [ 90%] [32mBuilding C object CMakeFiles/hotspot_action__rosidl_typesupport_c__pyext.dir/rosidl_generator_py/hotspot_action/_hotspot_action_s.ep.rosidl_typesupport_c.c.o[0m
[7.396s] [ 93%] [32m[1mLinking C shared library rosidl_generator_py/hotspot_action/hotspot_action_s__rosidl_typesupport_introspection_c.cpython-310-x86_64-linux-gnu.so[0m
[7.409s] [ 96%] [32m[1mLinking C shared library rosidl_generator_py/hotspot_action/hotspot_action_s__rosidl_typesupport_fastrtps_c.cpython-310-x86_64-linux-gnu.so[0m
[7.421s] [100%] [32m[1mLinking C shared library rosidl_generator_py/hotspot_action/hotspot_action_s__rosidl_typesupport_c.cpython-310-x86_64-linux-gnu.so[0m
[7.586s] [100%] Built target hotspot_action__rosidl_typesupport_fastrtps_c__pyext
[7.587s] [100%] Built target hotspot_action__rosidl_typesupport_introspection_c__pyext
[7.600s] [100%] Built target hotspot_action__rosidl_typesupport_c__pyext
[7.615s] Invoked command in '/home/harry/ros2_ws/src/High_Vis/actions/build/hotspot_action' returned '0': CMAKE_PREFIX_PATH=${CMAKE_PREFIX_PATH}:/home/harry/ros2_ws/src/High_Vis/actions/install/actions_py:/opt/ros/humble /usr/bin/cmake --build /home/harry/ros2_ws/src/High_Vis/actions/build/hotspot_action -- -j8 -l8
[7.701s] Invoking command in '/home/harry/ros2_ws/src/High_Vis/actions/build/hotspot_action': CMAKE_PREFIX_PATH=${CMAKE_PREFIX_PATH}:/home/harry/ros2_ws/src/High_Vis/actions/install/actions_py:/opt/ros/humble /usr/bin/cmake --install /home/harry/ros2_ws/src/High_Vis/actions/build/hotspot_action
[7.709s] -- Install configuration: ""
[7.710s] -- Execute custom install script
[7.711s] -- Up-to-date symlink: /home/harry/ros2_ws/src/High_Vis/actions/install/hotspot_action/share/ament_index/resource_index/rosidl_interfaces/hotspot_action
[7.712s] -- Up-to-date symlink: /home/harry/ros2_ws/src/High_Vis/actions/install/hotspot_action/include/hotspot_action/hotspot_action/action/detail/hotspot__functions.h
[7.713s] -- Up-to-date symlink: /home/harry/ros2_ws/src/High_Vis/actions/install/hotspot_action/include/hotspot_action/hotspot_action/action/detail/hotspot__struct.h
[7.713s] -- Up-to-date symlink: /home/harry/ros2_ws/src/High_Vis/actions/install/hotspot_action/include/hotspot_action/hotspot_action/action/detail/hotspot__type_support.h
[7.713s] -- Up-to-date symlink: /home/harry/ros2_ws/src/High_Vis/actions/install/hotspot_action/include/hotspot_action/hotspot_action/action/hotspot.h
[7.714s] -- Up-to-date symlink: /home/harry/ros2_ws/src/High_Vis/actions/install/hotspot_action/include/hotspot_action/hotspot_action/msg/rosidl_generator_c__visibility_control.h
[7.714s] -- Up-to-date symlink: /home/harry/ros2_ws/src/High_Vis/actions/install/hotspot_action/share/hotspot_action/environment/library_path.sh
[7.714s] -- Up-to-date symlink: /home/harry/ros2_ws/src/High_Vis/actions/install/hotspot_action/share/hotspot_action/environment/library_path.dsv
[7.714s] -- Up-to-date symlink: /home/harry/ros2_ws/src/High_Vis/actions/install/hotspot_action/include/hotspot_action/hotspot_action/action/detail/hotspot__rosidl_typesupport_fastrtps_c.h
[7.715s] -- Up-to-date symlink: /home/harry/ros2_ws/src/High_Vis/actions/install/hotspot_action/include/hotspot_action/hotspot_action/msg/rosidl_typesupport_fastrtps_c__visibility_control.h
[7.715s] -- Up-to-date symlink: /home/harry/ros2_ws/src/High_Vis/actions/install/hotspot_action/include/hotspot_action/hotspot_action/action/detail/hotspot__rosidl_typesupport_introspection_c.h
[7.715s] -- Up-to-date symlink: /home/harry/ros2_ws/src/High_Vis/actions/install/hotspot_action/include/hotspot_action/hotspot_action/msg/rosidl_typesupport_introspection_c__visibility_control.h
[7.716s] -- Up-to-date symlink: /home/harry/ros2_ws/src/High_Vis/actions/install/hotspot_action/include/hotspot_action/hotspot_action/action/detail/hotspot__builder.hpp
[7.716s] -- Up-to-date symlink: /home/harry/ros2_ws/src/High_Vis/actions/install/hotspot_action/include/hotspot_action/hotspot_action/action/detail/hotspot__struct.hpp
[7.716s] -- Up-to-date symlink: /home/harry/ros2_ws/src/High_Vis/actions/install/hotspot_action/include/hotspot_action/hotspot_action/action/detail/hotspot__traits.hpp
[7.717s] -- Up-to-date symlink: /home/harry/ros2_ws/src/High_Vis/actions/install/hotspot_action/include/hotspot_action/hotspot_action/action/hotspot.hpp
[7.717s] -- Up-to-date symlink: /home/harry/ros2_ws/src/High_Vis/actions/install/hotspot_action/include/hotspot_action/hotspot_action/action/detail/hotspot__rosidl_typesupport_fastrtps_cpp.hpp
[7.717s] -- Up-to-date symlink: /home/harry/ros2_ws/src/High_Vis/actions/install/hotspot_action/include/hotspot_action/hotspot_action/msg/rosidl_typesupport_fastrtps_cpp__visibility_control.h
[7.722s] -- Up-to-date symlink: /home/harry/ros2_ws/src/High_Vis/actions/install/hotspot_action/include/hotspot_action/hotspot_action/action/detail/hotspot__rosidl_typesupport_introspection_cpp.hpp
[7.722s] -- Up-to-date symlink: /home/harry/ros2_ws/src/High_Vis/actions/install/hotspot_action/share/hotspot_action/environment/pythonpath.sh
[7.722s] -- Up-to-date symlink: /home/harry/ros2_ws/src/High_Vis/actions/install/hotspot_action/share/hotspot_action/environment/pythonpath.dsv
[7.723s] -- Up-to-date symlink: /home/harry/ros2_ws/src/High_Vis/actions/install/hotspot_action/local/lib/python3.10/dist-packages/hotspot_action-0.0.0-py3.10.egg-info/PKG-INFO
[7.723s] -- Up-to-date symlink: /home/harry/ros2_ws/src/High_Vis/actions/install/hotspot_action/local/lib/python3.10/dist-packages/hotspot_action-0.0.0-py3.10.egg-info/SOURCES.txt
[7.723s] -- Up-to-date symlink: /home/harry/ros2_ws/src/High_Vis/actions/install/hotspot_action/local/lib/python3.10/dist-packages/hotspot_action-0.0.0-py3.10.egg-info/dependency_links.txt
[7.723s] -- Up-to-date symlink: /home/harry/ros2_ws/src/High_Vis/actions/install/hotspot_action/local/lib/python3.10/dist-packages/hotspot_action-0.0.0-py3.10.egg-info/top_level.txt
[7.724s] -- Up-to-date symlink: /home/harry/ros2_ws/src/High_Vis/actions/install/hotspot_action/local/lib/python3.10/dist-packages/hotspot_action/__init__.py
[7.724s] -- Up-to-date symlink: /home/harry/ros2_ws/src/High_Vis/actions/install/hotspot_action/local/lib/python3.10/dist-packages/hotspot_action/_hotspot_action_s.ep.rosidl_typesupport_c.c
[7.724s] -- Up-to-date symlink: /home/harry/ros2_ws/src/High_Vis/actions/install/hotspot_action/local/lib/python3.10/dist-packages/hotspot_action/_hotspot_action_s.ep.rosidl_typesupport_fastrtps_c.c
[7.725s] -- Up-to-date symlink: /home/harry/ros2_ws/src/High_Vis/actions/install/hotspot_action/local/lib/python3.10/dist-packages/hotspot_action/_hotspot_action_s.ep.rosidl_typesupport_introspection_c.c
[7.725s] -- Up-to-date symlink: /home/harry/ros2_ws/src/High_Vis/actions/install/hotspot_action/local/lib/python3.10/dist-packages/hotspot_action/action/__init__.py
[7.726s] -- Up-to-date symlink: /home/harry/ros2_ws/src/High_Vis/actions/install/hotspot_action/local/lib/python3.10/dist-packages/hotspot_action/action/_hotspot.py
[7.726s] -- Up-to-date symlink: /home/harry/ros2_ws/src/High_Vis/actions/install/hotspot_action/local/lib/python3.10/dist-packages/hotspot_action/action/_hotspot_s.c
[7.726s] -- Up-to-date symlink: /home/harry/ros2_ws/src/High_Vis/actions/install/hotspot_action/local/lib/python3.10/dist-packages/hotspot_action/hotspot_action_s__rosidl_typesupport_c.cpython-310-x86_64-linux-gnu.so
[7.727s] -- Up-to-date symlink: /home/harry/ros2_ws/src/High_Vis/actions/install/hotspot_action/local/lib/python3.10/dist-packages/hotspot_action/hotspot_action_s__rosidl_typesupport_fastrtps_c.cpython-310-x86_64-linux-gnu.so
[7.727s] -- Up-to-date symlink: /home/harry/ros2_ws/src/High_Vis/actions/install/hotspot_action/local/lib/python3.10/dist-packages/hotspot_action/hotspot_action_s__rosidl_typesupport_introspection_c.cpython-310-x86_64-linux-gnu.so
[7.728s] -- Up-to-date symlink: /home/harry/ros2_ws/src/High_Vis/actions/install/hotspot_action/local/lib/python3.10/dist-packages/hotspot_action/libhotspot_action__rosidl_generator_py.so
[7.728s] -- Up-to-date symlink: /home/harry/ros2_ws/src/High_Vis/actions/install/hotspot_action/local/lib/python3.10/dist-packages/hotspot_action/hotspot_action_s__rosidl_typesupport_fastrtps_c.cpython-310-x86_64-linux-gnu.so
[7.729s] -- Up-to-date symlink: /home/harry/ros2_ws/src/High_Vis/actions/install/hotspot_action/local/lib/python3.10/dist-packages/hotspot_action/hotspot_action_s__rosidl_typesupport_introspection_c.cpython-310-x86_64-linux-gnu.so
[7.729s] -- Up-to-date symlink: /home/harry/ros2_ws/src/High_Vis/actions/install/hotspot_action/local/lib/python3.10/dist-packages/hotspot_action/hotspot_action_s__rosidl_typesupport_c.cpython-310-x86_64-linux-gnu.so
[7.729s] -- Up-to-date symlink: /home/harry/ros2_ws/src/High_Vis/actions/install/hotspot_action/share/hotspot_action/action/Hotspot.idl
[7.729s] -- Up-to-date symlink: /home/harry/ros2_ws/src/High_Vis/actions/install/hotspot_action/share/hotspot_action/action/Hotspot.action
[7.730s] -- Up-to-date symlink: /home/harry/ros2_ws/src/High_Vis/actions/install/hotspot_action/share/ament_index/resource_index/package_run_dependencies/hotspot_action
[7.730s] -- Up-to-date symlink: /home/harry/ros2_ws/src/High_Vis/actions/install/hotspot_action/share/ament_index/resource_index/parent_prefix_path/hotspot_action
[7.730s] -- Up-to-date symlink: /home/harry/ros2_ws/src/High_Vis/actions/install/hotspot_action/share/hotspot_action/environment/ament_prefix_path.sh
[7.730s] -- Up-to-date symlink: /home/harry/ros2_ws/src/High_Vis/actions/install/hotspot_action/share/hotspot_action/environment/ament_prefix_path.dsv
[7.730s] -- Up-to-date symlink: /home/harry/ros2_ws/src/High_Vis/actions/install/hotspot_action/share/hotspot_action/environment/path.sh
[7.730s] -- Up-to-date symlink: /home/harry/ros2_ws/src/High_Vis/actions/install/hotspot_action/share/hotspot_action/environment/path.dsv
[7.731s] -- Up-to-date symlink: /home/harry/ros2_ws/src/High_Vis/actions/install/hotspot_action/share/hotspot_action/local_setup.bash
[7.731s] -- Up-to-date symlink: /home/harry/ros2_ws/src/High_Vis/actions/install/hotspot_action/share/hotspot_action/local_setup.sh
[7.731s] -- Up-to-date symlink: /home/harry/ros2_ws/src/High_Vis/actions/install/hotspot_action/share/hotspot_action/local_setup.zsh
[7.731s] -- Up-to-date symlink: /home/harry/ros2_ws/src/High_Vis/actions/install/hotspot_action/share/hotspot_action/local_setup.dsv
[7.731s] -- Symlinking: /home/harry/ros2_ws/src/High_Vis/actions/install/hotspot_action/share/hotspot_action/package.dsv
[7.738s] -- Up-to-date symlink: /home/harry/ros2_ws/src/High_Vis/actions/install/hotspot_action/share/ament_index/resource_index/packages/hotspot_action
[7.738s] -- Up-to-date symlink: /home/harry/ros2_ws/src/High_Vis/actions/install/hotspot_action/share/hotspot_action/cmake/rosidl_cmake-extras.cmake
[7.738s] -- Up-to-date symlink: /home/harry/ros2_ws/src/High_Vis/actions/install/hotspot_action/share/hotspot_action/cmake/ament_cmake_export_dependencies-extras.cmake
[7.739s] -- Up-to-date symlink: /home/harry/ros2_ws/src/High_Vis/actions/install/hotspot_action/share/hotspot_action/cmake/ament_cmake_export_include_directories-extras.cmake
[7.739s] -- Up-to-date symlink: /home/harry/ros2_ws/src/High_Vis/actions/install/hotspot_action/share/hotspot_action/cmake/ament_cmake_export_libraries-extras.cmake
[7.739s] -- Up-to-date symlink: /home/harry/ros2_ws/src/High_Vis/actions/install/hotspot_action/share/hotspot_action/cmake/ament_cmake_export_targets-extras.cmake
[7.740s] -- Up-to-date symlink: /home/harry/ros2_ws/src/High_Vis/actions/install/hotspot_action/share/hotspot_action/cmake/rosidl_cmake_export_typesupport_targets-extras.cmake
[7.740s] -- Up-to-date symlink: /home/harry/ros2_ws/src/High_Vis/actions/install/hotspot_action/share/hotspot_action/cmake/rosidl_cmake_export_typesupport_libraries-extras.cmake
[7.740s] -- Up-to-date symlink: /home/harry/ros2_ws/src/High_Vis/actions/install/hotspot_action/share/hotspot_action/cmake/hotspot_actionConfig.cmake
[7.740s] -- Up-to-date symlink: /home/harry/ros2_ws/src/High_Vis/actions/install/hotspot_action/share/hotspot_action/cmake/hotspot_actionConfig-version.cmake
[7.740s] -- Up-to-date symlink: /home/harry/ros2_ws/src/High_Vis/actions/install/hotspot_action/share/hotspot_action/package.xml
[7.742s] -- Installing: /home/harry/ros2_ws/src/High_Vis/actions/install/hotspot_action/lib/libhotspot_action__rosidl_generator_c.so
[7.743s] -- Set runtime path of "/home/harry/ros2_ws/src/High_Vis/actions/install/hotspot_action/lib/libhotspot_action__rosidl_generator_c.so" to ""
[7.744s] -- Installing: /home/harry/ros2_ws/src/High_Vis/actions/install/hotspot_action/lib/libhotspot_action__rosidl_typesupport_fastrtps_c.so
[7.744s] -- Set runtime path of "/home/harry/ros2_ws/src/High_Vis/actions/install/hotspot_action/lib/libhotspot_action__rosidl_typesupport_fastrtps_c.so" to ""
[7.745s] -- Installing: /home/harry/ros2_ws/src/High_Vis/actions/install/hotspot_action/lib/libhotspot_action__rosidl_typesupport_introspection_c.so
[7.746s] -- Set runtime path of "/home/harry/ros2_ws/src/High_Vis/actions/install/hotspot_action/lib/libhotspot_action__rosidl_typesupport_introspection_c.so" to ""
[7.747s] -- Installing: /home/harry/ros2_ws/src/High_Vis/actions/install/hotspot_action/lib/libhotspot_action__rosidl_typesupport_c.so
[7.747s] -- Set runtime path of "/home/harry/ros2_ws/src/High_Vis/actions/install/hotspot_action/lib/libhotspot_action__rosidl_typesupport_c.so" to ""
[7.747s] -- Installing: /home/harry/ros2_ws/src/High_Vis/actions/install/hotspot_action/lib/libhotspot_action__rosidl_typesupport_fastrtps_cpp.so
[7.749s] -- Set runtime path of "/home/harry/ros2_ws/src/High_Vis/actions/install/hotspot_action/lib/libhotspot_action__rosidl_typesupport_fastrtps_cpp.so" to ""
[7.749s] -- Installing: /home/harry/ros2_ws/src/High_Vis/actions/install/hotspot_action/lib/libhotspot_action__rosidl_typesupport_introspection_cpp.so
[7.749s] -- Set runtime path of "/home/harry/ros2_ws/src/High_Vis/actions/install/hotspot_action/lib/libhotspot_action__rosidl_typesupport_introspection_cpp.so" to ""
[7.749s] -- Installing: /home/harry/ros2_ws/src/High_Vis/actions/install/hotspot_action/lib/libhotspot_action__rosidl_typesupport_cpp.so
[7.750s] -- Set runtime path of "/home/harry/ros2_ws/src/High_Vis/actions/install/hotspot_action/lib/libhotspot_action__rosidl_typesupport_cpp.so" to ""
[7.797s] Listing '/home/harry/ros2_ws/src/High_Vis/actions/install/hotspot_action/local/lib/python3.10/dist-packages/hotspot_action'...
[7.797s] Compiling '/home/harry/ros2_ws/src/High_Vis/actions/install/hotspot_action/local/lib/python3.10/dist-packages/hotspot_action/__init__.py'...
[7.797s] Listing '/home/harry/ros2_ws/src/High_Vis/actions/install/hotspot_action/local/lib/python3.10/dist-packages/hotspot_action/action'...
[7.797s] Compiling '/home/harry/ros2_ws/src/High_Vis/actions/install/hotspot_action/local/lib/python3.10/dist-packages/hotspot_action/action/__init__.py'...
[7.798s] Compiling '/home/harry/ros2_ws/src/High_Vis/actions/install/hotspot_action/local/lib/python3.10/dist-packages/hotspot_action/action/_hotspot.py'...
[7.803s] -- Installing: /home/harry/ros2_ws/src/High_Vis/actions/install/hotspot_action/lib/libhotspot_action__rosidl_generator_py.so
[7.804s] -- Set runtime path of "/home/harry/ros2_ws/src/High_Vis/actions/install/hotspot_action/lib/libhotspot_action__rosidl_generator_py.so" to ""
[7.804s] -- Up-to-date: /home/harry/ros2_ws/src/High_Vis/actions/install/hotspot_action/share/hotspot_action/cmake/export_hotspot_action__rosidl_generator_cExport.cmake
[7.804s] -- Up-to-date: /home/harry/ros2_ws/src/High_Vis/actions/install/hotspot_action/share/hotspot_action/cmake/export_hotspot_action__rosidl_generator_cExport-noconfig.cmake
[7.805s] -- Up-to-date: /home/harry/ros2_ws/src/High_Vis/actions/install/hotspot_action/share/hotspot_action/cmake/export_hotspot_action__rosidl_typesupport_fastrtps_cExport.cmake
[7.805s] -- Up-to-date: /home/harry/ros2_ws/src/High_Vis/actions/install/hotspot_action/share/hotspot_action/cmake/export_hotspot_action__rosidl_typesupport_fastrtps_cExport-noconfig.cmake
[7.806s] -- Up-to-date: /home/harry/ros2_ws/src/High_Vis/actions/install/hotspot_action/share/hotspot_action/cmake/hotspot_action__rosidl_typesupport_introspection_cExport.cmake
[7.806s] -- Up-to-date: /home/harry/ros2_ws/src/High_Vis/actions/install/hotspot_action/share/hotspot_action/cmake/hotspot_action__rosidl_typesupport_introspection_cExport-noconfig.cmake
[7.806s] -- Up-to-date: /home/harry/ros2_ws/src/High_Vis/actions/install/hotspot_action/share/hotspot_action/cmake/hotspot_action__rosidl_typesupport_cExport.cmake
[7.806s] -- Up-to-date: /home/harry/ros2_ws/src/High_Vis/actions/install/hotspot_action/share/hotspot_action/cmake/hotspot_action__rosidl_typesupport_cExport-noconfig.cmake
[7.806s] -- Up-to-date: /home/harry/ros2_ws/src/High_Vis/actions/install/hotspot_action/share/hotspot_action/cmake/export_hotspot_action__rosidl_generator_cppExport.cmake
[7.806s] -- Up-to-date: /home/harry/ros2_ws/src/High_Vis/actions/install/hotspot_action/share/hotspot_action/cmake/export_hotspot_action__rosidl_typesupport_fastrtps_cppExport.cmake
[7.806s] -- Up-to-date: /home/harry/ros2_ws/src/High_Vis/actions/install/hotspot_action/share/hotspot_action/cmake/export_hotspot_action__rosidl_typesupport_fastrtps_cppExport-noconfig.cmake
[7.806s] -- Up-to-date: /home/harry/ros2_ws/src/High_Vis/actions/install/hotspot_action/share/hotspot_action/cmake/hotspot_action__rosidl_typesupport_introspection_cppExport.cmake
[7.806s] -- Up-to-date: /home/harry/ros2_ws/src/High_Vis/actions/install/hotspot_action/share/hotspot_action/cmake/hotspot_action__rosidl_typesupport_introspection_cppExport-noconfig.cmake
[7.806s] -- Up-to-date: /home/harry/ros2_ws/src/High_Vis/actions/install/hotspot_action/share/hotspot_action/cmake/hotspot_action__rosidl_typesupport_cppExport.cmake
[7.807s] -- Up-to-date: /home/harry/ros2_ws/src/High_Vis/actions/install/hotspot_action/share/hotspot_action/cmake/hotspot_action__rosidl_typesupport_cppExport-noconfig.cmake
[7.807s] -- Up-to-date: /home/harry/ros2_ws/src/High_Vis/actions/install/hotspot_action/share/hotspot_action/cmake/export_hotspot_action__rosidl_generator_pyExport.cmake
[7.807s] -- Up-to-date: /home/harry/ros2_ws/src/High_Vis/actions/install/hotspot_action/share/hotspot_action/cmake/export_hotspot_action__rosidl_generator_pyExport-noconfig.cmake
[7.810s] Invoked command in '/home/harry/ros2_ws/src/High_Vis/actions/build/hotspot_action' returned '0': CMAKE_PREFIX_PATH=${CMAKE_PREFIX_PATH}:/home/harry/ros2_ws/src/High_Vis/actions/install/actions_py:/opt/ros/humble /usr/bin/cmake --install /home/harry/ros2_ws/src/High_Vis/actions/build/hotspot_action
