[2.440s] Invoking command in '/home/harry/ros2_ws/src/High_Vis/actions/build/actions_py': PYTHONPATH=/home/harry/ros2_ws/src/High_Vis/actions/build/actions_py/prefix_override:/home/harry/ros2_ws/src/High_Vis/actions/install/actions_py/lib/python3.10/site-packages:${PYTHONPATH} /usr/bin/python3 setup.py develop --editable --build-directory /home/harry/ros2_ws/src/High_Vis/actions/build/actions_py/build --no-deps install_data
[2.689s] running develop
[2.891s] running egg_info
[2.892s] writing actions_py.egg-info/PKG-INFO
[2.892s] writing dependency_links to actions_py.egg-info/dependency_links.txt
[2.893s] writing entry points to actions_py.egg-info/entry_points.txt
[2.894s] writing requirements to actions_py.egg-info/requires.txt
[2.894s] writing top-level names to actions_py.egg-info/top_level.txt
[2.897s] reading manifest file 'actions_py.egg-info/SOURCES.txt'
[2.898s] writing manifest file 'actions_py.egg-info/SOURCES.txt'
[2.899s] running build_ext
[2.899s] Creating /home/harry/ros2_ws/src/High_Vis/actions/install/actions_py/lib/python3.10/site-packages/actions-py.egg-link (link to .)
[2.900s] Installing hotspot_server script to /home/harry/ros2_ws/src/High_Vis/actions/install/actions_py/lib/actions_py
[2.901s] Installing nav_server script to /home/harry/ros2_ws/src/High_Vis/actions/install/actions_py/lib/actions_py
[2.901s] Installing overall_client script to /home/harry/ros2_ws/src/High_Vis/actions/install/actions_py/lib/actions_py
[2.901s] Installing pt_server script to /home/harry/ros2_ws/src/High_Vis/actions/install/actions_py/lib/actions_py
[2.901s] 
[2.902s] Installed /home/harry/ros2_ws/src/High_Vis/actions/build/actions_py
[2.902s] running install_data
[2.940s] Invoked command in '/home/harry/ros2_ws/src/High_Vis/actions/build/actions_py' returned '0': PYTHONPATH=/home/harry/ros2_ws/src/High_Vis/actions/build/actions_py/prefix_override:/home/harry/ros2_ws/src/High_Vis/actions/install/actions_py/lib/python3.10/site-packages:${PYTHONPATH} /usr/bin/python3 setup.py develop --editable --build-directory /home/harry/ros2_ws/src/High_Vis/actions/build/actions_py/build --no-deps install_data
