[1.042s] Invoking command in '/home/harry/ros2_ws/src/High_Vis/actions/build/actions_py': PYTHONPATH=/home/harry/ros2_ws/src/High_Vis/actions/build/actions_py/prefix_override:/home/harry/ros2_ws/src/High_Vis/actions/install/actions_py/lib/python3.10/site-packages:${PYTHONPATH} /usr/bin/python3 setup.py develop --editable --build-directory /home/harry/ros2_ws/src/High_Vis/actions/build/actions_py/build --no-deps install_data
[1.322s] running develop
[1.504s] running egg_info
[1.505s] writing actions_py.egg-info/PKG-INFO
[1.505s] writing dependency_links to actions_py.egg-info/dependency_links.txt
[1.506s] writing entry points to actions_py.egg-info/entry_points.txt
[1.506s] writing requirements to actions_py.egg-info/requires.txt
[1.506s] writing top-level names to actions_py.egg-info/top_level.txt
[1.508s] reading manifest file 'actions_py.egg-info/SOURCES.txt'
[1.509s] writing manifest file 'actions_py.egg-info/SOURCES.txt'
[1.511s] running build_ext
[1.511s] Creating /home/harry/ros2_ws/src/High_Vis/actions/install/actions_py/lib/python3.10/site-packages/actions-py.egg-link (link to .)
[1.512s] Installing hotspot_server script to /home/harry/ros2_ws/src/High_Vis/actions/install/actions_py/lib/actions_py
[1.512s] Installing nav_server script to /home/harry/ros2_ws/src/High_Vis/actions/install/actions_py/lib/actions_py
[1.513s] Installing overall_client script to /home/harry/ros2_ws/src/High_Vis/actions/install/actions_py/lib/actions_py
[1.513s] Installing pt_server script to /home/harry/ros2_ws/src/High_Vis/actions/install/actions_py/lib/actions_py
[1.514s] 
[1.514s] Installed /home/harry/ros2_ws/src/High_Vis/actions/build/actions_py
[1.515s] running install_data
[1.557s] Invoked command in '/home/harry/ros2_ws/src/High_Vis/actions/build/actions_py' returned '0': PYTHONPATH=/home/harry/ros2_ws/src/High_Vis/actions/build/actions_py/prefix_override:/home/harry/ros2_ws/src/High_Vis/actions/install/actions_py/lib/python3.10/site-packages:${PYTHONPATH} /usr/bin/python3 setup.py develop --editable --build-directory /home/harry/ros2_ws/src/High_Vis/actions/build/actions_py/build --no-deps install_data
