[0.689s] Invoking command in '/home/msc-robot/Documents/Team4_ros_ws/src/High_Vis/Thermal_Images/build/tracetools_image_pipeline': CMAKE_PREFIX_PATH=${CMAKE_PREFIX_PATH}:/home/msc-robot/Documents/Team4_ros_ws/src/High_Vis/Thermal_Images/install/camera_calibration:/home/msc-robot/Documents/Team4_ros_ws/src/High_Vis/Thermal_Images/install/Thermal_Image_Save:/home/msc-robot/Documents/Team4_ros_ws/src/High_Vis/post_process/install/pdf_generator:/home/msc-robot/Documents/Team4_ros_ws/src/High_Vis/post_process/install/hotspot_detection:/home/msc-robot/Documents/Team4_ros_ws/src/Thermal/install/camera_calibration:/home/msc-robot/Documents/Team4_ros_ws/src/Thermal/install/Thermal_save:/home/msc-robot/Documents/Team4_ros_ws/install/launch_robotnav:/home/msc-robot/Documents/Team4_ros_ws/install/clearpath_generator_gz:/home/msc-robot/Documents/Team4_ros_ws/install/clearpath_config:/home/msc-robot/Documents/Team4_ros_ws/install/camera_calibration:/home/msc-robot/Documents/Team4_ros_ws/install/Thermal_save:/opt/ros/humble /usr/bin/cmake /home/msc-robot/Documents/Team4_ros_ws/src/High_Vis/Thermal_Images/src/image_pipeline/tracetools_image_pipeline -DAMENT_CMAKE_SYMLINK_INSTALL=1 -DCMAKE_INSTALL_PREFIX=/home/msc-robot/Documents/Team4_ros_ws/src/High_Vis/Thermal_Images/install/tracetools_image_pipeline
[1.336s] -- The C compiler identification is GNU 11.4.0
[1.336s] -- The CXX compiler identification is GNU 11.4.0
[1.336s] -- Detecting C compiler ABI info
[1.336s] -- Detecting C compiler ABI info - done
[1.336s] -- Check for working C compiler: /usr/bin/cc - skipped
[1.337s] -- Detecting C compile features
[1.337s] -- Detecting C compile features - done
[1.337s] -- Detecting CXX compiler ABI info
[1.404s] -- Detecting CXX compiler ABI info - done
[1.425s] -- Check for working CXX compiler: /usr/bin/c++ - skipped
[1.426s] -- Detecting CXX compile features
[1.427s] -- Detecting CXX compile features - done
[1.449s] -- Found ament_cmake_ros: 0.10.0 (/opt/ros/humble/share/ament_cmake_ros/cmake)
[1.999s] -- Found Python3: /usr/bin/python3 (found version "3.10.12") found components: Interpreter 
[2.167s] -- Override CMake install command with custom implementation using symlinks instead of copying resources
[2.428s] -- Found PkgConfig: /usr/bin/pkg-config (found version "0.29.2") 
[2.429s] -- Checking for module 'lttng-ust'
[2.446s] --   No package 'lttng-ust' found
[2.470s] -- Found ament_lint_auto: 0.12.10 (/opt/ros/humble/share/ament_lint_auto/cmake)
[2.824s] -- Added test 'copyright' to check source files copyright and LICENSE
[2.831s] -- Added test 'cppcheck' to perform static code analysis on C / C++ code
[2.832s] -- Configured cppcheck include dirs: 
[2.832s] -- Configured cppcheck exclude dirs and/or files: 
[2.843s] -- Added test 'cpplint' to check C / C++ code against the Google style
[2.843s] -- Configured cpplint exclude dirs and/or files: 
[2.849s] -- Added test 'lint_cmake' to check CMake code style
[2.856s] -- Added test 'uncrustify' to check C / C++ code style
[2.856s] -- Configured uncrustify additional arguments: 
[2.860s] -- Added test 'xmllint' to check XML markup files
[2.873s] -- Configuring done
[2.888s] -- Generating done
[2.891s] -- Build files have been written to: /home/msc-robot/Documents/Team4_ros_ws/src/High_Vis/Thermal_Images/build/tracetools_image_pipeline
[2.902s] Invoked command in '/home/msc-robot/Documents/Team4_ros_ws/src/High_Vis/Thermal_Images/build/tracetools_image_pipeline' returned '0': CMAKE_PREFIX_PATH=${CMAKE_PREFIX_PATH}:/home/msc-robot/Documents/Team4_ros_ws/src/High_Vis/Thermal_Images/install/camera_calibration:/home/msc-robot/Documents/Team4_ros_ws/src/High_Vis/Thermal_Images/install/Thermal_Image_Save:/home/msc-robot/Documents/Team4_ros_ws/src/High_Vis/post_process/install/pdf_generator:/home/msc-robot/Documents/Team4_ros_ws/src/High_Vis/post_process/install/hotspot_detection:/home/msc-robot/Documents/Team4_ros_ws/src/Thermal/install/camera_calibration:/home/msc-robot/Documents/Team4_ros_ws/src/Thermal/install/Thermal_save:/home/msc-robot/Documents/Team4_ros_ws/install/launch_robotnav:/home/msc-robot/Documents/Team4_ros_ws/install/clearpath_generator_gz:/home/msc-robot/Documents/Team4_ros_ws/install/clearpath_config:/home/msc-robot/Documents/Team4_ros_ws/install/camera_calibration:/home/msc-robot/Documents/Team4_ros_ws/install/Thermal_save:/opt/ros/humble /usr/bin/cmake /home/msc-robot/Documents/Team4_ros_ws/src/High_Vis/Thermal_Images/src/image_pipeline/tracetools_image_pipeline -DAMENT_CMAKE_SYMLINK_INSTALL=1 -DCMAKE_INSTALL_PREFIX=/home/msc-robot/Documents/Team4_ros_ws/src/High_Vis/Thermal_Images/install/tracetools_image_pipeline
[2.904s] Invoking command in '/home/msc-robot/Documents/Team4_ros_ws/src/High_Vis/Thermal_Images/build/tracetools_image_pipeline': CMAKE_PREFIX_PATH=${CMAKE_PREFIX_PATH}:/home/msc-robot/Documents/Team4_ros_ws/src/High_Vis/Thermal_Images/install/camera_calibration:/home/msc-robot/Documents/Team4_ros_ws/src/High_Vis/Thermal_Images/install/Thermal_Image_Save:/home/msc-robot/Documents/Team4_ros_ws/src/High_Vis/post_process/install/pdf_generator:/home/msc-robot/Documents/Team4_ros_ws/src/High_Vis/post_process/install/hotspot_detection:/home/msc-robot/Documents/Team4_ros_ws/src/Thermal/install/camera_calibration:/home/msc-robot/Documents/Team4_ros_ws/src/Thermal/install/Thermal_save:/home/msc-robot/Documents/Team4_ros_ws/install/launch_robotnav:/home/msc-robot/Documents/Team4_ros_ws/install/clearpath_generator_gz:/home/msc-robot/Documents/Team4_ros_ws/install/clearpath_config:/home/msc-robot/Documents/Team4_ros_ws/install/camera_calibration:/home/msc-robot/Documents/Team4_ros_ws/install/Thermal_save:/opt/ros/humble /usr/bin/cmake --build /home/msc-robot/Documents/Team4_ros_ws/src/High_Vis/Thermal_Images/build/tracetools_image_pipeline -- -j4 -l4
[3.054s] [ 20%] [32mBuilding C object CMakeFiles/tracetools_image_pipeline.dir/src/tracetools.c.o[0m
[3.064s] [ 40%] [32mBuilding CXX object CMakeFiles/tracetools_image_pipeline.dir/src/utils.cpp.o[0m
[3.336s] [ 60%] [32m[1mLinking CXX shared library libtracetools_image_pipeline.so[0m
[3.452s] [ 60%] Built target tracetools_image_pipeline
[3.514s] [ 80%] [32mBuilding C object CMakeFiles/status.dir/src/status.c.o[0m
[3.598s] [100%] [32m[1mLinking C executable status[0m
[3.699s] [100%] Built target status
[4.201s] Invoked command in '/home/msc-robot/Documents/Team4_ros_ws/src/High_Vis/Thermal_Images/build/tracetools_image_pipeline' returned '0': CMAKE_PREFIX_PATH=${CMAKE_PREFIX_PATH}:/home/msc-robot/Documents/Team4_ros_ws/src/High_Vis/Thermal_Images/install/camera_calibration:/home/msc-robot/Documents/Team4_ros_ws/src/High_Vis/Thermal_Images/install/Thermal_Image_Save:/home/msc-robot/Documents/Team4_ros_ws/src/High_Vis/post_process/install/pdf_generator:/home/msc-robot/Documents/Team4_ros_ws/src/High_Vis/post_process/install/hotspot_detection:/home/msc-robot/Documents/Team4_ros_ws/src/Thermal/install/camera_calibration:/home/msc-robot/Documents/Team4_ros_ws/src/Thermal/install/Thermal_save:/home/msc-robot/Documents/Team4_ros_ws/install/launch_robotnav:/home/msc-robot/Documents/Team4_ros_ws/install/clearpath_generator_gz:/home/msc-robot/Documents/Team4_ros_ws/install/clearpath_config:/home/msc-robot/Documents/Team4_ros_ws/install/camera_calibration:/home/msc-robot/Documents/Team4_ros_ws/install/Thermal_save:/opt/ros/humble /usr/bin/cmake --build /home/msc-robot/Documents/Team4_ros_ws/src/High_Vis/Thermal_Images/build/tracetools_image_pipeline -- -j4 -l4
[4.357s] Invoking command in '/home/msc-robot/Documents/Team4_ros_ws/src/High_Vis/Thermal_Images/build/tracetools_image_pipeline': CMAKE_PREFIX_PATH=${CMAKE_PREFIX_PATH}:/home/msc-robot/Documents/Team4_ros_ws/src/High_Vis/Thermal_Images/install/camera_calibration:/home/msc-robot/Documents/Team4_ros_ws/src/High_Vis/Thermal_Images/install/Thermal_Image_Save:/home/msc-robot/Documents/Team4_ros_ws/src/High_Vis/post_process/install/pdf_generator:/home/msc-robot/Documents/Team4_ros_ws/src/High_Vis/post_process/install/hotspot_detection:/home/msc-robot/Documents/Team4_ros_ws/src/Thermal/install/camera_calibration:/home/msc-robot/Documents/Team4_ros_ws/src/Thermal/install/Thermal_save:/home/msc-robot/Documents/Team4_ros_ws/install/launch_robotnav:/home/msc-robot/Documents/Team4_ros_ws/install/clearpath_generator_gz:/home/msc-robot/Documents/Team4_ros_ws/install/clearpath_config:/home/msc-robot/Documents/Team4_ros_ws/install/camera_calibration:/home/msc-robot/Documents/Team4_ros_ws/install/Thermal_save:/opt/ros/humble /usr/bin/cmake --install /home/msc-robot/Documents/Team4_ros_ws/src/High_Vis/Thermal_Images/build/tracetools_image_pipeline
[4.379s] -- Install configuration: ""
[4.380s] -- Execute custom install script
[4.380s] -- Symlinking: /home/msc-robot/Documents/Team4_ros_ws/src/High_Vis/Thermal_Images/install/tracetools_image_pipeline/share/tracetools_image_pipeline/environment/library_path.sh
[4.403s] -- Symlinking: /home/msc-robot/Documents/Team4_ros_ws/src/High_Vis/Thermal_Images/install/tracetools_image_pipeline/share/tracetools_image_pipeline/environment/library_path.dsv
[4.426s] -- Symlinking: /home/msc-robot/Documents/Team4_ros_ws/src/High_Vis/Thermal_Images/install/tracetools_image_pipeline/lib/tracetools_image_pipeline/status
[4.452s] -- Symlinking: /home/msc-robot/Documents/Team4_ros_ws/src/High_Vis/Thermal_Images/install/tracetools_image_pipeline/include/tracetools_image_pipeline/config.h
[4.474s] -- Symlinking: /home/msc-robot/Documents/Team4_ros_ws/src/High_Vis/Thermal_Images/install/tracetools_image_pipeline/include/tracetools_image_pipeline/tracetools.h
[4.498s] -- Symlinking: /home/msc-robot/Documents/Team4_ros_ws/src/High_Vis/Thermal_Images/install/tracetools_image_pipeline/include/tracetools_image_pipeline/utils.hpp
[4.520s] -- Symlinking: /home/msc-robot/Documents/Team4_ros_ws/src/High_Vis/Thermal_Images/install/tracetools_image_pipeline/include/tracetools_image_pipeline/visibility_control.hpp
[4.545s] -- Symlinking: /home/msc-robot/Documents/Team4_ros_ws/src/High_Vis/Thermal_Images/install/tracetools_image_pipeline/share/ament_index/resource_index/package_run_dependencies/tracetools_image_pipeline
[4.569s] -- Symlinking: /home/msc-robot/Documents/Team4_ros_ws/src/High_Vis/Thermal_Images/install/tracetools_image_pipeline/share/ament_index/resource_index/parent_prefix_path/tracetools_image_pipeline
[4.595s] -- Symlinking: /home/msc-robot/Documents/Team4_ros_ws/src/High_Vis/Thermal_Images/install/tracetools_image_pipeline/share/tracetools_image_pipeline/environment/ament_prefix_path.sh
[4.619s] -- Symlinking: /home/msc-robot/Documents/Team4_ros_ws/src/High_Vis/Thermal_Images/install/tracetools_image_pipeline/share/tracetools_image_pipeline/environment/ament_prefix_path.dsv
[4.645s] -- Symlinking: /home/msc-robot/Documents/Team4_ros_ws/src/High_Vis/Thermal_Images/install/tracetools_image_pipeline/share/tracetools_image_pipeline/environment/path.sh
[4.670s] -- Symlinking: /home/msc-robot/Documents/Team4_ros_ws/src/High_Vis/Thermal_Images/install/tracetools_image_pipeline/share/tracetools_image_pipeline/environment/path.dsv
[4.695s] -- Symlinking: /home/msc-robot/Documents/Team4_ros_ws/src/High_Vis/Thermal_Images/install/tracetools_image_pipeline/share/tracetools_image_pipeline/local_setup.bash
[4.719s] -- Symlinking: /home/msc-robot/Documents/Team4_ros_ws/src/High_Vis/Thermal_Images/install/tracetools_image_pipeline/share/tracetools_image_pipeline/local_setup.sh
[4.745s] -- Symlinking: /home/msc-robot/Documents/Team4_ros_ws/src/High_Vis/Thermal_Images/install/tracetools_image_pipeline/share/tracetools_image_pipeline/local_setup.zsh
[4.771s] -- Symlinking: /home/msc-robot/Documents/Team4_ros_ws/src/High_Vis/Thermal_Images/install/tracetools_image_pipeline/share/tracetools_image_pipeline/local_setup.dsv
[4.796s] -- Symlinking: /home/msc-robot/Documents/Team4_ros_ws/src/High_Vis/Thermal_Images/install/tracetools_image_pipeline/share/tracetools_image_pipeline/package.dsv
[4.821s] -- Symlinking: /home/msc-robot/Documents/Team4_ros_ws/src/High_Vis/Thermal_Images/install/tracetools_image_pipeline/share/ament_index/resource_index/packages/tracetools_image_pipeline
[4.848s] -- Symlinking: /home/msc-robot/Documents/Team4_ros_ws/src/High_Vis/Thermal_Images/install/tracetools_image_pipeline/share/tracetools_image_pipeline/cmake/ament_cmake_export_targets-extras.cmake
[4.874s] -- Symlinking: /home/msc-robot/Documents/Team4_ros_ws/src/High_Vis/Thermal_Images/install/tracetools_image_pipeline/share/tracetools_image_pipeline/cmake/ament_cmake_export_include_directories-extras.cmake
[4.902s] -- Symlinking: /home/msc-robot/Documents/Team4_ros_ws/src/High_Vis/Thermal_Images/install/tracetools_image_pipeline/share/tracetools_image_pipeline/cmake/ament_cmake_export_libraries-extras.cmake
[4.927s] -- Symlinking: /home/msc-robot/Documents/Team4_ros_ws/src/High_Vis/Thermal_Images/install/tracetools_image_pipeline/share/tracetools_image_pipeline/cmake/tracetools_image_pipelineConfig.cmake
[4.956s] -- Symlinking: /home/msc-robot/Documents/Team4_ros_ws/src/High_Vis/Thermal_Images/install/tracetools_image_pipeline/share/tracetools_image_pipeline/cmake/tracetools_image_pipelineConfig-version.cmake
[4.983s] -- Symlinking: /home/msc-robot/Documents/Team4_ros_ws/src/High_Vis/Thermal_Images/install/tracetools_image_pipeline/share/tracetools_image_pipeline/package.xml
[5.005s] -- Installing: /home/msc-robot/Documents/Team4_ros_ws/src/High_Vis/Thermal_Images/install/tracetools_image_pipeline/lib/libtracetools_image_pipeline.so
[5.006s] -- Installing: /home/msc-robot/Documents/Team4_ros_ws/src/High_Vis/Thermal_Images/install/tracetools_image_pipeline/share/tracetools_image_pipeline/cmake/tracetools_image_pipeline_exportExport.cmake
[5.007s] -- Installing: /home/msc-robot/Documents/Team4_ros_ws/src/High_Vis/Thermal_Images/install/tracetools_image_pipeline/share/tracetools_image_pipeline/cmake/tracetools_image_pipeline_exportExport-noconfig.cmake
[5.014s] Invoked command in '/home/msc-robot/Documents/Team4_ros_ws/src/High_Vis/Thermal_Images/build/tracetools_image_pipeline' returned '0': CMAKE_PREFIX_PATH=${CMAKE_PREFIX_PATH}:/home/msc-robot/Documents/Team4_ros_ws/src/High_Vis/Thermal_Images/install/camera_calibration:/home/msc-robot/Documents/Team4_ros_ws/src/High_Vis/Thermal_Images/install/Thermal_Image_Save:/home/msc-robot/Documents/Team4_ros_ws/src/High_Vis/post_process/install/pdf_generator:/home/msc-robot/Documents/Team4_ros_ws/src/High_Vis/post_process/install/hotspot_detection:/home/msc-robot/Documents/Team4_ros_ws/src/Thermal/install/camera_calibration:/home/msc-robot/Documents/Team4_ros_ws/src/Thermal/install/Thermal_save:/home/msc-robot/Documents/Team4_ros_ws/install/launch_robotnav:/home/msc-robot/Documents/Team4_ros_ws/install/clearpath_generator_gz:/home/msc-robot/Documents/Team4_ros_ws/install/clearpath_config:/home/msc-robot/Documents/Team4_ros_ws/install/camera_calibration:/home/msc-robot/Documents/Team4_ros_ws/install/Thermal_save:/opt/ros/humble /usr/bin/cmake --install /home/msc-robot/Documents/Team4_ros_ws/src/High_Vis/Thermal_Images/build/tracetools_image_pipeline
