[0.847s] Invoking command in '/home/harry/High_Vis/Thermal_Images/src/camera_pub/src/cam_topic': PYTHONPATH=/home/harry/High_Vis/Thermal_Images/src/camera_pub/build/cam_topic/prefix_override:/home/harry/High_Vis/Thermal_Images/src/camera_pub/install/cam_topic/lib/python3.10/site-packages:${PYTHONPATH} /usr/bin/python3 setup.py egg_info --egg-base ../../build/cam_topic build --build-base /home/harry/High_Vis/Thermal_Images/src/camera_pub/build/cam_topic/build install --record /home/harry/High_Vis/Thermal_Images/src/camera_pub/build/cam_topic/install.log --single-version-externally-managed
[1.099s] running egg_info
[1.100s] creating ../../build/cam_topic/cam_topic.egg-info
[1.100s] writing ../../build/cam_topic/cam_topic.egg-info/PKG-INFO
[1.100s] writing dependency_links to ../../build/cam_topic/cam_topic.egg-info/dependency_links.txt
[1.101s] writing entry points to ../../build/cam_topic/cam_topic.egg-info/entry_points.txt
[1.101s] writing requirements to ../../build/cam_topic/cam_topic.egg-info/requires.txt
[1.101s] writing top-level names to ../../build/cam_topic/cam_topic.egg-info/top_level.txt
[1.101s] writing manifest file '../../build/cam_topic/cam_topic.egg-info/SOURCES.txt'
[1.104s] reading manifest file '../../build/cam_topic/cam_topic.egg-info/SOURCES.txt'
[1.105s] writing manifest file '../../build/cam_topic/cam_topic.egg-info/SOURCES.txt'
[1.107s] running build
[1.107s] running build_py
[1.108s] creating /home/harry/High_Vis/Thermal_Images/src/camera_pub/build/cam_topic/build
[1.108s] creating /home/harry/High_Vis/Thermal_Images/src/camera_pub/build/cam_topic/build/lib
[1.108s] creating /home/harry/High_Vis/Thermal_Images/src/camera_pub/build/cam_topic/build/lib/cam_topic
[1.108s] copying cam_topic/__init__.py -> /home/harry/High_Vis/Thermal_Images/src/camera_pub/build/cam_topic/build/lib/cam_topic
[1.109s] running install
[1.109s] running install_lib
[1.109s] creating /home/harry/High_Vis/Thermal_Images/src/camera_pub/install/cam_topic/lib/python3.10/site-packages/cam_topic
[1.110s] copying /home/harry/High_Vis/Thermal_Images/src/camera_pub/build/cam_topic/build/lib/cam_topic/__init__.py -> /home/harry/High_Vis/Thermal_Images/src/camera_pub/install/cam_topic/lib/python3.10/site-packages/cam_topic
[1.110s] byte-compiling /home/harry/High_Vis/Thermal_Images/src/camera_pub/install/cam_topic/lib/python3.10/site-packages/cam_topic/__init__.py to __init__.cpython-310.pyc
[1.111s] running install_data
[1.111s] creating /home/harry/High_Vis/Thermal_Images/src/camera_pub/install/cam_topic/share/ament_index
[1.112s] creating /home/harry/High_Vis/Thermal_Images/src/camera_pub/install/cam_topic/share/ament_index/resource_index
[1.112s] creating /home/harry/High_Vis/Thermal_Images/src/camera_pub/install/cam_topic/share/ament_index/resource_index/packages
[1.112s] copying resource/cam_topic -> /home/harry/High_Vis/Thermal_Images/src/camera_pub/install/cam_topic/share/ament_index/resource_index/packages
[1.112s] copying package.xml -> /home/harry/High_Vis/Thermal_Images/src/camera_pub/install/cam_topic/share/cam_topic
[1.112s] running install_egg_info
[1.114s] Copying ../../build/cam_topic/cam_topic.egg-info to /home/harry/High_Vis/Thermal_Images/src/camera_pub/install/cam_topic/lib/python3.10/site-packages/cam_topic-0.0.0-py3.10.egg-info
[1.115s] running install_scripts
[1.137s] writing list of installed files to '/home/harry/High_Vis/Thermal_Images/src/camera_pub/build/cam_topic/install.log'
[1.171s] Invoked command in '/home/harry/High_Vis/Thermal_Images/src/camera_pub/src/cam_topic' returned '0': PYTHONPATH=/home/harry/High_Vis/Thermal_Images/src/camera_pub/build/cam_topic/prefix_override:/home/harry/High_Vis/Thermal_Images/src/camera_pub/install/cam_topic/lib/python3.10/site-packages:${PYTHONPATH} /usr/bin/python3 setup.py egg_info --egg-base ../../build/cam_topic build --build-base /home/harry/High_Vis/Thermal_Images/src/camera_pub/build/cam_topic/build install --record /home/harry/High_Vis/Thermal_Images/src/camera_pub/build/cam_topic/install.log --single-version-externally-managed
