[2.364s] Invoking command in '/home/msc-robot/Documents/Team4_ros_ws/src/High_Vis/hs_rep/build/cam_topic': PYTHONPATH=/home/msc-robot/Documents/Team4_ros_ws/src/High_Vis/hs_rep/build/cam_topic/prefix_override:/home/msc-robot/Documents/Team4_ros_ws/src/High_Vis/hs_rep/install/cam_topic/lib/python3.10/site-packages:${PYTHONPATH} /usr/bin/python3 setup.py develop --editable --build-directory /home/msc-robot/Documents/Team4_ros_ws/src/High_Vis/hs_rep/build/cam_topic/build --no-deps install_data
[3.087s] running develop
[3.090s] /usr/local/lib/python3.10/dist-packages/setuptools/command/develop.py:40: EasyInstallDeprecationWarning: easy_install command is deprecated.
[3.091s] !!
[3.091s] 
[3.091s]         ********************************************************************************
[3.091s]         Please avoid running ``setup.py`` and ``easy_install``.
[3.091s]         Instead, use pypa/build, pypa/installer or other
[3.091s]         standards-based tools.
[3.091s] 
[3.092s]         See https://github.com/pypa/setuptools/issues/917 for details.
[3.092s]         ********************************************************************************
[3.092s] 
[3.092s] !!
[3.092s]   easy_install.initialize_options(self)
[3.176s] /usr/local/lib/python3.10/dist-packages/setuptools/_distutils/cmd.py:66: SetuptoolsDeprecationWarning: setup.py install is deprecated.
[3.177s] !!
[3.177s] 
[3.177s]         ********************************************************************************
[3.177s]         Please avoid running ``setup.py`` directly.
[3.177s]         Instead, use pypa/build, pypa/installer or other
[3.178s]         standards-based tools.
[3.178s] 
[3.178s]         See https://blog.ganssle.io/articles/2021/10/setup-py-deprecated.html for details.
[3.178s]         ********************************************************************************
[3.178s] 
[3.178s] !!
[3.179s]   self.initialize_options()
[3.662s] running egg_info
[3.662s] creating cam_topic.egg-info
[3.699s] writing cam_topic.egg-info/PKG-INFO
[3.700s] writing dependency_links to cam_topic.egg-info/dependency_links.txt
[3.701s] writing entry points to cam_topic.egg-info/entry_points.txt
[3.701s] writing requirements to cam_topic.egg-info/requires.txt
[3.702s] writing top-level names to cam_topic.egg-info/top_level.txt
[3.702s] writing manifest file 'cam_topic.egg-info/SOURCES.txt'
[3.790s] reading manifest file 'cam_topic.egg-info/SOURCES.txt'
[3.790s] writing manifest file 'cam_topic.egg-info/SOURCES.txt'
[3.828s] running build_ext
[3.829s] Creating /home/msc-robot/Documents/Team4_ros_ws/src/High_Vis/hs_rep/install/cam_topic/lib/python3.10/site-packages/cam-topic.egg-link (link to .)
[3.830s] Installing cam_top_pub script to /home/msc-robot/Documents/Team4_ros_ws/src/High_Vis/hs_rep/install/cam_topic/lib/cam_topic
[3.831s] Installing cam_top_sub script to /home/msc-robot/Documents/Team4_ros_ws/src/High_Vis/hs_rep/install/cam_topic/lib/cam_topic
[3.831s] 
[3.831s] Installed /home/msc-robot/Documents/Team4_ros_ws/src/High_Vis/hs_rep/build/cam_topic
[3.831s] running install_data
[3.832s] creating /home/msc-robot/Documents/Team4_ros_ws/src/High_Vis/hs_rep/install/cam_topic/share/ament_index
[3.832s] creating /home/msc-robot/Documents/Team4_ros_ws/src/High_Vis/hs_rep/install/cam_topic/share/ament_index/resource_index
[3.832s] creating /home/msc-robot/Documents/Team4_ros_ws/src/High_Vis/hs_rep/install/cam_topic/share/ament_index/resource_index/packages
[3.832s] copying resource/cam_topic -> /home/msc-robot/Documents/Team4_ros_ws/src/High_Vis/hs_rep/install/cam_topic/share/ament_index/resource_index/packages
[3.832s] copying package.xml -> /home/msc-robot/Documents/Team4_ros_ws/src/High_Vis/hs_rep/install/cam_topic/share/cam_topic
[3.955s] Invoked command in '/home/msc-robot/Documents/Team4_ros_ws/src/High_Vis/hs_rep/build/cam_topic' returned '0': PYTHONPATH=/home/msc-robot/Documents/Team4_ros_ws/src/High_Vis/hs_rep/build/cam_topic/prefix_override:/home/msc-robot/Documents/Team4_ros_ws/src/High_Vis/hs_rep/install/cam_topic/lib/python3.10/site-packages:${PYTHONPATH} /usr/bin/python3 setup.py develop --editable --build-directory /home/msc-robot/Documents/Team4_ros_ws/src/High_Vis/hs_rep/build/cam_topic/build --no-deps install_data
