[0.873s] Invoking command in '/home/harry/ros2_ws/src/High_Vis/actions/build/actions_py': PYTHONPATH=/home/harry/ros2_ws/src/High_Vis/actions/build/actions_py/prefix_override:/home/harry/ros2_ws/src/High_Vis/actions/install/actions_py/lib/python3.10/site-packages:${PYTHONPATH} /usr/bin/python3 setup.py develop --editable --build-directory /home/harry/ros2_ws/src/High_Vis/actions/build/actions_py/build --no-deps install_data
[1.119s] running develop
[1.277s] running egg_info
[1.277s] writing actions_py.egg-info/PKG-INFO
[1.277s] writing dependency_links to actions_py.egg-info/dependency_links.txt
[1.278s] writing entry points to actions_py.egg-info/entry_points.txt
[1.278s] writing requirements to actions_py.egg-info/requires.txt
[1.278s] writing top-level names to actions_py.egg-info/top_level.txt
[1.279s] reading manifest file 'actions_py.egg-info/SOURCES.txt'
[1.281s] writing manifest file 'actions_py.egg-info/SOURCES.txt'
[1.283s] running build_ext
[1.283s] Creating /home/harry/ros2_ws/src/High_Vis/actions/install/actions_py/lib/python3.10/site-packages/actions-py.egg-link (link to .)
[1.284s] Installing hotspot_detection script to /home/harry/ros2_ws/src/High_Vis/actions/install/actions_py/lib/actions_py
[1.284s] Installing hs_detection_client script to /home/harry/ros2_ws/src/High_Vis/actions/install/actions_py/lib/actions_py
[1.284s] Installing nav_server script to /home/harry/ros2_ws/src/High_Vis/actions/install/actions_py/lib/actions_py
[1.284s] Installing overall_client script to /home/harry/ros2_ws/src/High_Vis/actions/install/actions_py/lib/actions_py
[1.284s] 
[1.284s] Installed /home/harry/ros2_ws/src/High_Vis/actions/build/actions_py
[1.285s] running install_data
[1.320s] Invoked command in '/home/harry/ros2_ws/src/High_Vis/actions/build/actions_py' returned '0': PYTHONPATH=/home/harry/ros2_ws/src/High_Vis/actions/build/actions_py/prefix_override:/home/harry/ros2_ws/src/High_Vis/actions/install/actions_py/lib/python3.10/site-packages:${PYTHONPATH} /usr/bin/python3 setup.py develop --editable --build-directory /home/harry/ros2_ws/src/High_Vis/actions/build/actions_py/build --no-deps install_data
