[1.772s] Invoking command in '/home/harry/ros2_ws/src/High_Vis/hs_rep/build/cam_topic': PYTHONPATH=/home/harry/ros2_ws/src/High_Vis/hs_rep/build/cam_topic/prefix_override:/home/harry/ros2_ws/src/High_Vis/hs_rep/install/cam_topic/lib/python3.10/site-packages:${PYTHONPATH} /usr/bin/python3 setup.py develop --editable --build-directory /home/harry/ros2_ws/src/High_Vis/hs_rep/build/cam_topic/build --no-deps install_data
[2.052s] running develop
[2.221s] running egg_info
[2.221s] creating cam_topic.egg-info
[2.221s] writing cam_topic.egg-info/PKG-INFO
[2.222s] writing dependency_links to cam_topic.egg-info/dependency_links.txt
[2.223s] writing entry points to cam_topic.egg-info/entry_points.txt
[2.224s] writing requirements to cam_topic.egg-info/requires.txt
[2.224s] writing top-level names to cam_topic.egg-info/top_level.txt
[2.224s] writing manifest file 'cam_topic.egg-info/SOURCES.txt'
[2.227s] reading manifest file 'cam_topic.egg-info/SOURCES.txt'
[2.228s] writing manifest file 'cam_topic.egg-info/SOURCES.txt'
[2.231s] running build_ext
[2.231s] Creating /home/harry/ros2_ws/src/High_Vis/hs_rep/install/cam_topic/lib/python3.10/site-packages/cam-topic.egg-link (link to .)
[2.233s] Installing cam_top_pub script to /home/harry/ros2_ws/src/High_Vis/hs_rep/install/cam_topic/lib/cam_topic
[2.233s] Installing cam_top_sub script to /home/harry/ros2_ws/src/High_Vis/hs_rep/install/cam_topic/lib/cam_topic
[2.233s] 
[2.234s] Installed /home/harry/ros2_ws/src/High_Vis/hs_rep/build/cam_topic
[2.234s] running install_data
[2.234s] creating /home/harry/ros2_ws/src/High_Vis/hs_rep/install/cam_topic/share/ament_index
[2.235s] creating /home/harry/ros2_ws/src/High_Vis/hs_rep/install/cam_topic/share/ament_index/resource_index
[2.235s] creating /home/harry/ros2_ws/src/High_Vis/hs_rep/install/cam_topic/share/ament_index/resource_index/packages
[2.236s] copying resource/cam_topic -> /home/harry/ros2_ws/src/High_Vis/hs_rep/install/cam_topic/share/ament_index/resource_index/packages
[2.236s] copying package.xml -> /home/harry/ros2_ws/src/High_Vis/hs_rep/install/cam_topic/share/cam_topic
[2.410s] Invoked command in '/home/harry/ros2_ws/src/High_Vis/hs_rep/build/cam_topic' returned '0': PYTHONPATH=/home/harry/ros2_ws/src/High_Vis/hs_rep/build/cam_topic/prefix_override:/home/harry/ros2_ws/src/High_Vis/hs_rep/install/cam_topic/lib/python3.10/site-packages:${PYTHONPATH} /usr/bin/python3 setup.py develop --editable --build-directory /home/harry/ros2_ws/src/High_Vis/hs_rep/build/cam_topic/build --no-deps install_data
