[1.008s] DEBUG:colcon:Command line arguments: ['/usr/bin/colcon', 'build', '--symlink-install']
[1.008s] DEBUG:colcon:Parsed command line arguments: Namespace(log_base=None, log_level=None, verb_name='build', build_base='build', install_base='install', merge_install=False, symlink_install=True, test_result_base=None, continue_on_error=False, executor='parallel', parallel_workers=8, event_handlers=None, ignore_user_meta=False, metas=['./colcon.meta'], base_paths=['.'], packages_ignore=None, packages_ignore_regex=None, paths=None, packages_up_to=None, packages_up_to_regex=None, packages_above=None, packages_above_and_dependencies=None, packages_above_depth=None, packages_select_by_dep=None, packages_skip_by_dep=None, packages_skip_up_to=None, packages_select_build_failed=False, packages_skip_build_finished=False, packages_select_test_failures=False, packages_skip_test_passed=False, packages_select=None, packages_skip=None, packages_select_regex=None, packages_skip_regex=None, packages_start=None, packages_end=None, allow_overriding=[], cmake_args=None, cmake_target=None, cmake_target_skip_unavailable=False, cmake_clean_cache=False, cmake_clean_first=False, cmake_force_configure=False, ament_cmake_args=None, catkin_cmake_args=None, catkin_skip_building_tests=False, verb_parser=<colcon_defaults.argument_parser.defaults.DefaultArgumentsDecorator object at 0x7f1521746ad0>, verb_extension=<colcon_core.verb.build.BuildVerb object at 0x7f1521a2ce80>, main=<bound method BuildVerb.main of <colcon_core.verb.build.BuildVerb object at 0x7f1521a2ce80>>)
[1.071s] Level 1:colcon.colcon_core.package_discovery:discover_packages(colcon_meta) check parameters
[1.071s] Level 1:colcon.colcon_core.package_discovery:discover_packages(recursive) check parameters
[1.071s] Level 1:colcon.colcon_core.package_discovery:discover_packages(ignore) check parameters
[1.071s] Level 1:colcon.colcon_core.package_discovery:discover_packages(path) check parameters
[1.071s] Level 1:colcon.colcon_core.package_discovery:discover_packages(colcon_meta) discover
[1.071s] Level 1:colcon.colcon_core.package_discovery:discover_packages(recursive) discover
[1.071s] INFO:colcon.colcon_core.package_discovery:Crawling recursively for packages in '/home/harry/ros2_ws/src/High_Vis/actions'
[1.071s] Level 1:colcon.colcon_core.package_identification:_identify(.) by extensions ['ignore', 'ignore_ament_install']
[1.071s] Level 1:colcon.colcon_core.package_identification:_identify(.) by extension 'ignore'
[1.072s] Level 1:colcon.colcon_core.package_identification:_identify(.) by extension 'ignore_ament_install'
[1.072s] Level 1:colcon.colcon_core.package_identification:_identify(.) by extensions ['colcon_pkg']
[1.072s] Level 1:colcon.colcon_core.package_identification:_identify(.) by extension 'colcon_pkg'
[1.072s] Level 1:colcon.colcon_core.package_identification:_identify(.) by extensions ['colcon_meta']
[1.072s] Level 1:colcon.colcon_core.package_identification:_identify(.) by extension 'colcon_meta'
[1.072s] Level 1:colcon.colcon_core.package_identification:_identify(.) by extensions ['ros']
[1.072s] Level 1:colcon.colcon_core.package_identification:_identify(.) by extension 'ros'
[1.093s] Level 1:colcon.colcon_core.package_identification:_identify(.) by extensions ['cmake', 'python']
[1.093s] Level 1:colcon.colcon_core.package_identification:_identify(.) by extension 'cmake'
[1.093s] Level 1:colcon.colcon_core.package_identification:_identify(.) by extension 'python'
[1.093s] Level 1:colcon.colcon_core.package_identification:_identify(.) by extensions ['python_setup_py']
[1.093s] Level 1:colcon.colcon_core.package_identification:_identify(.) by extension 'python_setup_py'
[1.093s] Level 1:colcon.colcon_core.package_identification:_identify(build) by extensions ['ignore', 'ignore_ament_install']
[1.093s] Level 1:colcon.colcon_core.package_identification:_identify(build) by extension 'ignore'
[1.093s] Level 1:colcon.colcon_core.package_identification:_identify(build) ignored
[1.093s] Level 1:colcon.colcon_core.package_identification:_identify(install) by extensions ['ignore', 'ignore_ament_install']
[1.094s] Level 1:colcon.colcon_core.package_identification:_identify(install) by extension 'ignore'
[1.094s] Level 1:colcon.colcon_core.package_identification:_identify(install) ignored
[1.094s] Level 1:colcon.colcon_core.package_identification:_identify(log) by extensions ['ignore', 'ignore_ament_install']
[1.094s] Level 1:colcon.colcon_core.package_identification:_identify(log) by extension 'ignore'
[1.094s] Level 1:colcon.colcon_core.package_identification:_identify(log) ignored
[1.094s] Level 1:colcon.colcon_core.package_identification:_identify(photos) by extensions ['ignore', 'ignore_ament_install']
[1.094s] Level 1:colcon.colcon_core.package_identification:_identify(photos) by extension 'ignore'
[1.094s] Level 1:colcon.colcon_core.package_identification:_identify(photos) by extension 'ignore_ament_install'
[1.094s] Level 1:colcon.colcon_core.package_identification:_identify(photos) by extensions ['colcon_pkg']
[1.094s] Level 1:colcon.colcon_core.package_identification:_identify(photos) by extension 'colcon_pkg'
[1.094s] Level 1:colcon.colcon_core.package_identification:_identify(photos) by extensions ['colcon_meta']
[1.094s] Level 1:colcon.colcon_core.package_identification:_identify(photos) by extension 'colcon_meta'
[1.094s] Level 1:colcon.colcon_core.package_identification:_identify(photos) by extensions ['ros']
[1.095s] Level 1:colcon.colcon_core.package_identification:_identify(photos) by extension 'ros'
[1.095s] Level 1:colcon.colcon_core.package_identification:_identify(photos) by extensions ['cmake', 'python']
[1.095s] Level 1:colcon.colcon_core.package_identification:_identify(photos) by extension 'cmake'
[1.095s] Level 1:colcon.colcon_core.package_identification:_identify(photos) by extension 'python'
[1.095s] Level 1:colcon.colcon_core.package_identification:_identify(photos) by extensions ['python_setup_py']
[1.095s] Level 1:colcon.colcon_core.package_identification:_identify(photos) by extension 'python_setup_py'
[1.095s] Level 1:colcon.colcon_core.package_identification:_identify(photos/mp_1) by extensions ['ignore', 'ignore_ament_install']
[1.095s] Level 1:colcon.colcon_core.package_identification:_identify(photos/mp_1) by extension 'ignore'
[1.095s] Level 1:colcon.colcon_core.package_identification:_identify(photos/mp_1) by extension 'ignore_ament_install'
[1.095s] Level 1:colcon.colcon_core.package_identification:_identify(photos/mp_1) by extensions ['colcon_pkg']
[1.095s] Level 1:colcon.colcon_core.package_identification:_identify(photos/mp_1) by extension 'colcon_pkg'
[1.095s] Level 1:colcon.colcon_core.package_identification:_identify(photos/mp_1) by extensions ['colcon_meta']
[1.095s] Level 1:colcon.colcon_core.package_identification:_identify(photos/mp_1) by extension 'colcon_meta'
[1.095s] Level 1:colcon.colcon_core.package_identification:_identify(photos/mp_1) by extensions ['ros']
[1.095s] Level 1:colcon.colcon_core.package_identification:_identify(photos/mp_1) by extension 'ros'
[1.095s] Level 1:colcon.colcon_core.package_identification:_identify(photos/mp_1) by extensions ['cmake', 'python']
[1.095s] Level 1:colcon.colcon_core.package_identification:_identify(photos/mp_1) by extension 'cmake'
[1.095s] Level 1:colcon.colcon_core.package_identification:_identify(photos/mp_1) by extension 'python'
[1.095s] Level 1:colcon.colcon_core.package_identification:_identify(photos/mp_1) by extensions ['python_setup_py']
[1.095s] Level 1:colcon.colcon_core.package_identification:_identify(photos/mp_1) by extension 'python_setup_py'
[1.096s] Level 1:colcon.colcon_core.package_identification:_identify(photos/mp_2) by extensions ['ignore', 'ignore_ament_install']
[1.096s] Level 1:colcon.colcon_core.package_identification:_identify(photos/mp_2) by extension 'ignore'
[1.096s] Level 1:colcon.colcon_core.package_identification:_identify(photos/mp_2) by extension 'ignore_ament_install'
[1.096s] Level 1:colcon.colcon_core.package_identification:_identify(photos/mp_2) by extensions ['colcon_pkg']
[1.096s] Level 1:colcon.colcon_core.package_identification:_identify(photos/mp_2) by extension 'colcon_pkg'
[1.096s] Level 1:colcon.colcon_core.package_identification:_identify(photos/mp_2) by extensions ['colcon_meta']
[1.096s] Level 1:colcon.colcon_core.package_identification:_identify(photos/mp_2) by extension 'colcon_meta'
[1.096s] Level 1:colcon.colcon_core.package_identification:_identify(photos/mp_2) by extensions ['ros']
[1.096s] Level 1:colcon.colcon_core.package_identification:_identify(photos/mp_2) by extension 'ros'
[1.096s] Level 1:colcon.colcon_core.package_identification:_identify(photos/mp_2) by extensions ['cmake', 'python']
[1.096s] Level 1:colcon.colcon_core.package_identification:_identify(photos/mp_2) by extension 'cmake'
[1.096s] Level 1:colcon.colcon_core.package_identification:_identify(photos/mp_2) by extension 'python'
[1.096s] Level 1:colcon.colcon_core.package_identification:_identify(photos/mp_2) by extensions ['python_setup_py']
[1.096s] Level 1:colcon.colcon_core.package_identification:_identify(photos/mp_2) by extension 'python_setup_py'
[1.096s] Level 1:colcon.colcon_core.package_identification:_identify(photos/mp_3) by extensions ['ignore', 'ignore_ament_install']
[1.096s] Level 1:colcon.colcon_core.package_identification:_identify(photos/mp_3) by extension 'ignore'
[1.097s] Level 1:colcon.colcon_core.package_identification:_identify(photos/mp_3) by extension 'ignore_ament_install'
[1.097s] Level 1:colcon.colcon_core.package_identification:_identify(photos/mp_3) by extensions ['colcon_pkg']
[1.097s] Level 1:colcon.colcon_core.package_identification:_identify(photos/mp_3) by extension 'colcon_pkg'
[1.097s] Level 1:colcon.colcon_core.package_identification:_identify(photos/mp_3) by extensions ['colcon_meta']
[1.097s] Level 1:colcon.colcon_core.package_identification:_identify(photos/mp_3) by extension 'colcon_meta'
[1.097s] Level 1:colcon.colcon_core.package_identification:_identify(photos/mp_3) by extensions ['ros']
[1.097s] Level 1:colcon.colcon_core.package_identification:_identify(photos/mp_3) by extension 'ros'
[1.097s] Level 1:colcon.colcon_core.package_identification:_identify(photos/mp_3) by extensions ['cmake', 'python']
[1.097s] Level 1:colcon.colcon_core.package_identification:_identify(photos/mp_3) by extension 'cmake'
[1.097s] Level 1:colcon.colcon_core.package_identification:_identify(photos/mp_3) by extension 'python'
[1.097s] Level 1:colcon.colcon_core.package_identification:_identify(photos/mp_3) by extensions ['python_setup_py']
[1.097s] Level 1:colcon.colcon_core.package_identification:_identify(photos/mp_3) by extension 'python_setup_py'
[1.097s] Level 1:colcon.colcon_core.package_identification:_identify(src) by extensions ['ignore', 'ignore_ament_install']
[1.097s] Level 1:colcon.colcon_core.package_identification:_identify(src) by extension 'ignore'
[1.097s] Level 1:colcon.colcon_core.package_identification:_identify(src) by extension 'ignore_ament_install'
[1.097s] Level 1:colcon.colcon_core.package_identification:_identify(src) by extensions ['colcon_pkg']
[1.097s] Level 1:colcon.colcon_core.package_identification:_identify(src) by extension 'colcon_pkg'
[1.097s] Level 1:colcon.colcon_core.package_identification:_identify(src) by extensions ['colcon_meta']
[1.097s] Level 1:colcon.colcon_core.package_identification:_identify(src) by extension 'colcon_meta'
[1.097s] Level 1:colcon.colcon_core.package_identification:_identify(src) by extensions ['ros']
[1.097s] Level 1:colcon.colcon_core.package_identification:_identify(src) by extension 'ros'
[1.098s] Level 1:colcon.colcon_core.package_identification:_identify(src) by extensions ['cmake', 'python']
[1.098s] Level 1:colcon.colcon_core.package_identification:_identify(src) by extension 'cmake'
[1.098s] Level 1:colcon.colcon_core.package_identification:_identify(src) by extension 'python'
[1.098s] Level 1:colcon.colcon_core.package_identification:_identify(src) by extensions ['python_setup_py']
[1.098s] Level 1:colcon.colcon_core.package_identification:_identify(src) by extension 'python_setup_py'
[1.098s] Level 1:colcon.colcon_core.package_identification:_identify(src/actions_py) by extensions ['ignore', 'ignore_ament_install']
[1.098s] Level 1:colcon.colcon_core.package_identification:_identify(src/actions_py) by extension 'ignore'
[1.098s] Level 1:colcon.colcon_core.package_identification:_identify(src/actions_py) by extension 'ignore_ament_install'
[1.098s] Level 1:colcon.colcon_core.package_identification:_identify(src/actions_py) by extensions ['colcon_pkg']
[1.098s] Level 1:colcon.colcon_core.package_identification:_identify(src/actions_py) by extension 'colcon_pkg'
[1.098s] Level 1:colcon.colcon_core.package_identification:_identify(src/actions_py) by extensions ['colcon_meta']
[1.098s] Level 1:colcon.colcon_core.package_identification:_identify(src/actions_py) by extension 'colcon_meta'
[1.098s] Level 1:colcon.colcon_core.package_identification:_identify(src/actions_py) by extensions ['ros']
[1.098s] Level 1:colcon.colcon_core.package_identification:_identify(src/actions_py) by extension 'ros'
[1.106s] DEBUG:colcon.colcon_core.package_identification:Package 'src/actions_py' with type 'ros.ament_python' and name 'actions_py'
[1.106s] Level 1:colcon.colcon_core.package_identification:_identify(src/hotspot_action) by extensions ['ignore', 'ignore_ament_install']
[1.106s] Level 1:colcon.colcon_core.package_identification:_identify(src/hotspot_action) by extension 'ignore'
[1.107s] Level 1:colcon.colcon_core.package_identification:_identify(src/hotspot_action) by extension 'ignore_ament_install'
[1.107s] Level 1:colcon.colcon_core.package_identification:_identify(src/hotspot_action) by extensions ['colcon_pkg']
[1.107s] Level 1:colcon.colcon_core.package_identification:_identify(src/hotspot_action) by extension 'colcon_pkg'
[1.107s] Level 1:colcon.colcon_core.package_identification:_identify(src/hotspot_action) by extensions ['colcon_meta']
[1.108s] Level 1:colcon.colcon_core.package_identification:_identify(src/hotspot_action) by extension 'colcon_meta'
[1.108s] Level 1:colcon.colcon_core.package_identification:_identify(src/hotspot_action) by extensions ['ros']
[1.108s] Level 1:colcon.colcon_core.package_identification:_identify(src/hotspot_action) by extension 'ros'
[1.109s] DEBUG:colcon.colcon_core.package_identification:Package 'src/hotspot_action' with type 'ros.ament_cmake' and name 'hotspot_action'
[1.109s] Level 1:colcon.colcon_core.package_discovery:discover_packages(recursive) using defaults
[1.109s] Level 1:colcon.colcon_core.package_discovery:discover_packages(ignore) discover
[1.109s] Level 1:colcon.colcon_core.package_discovery:discover_packages(ignore) using defaults
[1.109s] Level 1:colcon.colcon_core.package_discovery:discover_packages(path) discover
[1.109s] Level 1:colcon.colcon_core.package_discovery:discover_packages(path) using defaults
[1.204s] Level 1:colcon.colcon_core.package_discovery:discover_packages(prefix_path) check parameters
[1.204s] Level 1:colcon.colcon_core.package_discovery:discover_packages(prefix_path) discover
[1.242s] DEBUG:colcon.colcon_installed_package_information.package_discovery:Found 2 installed packages in /home/harry/ros2_ws/src/High_Vis/actions/install
[1.258s] DEBUG:colcon.colcon_installed_package_information.package_discovery:Found 376 installed packages in /opt/ros/humble
[1.260s] Level 1:colcon.colcon_core.package_discovery:discover_packages(prefix_path) using defaults
[1.399s] Level 5:colcon.colcon_core.verb:set package 'hotspot_action' build argument 'cmake_args' from command line to 'None'
[1.399s] Level 5:colcon.colcon_core.verb:set package 'hotspot_action' build argument 'cmake_target' from command line to 'None'
[1.399s] Level 5:colcon.colcon_core.verb:set package 'hotspot_action' build argument 'cmake_target_skip_unavailable' from command line to 'False'
[1.399s] Level 5:colcon.colcon_core.verb:set package 'hotspot_action' build argument 'cmake_clean_cache' from command line to 'False'
[1.399s] Level 5:colcon.colcon_core.verb:set package 'hotspot_action' build argument 'cmake_clean_first' from command line to 'False'
[1.399s] Level 5:colcon.colcon_core.verb:set package 'hotspot_action' build argument 'cmake_force_configure' from command line to 'False'
[1.399s] Level 5:colcon.colcon_core.verb:set package 'hotspot_action' build argument 'ament_cmake_args' from command line to 'None'
[1.399s] Level 5:colcon.colcon_core.verb:set package 'hotspot_action' build argument 'catkin_cmake_args' from command line to 'None'
[1.399s] Level 5:colcon.colcon_core.verb:set package 'hotspot_action' build argument 'catkin_skip_building_tests' from command line to 'False'
[1.399s] DEBUG:colcon.colcon_core.verb:Building package 'hotspot_action' with the following arguments: {'ament_cmake_args': None, 'build_base': '/home/harry/ros2_ws/src/High_Vis/actions/build/hotspot_action', 'catkin_cmake_args': None, 'catkin_skip_building_tests': False, 'cmake_args': None, 'cmake_clean_cache': False, 'cmake_clean_first': False, 'cmake_force_configure': False, 'cmake_target': None, 'cmake_target_skip_unavailable': False, 'install_base': '/home/harry/ros2_ws/src/High_Vis/actions/install/hotspot_action', 'merge_install': False, 'path': '/home/harry/ros2_ws/src/High_Vis/actions/src/hotspot_action', 'symlink_install': True, 'test_result_base': None}
[1.412s] Level 5:colcon.colcon_core.verb:set package 'actions_py' build argument 'cmake_args' from command line to 'None'
[1.412s] Level 5:colcon.colcon_core.verb:set package 'actions_py' build argument 'cmake_target' from command line to 'None'
[1.413s] Level 5:colcon.colcon_core.verb:set package 'actions_py' build argument 'cmake_target_skip_unavailable' from command line to 'False'
[1.413s] Level 5:colcon.colcon_core.verb:set package 'actions_py' build argument 'cmake_clean_cache' from command line to 'False'
[1.413s] Level 5:colcon.colcon_core.verb:set package 'actions_py' build argument 'cmake_clean_first' from command line to 'False'
[1.413s] Level 5:colcon.colcon_core.verb:set package 'actions_py' build argument 'cmake_force_configure' from command line to 'False'
[1.413s] Level 5:colcon.colcon_core.verb:set package 'actions_py' build argument 'ament_cmake_args' from command line to 'None'
[1.413s] Level 5:colcon.colcon_core.verb:set package 'actions_py' build argument 'catkin_cmake_args' from command line to 'None'
[1.413s] Level 5:colcon.colcon_core.verb:set package 'actions_py' build argument 'catkin_skip_building_tests' from command line to 'False'
[1.413s] DEBUG:colcon.colcon_core.verb:Building package 'actions_py' with the following arguments: {'ament_cmake_args': None, 'build_base': '/home/harry/ros2_ws/src/High_Vis/actions/build/actions_py', 'catkin_cmake_args': None, 'catkin_skip_building_tests': False, 'cmake_args': None, 'cmake_clean_cache': False, 'cmake_clean_first': False, 'cmake_force_configure': False, 'cmake_target': None, 'cmake_target_skip_unavailable': False, 'install_base': '/home/harry/ros2_ws/src/High_Vis/actions/install/actions_py', 'merge_install': False, 'path': '/home/harry/ros2_ws/src/High_Vis/actions/src/actions_py', 'symlink_install': True, 'test_result_base': None}
[1.425s] INFO:colcon.colcon_core.executor:Executing jobs using 'parallel' executor
[1.438s] DEBUG:colcon.colcon_parallel_executor.executor.parallel:run_until_complete
[1.439s] INFO:colcon.colcon_ros.task.ament_cmake.build:Building ROS package in '/home/harry/ros2_ws/src/High_Vis/actions/src/hotspot_action' with build type 'ament_cmake'
[1.439s] INFO:colcon.colcon_cmake.task.cmake.build:Building CMake package in '/home/harry/ros2_ws/src/High_Vis/actions/src/hotspot_action'
[1.458s] INFO:colcon.colcon_core.plugin_system:Skipping extension 'colcon_core.shell.bat': Not used on non-Windows systems
[1.458s] INFO:colcon.colcon_core.shell:Skip shell extension 'powershell' for command environment: Not usable outside of PowerShell
[1.458s] DEBUG:colcon.colcon_core.shell:Skip shell extension 'dsv' for command environment
[1.515s] DEBUG:colcon.colcon_core.event_handler.log_command:Invoking command in '/home/harry/ros2_ws/src/High_Vis/actions/build/hotspot_action': CMAKE_PREFIX_PATH=${CMAKE_PREFIX_PATH}:/home/harry/ros2_ws/src/High_Vis/actions/install/actions_py:/opt/ros/humble /usr/bin/cmake --build /home/harry/ros2_ws/src/High_Vis/actions/build/hotspot_action -- -j8 -l8
[16.666s] DEBUG:colcon.colcon_core.event_handler.log_command:Invoked command in '/home/harry/ros2_ws/src/High_Vis/actions/build/hotspot_action' returned '0': CMAKE_PREFIX_PATH=${CMAKE_PREFIX_PATH}:/home/harry/ros2_ws/src/High_Vis/actions/install/actions_py:/opt/ros/humble /usr/bin/cmake --build /home/harry/ros2_ws/src/High_Vis/actions/build/hotspot_action -- -j8 -l8
[16.795s] DEBUG:colcon.colcon_core.event_handler.log_command:Invoking command in '/home/harry/ros2_ws/src/High_Vis/actions/build/hotspot_action': CMAKE_PREFIX_PATH=${CMAKE_PREFIX_PATH}:/home/harry/ros2_ws/src/High_Vis/actions/install/actions_py:/opt/ros/humble /usr/bin/cmake --install /home/harry/ros2_ws/src/High_Vis/actions/build/hotspot_action
[16.939s] Level 1:colcon.colcon_core.environment:create_environment_scripts_only(hotspot_action)
[16.939s] DEBUG:colcon.colcon_core.event_handler.log_command:Invoked command in '/home/harry/ros2_ws/src/High_Vis/actions/build/hotspot_action' returned '0': CMAKE_PREFIX_PATH=${CMAKE_PREFIX_PATH}:/home/harry/ros2_ws/src/High_Vis/actions/install/actions_py:/opt/ros/humble /usr/bin/cmake --install /home/harry/ros2_ws/src/High_Vis/actions/build/hotspot_action
[16.962s] Level 1:colcon.colcon_core.environment:checking '/home/harry/ros2_ws/src/High_Vis/actions/install/hotspot_action' for CMake module files
[16.962s] Level 1:colcon.colcon_core.environment:checking '/home/harry/ros2_ws/src/High_Vis/actions/install/hotspot_action' for CMake config files
[16.963s] Level 1:colcon.colcon_core.shell:create_environment_hook('hotspot_action', 'cmake_prefix_path')
[16.977s] INFO:colcon.colcon_core.shell:Creating environment hook '/home/harry/ros2_ws/src/High_Vis/actions/install/hotspot_action/share/hotspot_action/hook/cmake_prefix_path.ps1'
[16.978s] INFO:colcon.colcon_core.shell:Creating environment descriptor '/home/harry/ros2_ws/src/High_Vis/actions/install/hotspot_action/share/hotspot_action/hook/cmake_prefix_path.dsv'
[16.978s] INFO:colcon.colcon_core.shell:Creating environment hook '/home/harry/ros2_ws/src/High_Vis/actions/install/hotspot_action/share/hotspot_action/hook/cmake_prefix_path.sh'
[16.980s] Level 1:colcon.colcon_core.environment:checking '/home/harry/ros2_ws/src/High_Vis/actions/install/hotspot_action/lib'
[16.980s] Level 1:colcon.colcon_core.shell:create_environment_hook('hotspot_action', 'ld_library_path_lib')
[16.993s] INFO:colcon.colcon_core.shell:Creating environment hook '/home/harry/ros2_ws/src/High_Vis/actions/install/hotspot_action/share/hotspot_action/hook/ld_library_path_lib.ps1'
[16.994s] INFO:colcon.colcon_core.shell:Creating environment descriptor '/home/harry/ros2_ws/src/High_Vis/actions/install/hotspot_action/share/hotspot_action/hook/ld_library_path_lib.dsv'
[16.995s] INFO:colcon.colcon_core.shell:Creating environment hook '/home/harry/ros2_ws/src/High_Vis/actions/install/hotspot_action/share/hotspot_action/hook/ld_library_path_lib.sh'
[16.995s] Level 1:colcon.colcon_core.environment:checking '/home/harry/ros2_ws/src/High_Vis/actions/install/hotspot_action/bin'
[16.995s] Level 1:colcon.colcon_core.environment:checking '/home/harry/ros2_ws/src/High_Vis/actions/install/hotspot_action/lib/pkgconfig/hotspot_action.pc'
[16.995s] Level 1:colcon.colcon_core.environment:checking '/home/harry/ros2_ws/src/High_Vis/actions/install/hotspot_action/lib/python3.10/site-packages'
[16.996s] Level 1:colcon.colcon_core.environment:checking '/home/harry/ros2_ws/src/High_Vis/actions/install/hotspot_action/bin'
[17.009s] INFO:colcon.colcon_core.shell:Creating package script '/home/harry/ros2_ws/src/High_Vis/actions/install/hotspot_action/share/hotspot_action/package.ps1'
[17.010s] INFO:colcon.colcon_core.shell:Creating package descriptor '/home/harry/ros2_ws/src/High_Vis/actions/install/hotspot_action/share/hotspot_action/package.dsv'
[17.011s] INFO:colcon.colcon_core.shell:Creating package script '/home/harry/ros2_ws/src/High_Vis/actions/install/hotspot_action/share/hotspot_action/package.sh'
[17.012s] INFO:colcon.colcon_core.shell:Creating package script '/home/harry/ros2_ws/src/High_Vis/actions/install/hotspot_action/share/hotspot_action/package.bash'
[17.013s] INFO:colcon.colcon_core.shell:Creating package script '/home/harry/ros2_ws/src/High_Vis/actions/install/hotspot_action/share/hotspot_action/package.zsh'
[17.014s] Level 1:colcon.colcon_core.environment:create_file_with_runtime_dependencies(/home/harry/ros2_ws/src/High_Vis/actions/install/hotspot_action/share/colcon-core/packages/hotspot_action)
[17.124s] Level 1:colcon.colcon_core.environment:create_environment_scripts_only(hotspot_action)
[17.139s] Level 1:colcon.colcon_core.environment:checking '/home/harry/ros2_ws/src/High_Vis/actions/install/hotspot_action' for CMake module files
[17.140s] Level 1:colcon.colcon_core.environment:checking '/home/harry/ros2_ws/src/High_Vis/actions/install/hotspot_action' for CMake config files
[17.141s] Level 1:colcon.colcon_core.shell:create_environment_hook('hotspot_action', 'cmake_prefix_path')
[17.155s] INFO:colcon.colcon_core.shell:Creating environment hook '/home/harry/ros2_ws/src/High_Vis/actions/install/hotspot_action/share/hotspot_action/hook/cmake_prefix_path.ps1'
[17.156s] INFO:colcon.colcon_core.shell:Creating environment descriptor '/home/harry/ros2_ws/src/High_Vis/actions/install/hotspot_action/share/hotspot_action/hook/cmake_prefix_path.dsv'
[17.156s] INFO:colcon.colcon_core.shell:Creating environment hook '/home/harry/ros2_ws/src/High_Vis/actions/install/hotspot_action/share/hotspot_action/hook/cmake_prefix_path.sh'
[17.157s] Level 1:colcon.colcon_core.environment:checking '/home/harry/ros2_ws/src/High_Vis/actions/install/hotspot_action/lib'
[17.157s] Level 1:colcon.colcon_core.shell:create_environment_hook('hotspot_action', 'ld_library_path_lib')
[17.176s] INFO:colcon.colcon_core.shell:Creating environment hook '/home/harry/ros2_ws/src/High_Vis/actions/install/hotspot_action/share/hotspot_action/hook/ld_library_path_lib.ps1'
[17.176s] INFO:colcon.colcon_core.shell:Creating environment descriptor '/home/harry/ros2_ws/src/High_Vis/actions/install/hotspot_action/share/hotspot_action/hook/ld_library_path_lib.dsv'
[17.177s] INFO:colcon.colcon_core.shell:Creating environment hook '/home/harry/ros2_ws/src/High_Vis/actions/install/hotspot_action/share/hotspot_action/hook/ld_library_path_lib.sh'
[17.177s] Level 1:colcon.colcon_core.environment:checking '/home/harry/ros2_ws/src/High_Vis/actions/install/hotspot_action/bin'
[17.178s] Level 1:colcon.colcon_core.environment:checking '/home/harry/ros2_ws/src/High_Vis/actions/install/hotspot_action/lib/pkgconfig/hotspot_action.pc'
[17.178s] Level 1:colcon.colcon_core.environment:checking '/home/harry/ros2_ws/src/High_Vis/actions/install/hotspot_action/lib/python3.10/site-packages'
[17.178s] Level 1:colcon.colcon_core.environment:checking '/home/harry/ros2_ws/src/High_Vis/actions/install/hotspot_action/bin'
[17.200s] INFO:colcon.colcon_core.shell:Creating package script '/home/harry/ros2_ws/src/High_Vis/actions/install/hotspot_action/share/hotspot_action/package.ps1'
[17.201s] INFO:colcon.colcon_core.shell:Creating package descriptor '/home/harry/ros2_ws/src/High_Vis/actions/install/hotspot_action/share/hotspot_action/package.dsv'
[17.202s] INFO:colcon.colcon_core.shell:Creating package script '/home/harry/ros2_ws/src/High_Vis/actions/install/hotspot_action/share/hotspot_action/package.sh'
[17.202s] INFO:colcon.colcon_core.shell:Creating package script '/home/harry/ros2_ws/src/High_Vis/actions/install/hotspot_action/share/hotspot_action/package.bash'
[17.203s] INFO:colcon.colcon_core.shell:Creating package script '/home/harry/ros2_ws/src/High_Vis/actions/install/hotspot_action/share/hotspot_action/package.zsh'
[17.204s] Level 1:colcon.colcon_core.environment:create_file_with_runtime_dependencies(/home/harry/ros2_ws/src/High_Vis/actions/install/hotspot_action/share/colcon-core/packages/hotspot_action)
[17.205s] INFO:colcon.colcon_ros.task.ament_python.build:Building ROS package in '/home/harry/ros2_ws/src/High_Vis/actions/src/actions_py' with build type 'ament_python'
[17.205s] Level 1:colcon.colcon_core.shell:create_environment_hook('actions_py', 'ament_prefix_path')
[17.228s] INFO:colcon.colcon_core.shell:Creating environment hook '/home/harry/ros2_ws/src/High_Vis/actions/install/actions_py/share/actions_py/hook/ament_prefix_path.ps1'
[17.229s] INFO:colcon.colcon_core.shell:Creating environment descriptor '/home/harry/ros2_ws/src/High_Vis/actions/install/actions_py/share/actions_py/hook/ament_prefix_path.dsv'
[17.230s] INFO:colcon.colcon_core.shell:Creating environment hook '/home/harry/ros2_ws/src/High_Vis/actions/install/actions_py/share/actions_py/hook/ament_prefix_path.sh'
[17.247s] INFO:colcon.colcon_core.shell:Skip shell extension 'powershell' for command environment: Not usable outside of PowerShell
[17.247s] DEBUG:colcon.colcon_core.shell:Skip shell extension 'dsv' for command environment
[17.672s] INFO:colcon.colcon_core.task.python.build:Building Python package in '/home/harry/ros2_ws/src/High_Vis/actions/src/actions_py'
[17.692s] INFO:colcon.colcon_core.shell:Skip shell extension 'powershell' for command environment: Not usable outside of PowerShell
[17.692s] DEBUG:colcon.colcon_core.shell:Skip shell extension 'dsv' for command environment
[19.649s] DEBUG:colcon.colcon_core.event_handler.log_command:Invoking command in '/home/harry/ros2_ws/src/High_Vis/actions/build/actions_py': PYTHONPATH=/home/harry/ros2_ws/src/High_Vis/actions/build/actions_py/prefix_override:/home/harry/ros2_ws/src/High_Vis/actions/install/actions_py/lib/python3.10/site-packages:${PYTHONPATH} /usr/bin/python3 setup.py develop --editable --build-directory /home/harry/ros2_ws/src/High_Vis/actions/build/actions_py/build --no-deps install_data
[20.149s] Level 1:colcon.colcon_core.shell:create_environment_hook('actions_py', 'pythonpath_develop')
[20.149s] DEBUG:colcon.colcon_core.event_handler.log_command:Invoked command in '/home/harry/ros2_ws/src/High_Vis/actions/build/actions_py' returned '0': PYTHONPATH=/home/harry/ros2_ws/src/High_Vis/actions/build/actions_py/prefix_override:/home/harry/ros2_ws/src/High_Vis/actions/install/actions_py/lib/python3.10/site-packages:${PYTHONPATH} /usr/bin/python3 setup.py develop --editable --build-directory /home/harry/ros2_ws/src/High_Vis/actions/build/actions_py/build --no-deps install_data
[20.163s] INFO:colcon.colcon_core.shell:Creating environment hook '/home/harry/ros2_ws/src/High_Vis/actions/build/actions_py/share/actions_py/hook/pythonpath_develop.ps1'
[20.164s] INFO:colcon.colcon_core.shell:Creating environment descriptor '/home/harry/ros2_ws/src/High_Vis/actions/build/actions_py/share/actions_py/hook/pythonpath_develop.dsv'
[20.164s] INFO:colcon.colcon_core.shell:Creating environment hook '/home/harry/ros2_ws/src/High_Vis/actions/build/actions_py/share/actions_py/hook/pythonpath_develop.sh'
[20.178s] Level 1:colcon.colcon_core.environment:checking '/home/harry/ros2_ws/src/High_Vis/actions/install/actions_py' for CMake module files
[20.178s] Level 1:colcon.colcon_core.environment:checking '/home/harry/ros2_ws/src/High_Vis/actions/install/actions_py' for CMake config files
[20.179s] Level 1:colcon.colcon_core.environment:checking '/home/harry/ros2_ws/src/High_Vis/actions/install/actions_py/lib'
[20.179s] Level 1:colcon.colcon_core.environment:checking '/home/harry/ros2_ws/src/High_Vis/actions/install/actions_py/bin'
[20.179s] Level 1:colcon.colcon_core.environment:checking '/home/harry/ros2_ws/src/High_Vis/actions/install/actions_py/lib/pkgconfig/actions_py.pc'
[20.179s] Level 1:colcon.colcon_core.environment:checking '/home/harry/ros2_ws/src/High_Vis/actions/install/actions_py/lib/python3.10/site-packages'
[20.179s] Level 1:colcon.colcon_core.shell:create_environment_hook('actions_py', 'pythonpath')
[20.193s] INFO:colcon.colcon_core.shell:Creating environment hook '/home/harry/ros2_ws/src/High_Vis/actions/install/actions_py/share/actions_py/hook/pythonpath.ps1'
[20.193s] INFO:colcon.colcon_core.shell:Creating environment descriptor '/home/harry/ros2_ws/src/High_Vis/actions/install/actions_py/share/actions_py/hook/pythonpath.dsv'
[20.194s] INFO:colcon.colcon_core.shell:Creating environment hook '/home/harry/ros2_ws/src/High_Vis/actions/install/actions_py/share/actions_py/hook/pythonpath.sh'
[20.194s] Level 1:colcon.colcon_core.environment:checking '/home/harry/ros2_ws/src/High_Vis/actions/install/actions_py/bin'
[20.194s] Level 1:colcon.colcon_core.environment:create_environment_scripts_only(actions_py)
[20.211s] INFO:colcon.colcon_core.shell:Creating package script '/home/harry/ros2_ws/src/High_Vis/actions/install/actions_py/share/actions_py/package.ps1'
[20.211s] INFO:colcon.colcon_core.shell:Creating package descriptor '/home/harry/ros2_ws/src/High_Vis/actions/install/actions_py/share/actions_py/package.dsv'
[20.212s] INFO:colcon.colcon_core.shell:Creating package script '/home/harry/ros2_ws/src/High_Vis/actions/install/actions_py/share/actions_py/package.sh'
[20.212s] INFO:colcon.colcon_core.shell:Creating package script '/home/harry/ros2_ws/src/High_Vis/actions/install/actions_py/share/actions_py/package.bash'
[20.213s] INFO:colcon.colcon_core.shell:Creating package script '/home/harry/ros2_ws/src/High_Vis/actions/install/actions_py/share/actions_py/package.zsh'
[20.213s] Level 1:colcon.colcon_core.environment:create_file_with_runtime_dependencies(/home/harry/ros2_ws/src/High_Vis/actions/install/actions_py/share/colcon-core/packages/actions_py)
[20.214s] DEBUG:colcon.colcon_parallel_executor.executor.parallel:closing loop
[20.214s] DEBUG:colcon.colcon_parallel_executor.executor.parallel:loop closed
[20.215s] DEBUG:colcon.colcon_parallel_executor.executor.parallel:run_until_complete finished with '0'
[20.215s] DEBUG:colcon.colcon_core.event_reactor:joining thread
[20.433s] INFO:colcon.colcon_core.plugin_system:Skipping extension 'colcon_notification.desktop_notification.notify_send': Could not find 'notify-send'
[20.433s] INFO:colcon.colcon_core.plugin_system:Skipping extension 'colcon_notification.desktop_notification.terminal_notifier': Not used on non-Darwin systems
[20.433s] INFO:colcon.colcon_core.plugin_system:Skipping extension 'colcon_notification.desktop_notification.win32': Not used on non-Windows systems
[20.433s] INFO:colcon.colcon_notification.desktop_notification:Sending desktop notification using 'notify2'
[20.434s] DEBUG:colcon.colcon_notification.desktop_notification.notify2:Failed to initialize notify2: org.freedesktop.DBus.Error.FileNotFound: Failed to connect to socket /run/user/1000/bus: No such file or directory
[20.434s] DEBUG:colcon.colcon_core.event_reactor:joined thread
[20.448s] INFO:colcon.colcon_core.shell:Creating prefix script '/home/harry/ros2_ws/src/High_Vis/actions/install/local_setup.ps1'
[20.449s] INFO:colcon.colcon_core.shell:Creating prefix util module '/home/harry/ros2_ws/src/High_Vis/actions/install/_local_setup_util_ps1.py'
[20.450s] INFO:colcon.colcon_core.shell:Creating prefix chain script '/home/harry/ros2_ws/src/High_Vis/actions/install/setup.ps1'
[20.464s] INFO:colcon.colcon_core.shell:Creating prefix script '/home/harry/ros2_ws/src/High_Vis/actions/install/local_setup.sh'
[20.465s] INFO:colcon.colcon_core.shell:Creating prefix util module '/home/harry/ros2_ws/src/High_Vis/actions/install/_local_setup_util_sh.py'
[20.465s] INFO:colcon.colcon_core.shell:Creating prefix chain script '/home/harry/ros2_ws/src/High_Vis/actions/install/setup.sh'
[20.480s] INFO:colcon.colcon_core.shell:Creating prefix script '/home/harry/ros2_ws/src/High_Vis/actions/install/local_setup.bash'
[20.481s] INFO:colcon.colcon_core.shell:Creating prefix chain script '/home/harry/ros2_ws/src/High_Vis/actions/install/setup.bash'
[20.494s] INFO:colcon.colcon_core.shell:Creating prefix script '/home/harry/ros2_ws/src/High_Vis/actions/install/local_setup.zsh'
[20.495s] INFO:colcon.colcon_core.shell:Creating prefix chain script '/home/harry/ros2_ws/src/High_Vis/actions/install/setup.zsh'
