running egg_info
creating ../../build/actions_py/actions_py.egg-info
writing ../../build/actions_py/actions_py.egg-info/PKG-INFO
writing dependency_links to ../../build/actions_py/actions_py.egg-info/dependency_links.txt
writing entry points to ../../build/actions_py/actions_py.egg-info/entry_points.txt
writing requirements to ../../build/actions_py/actions_py.egg-info/requires.txt
writing top-level names to ../../build/actions_py/actions_py.egg-info/top_level.txt
writing manifest file '../../build/actions_py/actions_py.egg-info/SOURCES.txt'
reading manifest file '../../build/actions_py/actions_py.egg-info/SOURCES.txt'
writing manifest file '../../build/actions_py/actions_py.egg-info/SOURCES.txt'
running build
running build_py
creating /home/harry/ros2_ws/src/High_Vis/actions/build/actions_py/build
creating /home/harry/ros2_ws/src/High_Vis/actions/build/actions_py/build/lib
creating /home/harry/ros2_ws/src/High_Vis/actions/build/actions_py/build/lib/actions_py
copying actions_py/monitoring_client_before_integration.py -> /home/harry/ros2_ws/src/High_Vis/actions/build/actions_py/build/lib/actions_py
copying actions_py/monitoring_client.py -> /home/harry/ros2_ws/src/High_Vis/actions/build/actions_py/build/lib/actions_py
copying actions_py/pt_server.py -> /home/harry/ros2_ws/src/High_Vis/actions/build/actions_py/build/lib/actions_py
copying actions_py/ac_server.py -> /home/harry/ros2_ws/src/High_Vis/actions/build/actions_py/build/lib/actions_py
copying actions_py/hotspot_server.py -> /home/harry/ros2_ws/src/High_Vis/actions/build/actions_py/build/lib/actions_py
copying actions_py/nav_server.py -> /home/harry/ros2_ws/src/High_Vis/actions/build/actions_py/build/lib/actions_py
copying actions_py/integration_executable.py -> /home/harry/ros2_ws/src/High_Vis/actions/build/actions_py/build/lib/actions_py
copying actions_py/__init__.py -> /home/harry/ros2_ws/src/High_Vis/actions/build/actions_py/build/lib/actions_py
running install
running install_lib
creating /home/harry/ros2_ws/src/High_Vis/actions/install/actions_py/lib/python3.10/site-packages/actions_py
copying /home/harry/ros2_ws/src/High_Vis/actions/build/actions_py/build/lib/actions_py/monitoring_client_before_integration.py -> /home/harry/ros2_ws/src/High_Vis/actions/install/actions_py/lib/python3.10/site-packages/actions_py
copying /home/harry/ros2_ws/src/High_Vis/actions/build/actions_py/build/lib/actions_py/monitoring_client.py -> /home/harry/ros2_ws/src/High_Vis/actions/install/actions_py/lib/python3.10/site-packages/actions_py
copying /home/harry/ros2_ws/src/High_Vis/actions/build/actions_py/build/lib/actions_py/pt_server.py -> /home/harry/ros2_ws/src/High_Vis/actions/install/actions_py/lib/python3.10/site-packages/actions_py
copying /home/harry/ros2_ws/src/High_Vis/actions/build/actions_py/build/lib/actions_py/ac_server.py -> /home/harry/ros2_ws/src/High_Vis/actions/install/actions_py/lib/python3.10/site-packages/actions_py
copying /home/harry/ros2_ws/src/High_Vis/actions/build/actions_py/build/lib/actions_py/hotspot_server.py -> /home/harry/ros2_ws/src/High_Vis/actions/install/actions_py/lib/python3.10/site-packages/actions_py
copying /home/harry/ros2_ws/src/High_Vis/actions/build/actions_py/build/lib/actions_py/nav_server.py -> /home/harry/ros2_ws/src/High_Vis/actions/install/actions_py/lib/python3.10/site-packages/actions_py
copying /home/harry/ros2_ws/src/High_Vis/actions/build/actions_py/build/lib/actions_py/integration_executable.py -> /home/harry/ros2_ws/src/High_Vis/actions/install/actions_py/lib/python3.10/site-packages/actions_py
copying /home/harry/ros2_ws/src/High_Vis/actions/build/actions_py/build/lib/actions_py/__init__.py -> /home/harry/ros2_ws/src/High_Vis/actions/install/actions_py/lib/python3.10/site-packages/actions_py
byte-compiling /home/harry/ros2_ws/src/High_Vis/actions/install/actions_py/lib/python3.10/site-packages/actions_py/monitoring_client_before_integration.py to monitoring_client_before_integration.cpython-310.pyc
byte-compiling /home/harry/ros2_ws/src/High_Vis/actions/install/actions_py/lib/python3.10/site-packages/actions_py/monitoring_client.py to monitoring_client.cpython-310.pyc
byte-compiling /home/harry/ros2_ws/src/High_Vis/actions/install/actions_py/lib/python3.10/site-packages/actions_py/pt_server.py to pt_server.cpython-310.pyc
byte-compiling /home/harry/ros2_ws/src/High_Vis/actions/install/actions_py/lib/python3.10/site-packages/actions_py/ac_server.py to ac_server.cpython-310.pyc
byte-compiling /home/harry/ros2_ws/src/High_Vis/actions/install/actions_py/lib/python3.10/site-packages/actions_py/hotspot_server.py to hotspot_server.cpython-310.pyc
byte-compiling /home/harry/ros2_ws/src/High_Vis/actions/install/actions_py/lib/python3.10/site-packages/actions_py/nav_server.py to nav_server.cpython-310.pyc
byte-compiling /home/harry/ros2_ws/src/High_Vis/actions/install/actions_py/lib/python3.10/site-packages/actions_py/integration_executable.py to integration_executable.cpython-310.pyc
byte-compiling /home/harry/ros2_ws/src/High_Vis/actions/install/actions_py/lib/python3.10/site-packages/actions_py/__init__.py to __init__.cpython-310.pyc
running install_data
creating /home/harry/ros2_ws/src/High_Vis/actions/install/actions_py/share/ament_index
creating /home/harry/ros2_ws/src/High_Vis/actions/install/actions_py/share/ament_index/resource_index
creating /home/harry/ros2_ws/src/High_Vis/actions/install/actions_py/share/ament_index/resource_index/packages
copying resource/actions_py -> /home/harry/ros2_ws/src/High_Vis/actions/install/actions_py/share/ament_index/resource_index/packages
copying package.xml -> /home/harry/ros2_ws/src/High_Vis/actions/install/actions_py/share/actions_py
running install_egg_info
Copying ../../build/actions_py/actions_py.egg-info to /home/harry/ros2_ws/src/High_Vis/actions/install/actions_py/lib/python3.10/site-packages/actions_py-0.0.0-py3.10.egg-info
running install_scripts
Installing ac_server script to /home/harry/ros2_ws/src/High_Vis/actions/install/actions_py/lib/actions_py
Installing hotspot_server script to /home/harry/ros2_ws/src/High_Vis/actions/install/actions_py/lib/actions_py
Installing integration_executable script to /home/harry/ros2_ws/src/High_Vis/actions/install/actions_py/lib/actions_py
Installing monitoring_client script to /home/harry/ros2_ws/src/High_Vis/actions/install/actions_py/lib/actions_py
Installing monitoring_client_before_integration script to /home/harry/ros2_ws/src/High_Vis/actions/install/actions_py/lib/actions_py
Installing nav_server script to /home/harry/ros2_ws/src/High_Vis/actions/install/actions_py/lib/actions_py
Installing pt_server script to /home/harry/ros2_ws/src/High_Vis/actions/install/actions_py/lib/actions_py
writing list of installed files to '/home/harry/ros2_ws/src/High_Vis/actions/build/actions_py/install.log'
