[1.163s] Invoking command in '/home/harry/ros2_ws/src/High_Vis/actions/src/actions_py': CMAKE_PREFIX_PATH=/home/harry/ros2_ws/src/High_Vis/actions/install/hotspot_action:/home/harry/ros2_ws/src/High_Vis/actions/install/actions_bringup PYTHONPATH=/home/harry/ros2_ws/src/High_Vis/actions/build/actions_py/prefix_override:/home/harry/ros2_ws/src/High_Vis/actions/install/actions_py/lib/python3.10/site-packages:${PYTHONPATH} /usr/bin/python3 setup.py egg_info --egg-base ../../build/actions_py build --build-base /home/harry/ros2_ws/src/High_Vis/actions/build/actions_py/build install --record /home/harry/ros2_ws/src/High_Vis/actions/build/actions_py/install.log --single-version-externally-managed
[1.485s] running egg_info
[1.486s] creating ../../build/actions_py/actions_py.egg-info
[1.487s] writing ../../build/actions_py/actions_py.egg-info/PKG-INFO
[1.488s] writing dependency_links to ../../build/actions_py/actions_py.egg-info/dependency_links.txt
[1.489s] writing entry points to ../../build/actions_py/actions_py.egg-info/entry_points.txt
[1.490s] writing requirements to ../../build/actions_py/actions_py.egg-info/requires.txt
[1.490s] writing top-level names to ../../build/actions_py/actions_py.egg-info/top_level.txt
[1.490s] writing manifest file '../../build/actions_py/actions_py.egg-info/SOURCES.txt'
[1.492s] reading manifest file '../../build/actions_py/actions_py.egg-info/SOURCES.txt'
[1.493s] writing manifest file '../../build/actions_py/actions_py.egg-info/SOURCES.txt'
[1.493s] running build
[1.493s] running build_py
[1.493s] creating /home/harry/ros2_ws/src/High_Vis/actions/build/actions_py/build
[1.494s] creating /home/harry/ros2_ws/src/High_Vis/actions/build/actions_py/build/lib
[1.494s] creating /home/harry/ros2_ws/src/High_Vis/actions/build/actions_py/build/lib/actions_py
[1.495s] copying actions_py/monitoring_client_before_integration.py -> /home/harry/ros2_ws/src/High_Vis/actions/build/actions_py/build/lib/actions_py
[1.495s] copying actions_py/monitoring_client.py -> /home/harry/ros2_ws/src/High_Vis/actions/build/actions_py/build/lib/actions_py
[1.495s] copying actions_py/pt_server.py -> /home/harry/ros2_ws/src/High_Vis/actions/build/actions_py/build/lib/actions_py
[1.495s] copying actions_py/ac_server.py -> /home/harry/ros2_ws/src/High_Vis/actions/build/actions_py/build/lib/actions_py
[1.496s] copying actions_py/hotspot_server.py -> /home/harry/ros2_ws/src/High_Vis/actions/build/actions_py/build/lib/actions_py
[1.496s] copying actions_py/nav_server.py -> /home/harry/ros2_ws/src/High_Vis/actions/build/actions_py/build/lib/actions_py
[1.496s] copying actions_py/integration_executable.py -> /home/harry/ros2_ws/src/High_Vis/actions/build/actions_py/build/lib/actions_py
[1.497s] copying actions_py/__init__.py -> /home/harry/ros2_ws/src/High_Vis/actions/build/actions_py/build/lib/actions_py
[1.497s] running install
[1.497s] running install_lib
[1.498s] creating /home/harry/ros2_ws/src/High_Vis/actions/install/actions_py/lib/python3.10/site-packages/actions_py
[1.499s] copying /home/harry/ros2_ws/src/High_Vis/actions/build/actions_py/build/lib/actions_py/monitoring_client_before_integration.py -> /home/harry/ros2_ws/src/High_Vis/actions/install/actions_py/lib/python3.10/site-packages/actions_py
[1.499s] copying /home/harry/ros2_ws/src/High_Vis/actions/build/actions_py/build/lib/actions_py/monitoring_client.py -> /home/harry/ros2_ws/src/High_Vis/actions/install/actions_py/lib/python3.10/site-packages/actions_py
[1.499s] copying /home/harry/ros2_ws/src/High_Vis/actions/build/actions_py/build/lib/actions_py/pt_server.py -> /home/harry/ros2_ws/src/High_Vis/actions/install/actions_py/lib/python3.10/site-packages/actions_py
[1.500s] copying /home/harry/ros2_ws/src/High_Vis/actions/build/actions_py/build/lib/actions_py/ac_server.py -> /home/harry/ros2_ws/src/High_Vis/actions/install/actions_py/lib/python3.10/site-packages/actions_py
[1.500s] copying /home/harry/ros2_ws/src/High_Vis/actions/build/actions_py/build/lib/actions_py/hotspot_server.py -> /home/harry/ros2_ws/src/High_Vis/actions/install/actions_py/lib/python3.10/site-packages/actions_py
[1.501s] copying /home/harry/ros2_ws/src/High_Vis/actions/build/actions_py/build/lib/actions_py/nav_server.py -> /home/harry/ros2_ws/src/High_Vis/actions/install/actions_py/lib/python3.10/site-packages/actions_py
[1.501s] copying /home/harry/ros2_ws/src/High_Vis/actions/build/actions_py/build/lib/actions_py/integration_executable.py -> /home/harry/ros2_ws/src/High_Vis/actions/install/actions_py/lib/python3.10/site-packages/actions_py
[1.501s] copying /home/harry/ros2_ws/src/High_Vis/actions/build/actions_py/build/lib/actions_py/__init__.py -> /home/harry/ros2_ws/src/High_Vis/actions/install/actions_py/lib/python3.10/site-packages/actions_py
[1.501s] byte-compiling /home/harry/ros2_ws/src/High_Vis/actions/install/actions_py/lib/python3.10/site-packages/actions_py/monitoring_client_before_integration.py to monitoring_client_before_integration.cpython-310.pyc
[1.503s] byte-compiling /home/harry/ros2_ws/src/High_Vis/actions/install/actions_py/lib/python3.10/site-packages/actions_py/monitoring_client.py to monitoring_client.cpython-310.pyc
[1.505s] byte-compiling /home/harry/ros2_ws/src/High_Vis/actions/install/actions_py/lib/python3.10/site-packages/actions_py/pt_server.py to pt_server.cpython-310.pyc
[1.506s] byte-compiling /home/harry/ros2_ws/src/High_Vis/actions/install/actions_py/lib/python3.10/site-packages/actions_py/ac_server.py to ac_server.cpython-310.pyc
[1.507s] byte-compiling /home/harry/ros2_ws/src/High_Vis/actions/install/actions_py/lib/python3.10/site-packages/actions_py/hotspot_server.py to hotspot_server.cpython-310.pyc
[1.509s] byte-compiling /home/harry/ros2_ws/src/High_Vis/actions/install/actions_py/lib/python3.10/site-packages/actions_py/nav_server.py to nav_server.cpython-310.pyc
[1.510s] byte-compiling /home/harry/ros2_ws/src/High_Vis/actions/install/actions_py/lib/python3.10/site-packages/actions_py/integration_executable.py to integration_executable.cpython-310.pyc
[1.512s] byte-compiling /home/harry/ros2_ws/src/High_Vis/actions/install/actions_py/lib/python3.10/site-packages/actions_py/__init__.py to __init__.cpython-310.pyc
[1.512s] running install_data
[1.513s] creating /home/harry/ros2_ws/src/High_Vis/actions/install/actions_py/share/ament_index
[1.513s] creating /home/harry/ros2_ws/src/High_Vis/actions/install/actions_py/share/ament_index/resource_index
[1.514s] creating /home/harry/ros2_ws/src/High_Vis/actions/install/actions_py/share/ament_index/resource_index/packages
[1.514s] copying resource/actions_py -> /home/harry/ros2_ws/src/High_Vis/actions/install/actions_py/share/ament_index/resource_index/packages
[1.515s] copying package.xml -> /home/harry/ros2_ws/src/High_Vis/actions/install/actions_py/share/actions_py
[1.516s] running install_egg_info
[1.517s] Copying ../../build/actions_py/actions_py.egg-info to /home/harry/ros2_ws/src/High_Vis/actions/install/actions_py/lib/python3.10/site-packages/actions_py-0.0.0-py3.10.egg-info
[1.519s] running install_scripts
[1.541s] Installing ac_server script to /home/harry/ros2_ws/src/High_Vis/actions/install/actions_py/lib/actions_py
[1.541s] Installing hotspot_server script to /home/harry/ros2_ws/src/High_Vis/actions/install/actions_py/lib/actions_py
[1.542s] Installing integration_executable script to /home/harry/ros2_ws/src/High_Vis/actions/install/actions_py/lib/actions_py
[1.542s] Installing monitoring_client script to /home/harry/ros2_ws/src/High_Vis/actions/install/actions_py/lib/actions_py
[1.542s] Installing monitoring_client_before_integration script to /home/harry/ros2_ws/src/High_Vis/actions/install/actions_py/lib/actions_py
[1.543s] Installing nav_server script to /home/harry/ros2_ws/src/High_Vis/actions/install/actions_py/lib/actions_py
[1.543s] Installing pt_server script to /home/harry/ros2_ws/src/High_Vis/actions/install/actions_py/lib/actions_py
[1.543s] writing list of installed files to '/home/harry/ros2_ws/src/High_Vis/actions/build/actions_py/install.log'
[1.592s] Invoked command in '/home/harry/ros2_ws/src/High_Vis/actions/src/actions_py' returned '0': CMAKE_PREFIX_PATH=/home/harry/ros2_ws/src/High_Vis/actions/install/hotspot_action:/home/harry/ros2_ws/src/High_Vis/actions/install/actions_bringup PYTHONPATH=/home/harry/ros2_ws/src/High_Vis/actions/build/actions_py/prefix_override:/home/harry/ros2_ws/src/High_Vis/actions/install/actions_py/lib/python3.10/site-packages:${PYTHONPATH} /usr/bin/python3 setup.py egg_info --egg-base ../../build/actions_py build --build-base /home/harry/ros2_ws/src/High_Vis/actions/build/actions_py/build install --record /home/harry/ros2_ws/src/High_Vis/actions/build/actions_py/install.log --single-version-externally-managed
