[1.053s] DEBUG:colcon:Command line arguments: ['/usr/bin/colcon', 'build', '--symlink-install']
[1.053s] DEBUG:colcon:Parsed command line arguments: Namespace(log_base=None, log_level=None, verb_name='build', build_base='build', install_base='install', merge_install=False, symlink_install=True, test_result_base=None, continue_on_error=False, executor='parallel', parallel_workers=8, event_handlers=None, ignore_user_meta=False, metas=['./colcon.meta'], base_paths=['.'], packages_ignore=None, packages_ignore_regex=None, paths=None, packages_up_to=None, packages_up_to_regex=None, packages_above=None, packages_above_and_dependencies=None, packages_above_depth=None, packages_select_by_dep=None, packages_skip_by_dep=None, packages_skip_up_to=None, packages_select_build_failed=False, packages_skip_build_finished=False, packages_select_test_failures=False, packages_skip_test_passed=False, packages_select=None, packages_skip=None, packages_select_regex=None, packages_skip_regex=None, packages_start=None, packages_end=None, allow_overriding=[], cmake_args=None, cmake_target=None, cmake_target_skip_unavailable=False, cmake_clean_cache=False, cmake_clean_first=False, cmake_force_configure=False, ament_cmake_args=None, catkin_cmake_args=None, catkin_skip_building_tests=False, verb_parser=<colcon_defaults.argument_parser.defaults.DefaultArgumentsDecorator object at 0x7fa48f8d66b0>, verb_extension=<colcon_core.verb.build.BuildVerb object at 0x7fa48fb58070>, main=<bound method BuildVerb.main of <colcon_core.verb.build.BuildVerb object at 0x7fa48fb58070>>)
[1.100s] Level 1:colcon.colcon_core.package_discovery:discover_packages(colcon_meta) check parameters
[1.101s] Level 1:colcon.colcon_core.package_discovery:discover_packages(recursive) check parameters
[1.101s] Level 1:colcon.colcon_core.package_discovery:discover_packages(ignore) check parameters
[1.101s] Level 1:colcon.colcon_core.package_discovery:discover_packages(path) check parameters
[1.101s] Level 1:colcon.colcon_core.package_discovery:discover_packages(colcon_meta) discover
[1.101s] Level 1:colcon.colcon_core.package_discovery:discover_packages(recursive) discover
[1.101s] INFO:colcon.colcon_core.package_discovery:Crawling recursively for packages in '/home/harry/ros2_ws/src/High_Vis/actions'
[1.101s] Level 1:colcon.colcon_core.package_identification:_identify(.) by extensions ['ignore', 'ignore_ament_install']
[1.102s] Level 1:colcon.colcon_core.package_identification:_identify(.) by extension 'ignore'
[1.102s] Level 1:colcon.colcon_core.package_identification:_identify(.) by extension 'ignore_ament_install'
[1.102s] Level 1:colcon.colcon_core.package_identification:_identify(.) by extensions ['colcon_pkg']
[1.102s] Level 1:colcon.colcon_core.package_identification:_identify(.) by extension 'colcon_pkg'
[1.102s] Level 1:colcon.colcon_core.package_identification:_identify(.) by extensions ['colcon_meta']
[1.102s] Level 1:colcon.colcon_core.package_identification:_identify(.) by extension 'colcon_meta'
[1.102s] Level 1:colcon.colcon_core.package_identification:_identify(.) by extensions ['ros']
[1.102s] Level 1:colcon.colcon_core.package_identification:_identify(.) by extension 'ros'
[1.114s] Level 1:colcon.colcon_core.package_identification:_identify(.) by extensions ['cmake', 'python']
[1.114s] Level 1:colcon.colcon_core.package_identification:_identify(.) by extension 'cmake'
[1.114s] Level 1:colcon.colcon_core.package_identification:_identify(.) by extension 'python'
[1.114s] Level 1:colcon.colcon_core.package_identification:_identify(.) by extensions ['python_setup_py']
[1.114s] Level 1:colcon.colcon_core.package_identification:_identify(.) by extension 'python_setup_py'
[1.114s] Level 1:colcon.colcon_core.package_identification:_identify(build) by extensions ['ignore', 'ignore_ament_install']
[1.114s] Level 1:colcon.colcon_core.package_identification:_identify(build) by extension 'ignore'
[1.114s] Level 1:colcon.colcon_core.package_identification:_identify(build) ignored
[1.115s] Level 1:colcon.colcon_core.package_identification:_identify(install) by extensions ['ignore', 'ignore_ament_install']
[1.115s] Level 1:colcon.colcon_core.package_identification:_identify(install) by extension 'ignore'
[1.115s] Level 1:colcon.colcon_core.package_identification:_identify(install) ignored
[1.115s] Level 1:colcon.colcon_core.package_identification:_identify(log) by extensions ['ignore', 'ignore_ament_install']
[1.115s] Level 1:colcon.colcon_core.package_identification:_identify(log) by extension 'ignore'
[1.115s] Level 1:colcon.colcon_core.package_identification:_identify(log) ignored
[1.115s] Level 1:colcon.colcon_core.package_identification:_identify(src) by extensions ['ignore', 'ignore_ament_install']
[1.115s] Level 1:colcon.colcon_core.package_identification:_identify(src) by extension 'ignore'
[1.115s] Level 1:colcon.colcon_core.package_identification:_identify(src) by extension 'ignore_ament_install'
[1.115s] Level 1:colcon.colcon_core.package_identification:_identify(src) by extensions ['colcon_pkg']
[1.115s] Level 1:colcon.colcon_core.package_identification:_identify(src) by extension 'colcon_pkg'
[1.115s] Level 1:colcon.colcon_core.package_identification:_identify(src) by extensions ['colcon_meta']
[1.115s] Level 1:colcon.colcon_core.package_identification:_identify(src) by extension 'colcon_meta'
[1.115s] Level 1:colcon.colcon_core.package_identification:_identify(src) by extensions ['ros']
[1.115s] Level 1:colcon.colcon_core.package_identification:_identify(src) by extension 'ros'
[1.115s] Level 1:colcon.colcon_core.package_identification:_identify(src) by extensions ['cmake', 'python']
[1.115s] Level 1:colcon.colcon_core.package_identification:_identify(src) by extension 'cmake'
[1.115s] Level 1:colcon.colcon_core.package_identification:_identify(src) by extension 'python'
[1.115s] Level 1:colcon.colcon_core.package_identification:_identify(src) by extensions ['python_setup_py']
[1.115s] Level 1:colcon.colcon_core.package_identification:_identify(src) by extension 'python_setup_py'
[1.115s] Level 1:colcon.colcon_core.package_identification:_identify(src/actions_py) by extensions ['ignore', 'ignore_ament_install']
[1.116s] Level 1:colcon.colcon_core.package_identification:_identify(src/actions_py) by extension 'ignore'
[1.116s] Level 1:colcon.colcon_core.package_identification:_identify(src/actions_py) by extension 'ignore_ament_install'
[1.116s] Level 1:colcon.colcon_core.package_identification:_identify(src/actions_py) by extensions ['colcon_pkg']
[1.116s] Level 1:colcon.colcon_core.package_identification:_identify(src/actions_py) by extension 'colcon_pkg'
[1.116s] Level 1:colcon.colcon_core.package_identification:_identify(src/actions_py) by extensions ['colcon_meta']
[1.116s] Level 1:colcon.colcon_core.package_identification:_identify(src/actions_py) by extension 'colcon_meta'
[1.116s] Level 1:colcon.colcon_core.package_identification:_identify(src/actions_py) by extensions ['ros']
[1.116s] Level 1:colcon.colcon_core.package_identification:_identify(src/actions_py) by extension 'ros'
[1.120s] DEBUG:colcon.colcon_core.package_identification:Package 'src/actions_py' with type 'ros.ament_python' and name 'actions_py'
[1.120s] Level 1:colcon.colcon_core.package_identification:_identify(src/hotspot_action) by extensions ['ignore', 'ignore_ament_install']
[1.120s] Level 1:colcon.colcon_core.package_identification:_identify(src/hotspot_action) by extension 'ignore'
[1.120s] Level 1:colcon.colcon_core.package_identification:_identify(src/hotspot_action) by extension 'ignore_ament_install'
[1.121s] Level 1:colcon.colcon_core.package_identification:_identify(src/hotspot_action) by extensions ['colcon_pkg']
[1.121s] Level 1:colcon.colcon_core.package_identification:_identify(src/hotspot_action) by extension 'colcon_pkg'
[1.121s] Level 1:colcon.colcon_core.package_identification:_identify(src/hotspot_action) by extensions ['colcon_meta']
[1.121s] Level 1:colcon.colcon_core.package_identification:_identify(src/hotspot_action) by extension 'colcon_meta'
[1.121s] Level 1:colcon.colcon_core.package_identification:_identify(src/hotspot_action) by extensions ['ros']
[1.121s] Level 1:colcon.colcon_core.package_identification:_identify(src/hotspot_action) by extension 'ros'
[1.122s] DEBUG:colcon.colcon_core.package_identification:Package 'src/hotspot_action' with type 'ros.ament_cmake' and name 'hotspot_action'
[1.122s] Level 1:colcon.colcon_core.package_discovery:discover_packages(recursive) using defaults
[1.122s] Level 1:colcon.colcon_core.package_discovery:discover_packages(ignore) discover
[1.122s] Level 1:colcon.colcon_core.package_discovery:discover_packages(ignore) using defaults
[1.122s] Level 1:colcon.colcon_core.package_discovery:discover_packages(path) discover
[1.122s] Level 1:colcon.colcon_core.package_discovery:discover_packages(path) using defaults
[1.210s] Level 1:colcon.colcon_core.package_discovery:discover_packages(prefix_path) check parameters
[1.210s] Level 1:colcon.colcon_core.package_discovery:discover_packages(prefix_path) discover
[1.238s] DEBUG:colcon.colcon_installed_package_information.package_discovery:Found 2 installed packages in /home/harry/ros2_ws/src/High_Vis/actions/install
[1.254s] DEBUG:colcon.colcon_installed_package_information.package_discovery:Found 376 installed packages in /opt/ros/humble
[1.256s] Level 1:colcon.colcon_core.package_discovery:discover_packages(prefix_path) using defaults
[1.376s] Level 5:colcon.colcon_core.verb:set package 'hotspot_action' build argument 'cmake_args' from command line to 'None'
[1.376s] Level 5:colcon.colcon_core.verb:set package 'hotspot_action' build argument 'cmake_target' from command line to 'None'
[1.376s] Level 5:colcon.colcon_core.verb:set package 'hotspot_action' build argument 'cmake_target_skip_unavailable' from command line to 'False'
[1.376s] Level 5:colcon.colcon_core.verb:set package 'hotspot_action' build argument 'cmake_clean_cache' from command line to 'False'
[1.376s] Level 5:colcon.colcon_core.verb:set package 'hotspot_action' build argument 'cmake_clean_first' from command line to 'False'
[1.376s] Level 5:colcon.colcon_core.verb:set package 'hotspot_action' build argument 'cmake_force_configure' from command line to 'False'
[1.376s] Level 5:colcon.colcon_core.verb:set package 'hotspot_action' build argument 'ament_cmake_args' from command line to 'None'
[1.377s] Level 5:colcon.colcon_core.verb:set package 'hotspot_action' build argument 'catkin_cmake_args' from command line to 'None'
[1.377s] Level 5:colcon.colcon_core.verb:set package 'hotspot_action' build argument 'catkin_skip_building_tests' from command line to 'False'
[1.377s] DEBUG:colcon.colcon_core.verb:Building package 'hotspot_action' with the following arguments: {'ament_cmake_args': None, 'build_base': '/home/harry/ros2_ws/src/High_Vis/actions/build/hotspot_action', 'catkin_cmake_args': None, 'catkin_skip_building_tests': False, 'cmake_args': None, 'cmake_clean_cache': False, 'cmake_clean_first': False, 'cmake_force_configure': False, 'cmake_target': None, 'cmake_target_skip_unavailable': False, 'install_base': '/home/harry/ros2_ws/src/High_Vis/actions/install/hotspot_action', 'merge_install': False, 'path': '/home/harry/ros2_ws/src/High_Vis/actions/src/hotspot_action', 'symlink_install': True, 'test_result_base': None}
[1.391s] Level 5:colcon.colcon_core.verb:set package 'actions_py' build argument 'cmake_args' from command line to 'None'
[1.391s] Level 5:colcon.colcon_core.verb:set package 'actions_py' build argument 'cmake_target' from command line to 'None'
[1.391s] Level 5:colcon.colcon_core.verb:set package 'actions_py' build argument 'cmake_target_skip_unavailable' from command line to 'False'
[1.391s] Level 5:colcon.colcon_core.verb:set package 'actions_py' build argument 'cmake_clean_cache' from command line to 'False'
[1.391s] Level 5:colcon.colcon_core.verb:set package 'actions_py' build argument 'cmake_clean_first' from command line to 'False'
[1.391s] Level 5:colcon.colcon_core.verb:set package 'actions_py' build argument 'cmake_force_configure' from command line to 'False'
[1.391s] Level 5:colcon.colcon_core.verb:set package 'actions_py' build argument 'ament_cmake_args' from command line to 'None'
[1.391s] Level 5:colcon.colcon_core.verb:set package 'actions_py' build argument 'catkin_cmake_args' from command line to 'None'
[1.391s] Level 5:colcon.colcon_core.verb:set package 'actions_py' build argument 'catkin_skip_building_tests' from command line to 'False'
[1.391s] DEBUG:colcon.colcon_core.verb:Building package 'actions_py' with the following arguments: {'ament_cmake_args': None, 'build_base': '/home/harry/ros2_ws/src/High_Vis/actions/build/actions_py', 'catkin_cmake_args': None, 'catkin_skip_building_tests': False, 'cmake_args': None, 'cmake_clean_cache': False, 'cmake_clean_first': False, 'cmake_force_configure': False, 'cmake_target': None, 'cmake_target_skip_unavailable': False, 'install_base': '/home/harry/ros2_ws/src/High_Vis/actions/install/actions_py', 'merge_install': False, 'path': '/home/harry/ros2_ws/src/High_Vis/actions/src/actions_py', 'symlink_install': True, 'test_result_base': None}
[1.403s] INFO:colcon.colcon_core.executor:Executing jobs using 'parallel' executor
[1.417s] DEBUG:colcon.colcon_parallel_executor.executor.parallel:run_until_complete
[1.417s] INFO:colcon.colcon_ros.task.ament_cmake.build:Building ROS package in '/home/harry/ros2_ws/src/High_Vis/actions/src/hotspot_action' with build type 'ament_cmake'
[1.417s] INFO:colcon.colcon_cmake.task.cmake.build:Building CMake package in '/home/harry/ros2_ws/src/High_Vis/actions/src/hotspot_action'
[1.434s] INFO:colcon.colcon_core.plugin_system:Skipping extension 'colcon_core.shell.bat': Not used on non-Windows systems
[1.434s] INFO:colcon.colcon_core.shell:Skip shell extension 'powershell' for command environment: Not usable outside of PowerShell
[1.434s] DEBUG:colcon.colcon_core.shell:Skip shell extension 'dsv' for command environment
[1.488s] DEBUG:colcon.colcon_core.event_handler.log_command:Invoking command in '/home/harry/ros2_ws/src/High_Vis/actions/build/hotspot_action': CMAKE_PREFIX_PATH=${CMAKE_PREFIX_PATH}:/home/harry/ros2_ws/src/High_Vis/actions/install/actions_py:/opt/ros/humble /usr/bin/cmake --build /home/harry/ros2_ws/src/High_Vis/actions/build/hotspot_action -- -j8 -l8
[1.933s] DEBUG:colcon.colcon_core.event_handler.log_command:Invoked command in '/home/harry/ros2_ws/src/High_Vis/actions/build/hotspot_action' returned '0': CMAKE_PREFIX_PATH=${CMAKE_PREFIX_PATH}:/home/harry/ros2_ws/src/High_Vis/actions/install/actions_py:/opt/ros/humble /usr/bin/cmake --build /home/harry/ros2_ws/src/High_Vis/actions/build/hotspot_action -- -j8 -l8
[2.003s] DEBUG:colcon.colcon_core.event_handler.log_command:Invoking command in '/home/harry/ros2_ws/src/High_Vis/actions/build/hotspot_action': CMAKE_PREFIX_PATH=${CMAKE_PREFIX_PATH}:/home/harry/ros2_ws/src/High_Vis/actions/install/actions_py:/opt/ros/humble /usr/bin/cmake --install /home/harry/ros2_ws/src/High_Vis/actions/build/hotspot_action
[2.099s] Level 1:colcon.colcon_core.environment:create_environment_scripts_only(hotspot_action)
[2.100s] DEBUG:colcon.colcon_core.event_handler.log_command:Invoked command in '/home/harry/ros2_ws/src/High_Vis/actions/build/hotspot_action' returned '0': CMAKE_PREFIX_PATH=${CMAKE_PREFIX_PATH}:/home/harry/ros2_ws/src/High_Vis/actions/install/actions_py:/opt/ros/humble /usr/bin/cmake --install /home/harry/ros2_ws/src/High_Vis/actions/build/hotspot_action
[2.117s] Level 1:colcon.colcon_core.environment:checking '/home/harry/ros2_ws/src/High_Vis/actions/install/hotspot_action' for CMake module files
[2.119s] Level 1:colcon.colcon_core.environment:checking '/home/harry/ros2_ws/src/High_Vis/actions/install/hotspot_action' for CMake config files
[2.119s] Level 1:colcon.colcon_core.shell:create_environment_hook('hotspot_action', 'cmake_prefix_path')
[2.137s] INFO:colcon.colcon_core.shell:Creating environment hook '/home/harry/ros2_ws/src/High_Vis/actions/install/hotspot_action/share/hotspot_action/hook/cmake_prefix_path.ps1'
[2.139s] INFO:colcon.colcon_core.shell:Creating environment descriptor '/home/harry/ros2_ws/src/High_Vis/actions/install/hotspot_action/share/hotspot_action/hook/cmake_prefix_path.dsv'
[2.140s] INFO:colcon.colcon_core.shell:Creating environment hook '/home/harry/ros2_ws/src/High_Vis/actions/install/hotspot_action/share/hotspot_action/hook/cmake_prefix_path.sh'
[2.142s] Level 1:colcon.colcon_core.environment:checking '/home/harry/ros2_ws/src/High_Vis/actions/install/hotspot_action/lib'
[2.142s] Level 1:colcon.colcon_core.shell:create_environment_hook('hotspot_action', 'ld_library_path_lib')
[2.155s] INFO:colcon.colcon_core.shell:Creating environment hook '/home/harry/ros2_ws/src/High_Vis/actions/install/hotspot_action/share/hotspot_action/hook/ld_library_path_lib.ps1'
[2.156s] INFO:colcon.colcon_core.shell:Creating environment descriptor '/home/harry/ros2_ws/src/High_Vis/actions/install/hotspot_action/share/hotspot_action/hook/ld_library_path_lib.dsv'
[2.156s] INFO:colcon.colcon_core.shell:Creating environment hook '/home/harry/ros2_ws/src/High_Vis/actions/install/hotspot_action/share/hotspot_action/hook/ld_library_path_lib.sh'
[2.158s] Level 1:colcon.colcon_core.environment:checking '/home/harry/ros2_ws/src/High_Vis/actions/install/hotspot_action/bin'
[2.158s] Level 1:colcon.colcon_core.environment:checking '/home/harry/ros2_ws/src/High_Vis/actions/install/hotspot_action/lib/pkgconfig/hotspot_action.pc'
[2.158s] Level 1:colcon.colcon_core.environment:checking '/home/harry/ros2_ws/src/High_Vis/actions/install/hotspot_action/lib/python3.10/site-packages'
[2.158s] Level 1:colcon.colcon_core.environment:checking '/home/harry/ros2_ws/src/High_Vis/actions/install/hotspot_action/bin'
[2.171s] INFO:colcon.colcon_core.shell:Creating package script '/home/harry/ros2_ws/src/High_Vis/actions/install/hotspot_action/share/hotspot_action/package.ps1'
[2.172s] INFO:colcon.colcon_core.shell:Creating package descriptor '/home/harry/ros2_ws/src/High_Vis/actions/install/hotspot_action/share/hotspot_action/package.dsv'
[2.173s] INFO:colcon.colcon_core.shell:Creating package script '/home/harry/ros2_ws/src/High_Vis/actions/install/hotspot_action/share/hotspot_action/package.sh'
[2.174s] INFO:colcon.colcon_core.shell:Creating package script '/home/harry/ros2_ws/src/High_Vis/actions/install/hotspot_action/share/hotspot_action/package.bash'
[2.175s] INFO:colcon.colcon_core.shell:Creating package script '/home/harry/ros2_ws/src/High_Vis/actions/install/hotspot_action/share/hotspot_action/package.zsh'
[2.176s] Level 1:colcon.colcon_core.environment:create_file_with_runtime_dependencies(/home/harry/ros2_ws/src/High_Vis/actions/install/hotspot_action/share/colcon-core/packages/hotspot_action)
[2.247s] Level 1:colcon.colcon_core.environment:create_environment_scripts_only(hotspot_action)
[2.260s] Level 1:colcon.colcon_core.environment:checking '/home/harry/ros2_ws/src/High_Vis/actions/install/hotspot_action' for CMake module files
[2.261s] Level 1:colcon.colcon_core.environment:checking '/home/harry/ros2_ws/src/High_Vis/actions/install/hotspot_action' for CMake config files
[2.261s] Level 1:colcon.colcon_core.shell:create_environment_hook('hotspot_action', 'cmake_prefix_path')
[2.274s] INFO:colcon.colcon_core.shell:Creating environment hook '/home/harry/ros2_ws/src/High_Vis/actions/install/hotspot_action/share/hotspot_action/hook/cmake_prefix_path.ps1'
[2.275s] INFO:colcon.colcon_core.shell:Creating environment descriptor '/home/harry/ros2_ws/src/High_Vis/actions/install/hotspot_action/share/hotspot_action/hook/cmake_prefix_path.dsv'
[2.275s] INFO:colcon.colcon_core.shell:Creating environment hook '/home/harry/ros2_ws/src/High_Vis/actions/install/hotspot_action/share/hotspot_action/hook/cmake_prefix_path.sh'
[2.276s] Level 1:colcon.colcon_core.environment:checking '/home/harry/ros2_ws/src/High_Vis/actions/install/hotspot_action/lib'
[2.276s] Level 1:colcon.colcon_core.shell:create_environment_hook('hotspot_action', 'ld_library_path_lib')
[2.290s] INFO:colcon.colcon_core.shell:Creating environment hook '/home/harry/ros2_ws/src/High_Vis/actions/install/hotspot_action/share/hotspot_action/hook/ld_library_path_lib.ps1'
[2.291s] INFO:colcon.colcon_core.shell:Creating environment descriptor '/home/harry/ros2_ws/src/High_Vis/actions/install/hotspot_action/share/hotspot_action/hook/ld_library_path_lib.dsv'
[2.291s] INFO:colcon.colcon_core.shell:Creating environment hook '/home/harry/ros2_ws/src/High_Vis/actions/install/hotspot_action/share/hotspot_action/hook/ld_library_path_lib.sh'
[2.292s] Level 1:colcon.colcon_core.environment:checking '/home/harry/ros2_ws/src/High_Vis/actions/install/hotspot_action/bin'
[2.292s] Level 1:colcon.colcon_core.environment:checking '/home/harry/ros2_ws/src/High_Vis/actions/install/hotspot_action/lib/pkgconfig/hotspot_action.pc'
[2.292s] Level 1:colcon.colcon_core.environment:checking '/home/harry/ros2_ws/src/High_Vis/actions/install/hotspot_action/lib/python3.10/site-packages'
[2.292s] Level 1:colcon.colcon_core.environment:checking '/home/harry/ros2_ws/src/High_Vis/actions/install/hotspot_action/bin'
[2.305s] INFO:colcon.colcon_core.shell:Creating package script '/home/harry/ros2_ws/src/High_Vis/actions/install/hotspot_action/share/hotspot_action/package.ps1'
[2.306s] INFO:colcon.colcon_core.shell:Creating package descriptor '/home/harry/ros2_ws/src/High_Vis/actions/install/hotspot_action/share/hotspot_action/package.dsv'
[2.307s] INFO:colcon.colcon_core.shell:Creating package script '/home/harry/ros2_ws/src/High_Vis/actions/install/hotspot_action/share/hotspot_action/package.sh'
[2.307s] INFO:colcon.colcon_core.shell:Creating package script '/home/harry/ros2_ws/src/High_Vis/actions/install/hotspot_action/share/hotspot_action/package.bash'
[2.308s] INFO:colcon.colcon_core.shell:Creating package script '/home/harry/ros2_ws/src/High_Vis/actions/install/hotspot_action/share/hotspot_action/package.zsh'
[2.308s] Level 1:colcon.colcon_core.environment:create_file_with_runtime_dependencies(/home/harry/ros2_ws/src/High_Vis/actions/install/hotspot_action/share/colcon-core/packages/hotspot_action)
[2.309s] INFO:colcon.colcon_ros.task.ament_python.build:Building ROS package in '/home/harry/ros2_ws/src/High_Vis/actions/src/actions_py' with build type 'ament_python'
[2.309s] Level 1:colcon.colcon_core.shell:create_environment_hook('actions_py', 'ament_prefix_path')
[2.330s] INFO:colcon.colcon_core.shell:Creating environment hook '/home/harry/ros2_ws/src/High_Vis/actions/install/actions_py/share/actions_py/hook/ament_prefix_path.ps1'
[2.331s] INFO:colcon.colcon_core.shell:Creating environment descriptor '/home/harry/ros2_ws/src/High_Vis/actions/install/actions_py/share/actions_py/hook/ament_prefix_path.dsv'
[2.332s] INFO:colcon.colcon_core.shell:Creating environment hook '/home/harry/ros2_ws/src/High_Vis/actions/install/actions_py/share/actions_py/hook/ament_prefix_path.sh'
[2.354s] INFO:colcon.colcon_core.shell:Skip shell extension 'powershell' for command environment: Not usable outside of PowerShell
[2.354s] DEBUG:colcon.colcon_core.shell:Skip shell extension 'dsv' for command environment
[2.921s] INFO:colcon.colcon_core.task.python.build:Building Python package in '/home/harry/ros2_ws/src/High_Vis/actions/src/actions_py'
[2.941s] INFO:colcon.colcon_core.shell:Skip shell extension 'powershell' for command environment: Not usable outside of PowerShell
[2.941s] DEBUG:colcon.colcon_core.shell:Skip shell extension 'dsv' for command environment
[3.552s] DEBUG:colcon.colcon_core.event_handler.log_command:Invoking command in '/home/harry/ros2_ws/src/High_Vis/actions/build/actions_py': PYTHONPATH=/home/harry/ros2_ws/src/High_Vis/actions/build/actions_py/prefix_override:/home/harry/ros2_ws/src/High_Vis/actions/install/actions_py/lib/python3.10/site-packages:${PYTHONPATH} /usr/bin/python3 setup.py develop --editable --build-directory /home/harry/ros2_ws/src/High_Vis/actions/build/actions_py/build --no-deps install_data
[4.220s] Level 1:colcon.colcon_core.shell:create_environment_hook('actions_py', 'pythonpath_develop')
[4.222s] DEBUG:colcon.colcon_core.event_handler.log_command:Invoked command in '/home/harry/ros2_ws/src/High_Vis/actions/build/actions_py' returned '0': PYTHONPATH=/home/harry/ros2_ws/src/High_Vis/actions/build/actions_py/prefix_override:/home/harry/ros2_ws/src/High_Vis/actions/install/actions_py/lib/python3.10/site-packages:${PYTHONPATH} /usr/bin/python3 setup.py develop --editable --build-directory /home/harry/ros2_ws/src/High_Vis/actions/build/actions_py/build --no-deps install_data
[4.247s] INFO:colcon.colcon_core.shell:Creating environment hook '/home/harry/ros2_ws/src/High_Vis/actions/build/actions_py/share/actions_py/hook/pythonpath_develop.ps1'
[4.248s] INFO:colcon.colcon_core.shell:Creating environment descriptor '/home/harry/ros2_ws/src/High_Vis/actions/build/actions_py/share/actions_py/hook/pythonpath_develop.dsv'
[4.249s] INFO:colcon.colcon_core.shell:Creating environment hook '/home/harry/ros2_ws/src/High_Vis/actions/build/actions_py/share/actions_py/hook/pythonpath_develop.sh'
[4.266s] Level 1:colcon.colcon_core.environment:checking '/home/harry/ros2_ws/src/High_Vis/actions/install/actions_py' for CMake module files
[4.267s] Level 1:colcon.colcon_core.environment:checking '/home/harry/ros2_ws/src/High_Vis/actions/install/actions_py' for CMake config files
[4.268s] Level 1:colcon.colcon_core.environment:checking '/home/harry/ros2_ws/src/High_Vis/actions/install/actions_py/lib'
[4.269s] Level 1:colcon.colcon_core.environment:checking '/home/harry/ros2_ws/src/High_Vis/actions/install/actions_py/bin'
[4.269s] Level 1:colcon.colcon_core.environment:checking '/home/harry/ros2_ws/src/High_Vis/actions/install/actions_py/lib/pkgconfig/actions_py.pc'
[4.270s] Level 1:colcon.colcon_core.environment:checking '/home/harry/ros2_ws/src/High_Vis/actions/install/actions_py/lib/python3.10/site-packages'
[4.270s] Level 1:colcon.colcon_core.shell:create_environment_hook('actions_py', 'pythonpath')
[4.290s] INFO:colcon.colcon_core.shell:Creating environment hook '/home/harry/ros2_ws/src/High_Vis/actions/install/actions_py/share/actions_py/hook/pythonpath.ps1'
[4.290s] INFO:colcon.colcon_core.shell:Creating environment descriptor '/home/harry/ros2_ws/src/High_Vis/actions/install/actions_py/share/actions_py/hook/pythonpath.dsv'
[4.291s] INFO:colcon.colcon_core.shell:Creating environment hook '/home/harry/ros2_ws/src/High_Vis/actions/install/actions_py/share/actions_py/hook/pythonpath.sh'
[4.292s] Level 1:colcon.colcon_core.environment:checking '/home/harry/ros2_ws/src/High_Vis/actions/install/actions_py/bin'
[4.293s] Level 1:colcon.colcon_core.environment:create_environment_scripts_only(actions_py)
[4.312s] INFO:colcon.colcon_core.shell:Creating package script '/home/harry/ros2_ws/src/High_Vis/actions/install/actions_py/share/actions_py/package.ps1'
[4.313s] INFO:colcon.colcon_core.shell:Creating package descriptor '/home/harry/ros2_ws/src/High_Vis/actions/install/actions_py/share/actions_py/package.dsv'
[4.315s] INFO:colcon.colcon_core.shell:Creating package script '/home/harry/ros2_ws/src/High_Vis/actions/install/actions_py/share/actions_py/package.sh'
[4.316s] INFO:colcon.colcon_core.shell:Creating package script '/home/harry/ros2_ws/src/High_Vis/actions/install/actions_py/share/actions_py/package.bash'
[4.316s] INFO:colcon.colcon_core.shell:Creating package script '/home/harry/ros2_ws/src/High_Vis/actions/install/actions_py/share/actions_py/package.zsh'
[4.318s] Level 1:colcon.colcon_core.environment:create_file_with_runtime_dependencies(/home/harry/ros2_ws/src/High_Vis/actions/install/actions_py/share/colcon-core/packages/actions_py)
[4.319s] DEBUG:colcon.colcon_parallel_executor.executor.parallel:closing loop
[4.320s] DEBUG:colcon.colcon_parallel_executor.executor.parallel:loop closed
[4.321s] DEBUG:colcon.colcon_parallel_executor.executor.parallel:run_until_complete finished with '0'
[4.321s] DEBUG:colcon.colcon_core.event_reactor:joining thread
[4.392s] INFO:colcon.colcon_core.plugin_system:Skipping extension 'colcon_notification.desktop_notification.notify_send': Could not find 'notify-send'
[4.393s] INFO:colcon.colcon_core.plugin_system:Skipping extension 'colcon_notification.desktop_notification.terminal_notifier': Not used on non-Darwin systems
[4.393s] INFO:colcon.colcon_core.plugin_system:Skipping extension 'colcon_notification.desktop_notification.win32': Not used on non-Windows systems
[4.393s] INFO:colcon.colcon_notification.desktop_notification:Sending desktop notification using 'notify2'
[4.393s] DEBUG:colcon.colcon_notification.desktop_notification.notify2:Failed to initialize notify2: org.freedesktop.DBus.Error.FileNotFound: Failed to connect to socket /run/user/1000/bus: No such file or directory
[4.393s] DEBUG:colcon.colcon_core.event_reactor:joined thread
[4.409s] INFO:colcon.colcon_core.shell:Creating prefix script '/home/harry/ros2_ws/src/High_Vis/actions/install/local_setup.ps1'
[4.410s] INFO:colcon.colcon_core.shell:Creating prefix util module '/home/harry/ros2_ws/src/High_Vis/actions/install/_local_setup_util_ps1.py'
[4.412s] INFO:colcon.colcon_core.shell:Creating prefix chain script '/home/harry/ros2_ws/src/High_Vis/actions/install/setup.ps1'
[4.428s] INFO:colcon.colcon_core.shell:Creating prefix script '/home/harry/ros2_ws/src/High_Vis/actions/install/local_setup.sh'
[4.429s] INFO:colcon.colcon_core.shell:Creating prefix util module '/home/harry/ros2_ws/src/High_Vis/actions/install/_local_setup_util_sh.py'
[4.431s] INFO:colcon.colcon_core.shell:Creating prefix chain script '/home/harry/ros2_ws/src/High_Vis/actions/install/setup.sh'
[4.464s] INFO:colcon.colcon_core.shell:Creating prefix script '/home/harry/ros2_ws/src/High_Vis/actions/install/local_setup.bash'
[4.466s] INFO:colcon.colcon_core.shell:Creating prefix chain script '/home/harry/ros2_ws/src/High_Vis/actions/install/setup.bash'
[4.498s] INFO:colcon.colcon_core.shell:Creating prefix script '/home/harry/ros2_ws/src/High_Vis/actions/install/local_setup.zsh'
[4.501s] INFO:colcon.colcon_core.shell:Creating prefix chain script '/home/harry/ros2_ws/src/High_Vis/actions/install/setup.zsh'
