[0.981s] Invoking command in '/home/msc-robot/Documents/Team4_ros_ws/src/High_Vis/Thermal_Images/build/image_publisher': CMAKE_PREFIX_PATH=${CMAKE_PREFIX_PATH}:/home/msc-robot/Documents/Team4_ros_ws/src/High_Vis/Thermal_Images/install/Thermal_Image_Save:/home/msc-robot/Documents/Team4_ros_ws/src/High_Vis/post_process/install/pdf_generator:/home/msc-robot/Documents/Team4_ros_ws/src/High_Vis/post_process/install/hotspot_detection:/home/msc-robot/Documents/Team4_ros_ws/src/Thermal/install/camera_calibration:/home/msc-robot/Documents/Team4_ros_ws/src/Thermal/install/Thermal_save:/home/msc-robot/Documents/Team4_ros_ws/install/launch_robotnav:/home/msc-robot/Documents/Team4_ros_ws/install/clearpath_generator_gz:/home/msc-robot/Documents/Team4_ros_ws/install/clearpath_config:/home/msc-robot/Documents/Team4_ros_ws/install/camera_calibration:/home/msc-robot/Documents/Team4_ros_ws/install/Thermal_save:/opt/ros/humble /usr/bin/cmake /home/msc-robot/Documents/Team4_ros_ws/src/High_Vis/Thermal_Images/src/image_pipeline/image_publisher -DCMAKE_INSTALL_PREFIX=/home/msc-robot/Documents/Team4_ros_ws/src/High_Vis/Thermal_Images/install/image_publisher
[1.218s] -- The C compiler identification is GNU 11.4.0
[1.378s] -- The CXX compiler identification is GNU 11.4.0
[1.416s] -- Detecting C compiler ABI info
[1.667s] -- Detecting C compiler ABI info - done
[1.706s] -- Check for working C compiler: /usr/bin/cc - skipped
[1.707s] -- Detecting C compile features
[1.708s] -- Detecting C compile features - done
[1.716s] -- Detecting CXX compiler ABI info
[2.037s] -- Detecting CXX compiler ABI info - done
[2.068s] -- Check for working CXX compiler: /usr/bin/c++ - skipped
[2.068s] -- Detecting CXX compile features
[2.069s] -- Detecting CXX compile features - done
[2.085s] -- Found ament_cmake_auto: 1.3.8 (/opt/ros/humble/share/ament_cmake_auto/cmake)
[2.584s] -- Found Python3: /usr/bin/python3 (found version "3.10.12") found components: Interpreter 
[3.055s] -- Found camera_info_manager: 3.1.8 (/opt/ros/humble/share/camera_info_manager/cmake)
[3.539s] -- Found rosidl_generator_c: 3.1.5 (/opt/ros/humble/share/rosidl_generator_c/cmake)
[3.601s] -- Found rosidl_adapter: 3.1.5 (/opt/ros/humble/share/rosidl_adapter/cmake)
[3.651s] -- Found rosidl_generator_cpp: 3.1.5 (/opt/ros/humble/share/rosidl_generator_cpp/cmake)
[3.742s] -- Using all available rosidl_typesupport_c: rosidl_typesupport_fastrtps_c;rosidl_typesupport_introspection_c
[3.882s] -- Using all available rosidl_typesupport_cpp: rosidl_typesupport_fastrtps_cpp;rosidl_typesupport_introspection_cpp
[4.420s] -- Found rmw_implementation_cmake: 6.1.1 (/opt/ros/humble/share/rmw_implementation_cmake/cmake)
[4.453s] -- Found rmw_fastrtps_cpp: 6.2.6 (/opt/ros/humble/share/rmw_fastrtps_cpp/cmake)
[5.014s] -- Found OpenSSL: /usr/lib/x86_64-linux-gnu/libcrypto.so (found version "3.0.2")  
[5.132s] -- Found FastRTPS: /opt/ros/humble/include  
[5.297s] -- Using RMW implementation 'rmw_fastrtps_cpp' as default
[5.400s] -- Looking for pthread.h
[5.648s] -- Looking for pthread.h - found
[5.648s] -- Performing Test CMAKE_HAVE_LIBC_PTHREAD
[5.912s] -- Performing Test CMAKE_HAVE_LIBC_PTHREAD - Success
[5.915s] -- Found Threads: TRUE  
[7.690s] -- Found OpenCV: /usr (found version "4.5.4") found components: core imgcodecs videoio 
[7.690s] -- opencv version 4.5.4
[7.742s] -- Found ament_lint_auto: 0.12.10 (/opt/ros/humble/share/ament_lint_auto/cmake)
[7.890s] -- Added test 'copyright' to check source files copyright and LICENSE
[7.896s] -- Added test 'cppcheck' to perform static code analysis on C / C++ code
[7.897s] -- Configured cppcheck include dirs: /home/msc-robot/Documents/Team4_ros_ws/src/High_Vis/Thermal_Images/src/image_pipeline/image_publisher/include
[7.897s] -- Configured cppcheck exclude dirs and/or files: 
[7.902s] -- Added test 'cpplint' to check C / C++ code against the Google style
[7.903s] -- Configured cpplint exclude dirs and/or files: 
[7.906s] -- Added test 'flake8' to check Python code syntax and style conventions
[7.910s] -- Added test 'lint_cmake' to check CMake code style
[7.914s] -- Added test 'pep257' to check Python code against some of the docstring style conventions in PEP 257
[7.919s] -- Added test 'uncrustify' to check C / C++ code style
[7.919s] -- Configured uncrustify additional arguments: 
[7.923s] -- Added test 'xmllint' to check XML markup files
[7.932s] -- Configuring done
[7.987s] -- Generating done
[7.992s] -- Build files have been written to: /home/msc-robot/Documents/Team4_ros_ws/src/High_Vis/Thermal_Images/build/image_publisher
[8.015s] Invoked command in '/home/msc-robot/Documents/Team4_ros_ws/src/High_Vis/Thermal_Images/build/image_publisher' returned '0': CMAKE_PREFIX_PATH=${CMAKE_PREFIX_PATH}:/home/msc-robot/Documents/Team4_ros_ws/src/High_Vis/Thermal_Images/install/Thermal_Image_Save:/home/msc-robot/Documents/Team4_ros_ws/src/High_Vis/post_process/install/pdf_generator:/home/msc-robot/Documents/Team4_ros_ws/src/High_Vis/post_process/install/hotspot_detection:/home/msc-robot/Documents/Team4_ros_ws/src/Thermal/install/camera_calibration:/home/msc-robot/Documents/Team4_ros_ws/src/Thermal/install/Thermal_save:/home/msc-robot/Documents/Team4_ros_ws/install/launch_robotnav:/home/msc-robot/Documents/Team4_ros_ws/install/clearpath_generator_gz:/home/msc-robot/Documents/Team4_ros_ws/install/clearpath_config:/home/msc-robot/Documents/Team4_ros_ws/install/camera_calibration:/home/msc-robot/Documents/Team4_ros_ws/install/Thermal_save:/opt/ros/humble /usr/bin/cmake /home/msc-robot/Documents/Team4_ros_ws/src/High_Vis/Thermal_Images/src/image_pipeline/image_publisher -DCMAKE_INSTALL_PREFIX=/home/msc-robot/Documents/Team4_ros_ws/src/High_Vis/Thermal_Images/install/image_publisher
[8.016s] Invoking command in '/home/msc-robot/Documents/Team4_ros_ws/src/High_Vis/Thermal_Images/build/image_publisher': CMAKE_PREFIX_PATH=${CMAKE_PREFIX_PATH}:/home/msc-robot/Documents/Team4_ros_ws/src/High_Vis/Thermal_Images/install/Thermal_Image_Save:/home/msc-robot/Documents/Team4_ros_ws/src/High_Vis/post_process/install/pdf_generator:/home/msc-robot/Documents/Team4_ros_ws/src/High_Vis/post_process/install/hotspot_detection:/home/msc-robot/Documents/Team4_ros_ws/src/Thermal/install/camera_calibration:/home/msc-robot/Documents/Team4_ros_ws/src/Thermal/install/Thermal_save:/home/msc-robot/Documents/Team4_ros_ws/install/launch_robotnav:/home/msc-robot/Documents/Team4_ros_ws/install/clearpath_generator_gz:/home/msc-robot/Documents/Team4_ros_ws/install/clearpath_config:/home/msc-robot/Documents/Team4_ros_ws/install/camera_calibration:/home/msc-robot/Documents/Team4_ros_ws/install/Thermal_save:/opt/ros/humble /usr/bin/cmake --build /home/msc-robot/Documents/Team4_ros_ws/src/High_Vis/Thermal_Images/build/image_publisher -- -j4 -l4
[8.165s] [ 25%] [32mBuilding CXX object CMakeFiles/image_publisher.dir/src/image_publisher.cpp.o[0m
[31.070s] [ 50%] [32m[1mLinking CXX shared library libimage_publisher.so[0m
[32.553s] [ 50%] Built target image_publisher
[32.798s] [ 75%] [32mBuilding CXX object CMakeFiles/image_publisher_node.dir/src/image_publisher_node.cpp.o[0m
[45.000s] [100%] [32m[1mLinking CXX executable image_publisher_node[0m
[46.705s] [100%] Built target image_publisher_node
[46.745s] Invoked command in '/home/msc-robot/Documents/Team4_ros_ws/src/High_Vis/Thermal_Images/build/image_publisher' returned '0': CMAKE_PREFIX_PATH=${CMAKE_PREFIX_PATH}:/home/msc-robot/Documents/Team4_ros_ws/src/High_Vis/Thermal_Images/install/Thermal_Image_Save:/home/msc-robot/Documents/Team4_ros_ws/src/High_Vis/post_process/install/pdf_generator:/home/msc-robot/Documents/Team4_ros_ws/src/High_Vis/post_process/install/hotspot_detection:/home/msc-robot/Documents/Team4_ros_ws/src/Thermal/install/camera_calibration:/home/msc-robot/Documents/Team4_ros_ws/src/Thermal/install/Thermal_save:/home/msc-robot/Documents/Team4_ros_ws/install/launch_robotnav:/home/msc-robot/Documents/Team4_ros_ws/install/clearpath_generator_gz:/home/msc-robot/Documents/Team4_ros_ws/install/clearpath_config:/home/msc-robot/Documents/Team4_ros_ws/install/camera_calibration:/home/msc-robot/Documents/Team4_ros_ws/install/Thermal_save:/opt/ros/humble /usr/bin/cmake --build /home/msc-robot/Documents/Team4_ros_ws/src/High_Vis/Thermal_Images/build/image_publisher -- -j4 -l4
[46.908s] Invoking command in '/home/msc-robot/Documents/Team4_ros_ws/src/High_Vis/Thermal_Images/build/image_publisher': CMAKE_PREFIX_PATH=${CMAKE_PREFIX_PATH}:/home/msc-robot/Documents/Team4_ros_ws/src/High_Vis/Thermal_Images/install/Thermal_Image_Save:/home/msc-robot/Documents/Team4_ros_ws/src/High_Vis/post_process/install/pdf_generator:/home/msc-robot/Documents/Team4_ros_ws/src/High_Vis/post_process/install/hotspot_detection:/home/msc-robot/Documents/Team4_ros_ws/src/Thermal/install/camera_calibration:/home/msc-robot/Documents/Team4_ros_ws/src/Thermal/install/Thermal_save:/home/msc-robot/Documents/Team4_ros_ws/install/launch_robotnav:/home/msc-robot/Documents/Team4_ros_ws/install/clearpath_generator_gz:/home/msc-robot/Documents/Team4_ros_ws/install/clearpath_config:/home/msc-robot/Documents/Team4_ros_ws/install/camera_calibration:/home/msc-robot/Documents/Team4_ros_ws/install/Thermal_save:/opt/ros/humble /usr/bin/cmake --install /home/msc-robot/Documents/Team4_ros_ws/src/High_Vis/Thermal_Images/build/image_publisher
[46.937s] -- Install configuration: ""
[46.939s] -- Installing: /home/msc-robot/Documents/Team4_ros_ws/src/High_Vis/Thermal_Images/install/image_publisher/include
[46.939s] -- Installing: /home/msc-robot/Documents/Team4_ros_ws/src/High_Vis/Thermal_Images/install/image_publisher/include/image_publisher
[46.939s] -- Installing: /home/msc-robot/Documents/Team4_ros_ws/src/High_Vis/Thermal_Images/install/image_publisher/include/image_publisher/visibility.h
[46.940s] -- Installing: /home/msc-robot/Documents/Team4_ros_ws/src/High_Vis/Thermal_Images/install/image_publisher/include/image_publisher/image_publisher.hpp
[46.940s] -- Installing: /home/msc-robot/Documents/Team4_ros_ws/src/High_Vis/Thermal_Images/install/image_publisher/share/image_publisher/environment/library_path.sh
[46.950s] -- Installing: /home/msc-robot/Documents/Team4_ros_ws/src/High_Vis/Thermal_Images/install/image_publisher/share/image_publisher/environment/library_path.dsv
[46.951s] -- Installing: /home/msc-robot/Documents/Team4_ros_ws/src/High_Vis/Thermal_Images/install/image_publisher/lib/libimage_publisher.so
[46.953s] -- Set runtime path of "/home/msc-robot/Documents/Team4_ros_ws/src/High_Vis/Thermal_Images/install/image_publisher/lib/libimage_publisher.so" to ""
[46.953s] -- Installing: /home/msc-robot/Documents/Team4_ros_ws/src/High_Vis/Thermal_Images/install/image_publisher/lib/image_publisher/image_publisher_node
[46.960s] -- Set runtime path of "/home/msc-robot/Documents/Team4_ros_ws/src/High_Vis/Thermal_Images/install/image_publisher/lib/image_publisher/image_publisher_node" to ""
[46.961s] -- Installing: /home/msc-robot/Documents/Team4_ros_ws/src/High_Vis/Thermal_Images/install/image_publisher/share/image_publisher/launch
[46.962s] -- Installing: /home/msc-robot/Documents/Team4_ros_ws/src/High_Vis/Thermal_Images/install/image_publisher/share/image_publisher/launch/splash.png
[46.963s] -- Installing: /home/msc-robot/Documents/Team4_ros_ws/src/High_Vis/Thermal_Images/install/image_publisher/share/image_publisher/launch/image_publisher_mono.launch.py
[46.966s] -- Installing: /home/msc-robot/Documents/Team4_ros_ws/src/High_Vis/Thermal_Images/install/image_publisher/share/image_publisher/launch/image_publisher_stereo.launch.py
[46.967s] -- Installing: /home/msc-robot/Documents/Team4_ros_ws/src/High_Vis/Thermal_Images/install/image_publisher/share/image_publisher/launch/image_publisher_file.launch.py
[46.968s] -- Installing: /home/msc-robot/Documents/Team4_ros_ws/src/High_Vis/Thermal_Images/install/image_publisher/share/ament_index/resource_index/package_run_dependencies/image_publisher
[46.969s] -- Installing: /home/msc-robot/Documents/Team4_ros_ws/src/High_Vis/Thermal_Images/install/image_publisher/share/ament_index/resource_index/parent_prefix_path/image_publisher
[46.970s] -- Installing: /home/msc-robot/Documents/Team4_ros_ws/src/High_Vis/Thermal_Images/install/image_publisher/share/image_publisher/environment/ament_prefix_path.sh
[46.971s] -- Installing: /home/msc-robot/Documents/Team4_ros_ws/src/High_Vis/Thermal_Images/install/image_publisher/share/image_publisher/environment/ament_prefix_path.dsv
[46.972s] -- Installing: /home/msc-robot/Documents/Team4_ros_ws/src/High_Vis/Thermal_Images/install/image_publisher/share/image_publisher/environment/path.sh
[46.973s] -- Installing: /home/msc-robot/Documents/Team4_ros_ws/src/High_Vis/Thermal_Images/install/image_publisher/share/image_publisher/environment/path.dsv
[46.974s] -- Installing: /home/msc-robot/Documents/Team4_ros_ws/src/High_Vis/Thermal_Images/install/image_publisher/share/image_publisher/local_setup.bash
[46.975s] -- Installing: /home/msc-robot/Documents/Team4_ros_ws/src/High_Vis/Thermal_Images/install/image_publisher/share/image_publisher/local_setup.sh
[46.976s] -- Installing: /home/msc-robot/Documents/Team4_ros_ws/src/High_Vis/Thermal_Images/install/image_publisher/share/image_publisher/local_setup.zsh
[46.977s] -- Installing: /home/msc-robot/Documents/Team4_ros_ws/src/High_Vis/Thermal_Images/install/image_publisher/share/image_publisher/local_setup.dsv
[46.978s] -- Installing: /home/msc-robot/Documents/Team4_ros_ws/src/High_Vis/Thermal_Images/install/image_publisher/share/image_publisher/package.dsv
[46.979s] -- Installing: /home/msc-robot/Documents/Team4_ros_ws/src/High_Vis/Thermal_Images/install/image_publisher/share/ament_index/resource_index/packages/image_publisher
[46.980s] -- Installing: /home/msc-robot/Documents/Team4_ros_ws/src/High_Vis/Thermal_Images/install/image_publisher/share/ament_index/resource_index/rclcpp_components/image_publisher
[46.981s] -- Installing: /home/msc-robot/Documents/Team4_ros_ws/src/High_Vis/Thermal_Images/install/image_publisher/share/image_publisher/cmake/ament_cmake_export_dependencies-extras.cmake
[46.982s] -- Installing: /home/msc-robot/Documents/Team4_ros_ws/src/High_Vis/Thermal_Images/install/image_publisher/share/image_publisher/cmake/ament_cmake_export_include_directories-extras.cmake
[46.983s] -- Installing: /home/msc-robot/Documents/Team4_ros_ws/src/High_Vis/Thermal_Images/install/image_publisher/share/image_publisher/cmake/ament_cmake_export_libraries-extras.cmake
[46.984s] -- Installing: /home/msc-robot/Documents/Team4_ros_ws/src/High_Vis/Thermal_Images/install/image_publisher/share/image_publisher/cmake/image_publisherConfig.cmake
[46.985s] -- Installing: /home/msc-robot/Documents/Team4_ros_ws/src/High_Vis/Thermal_Images/install/image_publisher/share/image_publisher/cmake/image_publisherConfig-version.cmake
[46.986s] -- Installing: /home/msc-robot/Documents/Team4_ros_ws/src/High_Vis/Thermal_Images/install/image_publisher/share/image_publisher/package.xml
[46.990s] Invoked command in '/home/msc-robot/Documents/Team4_ros_ws/src/High_Vis/Thermal_Images/build/image_publisher' returned '0': CMAKE_PREFIX_PATH=${CMAKE_PREFIX_PATH}:/home/msc-robot/Documents/Team4_ros_ws/src/High_Vis/Thermal_Images/install/Thermal_Image_Save:/home/msc-robot/Documents/Team4_ros_ws/src/High_Vis/post_process/install/pdf_generator:/home/msc-robot/Documents/Team4_ros_ws/src/High_Vis/post_process/install/hotspot_detection:/home/msc-robot/Documents/Team4_ros_ws/src/Thermal/install/camera_calibration:/home/msc-robot/Documents/Team4_ros_ws/src/Thermal/install/Thermal_save:/home/msc-robot/Documents/Team4_ros_ws/install/launch_robotnav:/home/msc-robot/Documents/Team4_ros_ws/install/clearpath_generator_gz:/home/msc-robot/Documents/Team4_ros_ws/install/clearpath_config:/home/msc-robot/Documents/Team4_ros_ws/install/camera_calibration:/home/msc-robot/Documents/Team4_ros_ws/install/Thermal_save:/opt/ros/humble /usr/bin/cmake --install /home/msc-robot/Documents/Team4_ros_ws/src/High_Vis/Thermal_Images/build/image_publisher
