[0.911s] Invoking command in '/home/harry/High_Vis/Thermal_Images/src/camera_pub/src/cam_topic': PYTHONPATH=/home/harry/High_Vis/Thermal_Images/src/camera_pub/build/cam_topic/prefix_override:/home/harry/High_Vis/Thermal_Images/src/camera_pub/install/cam_topic/lib/python3.10/site-packages:${PYTHONPATH} /usr/bin/python3 setup.py egg_info --egg-base ../../build/cam_topic build --build-base /home/harry/High_Vis/Thermal_Images/src/camera_pub/build/cam_topic/build install --record /home/harry/High_Vis/Thermal_Images/src/camera_pub/build/cam_topic/install.log --single-version-externally-managed
[1.152s] running egg_info
[1.153s] writing ../../build/cam_topic/cam_topic.egg-info/PKG-INFO
[1.153s] writing dependency_links to ../../build/cam_topic/cam_topic.egg-info/dependency_links.txt
[1.154s] writing entry points to ../../build/cam_topic/cam_topic.egg-info/entry_points.txt
[1.154s] writing requirements to ../../build/cam_topic/cam_topic.egg-info/requires.txt
[1.154s] writing top-level names to ../../build/cam_topic/cam_topic.egg-info/top_level.txt
[1.156s] reading manifest file '../../build/cam_topic/cam_topic.egg-info/SOURCES.txt'
[1.156s] writing manifest file '../../build/cam_topic/cam_topic.egg-info/SOURCES.txt'
[1.157s] running build
[1.157s] running build_py
[1.157s] running install
[1.158s] running install_lib
[1.158s] running install_data
[1.159s] running install_egg_info
[1.160s] removing '/home/harry/High_Vis/Thermal_Images/src/camera_pub/install/cam_topic/lib/python3.10/site-packages/cam_topic-0.0.0-py3.10.egg-info' (and everything under it)
[1.161s] Copying ../../build/cam_topic/cam_topic.egg-info to /home/harry/High_Vis/Thermal_Images/src/camera_pub/install/cam_topic/lib/python3.10/site-packages/cam_topic-0.0.0-py3.10.egg-info
[1.163s] running install_scripts
[1.183s] Installing cm_top script to /home/harry/High_Vis/Thermal_Images/src/camera_pub/install/cam_topic/lib/cam_topic
[1.184s] writing list of installed files to '/home/harry/High_Vis/Thermal_Images/src/camera_pub/build/cam_topic/install.log'
[1.217s] Invoked command in '/home/harry/High_Vis/Thermal_Images/src/camera_pub/src/cam_topic' returned '0': PYTHONPATH=/home/harry/High_Vis/Thermal_Images/src/camera_pub/build/cam_topic/prefix_override:/home/harry/High_Vis/Thermal_Images/src/camera_pub/install/cam_topic/lib/python3.10/site-packages:${PYTHONPATH} /usr/bin/python3 setup.py egg_info --egg-base ../../build/cam_topic build --build-base /home/harry/High_Vis/Thermal_Images/src/camera_pub/build/cam_topic/build install --record /home/harry/High_Vis/Thermal_Images/src/camera_pub/build/cam_topic/install.log --single-version-externally-managed
