[1.024s] DEBUG:colcon:Command line arguments: ['/usr/bin/colcon', 'build']
[1.024s] DEBUG:colcon:Parsed command line arguments: Namespace(log_base=None, log_level=None, verb_name='build', build_base='build', install_base='install', merge_install=False, symlink_install=False, test_result_base=None, continue_on_error=False, executor='parallel', parallel_workers=8, event_handlers=None, ignore_user_meta=False, metas=['./colcon.meta'], base_paths=['.'], packages_ignore=None, packages_ignore_regex=None, paths=None, packages_up_to=None, packages_up_to_regex=None, packages_above=None, packages_above_and_dependencies=None, packages_above_depth=None, packages_select_by_dep=None, packages_skip_by_dep=None, packages_skip_up_to=None, packages_select_build_failed=False, packages_skip_build_finished=False, packages_select_test_failures=False, packages_skip_test_passed=False, packages_select=None, packages_skip=None, packages_select_regex=None, packages_skip_regex=None, packages_start=None, packages_end=None, allow_overriding=[], cmake_args=None, cmake_target=None, cmake_target_skip_unavailable=False, cmake_clean_cache=False, cmake_clean_first=False, cmake_force_configure=False, ament_cmake_args=None, catkin_cmake_args=None, catkin_skip_building_tests=False, verb_parser=<colcon_defaults.argument_parser.defaults.DefaultArgumentsDecorator object at 0x7fdb026bcaf0>, verb_extension=<colcon_core.verb.build.BuildVerb object at 0x7fdb0292c970>, main=<bound method BuildVerb.main of <colcon_core.verb.build.BuildVerb object at 0x7fdb0292c970>>)
[1.074s] Level 1:colcon.colcon_core.package_discovery:discover_packages(colcon_meta) check parameters
[1.074s] Level 1:colcon.colcon_core.package_discovery:discover_packages(recursive) check parameters
[1.074s] Level 1:colcon.colcon_core.package_discovery:discover_packages(ignore) check parameters
[1.074s] Level 1:colcon.colcon_core.package_discovery:discover_packages(path) check parameters
[1.074s] Level 1:colcon.colcon_core.package_discovery:discover_packages(colcon_meta) discover
[1.075s] Level 1:colcon.colcon_core.package_discovery:discover_packages(recursive) discover
[1.075s] INFO:colcon.colcon_core.package_discovery:Crawling recursively for packages in '/home/harry/High_Vis/Thermal_Images'
[1.075s] Level 1:colcon.colcon_core.package_identification:_identify(.) by extensions ['ignore', 'ignore_ament_install']
[1.075s] Level 1:colcon.colcon_core.package_identification:_identify(.) by extension 'ignore'
[1.075s] Level 1:colcon.colcon_core.package_identification:_identify(.) by extension 'ignore_ament_install'
[1.075s] Level 1:colcon.colcon_core.package_identification:_identify(.) by extensions ['colcon_pkg']
[1.075s] Level 1:colcon.colcon_core.package_identification:_identify(.) by extension 'colcon_pkg'
[1.075s] Level 1:colcon.colcon_core.package_identification:_identify(.) by extensions ['colcon_meta']
[1.075s] Level 1:colcon.colcon_core.package_identification:_identify(.) by extension 'colcon_meta'
[1.075s] Level 1:colcon.colcon_core.package_identification:_identify(.) by extensions ['ros']
[1.075s] Level 1:colcon.colcon_core.package_identification:_identify(.) by extension 'ros'
[1.084s] Level 1:colcon.colcon_core.package_identification:_identify(.) by extensions ['cmake', 'python']
[1.084s] Level 1:colcon.colcon_core.package_identification:_identify(.) by extension 'cmake'
[1.084s] Level 1:colcon.colcon_core.package_identification:_identify(.) by extension 'python'
[1.084s] Level 1:colcon.colcon_core.package_identification:_identify(.) by extensions ['python_setup_py']
[1.084s] Level 1:colcon.colcon_core.package_identification:_identify(.) by extension 'python_setup_py'
[1.084s] Level 1:colcon.colcon_core.package_identification:_identify(build) by extensions ['ignore', 'ignore_ament_install']
[1.085s] Level 1:colcon.colcon_core.package_identification:_identify(build) by extension 'ignore'
[1.085s] Level 1:colcon.colcon_core.package_identification:_identify(build) ignored
[1.085s] Level 1:colcon.colcon_core.package_identification:_identify(install) by extensions ['ignore', 'ignore_ament_install']
[1.085s] Level 1:colcon.colcon_core.package_identification:_identify(install) by extension 'ignore'
[1.085s] Level 1:colcon.colcon_core.package_identification:_identify(install) ignored
[1.085s] Level 1:colcon.colcon_core.package_identification:_identify(log) by extensions ['ignore', 'ignore_ament_install']
[1.085s] Level 1:colcon.colcon_core.package_identification:_identify(log) by extension 'ignore'
[1.085s] Level 1:colcon.colcon_core.package_identification:_identify(log) ignored
[1.085s] Level 1:colcon.colcon_core.package_identification:_identify(src) by extensions ['ignore', 'ignore_ament_install']
[1.085s] Level 1:colcon.colcon_core.package_identification:_identify(src) by extension 'ignore'
[1.085s] Level 1:colcon.colcon_core.package_identification:_identify(src) by extension 'ignore_ament_install'
[1.085s] Level 1:colcon.colcon_core.package_identification:_identify(src) by extensions ['colcon_pkg']
[1.085s] Level 1:colcon.colcon_core.package_identification:_identify(src) by extension 'colcon_pkg'
[1.086s] Level 1:colcon.colcon_core.package_identification:_identify(src) by extensions ['colcon_meta']
[1.086s] Level 1:colcon.colcon_core.package_identification:_identify(src) by extension 'colcon_meta'
[1.086s] Level 1:colcon.colcon_core.package_identification:_identify(src) by extensions ['ros']
[1.086s] Level 1:colcon.colcon_core.package_identification:_identify(src) by extension 'ros'
[1.086s] Level 1:colcon.colcon_core.package_identification:_identify(src) by extensions ['cmake', 'python']
[1.086s] Level 1:colcon.colcon_core.package_identification:_identify(src) by extension 'cmake'
[1.086s] Level 1:colcon.colcon_core.package_identification:_identify(src) by extension 'python'
[1.086s] Level 1:colcon.colcon_core.package_identification:_identify(src) by extensions ['python_setup_py']
[1.086s] Level 1:colcon.colcon_core.package_identification:_identify(src) by extension 'python_setup_py'
[1.086s] Level 1:colcon.colcon_core.package_identification:_identify(src/Thermal_Image_Save) by extensions ['ignore', 'ignore_ament_install']
[1.086s] Level 1:colcon.colcon_core.package_identification:_identify(src/Thermal_Image_Save) by extension 'ignore'
[1.086s] Level 1:colcon.colcon_core.package_identification:_identify(src/Thermal_Image_Save) by extension 'ignore_ament_install'
[1.086s] Level 1:colcon.colcon_core.package_identification:_identify(src/Thermal_Image_Save) by extensions ['colcon_pkg']
[1.086s] Level 1:colcon.colcon_core.package_identification:_identify(src/Thermal_Image_Save) by extension 'colcon_pkg'
[1.086s] Level 1:colcon.colcon_core.package_identification:_identify(src/Thermal_Image_Save) by extensions ['colcon_meta']
[1.086s] Level 1:colcon.colcon_core.package_identification:_identify(src/Thermal_Image_Save) by extension 'colcon_meta'
[1.086s] Level 1:colcon.colcon_core.package_identification:_identify(src/Thermal_Image_Save) by extensions ['ros']
[1.086s] Level 1:colcon.colcon_core.package_identification:_identify(src/Thermal_Image_Save) by extension 'ros'
[1.088s] DEBUG:colcon.colcon_core.package_identification:Package 'src/Thermal_Image_Save' with type 'ros.ament_python' and name 'Thermal_Image_Save'
[1.089s] Level 1:colcon.colcon_core.package_identification:_identify(src/image_pipeline) by extensions ['ignore', 'ignore_ament_install']
[1.089s] Level 1:colcon.colcon_core.package_identification:_identify(src/image_pipeline) by extension 'ignore'
[1.089s] Level 1:colcon.colcon_core.package_identification:_identify(src/image_pipeline) by extension 'ignore_ament_install'
[1.089s] Level 1:colcon.colcon_core.package_identification:_identify(src/image_pipeline) by extensions ['colcon_pkg']
[1.089s] Level 1:colcon.colcon_core.package_identification:_identify(src/image_pipeline) by extension 'colcon_pkg'
[1.089s] Level 1:colcon.colcon_core.package_identification:_identify(src/image_pipeline) by extensions ['colcon_meta']
[1.089s] Level 1:colcon.colcon_core.package_identification:_identify(src/image_pipeline) by extension 'colcon_meta'
[1.089s] Level 1:colcon.colcon_core.package_identification:_identify(src/image_pipeline) by extensions ['ros']
[1.089s] Level 1:colcon.colcon_core.package_identification:_identify(src/image_pipeline) by extension 'ros'
[1.089s] Level 1:colcon.colcon_core.package_identification:_identify(src/image_pipeline) by extensions ['cmake', 'python']
[1.089s] Level 1:colcon.colcon_core.package_identification:_identify(src/image_pipeline) by extension 'cmake'
[1.089s] Level 1:colcon.colcon_core.package_identification:_identify(src/image_pipeline) by extension 'python'
[1.089s] Level 1:colcon.colcon_core.package_identification:_identify(src/image_pipeline) by extensions ['python_setup_py']
[1.089s] Level 1:colcon.colcon_core.package_identification:_identify(src/image_pipeline) by extension 'python_setup_py'
[1.090s] Level 1:colcon.colcon_core.package_identification:_identify(src/usb_cam) by extensions ['ignore', 'ignore_ament_install']
[1.090s] Level 1:colcon.colcon_core.package_identification:_identify(src/usb_cam) by extension 'ignore'
[1.090s] Level 1:colcon.colcon_core.package_identification:_identify(src/usb_cam) by extension 'ignore_ament_install'
[1.090s] Level 1:colcon.colcon_core.package_identification:_identify(src/usb_cam) by extensions ['colcon_pkg']
[1.090s] Level 1:colcon.colcon_core.package_identification:_identify(src/usb_cam) by extension 'colcon_pkg'
[1.090s] Level 1:colcon.colcon_core.package_identification:_identify(src/usb_cam) by extensions ['colcon_meta']
[1.090s] Level 1:colcon.colcon_core.package_identification:_identify(src/usb_cam) by extension 'colcon_meta'
[1.090s] Level 1:colcon.colcon_core.package_identification:_identify(src/usb_cam) by extensions ['ros']
[1.090s] Level 1:colcon.colcon_core.package_identification:_identify(src/usb_cam) by extension 'ros'
[1.097s] DEBUG:colcon.colcon_core.package_identification:Package 'src/usb_cam' with type 'ros.ament_cmake' and name 'usb_cam'
[1.098s] Level 1:colcon.colcon_core.package_discovery:discover_packages(recursive) using defaults
[1.098s] Level 1:colcon.colcon_core.package_discovery:discover_packages(ignore) discover
[1.098s] Level 1:colcon.colcon_core.package_discovery:discover_packages(ignore) using defaults
[1.098s] Level 1:colcon.colcon_core.package_discovery:discover_packages(path) discover
[1.098s] Level 1:colcon.colcon_core.package_discovery:discover_packages(path) using defaults
[1.177s] Level 1:colcon.colcon_core.package_discovery:discover_packages(prefix_path) check parameters
[1.178s] Level 1:colcon.colcon_core.package_discovery:discover_packages(prefix_path) discover
[1.201s] DEBUG:colcon.colcon_installed_package_information.package_discovery:Found 2 installed packages in /home/harry/High_Vis/post_process/install
[1.213s] DEBUG:colcon.colcon_installed_package_information.package_discovery:Found 376 installed packages in /opt/ros/humble
[1.223s] Level 1:colcon.colcon_core.package_discovery:discover_packages(prefix_path) using defaults
[1.312s] Level 5:colcon.colcon_core.verb:set package 'Thermal_Image_Save' build argument 'cmake_args' from command line to 'None'
[1.312s] Level 5:colcon.colcon_core.verb:set package 'Thermal_Image_Save' build argument 'cmake_target' from command line to 'None'
[1.312s] Level 5:colcon.colcon_core.verb:set package 'Thermal_Image_Save' build argument 'cmake_target_skip_unavailable' from command line to 'False'
[1.312s] Level 5:colcon.colcon_core.verb:set package 'Thermal_Image_Save' build argument 'cmake_clean_cache' from command line to 'False'
[1.312s] Level 5:colcon.colcon_core.verb:set package 'Thermal_Image_Save' build argument 'cmake_clean_first' from command line to 'False'
[1.312s] Level 5:colcon.colcon_core.verb:set package 'Thermal_Image_Save' build argument 'cmake_force_configure' from command line to 'False'
[1.312s] Level 5:colcon.colcon_core.verb:set package 'Thermal_Image_Save' build argument 'ament_cmake_args' from command line to 'None'
[1.312s] Level 5:colcon.colcon_core.verb:set package 'Thermal_Image_Save' build argument 'catkin_cmake_args' from command line to 'None'
[1.312s] Level 5:colcon.colcon_core.verb:set package 'Thermal_Image_Save' build argument 'catkin_skip_building_tests' from command line to 'False'
[1.312s] DEBUG:colcon.colcon_core.verb:Building package 'Thermal_Image_Save' with the following arguments: {'ament_cmake_args': None, 'build_base': '/home/harry/High_Vis/Thermal_Images/build/Thermal_Image_Save', 'catkin_cmake_args': None, 'catkin_skip_building_tests': False, 'cmake_args': None, 'cmake_clean_cache': False, 'cmake_clean_first': False, 'cmake_force_configure': False, 'cmake_target': None, 'cmake_target_skip_unavailable': False, 'install_base': '/home/harry/High_Vis/Thermal_Images/install/Thermal_Image_Save', 'merge_install': False, 'path': '/home/harry/High_Vis/Thermal_Images/src/Thermal_Image_Save', 'symlink_install': False, 'test_result_base': None}
[1.323s] Level 5:colcon.colcon_core.verb:set package 'usb_cam' build argument 'cmake_args' from command line to 'None'
[1.323s] Level 5:colcon.colcon_core.verb:set package 'usb_cam' build argument 'cmake_target' from command line to 'None'
[1.323s] Level 5:colcon.colcon_core.verb:set package 'usb_cam' build argument 'cmake_target_skip_unavailable' from command line to 'False'
[1.323s] Level 5:colcon.colcon_core.verb:set package 'usb_cam' build argument 'cmake_clean_cache' from command line to 'False'
[1.323s] Level 5:colcon.colcon_core.verb:set package 'usb_cam' build argument 'cmake_clean_first' from command line to 'False'
[1.323s] Level 5:colcon.colcon_core.verb:set package 'usb_cam' build argument 'cmake_force_configure' from command line to 'False'
[1.323s] Level 5:colcon.colcon_core.verb:set package 'usb_cam' build argument 'ament_cmake_args' from command line to 'None'
[1.323s] Level 5:colcon.colcon_core.verb:set package 'usb_cam' build argument 'catkin_cmake_args' from command line to 'None'
[1.323s] Level 5:colcon.colcon_core.verb:set package 'usb_cam' build argument 'catkin_skip_building_tests' from command line to 'False'
[1.323s] DEBUG:colcon.colcon_core.verb:Building package 'usb_cam' with the following arguments: {'ament_cmake_args': None, 'build_base': '/home/harry/High_Vis/Thermal_Images/build/usb_cam', 'catkin_cmake_args': None, 'catkin_skip_building_tests': False, 'cmake_args': None, 'cmake_clean_cache': False, 'cmake_clean_first': False, 'cmake_force_configure': False, 'cmake_target': None, 'cmake_target_skip_unavailable': False, 'install_base': '/home/harry/High_Vis/Thermal_Images/install/usb_cam', 'merge_install': False, 'path': '/home/harry/High_Vis/Thermal_Images/src/usb_cam', 'symlink_install': False, 'test_result_base': None}
[1.335s] INFO:colcon.colcon_core.executor:Executing jobs using 'parallel' executor
[1.346s] DEBUG:colcon.colcon_parallel_executor.executor.parallel:run_until_complete
[1.347s] INFO:colcon.colcon_ros.task.ament_python.build:Building ROS package in '/home/harry/High_Vis/Thermal_Images/src/Thermal_Image_Save' with build type 'ament_python'
[1.347s] Level 1:colcon.colcon_core.shell:create_environment_hook('Thermal_Image_Save', 'ament_prefix_path')
[1.366s] INFO:colcon.colcon_core.plugin_system:Skipping extension 'colcon_core.shell.bat': Not used on non-Windows systems
[1.366s] INFO:colcon.colcon_core.shell:Creating environment hook '/home/harry/High_Vis/Thermal_Images/install/Thermal_Image_Save/share/Thermal_Image_Save/hook/ament_prefix_path.ps1'
[1.368s] INFO:colcon.colcon_core.shell:Creating environment descriptor '/home/harry/High_Vis/Thermal_Images/install/Thermal_Image_Save/share/Thermal_Image_Save/hook/ament_prefix_path.dsv'
[1.368s] INFO:colcon.colcon_core.shell:Creating environment hook '/home/harry/High_Vis/Thermal_Images/install/Thermal_Image_Save/share/Thermal_Image_Save/hook/ament_prefix_path.sh'
[1.382s] INFO:colcon.colcon_core.shell:Skip shell extension 'powershell' for command environment: Not usable outside of PowerShell
[1.382s] DEBUG:colcon.colcon_core.shell:Skip shell extension 'dsv' for command environment
[1.422s] INFO:colcon.colcon_ros.task.ament_cmake.build:Building ROS package in '/home/harry/High_Vis/Thermal_Images/src/usb_cam' with build type 'ament_cmake'
[1.422s] INFO:colcon.colcon_cmake.task.cmake.build:Building CMake package in '/home/harry/High_Vis/Thermal_Images/src/usb_cam'
[1.439s] INFO:colcon.colcon_core.shell:Skip shell extension 'powershell' for command environment: Not usable outside of PowerShell
[1.439s] DEBUG:colcon.colcon_core.shell:Skip shell extension 'dsv' for command environment
[1.711s] INFO:colcon.colcon_core.task.python.build:Building Python package in '/home/harry/High_Vis/Thermal_Images/src/Thermal_Image_Save'
[1.722s] INFO:colcon.colcon_core.shell:Skip shell extension 'powershell' for command environment: Not usable outside of PowerShell
[1.722s] DEBUG:colcon.colcon_core.shell:Skip shell extension 'dsv' for command environment
[1.771s] DEBUG:colcon.colcon_core.event_handler.log_command:Invoking command in '/home/harry/High_Vis/Thermal_Images/build/usb_cam': CMAKE_PREFIX_PATH=/home/harry/High_Vis/post_process/install/pdf_generator:/home/harry/High_Vis/post_process/install/hotspot_detection:/opt/ros/humble /usr/bin/cmake /home/harry/High_Vis/Thermal_Images/src/usb_cam -DCMAKE_INSTALL_PREFIX=/home/harry/High_Vis/Thermal_Images/install/usb_cam
[2.147s] DEBUG:colcon.colcon_core.event_handler.log_command:Invoking command in '/home/harry/High_Vis/Thermal_Images/src/Thermal_Image_Save': PYTHONPATH=/home/harry/High_Vis/Thermal_Images/build/Thermal_Image_Save/prefix_override:/home/harry/High_Vis/Thermal_Images/install/Thermal_Image_Save/lib/python3.10/site-packages:${PYTHONPATH} /usr/bin/python3 setup.py egg_info --egg-base ../../build/Thermal_Image_Save build --build-base /home/harry/High_Vis/Thermal_Images/build/Thermal_Image_Save/build install --record /home/harry/High_Vis/Thermal_Images/build/Thermal_Image_Save/install.log --single-version-externally-managed
[2.481s] DEBUG:colcon.colcon_core.event_handler.log_command:Invoked command in '/home/harry/High_Vis/Thermal_Images/src/Thermal_Image_Save' returned '0': PYTHONPATH=/home/harry/High_Vis/Thermal_Images/build/Thermal_Image_Save/prefix_override:/home/harry/High_Vis/Thermal_Images/install/Thermal_Image_Save/lib/python3.10/site-packages:${PYTHONPATH} /usr/bin/python3 setup.py egg_info --egg-base ../../build/Thermal_Image_Save build --build-base /home/harry/High_Vis/Thermal_Images/build/Thermal_Image_Save/build install --record /home/harry/High_Vis/Thermal_Images/build/Thermal_Image_Save/install.log --single-version-externally-managed
[2.495s] Level 1:colcon.colcon_core.environment:checking '/home/harry/High_Vis/Thermal_Images/install/Thermal_Image_Save' for CMake module files
[2.495s] Level 1:colcon.colcon_core.environment:checking '/home/harry/High_Vis/Thermal_Images/install/Thermal_Image_Save' for CMake config files
[2.496s] Level 1:colcon.colcon_core.environment:checking '/home/harry/High_Vis/Thermal_Images/install/Thermal_Image_Save/lib'
[2.496s] Level 1:colcon.colcon_core.environment:checking '/home/harry/High_Vis/Thermal_Images/install/Thermal_Image_Save/bin'
[2.496s] Level 1:colcon.colcon_core.environment:checking '/home/harry/High_Vis/Thermal_Images/install/Thermal_Image_Save/lib/pkgconfig/Thermal_Image_Save.pc'
[2.496s] Level 1:colcon.colcon_core.environment:checking '/home/harry/High_Vis/Thermal_Images/install/Thermal_Image_Save/lib/python3.10/site-packages'
[2.497s] Level 1:colcon.colcon_core.shell:create_environment_hook('Thermal_Image_Save', 'pythonpath')
[2.510s] INFO:colcon.colcon_core.shell:Creating environment hook '/home/harry/High_Vis/Thermal_Images/install/Thermal_Image_Save/share/Thermal_Image_Save/hook/pythonpath.ps1'
[2.511s] INFO:colcon.colcon_core.shell:Creating environment descriptor '/home/harry/High_Vis/Thermal_Images/install/Thermal_Image_Save/share/Thermal_Image_Save/hook/pythonpath.dsv'
[2.511s] INFO:colcon.colcon_core.shell:Creating environment hook '/home/harry/High_Vis/Thermal_Images/install/Thermal_Image_Save/share/Thermal_Image_Save/hook/pythonpath.sh'
[2.512s] Level 1:colcon.colcon_core.environment:checking '/home/harry/High_Vis/Thermal_Images/install/Thermal_Image_Save/bin'
[2.512s] Level 1:colcon.colcon_core.environment:create_environment_scripts_only(Thermal_Image_Save)
[2.524s] INFO:colcon.colcon_core.shell:Creating package script '/home/harry/High_Vis/Thermal_Images/install/Thermal_Image_Save/share/Thermal_Image_Save/package.ps1'
[2.525s] INFO:colcon.colcon_core.shell:Creating package descriptor '/home/harry/High_Vis/Thermal_Images/install/Thermal_Image_Save/share/Thermal_Image_Save/package.dsv'
[2.526s] INFO:colcon.colcon_core.shell:Creating package script '/home/harry/High_Vis/Thermal_Images/install/Thermal_Image_Save/share/Thermal_Image_Save/package.sh'
[2.526s] INFO:colcon.colcon_core.shell:Creating package script '/home/harry/High_Vis/Thermal_Images/install/Thermal_Image_Save/share/Thermal_Image_Save/package.bash'
[2.527s] INFO:colcon.colcon_core.shell:Creating package script '/home/harry/High_Vis/Thermal_Images/install/Thermal_Image_Save/share/Thermal_Image_Save/package.zsh'
[2.527s] Level 1:colcon.colcon_core.environment:create_file_with_runtime_dependencies(/home/harry/High_Vis/Thermal_Images/install/Thermal_Image_Save/share/colcon-core/packages/Thermal_Image_Save)
[14.117s] DEBUG:colcon.colcon_core.event_handler.log_command:Invoked command in '/home/harry/High_Vis/Thermal_Images/build/usb_cam' returned '0': CMAKE_PREFIX_PATH=/home/harry/High_Vis/post_process/install/pdf_generator:/home/harry/High_Vis/post_process/install/hotspot_detection:/opt/ros/humble /usr/bin/cmake /home/harry/High_Vis/Thermal_Images/src/usb_cam -DCMAKE_INSTALL_PREFIX=/home/harry/High_Vis/Thermal_Images/install/usb_cam
[14.118s] DEBUG:colcon.colcon_core.event_handler.log_command:Invoking command in '/home/harry/High_Vis/Thermal_Images/build/usb_cam': CMAKE_PREFIX_PATH=/home/harry/High_Vis/post_process/install/pdf_generator:/home/harry/High_Vis/post_process/install/hotspot_detection:/opt/ros/humble /usr/bin/cmake --build /home/harry/High_Vis/Thermal_Images/build/usb_cam -- -j8 -l8
[25.171s] DEBUG:colcon.colcon_core.event_handler.log_command:Invoked command in '/home/harry/High_Vis/Thermal_Images/build/usb_cam' returned '0': CMAKE_PREFIX_PATH=/home/harry/High_Vis/post_process/install/pdf_generator:/home/harry/High_Vis/post_process/install/hotspot_detection:/opt/ros/humble /usr/bin/cmake --build /home/harry/High_Vis/Thermal_Images/build/usb_cam -- -j8 -l8
[25.220s] DEBUG:colcon.colcon_core.event_handler.log_command:Invoking command in '/home/harry/High_Vis/Thermal_Images/build/usb_cam': CMAKE_PREFIX_PATH=/home/harry/High_Vis/post_process/install/pdf_generator:/home/harry/High_Vis/post_process/install/hotspot_detection:/opt/ros/humble /usr/bin/cmake --install /home/harry/High_Vis/Thermal_Images/build/usb_cam
[25.250s] Level 1:colcon.colcon_core.environment:create_environment_scripts_only(usb_cam)
[25.251s] DEBUG:colcon.colcon_core.event_handler.log_command:Invoked command in '/home/harry/High_Vis/Thermal_Images/build/usb_cam' returned '0': CMAKE_PREFIX_PATH=/home/harry/High_Vis/post_process/install/pdf_generator:/home/harry/High_Vis/post_process/install/hotspot_detection:/opt/ros/humble /usr/bin/cmake --install /home/harry/High_Vis/Thermal_Images/build/usb_cam
[25.266s] Level 1:colcon.colcon_core.environment:checking '/home/harry/High_Vis/Thermal_Images/install/usb_cam' for CMake module files
[25.267s] Level 1:colcon.colcon_core.environment:checking '/home/harry/High_Vis/Thermal_Images/install/usb_cam' for CMake config files
[25.267s] Level 1:colcon.colcon_core.shell:create_environment_hook('usb_cam', 'cmake_prefix_path')
[25.279s] INFO:colcon.colcon_core.shell:Creating environment hook '/home/harry/High_Vis/Thermal_Images/install/usb_cam/share/usb_cam/hook/cmake_prefix_path.ps1'
[25.280s] INFO:colcon.colcon_core.shell:Creating environment descriptor '/home/harry/High_Vis/Thermal_Images/install/usb_cam/share/usb_cam/hook/cmake_prefix_path.dsv'
[25.280s] INFO:colcon.colcon_core.shell:Creating environment hook '/home/harry/High_Vis/Thermal_Images/install/usb_cam/share/usb_cam/hook/cmake_prefix_path.sh'
[25.281s] Level 1:colcon.colcon_core.environment:checking '/home/harry/High_Vis/Thermal_Images/install/usb_cam/lib'
[25.281s] Level 1:colcon.colcon_core.shell:create_environment_hook('usb_cam', 'ld_library_path_lib')
[25.294s] INFO:colcon.colcon_core.shell:Creating environment hook '/home/harry/High_Vis/Thermal_Images/install/usb_cam/share/usb_cam/hook/ld_library_path_lib.ps1'
[25.294s] INFO:colcon.colcon_core.shell:Creating environment descriptor '/home/harry/High_Vis/Thermal_Images/install/usb_cam/share/usb_cam/hook/ld_library_path_lib.dsv'
[25.294s] INFO:colcon.colcon_core.shell:Creating environment hook '/home/harry/High_Vis/Thermal_Images/install/usb_cam/share/usb_cam/hook/ld_library_path_lib.sh'
[25.295s] Level 1:colcon.colcon_core.environment:checking '/home/harry/High_Vis/Thermal_Images/install/usb_cam/bin'
[25.295s] Level 1:colcon.colcon_core.environment:checking '/home/harry/High_Vis/Thermal_Images/install/usb_cam/lib/pkgconfig/usb_cam.pc'
[25.295s] Level 1:colcon.colcon_core.environment:checking '/home/harry/High_Vis/Thermal_Images/install/usb_cam/lib/python3.10/site-packages'
[25.295s] Level 1:colcon.colcon_core.environment:checking '/home/harry/High_Vis/Thermal_Images/install/usb_cam/bin'
[25.307s] INFO:colcon.colcon_core.shell:Creating package script '/home/harry/High_Vis/Thermal_Images/install/usb_cam/share/usb_cam/package.ps1'
[25.307s] INFO:colcon.colcon_core.shell:Creating package descriptor '/home/harry/High_Vis/Thermal_Images/install/usb_cam/share/usb_cam/package.dsv'
[25.308s] INFO:colcon.colcon_core.shell:Creating package script '/home/harry/High_Vis/Thermal_Images/install/usb_cam/share/usb_cam/package.sh'
[25.308s] INFO:colcon.colcon_core.shell:Creating package script '/home/harry/High_Vis/Thermal_Images/install/usb_cam/share/usb_cam/package.bash'
[25.308s] INFO:colcon.colcon_core.shell:Creating package script '/home/harry/High_Vis/Thermal_Images/install/usb_cam/share/usb_cam/package.zsh'
[25.308s] Level 1:colcon.colcon_core.environment:create_file_with_runtime_dependencies(/home/harry/High_Vis/Thermal_Images/install/usb_cam/share/colcon-core/packages/usb_cam)
[25.355s] Level 1:colcon.colcon_core.environment:create_environment_scripts_only(usb_cam)
[25.369s] Level 1:colcon.colcon_core.environment:checking '/home/harry/High_Vis/Thermal_Images/install/usb_cam' for CMake module files
[25.370s] Level 1:colcon.colcon_core.environment:checking '/home/harry/High_Vis/Thermal_Images/install/usb_cam' for CMake config files
[25.370s] Level 1:colcon.colcon_core.shell:create_environment_hook('usb_cam', 'cmake_prefix_path')
[25.381s] INFO:colcon.colcon_core.shell:Creating environment hook '/home/harry/High_Vis/Thermal_Images/install/usb_cam/share/usb_cam/hook/cmake_prefix_path.ps1'
[25.382s] INFO:colcon.colcon_core.shell:Creating environment descriptor '/home/harry/High_Vis/Thermal_Images/install/usb_cam/share/usb_cam/hook/cmake_prefix_path.dsv'
[25.382s] INFO:colcon.colcon_core.shell:Creating environment hook '/home/harry/High_Vis/Thermal_Images/install/usb_cam/share/usb_cam/hook/cmake_prefix_path.sh'
[25.382s] Level 1:colcon.colcon_core.environment:checking '/home/harry/High_Vis/Thermal_Images/install/usb_cam/lib'
[25.382s] Level 1:colcon.colcon_core.shell:create_environment_hook('usb_cam', 'ld_library_path_lib')
[25.395s] INFO:colcon.colcon_core.shell:Creating environment hook '/home/harry/High_Vis/Thermal_Images/install/usb_cam/share/usb_cam/hook/ld_library_path_lib.ps1'
[25.395s] INFO:colcon.colcon_core.shell:Creating environment descriptor '/home/harry/High_Vis/Thermal_Images/install/usb_cam/share/usb_cam/hook/ld_library_path_lib.dsv'
[25.396s] INFO:colcon.colcon_core.shell:Creating environment hook '/home/harry/High_Vis/Thermal_Images/install/usb_cam/share/usb_cam/hook/ld_library_path_lib.sh'
[25.396s] Level 1:colcon.colcon_core.environment:checking '/home/harry/High_Vis/Thermal_Images/install/usb_cam/bin'
[25.396s] Level 1:colcon.colcon_core.environment:checking '/home/harry/High_Vis/Thermal_Images/install/usb_cam/lib/pkgconfig/usb_cam.pc'
[25.396s] Level 1:colcon.colcon_core.environment:checking '/home/harry/High_Vis/Thermal_Images/install/usb_cam/lib/python3.10/site-packages'
[25.396s] Level 1:colcon.colcon_core.environment:checking '/home/harry/High_Vis/Thermal_Images/install/usb_cam/bin'
[25.409s] INFO:colcon.colcon_core.shell:Creating package script '/home/harry/High_Vis/Thermal_Images/install/usb_cam/share/usb_cam/package.ps1'
[25.409s] INFO:colcon.colcon_core.shell:Creating package descriptor '/home/harry/High_Vis/Thermal_Images/install/usb_cam/share/usb_cam/package.dsv'
[25.409s] INFO:colcon.colcon_core.shell:Creating package script '/home/harry/High_Vis/Thermal_Images/install/usb_cam/share/usb_cam/package.sh'
[25.410s] INFO:colcon.colcon_core.shell:Creating package script '/home/harry/High_Vis/Thermal_Images/install/usb_cam/share/usb_cam/package.bash'
[25.410s] INFO:colcon.colcon_core.shell:Creating package script '/home/harry/High_Vis/Thermal_Images/install/usb_cam/share/usb_cam/package.zsh'
[25.410s] Level 1:colcon.colcon_core.environment:create_file_with_runtime_dependencies(/home/harry/High_Vis/Thermal_Images/install/usb_cam/share/colcon-core/packages/usb_cam)
[25.411s] DEBUG:colcon.colcon_parallel_executor.executor.parallel:closing loop
[25.411s] DEBUG:colcon.colcon_parallel_executor.executor.parallel:loop closed
[25.412s] DEBUG:colcon.colcon_parallel_executor.executor.parallel:run_until_complete finished with '0'
[25.412s] DEBUG:colcon.colcon_core.event_reactor:joining thread
[25.496s] INFO:colcon.colcon_core.plugin_system:Skipping extension 'colcon_notification.desktop_notification.notify_send': Could not find 'notify-send'
[25.497s] INFO:colcon.colcon_core.plugin_system:Skipping extension 'colcon_notification.desktop_notification.terminal_notifier': Not used on non-Darwin systems
[25.497s] INFO:colcon.colcon_core.plugin_system:Skipping extension 'colcon_notification.desktop_notification.win32': Not used on non-Windows systems
[25.497s] INFO:colcon.colcon_notification.desktop_notification:Sending desktop notification using 'notify2'
[25.497s] DEBUG:colcon.colcon_notification.desktop_notification.notify2:Failed to initialize notify2: org.freedesktop.DBus.Error.FileNotFound: Failed to connect to socket /run/user/1000/bus: No such file or directory
[25.497s] DEBUG:colcon.colcon_core.event_reactor:joined thread
[25.510s] INFO:colcon.colcon_core.shell:Creating prefix script '/home/harry/High_Vis/Thermal_Images/install/local_setup.ps1'
[25.511s] INFO:colcon.colcon_core.shell:Creating prefix util module '/home/harry/High_Vis/Thermal_Images/install/_local_setup_util_ps1.py'
[25.513s] INFO:colcon.colcon_core.shell:Creating prefix chain script '/home/harry/High_Vis/Thermal_Images/install/setup.ps1'
[25.526s] INFO:colcon.colcon_core.shell:Creating prefix script '/home/harry/High_Vis/Thermal_Images/install/local_setup.sh'
[25.527s] INFO:colcon.colcon_core.shell:Creating prefix util module '/home/harry/High_Vis/Thermal_Images/install/_local_setup_util_sh.py'
[25.528s] INFO:colcon.colcon_core.shell:Creating prefix chain script '/home/harry/High_Vis/Thermal_Images/install/setup.sh'
[25.542s] INFO:colcon.colcon_core.shell:Creating prefix script '/home/harry/High_Vis/Thermal_Images/install/local_setup.bash'
[25.542s] INFO:colcon.colcon_core.shell:Creating prefix chain script '/home/harry/High_Vis/Thermal_Images/install/setup.bash'
[25.555s] INFO:colcon.colcon_core.shell:Creating prefix script '/home/harry/High_Vis/Thermal_Images/install/local_setup.zsh'
[25.555s] INFO:colcon.colcon_core.shell:Creating prefix chain script '/home/harry/High_Vis/Thermal_Images/install/setup.zsh'
