[1.619s] Invoking command in '/home/harry/ros2_ws/src/High_Vis/hs_rep/build/hotspot_detection': PYTHONPATH=/home/harry/ros2_ws/src/High_Vis/hs_rep/build/hotspot_detection/prefix_override:/home/harry/ros2_ws/src/High_Vis/hs_rep/install/hotspot_detection/lib/python3.10/site-packages:${PYTHONPATH} /usr/bin/python3 setup.py develop --editable --build-directory /home/harry/ros2_ws/src/High_Vis/hs_rep/build/hotspot_detection/build --no-deps install_data
[1.914s] running develop
[2.102s] running egg_info
[2.102s] creating hotspot_detection.egg-info
[2.102s] writing hotspot_detection.egg-info/PKG-INFO
[2.102s] writing dependency_links to hotspot_detection.egg-info/dependency_links.txt
[2.102s] writing entry points to hotspot_detection.egg-info/entry_points.txt
[2.103s] writing requirements to hotspot_detection.egg-info/requires.txt
[2.103s] writing top-level names to hotspot_detection.egg-info/top_level.txt
[2.103s] writing manifest file 'hotspot_detection.egg-info/SOURCES.txt'
[2.105s] reading manifest file 'hotspot_detection.egg-info/SOURCES.txt'
[2.107s] writing manifest file 'hotspot_detection.egg-info/SOURCES.txt'
[2.110s] running build_ext
[2.111s] Creating /home/harry/ros2_ws/src/High_Vis/hs_rep/install/hotspot_detection/lib/python3.10/site-packages/hotspot-detection.egg-link (link to .)
[2.112s] Installing hs_node script to /home/harry/ros2_ws/src/High_Vis/hs_rep/install/hotspot_detection/lib/hotspot_detection
[2.112s] 
[2.112s] Installed /home/harry/ros2_ws/src/High_Vis/hs_rep/build/hotspot_detection
[2.112s] running install_data
[2.113s] creating /home/harry/ros2_ws/src/High_Vis/hs_rep/install/hotspot_detection/share/ament_index
[2.113s] creating /home/harry/ros2_ws/src/High_Vis/hs_rep/install/hotspot_detection/share/ament_index/resource_index
[2.113s] creating /home/harry/ros2_ws/src/High_Vis/hs_rep/install/hotspot_detection/share/ament_index/resource_index/packages
[2.113s] copying resource/hotspot_detection -> /home/harry/ros2_ws/src/High_Vis/hs_rep/install/hotspot_detection/share/ament_index/resource_index/packages
[2.115s] copying package.xml -> /home/harry/ros2_ws/src/High_Vis/hs_rep/install/hotspot_detection/share/hotspot_detection
[2.196s] Invoked command in '/home/harry/ros2_ws/src/High_Vis/hs_rep/build/hotspot_detection' returned '0': PYTHONPATH=/home/harry/ros2_ws/src/High_Vis/hs_rep/build/hotspot_detection/prefix_override:/home/harry/ros2_ws/src/High_Vis/hs_rep/install/hotspot_detection/lib/python3.10/site-packages:${PYTHONPATH} /usr/bin/python3 setup.py develop --editable --build-directory /home/harry/ros2_ws/src/High_Vis/hs_rep/build/hotspot_detection/build --no-deps install_data
