[0.972s] Invoking command in '/home/msc-robot/Documents/Team4_ros_ws/src/High_Vis/Thermal_Images/build/depth_image_proc': CMAKE_PREFIX_PATH=${CMAKE_PREFIX_PATH}:/home/msc-robot/Documents/Team4_ros_ws/src/High_Vis/Thermal_Images/install/camera_calibration:/home/msc-robot/Documents/Team4_ros_ws/src/High_Vis/Thermal_Images/install/Thermal_Image_Save:/home/msc-robot/Documents/Team4_ros_ws/src/High_Vis/post_process/install/pdf_generator:/home/msc-robot/Documents/Team4_ros_ws/src/High_Vis/post_process/install/hotspot_detection:/home/msc-robot/Documents/Team4_ros_ws/src/Thermal/install/camera_calibration:/home/msc-robot/Documents/Team4_ros_ws/src/Thermal/install/Thermal_save:/home/msc-robot/Documents/Team4_ros_ws/install/launch_robotnav:/home/msc-robot/Documents/Team4_ros_ws/install/clearpath_generator_gz:/home/msc-robot/Documents/Team4_ros_ws/install/clearpath_config:/home/msc-robot/Documents/Team4_ros_ws/install/camera_calibration:/home/msc-robot/Documents/Team4_ros_ws/install/Thermal_save:/opt/ros/humble /usr/bin/cmake /home/msc-robot/Documents/Team4_ros_ws/src/High_Vis/Thermal_Images/src/image_pipeline/depth_image_proc -DAMENT_CMAKE_SYMLINK_INSTALL=1 -DCMAKE_INSTALL_PREFIX=/home/msc-robot/Documents/Team4_ros_ws/src/High_Vis/Thermal_Images/install/depth_image_proc
[1.136s] -- The C compiler identification is GNU 11.4.0
[1.271s] -- The CXX compiler identification is GNU 11.4.0
[1.289s] -- Detecting C compiler ABI info
[1.471s] -- Detecting C compiler ABI info - done
[1.492s] -- Check for working C compiler: /usr/bin/cc - skipped
[1.493s] -- Detecting C compile features
[1.494s] -- Detecting C compile features - done
[1.501s] -- Detecting CXX compiler ABI info
[1.719s] -- Detecting CXX compiler ABI info - done
[1.742s] -- Check for working CXX compiler: /usr/bin/c++ - skipped
[1.742s] -- Detecting CXX compile features
[1.743s] -- Detecting CXX compile features - done
[1.760s] -- Found ament_cmake_auto: 1.3.8 (/opt/ros/humble/share/ament_cmake_auto/cmake)
[2.236s] -- Found Python3: /usr/bin/python3 (found version "3.10.12") found components: Interpreter 
[2.395s] -- Override CMake install command with custom implementation using symlinks instead of copying resources
[3.135s] -- Found rosidl_generator_c: 3.1.5 (/opt/ros/humble/share/rosidl_generator_c/cmake)
[3.173s] -- Found rosidl_adapter: 3.1.5 (/opt/ros/humble/share/rosidl_adapter/cmake)
[3.219s] -- Found rosidl_generator_cpp: 3.1.5 (/opt/ros/humble/share/rosidl_generator_cpp/cmake)
[3.289s] -- Using all available rosidl_typesupport_c: rosidl_typesupport_fastrtps_c;rosidl_typesupport_introspection_c
[3.369s] -- Using all available rosidl_typesupport_cpp: rosidl_typesupport_fastrtps_cpp;rosidl_typesupport_introspection_cpp
[4.220s] -- Found rmw_implementation_cmake: 6.1.1 (/opt/ros/humble/share/rmw_implementation_cmake/cmake)
[4.242s] -- Found rmw_fastrtps_cpp: 6.2.6 (/opt/ros/humble/share/rmw_fastrtps_cpp/cmake)
[4.645s] -- Found OpenSSL: /usr/lib/x86_64-linux-gnu/libcrypto.so (found version "3.0.2")  
[4.734s] -- Found FastRTPS: /opt/ros/humble/include  
[4.882s] -- Using RMW implementation 'rmw_fastrtps_cpp' as default
[4.946s] -- Looking for pthread.h
[5.138s] -- Looking for pthread.h - found
[5.139s] -- Performing Test CMAKE_HAVE_LIBC_PTHREAD
[5.338s] -- Performing Test CMAKE_HAVE_LIBC_PTHREAD - Success
[5.339s] -- Found Threads: TRUE  
[7.492s] -- Found OpenCV: /usr (found version "4.5.4") 
[7.708s] -- Found ament_lint_auto: 0.12.10 (/opt/ros/humble/share/ament_lint_auto/cmake)
[7.873s] -- Added test 'copyright' to check source files copyright and LICENSE
[7.881s] -- Added test 'cppcheck' to perform static code analysis on C / C++ code
[7.882s] -- Configured cppcheck include dirs: /home/msc-robot/Documents/Team4_ros_ws/src/High_Vis/Thermal_Images/src/image_pipeline/depth_image_proc/include
[7.883s] -- Configured cppcheck exclude dirs and/or files: 
[7.894s] -- Added test 'cpplint' to check C / C++ code against the Google style
[7.894s] -- Configured cpplint exclude dirs and/or files: 
[7.895s] -- Added test 'flake8' to check Python code syntax and style conventions
[7.900s] -- Added test 'lint_cmake' to check CMake code style
[7.904s] -- Added test 'pep257' to check Python code against some of the docstring style conventions in PEP 257
[7.913s] -- Added test 'uncrustify' to check C / C++ code style
[7.913s] -- Configured uncrustify additional arguments: 
[7.917s] -- Added test 'xmllint' to check XML markup files
[7.931s] -- Configuring done
[8.067s] -- Generating done
[8.073s] -- Build files have been written to: /home/msc-robot/Documents/Team4_ros_ws/src/High_Vis/Thermal_Images/build/depth_image_proc
[8.099s] Invoked command in '/home/msc-robot/Documents/Team4_ros_ws/src/High_Vis/Thermal_Images/build/depth_image_proc' returned '0': CMAKE_PREFIX_PATH=${CMAKE_PREFIX_PATH}:/home/msc-robot/Documents/Team4_ros_ws/src/High_Vis/Thermal_Images/install/camera_calibration:/home/msc-robot/Documents/Team4_ros_ws/src/High_Vis/Thermal_Images/install/Thermal_Image_Save:/home/msc-robot/Documents/Team4_ros_ws/src/High_Vis/post_process/install/pdf_generator:/home/msc-robot/Documents/Team4_ros_ws/src/High_Vis/post_process/install/hotspot_detection:/home/msc-robot/Documents/Team4_ros_ws/src/Thermal/install/camera_calibration:/home/msc-robot/Documents/Team4_ros_ws/src/Thermal/install/Thermal_save:/home/msc-robot/Documents/Team4_ros_ws/install/launch_robotnav:/home/msc-robot/Documents/Team4_ros_ws/install/clearpath_generator_gz:/home/msc-robot/Documents/Team4_ros_ws/install/clearpath_config:/home/msc-robot/Documents/Team4_ros_ws/install/camera_calibration:/home/msc-robot/Documents/Team4_ros_ws/install/Thermal_save:/opt/ros/humble /usr/bin/cmake /home/msc-robot/Documents/Team4_ros_ws/src/High_Vis/Thermal_Images/src/image_pipeline/depth_image_proc -DAMENT_CMAKE_SYMLINK_INSTALL=1 -DCMAKE_INSTALL_PREFIX=/home/msc-robot/Documents/Team4_ros_ws/src/High_Vis/Thermal_Images/install/depth_image_proc
[8.102s] Invoking command in '/home/msc-robot/Documents/Team4_ros_ws/src/High_Vis/Thermal_Images/build/depth_image_proc': CMAKE_PREFIX_PATH=${CMAKE_PREFIX_PATH}:/home/msc-robot/Documents/Team4_ros_ws/src/High_Vis/Thermal_Images/install/camera_calibration:/home/msc-robot/Documents/Team4_ros_ws/src/High_Vis/Thermal_Images/install/Thermal_Image_Save:/home/msc-robot/Documents/Team4_ros_ws/src/High_Vis/post_process/install/pdf_generator:/home/msc-robot/Documents/Team4_ros_ws/src/High_Vis/post_process/install/hotspot_detection:/home/msc-robot/Documents/Team4_ros_ws/src/Thermal/install/camera_calibration:/home/msc-robot/Documents/Team4_ros_ws/src/Thermal/install/Thermal_save:/home/msc-robot/Documents/Team4_ros_ws/install/launch_robotnav:/home/msc-robot/Documents/Team4_ros_ws/install/clearpath_generator_gz:/home/msc-robot/Documents/Team4_ros_ws/install/clearpath_config:/home/msc-robot/Documents/Team4_ros_ws/install/camera_calibration:/home/msc-robot/Documents/Team4_ros_ws/install/Thermal_save:/opt/ros/humble /usr/bin/cmake --build /home/msc-robot/Documents/Team4_ros_ws/src/High_Vis/Thermal_Images/build/depth_image_proc -- -j4 -l4
[8.301s] [  3%] [32mBuilding CXX object CMakeFiles/disparity_node.dir/rclcpp_components/node_main_disparity_node.cpp.o[0m
[8.302s] [  6%] [32mBuilding CXX object CMakeFiles/depth_image_proc.dir/src/conversions.cpp.o[0m
[8.321s] [  9%] [32mBuilding CXX object CMakeFiles/crop_foremost_node.dir/rclcpp_components/node_main_crop_foremost_node.cpp.o[0m
[8.327s] [ 12%] [32mBuilding CXX object CMakeFiles/convert_metric_node.dir/rclcpp_components/node_main_convert_metric_node.cpp.o[0m
[15.109s] [ 15%] [32mBuilding CXX object CMakeFiles/depth_image_proc.dir/src/convert_metric.cpp.o[0m
[22.781s] [ 18%] [32m[1mLinking CXX executable convert_metric_node[0m
[23.755s] [ 18%] Built target convert_metric_node
[24.002s] [ 21%] [32mBuilding CXX object CMakeFiles/point_cloud_xyz_node.dir/rclcpp_components/node_main_point_cloud_xyz_node.cpp.o[0m
[25.038s] [ 25%] [32m[1mLinking CXX executable crop_foremost_node[0m
[25.387s] [ 28%] [32m[1mLinking CXX executable disparity_node[0m
[25.791s] [ 28%] Built target crop_foremost_node
[25.900s] [ 31%] [32mBuilding CXX object CMakeFiles/depth_image_proc.dir/src/crop_foremost.cpp.o[0m
[26.058s] [ 31%] Built target disparity_node
[26.286s] [ 34%] [32mBuilding CXX object CMakeFiles/point_cloud_xyzrgb_node.dir/rclcpp_components/node_main_point_cloud_xyzrgb_node.cpp.o[0m
[36.599s] [ 37%] [32mBuilding CXX object CMakeFiles/depth_image_proc.dir/src/disparity.cpp.o[0m
[38.267s] [ 40%] [32m[1mLinking CXX executable point_cloud_xyzrgb_node[0m
[39.074s] [ 40%] Built target point_cloud_xyzrgb_node
[39.178s] [ 43%] [32m[1mLinking CXX executable point_cloud_xyz_node[0m
[39.940s] [ 43%] Built target point_cloud_xyz_node
[61.817s] [ 46%] [32mBuilding CXX object CMakeFiles/depth_image_proc.dir/src/point_cloud_xyz.cpp.o[0m
[69.608s] [ 50%] [32mBuilding CXX object CMakeFiles/depth_image_proc.dir/src/point_cloud_xyzrgb.cpp.o[0m
[87.845s] [ 53%] [32mBuilding CXX object CMakeFiles/depth_image_proc.dir/src/point_cloud_xyzi.cpp.o[0m
[89.896s] [ 56%] [32mBuilding CXX object CMakeFiles/point_cloud_xyzi_radial_node.dir/rclcpp_components/node_main_point_cloud_xyzi_radial_node.cpp.o[0m
[91.046s] [ 59%] [32mBuilding CXX object CMakeFiles/point_cloud_xyz_radial_node.dir/rclcpp_components/node_main_point_cloud_xyz_radial_node.cpp.o[0m
[92.153s] [ 62%] [32mBuilding CXX object CMakeFiles/point_cloud_xyzi_node.dir/rclcpp_components/node_main_point_cloud_xyzi_node.cpp.o[0m
[100.358s] [ 65%] [32m[1mLinking CXX executable point_cloud_xyzi_radial_node[0m
[100.952s] [ 65%] Built target point_cloud_xyzi_radial_node
[101.999s] [ 68%] [32m[1mLinking CXX executable point_cloud_xyz_radial_node[0m
[102.349s] [ 68%] Built target point_cloud_xyz_radial_node
[102.608s] [ 71%] [32m[1mLinking CXX executable point_cloud_xyzi_node[0m
[102.965s] [ 71%] Built target point_cloud_xyzi_node
[116.131s] [ 75%] [32mBuilding CXX object CMakeFiles/depth_image_proc.dir/src/point_cloud_xyz_radial.cpp.o[0m
[127.202s] [ 78%] [32mBuilding CXX object CMakeFiles/depth_image_proc.dir/src/point_cloud_xyzi_radial.cpp.o[0m
[139.240s] [ 81%] [32mBuilding CXX object CMakeFiles/depth_image_proc.dir/src/point_cloud_xyzrgb_radial.cpp.o[0m
[171.256s] [ 84%] [32mBuilding CXX object CMakeFiles/depth_image_proc.dir/src/register.cpp.o[0m
[192.617s] [ 87%] [32m[1mLinking CXX shared library libdepth_image_proc.so[0m
[196.082s] [ 87%] Built target depth_image_proc
[196.126s] [ 93%] [32mBuilding CXX object CMakeFiles/register_node.dir/rclcpp_components/node_main_register_node.cpp.o[0m
[196.127s] [ 93%] [32mBuilding CXX object CMakeFiles/point_cloud_xyzrgb_radial_node.dir/rclcpp_components/node_main_point_cloud_xyzrgb_radial_node.cpp.o[0m
[200.369s] [ 96%] [32m[1mLinking CXX executable register_node[0m
[200.382s] [100%] [32m[1mLinking CXX executable point_cloud_xyzrgb_radial_node[0m
[200.592s] [100%] Built target register_node
[200.606s] [100%] Built target point_cloud_xyzrgb_radial_node
[200.627s] Invoked command in '/home/msc-robot/Documents/Team4_ros_ws/src/High_Vis/Thermal_Images/build/depth_image_proc' returned '0': CMAKE_PREFIX_PATH=${CMAKE_PREFIX_PATH}:/home/msc-robot/Documents/Team4_ros_ws/src/High_Vis/Thermal_Images/install/camera_calibration:/home/msc-robot/Documents/Team4_ros_ws/src/High_Vis/Thermal_Images/install/Thermal_Image_Save:/home/msc-robot/Documents/Team4_ros_ws/src/High_Vis/post_process/install/pdf_generator:/home/msc-robot/Documents/Team4_ros_ws/src/High_Vis/post_process/install/hotspot_detection:/home/msc-robot/Documents/Team4_ros_ws/src/Thermal/install/camera_calibration:/home/msc-robot/Documents/Team4_ros_ws/src/Thermal/install/Thermal_save:/home/msc-robot/Documents/Team4_ros_ws/install/launch_robotnav:/home/msc-robot/Documents/Team4_ros_ws/install/clearpath_generator_gz:/home/msc-robot/Documents/Team4_ros_ws/install/clearpath_config:/home/msc-robot/Documents/Team4_ros_ws/install/camera_calibration:/home/msc-robot/Documents/Team4_ros_ws/install/Thermal_save:/opt/ros/humble /usr/bin/cmake --build /home/msc-robot/Documents/Team4_ros_ws/src/High_Vis/Thermal_Images/build/depth_image_proc -- -j4 -l4
[200.890s] Invoking command in '/home/msc-robot/Documents/Team4_ros_ws/src/High_Vis/Thermal_Images/build/depth_image_proc': CMAKE_PREFIX_PATH=${CMAKE_PREFIX_PATH}:/home/msc-robot/Documents/Team4_ros_ws/src/High_Vis/Thermal_Images/install/camera_calibration:/home/msc-robot/Documents/Team4_ros_ws/src/High_Vis/Thermal_Images/install/Thermal_Image_Save:/home/msc-robot/Documents/Team4_ros_ws/src/High_Vis/post_process/install/pdf_generator:/home/msc-robot/Documents/Team4_ros_ws/src/High_Vis/post_process/install/hotspot_detection:/home/msc-robot/Documents/Team4_ros_ws/src/Thermal/install/camera_calibration:/home/msc-robot/Documents/Team4_ros_ws/src/Thermal/install/Thermal_save:/home/msc-robot/Documents/Team4_ros_ws/install/launch_robotnav:/home/msc-robot/Documents/Team4_ros_ws/install/clearpath_generator_gz:/home/msc-robot/Documents/Team4_ros_ws/install/clearpath_config:/home/msc-robot/Documents/Team4_ros_ws/install/camera_calibration:/home/msc-robot/Documents/Team4_ros_ws/install/Thermal_save:/opt/ros/humble /usr/bin/cmake --install /home/msc-robot/Documents/Team4_ros_ws/src/High_Vis/Thermal_Images/build/depth_image_proc
[200.905s] -- Install configuration: ""
[200.906s] -- Execute custom install script
[200.907s] -- Symlinking: /home/msc-robot/Documents/Team4_ros_ws/src/High_Vis/Thermal_Images/install/depth_image_proc/lib/depth_image_proc/convert_metric_node
[200.924s] -- Symlinking: /home/msc-robot/Documents/Team4_ros_ws/src/High_Vis/Thermal_Images/install/depth_image_proc/lib/depth_image_proc/crop_foremost_node
[200.941s] -- Symlinking: /home/msc-robot/Documents/Team4_ros_ws/src/High_Vis/Thermal_Images/install/depth_image_proc/lib/depth_image_proc/disparity_node
[200.959s] -- Symlinking: /home/msc-robot/Documents/Team4_ros_ws/src/High_Vis/Thermal_Images/install/depth_image_proc/lib/depth_image_proc/point_cloud_xyz_node
[200.976s] -- Symlinking: /home/msc-robot/Documents/Team4_ros_ws/src/High_Vis/Thermal_Images/install/depth_image_proc/lib/depth_image_proc/point_cloud_xyzrgb_node
[200.994s] -- Symlinking: /home/msc-robot/Documents/Team4_ros_ws/src/High_Vis/Thermal_Images/install/depth_image_proc/lib/depth_image_proc/point_cloud_xyzi_node
[201.011s] -- Symlinking: /home/msc-robot/Documents/Team4_ros_ws/src/High_Vis/Thermal_Images/install/depth_image_proc/lib/depth_image_proc/point_cloud_xyz_radial_node
[201.028s] -- Symlinking: /home/msc-robot/Documents/Team4_ros_ws/src/High_Vis/Thermal_Images/install/depth_image_proc/lib/depth_image_proc/point_cloud_xyzi_radial_node
[201.046s] -- Symlinking: /home/msc-robot/Documents/Team4_ros_ws/src/High_Vis/Thermal_Images/install/depth_image_proc/lib/depth_image_proc/point_cloud_xyzrgb_radial_node
[201.065s] -- Symlinking: /home/msc-robot/Documents/Team4_ros_ws/src/High_Vis/Thermal_Images/install/depth_image_proc/lib/depth_image_proc/register_node
[201.083s] -- Symlinking: /home/msc-robot/Documents/Team4_ros_ws/src/High_Vis/Thermal_Images/install/depth_image_proc/include/depth_image_proc/conversions.hpp
[201.099s] -- Symlinking: /home/msc-robot/Documents/Team4_ros_ws/src/High_Vis/Thermal_Images/install/depth_image_proc/include/depth_image_proc/depth_traits.hpp
[201.117s] -- Symlinking: /home/msc-robot/Documents/Team4_ros_ws/src/High_Vis/Thermal_Images/install/depth_image_proc/include/depth_image_proc/point_cloud_xyz.hpp
[201.134s] -- Symlinking: /home/msc-robot/Documents/Team4_ros_ws/src/High_Vis/Thermal_Images/install/depth_image_proc/include/depth_image_proc/point_cloud_xyz_radial.hpp
[201.152s] -- Symlinking: /home/msc-robot/Documents/Team4_ros_ws/src/High_Vis/Thermal_Images/install/depth_image_proc/include/depth_image_proc/point_cloud_xyzi.hpp
[201.169s] -- Symlinking: /home/msc-robot/Documents/Team4_ros_ws/src/High_Vis/Thermal_Images/install/depth_image_proc/include/depth_image_proc/point_cloud_xyzi_radial.hpp
[201.187s] -- Symlinking: /home/msc-robot/Documents/Team4_ros_ws/src/High_Vis/Thermal_Images/install/depth_image_proc/include/depth_image_proc/point_cloud_xyzrgb.hpp
[201.203s] -- Symlinking: /home/msc-robot/Documents/Team4_ros_ws/src/High_Vis/Thermal_Images/install/depth_image_proc/include/depth_image_proc/point_cloud_xyzrgb_radial.hpp
[201.220s] -- Symlinking: /home/msc-robot/Documents/Team4_ros_ws/src/High_Vis/Thermal_Images/install/depth_image_proc/include/depth_image_proc/visibility.h
[201.238s] -- Symlinking: /home/msc-robot/Documents/Team4_ros_ws/src/High_Vis/Thermal_Images/install/depth_image_proc/share/depth_image_proc/environment/library_path.sh
[201.256s] -- Symlinking: /home/msc-robot/Documents/Team4_ros_ws/src/High_Vis/Thermal_Images/install/depth_image_proc/share/depth_image_proc/environment/library_path.dsv
[201.273s] -- Symlinking: /home/msc-robot/Documents/Team4_ros_ws/src/High_Vis/Thermal_Images/install/depth_image_proc/lib/libdepth_image_proc.so
[201.291s] -- Symlinking: /home/msc-robot/Documents/Team4_ros_ws/src/High_Vis/Thermal_Images/install/depth_image_proc/share/depth_image_proc/launch/convert_metric.launch.py
[201.308s] -- Symlinking: /home/msc-robot/Documents/Team4_ros_ws/src/High_Vis/Thermal_Images/install/depth_image_proc/share/depth_image_proc/launch/crop_foremost.launch.py
[201.325s] -- Symlinking: /home/msc-robot/Documents/Team4_ros_ws/src/High_Vis/Thermal_Images/install/depth_image_proc/share/depth_image_proc/launch/disparity.launch.py
[201.342s] -- Symlinking: /home/msc-robot/Documents/Team4_ros_ws/src/High_Vis/Thermal_Images/install/depth_image_proc/share/depth_image_proc/launch/point_cloud_xyz.launch.py
[201.360s] -- Symlinking: /home/msc-robot/Documents/Team4_ros_ws/src/High_Vis/Thermal_Images/install/depth_image_proc/share/depth_image_proc/launch/point_cloud_xyz_radial.launch.py
[201.377s] -- Symlinking: /home/msc-robot/Documents/Team4_ros_ws/src/High_Vis/Thermal_Images/install/depth_image_proc/share/depth_image_proc/launch/point_cloud_xyzi.launch.py
[201.395s] -- Symlinking: /home/msc-robot/Documents/Team4_ros_ws/src/High_Vis/Thermal_Images/install/depth_image_proc/share/depth_image_proc/launch/point_cloud_xyzi_radial.launch.py
[201.412s] -- Symlinking: /home/msc-robot/Documents/Team4_ros_ws/src/High_Vis/Thermal_Images/install/depth_image_proc/share/depth_image_proc/launch/point_cloud_xyzrgb.launch.py
[201.429s] -- Symlinking: /home/msc-robot/Documents/Team4_ros_ws/src/High_Vis/Thermal_Images/install/depth_image_proc/share/depth_image_proc/launch/point_cloud_xyzrgb_radial.launch.py
[201.446s] -- Symlinking: /home/msc-robot/Documents/Team4_ros_ws/src/High_Vis/Thermal_Images/install/depth_image_proc/share/depth_image_proc/launch/register.launch.py
[201.464s] -- Symlinking: /home/msc-robot/Documents/Team4_ros_ws/src/High_Vis/Thermal_Images/install/depth_image_proc/share/depth_image_proc/launch/rviz/convert_metric.rviz
[201.481s] -- Symlinking: /home/msc-robot/Documents/Team4_ros_ws/src/High_Vis/Thermal_Images/install/depth_image_proc/share/depth_image_proc/launch/rviz/crop_formost.rviz
[201.498s] -- Symlinking: /home/msc-robot/Documents/Team4_ros_ws/src/High_Vis/Thermal_Images/install/depth_image_proc/share/depth_image_proc/launch/rviz/disparity.rviz
[201.515s] -- Symlinking: /home/msc-robot/Documents/Team4_ros_ws/src/High_Vis/Thermal_Images/install/depth_image_proc/share/depth_image_proc/launch/rviz/point_cloud_xyz.rviz
[201.533s] -- Symlinking: /home/msc-robot/Documents/Team4_ros_ws/src/High_Vis/Thermal_Images/install/depth_image_proc/share/depth_image_proc/launch/rviz/point_cloud_xyz_radial.rviz
[201.550s] -- Symlinking: /home/msc-robot/Documents/Team4_ros_ws/src/High_Vis/Thermal_Images/install/depth_image_proc/share/depth_image_proc/launch/rviz/point_cloud_xyzi.rviz
[201.567s] -- Symlinking: /home/msc-robot/Documents/Team4_ros_ws/src/High_Vis/Thermal_Images/install/depth_image_proc/share/depth_image_proc/launch/rviz/point_cloud_xyzrgb.rviz
[201.584s] -- Symlinking: /home/msc-robot/Documents/Team4_ros_ws/src/High_Vis/Thermal_Images/install/depth_image_proc/share/depth_image_proc/launch/rviz/register.rviz
[201.601s] -- Symlinking: /home/msc-robot/Documents/Team4_ros_ws/src/High_Vis/Thermal_Images/install/depth_image_proc/share/ament_index/resource_index/package_run_dependencies/depth_image_proc
[201.619s] -- Symlinking: /home/msc-robot/Documents/Team4_ros_ws/src/High_Vis/Thermal_Images/install/depth_image_proc/share/ament_index/resource_index/parent_prefix_path/depth_image_proc
[201.636s] -- Symlinking: /home/msc-robot/Documents/Team4_ros_ws/src/High_Vis/Thermal_Images/install/depth_image_proc/share/depth_image_proc/environment/ament_prefix_path.sh
[201.654s] -- Symlinking: /home/msc-robot/Documents/Team4_ros_ws/src/High_Vis/Thermal_Images/install/depth_image_proc/share/depth_image_proc/environment/ament_prefix_path.dsv
[201.671s] -- Symlinking: /home/msc-robot/Documents/Team4_ros_ws/src/High_Vis/Thermal_Images/install/depth_image_proc/share/depth_image_proc/environment/path.sh
[201.689s] -- Symlinking: /home/msc-robot/Documents/Team4_ros_ws/src/High_Vis/Thermal_Images/install/depth_image_proc/share/depth_image_proc/environment/path.dsv
[201.706s] -- Symlinking: /home/msc-robot/Documents/Team4_ros_ws/src/High_Vis/Thermal_Images/install/depth_image_proc/share/depth_image_proc/local_setup.bash
[201.724s] -- Symlinking: /home/msc-robot/Documents/Team4_ros_ws/src/High_Vis/Thermal_Images/install/depth_image_proc/share/depth_image_proc/local_setup.sh
[201.741s] -- Symlinking: /home/msc-robot/Documents/Team4_ros_ws/src/High_Vis/Thermal_Images/install/depth_image_proc/share/depth_image_proc/local_setup.zsh
[201.758s] -- Symlinking: /home/msc-robot/Documents/Team4_ros_ws/src/High_Vis/Thermal_Images/install/depth_image_proc/share/depth_image_proc/local_setup.dsv
[201.777s] -- Symlinking: /home/msc-robot/Documents/Team4_ros_ws/src/High_Vis/Thermal_Images/install/depth_image_proc/share/depth_image_proc/package.dsv
[201.794s] -- Symlinking: /home/msc-robot/Documents/Team4_ros_ws/src/High_Vis/Thermal_Images/install/depth_image_proc/share/ament_index/resource_index/packages/depth_image_proc
[201.812s] -- Symlinking: /home/msc-robot/Documents/Team4_ros_ws/src/High_Vis/Thermal_Images/install/depth_image_proc/share/ament_index/resource_index/rclcpp_components/depth_image_proc
[201.829s] -- Symlinking: /home/msc-robot/Documents/Team4_ros_ws/src/High_Vis/Thermal_Images/install/depth_image_proc/share/depth_image_proc/cmake/ament_cmake_export_dependencies-extras.cmake
[201.846s] -- Symlinking: /home/msc-robot/Documents/Team4_ros_ws/src/High_Vis/Thermal_Images/install/depth_image_proc/share/depth_image_proc/cmake/ament_cmake_export_include_directories-extras.cmake
[201.863s] -- Symlinking: /home/msc-robot/Documents/Team4_ros_ws/src/High_Vis/Thermal_Images/install/depth_image_proc/share/depth_image_proc/cmake/ament_cmake_export_libraries-extras.cmake
[201.881s] -- Symlinking: /home/msc-robot/Documents/Team4_ros_ws/src/High_Vis/Thermal_Images/install/depth_image_proc/share/depth_image_proc/cmake/depth_image_procConfig.cmake
[201.898s] -- Symlinking: /home/msc-robot/Documents/Team4_ros_ws/src/High_Vis/Thermal_Images/install/depth_image_proc/share/depth_image_proc/cmake/depth_image_procConfig-version.cmake
[201.916s] -- Symlinking: /home/msc-robot/Documents/Team4_ros_ws/src/High_Vis/Thermal_Images/install/depth_image_proc/share/depth_image_proc/package.xml
[201.935s] Invoked command in '/home/msc-robot/Documents/Team4_ros_ws/src/High_Vis/Thermal_Images/build/depth_image_proc' returned '0': CMAKE_PREFIX_PATH=${CMAKE_PREFIX_PATH}:/home/msc-robot/Documents/Team4_ros_ws/src/High_Vis/Thermal_Images/install/camera_calibration:/home/msc-robot/Documents/Team4_ros_ws/src/High_Vis/Thermal_Images/install/Thermal_Image_Save:/home/msc-robot/Documents/Team4_ros_ws/src/High_Vis/post_process/install/pdf_generator:/home/msc-robot/Documents/Team4_ros_ws/src/High_Vis/post_process/install/hotspot_detection:/home/msc-robot/Documents/Team4_ros_ws/src/Thermal/install/camera_calibration:/home/msc-robot/Documents/Team4_ros_ws/src/Thermal/install/Thermal_save:/home/msc-robot/Documents/Team4_ros_ws/install/launch_robotnav:/home/msc-robot/Documents/Team4_ros_ws/install/clearpath_generator_gz:/home/msc-robot/Documents/Team4_ros_ws/install/clearpath_config:/home/msc-robot/Documents/Team4_ros_ws/install/camera_calibration:/home/msc-robot/Documents/Team4_ros_ws/install/Thermal_save:/opt/ros/humble /usr/bin/cmake --install /home/msc-robot/Documents/Team4_ros_ws/src/High_Vis/Thermal_Images/build/depth_image_proc
