[2.555s] Invoking command in '/home/msc-robot/Documents/Team4_ros_ws/src/High_Vis/hs_rep/build/hotspot_detection': PYTHONPATH=/home/msc-robot/Documents/Team4_ros_ws/src/High_Vis/hs_rep/build/hotspot_detection/prefix_override:/home/msc-robot/Documents/Team4_ros_ws/src/High_Vis/hs_rep/install/hotspot_detection/lib/python3.10/site-packages:${PYTHONPATH} /usr/bin/python3 setup.py develop --editable --build-directory /home/msc-robot/Documents/Team4_ros_ws/src/High_Vis/hs_rep/build/hotspot_detection/build --no-deps install_data
[3.117s] running develop
[3.118s] /usr/local/lib/python3.10/dist-packages/setuptools/command/develop.py:40: EasyInstallDeprecationWarning: easy_install command is deprecated.
[3.118s] !!
[3.118s] 
[3.118s]         ********************************************************************************
[3.119s]         Please avoid running ``setup.py`` and ``easy_install``.
[3.119s]         Instead, use pypa/build, pypa/installer or other
[3.119s]         standards-based tools.
[3.119s] 
[3.119s]         See https://github.com/pypa/setuptools/issues/917 for details.
[3.119s]         ********************************************************************************
[3.120s] 
[3.120s] !!
[3.120s]   easy_install.initialize_options(self)
[3.179s] /usr/local/lib/python3.10/dist-packages/setuptools/_distutils/cmd.py:66: SetuptoolsDeprecationWarning: setup.py install is deprecated.
[3.179s] !!
[3.180s] 
[3.180s]         ********************************************************************************
[3.180s]         Please avoid running ``setup.py`` directly.
[3.180s]         Instead, use pypa/build, pypa/installer or other
[3.180s]         standards-based tools.
[3.180s] 
[3.180s]         See https://blog.ganssle.io/articles/2021/10/setup-py-deprecated.html for details.
[3.180s]         ********************************************************************************
[3.181s] 
[3.181s] !!
[3.181s]   self.initialize_options()
[3.530s] running egg_info
[3.530s] creating hotspot_detection.egg-info
[3.565s] writing hotspot_detection.egg-info/PKG-INFO
[3.565s] writing dependency_links to hotspot_detection.egg-info/dependency_links.txt
[3.566s] writing entry points to hotspot_detection.egg-info/entry_points.txt
[3.566s] writing requirements to hotspot_detection.egg-info/requires.txt
[3.566s] writing top-level names to hotspot_detection.egg-info/top_level.txt
[3.567s] writing manifest file 'hotspot_detection.egg-info/SOURCES.txt'
[3.622s] reading manifest file 'hotspot_detection.egg-info/SOURCES.txt'
[3.623s] writing manifest file 'hotspot_detection.egg-info/SOURCES.txt'
[3.651s] running build_ext
[3.651s] Creating /home/msc-robot/Documents/Team4_ros_ws/src/High_Vis/hs_rep/install/hotspot_detection/lib/python3.10/site-packages/hotspot-detection.egg-link (link to .)
[3.652s] Installing hs_node script to /home/msc-robot/Documents/Team4_ros_ws/src/High_Vis/hs_rep/install/hotspot_detection/lib/hotspot_detection
[3.653s] 
[3.653s] Installed /home/msc-robot/Documents/Team4_ros_ws/src/High_Vis/hs_rep/build/hotspot_detection
[3.653s] running install_data
[3.653s] creating /home/msc-robot/Documents/Team4_ros_ws/src/High_Vis/hs_rep/install/hotspot_detection/share/ament_index
[3.654s] creating /home/msc-robot/Documents/Team4_ros_ws/src/High_Vis/hs_rep/install/hotspot_detection/share/ament_index/resource_index
[3.654s] creating /home/msc-robot/Documents/Team4_ros_ws/src/High_Vis/hs_rep/install/hotspot_detection/share/ament_index/resource_index/packages
[3.654s] copying resource/hotspot_detection -> /home/msc-robot/Documents/Team4_ros_ws/src/High_Vis/hs_rep/install/hotspot_detection/share/ament_index/resource_index/packages
[3.654s] copying package.xml -> /home/msc-robot/Documents/Team4_ros_ws/src/High_Vis/hs_rep/install/hotspot_detection/share/hotspot_detection
[3.710s] Invoked command in '/home/msc-robot/Documents/Team4_ros_ws/src/High_Vis/hs_rep/build/hotspot_detection' returned '0': PYTHONPATH=/home/msc-robot/Documents/Team4_ros_ws/src/High_Vis/hs_rep/build/hotspot_detection/prefix_override:/home/msc-robot/Documents/Team4_ros_ws/src/High_Vis/hs_rep/install/hotspot_detection/lib/python3.10/site-packages:${PYTHONPATH} /usr/bin/python3 setup.py develop --editable --build-directory /home/msc-robot/Documents/Team4_ros_ws/src/High_Vis/hs_rep/build/hotspot_detection/build --no-deps install_data
