[0.289s] Invoking command in '/home/harry/ros2_ws/src/High_Vis/actions/build/actions_bringup': AMENT_PREFIX_PATH=/home/harry/ros2_ws/src/High_Vis/actions/install/actions_py:/home/harry/ros2_ws/src/High_Vis/actions/install/actions_bringup:/home/harry/ros2_ws/src/High_Vis/actions/install/hotspot_action:/opt/ros/humble CMAKE_PREFIX_PATH=/home/harry/ros2_ws/src/High_Vis/actions/install/hotspot_action:/home/harry/ros2_ws/src/High_Vis/actions/install/actions_bringup:/home/harry/ros2_ws/src/High_Vis/actions/install/actions_py:/opt/ros/humble /usr/bin/cmake /home/harry/ros2_ws/src/High_Vis/actions/src/actions_bringup -DCMAKE_INSTALL_PREFIX=/home/harry/ros2_ws/src/High_Vis/actions/install/actions_bringup
[0.401s] -- The C compiler identification is GNU 11.4.0
[0.929s] -- The CXX compiler identification is GNU 11.4.0
[1.311s] -- Detecting C compiler ABI info
[1.466s] -- Detecting C compiler ABI info - done
[1.474s] -- Check for working C compiler: /usr/bin/cc - skipped
[1.474s] -- Detecting C compile features
[1.475s] -- Detecting C compile features - done
[1.478s] -- Detecting CXX compiler ABI info
[1.628s] -- Detecting CXX compiler ABI info - done
[1.640s] -- Check for working CXX compiler: /usr/bin/c++ - skipped
[1.641s] -- Detecting CXX compile features
[1.642s] -- Detecting CXX compile features - done
[1.645s] -- Found ament_cmake: 1.3.6 (/opt/ros/humble/share/ament_cmake/cmake)
[1.846s] -- Found Python3: /usr/bin/python3.10 (found version "3.10.12") found components: Interpreter 
[1.994s] -- Configuring done
[1.998s] -- Generating done
[1.999s] -- Build files have been written to: /home/harry/ros2_ws/src/High_Vis/actions/build/actions_bringup
[2.004s] Invoked command in '/home/harry/ros2_ws/src/High_Vis/actions/build/actions_bringup' returned '0': AMENT_PREFIX_PATH=/home/harry/ros2_ws/src/High_Vis/actions/install/actions_py:/home/harry/ros2_ws/src/High_Vis/actions/install/actions_bringup:/home/harry/ros2_ws/src/High_Vis/actions/install/hotspot_action:/opt/ros/humble CMAKE_PREFIX_PATH=/home/harry/ros2_ws/src/High_Vis/actions/install/hotspot_action:/home/harry/ros2_ws/src/High_Vis/actions/install/actions_bringup:/home/harry/ros2_ws/src/High_Vis/actions/install/actions_py:/opt/ros/humble /usr/bin/cmake /home/harry/ros2_ws/src/High_Vis/actions/src/actions_bringup -DCMAKE_INSTALL_PREFIX=/home/harry/ros2_ws/src/High_Vis/actions/install/actions_bringup
[2.006s] Invoking command in '/home/harry/ros2_ws/src/High_Vis/actions/build/actions_bringup': AMENT_PREFIX_PATH=/home/harry/ros2_ws/src/High_Vis/actions/install/actions_py:/home/harry/ros2_ws/src/High_Vis/actions/install/actions_bringup:/home/harry/ros2_ws/src/High_Vis/actions/install/hotspot_action:/opt/ros/humble CMAKE_PREFIX_PATH=/home/harry/ros2_ws/src/High_Vis/actions/install/hotspot_action:/home/harry/ros2_ws/src/High_Vis/actions/install/actions_bringup:/home/harry/ros2_ws/src/High_Vis/actions/install/actions_py:/opt/ros/humble /usr/bin/cmake --build /home/harry/ros2_ws/src/High_Vis/actions/build/actions_bringup -- -j8 -l8
[2.037s] Invoked command in '/home/harry/ros2_ws/src/High_Vis/actions/build/actions_bringup' returned '0': AMENT_PREFIX_PATH=/home/harry/ros2_ws/src/High_Vis/actions/install/actions_py:/home/harry/ros2_ws/src/High_Vis/actions/install/actions_bringup:/home/harry/ros2_ws/src/High_Vis/actions/install/hotspot_action:/opt/ros/humble CMAKE_PREFIX_PATH=/home/harry/ros2_ws/src/High_Vis/actions/install/hotspot_action:/home/harry/ros2_ws/src/High_Vis/actions/install/actions_bringup:/home/harry/ros2_ws/src/High_Vis/actions/install/actions_py:/opt/ros/humble /usr/bin/cmake --build /home/harry/ros2_ws/src/High_Vis/actions/build/actions_bringup -- -j8 -l8
[2.058s] Invoking command in '/home/harry/ros2_ws/src/High_Vis/actions/build/actions_bringup': AMENT_PREFIX_PATH=/home/harry/ros2_ws/src/High_Vis/actions/install/actions_py:/home/harry/ros2_ws/src/High_Vis/actions/install/actions_bringup:/home/harry/ros2_ws/src/High_Vis/actions/install/hotspot_action:/opt/ros/humble CMAKE_PREFIX_PATH=/home/harry/ros2_ws/src/High_Vis/actions/install/hotspot_action:/home/harry/ros2_ws/src/High_Vis/actions/install/actions_bringup:/home/harry/ros2_ws/src/High_Vis/actions/install/actions_py:/opt/ros/humble /usr/bin/cmake --install /home/harry/ros2_ws/src/High_Vis/actions/build/actions_bringup
[2.066s] -- Install configuration: ""
[2.066s] -- Installing: /home/harry/ros2_ws/src/High_Vis/actions/install/actions_bringup/share/actions_bringup/launch
[2.068s] -- Installing: /home/harry/ros2_ws/src/High_Vis/actions/install/actions_bringup/share/actions_bringup/launch/actions.launch.py
[2.069s] -- Installing: /home/harry/ros2_ws/src/High_Vis/actions/install/actions_bringup/share/ament_index/resource_index/package_run_dependencies/actions_bringup
[2.069s] -- Installing: /home/harry/ros2_ws/src/High_Vis/actions/install/actions_bringup/share/ament_index/resource_index/parent_prefix_path/actions_bringup
[2.070s] -- Installing: /home/harry/ros2_ws/src/High_Vis/actions/install/actions_bringup/share/actions_bringup/environment/ament_prefix_path.sh
[2.070s] -- Installing: /home/harry/ros2_ws/src/High_Vis/actions/install/actions_bringup/share/actions_bringup/environment/ament_prefix_path.dsv
[2.070s] -- Installing: /home/harry/ros2_ws/src/High_Vis/actions/install/actions_bringup/share/actions_bringup/environment/path.sh
[2.071s] -- Installing: /home/harry/ros2_ws/src/High_Vis/actions/install/actions_bringup/share/actions_bringup/environment/path.dsv
[2.071s] -- Installing: /home/harry/ros2_ws/src/High_Vis/actions/install/actions_bringup/share/actions_bringup/local_setup.bash
[2.071s] -- Installing: /home/harry/ros2_ws/src/High_Vis/actions/install/actions_bringup/share/actions_bringup/local_setup.sh
[2.071s] -- Installing: /home/harry/ros2_ws/src/High_Vis/actions/install/actions_bringup/share/actions_bringup/local_setup.zsh
[2.071s] -- Installing: /home/harry/ros2_ws/src/High_Vis/actions/install/actions_bringup/share/actions_bringup/local_setup.dsv
[2.072s] -- Installing: /home/harry/ros2_ws/src/High_Vis/actions/install/actions_bringup/share/actions_bringup/package.dsv
[2.072s] -- Installing: /home/harry/ros2_ws/src/High_Vis/actions/install/actions_bringup/share/ament_index/resource_index/packages/actions_bringup
[2.072s] -- Installing: /home/harry/ros2_ws/src/High_Vis/actions/install/actions_bringup/share/actions_bringup/cmake/actions_bringupConfig.cmake
[2.072s] -- Installing: /home/harry/ros2_ws/src/High_Vis/actions/install/actions_bringup/share/actions_bringup/cmake/actions_bringupConfig-version.cmake
[2.073s] -- Installing: /home/harry/ros2_ws/src/High_Vis/actions/install/actions_bringup/share/actions_bringup/package.xml
[2.075s] Invoked command in '/home/harry/ros2_ws/src/High_Vis/actions/build/actions_bringup' returned '0': AMENT_PREFIX_PATH=/home/harry/ros2_ws/src/High_Vis/actions/install/actions_py:/home/harry/ros2_ws/src/High_Vis/actions/install/actions_bringup:/home/harry/ros2_ws/src/High_Vis/actions/install/hotspot_action:/opt/ros/humble CMAKE_PREFIX_PATH=/home/harry/ros2_ws/src/High_Vis/actions/install/hotspot_action:/home/harry/ros2_ws/src/High_Vis/actions/install/actions_bringup:/home/harry/ros2_ws/src/High_Vis/actions/install/actions_py:/opt/ros/humble /usr/bin/cmake --install /home/harry/ros2_ws/src/High_Vis/actions/build/actions_bringup
