running develop
/usr/lib/python3/dist-packages/setuptools/command/easy_install.py:158: EasyInstallDeprecationWarning: easy_install command is deprecated. Use build and pip and other standards-based tools.
  warnings.warn(
/usr/lib/python3/dist-packages/setuptools/command/install.py:34: SetuptoolsDeprecationWarning: setup.py install is deprecated. Use build and pip and other standards-based tools.
  warnings.warn(
running egg_info
creating hotspot_detection.egg-info
writing hotspot_detection.egg-info/PKG-INFO
writing dependency_links to hotspot_detection.egg-info/dependency_links.txt
writing entry points to hotspot_detection.egg-info/entry_points.txt
writing requirements to hotspot_detection.egg-info/requires.txt
writing top-level names to hotspot_detection.egg-info/top_level.txt
writing manifest file 'hotspot_detection.egg-info/SOURCES.txt'
reading manifest file 'hotspot_detection.egg-info/SOURCES.txt'
writing manifest file 'hotspot_detection.egg-info/SOURCES.txt'
running build_ext
Creating /home/msc-robot/Documents/Team4_ros_ws/src/High_Vis/post_process/install/hotspot_detection/lib/python3.10/site-packages/hotspot-detection.egg-link (link to .)
Installing hs_node script to /home/msc-robot/Documents/Team4_ros_ws/src/High_Vis/post_process/install/hotspot_detection/lib/hotspot_detection

Installed /home/msc-robot/Documents/Team4_ros_ws/src/High_Vis/post_process/build/hotspot_detection
running install_data
creating /home/msc-robot/Documents/Team4_ros_ws/src/High_Vis/post_process/install/hotspot_detection/share/ament_index
creating /home/msc-robot/Documents/Team4_ros_ws/src/High_Vis/post_process/install/hotspot_detection/share/ament_index/resource_index
creating /home/msc-robot/Documents/Team4_ros_ws/src/High_Vis/post_process/install/hotspot_detection/share/ament_index/resource_index/packages
copying resource/hotspot_detection -> /home/msc-robot/Documents/Team4_ros_ws/src/High_Vis/post_process/install/hotspot_detection/share/ament_index/resource_index/packages
copying package.xml -> /home/msc-robot/Documents/Team4_ros_ws/src/High_Vis/post_process/install/hotspot_detection/share/hotspot_detection
