running develop
Removing /home/harry/High_Vis/post_process/install/pdf_generator/lib/python3.10/site-packages/pdf-generator.egg-link (link to .)
running egg_info
writing ../../build/pdf_generator/pdf_generator.egg-info/PKG-INFO
writing dependency_links to ../../build/pdf_generator/pdf_generator.egg-info/dependency_links.txt
writing entry points to ../../build/pdf_generator/pdf_generator.egg-info/entry_points.txt
writing requirements to ../../build/pdf_generator/pdf_generator.egg-info/requires.txt
writing top-level names to ../../build/pdf_generator/pdf_generator.egg-info/top_level.txt
reading manifest file '../../build/pdf_generator/pdf_generator.egg-info/SOURCES.txt'
writing manifest file '../../build/pdf_generator/pdf_generator.egg-info/SOURCES.txt'
running build
running build_py
running install
running install_lib
creating /home/harry/High_Vis/post_process/install/pdf_generator/lib/python3.10/site-packages/pdf_generator
copying /home/harry/High_Vis/post_process/build/pdf_generator/build/lib/pdf_generator/pdf_gen_node.py -> /home/harry/High_Vis/post_process/install/pdf_generator/lib/python3.10/site-packages/pdf_generator
copying /home/harry/High_Vis/post_process/build/pdf_generator/build/lib/pdf_generator/__init__.py -> /home/harry/High_Vis/post_process/install/pdf_generator/lib/python3.10/site-packages/pdf_generator
byte-compiling /home/harry/High_Vis/post_process/install/pdf_generator/lib/python3.10/site-packages/pdf_generator/pdf_gen_node.py to pdf_gen_node.cpython-310.pyc
byte-compiling /home/harry/High_Vis/post_process/install/pdf_generator/lib/python3.10/site-packages/pdf_generator/__init__.py to __init__.cpython-310.pyc
running install_data
running install_egg_info
Copying ../../build/pdf_generator/pdf_generator.egg-info to /home/harry/High_Vis/post_process/install/pdf_generator/lib/python3.10/site-packages/pdf_generator-0.0.0-py3.10.egg-info
running install_scripts
Installing pg_node script to /home/harry/High_Vis/post_process/install/pdf_generator/lib/pdf_generator
writing list of installed files to '/home/harry/High_Vis/post_process/build/pdf_generator/install.log'
