[1.614s] Invoking command in '/home/harry/High_Vis/post_process/build/pdf_generator': PYTHONPATH=/home/harry/High_Vis/post_process/build/pdf_generator/prefix_override:/home/harry/High_Vis/post_process/install/pdf_generator/lib/python3.10/site-packages:${PYTHONPATH} /usr/bin/python3 setup.py develop --uninstall --editable --build-directory /home/harry/High_Vis/post_process/build/pdf_generator/build
[1.957s] running develop
[2.162s] Removing /home/harry/High_Vis/post_process/install/pdf_generator/lib/python3.10/site-packages/pdf-generator.egg-link (link to .)
[2.210s] Invoked command in '/home/harry/High_Vis/post_process/build/pdf_generator' returned '0': PYTHONPATH=/home/harry/High_Vis/post_process/build/pdf_generator/prefix_override:/home/harry/High_Vis/post_process/install/pdf_generator/lib/python3.10/site-packages:${PYTHONPATH} /usr/bin/python3 setup.py develop --uninstall --editable --build-directory /home/harry/High_Vis/post_process/build/pdf_generator/build
[2.214s] Invoking command in '/home/harry/High_Vis/post_process/src/pdf_generator': PYTHONPATH=/home/harry/High_Vis/post_process/build/pdf_generator/prefix_override:/home/harry/High_Vis/post_process/install/pdf_generator/lib/python3.10/site-packages:${PYTHONPATH} /usr/bin/python3 setup.py egg_info --egg-base ../../build/pdf_generator build --build-base /home/harry/High_Vis/post_process/build/pdf_generator/build install --record /home/harry/High_Vis/post_process/build/pdf_generator/install.log --single-version-externally-managed
[2.504s] running egg_info
[2.505s] writing ../../build/pdf_generator/pdf_generator.egg-info/PKG-INFO
[2.505s] writing dependency_links to ../../build/pdf_generator/pdf_generator.egg-info/dependency_links.txt
[2.505s] writing entry points to ../../build/pdf_generator/pdf_generator.egg-info/entry_points.txt
[2.506s] writing requirements to ../../build/pdf_generator/pdf_generator.egg-info/requires.txt
[2.506s] writing top-level names to ../../build/pdf_generator/pdf_generator.egg-info/top_level.txt
[2.508s] reading manifest file '../../build/pdf_generator/pdf_generator.egg-info/SOURCES.txt'
[2.509s] writing manifest file '../../build/pdf_generator/pdf_generator.egg-info/SOURCES.txt'
[2.509s] running build
[2.510s] running build_py
[2.510s] running install
[2.510s] running install_lib
[2.512s] creating /home/harry/High_Vis/post_process/install/pdf_generator/lib/python3.10/site-packages/pdf_generator
[2.512s] copying /home/harry/High_Vis/post_process/build/pdf_generator/build/lib/pdf_generator/pdf_gen_node.py -> /home/harry/High_Vis/post_process/install/pdf_generator/lib/python3.10/site-packages/pdf_generator
[2.512s] copying /home/harry/High_Vis/post_process/build/pdf_generator/build/lib/pdf_generator/__init__.py -> /home/harry/High_Vis/post_process/install/pdf_generator/lib/python3.10/site-packages/pdf_generator
[2.513s] byte-compiling /home/harry/High_Vis/post_process/install/pdf_generator/lib/python3.10/site-packages/pdf_generator/pdf_gen_node.py to pdf_gen_node.cpython-310.pyc
[2.514s] byte-compiling /home/harry/High_Vis/post_process/install/pdf_generator/lib/python3.10/site-packages/pdf_generator/__init__.py to __init__.cpython-310.pyc
[2.514s] running install_data
[2.515s] running install_egg_info
[2.517s] Copying ../../build/pdf_generator/pdf_generator.egg-info to /home/harry/High_Vis/post_process/install/pdf_generator/lib/python3.10/site-packages/pdf_generator-0.0.0-py3.10.egg-info
[2.519s] running install_scripts
[2.541s] Installing pg_node script to /home/harry/High_Vis/post_process/install/pdf_generator/lib/pdf_generator
[2.543s] writing list of installed files to '/home/harry/High_Vis/post_process/build/pdf_generator/install.log'
[2.578s] Invoked command in '/home/harry/High_Vis/post_process/src/pdf_generator' returned '0': PYTHONPATH=/home/harry/High_Vis/post_process/build/pdf_generator/prefix_override:/home/harry/High_Vis/post_process/install/pdf_generator/lib/python3.10/site-packages:${PYTHONPATH} /usr/bin/python3 setup.py egg_info --egg-base ../../build/pdf_generator build --build-base /home/harry/High_Vis/post_process/build/pdf_generator/build install --record /home/harry/High_Vis/post_process/build/pdf_generator/install.log --single-version-externally-managed
