[1.437s] Invoking command in '/home/harry/post_process/src/pdf_generator': PYTHONPATH=/home/harry/post_process/build/pdf_generator/prefix_override:/home/harry/post_process/install/pdf_generator/lib/python3.10/site-packages:${PYTHONPATH} /usr/bin/python3 setup.py egg_info --egg-base ../../build/pdf_generator build --build-base /home/harry/post_process/build/pdf_generator/build install --record /home/harry/post_process/build/pdf_generator/install.log --single-version-externally-managed
[1.763s] running egg_info
[1.764s] creating ../../build/pdf_generator/pdf_generator.egg-info
[1.764s] writing ../../build/pdf_generator/pdf_generator.egg-info/PKG-INFO
[1.764s] writing dependency_links to ../../build/pdf_generator/pdf_generator.egg-info/dependency_links.txt
[1.764s] writing entry points to ../../build/pdf_generator/pdf_generator.egg-info/entry_points.txt
[1.765s] writing requirements to ../../build/pdf_generator/pdf_generator.egg-info/requires.txt
[1.765s] writing top-level names to ../../build/pdf_generator/pdf_generator.egg-info/top_level.txt
[1.765s] writing manifest file '../../build/pdf_generator/pdf_generator.egg-info/SOURCES.txt'
[1.771s] reading manifest file '../../build/pdf_generator/pdf_generator.egg-info/SOURCES.txt'
[1.772s] writing manifest file '../../build/pdf_generator/pdf_generator.egg-info/SOURCES.txt'
[1.772s] running build
[1.773s] running build_py
[1.773s] creating /home/harry/post_process/build/pdf_generator/build
[1.773s] creating /home/harry/post_process/build/pdf_generator/build/lib
[1.773s] creating /home/harry/post_process/build/pdf_generator/build/lib/pdf_generator
[1.773s] copying pdf_generator/__init__.py -> /home/harry/post_process/build/pdf_generator/build/lib/pdf_generator
[1.774s] running install
[1.774s] running install_lib
[1.775s] creating /home/harry/post_process/install/pdf_generator/lib/python3.10/site-packages/pdf_generator
[1.775s] copying /home/harry/post_process/build/pdf_generator/build/lib/pdf_generator/__init__.py -> /home/harry/post_process/install/pdf_generator/lib/python3.10/site-packages/pdf_generator
[1.775s] byte-compiling /home/harry/post_process/install/pdf_generator/lib/python3.10/site-packages/pdf_generator/__init__.py to __init__.cpython-310.pyc
[1.776s] running install_data
[1.776s] creating /home/harry/post_process/install/pdf_generator/share/ament_index
[1.776s] creating /home/harry/post_process/install/pdf_generator/share/ament_index/resource_index
[1.777s] creating /home/harry/post_process/install/pdf_generator/share/ament_index/resource_index/packages
[1.777s] copying resource/pdf_generator -> /home/harry/post_process/install/pdf_generator/share/ament_index/resource_index/packages
[1.777s] copying package.xml -> /home/harry/post_process/install/pdf_generator/share/pdf_generator
[1.777s] running install_egg_info
[1.779s] Copying ../../build/pdf_generator/pdf_generator.egg-info to /home/harry/post_process/install/pdf_generator/lib/python3.10/site-packages/pdf_generator-0.0.0-py3.10.egg-info
[1.781s] running install_scripts
[1.809s] writing list of installed files to '/home/harry/post_process/build/pdf_generator/install.log'
[1.849s] Invoked command in '/home/harry/post_process/src/pdf_generator' returned '0': PYTHONPATH=/home/harry/post_process/build/pdf_generator/prefix_override:/home/harry/post_process/install/pdf_generator/lib/python3.10/site-packages:${PYTHONPATH} /usr/bin/python3 setup.py egg_info --egg-base ../../build/pdf_generator build --build-base /home/harry/post_process/build/pdf_generator/build install --record /home/harry/post_process/build/pdf_generator/install.log --single-version-externally-managed
