[1.994s] Invoking command in '/home/msc-robot/Documents/Team4_ros_ws/src/High_Vis/post_process/build/pdf_generator': PYTHONPATH=/home/msc-robot/Documents/Team4_ros_ws/src/High_Vis/post_process/build/pdf_generator/prefix_override:/home/msc-robot/Documents/Team4_ros_ws/src/High_Vis/post_process/install/pdf_generator/lib/python3.10/site-packages:${PYTHONPATH} /usr/bin/python3 setup.py develop --editable --build-directory /home/msc-robot/Documents/Team4_ros_ws/src/High_Vis/post_process/build/pdf_generator/build --no-deps install_data
[2.441s] running develop
[2.441s] /usr/lib/python3/dist-packages/setuptools/command/easy_install.py:158: EasyInstallDeprecationWarning: easy_install command is deprecated. Use build and pip and other standards-based tools.
[2.441s]   warnings.warn(
[2.443s] /usr/lib/python3/dist-packages/setuptools/command/install.py:34: SetuptoolsDeprecationWarning: setup.py install is deprecated. Use build and pip and other standards-based tools.
[2.443s]   warnings.warn(
[2.718s] running egg_info
[2.718s] creating pdf_generator.egg-info
[2.718s] writing pdf_generator.egg-info/PKG-INFO
[2.719s] writing dependency_links to pdf_generator.egg-info/dependency_links.txt
[2.719s] writing entry points to pdf_generator.egg-info/entry_points.txt
[2.720s] writing requirements to pdf_generator.egg-info/requires.txt
[2.720s] writing top-level names to pdf_generator.egg-info/top_level.txt
[2.720s] writing manifest file 'pdf_generator.egg-info/SOURCES.txt'
[2.722s] reading manifest file 'pdf_generator.egg-info/SOURCES.txt'
[2.723s] writing manifest file 'pdf_generator.egg-info/SOURCES.txt'
[2.725s] running build_ext
[2.726s] Creating /home/msc-robot/Documents/Team4_ros_ws/src/High_Vis/post_process/install/pdf_generator/lib/python3.10/site-packages/pdf-generator.egg-link (link to .)
[2.727s] Installing pg_node script to /home/msc-robot/Documents/Team4_ros_ws/src/High_Vis/post_process/install/pdf_generator/lib/pdf_generator
[2.727s] 
[2.728s] Installed /home/msc-robot/Documents/Team4_ros_ws/src/High_Vis/post_process/build/pdf_generator
[2.728s] running install_data
[2.728s] creating /home/msc-robot/Documents/Team4_ros_ws/src/High_Vis/post_process/install/pdf_generator/share/ament_index
[2.728s] creating /home/msc-robot/Documents/Team4_ros_ws/src/High_Vis/post_process/install/pdf_generator/share/ament_index/resource_index
[2.729s] creating /home/msc-robot/Documents/Team4_ros_ws/src/High_Vis/post_process/install/pdf_generator/share/ament_index/resource_index/packages
[2.730s] copying resource/pdf_generator -> /home/msc-robot/Documents/Team4_ros_ws/src/High_Vis/post_process/install/pdf_generator/share/ament_index/resource_index/packages
[2.730s] copying package.xml -> /home/msc-robot/Documents/Team4_ros_ws/src/High_Vis/post_process/install/pdf_generator/share/pdf_generator
[2.825s] Invoked command in '/home/msc-robot/Documents/Team4_ros_ws/src/High_Vis/post_process/build/pdf_generator' returned '0': PYTHONPATH=/home/msc-robot/Documents/Team4_ros_ws/src/High_Vis/post_process/build/pdf_generator/prefix_override:/home/msc-robot/Documents/Team4_ros_ws/src/High_Vis/post_process/install/pdf_generator/lib/python3.10/site-packages:${PYTHONPATH} /usr/bin/python3 setup.py develop --editable --build-directory /home/msc-robot/Documents/Team4_ros_ws/src/High_Vis/post_process/build/pdf_generator/build --no-deps install_data
