[0.914s] DEBUG:colcon:Command line arguments: ['/usr/bin/colcon', 'build', '--symlink-install']
[0.915s] DEBUG:colcon:Parsed command line arguments: Namespace(log_base=None, log_level=None, verb_name='build', build_base='build', install_base='install', merge_install=False, symlink_install=True, test_result_base=None, continue_on_error=False, executor='parallel', parallel_workers=8, event_handlers=None, ignore_user_meta=False, metas=['./colcon.meta'], base_paths=['.'], packages_ignore=None, packages_ignore_regex=None, paths=None, packages_up_to=None, packages_up_to_regex=None, packages_above=None, packages_above_and_dependencies=None, packages_above_depth=None, packages_select_by_dep=None, packages_skip_by_dep=None, packages_skip_up_to=None, packages_select_build_failed=False, packages_skip_build_finished=False, packages_select_test_failures=False, packages_skip_test_passed=False, packages_select=None, packages_skip=None, packages_select_regex=None, packages_skip_regex=None, packages_start=None, packages_end=None, allow_overriding=[], cmake_args=None, cmake_target=None, cmake_target_skip_unavailable=False, cmake_clean_cache=False, cmake_clean_first=False, cmake_force_configure=False, ament_cmake_args=None, catkin_cmake_args=None, catkin_skip_building_tests=False, verb_parser=<colcon_defaults.argument_parser.defaults.DefaultArgumentsDecorator object at 0x7f5b9ab96b00>, verb_extension=<colcon_core.verb.build.BuildVerb object at 0x7f5b9ae70eb0>, main=<bound method BuildVerb.main of <colcon_core.verb.build.BuildVerb object at 0x7f5b9ae70eb0>>)
[0.951s] Level 1:colcon.colcon_core.package_discovery:discover_packages(colcon_meta) check parameters
[0.951s] Level 1:colcon.colcon_core.package_discovery:discover_packages(recursive) check parameters
[0.951s] Level 1:colcon.colcon_core.package_discovery:discover_packages(ignore) check parameters
[0.951s] Level 1:colcon.colcon_core.package_discovery:discover_packages(path) check parameters
[0.952s] Level 1:colcon.colcon_core.package_discovery:discover_packages(colcon_meta) discover
[0.952s] Level 1:colcon.colcon_core.package_discovery:discover_packages(recursive) discover
[0.952s] INFO:colcon.colcon_core.package_discovery:Crawling recursively for packages in '/home/harry/ros2_ws/src/High_Vis/actions'
[0.952s] Level 1:colcon.colcon_core.package_identification:_identify(.) by extensions ['ignore', 'ignore_ament_install']
[0.952s] Level 1:colcon.colcon_core.package_identification:_identify(.) by extension 'ignore'
[0.952s] Level 1:colcon.colcon_core.package_identification:_identify(.) by extension 'ignore_ament_install'
[0.952s] Level 1:colcon.colcon_core.package_identification:_identify(.) by extensions ['colcon_pkg']
[0.952s] Level 1:colcon.colcon_core.package_identification:_identify(.) by extension 'colcon_pkg'
[0.952s] Level 1:colcon.colcon_core.package_identification:_identify(.) by extensions ['colcon_meta']
[0.952s] Level 1:colcon.colcon_core.package_identification:_identify(.) by extension 'colcon_meta'
[0.952s] Level 1:colcon.colcon_core.package_identification:_identify(.) by extensions ['ros']
[0.952s] Level 1:colcon.colcon_core.package_identification:_identify(.) by extension 'ros'
[0.963s] Level 1:colcon.colcon_core.package_identification:_identify(.) by extensions ['cmake', 'python']
[0.963s] Level 1:colcon.colcon_core.package_identification:_identify(.) by extension 'cmake'
[0.963s] Level 1:colcon.colcon_core.package_identification:_identify(.) by extension 'python'
[0.963s] Level 1:colcon.colcon_core.package_identification:_identify(.) by extensions ['python_setup_py']
[0.963s] Level 1:colcon.colcon_core.package_identification:_identify(.) by extension 'python_setup_py'
[0.963s] Level 1:colcon.colcon_core.package_identification:_identify(build) by extensions ['ignore', 'ignore_ament_install']
[0.963s] Level 1:colcon.colcon_core.package_identification:_identify(build) by extension 'ignore'
[0.963s] Level 1:colcon.colcon_core.package_identification:_identify(build) ignored
[0.964s] Level 1:colcon.colcon_core.package_identification:_identify(install) by extensions ['ignore', 'ignore_ament_install']
[0.964s] Level 1:colcon.colcon_core.package_identification:_identify(install) by extension 'ignore'
[0.964s] Level 1:colcon.colcon_core.package_identification:_identify(install) ignored
[0.964s] Level 1:colcon.colcon_core.package_identification:_identify(log) by extensions ['ignore', 'ignore_ament_install']
[0.964s] Level 1:colcon.colcon_core.package_identification:_identify(log) by extension 'ignore'
[0.964s] Level 1:colcon.colcon_core.package_identification:_identify(log) ignored
[0.964s] Level 1:colcon.colcon_core.package_identification:_identify(photos) by extensions ['ignore', 'ignore_ament_install']
[0.964s] Level 1:colcon.colcon_core.package_identification:_identify(photos) by extension 'ignore'
[0.964s] Level 1:colcon.colcon_core.package_identification:_identify(photos) by extension 'ignore_ament_install'
[0.964s] Level 1:colcon.colcon_core.package_identification:_identify(photos) by extensions ['colcon_pkg']
[0.964s] Level 1:colcon.colcon_core.package_identification:_identify(photos) by extension 'colcon_pkg'
[0.964s] Level 1:colcon.colcon_core.package_identification:_identify(photos) by extensions ['colcon_meta']
[0.964s] Level 1:colcon.colcon_core.package_identification:_identify(photos) by extension 'colcon_meta'
[0.964s] Level 1:colcon.colcon_core.package_identification:_identify(photos) by extensions ['ros']
[0.964s] Level 1:colcon.colcon_core.package_identification:_identify(photos) by extension 'ros'
[0.964s] Level 1:colcon.colcon_core.package_identification:_identify(photos) by extensions ['cmake', 'python']
[0.964s] Level 1:colcon.colcon_core.package_identification:_identify(photos) by extension 'cmake'
[0.964s] Level 1:colcon.colcon_core.package_identification:_identify(photos) by extension 'python'
[0.964s] Level 1:colcon.colcon_core.package_identification:_identify(photos) by extensions ['python_setup_py']
[0.965s] Level 1:colcon.colcon_core.package_identification:_identify(photos) by extension 'python_setup_py'
[0.965s] Level 1:colcon.colcon_core.package_identification:_identify(photos/mp_1) by extensions ['ignore', 'ignore_ament_install']
[0.965s] Level 1:colcon.colcon_core.package_identification:_identify(photos/mp_1) by extension 'ignore'
[0.965s] Level 1:colcon.colcon_core.package_identification:_identify(photos/mp_1) by extension 'ignore_ament_install'
[0.965s] Level 1:colcon.colcon_core.package_identification:_identify(photos/mp_1) by extensions ['colcon_pkg']
[0.965s] Level 1:colcon.colcon_core.package_identification:_identify(photos/mp_1) by extension 'colcon_pkg'
[0.965s] Level 1:colcon.colcon_core.package_identification:_identify(photos/mp_1) by extensions ['colcon_meta']
[0.965s] Level 1:colcon.colcon_core.package_identification:_identify(photos/mp_1) by extension 'colcon_meta'
[0.965s] Level 1:colcon.colcon_core.package_identification:_identify(photos/mp_1) by extensions ['ros']
[0.965s] Level 1:colcon.colcon_core.package_identification:_identify(photos/mp_1) by extension 'ros'
[0.965s] Level 1:colcon.colcon_core.package_identification:_identify(photos/mp_1) by extensions ['cmake', 'python']
[0.965s] Level 1:colcon.colcon_core.package_identification:_identify(photos/mp_1) by extension 'cmake'
[0.965s] Level 1:colcon.colcon_core.package_identification:_identify(photos/mp_1) by extension 'python'
[0.965s] Level 1:colcon.colcon_core.package_identification:_identify(photos/mp_1) by extensions ['python_setup_py']
[0.965s] Level 1:colcon.colcon_core.package_identification:_identify(photos/mp_1) by extension 'python_setup_py'
[0.965s] Level 1:colcon.colcon_core.package_identification:_identify(photos/mp_2) by extensions ['ignore', 'ignore_ament_install']
[0.965s] Level 1:colcon.colcon_core.package_identification:_identify(photos/mp_2) by extension 'ignore'
[0.965s] Level 1:colcon.colcon_core.package_identification:_identify(photos/mp_2) by extension 'ignore_ament_install'
[0.965s] Level 1:colcon.colcon_core.package_identification:_identify(photos/mp_2) by extensions ['colcon_pkg']
[0.965s] Level 1:colcon.colcon_core.package_identification:_identify(photos/mp_2) by extension 'colcon_pkg'
[0.965s] Level 1:colcon.colcon_core.package_identification:_identify(photos/mp_2) by extensions ['colcon_meta']
[0.965s] Level 1:colcon.colcon_core.package_identification:_identify(photos/mp_2) by extension 'colcon_meta'
[0.965s] Level 1:colcon.colcon_core.package_identification:_identify(photos/mp_2) by extensions ['ros']
[0.965s] Level 1:colcon.colcon_core.package_identification:_identify(photos/mp_2) by extension 'ros'
[0.966s] Level 1:colcon.colcon_core.package_identification:_identify(photos/mp_2) by extensions ['cmake', 'python']
[0.966s] Level 1:colcon.colcon_core.package_identification:_identify(photos/mp_2) by extension 'cmake'
[0.966s] Level 1:colcon.colcon_core.package_identification:_identify(photos/mp_2) by extension 'python'
[0.966s] Level 1:colcon.colcon_core.package_identification:_identify(photos/mp_2) by extensions ['python_setup_py']
[0.966s] Level 1:colcon.colcon_core.package_identification:_identify(photos/mp_2) by extension 'python_setup_py'
[0.966s] Level 1:colcon.colcon_core.package_identification:_identify(photos/mp_3) by extensions ['ignore', 'ignore_ament_install']
[0.966s] Level 1:colcon.colcon_core.package_identification:_identify(photos/mp_3) by extension 'ignore'
[0.966s] Level 1:colcon.colcon_core.package_identification:_identify(photos/mp_3) by extension 'ignore_ament_install'
[0.966s] Level 1:colcon.colcon_core.package_identification:_identify(photos/mp_3) by extensions ['colcon_pkg']
[0.966s] Level 1:colcon.colcon_core.package_identification:_identify(photos/mp_3) by extension 'colcon_pkg'
[0.966s] Level 1:colcon.colcon_core.package_identification:_identify(photos/mp_3) by extensions ['colcon_meta']
[0.966s] Level 1:colcon.colcon_core.package_identification:_identify(photos/mp_3) by extension 'colcon_meta'
[0.966s] Level 1:colcon.colcon_core.package_identification:_identify(photos/mp_3) by extensions ['ros']
[0.966s] Level 1:colcon.colcon_core.package_identification:_identify(photos/mp_3) by extension 'ros'
[0.966s] Level 1:colcon.colcon_core.package_identification:_identify(photos/mp_3) by extensions ['cmake', 'python']
[0.966s] Level 1:colcon.colcon_core.package_identification:_identify(photos/mp_3) by extension 'cmake'
[0.966s] Level 1:colcon.colcon_core.package_identification:_identify(photos/mp_3) by extension 'python'
[0.966s] Level 1:colcon.colcon_core.package_identification:_identify(photos/mp_3) by extensions ['python_setup_py']
[0.966s] Level 1:colcon.colcon_core.package_identification:_identify(photos/mp_3) by extension 'python_setup_py'
[0.966s] Level 1:colcon.colcon_core.package_identification:_identify(src) by extensions ['ignore', 'ignore_ament_install']
[0.966s] Level 1:colcon.colcon_core.package_identification:_identify(src) by extension 'ignore'
[0.967s] Level 1:colcon.colcon_core.package_identification:_identify(src) by extension 'ignore_ament_install'
[0.967s] Level 1:colcon.colcon_core.package_identification:_identify(src) by extensions ['colcon_pkg']
[0.967s] Level 1:colcon.colcon_core.package_identification:_identify(src) by extension 'colcon_pkg'
[0.967s] Level 1:colcon.colcon_core.package_identification:_identify(src) by extensions ['colcon_meta']
[0.967s] Level 1:colcon.colcon_core.package_identification:_identify(src) by extension 'colcon_meta'
[0.967s] Level 1:colcon.colcon_core.package_identification:_identify(src) by extensions ['ros']
[0.967s] Level 1:colcon.colcon_core.package_identification:_identify(src) by extension 'ros'
[0.967s] Level 1:colcon.colcon_core.package_identification:_identify(src) by extensions ['cmake', 'python']
[0.967s] Level 1:colcon.colcon_core.package_identification:_identify(src) by extension 'cmake'
[0.967s] Level 1:colcon.colcon_core.package_identification:_identify(src) by extension 'python'
[0.967s] Level 1:colcon.colcon_core.package_identification:_identify(src) by extensions ['python_setup_py']
[0.967s] Level 1:colcon.colcon_core.package_identification:_identify(src) by extension 'python_setup_py'
[0.967s] Level 1:colcon.colcon_core.package_identification:_identify(src/actions_py) by extensions ['ignore', 'ignore_ament_install']
[0.967s] Level 1:colcon.colcon_core.package_identification:_identify(src/actions_py) by extension 'ignore'
[0.967s] Level 1:colcon.colcon_core.package_identification:_identify(src/actions_py) by extension 'ignore_ament_install'
[0.967s] Level 1:colcon.colcon_core.package_identification:_identify(src/actions_py) by extensions ['colcon_pkg']
[0.967s] Level 1:colcon.colcon_core.package_identification:_identify(src/actions_py) by extension 'colcon_pkg'
[0.967s] Level 1:colcon.colcon_core.package_identification:_identify(src/actions_py) by extensions ['colcon_meta']
[0.967s] Level 1:colcon.colcon_core.package_identification:_identify(src/actions_py) by extension 'colcon_meta'
[0.967s] Level 1:colcon.colcon_core.package_identification:_identify(src/actions_py) by extensions ['ros']
[0.967s] Level 1:colcon.colcon_core.package_identification:_identify(src/actions_py) by extension 'ros'
[0.969s] DEBUG:colcon.colcon_core.package_identification:Package 'src/actions_py' with type 'ros.ament_python' and name 'actions_py'
[0.970s] Level 1:colcon.colcon_core.package_identification:_identify(src/hotspot_action) by extensions ['ignore', 'ignore_ament_install']
[0.970s] Level 1:colcon.colcon_core.package_identification:_identify(src/hotspot_action) by extension 'ignore'
[0.970s] Level 1:colcon.colcon_core.package_identification:_identify(src/hotspot_action) by extension 'ignore_ament_install'
[0.970s] Level 1:colcon.colcon_core.package_identification:_identify(src/hotspot_action) by extensions ['colcon_pkg']
[0.970s] Level 1:colcon.colcon_core.package_identification:_identify(src/hotspot_action) by extension 'colcon_pkg'
[0.970s] Level 1:colcon.colcon_core.package_identification:_identify(src/hotspot_action) by extensions ['colcon_meta']
[0.970s] Level 1:colcon.colcon_core.package_identification:_identify(src/hotspot_action) by extension 'colcon_meta'
[0.970s] Level 1:colcon.colcon_core.package_identification:_identify(src/hotspot_action) by extensions ['ros']
[0.970s] Level 1:colcon.colcon_core.package_identification:_identify(src/hotspot_action) by extension 'ros'
[0.970s] DEBUG:colcon.colcon_core.package_identification:Package 'src/hotspot_action' with type 'ros.ament_cmake' and name 'hotspot_action'
[0.971s] Level 1:colcon.colcon_core.package_discovery:discover_packages(recursive) using defaults
[0.971s] Level 1:colcon.colcon_core.package_discovery:discover_packages(ignore) discover
[0.971s] Level 1:colcon.colcon_core.package_discovery:discover_packages(ignore) using defaults
[0.971s] Level 1:colcon.colcon_core.package_discovery:discover_packages(path) discover
[0.971s] Level 1:colcon.colcon_core.package_discovery:discover_packages(path) using defaults
[1.047s] Level 1:colcon.colcon_core.package_discovery:discover_packages(prefix_path) check parameters
[1.047s] Level 1:colcon.colcon_core.package_discovery:discover_packages(prefix_path) discover
[1.072s] DEBUG:colcon.colcon_installed_package_information.package_discovery:Found 2 installed packages in /home/harry/ros2_ws/src/High_Vis/actions/install
[1.084s] DEBUG:colcon.colcon_installed_package_information.package_discovery:Found 376 installed packages in /opt/ros/humble
[1.086s] Level 1:colcon.colcon_core.package_discovery:discover_packages(prefix_path) using defaults
[1.191s] Level 5:colcon.colcon_core.verb:set package 'hotspot_action' build argument 'cmake_args' from command line to 'None'
[1.192s] Level 5:colcon.colcon_core.verb:set package 'hotspot_action' build argument 'cmake_target' from command line to 'None'
[1.192s] Level 5:colcon.colcon_core.verb:set package 'hotspot_action' build argument 'cmake_target_skip_unavailable' from command line to 'False'
[1.192s] Level 5:colcon.colcon_core.verb:set package 'hotspot_action' build argument 'cmake_clean_cache' from command line to 'False'
[1.192s] Level 5:colcon.colcon_core.verb:set package 'hotspot_action' build argument 'cmake_clean_first' from command line to 'False'
[1.192s] Level 5:colcon.colcon_core.verb:set package 'hotspot_action' build argument 'cmake_force_configure' from command line to 'False'
[1.192s] Level 5:colcon.colcon_core.verb:set package 'hotspot_action' build argument 'ament_cmake_args' from command line to 'None'
[1.192s] Level 5:colcon.colcon_core.verb:set package 'hotspot_action' build argument 'catkin_cmake_args' from command line to 'None'
[1.192s] Level 5:colcon.colcon_core.verb:set package 'hotspot_action' build argument 'catkin_skip_building_tests' from command line to 'False'
[1.192s] DEBUG:colcon.colcon_core.verb:Building package 'hotspot_action' with the following arguments: {'ament_cmake_args': None, 'build_base': '/home/harry/ros2_ws/src/High_Vis/actions/build/hotspot_action', 'catkin_cmake_args': None, 'catkin_skip_building_tests': False, 'cmake_args': None, 'cmake_clean_cache': False, 'cmake_clean_first': False, 'cmake_force_configure': False, 'cmake_target': None, 'cmake_target_skip_unavailable': False, 'install_base': '/home/harry/ros2_ws/src/High_Vis/actions/install/hotspot_action', 'merge_install': False, 'path': '/home/harry/ros2_ws/src/High_Vis/actions/src/hotspot_action', 'symlink_install': True, 'test_result_base': None}
[1.203s] Level 5:colcon.colcon_core.verb:set package 'actions_py' build argument 'cmake_args' from command line to 'None'
[1.204s] Level 5:colcon.colcon_core.verb:set package 'actions_py' build argument 'cmake_target' from command line to 'None'
[1.204s] Level 5:colcon.colcon_core.verb:set package 'actions_py' build argument 'cmake_target_skip_unavailable' from command line to 'False'
[1.204s] Level 5:colcon.colcon_core.verb:set package 'actions_py' build argument 'cmake_clean_cache' from command line to 'False'
[1.204s] Level 5:colcon.colcon_core.verb:set package 'actions_py' build argument 'cmake_clean_first' from command line to 'False'
[1.204s] Level 5:colcon.colcon_core.verb:set package 'actions_py' build argument 'cmake_force_configure' from command line to 'False'
[1.204s] Level 5:colcon.colcon_core.verb:set package 'actions_py' build argument 'ament_cmake_args' from command line to 'None'
[1.204s] Level 5:colcon.colcon_core.verb:set package 'actions_py' build argument 'catkin_cmake_args' from command line to 'None'
[1.204s] Level 5:colcon.colcon_core.verb:set package 'actions_py' build argument 'catkin_skip_building_tests' from command line to 'False'
[1.204s] DEBUG:colcon.colcon_core.verb:Building package 'actions_py' with the following arguments: {'ament_cmake_args': None, 'build_base': '/home/harry/ros2_ws/src/High_Vis/actions/build/actions_py', 'catkin_cmake_args': None, 'catkin_skip_building_tests': False, 'cmake_args': None, 'cmake_clean_cache': False, 'cmake_clean_first': False, 'cmake_force_configure': False, 'cmake_target': None, 'cmake_target_skip_unavailable': False, 'install_base': '/home/harry/ros2_ws/src/High_Vis/actions/install/actions_py', 'merge_install': False, 'path': '/home/harry/ros2_ws/src/High_Vis/actions/src/actions_py', 'symlink_install': True, 'test_result_base': None}
[1.217s] INFO:colcon.colcon_core.executor:Executing jobs using 'parallel' executor
[1.230s] DEBUG:colcon.colcon_parallel_executor.executor.parallel:run_until_complete
[1.232s] INFO:colcon.colcon_ros.task.ament_cmake.build:Building ROS package in '/home/harry/ros2_ws/src/High_Vis/actions/src/hotspot_action' with build type 'ament_cmake'
[1.232s] INFO:colcon.colcon_cmake.task.cmake.build:Building CMake package in '/home/harry/ros2_ws/src/High_Vis/actions/src/hotspot_action'
[1.250s] INFO:colcon.colcon_core.plugin_system:Skipping extension 'colcon_core.shell.bat': Not used on non-Windows systems
[1.250s] INFO:colcon.colcon_core.shell:Skip shell extension 'powershell' for command environment: Not usable outside of PowerShell
[1.251s] DEBUG:colcon.colcon_core.shell:Skip shell extension 'dsv' for command environment
[1.306s] DEBUG:colcon.colcon_core.event_handler.log_command:Invoking command in '/home/harry/ros2_ws/src/High_Vis/actions/build/hotspot_action': CMAKE_PREFIX_PATH=${CMAKE_PREFIX_PATH}:/home/harry/ros2_ws/src/High_Vis/actions/install/actions_py:/opt/ros/humble /usr/bin/cmake --build /home/harry/ros2_ws/src/High_Vis/actions/build/hotspot_action -- -j8 -l8
[1.657s] DEBUG:colcon.colcon_core.event_handler.log_command:Invoked command in '/home/harry/ros2_ws/src/High_Vis/actions/build/hotspot_action' returned '0': CMAKE_PREFIX_PATH=${CMAKE_PREFIX_PATH}:/home/harry/ros2_ws/src/High_Vis/actions/install/actions_py:/opt/ros/humble /usr/bin/cmake --build /home/harry/ros2_ws/src/High_Vis/actions/build/hotspot_action -- -j8 -l8
[1.736s] DEBUG:colcon.colcon_core.event_handler.log_command:Invoking command in '/home/harry/ros2_ws/src/High_Vis/actions/build/hotspot_action': CMAKE_PREFIX_PATH=${CMAKE_PREFIX_PATH}:/home/harry/ros2_ws/src/High_Vis/actions/install/actions_py:/opt/ros/humble /usr/bin/cmake --install /home/harry/ros2_ws/src/High_Vis/actions/build/hotspot_action
[1.798s] Level 1:colcon.colcon_core.environment:create_environment_scripts_only(hotspot_action)
[1.799s] DEBUG:colcon.colcon_core.event_handler.log_command:Invoked command in '/home/harry/ros2_ws/src/High_Vis/actions/build/hotspot_action' returned '0': CMAKE_PREFIX_PATH=${CMAKE_PREFIX_PATH}:/home/harry/ros2_ws/src/High_Vis/actions/install/actions_py:/opt/ros/humble /usr/bin/cmake --install /home/harry/ros2_ws/src/High_Vis/actions/build/hotspot_action
[1.813s] Level 1:colcon.colcon_core.environment:checking '/home/harry/ros2_ws/src/High_Vis/actions/install/hotspot_action' for CMake module files
[1.814s] Level 1:colcon.colcon_core.environment:checking '/home/harry/ros2_ws/src/High_Vis/actions/install/hotspot_action' for CMake config files
[1.814s] Level 1:colcon.colcon_core.shell:create_environment_hook('hotspot_action', 'cmake_prefix_path')
[1.827s] INFO:colcon.colcon_core.shell:Creating environment hook '/home/harry/ros2_ws/src/High_Vis/actions/install/hotspot_action/share/hotspot_action/hook/cmake_prefix_path.ps1'
[1.828s] INFO:colcon.colcon_core.shell:Creating environment descriptor '/home/harry/ros2_ws/src/High_Vis/actions/install/hotspot_action/share/hotspot_action/hook/cmake_prefix_path.dsv'
[1.828s] INFO:colcon.colcon_core.shell:Creating environment hook '/home/harry/ros2_ws/src/High_Vis/actions/install/hotspot_action/share/hotspot_action/hook/cmake_prefix_path.sh'
[1.829s] Level 1:colcon.colcon_core.environment:checking '/home/harry/ros2_ws/src/High_Vis/actions/install/hotspot_action/lib'
[1.829s] Level 1:colcon.colcon_core.shell:create_environment_hook('hotspot_action', 'ld_library_path_lib')
[1.843s] INFO:colcon.colcon_core.shell:Creating environment hook '/home/harry/ros2_ws/src/High_Vis/actions/install/hotspot_action/share/hotspot_action/hook/ld_library_path_lib.ps1'
[1.843s] INFO:colcon.colcon_core.shell:Creating environment descriptor '/home/harry/ros2_ws/src/High_Vis/actions/install/hotspot_action/share/hotspot_action/hook/ld_library_path_lib.dsv'
[1.844s] INFO:colcon.colcon_core.shell:Creating environment hook '/home/harry/ros2_ws/src/High_Vis/actions/install/hotspot_action/share/hotspot_action/hook/ld_library_path_lib.sh'
[1.844s] Level 1:colcon.colcon_core.environment:checking '/home/harry/ros2_ws/src/High_Vis/actions/install/hotspot_action/bin'
[1.844s] Level 1:colcon.colcon_core.environment:checking '/home/harry/ros2_ws/src/High_Vis/actions/install/hotspot_action/lib/pkgconfig/hotspot_action.pc'
[1.845s] Level 1:colcon.colcon_core.environment:checking '/home/harry/ros2_ws/src/High_Vis/actions/install/hotspot_action/lib/python3.10/site-packages'
[1.845s] Level 1:colcon.colcon_core.environment:checking '/home/harry/ros2_ws/src/High_Vis/actions/install/hotspot_action/bin'
[1.858s] INFO:colcon.colcon_core.shell:Creating package script '/home/harry/ros2_ws/src/High_Vis/actions/install/hotspot_action/share/hotspot_action/package.ps1'
[1.859s] INFO:colcon.colcon_core.shell:Creating package descriptor '/home/harry/ros2_ws/src/High_Vis/actions/install/hotspot_action/share/hotspot_action/package.dsv'
[1.860s] INFO:colcon.colcon_core.shell:Creating package script '/home/harry/ros2_ws/src/High_Vis/actions/install/hotspot_action/share/hotspot_action/package.sh'
[1.861s] INFO:colcon.colcon_core.shell:Creating package script '/home/harry/ros2_ws/src/High_Vis/actions/install/hotspot_action/share/hotspot_action/package.bash'
[1.862s] INFO:colcon.colcon_core.shell:Creating package script '/home/harry/ros2_ws/src/High_Vis/actions/install/hotspot_action/share/hotspot_action/package.zsh'
[1.862s] Level 1:colcon.colcon_core.environment:create_file_with_runtime_dependencies(/home/harry/ros2_ws/src/High_Vis/actions/install/hotspot_action/share/colcon-core/packages/hotspot_action)
[1.941s] Level 1:colcon.colcon_core.environment:create_environment_scripts_only(hotspot_action)
[1.954s] Level 1:colcon.colcon_core.environment:checking '/home/harry/ros2_ws/src/High_Vis/actions/install/hotspot_action' for CMake module files
[1.955s] Level 1:colcon.colcon_core.environment:checking '/home/harry/ros2_ws/src/High_Vis/actions/install/hotspot_action' for CMake config files
[1.955s] Level 1:colcon.colcon_core.shell:create_environment_hook('hotspot_action', 'cmake_prefix_path')
[1.968s] INFO:colcon.colcon_core.shell:Creating environment hook '/home/harry/ros2_ws/src/High_Vis/actions/install/hotspot_action/share/hotspot_action/hook/cmake_prefix_path.ps1'
[1.968s] INFO:colcon.colcon_core.shell:Creating environment descriptor '/home/harry/ros2_ws/src/High_Vis/actions/install/hotspot_action/share/hotspot_action/hook/cmake_prefix_path.dsv'
[1.968s] INFO:colcon.colcon_core.shell:Creating environment hook '/home/harry/ros2_ws/src/High_Vis/actions/install/hotspot_action/share/hotspot_action/hook/cmake_prefix_path.sh'
[1.969s] Level 1:colcon.colcon_core.environment:checking '/home/harry/ros2_ws/src/High_Vis/actions/install/hotspot_action/lib'
[1.969s] Level 1:colcon.colcon_core.shell:create_environment_hook('hotspot_action', 'ld_library_path_lib')
[1.982s] INFO:colcon.colcon_core.shell:Creating environment hook '/home/harry/ros2_ws/src/High_Vis/actions/install/hotspot_action/share/hotspot_action/hook/ld_library_path_lib.ps1'
[1.982s] INFO:colcon.colcon_core.shell:Creating environment descriptor '/home/harry/ros2_ws/src/High_Vis/actions/install/hotspot_action/share/hotspot_action/hook/ld_library_path_lib.dsv'
[1.983s] INFO:colcon.colcon_core.shell:Creating environment hook '/home/harry/ros2_ws/src/High_Vis/actions/install/hotspot_action/share/hotspot_action/hook/ld_library_path_lib.sh'
[1.983s] Level 1:colcon.colcon_core.environment:checking '/home/harry/ros2_ws/src/High_Vis/actions/install/hotspot_action/bin'
[1.983s] Level 1:colcon.colcon_core.environment:checking '/home/harry/ros2_ws/src/High_Vis/actions/install/hotspot_action/lib/pkgconfig/hotspot_action.pc'
[1.983s] Level 1:colcon.colcon_core.environment:checking '/home/harry/ros2_ws/src/High_Vis/actions/install/hotspot_action/lib/python3.10/site-packages'
[1.984s] Level 1:colcon.colcon_core.environment:checking '/home/harry/ros2_ws/src/High_Vis/actions/install/hotspot_action/bin'
[1.997s] INFO:colcon.colcon_core.shell:Creating package script '/home/harry/ros2_ws/src/High_Vis/actions/install/hotspot_action/share/hotspot_action/package.ps1'
[1.998s] INFO:colcon.colcon_core.shell:Creating package descriptor '/home/harry/ros2_ws/src/High_Vis/actions/install/hotspot_action/share/hotspot_action/package.dsv'
[1.998s] INFO:colcon.colcon_core.shell:Creating package script '/home/harry/ros2_ws/src/High_Vis/actions/install/hotspot_action/share/hotspot_action/package.sh'
[1.999s] INFO:colcon.colcon_core.shell:Creating package script '/home/harry/ros2_ws/src/High_Vis/actions/install/hotspot_action/share/hotspot_action/package.bash'
[2.000s] INFO:colcon.colcon_core.shell:Creating package script '/home/harry/ros2_ws/src/High_Vis/actions/install/hotspot_action/share/hotspot_action/package.zsh'
[2.000s] Level 1:colcon.colcon_core.environment:create_file_with_runtime_dependencies(/home/harry/ros2_ws/src/High_Vis/actions/install/hotspot_action/share/colcon-core/packages/hotspot_action)
[2.001s] INFO:colcon.colcon_ros.task.ament_python.build:Building ROS package in '/home/harry/ros2_ws/src/High_Vis/actions/src/actions_py' with build type 'ament_python'
[2.001s] Level 1:colcon.colcon_core.shell:create_environment_hook('actions_py', 'ament_prefix_path')
[2.018s] INFO:colcon.colcon_core.shell:Creating environment hook '/home/harry/ros2_ws/src/High_Vis/actions/install/actions_py/share/actions_py/hook/ament_prefix_path.ps1'
[2.019s] INFO:colcon.colcon_core.shell:Creating environment descriptor '/home/harry/ros2_ws/src/High_Vis/actions/install/actions_py/share/actions_py/hook/ament_prefix_path.dsv'
[2.019s] INFO:colcon.colcon_core.shell:Creating environment hook '/home/harry/ros2_ws/src/High_Vis/actions/install/actions_py/share/actions_py/hook/ament_prefix_path.sh'
[2.034s] INFO:colcon.colcon_core.shell:Skip shell extension 'powershell' for command environment: Not usable outside of PowerShell
[2.034s] DEBUG:colcon.colcon_core.shell:Skip shell extension 'dsv' for command environment
[2.389s] INFO:colcon.colcon_core.task.python.build:Building Python package in '/home/harry/ros2_ws/src/High_Vis/actions/src/actions_py'
[2.400s] INFO:colcon.colcon_core.shell:Skip shell extension 'powershell' for command environment: Not usable outside of PowerShell
[2.401s] DEBUG:colcon.colcon_core.shell:Skip shell extension 'dsv' for command environment
[2.849s] DEBUG:colcon.colcon_core.event_handler.log_command:Invoking command in '/home/harry/ros2_ws/src/High_Vis/actions/build/actions_py': PYTHONPATH=/home/harry/ros2_ws/src/High_Vis/actions/build/actions_py/prefix_override:/home/harry/ros2_ws/src/High_Vis/actions/install/actions_py/lib/python3.10/site-packages:${PYTHONPATH} /usr/bin/python3 setup.py develop --editable --build-directory /home/harry/ros2_ws/src/High_Vis/actions/build/actions_py/build --no-deps install_data
[3.258s] Level 1:colcon.colcon_core.shell:create_environment_hook('actions_py', 'pythonpath_develop')
[3.260s] DEBUG:colcon.colcon_core.event_handler.log_command:Invoked command in '/home/harry/ros2_ws/src/High_Vis/actions/build/actions_py' returned '0': PYTHONPATH=/home/harry/ros2_ws/src/High_Vis/actions/build/actions_py/prefix_override:/home/harry/ros2_ws/src/High_Vis/actions/install/actions_py/lib/python3.10/site-packages:${PYTHONPATH} /usr/bin/python3 setup.py develop --editable --build-directory /home/harry/ros2_ws/src/High_Vis/actions/build/actions_py/build --no-deps install_data
[3.271s] INFO:colcon.colcon_core.shell:Creating environment hook '/home/harry/ros2_ws/src/High_Vis/actions/build/actions_py/share/actions_py/hook/pythonpath_develop.ps1'
[3.272s] INFO:colcon.colcon_core.shell:Creating environment descriptor '/home/harry/ros2_ws/src/High_Vis/actions/build/actions_py/share/actions_py/hook/pythonpath_develop.dsv'
[3.272s] INFO:colcon.colcon_core.shell:Creating environment hook '/home/harry/ros2_ws/src/High_Vis/actions/build/actions_py/share/actions_py/hook/pythonpath_develop.sh'
[3.284s] Level 1:colcon.colcon_core.environment:checking '/home/harry/ros2_ws/src/High_Vis/actions/install/actions_py' for CMake module files
[3.285s] Level 1:colcon.colcon_core.environment:checking '/home/harry/ros2_ws/src/High_Vis/actions/install/actions_py' for CMake config files
[3.285s] Level 1:colcon.colcon_core.environment:checking '/home/harry/ros2_ws/src/High_Vis/actions/install/actions_py/lib'
[3.285s] Level 1:colcon.colcon_core.environment:checking '/home/harry/ros2_ws/src/High_Vis/actions/install/actions_py/bin'
[3.285s] Level 1:colcon.colcon_core.environment:checking '/home/harry/ros2_ws/src/High_Vis/actions/install/actions_py/lib/pkgconfig/actions_py.pc'
[3.286s] Level 1:colcon.colcon_core.environment:checking '/home/harry/ros2_ws/src/High_Vis/actions/install/actions_py/lib/python3.10/site-packages'
[3.286s] Level 1:colcon.colcon_core.shell:create_environment_hook('actions_py', 'pythonpath')
[3.297s] INFO:colcon.colcon_core.shell:Creating environment hook '/home/harry/ros2_ws/src/High_Vis/actions/install/actions_py/share/actions_py/hook/pythonpath.ps1'
[3.298s] INFO:colcon.colcon_core.shell:Creating environment descriptor '/home/harry/ros2_ws/src/High_Vis/actions/install/actions_py/share/actions_py/hook/pythonpath.dsv'
[3.298s] INFO:colcon.colcon_core.shell:Creating environment hook '/home/harry/ros2_ws/src/High_Vis/actions/install/actions_py/share/actions_py/hook/pythonpath.sh'
[3.299s] Level 1:colcon.colcon_core.environment:checking '/home/harry/ros2_ws/src/High_Vis/actions/install/actions_py/bin'
[3.299s] Level 1:colcon.colcon_core.environment:create_environment_scripts_only(actions_py)
[3.311s] INFO:colcon.colcon_core.shell:Creating package script '/home/harry/ros2_ws/src/High_Vis/actions/install/actions_py/share/actions_py/package.ps1'
[3.312s] INFO:colcon.colcon_core.shell:Creating package descriptor '/home/harry/ros2_ws/src/High_Vis/actions/install/actions_py/share/actions_py/package.dsv'
[3.312s] INFO:colcon.colcon_core.shell:Creating package script '/home/harry/ros2_ws/src/High_Vis/actions/install/actions_py/share/actions_py/package.sh'
[3.313s] INFO:colcon.colcon_core.shell:Creating package script '/home/harry/ros2_ws/src/High_Vis/actions/install/actions_py/share/actions_py/package.bash'
[3.313s] INFO:colcon.colcon_core.shell:Creating package script '/home/harry/ros2_ws/src/High_Vis/actions/install/actions_py/share/actions_py/package.zsh'
[3.313s] Level 1:colcon.colcon_core.environment:create_file_with_runtime_dependencies(/home/harry/ros2_ws/src/High_Vis/actions/install/actions_py/share/colcon-core/packages/actions_py)
[3.314s] DEBUG:colcon.colcon_parallel_executor.executor.parallel:closing loop
[3.314s] DEBUG:colcon.colcon_parallel_executor.executor.parallel:loop closed
[3.315s] DEBUG:colcon.colcon_parallel_executor.executor.parallel:run_until_complete finished with '0'
[3.316s] DEBUG:colcon.colcon_core.event_reactor:joining thread
[3.373s] INFO:colcon.colcon_core.plugin_system:Skipping extension 'colcon_notification.desktop_notification.notify_send': Could not find 'notify-send'
[3.373s] INFO:colcon.colcon_core.plugin_system:Skipping extension 'colcon_notification.desktop_notification.terminal_notifier': Not used on non-Darwin systems
[3.374s] INFO:colcon.colcon_core.plugin_system:Skipping extension 'colcon_notification.desktop_notification.win32': Not used on non-Windows systems
[3.374s] INFO:colcon.colcon_notification.desktop_notification:Sending desktop notification using 'notify2'
[3.374s] DEBUG:colcon.colcon_notification.desktop_notification.notify2:Failed to initialize notify2: org.freedesktop.DBus.Error.FileNotFound: Failed to connect to socket /run/user/1000/bus: No such file or directory
[3.374s] DEBUG:colcon.colcon_core.event_reactor:joined thread
[3.387s] INFO:colcon.colcon_core.shell:Creating prefix script '/home/harry/ros2_ws/src/High_Vis/actions/install/local_setup.ps1'
[3.388s] INFO:colcon.colcon_core.shell:Creating prefix util module '/home/harry/ros2_ws/src/High_Vis/actions/install/_local_setup_util_ps1.py'
[3.389s] INFO:colcon.colcon_core.shell:Creating prefix chain script '/home/harry/ros2_ws/src/High_Vis/actions/install/setup.ps1'
[3.402s] INFO:colcon.colcon_core.shell:Creating prefix script '/home/harry/ros2_ws/src/High_Vis/actions/install/local_setup.sh'
[3.403s] INFO:colcon.colcon_core.shell:Creating prefix util module '/home/harry/ros2_ws/src/High_Vis/actions/install/_local_setup_util_sh.py'
[3.403s] INFO:colcon.colcon_core.shell:Creating prefix chain script '/home/harry/ros2_ws/src/High_Vis/actions/install/setup.sh'
[3.417s] INFO:colcon.colcon_core.shell:Creating prefix script '/home/harry/ros2_ws/src/High_Vis/actions/install/local_setup.bash'
[3.417s] INFO:colcon.colcon_core.shell:Creating prefix chain script '/home/harry/ros2_ws/src/High_Vis/actions/install/setup.bash'
[3.437s] INFO:colcon.colcon_core.shell:Creating prefix script '/home/harry/ros2_ws/src/High_Vis/actions/install/local_setup.zsh'
[3.438s] INFO:colcon.colcon_core.shell:Creating prefix chain script '/home/harry/ros2_ws/src/High_Vis/actions/install/setup.zsh'
