[1.220s] Invoking command in '/home/harry/ros2_ws/src/High_Vis/actions/build/actions_py': AMENT_PREFIX_PATH=/home/harry/ros2_ws/src/High_Vis/actions/install/hotspot_action:${AMENT_PREFIX_PATH} CMAKE_PREFIX_PATH=/home/harry/ros2_ws/src/High_Vis/actions/install/hotspot_action LD_LIBRARY_PATH=/home/harry/ros2_ws/src/High_Vis/actions/install/hotspot_action/lib:${LD_LIBRARY_PATH} PYTHONPATH=/home/harry/ros2_ws/src/High_Vis/actions/build/actions_py/prefix_override:/home/harry/ros2_ws/src/High_Vis/actions/install/actions_py/lib/python3.10/site-packages:/home/harry/ros2_ws/src/High_Vis/actions/install/hotspot_action/local/lib/python3.10/dist-packages:${PYTHONPATH} /usr/bin/python3 setup.py develop --editable --build-directory /home/harry/ros2_ws/src/High_Vis/actions/build/actions_py/build --no-deps install_data
[1.577s] running develop
[1.768s] running egg_info
[1.768s] writing actions_py.egg-info/PKG-INFO
[1.768s] writing dependency_links to actions_py.egg-info/dependency_links.txt
[1.769s] writing entry points to actions_py.egg-info/entry_points.txt
[1.769s] writing requirements to actions_py.egg-info/requires.txt
[1.770s] writing top-level names to actions_py.egg-info/top_level.txt
[1.773s] reading manifest file 'actions_py.egg-info/SOURCES.txt'
[1.774s] writing manifest file 'actions_py.egg-info/SOURCES.txt'
[1.777s] running build_ext
[1.777s] Creating /home/harry/ros2_ws/src/High_Vis/actions/install/actions_py/lib/python3.10/site-packages/actions-py.egg-link (link to .)
[1.778s] Installing hotspot_server script to /home/harry/ros2_ws/src/High_Vis/actions/install/actions_py/lib/actions_py
[1.779s] Installing hs_detection_client script to /home/harry/ros2_ws/src/High_Vis/actions/install/actions_py/lib/actions_py
[1.780s] Installing nav_server script to /home/harry/ros2_ws/src/High_Vis/actions/install/actions_py/lib/actions_py
[1.780s] Installing overall_client script to /home/harry/ros2_ws/src/High_Vis/actions/install/actions_py/lib/actions_py
[1.780s] 
[1.781s] Installed /home/harry/ros2_ws/src/High_Vis/actions/build/actions_py
[1.781s] running install_data
[1.831s] Invoked command in '/home/harry/ros2_ws/src/High_Vis/actions/build/actions_py' returned '0': AMENT_PREFIX_PATH=/home/harry/ros2_ws/src/High_Vis/actions/install/hotspot_action:${AMENT_PREFIX_PATH} CMAKE_PREFIX_PATH=/home/harry/ros2_ws/src/High_Vis/actions/install/hotspot_action LD_LIBRARY_PATH=/home/harry/ros2_ws/src/High_Vis/actions/install/hotspot_action/lib:${LD_LIBRARY_PATH} PYTHONPATH=/home/harry/ros2_ws/src/High_Vis/actions/build/actions_py/prefix_override:/home/harry/ros2_ws/src/High_Vis/actions/install/actions_py/lib/python3.10/site-packages:/home/harry/ros2_ws/src/High_Vis/actions/install/hotspot_action/local/lib/python3.10/dist-packages:${PYTHONPATH} /usr/bin/python3 setup.py develop --editable --build-directory /home/harry/ros2_ws/src/High_Vis/actions/build/actions_py/build --no-deps install_data
