[2.998s] Invoking command in '/home/msc-robot/Documents/Team4_ros_ws/src/High_Vis/hs_rep/build/hotspot_detection': PYTHONPATH=/home/msc-robot/Documents/Team4_ros_ws/src/High_Vis/hs_rep/build/hotspot_detection/prefix_override:/home/msc-robot/Documents/Team4_ros_ws/src/High_Vis/hs_rep/install/hotspot_detection/lib/python3.10/site-packages:${PYTHONPATH} /usr/bin/python3 setup.py develop --editable --build-directory /home/msc-robot/Documents/Team4_ros_ws/src/High_Vis/hs_rep/build/hotspot_detection/build --no-deps install_data
[3.787s] running develop
[3.789s] /usr/local/lib/python3.10/dist-packages/setuptools/command/develop.py:40: EasyInstallDeprecationWarning: easy_install command is deprecated.
[3.790s] !!
[3.790s] 
[3.790s]         ********************************************************************************
[3.790s]         Please avoid running ``setup.py`` and ``easy_install``.
[3.790s]         Instead, use pypa/build, pypa/installer or other
[3.790s]         standards-based tools.
[3.790s] 
[3.791s]         See https://github.com/pypa/setuptools/issues/917 for details.
[3.791s]         ********************************************************************************
[3.791s] 
[3.791s] !!
[3.791s]   easy_install.initialize_options(self)
[3.886s] /usr/local/lib/python3.10/dist-packages/setuptools/_distutils/cmd.py:66: SetuptoolsDeprecationWarning: setup.py install is deprecated.
[3.886s] !!
[3.886s] 
[3.887s]         ********************************************************************************
[3.887s]         Please avoid running ``setup.py`` directly.
[3.887s]         Instead, use pypa/build, pypa/installer or other
[3.887s]         standards-based tools.
[3.887s] 
[3.887s]         See https://blog.ganssle.io/articles/2021/10/setup-py-deprecated.html for details.
[3.888s]         ********************************************************************************
[3.888s] 
[3.888s] !!
[3.888s]   self.initialize_options()
[4.370s] running egg_info
[4.406s] writing hotspot_detection.egg-info/PKG-INFO
[4.407s] writing dependency_links to hotspot_detection.egg-info/dependency_links.txt
[4.407s] writing entry points to hotspot_detection.egg-info/entry_points.txt
[4.408s] writing requirements to hotspot_detection.egg-info/requires.txt
[4.408s] writing top-level names to hotspot_detection.egg-info/top_level.txt
[4.455s] reading manifest file 'hotspot_detection.egg-info/SOURCES.txt'
[4.457s] writing manifest file 'hotspot_detection.egg-info/SOURCES.txt'
[4.480s] running build_ext
[4.481s] Creating /home/msc-robot/Documents/Team4_ros_ws/src/High_Vis/hs_rep/install/hotspot_detection/lib/python3.10/site-packages/hotspot-detection.egg-link (link to .)
[4.482s] Installing hs_node script to /home/msc-robot/Documents/Team4_ros_ws/src/High_Vis/hs_rep/install/hotspot_detection/lib/hotspot_detection
[4.483s] 
[4.484s] Installed /home/msc-robot/Documents/Team4_ros_ws/src/High_Vis/hs_rep/build/hotspot_detection
[4.484s] running install_data
[4.484s] copying resource/hotspot_detection -> /home/msc-robot/Documents/Team4_ros_ws/src/High_Vis/hs_rep/install/hotspot_detection/share/ament_index/resource_index/packages
[4.484s] copying package.xml -> /home/msc-robot/Documents/Team4_ros_ws/src/High_Vis/hs_rep/install/hotspot_detection/share/hotspot_detection
[4.534s] Invoked command in '/home/msc-robot/Documents/Team4_ros_ws/src/High_Vis/hs_rep/build/hotspot_detection' returned '0': PYTHONPATH=/home/msc-robot/Documents/Team4_ros_ws/src/High_Vis/hs_rep/build/hotspot_detection/prefix_override:/home/msc-robot/Documents/Team4_ros_ws/src/High_Vis/hs_rep/install/hotspot_detection/lib/python3.10/site-packages:${PYTHONPATH} /usr/bin/python3 setup.py develop --editable --build-directory /home/msc-robot/Documents/Team4_ros_ws/src/High_Vis/hs_rep/build/hotspot_detection/build --no-deps install_data
