running develop
Removing /home/harry/ros2_ws/src/High_Vis/actions/install/actions_py/lib/python3.10/site-packages/actions-py.egg-link (link to .)
running egg_info
writing ../../build/actions_py/actions_py.egg-info/PKG-INFO
writing dependency_links to ../../build/actions_py/actions_py.egg-info/dependency_links.txt
writing entry points to ../../build/actions_py/actions_py.egg-info/entry_points.txt
writing requirements to ../../build/actions_py/actions_py.egg-info/requires.txt
writing top-level names to ../../build/actions_py/actions_py.egg-info/top_level.txt
reading manifest file '../../build/actions_py/actions_py.egg-info/SOURCES.txt'
writing manifest file '../../build/actions_py/actions_py.egg-info/SOURCES.txt'
running build
running build_py
creating /home/harry/ros2_ws/src/High_Vis/actions/build/actions_py/build
creating /home/harry/ros2_ws/src/High_Vis/actions/build/actions_py/build/lib
creating /home/harry/ros2_ws/src/High_Vis/actions/build/actions_py/build/lib/actions_py
copying actions_py/hotspot_detection.py -> /home/harry/ros2_ws/src/High_Vis/actions/build/actions_py/build/lib/actions_py
copying actions_py/hs_detection_client.py -> /home/harry/ros2_ws/src/High_Vis/actions/build/actions_py/build/lib/actions_py
copying actions_py/__init__.py -> /home/harry/ros2_ws/src/High_Vis/actions/build/actions_py/build/lib/actions_py
running install
running install_lib
creating /home/harry/ros2_ws/src/High_Vis/actions/install/actions_py/lib/python3.10/site-packages/actions_py
copying /home/harry/ros2_ws/src/High_Vis/actions/build/actions_py/build/lib/actions_py/hotspot_detection.py -> /home/harry/ros2_ws/src/High_Vis/actions/install/actions_py/lib/python3.10/site-packages/actions_py
copying /home/harry/ros2_ws/src/High_Vis/actions/build/actions_py/build/lib/actions_py/hs_detection_client.py -> /home/harry/ros2_ws/src/High_Vis/actions/install/actions_py/lib/python3.10/site-packages/actions_py
copying /home/harry/ros2_ws/src/High_Vis/actions/build/actions_py/build/lib/actions_py/__init__.py -> /home/harry/ros2_ws/src/High_Vis/actions/install/actions_py/lib/python3.10/site-packages/actions_py
byte-compiling /home/harry/ros2_ws/src/High_Vis/actions/install/actions_py/lib/python3.10/site-packages/actions_py/hotspot_detection.py to hotspot_detection.cpython-310.pyc
byte-compiling /home/harry/ros2_ws/src/High_Vis/actions/install/actions_py/lib/python3.10/site-packages/actions_py/hs_detection_client.py to hs_detection_client.cpython-310.pyc
byte-compiling /home/harry/ros2_ws/src/High_Vis/actions/install/actions_py/lib/python3.10/site-packages/actions_py/__init__.py to __init__.cpython-310.pyc
running install_data
running install_egg_info
Copying ../../build/actions_py/actions_py.egg-info to /home/harry/ros2_ws/src/High_Vis/actions/install/actions_py/lib/python3.10/site-packages/actions_py-0.0.0-py3.10.egg-info
running install_scripts
Installing hotspot_detection script to /home/harry/ros2_ws/src/High_Vis/actions/install/actions_py/lib/actions_py
Installing hs_detection_client script to /home/harry/ros2_ws/src/High_Vis/actions/install/actions_py/lib/actions_py
writing list of installed files to '/home/harry/ros2_ws/src/High_Vis/actions/build/actions_py/install.log'
