[1.543s] Invoking command in '/home/harry/ros2_ws/src/High_Vis/actions/build/actions_py': PYTHONPATH=/home/harry/ros2_ws/src/High_Vis/actions/build/actions_py/prefix_override:/home/harry/ros2_ws/src/High_Vis/actions/install/actions_py/lib/python3.10/site-packages:${PYTHONPATH} /usr/bin/python3 setup.py develop --uninstall --editable --build-directory /home/harry/ros2_ws/src/High_Vis/actions/build/actions_py/build
[1.922s] running develop
[2.217s] Removing /home/harry/ros2_ws/src/High_Vis/actions/install/actions_py/lib/python3.10/site-packages/actions-py.egg-link (link to .)
[2.279s] Invoked command in '/home/harry/ros2_ws/src/High_Vis/actions/build/actions_py' returned '0': PYTHONPATH=/home/harry/ros2_ws/src/High_Vis/actions/build/actions_py/prefix_override:/home/harry/ros2_ws/src/High_Vis/actions/install/actions_py/lib/python3.10/site-packages:${PYTHONPATH} /usr/bin/python3 setup.py develop --uninstall --editable --build-directory /home/harry/ros2_ws/src/High_Vis/actions/build/actions_py/build
[2.285s] Invoking command in '/home/harry/ros2_ws/src/High_Vis/actions/src/actions_py': PYTHONPATH=/home/harry/ros2_ws/src/High_Vis/actions/build/actions_py/prefix_override:/home/harry/ros2_ws/src/High_Vis/actions/install/actions_py/lib/python3.10/site-packages:${PYTHONPATH} /usr/bin/python3 setup.py egg_info --egg-base ../../build/actions_py build --build-base /home/harry/ros2_ws/src/High_Vis/actions/build/actions_py/build install --record /home/harry/ros2_ws/src/High_Vis/actions/build/actions_py/install.log --single-version-externally-managed
[2.620s] running egg_info
[2.621s] writing ../../build/actions_py/actions_py.egg-info/PKG-INFO
[2.621s] writing dependency_links to ../../build/actions_py/actions_py.egg-info/dependency_links.txt
[2.622s] writing entry points to ../../build/actions_py/actions_py.egg-info/entry_points.txt
[2.622s] writing requirements to ../../build/actions_py/actions_py.egg-info/requires.txt
[2.622s] writing top-level names to ../../build/actions_py/actions_py.egg-info/top_level.txt
[2.625s] reading manifest file '../../build/actions_py/actions_py.egg-info/SOURCES.txt'
[2.626s] writing manifest file '../../build/actions_py/actions_py.egg-info/SOURCES.txt'
[2.626s] running build
[2.626s] running build_py
[2.626s] creating /home/harry/ros2_ws/src/High_Vis/actions/build/actions_py/build
[2.627s] creating /home/harry/ros2_ws/src/High_Vis/actions/build/actions_py/build/lib
[2.627s] creating /home/harry/ros2_ws/src/High_Vis/actions/build/actions_py/build/lib/actions_py
[2.627s] copying actions_py/hotspot_detection.py -> /home/harry/ros2_ws/src/High_Vis/actions/build/actions_py/build/lib/actions_py
[2.628s] copying actions_py/hs_detection_client.py -> /home/harry/ros2_ws/src/High_Vis/actions/build/actions_py/build/lib/actions_py
[2.628s] copying actions_py/__init__.py -> /home/harry/ros2_ws/src/High_Vis/actions/build/actions_py/build/lib/actions_py
[2.628s] running install
[2.629s] running install_lib
[2.629s] creating /home/harry/ros2_ws/src/High_Vis/actions/install/actions_py/lib/python3.10/site-packages/actions_py
[2.630s] copying /home/harry/ros2_ws/src/High_Vis/actions/build/actions_py/build/lib/actions_py/hotspot_detection.py -> /home/harry/ros2_ws/src/High_Vis/actions/install/actions_py/lib/python3.10/site-packages/actions_py
[2.630s] copying /home/harry/ros2_ws/src/High_Vis/actions/build/actions_py/build/lib/actions_py/hs_detection_client.py -> /home/harry/ros2_ws/src/High_Vis/actions/install/actions_py/lib/python3.10/site-packages/actions_py
[2.630s] copying /home/harry/ros2_ws/src/High_Vis/actions/build/actions_py/build/lib/actions_py/__init__.py -> /home/harry/ros2_ws/src/High_Vis/actions/install/actions_py/lib/python3.10/site-packages/actions_py
[2.631s] byte-compiling /home/harry/ros2_ws/src/High_Vis/actions/install/actions_py/lib/python3.10/site-packages/actions_py/hotspot_detection.py to hotspot_detection.cpython-310.pyc
[2.633s] byte-compiling /home/harry/ros2_ws/src/High_Vis/actions/install/actions_py/lib/python3.10/site-packages/actions_py/hs_detection_client.py to hs_detection_client.cpython-310.pyc
[2.634s] byte-compiling /home/harry/ros2_ws/src/High_Vis/actions/install/actions_py/lib/python3.10/site-packages/actions_py/__init__.py to __init__.cpython-310.pyc
[2.634s] running install_data
[2.635s] running install_egg_info
[2.637s] Copying ../../build/actions_py/actions_py.egg-info to /home/harry/ros2_ws/src/High_Vis/actions/install/actions_py/lib/python3.10/site-packages/actions_py-0.0.0-py3.10.egg-info
[2.639s] running install_scripts
[2.659s] Installing hotspot_detection script to /home/harry/ros2_ws/src/High_Vis/actions/install/actions_py/lib/actions_py
[2.659s] Installing hs_detection_client script to /home/harry/ros2_ws/src/High_Vis/actions/install/actions_py/lib/actions_py
[2.659s] writing list of installed files to '/home/harry/ros2_ws/src/High_Vis/actions/build/actions_py/install.log'
[2.687s] Invoked command in '/home/harry/ros2_ws/src/High_Vis/actions/src/actions_py' returned '0': PYTHONPATH=/home/harry/ros2_ws/src/High_Vis/actions/build/actions_py/prefix_override:/home/harry/ros2_ws/src/High_Vis/actions/install/actions_py/lib/python3.10/site-packages:${PYTHONPATH} /usr/bin/python3 setup.py egg_info --egg-base ../../build/actions_py build --build-base /home/harry/ros2_ws/src/High_Vis/actions/build/actions_py/build install --record /home/harry/ros2_ws/src/High_Vis/actions/build/actions_py/install.log --single-version-externally-managed
