running develop
running egg_info
creating src/camera_calibration.egg-info
writing src/camera_calibration.egg-info/PKG-INFO
writing dependency_links to src/camera_calibration.egg-info/dependency_links.txt
writing entry points to src/camera_calibration.egg-info/entry_points.txt
writing requirements to src/camera_calibration.egg-info/requires.txt
writing top-level names to src/camera_calibration.egg-info/top_level.txt
writing manifest file 'src/camera_calibration.egg-info/SOURCES.txt'
reading manifest file 'src/camera_calibration.egg-info/SOURCES.txt'
writing manifest file 'src/camera_calibration.egg-info/SOURCES.txt'
running build_ext
Creating /home/msc-robot/Documents/Team4_ros_ws/src/High_Vis/Thermal_Images/install/camera_calibration/lib/python3.10/site-packages/camera-calibration.egg-link (link to src)
Installing cameracalibrator script to /home/msc-robot/Documents/Team4_ros_ws/src/High_Vis/Thermal_Images/install/camera_calibration/lib/camera_calibration
Installing cameracheck script to /home/msc-robot/Documents/Team4_ros_ws/src/High_Vis/Thermal_Images/install/camera_calibration/lib/camera_calibration

Installed /home/msc-robot/Documents/Team4_ros_ws/src/High_Vis/Thermal_Images/build/camera_calibration/src
running install_data
creating /home/msc-robot/Documents/Team4_ros_ws/src/High_Vis/Thermal_Images/install/camera_calibration/share/ament_index
creating /home/msc-robot/Documents/Team4_ros_ws/src/High_Vis/Thermal_Images/install/camera_calibration/share/ament_index/resource_index
creating /home/msc-robot/Documents/Team4_ros_ws/src/High_Vis/Thermal_Images/install/camera_calibration/share/ament_index/resource_index/packages
copying resource/camera_calibration -> /home/msc-robot/Documents/Team4_ros_ws/src/High_Vis/Thermal_Images/install/camera_calibration/share/ament_index/resource_index/packages
copying package.xml -> /home/msc-robot/Documents/Team4_ros_ws/src/High_Vis/Thermal_Images/install/camera_calibration/share/camera_calibration
