[2.248s] Invoking command in '/home/msc-robot/Documents/Team4_ros_ws/src/High_Vis/Thermal_Images/build/camera_calibration': PYTHONPATH=/home/msc-robot/Documents/Team4_ros_ws/src/High_Vis/Thermal_Images/build/camera_calibration/prefix_override:/home/msc-robot/Documents/Team4_ros_ws/src/High_Vis/Thermal_Images/install/camera_calibration/lib/python3.10/site-packages:${PYTHONPATH} /usr/bin/python3 setup.py develop --editable --build-directory /home/msc-robot/Documents/Team4_ros_ws/src/High_Vis/Thermal_Images/build/camera_calibration/build --no-deps install_data
[2.968s] running develop
[2.970s] /usr/lib/python3/dist-packages/setuptools/command/easy_install.py:158: EasyInstallDeprecationWarning: easy_install command is deprecated. Use build and pip and other standards-based tools.
[2.970s]   warnings.warn(
[2.976s] /usr/lib/python3/dist-packages/setuptools/command/install.py:34: SetuptoolsDeprecationWarning: setup.py install is deprecated. Use build and pip and other standards-based tools.
[2.976s]   warnings.warn(
[3.446s] running egg_info
[3.446s] creating src/camera_calibration.egg-info
[3.446s] writing src/camera_calibration.egg-info/PKG-INFO
[3.448s] writing dependency_links to src/camera_calibration.egg-info/dependency_links.txt
[3.448s] writing entry points to src/camera_calibration.egg-info/entry_points.txt
[3.448s] writing requirements to src/camera_calibration.egg-info/requires.txt
[3.448s] writing top-level names to src/camera_calibration.egg-info/top_level.txt
[3.448s] writing manifest file 'src/camera_calibration.egg-info/SOURCES.txt'
[3.451s] reading manifest file 'src/camera_calibration.egg-info/SOURCES.txt'
[3.452s] writing manifest file 'src/camera_calibration.egg-info/SOURCES.txt'
[3.455s] running build_ext
[3.456s] Creating /home/msc-robot/Documents/Team4_ros_ws/src/High_Vis/Thermal_Images/install/camera_calibration/lib/python3.10/site-packages/camera-calibration.egg-link (link to src)
[3.458s] Installing cameracalibrator script to /home/msc-robot/Documents/Team4_ros_ws/src/High_Vis/Thermal_Images/install/camera_calibration/lib/camera_calibration
[3.458s] Installing cameracheck script to /home/msc-robot/Documents/Team4_ros_ws/src/High_Vis/Thermal_Images/install/camera_calibration/lib/camera_calibration
[3.458s] 
[3.458s] Installed /home/msc-robot/Documents/Team4_ros_ws/src/High_Vis/Thermal_Images/build/camera_calibration/src
[3.459s] running install_data
[3.459s] creating /home/msc-robot/Documents/Team4_ros_ws/src/High_Vis/Thermal_Images/install/camera_calibration/share/ament_index
[3.459s] creating /home/msc-robot/Documents/Team4_ros_ws/src/High_Vis/Thermal_Images/install/camera_calibration/share/ament_index/resource_index
[3.459s] creating /home/msc-robot/Documents/Team4_ros_ws/src/High_Vis/Thermal_Images/install/camera_calibration/share/ament_index/resource_index/packages
[3.459s] copying resource/camera_calibration -> /home/msc-robot/Documents/Team4_ros_ws/src/High_Vis/Thermal_Images/install/camera_calibration/share/ament_index/resource_index/packages
[3.460s] copying package.xml -> /home/msc-robot/Documents/Team4_ros_ws/src/High_Vis/Thermal_Images/install/camera_calibration/share/camera_calibration
[3.522s] Invoked command in '/home/msc-robot/Documents/Team4_ros_ws/src/High_Vis/Thermal_Images/build/camera_calibration' returned '0': PYTHONPATH=/home/msc-robot/Documents/Team4_ros_ws/src/High_Vis/Thermal_Images/build/camera_calibration/prefix_override:/home/msc-robot/Documents/Team4_ros_ws/src/High_Vis/Thermal_Images/install/camera_calibration/lib/python3.10/site-packages:${PYTHONPATH} /usr/bin/python3 setup.py develop --editable --build-directory /home/msc-robot/Documents/Team4_ros_ws/src/High_Vis/Thermal_Images/build/camera_calibration/build --no-deps install_data
