[2.816s] Invoking command in '/home/msc-robot/Documents/Team4_ros_ws/src/High_Vis/hs_rep/build/cam_topic': PYTHONPATH=/home/msc-robot/Documents/Team4_ros_ws/src/High_Vis/hs_rep/build/cam_topic/prefix_override:/home/msc-robot/Documents/Team4_ros_ws/src/High_Vis/hs_rep/install/cam_topic/lib/python3.10/site-packages:${PYTHONPATH} /usr/bin/python3 setup.py develop --editable --build-directory /home/msc-robot/Documents/Team4_ros_ws/src/High_Vis/hs_rep/build/cam_topic/build --no-deps install_data
[3.619s] running develop
[3.620s] /usr/local/lib/python3.10/dist-packages/setuptools/command/develop.py:40: EasyInstallDeprecationWarning: easy_install command is deprecated.
[3.620s] !!
[3.620s] 
[3.621s]         ********************************************************************************
[3.621s]         Please avoid running ``setup.py`` and ``easy_install``.
[3.621s]         Instead, use pypa/build, pypa/installer or other
[3.621s]         standards-based tools.
[3.622s] 
[3.622s]         See https://github.com/pypa/setuptools/issues/917 for details.
[3.622s]         ********************************************************************************
[3.622s] 
[3.623s] !!
[3.623s]   easy_install.initialize_options(self)
[3.709s] /usr/local/lib/python3.10/dist-packages/setuptools/_distutils/cmd.py:66: SetuptoolsDeprecationWarning: setup.py install is deprecated.
[3.709s] !!
[3.709s] 
[3.710s]         ********************************************************************************
[3.710s]         Please avoid running ``setup.py`` directly.
[3.710s]         Instead, use pypa/build, pypa/installer or other
[3.710s]         standards-based tools.
[3.710s] 
[3.710s]         See https://blog.ganssle.io/articles/2021/10/setup-py-deprecated.html for details.
[3.710s]         ********************************************************************************
[3.710s] 
[3.711s] !!
[3.711s]   self.initialize_options()
[4.205s] running egg_info
[4.245s] writing cam_topic.egg-info/PKG-INFO
[4.246s] writing dependency_links to cam_topic.egg-info/dependency_links.txt
[4.246s] writing entry points to cam_topic.egg-info/entry_points.txt
[4.246s] writing requirements to cam_topic.egg-info/requires.txt
[4.247s] writing top-level names to cam_topic.egg-info/top_level.txt
[4.336s] reading manifest file 'cam_topic.egg-info/SOURCES.txt'
[4.337s] writing manifest file 'cam_topic.egg-info/SOURCES.txt'
[4.380s] running build_ext
[4.380s] Creating /home/msc-robot/Documents/Team4_ros_ws/src/High_Vis/hs_rep/install/cam_topic/lib/python3.10/site-packages/cam-topic.egg-link (link to .)
[4.382s] Installing cam_top_pub script to /home/msc-robot/Documents/Team4_ros_ws/src/High_Vis/hs_rep/install/cam_topic/lib/cam_topic
[4.382s] Installing cam_top_sub script to /home/msc-robot/Documents/Team4_ros_ws/src/High_Vis/hs_rep/install/cam_topic/lib/cam_topic
[4.383s] 
[4.383s] Installed /home/msc-robot/Documents/Team4_ros_ws/src/High_Vis/hs_rep/build/cam_topic
[4.383s] running install_data
[4.383s] copying resource/cam_topic -> /home/msc-robot/Documents/Team4_ros_ws/src/High_Vis/hs_rep/install/cam_topic/share/ament_index/resource_index/packages
[4.384s] copying package.xml -> /home/msc-robot/Documents/Team4_ros_ws/src/High_Vis/hs_rep/install/cam_topic/share/cam_topic
[4.449s] Invoked command in '/home/msc-robot/Documents/Team4_ros_ws/src/High_Vis/hs_rep/build/cam_topic' returned '0': PYTHONPATH=/home/msc-robot/Documents/Team4_ros_ws/src/High_Vis/hs_rep/build/cam_topic/prefix_override:/home/msc-robot/Documents/Team4_ros_ws/src/High_Vis/hs_rep/install/cam_topic/lib/python3.10/site-packages:${PYTHONPATH} /usr/bin/python3 setup.py develop --editable --build-directory /home/msc-robot/Documents/Team4_ros_ws/src/High_Vis/hs_rep/build/cam_topic/build --no-deps install_data
