[0.087s] Invoking command in '/home/harry/ros2_ws/src/High_Vis/actions/build/hotspot_action': CMAKE_PREFIX_PATH=${CMAKE_PREFIX_PATH}:/home/harry/ros2_ws/src/High_Vis/actions/install/actions_py:/opt/ros/humble /usr/bin/cmake --build /home/harry/ros2_ws/src/High_Vis/actions/build/hotspot_action -- -j8 -l8
[0.211s] -- Found ament_cmake: 1.3.6 (/opt/ros/humble/share/ament_cmake/cmake)
[0.384s] -- Override CMake install command with custom implementation using symlinks instead of copying resources
[0.412s] -- Found rosidl_default_generators: 1.2.0 (/opt/ros/humble/share/rosidl_default_generators/cmake)
[0.417s] -- Using all available rosidl_typesupport_c: rosidl_typesupport_fastrtps_c;rosidl_typesupport_introspection_c
[0.423s] -- Found rosidl_adapter: 3.1.5 (/opt/ros/humble/share/rosidl_adapter/cmake)
[0.620s] -- Using all available rosidl_typesupport_cpp: rosidl_typesupport_fastrtps_cpp;rosidl_typesupport_introspection_cpp
[1.081s] -- Found ament_cmake_ros: 0.10.0 (/opt/ros/humble/share/ament_cmake_ros/cmake)
[1.273s] -- Using all available rosidl_typesupport_c: rosidl_typesupport_fastrtps_c;rosidl_typesupport_introspection_c
[1.503s] -- Using all available rosidl_typesupport_cpp: rosidl_typesupport_fastrtps_cpp;rosidl_typesupport_introspection_cpp
[1.525s] -- Found python_cmake_module: 0.10.0 (/opt/ros/humble/share/python_cmake_module/cmake)
[1.547s] -- Using PYTHON_EXECUTABLE: /usr/bin/python3
[1.547s] -- Using PYTHON_INCLUDE_DIRS: /usr/include/python3.10
[1.547s] -- Using PYTHON_LIBRARIES: /usr/lib/x86_64-linux-gnu/libpython3.10.so
[1.582s] -- Configuring done
[1.720s] -- Generating done
[1.736s] -- Build files have been written to: /home/harry/ros2_ws/src/High_Vis/actions/build/hotspot_action
[1.774s] [  2%] [34m[1mGenerating C code for ROS interfaces[0m
[1.783s] [  4%] [34m[1mGenerating C++ code for ROS interfaces[0m
[1.794s] [  4%] Built target ament_cmake_python_symlink_hotspot_action
[2.091s] running egg_info
[2.092s] writing hotspot_action.egg-info/PKG-INFO
[2.092s] writing dependency_links to hotspot_action.egg-info/dependency_links.txt
[2.093s] writing top-level names to hotspot_action.egg-info/top_level.txt
[2.100s] reading manifest file 'hotspot_action.egg-info/SOURCES.txt'
[2.100s] writing manifest file 'hotspot_action.egg-info/SOURCES.txt'
[2.128s] [  4%] Built target ament_cmake_python_build_hotspot_action_egg
[3.040s] [  4%] Built target hotspot_action__cpp
[3.056s] [  6%] [34m[1mGenerating C++ type support for eProsima Fast-RTPS[0m
[3.058s] [  8%] [34m[1mGenerating C++ type support dispatch for ROS interfaces[0m
[3.060s] [35m[1mConsolidate compiler generated dependencies of target hotspot_action__rosidl_generator_c[0m
[3.077s] [ 10%] [34m[1mGenerating C++ introspection for ROS interfaces[0m
[3.090s] [ 12%] [32mBuilding C object CMakeFiles/hotspot_action__rosidl_generator_c.dir/rosidl_generator_c/hotspot_action/action/detail/hotspot__functions.c.o[0m
[3.097s] [ 14%] [32mBuilding C object CMakeFiles/hotspot_action__rosidl_generator_c.dir/rosidl_generator_c/hotspot_action/action/detail/nav__functions.c.o[0m
[3.116s] [ 17%] [32mBuilding C object CMakeFiles/hotspot_action__rosidl_generator_c.dir/rosidl_generator_c/hotspot_action/action/detail/pan_and_tilt__functions.c.o[0m
[3.734s] [ 19%] [32m[1mLinking C shared library libhotspot_action__rosidl_generator_c.so[0m
[3.969s] [ 19%] Built target hotspot_action__rosidl_generator_c
[3.984s] [ 21%] [34m[1mGenerating C type support dispatch for ROS interfaces[0m
[3.998s] [ 23%] [34m[1mGenerating C type support for eProsima Fast-RTPS[0m
[4.072s] [ 25%] [34m[1mGenerating C introspection for ROS interfaces[0m
[4.147s] [35m[1mConsolidate compiler generated dependencies of target hotspot_action__rosidl_typesupport_cpp[0m
[4.175s] [ 27%] [32mBuilding CXX object CMakeFiles/hotspot_action__rosidl_typesupport_cpp.dir/rosidl_typesupport_cpp/hotspot_action/action/hotspot__type_support.cpp.o[0m
[4.201s] [ 29%] [32mBuilding CXX object CMakeFiles/hotspot_action__rosidl_typesupport_cpp.dir/rosidl_typesupport_cpp/hotspot_action/action/nav__type_support.cpp.o[0m
[4.210s] [ 31%] [32mBuilding CXX object CMakeFiles/hotspot_action__rosidl_typesupport_cpp.dir/rosidl_typesupport_cpp/hotspot_action/action/pan_and_tilt__type_support.cpp.o[0m
[4.794s] [35m[1mConsolidate compiler generated dependencies of target hotspot_action__rosidl_typesupport_introspection_cpp[0m
[4.865s] [ 34%] [32mBuilding CXX object CMakeFiles/hotspot_action__rosidl_typesupport_introspection_cpp.dir/rosidl_typesupport_introspection_cpp/hotspot_action/action/detail/hotspot__type_support.cpp.o[0m
[4.956s] [35m[1mConsolidate compiler generated dependencies of target hotspot_action__rosidl_typesupport_fastrtps_cpp[0m
[5.059s] [ 36%] [32mBuilding CXX object CMakeFiles/hotspot_action__rosidl_typesupport_fastrtps_cpp.dir/rosidl_typesupport_fastrtps_cpp/hotspot_action/action/detail/dds_fastrtps/hotspot__type_support.cpp.o[0m
[5.277s] [35m[1mConsolidate compiler generated dependencies of target hotspot_action__rosidl_typesupport_c[0m
[5.435s] [ 38%] [32mBuilding CXX object CMakeFiles/hotspot_action__rosidl_typesupport_c.dir/rosidl_typesupport_c/hotspot_action/action/hotspot__type_support.cpp.o[0m
[7.484s] [35m[1mConsolidate compiler generated dependencies of target hotspot_action__rosidl_typesupport_fastrtps_c[0m
[8.012s] [ 40%] [32mBuilding CXX object CMakeFiles/hotspot_action__rosidl_typesupport_fastrtps_c.dir/rosidl_typesupport_fastrtps_c/hotspot_action/action/detail/hotspot__type_support_c.cpp.o[0m
[8.097s] [ 42%] [32mBuilding CXX object CMakeFiles/hotspot_action__rosidl_typesupport_c.dir/rosidl_typesupport_c/hotspot_action/action/nav__type_support.cpp.o[0m
[8.184s] [35m[1mConsolidate compiler generated dependencies of target hotspot_action__rosidl_typesupport_introspection_c[0m
[8.384s] [ 44%] [32mBuilding C object CMakeFiles/hotspot_action__rosidl_typesupport_introspection_c.dir/rosidl_typesupport_introspection_c/hotspot_action/action/detail/hotspot__type_support.c.o[0m
[9.406s] [ 46%] [32mBuilding CXX object CMakeFiles/hotspot_action__rosidl_typesupport_c.dir/rosidl_typesupport_c/hotspot_action/action/pan_and_tilt__type_support.cpp.o[0m
[9.467s] [ 48%] [32mBuilding C object CMakeFiles/hotspot_action__rosidl_typesupport_introspection_c.dir/rosidl_typesupport_introspection_c/hotspot_action/action/detail/nav__type_support.c.o[0m
[9.762s] [ 51%] [32mBuilding CXX object CMakeFiles/hotspot_action__rosidl_typesupport_fastrtps_cpp.dir/rosidl_typesupport_fastrtps_cpp/hotspot_action/action/detail/dds_fastrtps/nav__type_support.cpp.o[0m
[9.895s] [ 53%] [32m[1mLinking CXX shared library libhotspot_action__rosidl_typesupport_c.so[0m
[9.913s] [ 55%] [32mBuilding CXX object CMakeFiles/hotspot_action__rosidl_typesupport_fastrtps_cpp.dir/rosidl_typesupport_fastrtps_cpp/hotspot_action/action/detail/dds_fastrtps/pan_and_tilt__type_support.cpp.o[0m
[9.926s] [ 57%] [32mBuilding C object CMakeFiles/hotspot_action__rosidl_typesupport_introspection_c.dir/rosidl_typesupport_introspection_c/hotspot_action/action/detail/pan_and_tilt__type_support.c.o[0m
[10.173s] [ 59%] [32m[1mLinking CXX shared library libhotspot_action__rosidl_typesupport_cpp.so[0m
[10.182s] [ 61%] [32m[1mLinking C shared library libhotspot_action__rosidl_typesupport_introspection_c.so[0m
[10.440s] [ 61%] Built target hotspot_action__rosidl_typesupport_c
[10.490s] [ 63%] [32mBuilding CXX object CMakeFiles/hotspot_action__rosidl_typesupport_fastrtps_c.dir/rosidl_typesupport_fastrtps_c/hotspot_action/action/detail/nav__type_support_c.cpp.o[0m
[10.492s] [ 63%] Built target hotspot_action__rosidl_typesupport_introspection_c
[10.503s] [ 63%] Built target hotspot_action__rosidl_typesupport_cpp
[10.560s] [ 65%] [32mBuilding CXX object CMakeFiles/hotspot_action__rosidl_typesupport_fastrtps_c.dir/rosidl_typesupport_fastrtps_c/hotspot_action/action/detail/pan_and_tilt__type_support_c.cpp.o[0m
[10.579s] [ 68%] [32mBuilding CXX object CMakeFiles/hotspot_action__rosidl_typesupport_introspection_cpp.dir/rosidl_typesupport_introspection_cpp/hotspot_action/action/detail/nav__type_support.cpp.o[0m
[10.951s] [ 70%] [32mBuilding CXX object CMakeFiles/hotspot_action__rosidl_typesupport_introspection_cpp.dir/rosidl_typesupport_introspection_cpp/hotspot_action/action/detail/pan_and_tilt__type_support.cpp.o[0m
[13.323s] [ 72%] [32m[1mLinking CXX shared library libhotspot_action__rosidl_typesupport_fastrtps_c.so[0m
[13.356s] [ 74%] [32m[1mLinking CXX shared library libhotspot_action__rosidl_typesupport_fastrtps_cpp.so[0m
[13.806s] [ 74%] Built target hotspot_action__rosidl_typesupport_fastrtps_c
[13.818s] [ 74%] Built target hotspot_action__rosidl_typesupport_fastrtps_cpp
[14.082s] [ 76%] [32m[1mLinking CXX shared library libhotspot_action__rosidl_typesupport_introspection_cpp.so[0m
[14.275s] [ 76%] Built target hotspot_action__rosidl_typesupport_introspection_cpp
[14.303s] [ 76%] Built target hotspot_action
[14.323s] [ 78%] [34m[1mGenerating Python code for ROS interfaces[0m
[16.882s] [ 78%] Built target hotspot_action__py
[16.891s] [35m[1mConsolidate compiler generated dependencies of target hotspot_action__rosidl_generator_py[0m
[16.905s] [ 80%] [32mBuilding C object CMakeFiles/hotspot_action__rosidl_generator_py.dir/rosidl_generator_py/hotspot_action/action/_nav_s.c.o[0m
[16.905s] [ 82%] [32mBuilding C object CMakeFiles/hotspot_action__rosidl_generator_py.dir/rosidl_generator_py/hotspot_action/action/_hotspot_s.c.o[0m
[16.908s] [ 85%] [32mBuilding C object CMakeFiles/hotspot_action__rosidl_generator_py.dir/rosidl_generator_py/hotspot_action/action/_pan_and_tilt_s.c.o[0m
[17.141s] [ 87%] [32m[1mLinking C shared library rosidl_generator_py/hotspot_action/libhotspot_action__rosidl_generator_py.so[0m
[17.265s] [ 87%] Built target hotspot_action__rosidl_generator_py
[17.278s] [35m[1mConsolidate compiler generated dependencies of target hotspot_action__rosidl_typesupport_introspection_c__pyext[0m
[17.279s] [35m[1mConsolidate compiler generated dependencies of target hotspot_action__rosidl_typesupport_c__pyext[0m
[17.279s] [35m[1mConsolidate compiler generated dependencies of target hotspot_action__rosidl_typesupport_fastrtps_c__pyext[0m
[17.294s] [ 89%] [32mBuilding C object CMakeFiles/hotspot_action__rosidl_typesupport_introspection_c__pyext.dir/rosidl_generator_py/hotspot_action/_hotspot_action_s.ep.rosidl_typesupport_introspection_c.c.o[0m
[17.295s] [ 91%] [32mBuilding C object CMakeFiles/hotspot_action__rosidl_typesupport_fastrtps_c__pyext.dir/rosidl_generator_py/hotspot_action/_hotspot_action_s.ep.rosidl_typesupport_fastrtps_c.c.o[0m
[17.296s] [ 93%] [32mBuilding C object CMakeFiles/hotspot_action__rosidl_typesupport_c__pyext.dir/rosidl_generator_py/hotspot_action/_hotspot_action_s.ep.rosidl_typesupport_c.c.o[0m
[17.535s] [ 95%] [32m[1mLinking C shared library rosidl_generator_py/hotspot_action/hotspot_action_s__rosidl_typesupport_introspection_c.cpython-310-x86_64-linux-gnu.so[0m
[17.543s] [ 97%] [32m[1mLinking C shared library rosidl_generator_py/hotspot_action/hotspot_action_s__rosidl_typesupport_c.cpython-310-x86_64-linux-gnu.so[0m
[17.547s] [100%] [32m[1mLinking C shared library rosidl_generator_py/hotspot_action/hotspot_action_s__rosidl_typesupport_fastrtps_c.cpython-310-x86_64-linux-gnu.so[0m
[17.645s] [100%] Built target hotspot_action__rosidl_typesupport_fastrtps_c__pyext
[17.645s] [100%] Built target hotspot_action__rosidl_typesupport_c__pyext
[17.646s] [100%] Built target hotspot_action__rosidl_typesupport_introspection_c__pyext
[17.664s] Invoked command in '/home/harry/ros2_ws/src/High_Vis/actions/build/hotspot_action' returned '0': CMAKE_PREFIX_PATH=${CMAKE_PREFIX_PATH}:/home/harry/ros2_ws/src/High_Vis/actions/install/actions_py:/opt/ros/humble /usr/bin/cmake --build /home/harry/ros2_ws/src/High_Vis/actions/build/hotspot_action -- -j8 -l8
[17.818s] Invoking command in '/home/harry/ros2_ws/src/High_Vis/actions/build/hotspot_action': CMAKE_PREFIX_PATH=${CMAKE_PREFIX_PATH}:/home/harry/ros2_ws/src/High_Vis/actions/install/actions_py:/opt/ros/humble /usr/bin/cmake --install /home/harry/ros2_ws/src/High_Vis/actions/build/hotspot_action
[17.826s] -- Install configuration: ""
[17.828s] -- Execute custom install script
[17.828s] -- Up-to-date symlink: /home/harry/ros2_ws/src/High_Vis/actions/install/hotspot_action/share/ament_index/resource_index/rosidl_interfaces/hotspot_action
[17.830s] -- Up-to-date symlink: /home/harry/ros2_ws/src/High_Vis/actions/install/hotspot_action/include/hotspot_action/hotspot_action/action/detail/hotspot__functions.h
[17.830s] -- Up-to-date symlink: /home/harry/ros2_ws/src/High_Vis/actions/install/hotspot_action/include/hotspot_action/hotspot_action/action/detail/hotspot__struct.h
[17.830s] -- Up-to-date symlink: /home/harry/ros2_ws/src/High_Vis/actions/install/hotspot_action/include/hotspot_action/hotspot_action/action/detail/hotspot__type_support.h
[17.830s] -- Up-to-date symlink: /home/harry/ros2_ws/src/High_Vis/actions/install/hotspot_action/include/hotspot_action/hotspot_action/action/detail/nav__functions.h
[17.831s] -- Up-to-date symlink: /home/harry/ros2_ws/src/High_Vis/actions/install/hotspot_action/include/hotspot_action/hotspot_action/action/detail/nav__struct.h
[17.831s] -- Up-to-date symlink: /home/harry/ros2_ws/src/High_Vis/actions/install/hotspot_action/include/hotspot_action/hotspot_action/action/detail/nav__type_support.h
[17.831s] -- Up-to-date symlink: /home/harry/ros2_ws/src/High_Vis/actions/install/hotspot_action/include/hotspot_action/hotspot_action/action/detail/pan_and_tilt__functions.h
[17.832s] -- Up-to-date symlink: /home/harry/ros2_ws/src/High_Vis/actions/install/hotspot_action/include/hotspot_action/hotspot_action/action/detail/pan_and_tilt__struct.h
[17.832s] -- Up-to-date symlink: /home/harry/ros2_ws/src/High_Vis/actions/install/hotspot_action/include/hotspot_action/hotspot_action/action/detail/pan_and_tilt__type_support.h
[17.833s] -- Up-to-date symlink: /home/harry/ros2_ws/src/High_Vis/actions/install/hotspot_action/include/hotspot_action/hotspot_action/action/hotspot.h
[17.833s] -- Up-to-date symlink: /home/harry/ros2_ws/src/High_Vis/actions/install/hotspot_action/include/hotspot_action/hotspot_action/action/nav.h
[17.833s] -- Up-to-date symlink: /home/harry/ros2_ws/src/High_Vis/actions/install/hotspot_action/include/hotspot_action/hotspot_action/action/pan_and_tilt.h
[17.833s] -- Up-to-date symlink: /home/harry/ros2_ws/src/High_Vis/actions/install/hotspot_action/include/hotspot_action/hotspot_action/msg/rosidl_generator_c__visibility_control.h
[17.834s] -- Up-to-date symlink: /home/harry/ros2_ws/src/High_Vis/actions/install/hotspot_action/share/hotspot_action/environment/library_path.sh
[17.834s] -- Up-to-date symlink: /home/harry/ros2_ws/src/High_Vis/actions/install/hotspot_action/share/hotspot_action/environment/library_path.dsv
[17.834s] -- Up-to-date symlink: /home/harry/ros2_ws/src/High_Vis/actions/install/hotspot_action/include/hotspot_action/hotspot_action/action/detail/hotspot__rosidl_typesupport_fastrtps_c.h
[17.834s] -- Up-to-date symlink: /home/harry/ros2_ws/src/High_Vis/actions/install/hotspot_action/include/hotspot_action/hotspot_action/action/detail/nav__rosidl_typesupport_fastrtps_c.h
[17.835s] -- Up-to-date symlink: /home/harry/ros2_ws/src/High_Vis/actions/install/hotspot_action/include/hotspot_action/hotspot_action/action/detail/pan_and_tilt__rosidl_typesupport_fastrtps_c.h
[17.835s] -- Up-to-date symlink: /home/harry/ros2_ws/src/High_Vis/actions/install/hotspot_action/include/hotspot_action/hotspot_action/msg/rosidl_typesupport_fastrtps_c__visibility_control.h
[17.835s] -- Up-to-date symlink: /home/harry/ros2_ws/src/High_Vis/actions/install/hotspot_action/include/hotspot_action/hotspot_action/action/detail/hotspot__rosidl_typesupport_introspection_c.h
[17.836s] -- Up-to-date symlink: /home/harry/ros2_ws/src/High_Vis/actions/install/hotspot_action/include/hotspot_action/hotspot_action/action/detail/nav__rosidl_typesupport_introspection_c.h
[17.836s] -- Up-to-date symlink: /home/harry/ros2_ws/src/High_Vis/actions/install/hotspot_action/include/hotspot_action/hotspot_action/action/detail/pan_and_tilt__rosidl_typesupport_introspection_c.h
[17.836s] -- Up-to-date symlink: /home/harry/ros2_ws/src/High_Vis/actions/install/hotspot_action/include/hotspot_action/hotspot_action/msg/rosidl_typesupport_introspection_c__visibility_control.h
[17.836s] -- Up-to-date symlink: /home/harry/ros2_ws/src/High_Vis/actions/install/hotspot_action/include/hotspot_action/hotspot_action/action/detail/hotspot__builder.hpp
[17.837s] -- Up-to-date symlink: /home/harry/ros2_ws/src/High_Vis/actions/install/hotspot_action/include/hotspot_action/hotspot_action/action/detail/hotspot__struct.hpp
[17.837s] -- Up-to-date symlink: /home/harry/ros2_ws/src/High_Vis/actions/install/hotspot_action/include/hotspot_action/hotspot_action/action/detail/hotspot__traits.hpp
[17.837s] -- Up-to-date symlink: /home/harry/ros2_ws/src/High_Vis/actions/install/hotspot_action/include/hotspot_action/hotspot_action/action/detail/nav__builder.hpp
[17.837s] -- Up-to-date symlink: /home/harry/ros2_ws/src/High_Vis/actions/install/hotspot_action/include/hotspot_action/hotspot_action/action/detail/nav__struct.hpp
[17.838s] -- Up-to-date symlink: /home/harry/ros2_ws/src/High_Vis/actions/install/hotspot_action/include/hotspot_action/hotspot_action/action/detail/nav__traits.hpp
[17.838s] -- Up-to-date symlink: /home/harry/ros2_ws/src/High_Vis/actions/install/hotspot_action/include/hotspot_action/hotspot_action/action/detail/pan_and_tilt__builder.hpp
[17.838s] -- Up-to-date symlink: /home/harry/ros2_ws/src/High_Vis/actions/install/hotspot_action/include/hotspot_action/hotspot_action/action/detail/pan_and_tilt__struct.hpp
[17.838s] -- Up-to-date symlink: /home/harry/ros2_ws/src/High_Vis/actions/install/hotspot_action/include/hotspot_action/hotspot_action/action/detail/pan_and_tilt__traits.hpp
[17.838s] -- Up-to-date symlink: /home/harry/ros2_ws/src/High_Vis/actions/install/hotspot_action/include/hotspot_action/hotspot_action/action/hotspot.hpp
[17.839s] -- Up-to-date symlink: /home/harry/ros2_ws/src/High_Vis/actions/install/hotspot_action/include/hotspot_action/hotspot_action/action/nav.hpp
[17.839s] -- Up-to-date symlink: /home/harry/ros2_ws/src/High_Vis/actions/install/hotspot_action/include/hotspot_action/hotspot_action/action/pan_and_tilt.hpp
[17.839s] -- Up-to-date symlink: /home/harry/ros2_ws/src/High_Vis/actions/install/hotspot_action/include/hotspot_action/hotspot_action/action/detail/hotspot__rosidl_typesupport_fastrtps_cpp.hpp
[17.840s] -- Up-to-date symlink: /home/harry/ros2_ws/src/High_Vis/actions/install/hotspot_action/include/hotspot_action/hotspot_action/action/detail/nav__rosidl_typesupport_fastrtps_cpp.hpp
[17.840s] -- Up-to-date symlink: /home/harry/ros2_ws/src/High_Vis/actions/install/hotspot_action/include/hotspot_action/hotspot_action/action/detail/pan_and_tilt__rosidl_typesupport_fastrtps_cpp.hpp
[17.841s] -- Up-to-date symlink: /home/harry/ros2_ws/src/High_Vis/actions/install/hotspot_action/include/hotspot_action/hotspot_action/msg/rosidl_typesupport_fastrtps_cpp__visibility_control.h
[17.841s] -- Up-to-date symlink: /home/harry/ros2_ws/src/High_Vis/actions/install/hotspot_action/include/hotspot_action/hotspot_action/action/detail/hotspot__rosidl_typesupport_introspection_cpp.hpp
[17.841s] -- Up-to-date symlink: /home/harry/ros2_ws/src/High_Vis/actions/install/hotspot_action/include/hotspot_action/hotspot_action/action/detail/nav__rosidl_typesupport_introspection_cpp.hpp
[17.841s] -- Up-to-date symlink: /home/harry/ros2_ws/src/High_Vis/actions/install/hotspot_action/include/hotspot_action/hotspot_action/action/detail/pan_and_tilt__rosidl_typesupport_introspection_cpp.hpp
[17.842s] -- Up-to-date symlink: /home/harry/ros2_ws/src/High_Vis/actions/install/hotspot_action/share/hotspot_action/environment/pythonpath.sh
[17.842s] -- Up-to-date symlink: /home/harry/ros2_ws/src/High_Vis/actions/install/hotspot_action/share/hotspot_action/environment/pythonpath.dsv
[17.842s] -- Up-to-date symlink: /home/harry/ros2_ws/src/High_Vis/actions/install/hotspot_action/local/lib/python3.10/dist-packages/hotspot_action-0.0.0-py3.10.egg-info/PKG-INFO
[17.842s] -- Up-to-date symlink: /home/harry/ros2_ws/src/High_Vis/actions/install/hotspot_action/local/lib/python3.10/dist-packages/hotspot_action-0.0.0-py3.10.egg-info/SOURCES.txt
[17.843s] -- Up-to-date symlink: /home/harry/ros2_ws/src/High_Vis/actions/install/hotspot_action/local/lib/python3.10/dist-packages/hotspot_action-0.0.0-py3.10.egg-info/dependency_links.txt
[17.843s] -- Up-to-date symlink: /home/harry/ros2_ws/src/High_Vis/actions/install/hotspot_action/local/lib/python3.10/dist-packages/hotspot_action-0.0.0-py3.10.egg-info/top_level.txt
[17.843s] -- Up-to-date symlink: /home/harry/ros2_ws/src/High_Vis/actions/install/hotspot_action/local/lib/python3.10/dist-packages/hotspot_action/__init__.py
[17.843s] -- Up-to-date symlink: /home/harry/ros2_ws/src/High_Vis/actions/install/hotspot_action/local/lib/python3.10/dist-packages/hotspot_action/_hotspot_action_s.ep.rosidl_typesupport_c.c
[17.844s] -- Up-to-date symlink: /home/harry/ros2_ws/src/High_Vis/actions/install/hotspot_action/local/lib/python3.10/dist-packages/hotspot_action/_hotspot_action_s.ep.rosidl_typesupport_fastrtps_c.c
[17.844s] -- Up-to-date symlink: /home/harry/ros2_ws/src/High_Vis/actions/install/hotspot_action/local/lib/python3.10/dist-packages/hotspot_action/_hotspot_action_s.ep.rosidl_typesupport_introspection_c.c
[17.844s] -- Up-to-date symlink: /home/harry/ros2_ws/src/High_Vis/actions/install/hotspot_action/local/lib/python3.10/dist-packages/hotspot_action/action/__init__.py
[17.844s] -- Up-to-date symlink: /home/harry/ros2_ws/src/High_Vis/actions/install/hotspot_action/local/lib/python3.10/dist-packages/hotspot_action/action/_hotspot.py
[17.844s] -- Up-to-date symlink: /home/harry/ros2_ws/src/High_Vis/actions/install/hotspot_action/local/lib/python3.10/dist-packages/hotspot_action/action/_hotspot_s.c
[17.845s] -- Up-to-date symlink: /home/harry/ros2_ws/src/High_Vis/actions/install/hotspot_action/local/lib/python3.10/dist-packages/hotspot_action/action/_nav.py
[17.845s] -- Up-to-date symlink: /home/harry/ros2_ws/src/High_Vis/actions/install/hotspot_action/local/lib/python3.10/dist-packages/hotspot_action/action/_nav_s.c
[17.845s] -- Up-to-date symlink: /home/harry/ros2_ws/src/High_Vis/actions/install/hotspot_action/local/lib/python3.10/dist-packages/hotspot_action/action/_pan_and_tilt.py
[17.845s] -- Up-to-date symlink: /home/harry/ros2_ws/src/High_Vis/actions/install/hotspot_action/local/lib/python3.10/dist-packages/hotspot_action/action/_pan_and_tilt_s.c
[17.846s] -- Up-to-date symlink: /home/harry/ros2_ws/src/High_Vis/actions/install/hotspot_action/local/lib/python3.10/dist-packages/hotspot_action/hotspot_action_s__rosidl_typesupport_c.cpython-310-x86_64-linux-gnu.so
[17.846s] -- Up-to-date symlink: /home/harry/ros2_ws/src/High_Vis/actions/install/hotspot_action/local/lib/python3.10/dist-packages/hotspot_action/hotspot_action_s__rosidl_typesupport_fastrtps_c.cpython-310-x86_64-linux-gnu.so
[17.846s] -- Up-to-date symlink: /home/harry/ros2_ws/src/High_Vis/actions/install/hotspot_action/local/lib/python3.10/dist-packages/hotspot_action/hotspot_action_s__rosidl_typesupport_introspection_c.cpython-310-x86_64-linux-gnu.so
[17.846s] -- Up-to-date symlink: /home/harry/ros2_ws/src/High_Vis/actions/install/hotspot_action/local/lib/python3.10/dist-packages/hotspot_action/libhotspot_action__rosidl_generator_py.so
[17.846s] -- Up-to-date symlink: /home/harry/ros2_ws/src/High_Vis/actions/install/hotspot_action/local/lib/python3.10/dist-packages/hotspot_action/hotspot_action_s__rosidl_typesupport_fastrtps_c.cpython-310-x86_64-linux-gnu.so
[17.846s] -- Up-to-date symlink: /home/harry/ros2_ws/src/High_Vis/actions/install/hotspot_action/local/lib/python3.10/dist-packages/hotspot_action/hotspot_action_s__rosidl_typesupport_introspection_c.cpython-310-x86_64-linux-gnu.so
[17.846s] -- Up-to-date symlink: /home/harry/ros2_ws/src/High_Vis/actions/install/hotspot_action/local/lib/python3.10/dist-packages/hotspot_action/hotspot_action_s__rosidl_typesupport_c.cpython-310-x86_64-linux-gnu.so
[17.846s] -- Up-to-date symlink: /home/harry/ros2_ws/src/High_Vis/actions/install/hotspot_action/share/hotspot_action/action/Hotspot.idl
[17.846s] -- Up-to-date symlink: /home/harry/ros2_ws/src/High_Vis/actions/install/hotspot_action/share/hotspot_action/action/Nav.idl
[17.846s] -- Up-to-date symlink: /home/harry/ros2_ws/src/High_Vis/actions/install/hotspot_action/share/hotspot_action/action/PanAndTilt.idl
[17.847s] -- Up-to-date symlink: /home/harry/ros2_ws/src/High_Vis/actions/install/hotspot_action/share/hotspot_action/action/Hotspot.action
[17.847s] -- Up-to-date symlink: /home/harry/ros2_ws/src/High_Vis/actions/install/hotspot_action/share/hotspot_action/action/Nav.action
[17.847s] -- Up-to-date symlink: /home/harry/ros2_ws/src/High_Vis/actions/install/hotspot_action/share/hotspot_action/action/PanAndTilt.action
[17.847s] -- Up-to-date symlink: /home/harry/ros2_ws/src/High_Vis/actions/install/hotspot_action/share/ament_index/resource_index/package_run_dependencies/hotspot_action
[17.847s] -- Up-to-date symlink: /home/harry/ros2_ws/src/High_Vis/actions/install/hotspot_action/share/ament_index/resource_index/parent_prefix_path/hotspot_action
[17.847s] -- Up-to-date symlink: /home/harry/ros2_ws/src/High_Vis/actions/install/hotspot_action/share/hotspot_action/environment/ament_prefix_path.sh
[17.847s] -- Up-to-date symlink: /home/harry/ros2_ws/src/High_Vis/actions/install/hotspot_action/share/hotspot_action/environment/ament_prefix_path.dsv
[17.847s] -- Up-to-date symlink: /home/harry/ros2_ws/src/High_Vis/actions/install/hotspot_action/share/hotspot_action/environment/path.sh
[17.847s] -- Up-to-date symlink: /home/harry/ros2_ws/src/High_Vis/actions/install/hotspot_action/share/hotspot_action/environment/path.dsv
[17.847s] -- Up-to-date symlink: /home/harry/ros2_ws/src/High_Vis/actions/install/hotspot_action/share/hotspot_action/local_setup.bash
[17.847s] -- Up-to-date symlink: /home/harry/ros2_ws/src/High_Vis/actions/install/hotspot_action/share/hotspot_action/local_setup.sh
[17.847s] -- Up-to-date symlink: /home/harry/ros2_ws/src/High_Vis/actions/install/hotspot_action/share/hotspot_action/local_setup.zsh
[17.847s] -- Up-to-date symlink: /home/harry/ros2_ws/src/High_Vis/actions/install/hotspot_action/share/hotspot_action/local_setup.dsv
[17.847s] -- Symlinking: /home/harry/ros2_ws/src/High_Vis/actions/install/hotspot_action/share/hotspot_action/package.dsv
[17.857s] -- Up-to-date symlink: /home/harry/ros2_ws/src/High_Vis/actions/install/hotspot_action/share/ament_index/resource_index/packages/hotspot_action
[17.857s] -- Up-to-date symlink: /home/harry/ros2_ws/src/High_Vis/actions/install/hotspot_action/share/hotspot_action/cmake/rosidl_cmake-extras.cmake
[17.858s] -- Up-to-date symlink: /home/harry/ros2_ws/src/High_Vis/actions/install/hotspot_action/share/hotspot_action/cmake/ament_cmake_export_dependencies-extras.cmake
[17.858s] -- Up-to-date symlink: /home/harry/ros2_ws/src/High_Vis/actions/install/hotspot_action/share/hotspot_action/cmake/ament_cmake_export_include_directories-extras.cmake
[17.858s] -- Up-to-date symlink: /home/harry/ros2_ws/src/High_Vis/actions/install/hotspot_action/share/hotspot_action/cmake/ament_cmake_export_libraries-extras.cmake
[17.858s] -- Up-to-date symlink: /home/harry/ros2_ws/src/High_Vis/actions/install/hotspot_action/share/hotspot_action/cmake/ament_cmake_export_targets-extras.cmake
[17.859s] -- Up-to-date symlink: /home/harry/ros2_ws/src/High_Vis/actions/install/hotspot_action/share/hotspot_action/cmake/rosidl_cmake_export_typesupport_targets-extras.cmake
[17.859s] -- Up-to-date symlink: /home/harry/ros2_ws/src/High_Vis/actions/install/hotspot_action/share/hotspot_action/cmake/rosidl_cmake_export_typesupport_libraries-extras.cmake
[17.859s] -- Up-to-date symlink: /home/harry/ros2_ws/src/High_Vis/actions/install/hotspot_action/share/hotspot_action/cmake/hotspot_actionConfig.cmake
[17.860s] -- Up-to-date symlink: /home/harry/ros2_ws/src/High_Vis/actions/install/hotspot_action/share/hotspot_action/cmake/hotspot_actionConfig-version.cmake
[17.860s] -- Up-to-date symlink: /home/harry/ros2_ws/src/High_Vis/actions/install/hotspot_action/share/hotspot_action/package.xml
[17.861s] -- Installing: /home/harry/ros2_ws/src/High_Vis/actions/install/hotspot_action/lib/libhotspot_action__rosidl_generator_c.so
[17.862s] -- Set runtime path of "/home/harry/ros2_ws/src/High_Vis/actions/install/hotspot_action/lib/libhotspot_action__rosidl_generator_c.so" to ""
[17.863s] -- Installing: /home/harry/ros2_ws/src/High_Vis/actions/install/hotspot_action/lib/libhotspot_action__rosidl_typesupport_fastrtps_c.so
[17.863s] -- Set runtime path of "/home/harry/ros2_ws/src/High_Vis/actions/install/hotspot_action/lib/libhotspot_action__rosidl_typesupport_fastrtps_c.so" to ""
[17.864s] -- Installing: /home/harry/ros2_ws/src/High_Vis/actions/install/hotspot_action/lib/libhotspot_action__rosidl_typesupport_introspection_c.so
[17.864s] -- Set runtime path of "/home/harry/ros2_ws/src/High_Vis/actions/install/hotspot_action/lib/libhotspot_action__rosidl_typesupport_introspection_c.so" to ""
[17.865s] -- Installing: /home/harry/ros2_ws/src/High_Vis/actions/install/hotspot_action/lib/libhotspot_action__rosidl_typesupport_c.so
[17.865s] -- Set runtime path of "/home/harry/ros2_ws/src/High_Vis/actions/install/hotspot_action/lib/libhotspot_action__rosidl_typesupport_c.so" to ""
[17.865s] -- Installing: /home/harry/ros2_ws/src/High_Vis/actions/install/hotspot_action/lib/libhotspot_action__rosidl_typesupport_fastrtps_cpp.so
[17.868s] -- Set runtime path of "/home/harry/ros2_ws/src/High_Vis/actions/install/hotspot_action/lib/libhotspot_action__rosidl_typesupport_fastrtps_cpp.so" to ""
[17.869s] -- Installing: /home/harry/ros2_ws/src/High_Vis/actions/install/hotspot_action/lib/libhotspot_action__rosidl_typesupport_introspection_cpp.so
[17.871s] -- Set runtime path of "/home/harry/ros2_ws/src/High_Vis/actions/install/hotspot_action/lib/libhotspot_action__rosidl_typesupport_introspection_cpp.so" to ""
[17.871s] -- Installing: /home/harry/ros2_ws/src/High_Vis/actions/install/hotspot_action/lib/libhotspot_action__rosidl_typesupport_cpp.so
[17.872s] -- Set runtime path of "/home/harry/ros2_ws/src/High_Vis/actions/install/hotspot_action/lib/libhotspot_action__rosidl_typesupport_cpp.so" to ""
[17.928s] Listing '/home/harry/ros2_ws/src/High_Vis/actions/install/hotspot_action/local/lib/python3.10/dist-packages/hotspot_action'...
[17.928s] Compiling '/home/harry/ros2_ws/src/High_Vis/actions/install/hotspot_action/local/lib/python3.10/dist-packages/hotspot_action/__init__.py'...
[17.928s] Listing '/home/harry/ros2_ws/src/High_Vis/actions/install/hotspot_action/local/lib/python3.10/dist-packages/hotspot_action/action'...
[17.928s] Compiling '/home/harry/ros2_ws/src/High_Vis/actions/install/hotspot_action/local/lib/python3.10/dist-packages/hotspot_action/action/__init__.py'...
[17.928s] Compiling '/home/harry/ros2_ws/src/High_Vis/actions/install/hotspot_action/local/lib/python3.10/dist-packages/hotspot_action/action/_hotspot.py'...
[17.929s] Compiling '/home/harry/ros2_ws/src/High_Vis/actions/install/hotspot_action/local/lib/python3.10/dist-packages/hotspot_action/action/_nav.py'...
[17.929s] Compiling '/home/harry/ros2_ws/src/High_Vis/actions/install/hotspot_action/local/lib/python3.10/dist-packages/hotspot_action/action/_pan_and_tilt.py'...
[17.934s] -- Installing: /home/harry/ros2_ws/src/High_Vis/actions/install/hotspot_action/lib/libhotspot_action__rosidl_generator_py.so
[17.935s] -- Set runtime path of "/home/harry/ros2_ws/src/High_Vis/actions/install/hotspot_action/lib/libhotspot_action__rosidl_generator_py.so" to ""
[17.935s] -- Up-to-date: /home/harry/ros2_ws/src/High_Vis/actions/install/hotspot_action/share/hotspot_action/cmake/export_hotspot_action__rosidl_generator_cExport.cmake
[17.935s] -- Up-to-date: /home/harry/ros2_ws/src/High_Vis/actions/install/hotspot_action/share/hotspot_action/cmake/export_hotspot_action__rosidl_generator_cExport-noconfig.cmake
[17.935s] -- Up-to-date: /home/harry/ros2_ws/src/High_Vis/actions/install/hotspot_action/share/hotspot_action/cmake/export_hotspot_action__rosidl_typesupport_fastrtps_cExport.cmake
[17.936s] -- Up-to-date: /home/harry/ros2_ws/src/High_Vis/actions/install/hotspot_action/share/hotspot_action/cmake/export_hotspot_action__rosidl_typesupport_fastrtps_cExport-noconfig.cmake
[17.936s] -- Up-to-date: /home/harry/ros2_ws/src/High_Vis/actions/install/hotspot_action/share/hotspot_action/cmake/hotspot_action__rosidl_typesupport_introspection_cExport.cmake
[17.937s] -- Up-to-date: /home/harry/ros2_ws/src/High_Vis/actions/install/hotspot_action/share/hotspot_action/cmake/hotspot_action__rosidl_typesupport_introspection_cExport-noconfig.cmake
[17.937s] -- Up-to-date: /home/harry/ros2_ws/src/High_Vis/actions/install/hotspot_action/share/hotspot_action/cmake/hotspot_action__rosidl_typesupport_cExport.cmake
[17.937s] -- Up-to-date: /home/harry/ros2_ws/src/High_Vis/actions/install/hotspot_action/share/hotspot_action/cmake/hotspot_action__rosidl_typesupport_cExport-noconfig.cmake
[17.937s] -- Up-to-date: /home/harry/ros2_ws/src/High_Vis/actions/install/hotspot_action/share/hotspot_action/cmake/export_hotspot_action__rosidl_generator_cppExport.cmake
[17.938s] -- Up-to-date: /home/harry/ros2_ws/src/High_Vis/actions/install/hotspot_action/share/hotspot_action/cmake/export_hotspot_action__rosidl_typesupport_fastrtps_cppExport.cmake
[17.938s] -- Up-to-date: /home/harry/ros2_ws/src/High_Vis/actions/install/hotspot_action/share/hotspot_action/cmake/export_hotspot_action__rosidl_typesupport_fastrtps_cppExport-noconfig.cmake
[17.938s] -- Up-to-date: /home/harry/ros2_ws/src/High_Vis/actions/install/hotspot_action/share/hotspot_action/cmake/hotspot_action__rosidl_typesupport_introspection_cppExport.cmake
[17.939s] -- Up-to-date: /home/harry/ros2_ws/src/High_Vis/actions/install/hotspot_action/share/hotspot_action/cmake/hotspot_action__rosidl_typesupport_introspection_cppExport-noconfig.cmake
[17.939s] -- Up-to-date: /home/harry/ros2_ws/src/High_Vis/actions/install/hotspot_action/share/hotspot_action/cmake/hotspot_action__rosidl_typesupport_cppExport.cmake
[17.939s] -- Up-to-date: /home/harry/ros2_ws/src/High_Vis/actions/install/hotspot_action/share/hotspot_action/cmake/hotspot_action__rosidl_typesupport_cppExport-noconfig.cmake
[17.939s] -- Up-to-date: /home/harry/ros2_ws/src/High_Vis/actions/install/hotspot_action/share/hotspot_action/cmake/export_hotspot_action__rosidl_generator_pyExport.cmake
[17.939s] -- Up-to-date: /home/harry/ros2_ws/src/High_Vis/actions/install/hotspot_action/share/hotspot_action/cmake/export_hotspot_action__rosidl_generator_pyExport-noconfig.cmake
[17.942s] Invoked command in '/home/harry/ros2_ws/src/High_Vis/actions/build/hotspot_action' returned '0': CMAKE_PREFIX_PATH=${CMAKE_PREFIX_PATH}:/home/harry/ros2_ws/src/High_Vis/actions/install/actions_py:/opt/ros/humble /usr/bin/cmake --install /home/harry/ros2_ws/src/High_Vis/actions/build/hotspot_action
