[0.063s] Invoking command in '/home/harry/ros2_ws/src/High_Vis/actions/build/hotspot_action': CMAKE_PREFIX_PATH=${CMAKE_PREFIX_PATH}:/home/harry/ros2_ws/src/High_Vis/actions/install/actions_py:/opt/ros/humble /usr/bin/cmake --build /home/harry/ros2_ws/src/High_Vis/actions/build/hotspot_action -- -j8 -l8
[0.078s] [33mCMake Warning (dev) at CMakeLists.txt:13:
[0.078s]   Syntax Warning in cmake code at column 26
[0.078s] 
[0.078s]   Argument not separated from preceding token by whitespace.
[0.078s] This warning is for project developers.  Use -Wno-dev to suppress it.
[0.079s] [0m
[0.083s] -- Found ament_cmake: 1.3.6 (/opt/ros/humble/share/ament_cmake/cmake)
[0.214s] -- Override CMake install command with custom implementation using symlinks instead of copying resources
[0.220s] -- Found rosidl_default_generators: 1.2.0 (/opt/ros/humble/share/rosidl_default_generators/cmake)
[0.222s] -- Using all available rosidl_typesupport_c: rosidl_typesupport_fastrtps_c;rosidl_typesupport_introspection_c
[0.225s] -- Found rosidl_adapter: 3.1.5 (/opt/ros/humble/share/rosidl_adapter/cmake)
[0.390s] -- Using all available rosidl_typesupport_cpp: rosidl_typesupport_fastrtps_cpp;rosidl_typesupport_introspection_cpp
[0.419s] [31mCMake Error at /opt/ros/humble/share/rosidl_cmake/cmake/rosidl_generate_interfaces.cmake:93 (message):
[0.419s]   rosidl_generate_interfaces() the passed file ',' doesn't exist relative to
[0.419s]   the CMAKE_CURRENT_SOURCE_DIR
[0.419s]   '/home/harry/ros2_ws/src/High_Vis/actions/src/hotspot_action'
[0.419s] Call Stack (most recent call first):
[0.420s]   CMakeLists.txt:12 (rosidl_generate_interfaces)
[0.420s] 
[0.420s] [0m
[0.420s] -- Configuring incomplete, errors occurred!
[0.420s] See also "/home/harry/ros2_ws/src/High_Vis/actions/build/hotspot_action/CMakeFiles/CMakeOutput.log".
[0.423s] gmake: *** [Makefile:747: cmake_check_build_system] Error 1
[0.426s] Invoked command in '/home/harry/ros2_ws/src/High_Vis/actions/build/hotspot_action' returned '2': CMAKE_PREFIX_PATH=${CMAKE_PREFIX_PATH}:/home/harry/ros2_ws/src/High_Vis/actions/install/actions_py:/opt/ros/humble /usr/bin/cmake --build /home/harry/ros2_ws/src/High_Vis/actions/build/hotspot_action -- -j8 -l8
